[2023-09-18T13:03:48.254+0000] {taskinstance.py:1157} INFO - Dependencies all met for dep_context=non-requeueable deps ti=<TaskInstance: 5.1-orchestration.task3 scheduled__2023-09-16T00:00:00+00:00 [queued]>
[2023-09-18T13:03:48.276+0000] {taskinstance.py:1157} INFO - Dependencies all met for dep_context=requeueable deps ti=<TaskInstance: 5.1-orchestration.task3 scheduled__2023-09-16T00:00:00+00:00 [queued]>
[2023-09-18T13:03:48.277+0000] {taskinstance.py:1359} INFO - Starting attempt 1 of 1
[2023-09-18T13:03:48.296+0000] {taskinstance.py:1380} INFO - Executing <Task(BashOperator): task3> on 2023-09-16 00:00:00+00:00
[2023-09-18T13:03:48.303+0000] {standard_task_runner.py:57} INFO - Started process 3219 to run task
[2023-09-18T13:03:48.307+0000] {standard_task_runner.py:84} INFO - Running: ['***', 'tasks', 'run', '5.1-orchestration', 'task3', 'scheduled__2023-09-16T00:00:00+00:00', '--job-id', '101', '--raw', '--subdir', 'DAGS_FOLDER/5.1-orchestration.py', '--cfg-path', '/tmp/tmp3x3ahuoi']
[2023-09-18T13:03:48.308+0000] {standard_task_runner.py:85} INFO - Job 101: Subtask task3
[2023-09-18T13:03:48.379+0000] {task_command.py:415} INFO - Running <TaskInstance: 5.1-orchestration.task3 scheduled__2023-09-16T00:00:00+00:00 [running]> on host e891a57bf0af
[2023-09-18T13:03:48.487+0000] {taskinstance.py:1660} INFO - Exporting env vars: AIRFLOW_CTX_DAG_OWNER='***' AIRFLOW_CTX_DAG_ID='5.1-orchestration' AIRFLOW_CTX_TASK_ID='task3' AIRFLOW_CTX_EXECUTION_DATE='2023-09-16T00:00:00+00:00' AIRFLOW_CTX_TRY_NUMBER='1' AIRFLOW_CTX_DAG_RUN_ID='scheduled__2023-09-16T00:00:00+00:00'
[2023-09-18T13:03:48.489+0000] {subprocess.py:63} INFO - Tmp dir root location: /tmp
[2023-09-18T13:03:48.490+0000] {subprocess.py:75} INFO - Running command: ['/bin/bash', '-c', "sleep 2 && echo 'Task 3'"]
[2023-09-18T13:03:48.502+0000] {subprocess.py:86} INFO - Output:
[2023-09-18T13:03:50.511+0000] {subprocess.py:93} INFO - Task 3
[2023-09-18T13:03:50.512+0000] {subprocess.py:97} INFO - Command exited with return code 0
[2023-09-18T13:03:50.545+0000] {taskinstance.py:1398} INFO - Marking task as SUCCESS. dag_id=5.1-orchestration, task_id=task3, execution_date=20230916T000000, start_date=20230918T130348, end_date=20230918T130350
[2023-09-18T13:03:50.611+0000] {local_task_job_runner.py:228} INFO - Task exited with return code 0
[2023-09-18T13:03:50.634+0000] {taskinstance.py:2776} INFO - 0 downstream tasks scheduled from follow-on schedule check
[2023-09-18T13:25:22.656+0000] {taskinstance.py:1157} INFO - Dependencies all met for dep_context=non-requeueable deps ti=<TaskInstance: 5.1-orchestration.task3 scheduled__2023-09-16T00:00:00+00:00 [queued]>
[2023-09-18T13:25:22.671+0000] {taskinstance.py:1157} INFO - Dependencies all met for dep_context=requeueable deps ti=<TaskInstance: 5.1-orchestration.task3 scheduled__2023-09-16T00:00:00+00:00 [queued]>
[2023-09-18T13:25:22.672+0000] {taskinstance.py:1359} INFO - Starting attempt 1 of 1
[2023-09-18T13:25:22.687+0000] {taskinstance.py:1380} INFO - Executing <Task(BashOperator): task3> on 2023-09-16 00:00:00+00:00
[2023-09-18T13:25:22.693+0000] {standard_task_runner.py:57} INFO - Started process 3827 to run task
[2023-09-18T13:25:22.696+0000] {standard_task_runner.py:84} INFO - Running: ['***', 'tasks', 'run', '5.1-orchestration', 'task3', 'scheduled__2023-09-16T00:00:00+00:00', '--job-id', '171', '--raw', '--subdir', 'DAGS_FOLDER/5.1-orchestration.py', '--cfg-path', '/tmp/tmpcl5fr5tg']
[2023-09-18T13:25:22.698+0000] {standard_task_runner.py:85} INFO - Job 171: Subtask task3
[2023-09-18T13:25:22.753+0000] {task_command.py:415} INFO - Running <TaskInstance: 5.1-orchestration.task3 scheduled__2023-09-16T00:00:00+00:00 [running]> on host e891a57bf0af
[2023-09-18T13:25:22.844+0000] {taskinstance.py:1660} INFO - Exporting env vars: AIRFLOW_CTX_DAG_OWNER='***' AIRFLOW_CTX_DAG_ID='5.1-orchestration' AIRFLOW_CTX_TASK_ID='task3' AIRFLOW_CTX_EXECUTION_DATE='2023-09-16T00:00:00+00:00' AIRFLOW_CTX_TRY_NUMBER='1' AIRFLOW_CTX_DAG_RUN_ID='scheduled__2023-09-16T00:00:00+00:00'
[2023-09-18T13:25:22.846+0000] {subprocess.py:63} INFO - Tmp dir root location: /tmp
[2023-09-18T13:25:22.847+0000] {subprocess.py:75} INFO - Running command: ['/bin/bash', '-c', "sleep 2 && echo 'Task 3'"]
[2023-09-18T13:25:22.859+0000] {subprocess.py:86} INFO - Output:
[2023-09-18T13:25:24.864+0000] {subprocess.py:93} INFO - Task 3
[2023-09-18T13:25:24.865+0000] {subprocess.py:97} INFO - Command exited with return code 0
[2023-09-18T13:25:24.895+0000] {taskinstance.py:1398} INFO - Marking task as SUCCESS. dag_id=5.1-orchestration, task_id=task3, execution_date=20230916T000000, start_date=20230918T132522, end_date=20230918T132524
[2023-09-18T13:25:25.002+0000] {local_task_job_runner.py:228} INFO - Task exited with return code 0
[2023-09-18T13:25:25.021+0000] {taskinstance.py:2776} INFO - 0 downstream tasks scheduled from follow-on schedule check
