[2023-09-18T13:03:20.481+0000] {taskinstance.py:1157} INFO - Dependencies all met for dep_context=non-requeueable deps ti=<TaskInstance: 5.1-orchestration.task4 scheduled__2023-09-09T00:00:00+00:00 [queued]>
[2023-09-18T13:03:20.501+0000] {taskinstance.py:1157} INFO - Dependencies all met for dep_context=requeueable deps ti=<TaskInstance: 5.1-orchestration.task4 scheduled__2023-09-09T00:00:00+00:00 [queued]>
[2023-09-18T13:03:20.501+0000] {taskinstance.py:1359} INFO - Starting attempt 1 of 1
[2023-09-18T13:03:20.527+0000] {taskinstance.py:1380} INFO - Executing <Task(BashOperator): task4> on 2023-09-09 00:00:00+00:00
[2023-09-18T13:03:20.535+0000] {standard_task_runner.py:57} INFO - Started process 3102 to run task
[2023-09-18T13:03:20.539+0000] {standard_task_runner.py:84} INFO - Running: ['***', 'tasks', 'run', '5.1-orchestration', 'task4', 'scheduled__2023-09-09T00:00:00+00:00', '--job-id', '72', '--raw', '--subdir', 'DAGS_FOLDER/5.1-orchestration.py', '--cfg-path', '/tmp/tmpqjfk25cp']
[2023-09-18T13:03:20.541+0000] {standard_task_runner.py:85} INFO - Job 72: Subtask task4
[2023-09-18T13:03:20.602+0000] {task_command.py:415} INFO - Running <TaskInstance: 5.1-orchestration.task4 scheduled__2023-09-09T00:00:00+00:00 [running]> on host e891a57bf0af
[2023-09-18T13:03:20.725+0000] {taskinstance.py:1660} INFO - Exporting env vars: AIRFLOW_CTX_DAG_OWNER='***' AIRFLOW_CTX_DAG_ID='5.1-orchestration' AIRFLOW_CTX_TASK_ID='task4' AIRFLOW_CTX_EXECUTION_DATE='2023-09-09T00:00:00+00:00' AIRFLOW_CTX_TRY_NUMBER='1' AIRFLOW_CTX_DAG_RUN_ID='scheduled__2023-09-09T00:00:00+00:00'
[2023-09-18T13:03:20.727+0000] {subprocess.py:63} INFO - Tmp dir root location: /tmp
[2023-09-18T13:03:20.729+0000] {subprocess.py:75} INFO - Running command: ['/bin/bash', '-c', "sleep 2 && echo 'Task 4'"]
[2023-09-18T13:03:20.744+0000] {subprocess.py:86} INFO - Output:
[2023-09-18T13:03:22.777+0000] {subprocess.py:93} INFO - Task 4
[2023-09-18T13:03:22.778+0000] {subprocess.py:97} INFO - Command exited with return code 0
[2023-09-18T13:03:22.870+0000] {taskinstance.py:1398} INFO - Marking task as SUCCESS. dag_id=5.1-orchestration, task_id=task4, execution_date=20230909T000000, start_date=20230918T130320, end_date=20230918T130322
[2023-09-18T13:03:22.933+0000] {local_task_job_runner.py:228} INFO - Task exited with return code 0
[2023-09-18T13:03:22.958+0000] {taskinstance.py:2776} INFO - 0 downstream tasks scheduled from follow-on schedule check
[2023-09-18T13:24:06.265+0000] {taskinstance.py:1157} INFO - Dependencies all met for dep_context=non-requeueable deps ti=<TaskInstance: 5.1-orchestration.task4 scheduled__2023-09-09T00:00:00+00:00 [queued]>
[2023-09-18T13:24:06.374+0000] {taskinstance.py:1157} INFO - Dependencies all met for dep_context=requeueable deps ti=<TaskInstance: 5.1-orchestration.task4 scheduled__2023-09-09T00:00:00+00:00 [queued]>
[2023-09-18T13:24:06.374+0000] {taskinstance.py:1359} INFO - Starting attempt 1 of 1
[2023-09-18T13:24:06.400+0000] {taskinstance.py:1380} INFO - Executing <Task(BashOperator): task4> on 2023-09-09 00:00:00+00:00
[2023-09-18T13:24:06.405+0000] {standard_task_runner.py:57} INFO - Started process 3691 to run task
[2023-09-18T13:24:06.411+0000] {standard_task_runner.py:84} INFO - Running: ['***', 'tasks', 'run', '5.1-orchestration', 'task4', 'scheduled__2023-09-09T00:00:00+00:00', '--job-id', '143', '--raw', '--subdir', 'DAGS_FOLDER/5.1-orchestration.py', '--cfg-path', '/tmp/tmpw42diowg']
[2023-09-18T13:24:06.413+0000] {standard_task_runner.py:85} INFO - Job 143: Subtask task4
[2023-09-18T13:24:06.486+0000] {task_command.py:415} INFO - Running <TaskInstance: 5.1-orchestration.task4 scheduled__2023-09-09T00:00:00+00:00 [running]> on host e891a57bf0af
[2023-09-18T13:24:06.607+0000] {taskinstance.py:1660} INFO - Exporting env vars: AIRFLOW_CTX_DAG_OWNER='***' AIRFLOW_CTX_DAG_ID='5.1-orchestration' AIRFLOW_CTX_TASK_ID='task4' AIRFLOW_CTX_EXECUTION_DATE='2023-09-09T00:00:00+00:00' AIRFLOW_CTX_TRY_NUMBER='1' AIRFLOW_CTX_DAG_RUN_ID='scheduled__2023-09-09T00:00:00+00:00'
[2023-09-18T13:24:06.610+0000] {subprocess.py:63} INFO - Tmp dir root location: /tmp
[2023-09-18T13:24:06.618+0000] {subprocess.py:75} INFO - Running command: ['/bin/bash', '-c', "sleep 2 && echo 'Task 4'"]
[2023-09-18T13:24:06.635+0000] {subprocess.py:86} INFO - Output:
[2023-09-18T13:24:08.639+0000] {subprocess.py:93} INFO - Task 4
[2023-09-18T13:24:08.640+0000] {subprocess.py:97} INFO - Command exited with return code 0
[2023-09-18T13:24:08.672+0000] {taskinstance.py:1398} INFO - Marking task as SUCCESS. dag_id=5.1-orchestration, task_id=task4, execution_date=20230909T000000, start_date=20230918T132406, end_date=20230918T132408
[2023-09-18T13:24:08.719+0000] {local_task_job_runner.py:228} INFO - Task exited with return code 0
[2023-09-18T13:24:08.745+0000] {taskinstance.py:2776} INFO - 0 downstream tasks scheduled from follow-on schedule check
