[2023-09-18T13:53:24.079+0000] {taskinstance.py:1157} INFO - Dependencies all met for dep_context=non-requeueable deps ti=<TaskInstance: 6.1-monitoring.task3 scheduled__2023-09-14T00:00:00+00:00 [queued]>
[2023-09-18T13:53:24.095+0000] {taskinstance.py:1157} INFO - Dependencies all met for dep_context=requeueable deps ti=<TaskInstance: 6.1-monitoring.task3 scheduled__2023-09-14T00:00:00+00:00 [queued]>
[2023-09-18T13:53:24.096+0000] {taskinstance.py:1359} INFO - Starting attempt 1 of 1
[2023-09-18T13:53:24.153+0000] {taskinstance.py:1380} INFO - Executing <Task(BashOperator): task3> on 2023-09-14 00:00:00+00:00
[2023-09-18T13:53:24.170+0000] {standard_task_runner.py:57} INFO - Started process 5108 to run task
[2023-09-18T13:53:24.179+0000] {standard_task_runner.py:84} INFO - Running: ['***', 'tasks', 'run', '6.1-monitoring', 'task3', 'scheduled__2023-09-14T00:00:00+00:00', '--job-id', '411', '--raw', '--subdir', 'DAGS_FOLDER/6.1-monitoring.py', '--cfg-path', '/tmp/tmpyd1irq2u']
[2023-09-18T13:53:24.180+0000] {standard_task_runner.py:85} INFO - Job 411: Subtask task3
[2023-09-18T13:53:24.247+0000] {task_command.py:415} INFO - Running <TaskInstance: 6.1-monitoring.task3 scheduled__2023-09-14T00:00:00+00:00 [running]> on host e891a57bf0af
[2023-09-18T13:53:24.383+0000] {taskinstance.py:1660} INFO - Exporting env vars: AIRFLOW_CTX_DAG_OWNER='***' AIRFLOW_CTX_DAG_ID='6.1-monitoring' AIRFLOW_CTX_TASK_ID='task3' AIRFLOW_CTX_EXECUTION_DATE='2023-09-14T00:00:00+00:00' AIRFLOW_CTX_TRY_NUMBER='1' AIRFLOW_CTX_DAG_RUN_ID='scheduled__2023-09-14T00:00:00+00:00'
[2023-09-18T13:53:24.386+0000] {subprocess.py:63} INFO - Tmp dir root location: /tmp
[2023-09-18T13:53:24.388+0000] {subprocess.py:75} INFO - Running command: ['/bin/bash', '-c', "sleep 2 && echo 'Task 3'"]
[2023-09-18T13:53:24.402+0000] {subprocess.py:86} INFO - Output:
[2023-09-18T13:53:26.407+0000] {subprocess.py:93} INFO - Task 3
[2023-09-18T13:53:26.408+0000] {subprocess.py:97} INFO - Command exited with return code 0
[2023-09-18T13:53:26.455+0000] {taskinstance.py:1398} INFO - Marking task as SUCCESS. dag_id=6.1-monitoring, task_id=task3, execution_date=20230914T000000, start_date=20230918T135324, end_date=20230918T135326
[2023-09-18T13:53:26.487+0000] {local_task_job_runner.py:228} INFO - Task exited with return code 0
[2023-09-18T13:53:26.531+0000] {taskinstance.py:2776} INFO - 1 downstream tasks scheduled from follow-on schedule check
[2023-09-18T13:55:22.813+0000] {taskinstance.py:1157} INFO - Dependencies all met for dep_context=non-requeueable deps ti=<TaskInstance: 6.1-monitoring.task3 scheduled__2023-09-14T00:00:00+00:00 [queued]>
[2023-09-18T13:55:22.855+0000] {taskinstance.py:1157} INFO - Dependencies all met for dep_context=requeueable deps ti=<TaskInstance: 6.1-monitoring.task3 scheduled__2023-09-14T00:00:00+00:00 [queued]>
[2023-09-18T13:55:22.857+0000] {taskinstance.py:1359} INFO - Starting attempt 1 of 1
[2023-09-18T13:55:22.922+0000] {taskinstance.py:1380} INFO - Executing <Task(BashOperator): task3> on 2023-09-14 00:00:00+00:00
[2023-09-18T13:55:22.931+0000] {standard_task_runner.py:57} INFO - Started process 5330 to run task
[2023-09-18T13:55:22.947+0000] {standard_task_runner.py:84} INFO - Running: ['***', 'tasks', 'run', '6.1-monitoring', 'task3', 'scheduled__2023-09-14T00:00:00+00:00', '--job-id', '464', '--raw', '--subdir', 'DAGS_FOLDER/6.1-monitoring.py', '--cfg-path', '/tmp/tmp4mzb7cjz']
[2023-09-18T13:55:22.958+0000] {standard_task_runner.py:85} INFO - Job 464: Subtask task3
[2023-09-18T13:55:23.147+0000] {task_command.py:415} INFO - Running <TaskInstance: 6.1-monitoring.task3 scheduled__2023-09-14T00:00:00+00:00 [running]> on host e891a57bf0af
[2023-09-18T13:55:23.504+0000] {taskinstance.py:1660} INFO - Exporting env vars: AIRFLOW_CTX_DAG_OWNER='***' AIRFLOW_CTX_DAG_ID='6.1-monitoring' AIRFLOW_CTX_TASK_ID='task3' AIRFLOW_CTX_EXECUTION_DATE='2023-09-14T00:00:00+00:00' AIRFLOW_CTX_TRY_NUMBER='1' AIRFLOW_CTX_DAG_RUN_ID='scheduled__2023-09-14T00:00:00+00:00'
[2023-09-18T13:55:23.520+0000] {subprocess.py:63} INFO - Tmp dir root location: /tmp
[2023-09-18T13:55:23.539+0000] {subprocess.py:75} INFO - Running command: ['/bin/bash', '-c', "sleep 2 && echo 'Task 3'"]
[2023-09-18T13:55:23.585+0000] {subprocess.py:86} INFO - Output:
[2023-09-18T13:55:25.606+0000] {subprocess.py:93} INFO - Task 3
[2023-09-18T13:55:25.607+0000] {subprocess.py:97} INFO - Command exited with return code 0
[2023-09-18T13:55:25.656+0000] {taskinstance.py:1398} INFO - Marking task as SUCCESS. dag_id=6.1-monitoring, task_id=task3, execution_date=20230914T000000, start_date=20230918T135522, end_date=20230918T135525
[2023-09-18T13:55:25.698+0000] {local_task_job_runner.py:228} INFO - Task exited with return code 0
[2023-09-18T13:55:25.744+0000] {taskinstance.py:2776} INFO - 1 downstream tasks scheduled from follow-on schedule check
