[2023-09-18T13:03:11.333+0000] {taskinstance.py:1157} INFO - Dependencies all met for dep_context=non-requeueable deps ti=<TaskInstance: 5.1-orchestration.task4 scheduled__2023-09-07T00:00:00+00:00 [queued]>
[2023-09-18T13:03:11.360+0000] {taskinstance.py:1157} INFO - Dependencies all met for dep_context=requeueable deps ti=<TaskInstance: 5.1-orchestration.task4 scheduled__2023-09-07T00:00:00+00:00 [queued]>
[2023-09-18T13:03:11.362+0000] {taskinstance.py:1359} INFO - Starting attempt 1 of 1
[2023-09-18T13:03:11.387+0000] {taskinstance.py:1380} INFO - Executing <Task(BashOperator): task4> on 2023-09-07 00:00:00+00:00
[2023-09-18T13:03:11.397+0000] {standard_task_runner.py:57} INFO - Started process 3067 to run task
[2023-09-18T13:03:11.401+0000] {standard_task_runner.py:84} INFO - Running: ['***', 'tasks', 'run', '5.1-orchestration', 'task4', 'scheduled__2023-09-07T00:00:00+00:00', '--job-id', '66', '--raw', '--subdir', 'DAGS_FOLDER/5.1-orchestration.py', '--cfg-path', '/tmp/tmpt512ie76']
[2023-09-18T13:03:11.403+0000] {standard_task_runner.py:85} INFO - Job 66: Subtask task4
[2023-09-18T13:03:11.537+0000] {task_command.py:415} INFO - Running <TaskInstance: 5.1-orchestration.task4 scheduled__2023-09-07T00:00:00+00:00 [running]> on host e891a57bf0af
[2023-09-18T13:03:11.804+0000] {taskinstance.py:1660} INFO - Exporting env vars: AIRFLOW_CTX_DAG_OWNER='***' AIRFLOW_CTX_DAG_ID='5.1-orchestration' AIRFLOW_CTX_TASK_ID='task4' AIRFLOW_CTX_EXECUTION_DATE='2023-09-07T00:00:00+00:00' AIRFLOW_CTX_TRY_NUMBER='1' AIRFLOW_CTX_DAG_RUN_ID='scheduled__2023-09-07T00:00:00+00:00'
[2023-09-18T13:03:11.859+0000] {subprocess.py:63} INFO - Tmp dir root location: /tmp
[2023-09-18T13:03:11.862+0000] {subprocess.py:75} INFO - Running command: ['/bin/bash', '-c', "sleep 2 && echo 'Task 4'"]
[2023-09-18T13:03:11.885+0000] {subprocess.py:86} INFO - Output:
[2023-09-18T13:03:13.976+0000] {subprocess.py:93} INFO - Task 4
[2023-09-18T13:03:13.979+0000] {subprocess.py:97} INFO - Command exited with return code 0
[2023-09-18T13:03:14.198+0000] {taskinstance.py:1398} INFO - Marking task as SUCCESS. dag_id=5.1-orchestration, task_id=task4, execution_date=20230907T000000, start_date=20230918T130311, end_date=20230918T130314
[2023-09-18T13:03:14.268+0000] {local_task_job_runner.py:228} INFO - Task exited with return code 0
[2023-09-18T13:03:14.292+0000] {taskinstance.py:2776} INFO - 0 downstream tasks scheduled from follow-on schedule check
[2023-09-18T13:23:44.852+0000] {taskinstance.py:1157} INFO - Dependencies all met for dep_context=non-requeueable deps ti=<TaskInstance: 5.1-orchestration.task4 scheduled__2023-09-07T00:00:00+00:00 [queued]>
[2023-09-18T13:23:44.979+0000] {taskinstance.py:1157} INFO - Dependencies all met for dep_context=requeueable deps ti=<TaskInstance: 5.1-orchestration.task4 scheduled__2023-09-07T00:00:00+00:00 [queued]>
[2023-09-18T13:23:44.980+0000] {taskinstance.py:1359} INFO - Starting attempt 1 of 1
[2023-09-18T13:23:45.002+0000] {taskinstance.py:1380} INFO - Executing <Task(BashOperator): task4> on 2023-09-07 00:00:00+00:00
[2023-09-18T13:23:45.010+0000] {standard_task_runner.py:57} INFO - Started process 3658 to run task
[2023-09-18T13:23:45.016+0000] {standard_task_runner.py:84} INFO - Running: ['***', 'tasks', 'run', '5.1-orchestration', 'task4', 'scheduled__2023-09-07T00:00:00+00:00', '--job-id', '135', '--raw', '--subdir', 'DAGS_FOLDER/5.1-orchestration.py', '--cfg-path', '/tmp/tmp71hmz4u4']
[2023-09-18T13:23:45.018+0000] {standard_task_runner.py:85} INFO - Job 135: Subtask task4
[2023-09-18T13:23:45.101+0000] {task_command.py:415} INFO - Running <TaskInstance: 5.1-orchestration.task4 scheduled__2023-09-07T00:00:00+00:00 [running]> on host e891a57bf0af
[2023-09-18T13:23:45.214+0000] {taskinstance.py:1660} INFO - Exporting env vars: AIRFLOW_CTX_DAG_OWNER='***' AIRFLOW_CTX_DAG_ID='5.1-orchestration' AIRFLOW_CTX_TASK_ID='task4' AIRFLOW_CTX_EXECUTION_DATE='2023-09-07T00:00:00+00:00' AIRFLOW_CTX_TRY_NUMBER='1' AIRFLOW_CTX_DAG_RUN_ID='scheduled__2023-09-07T00:00:00+00:00'
[2023-09-18T13:23:45.216+0000] {subprocess.py:63} INFO - Tmp dir root location: /tmp
[2023-09-18T13:23:45.218+0000] {subprocess.py:75} INFO - Running command: ['/bin/bash', '-c', "sleep 2 && echo 'Task 4'"]
[2023-09-18T13:23:45.229+0000] {subprocess.py:86} INFO - Output:
[2023-09-18T13:23:47.233+0000] {subprocess.py:93} INFO - Task 4
[2023-09-18T13:23:47.234+0000] {subprocess.py:97} INFO - Command exited with return code 0
[2023-09-18T13:23:47.274+0000] {taskinstance.py:1398} INFO - Marking task as SUCCESS. dag_id=5.1-orchestration, task_id=task4, execution_date=20230907T000000, start_date=20230918T132344, end_date=20230918T132347
[2023-09-18T13:23:47.320+0000] {local_task_job_runner.py:228} INFO - Task exited with return code 0
[2023-09-18T13:23:47.340+0000] {taskinstance.py:2776} INFO - 0 downstream tasks scheduled from follow-on schedule check
