[2023-09-19T13:01:38.186+0000] {taskinstance.py:1157} INFO - Dependencies all met for dep_context=non-requeueable deps ti=<TaskInstance: 7.3-externalTaskSensor.waiting_file scheduled__2023-09-01T00:00:00+00:00 [queued]>
[2023-09-19T13:01:38.199+0000] {taskinstance.py:1157} INFO - Dependencies all met for dep_context=requeueable deps ti=<TaskInstance: 7.3-externalTaskSensor.waiting_file scheduled__2023-09-01T00:00:00+00:00 [queued]>
[2023-09-19T13:01:38.200+0000] {taskinstance.py:1359} INFO - Starting attempt 1 of 1
[2023-09-19T13:01:38.218+0000] {taskinstance.py:1380} INFO - Executing <Task(FileSensor): waiting_file> on 2023-09-01 00:00:00+00:00
[2023-09-19T13:01:38.223+0000] {standard_task_runner.py:57} INFO - Started process 1021 to run task
[2023-09-19T13:01:38.228+0000] {standard_task_runner.py:84} INFO - Running: ['***', 'tasks', 'run', '7.3-externalTaskSensor', 'waiting_file', 'scheduled__2023-09-01T00:00:00+00:00', '--job-id', '594', '--raw', '--subdir', 'DAGS_FOLDER/7.3-ExternalTaskSensor.py', '--cfg-path', '/tmp/tmp7ww0rsnw']
[2023-09-19T13:01:38.229+0000] {standard_task_runner.py:85} INFO - Job 594: Subtask waiting_file
[2023-09-19T13:01:38.290+0000] {task_command.py:415} INFO - Running <TaskInstance: 7.3-externalTaskSensor.waiting_file scheduled__2023-09-01T00:00:00+00:00 [running]> on host e891a57bf0af
[2023-09-19T13:01:38.382+0000] {taskinstance.py:1660} INFO - Exporting env vars: AIRFLOW_CTX_DAG_OWNER='***' AIRFLOW_CTX_DAG_ID='7.3-externalTaskSensor' AIRFLOW_CTX_TASK_ID='waiting_file' AIRFLOW_CTX_EXECUTION_DATE='2023-09-01T00:00:00+00:00' AIRFLOW_CTX_TRY_NUMBER='1' AIRFLOW_CTX_DAG_RUN_ID='scheduled__2023-09-01T00:00:00+00:00'
[2023-09-19T13:01:38.406+0000] {taskinstance.py:1935} ERROR - Task failed with exception
Traceback (most recent call last):
  File "/home/airflow/.local/lib/python3.8/site-packages/airflow/sensors/base.py", line 257, in execute
    raise e
  File "/home/airflow/.local/lib/python3.8/site-packages/airflow/sensors/base.py", line 239, in execute
    poke_return = self.poke(context)
  File "/home/airflow/.local/lib/python3.8/site-packages/airflow/sensors/filesystem.py", line 61, in poke
    hook = FSHook(self.fs_conn_id)
  File "/home/airflow/.local/lib/python3.8/site-packages/airflow/hooks/filesystem.py", line 38, in __init__
    conn = self.get_connection(conn_id)
  File "/home/airflow/.local/lib/python3.8/site-packages/airflow/hooks/base.py", line 72, in get_connection
    conn = Connection.get_connection_from_secrets(conn_id)
  File "/home/airflow/.local/lib/python3.8/site-packages/airflow/models/connection.py", line 477, in get_connection_from_secrets
    raise AirflowNotFoundException(f"The conn_id `{conn_id}` isn't defined")
airflow.exceptions.AirflowNotFoundException: The conn_id `fs_default` isn't defined
[2023-09-19T13:01:38.413+0000] {taskinstance.py:1398} INFO - Marking task as FAILED. dag_id=7.3-externalTaskSensor, task_id=waiting_file, execution_date=20230901T000000, start_date=20230919T130138, end_date=20230919T130138
[2023-09-19T13:01:38.426+0000] {standard_task_runner.py:104} ERROR - Failed to execute job 594 for task waiting_file (The conn_id `fs_default` isn't defined; 1021)
[2023-09-19T13:01:38.441+0000] {local_task_job_runner.py:228} INFO - Task exited with return code 1
[2023-09-19T13:01:38.471+0000] {taskinstance.py:2776} INFO - 0 downstream tasks scheduled from follow-on schedule check
[2023-09-19T13:06:54.509+0000] {taskinstance.py:1157} INFO - Dependencies all met for dep_context=non-requeueable deps ti=<TaskInstance: 7.3-externalTaskSensor.waiting_file scheduled__2023-09-01T00:00:00+00:00 [queued]>
[2023-09-19T13:06:54.621+0000] {taskinstance.py:1157} INFO - Dependencies all met for dep_context=requeueable deps ti=<TaskInstance: 7.3-externalTaskSensor.waiting_file scheduled__2023-09-01T00:00:00+00:00 [queued]>
[2023-09-19T13:06:54.622+0000] {taskinstance.py:1359} INFO - Starting attempt 1 of 1
[2023-09-19T13:06:54.643+0000] {taskinstance.py:1380} INFO - Executing <Task(FileSensor): waiting_file> on 2023-09-01 00:00:00+00:00
[2023-09-19T13:06:54.647+0000] {standard_task_runner.py:57} INFO - Started process 1133 to run task
[2023-09-19T13:06:54.651+0000] {standard_task_runner.py:84} INFO - Running: ['***', 'tasks', 'run', '7.3-externalTaskSensor', 'waiting_file', 'scheduled__2023-09-01T00:00:00+00:00', '--job-id', '608', '--raw', '--subdir', 'DAGS_FOLDER/7.3-ExternalTaskSensor.py', '--cfg-path', '/tmp/tmp6rws_sx4']
[2023-09-19T13:06:54.653+0000] {standard_task_runner.py:85} INFO - Job 608: Subtask waiting_file
[2023-09-19T13:06:54.706+0000] {task_command.py:415} INFO - Running <TaskInstance: 7.3-externalTaskSensor.waiting_file scheduled__2023-09-01T00:00:00+00:00 [running]> on host e891a57bf0af
[2023-09-19T13:06:54.786+0000] {taskinstance.py:1660} INFO - Exporting env vars: AIRFLOW_CTX_DAG_OWNER='***' AIRFLOW_CTX_DAG_ID='7.3-externalTaskSensor' AIRFLOW_CTX_TASK_ID='waiting_file' AIRFLOW_CTX_EXECUTION_DATE='2023-09-01T00:00:00+00:00' AIRFLOW_CTX_TRY_NUMBER='1' AIRFLOW_CTX_DAG_RUN_ID='scheduled__2023-09-01T00:00:00+00:00'
[2023-09-19T13:06:54.795+0000] {base.py:73} INFO - Using connection ID 'fs_default' for task execution.
[2023-09-19T13:06:54.796+0000] {filesystem.py:64} INFO - Poking for file /tmp/file.txt
[2023-09-19T13:06:54.797+0000] {filesystem.py:69} INFO - Found File /tmp/file.txt last modified: 20230919130653
[2023-09-19T13:06:54.797+0000] {base.py:287} INFO - Success criteria met. Exiting.
[2023-09-19T13:06:54.807+0000] {taskinstance.py:1398} INFO - Marking task as SUCCESS. dag_id=7.3-externalTaskSensor, task_id=waiting_file, execution_date=20230901T000000, start_date=20230919T130654, end_date=20230919T130654
[2023-09-19T13:06:54.825+0000] {local_task_job_runner.py:228} INFO - Task exited with return code 0
[2023-09-19T13:06:54.854+0000] {taskinstance.py:2776} INFO - 1 downstream tasks scheduled from follow-on schedule check
[2023-09-19T13:32:28.874+0000] {taskinstance.py:1157} INFO - Dependencies all met for dep_context=non-requeueable deps ti=<TaskInstance: 7.3-externalTaskSensor.waiting_file scheduled__2023-09-01T00:00:00+00:00 [queued]>
[2023-09-19T13:32:28.886+0000] {taskinstance.py:1157} INFO - Dependencies all met for dep_context=requeueable deps ti=<TaskInstance: 7.3-externalTaskSensor.waiting_file scheduled__2023-09-01T00:00:00+00:00 [queued]>
[2023-09-19T13:32:28.887+0000] {taskinstance.py:1359} INFO - Starting attempt 1 of 1
[2023-09-19T13:32:28.902+0000] {taskinstance.py:1380} INFO - Executing <Task(FileSensor): waiting_file> on 2023-09-01 00:00:00+00:00
[2023-09-19T13:32:28.906+0000] {standard_task_runner.py:57} INFO - Started process 1548 to run task
[2023-09-19T13:32:28.910+0000] {standard_task_runner.py:84} INFO - Running: ['***', 'tasks', 'run', '7.3-externalTaskSensor', 'waiting_file', 'scheduled__2023-09-01T00:00:00+00:00', '--job-id', '611', '--raw', '--subdir', 'DAGS_FOLDER/7.3-ExternalTaskSensor.py', '--cfg-path', '/tmp/tmpokqn6h_s']
[2023-09-19T13:32:28.912+0000] {standard_task_runner.py:85} INFO - Job 611: Subtask waiting_file
[2023-09-19T13:32:28.963+0000] {task_command.py:415} INFO - Running <TaskInstance: 7.3-externalTaskSensor.waiting_file scheduled__2023-09-01T00:00:00+00:00 [running]> on host e891a57bf0af
[2023-09-19T13:32:29.040+0000] {taskinstance.py:1660} INFO - Exporting env vars: AIRFLOW_CTX_DAG_OWNER='***' AIRFLOW_CTX_DAG_ID='7.3-externalTaskSensor' AIRFLOW_CTX_TASK_ID='waiting_file' AIRFLOW_CTX_EXECUTION_DATE='2023-09-01T00:00:00+00:00' AIRFLOW_CTX_TRY_NUMBER='1' AIRFLOW_CTX_DAG_RUN_ID='scheduled__2023-09-01T00:00:00+00:00'
[2023-09-19T13:32:29.049+0000] {base.py:73} INFO - Using connection ID 'fs_default' for task execution.
[2023-09-19T13:32:29.050+0000] {filesystem.py:64} INFO - Poking for file /tmp/file.txt
[2023-09-19T13:32:29.051+0000] {filesystem.py:69} INFO - Found File /tmp/file.txt last modified: 20230919133227
[2023-09-19T13:32:29.052+0000] {base.py:287} INFO - Success criteria met. Exiting.
[2023-09-19T13:32:29.061+0000] {taskinstance.py:1398} INFO - Marking task as SUCCESS. dag_id=7.3-externalTaskSensor, task_id=waiting_file, execution_date=20230901T000000, start_date=20230919T133228, end_date=20230919T133229
[2023-09-19T13:32:29.083+0000] {local_task_job_runner.py:228} INFO - Task exited with return code 0
[2023-09-19T13:32:29.109+0000] {taskinstance.py:2776} INFO - 1 downstream tasks scheduled from follow-on schedule check
[2023-09-19T13:38:07.654+0000] {taskinstance.py:1157} INFO - Dependencies all met for dep_context=non-requeueable deps ti=<TaskInstance: 7.3-externalTaskSensor.waiting_file scheduled__2023-09-01T00:00:00+00:00 [queued]>
[2023-09-19T13:38:07.670+0000] {taskinstance.py:1157} INFO - Dependencies all met for dep_context=requeueable deps ti=<TaskInstance: 7.3-externalTaskSensor.waiting_file scheduled__2023-09-01T00:00:00+00:00 [queued]>
[2023-09-19T13:38:07.671+0000] {taskinstance.py:1359} INFO - Starting attempt 1 of 1
[2023-09-19T13:38:07.695+0000] {taskinstance.py:1380} INFO - Executing <Task(FileSensor): waiting_file> on 2023-09-01 00:00:00+00:00
[2023-09-19T13:38:07.701+0000] {standard_task_runner.py:57} INFO - Started process 1638 to run task
[2023-09-19T13:38:07.705+0000] {standard_task_runner.py:84} INFO - Running: ['***', 'tasks', 'run', '7.3-externalTaskSensor', 'waiting_file', 'scheduled__2023-09-01T00:00:00+00:00', '--job-id', '614', '--raw', '--subdir', 'DAGS_FOLDER/7.3-ExternalTaskSensor.py', '--cfg-path', '/tmp/tmp16v3hbph']
[2023-09-19T13:38:07.706+0000] {standard_task_runner.py:85} INFO - Job 614: Subtask waiting_file
[2023-09-19T13:38:07.757+0000] {task_command.py:415} INFO - Running <TaskInstance: 7.3-externalTaskSensor.waiting_file scheduled__2023-09-01T00:00:00+00:00 [running]> on host e891a57bf0af
[2023-09-19T13:38:07.853+0000] {taskinstance.py:1660} INFO - Exporting env vars: AIRFLOW_CTX_DAG_OWNER='***' AIRFLOW_CTX_DAG_ID='7.3-externalTaskSensor' AIRFLOW_CTX_TASK_ID='waiting_file' AIRFLOW_CTX_EXECUTION_DATE='2023-09-01T00:00:00+00:00' AIRFLOW_CTX_TRY_NUMBER='1' AIRFLOW_CTX_DAG_RUN_ID='scheduled__2023-09-01T00:00:00+00:00'
[2023-09-19T13:38:07.862+0000] {base.py:73} INFO - Using connection ID 'fs_default' for task execution.
[2023-09-19T13:38:07.863+0000] {filesystem.py:64} INFO - Poking for file /tmp/file.txt
[2023-09-19T13:38:07.864+0000] {filesystem.py:69} INFO - Found File /tmp/file.txt last modified: 20230919133806
[2023-09-19T13:38:07.864+0000] {base.py:287} INFO - Success criteria met. Exiting.
[2023-09-19T13:38:07.874+0000] {taskinstance.py:1398} INFO - Marking task as SUCCESS. dag_id=7.3-externalTaskSensor, task_id=waiting_file, execution_date=20230901T000000, start_date=20230919T133807, end_date=20230919T133807
[2023-09-19T13:38:07.920+0000] {local_task_job_runner.py:228} INFO - Task exited with return code 0
[2023-09-19T13:38:07.957+0000] {taskinstance.py:2776} INFO - 1 downstream tasks scheduled from follow-on schedule check
