[2023-09-18T13:53:37.804+0000] {taskinstance.py:1157} INFO - Dependencies all met for dep_context=non-requeueable deps ti=<TaskInstance: 6.1-monitoring.task3 scheduled__2023-09-16T00:00:00+00:00 [queued]>
[2023-09-18T13:53:37.819+0000] {taskinstance.py:1157} INFO - Dependencies all met for dep_context=requeueable deps ti=<TaskInstance: 6.1-monitoring.task3 scheduled__2023-09-16T00:00:00+00:00 [queued]>
[2023-09-18T13:53:37.820+0000] {taskinstance.py:1359} INFO - Starting attempt 1 of 1
[2023-09-18T13:53:37.842+0000] {taskinstance.py:1380} INFO - Executing <Task(BashOperator): task3> on 2023-09-16 00:00:00+00:00
[2023-09-18T13:53:37.850+0000] {standard_task_runner.py:57} INFO - Started process 5149 to run task
[2023-09-18T13:53:37.855+0000] {standard_task_runner.py:84} INFO - Running: ['***', 'tasks', 'run', '6.1-monitoring', 'task3', 'scheduled__2023-09-16T00:00:00+00:00', '--job-id', '423', '--raw', '--subdir', 'DAGS_FOLDER/6.1-monitoring.py', '--cfg-path', '/tmp/tmpyyytbwsn']
[2023-09-18T13:53:37.857+0000] {standard_task_runner.py:85} INFO - Job 423: Subtask task3
[2023-09-18T13:53:37.927+0000] {task_command.py:415} INFO - Running <TaskInstance: 6.1-monitoring.task3 scheduled__2023-09-16T00:00:00+00:00 [running]> on host e891a57bf0af
[2023-09-18T13:53:38.058+0000] {taskinstance.py:1660} INFO - Exporting env vars: AIRFLOW_CTX_DAG_OWNER='***' AIRFLOW_CTX_DAG_ID='6.1-monitoring' AIRFLOW_CTX_TASK_ID='task3' AIRFLOW_CTX_EXECUTION_DATE='2023-09-16T00:00:00+00:00' AIRFLOW_CTX_TRY_NUMBER='1' AIRFLOW_CTX_DAG_RUN_ID='scheduled__2023-09-16T00:00:00+00:00'
[2023-09-18T13:53:38.060+0000] {subprocess.py:63} INFO - Tmp dir root location: /tmp
[2023-09-18T13:53:38.061+0000] {subprocess.py:75} INFO - Running command: ['/bin/bash', '-c', "sleep 2 && echo 'Task 3'"]
[2023-09-18T13:53:38.082+0000] {subprocess.py:86} INFO - Output:
[2023-09-18T13:53:40.087+0000] {subprocess.py:93} INFO - Task 3
[2023-09-18T13:53:40.088+0000] {subprocess.py:97} INFO - Command exited with return code 0
[2023-09-18T13:53:40.116+0000] {taskinstance.py:1398} INFO - Marking task as SUCCESS. dag_id=6.1-monitoring, task_id=task3, execution_date=20230916T000000, start_date=20230918T135337, end_date=20230918T135340
[2023-09-18T13:53:40.164+0000] {local_task_job_runner.py:228} INFO - Task exited with return code 0
[2023-09-18T13:53:40.197+0000] {taskinstance.py:2776} INFO - 1 downstream tasks scheduled from follow-on schedule check
[2023-09-18T14:06:30.557+0000] {taskinstance.py:1157} INFO - Dependencies all met for dep_context=non-requeueable deps ti=<TaskInstance: 6.1-monitoring.task3 scheduled__2023-09-16T00:00:00+00:00 [queued]>
[2023-09-18T14:06:30.585+0000] {taskinstance.py:1157} INFO - Dependencies all met for dep_context=requeueable deps ti=<TaskInstance: 6.1-monitoring.task3 scheduled__2023-09-16T00:00:00+00:00 [queued]>
[2023-09-18T14:06:30.586+0000] {taskinstance.py:1359} INFO - Starting attempt 1 of 1
[2023-09-18T14:06:30.621+0000] {taskinstance.py:1380} INFO - Executing <Task(BashOperator): task3> on 2023-09-16 00:00:00+00:00
[2023-09-18T14:06:30.635+0000] {standard_task_runner.py:57} INFO - Started process 5613 to run task
[2023-09-18T14:06:30.641+0000] {standard_task_runner.py:84} INFO - Running: ['***', 'tasks', 'run', '6.1-monitoring', 'task3', 'scheduled__2023-09-16T00:00:00+00:00', '--job-id', '498', '--raw', '--subdir', 'DAGS_FOLDER/6.1-monitoring.py', '--cfg-path', '/tmp/tmpm_re9lsg']
[2023-09-18T14:06:30.645+0000] {standard_task_runner.py:85} INFO - Job 498: Subtask task3
[2023-09-18T14:06:30.759+0000] {task_command.py:415} INFO - Running <TaskInstance: 6.1-monitoring.task3 scheduled__2023-09-16T00:00:00+00:00 [running]> on host e891a57bf0af
[2023-09-18T14:06:30.971+0000] {taskinstance.py:1660} INFO - Exporting env vars: AIRFLOW_CTX_DAG_OWNER='***' AIRFLOW_CTX_DAG_ID='6.1-monitoring' AIRFLOW_CTX_TASK_ID='task3' AIRFLOW_CTX_EXECUTION_DATE='2023-09-16T00:00:00+00:00' AIRFLOW_CTX_TRY_NUMBER='1' AIRFLOW_CTX_DAG_RUN_ID='scheduled__2023-09-16T00:00:00+00:00'
[2023-09-18T14:06:30.980+0000] {subprocess.py:63} INFO - Tmp dir root location: /tmp
[2023-09-18T14:06:30.982+0000] {subprocess.py:75} INFO - Running command: ['/bin/bash', '-c', "sleep 2 && echo 'Task 3'"]
[2023-09-18T14:06:31.013+0000] {subprocess.py:86} INFO - Output:
[2023-09-18T14:06:33.035+0000] {subprocess.py:93} INFO - Task 3
[2023-09-18T14:06:33.037+0000] {subprocess.py:97} INFO - Command exited with return code 0
[2023-09-18T14:06:33.090+0000] {taskinstance.py:1398} INFO - Marking task as SUCCESS. dag_id=6.1-monitoring, task_id=task3, execution_date=20230916T000000, start_date=20230918T140630, end_date=20230918T140633
[2023-09-18T14:06:33.156+0000] {local_task_job_runner.py:228} INFO - Task exited with return code 0
[2023-09-18T14:06:33.218+0000] {taskinstance.py:2776} INFO - 1 downstream tasks scheduled from follow-on schedule check
