[2023-09-18T14:27:47.289+0000] {taskinstance.py:1157} INFO - Dependencies all met for dep_context=non-requeueable deps ti=<TaskInstance: 6.2-monitoring.task1 scheduled__2023-09-02T00:00:00+00:00 [queued]>
[2023-09-18T14:27:47.301+0000] {taskinstance.py:1157} INFO - Dependencies all met for dep_context=requeueable deps ti=<TaskInstance: 6.2-monitoring.task1 scheduled__2023-09-02T00:00:00+00:00 [queued]>
[2023-09-18T14:27:47.303+0000] {taskinstance.py:1359} INFO - Starting attempt 1 of 3
[2023-09-18T14:27:47.322+0000] {taskinstance.py:1380} INFO - Executing <Task(BashOperator): task1> on 2023-09-02 00:00:00+00:00
[2023-09-18T14:27:47.327+0000] {standard_task_runner.py:57} INFO - Started process 6007 to run task
[2023-09-18T14:27:47.330+0000] {standard_task_runner.py:84} INFO - Running: ['***', 'tasks', 'run', '6.2-monitoring', 'task1', 'scheduled__2023-09-02T00:00:00+00:00', '--job-id', '521', '--raw', '--subdir', 'DAGS_FOLDER/6.2-monitoring.py', '--cfg-path', '/tmp/tmplmoqc4du']
[2023-09-18T14:27:47.332+0000] {standard_task_runner.py:85} INFO - Job 521: Subtask task1
[2023-09-18T14:27:47.396+0000] {task_command.py:415} INFO - Running <TaskInstance: 6.2-monitoring.task1 scheduled__2023-09-02T00:00:00+00:00 [running]> on host e891a57bf0af
[2023-09-18T14:27:47.497+0000] {taskinstance.py:1660} INFO - Exporting env vars: AIRFLOW_CTX_DAG_OWNER='***' AIRFLOW_CTX_DAG_ID='6.2-monitoring' AIRFLOW_CTX_TASK_ID='task1' AIRFLOW_CTX_EXECUTION_DATE='2023-09-02T00:00:00+00:00' AIRFLOW_CTX_TRY_NUMBER='1' AIRFLOW_CTX_DAG_RUN_ID='scheduled__2023-09-02T00:00:00+00:00'
[2023-09-18T14:27:47.498+0000] {subprocess.py:63} INFO - Tmp dir root location: /tmp
[2023-09-18T14:27:47.500+0000] {subprocess.py:75} INFO - Running command: ['/bin/bash', '-c', "sleep 2 && echo 'Task 1'"]
[2023-09-18T14:27:47.511+0000] {subprocess.py:86} INFO - Output:
[2023-09-18T14:27:49.516+0000] {subprocess.py:93} INFO - Task 1
[2023-09-18T14:27:49.517+0000] {subprocess.py:97} INFO - Command exited with return code 0
[2023-09-18T14:27:49.547+0000] {taskinstance.py:1398} INFO - Marking task as SUCCESS. dag_id=6.2-monitoring, task_id=task1, execution_date=20230902T000000, start_date=20230918T142747, end_date=20230918T142749
[2023-09-18T14:27:49.605+0000] {local_task_job_runner.py:228} INFO - Task exited with return code 0
[2023-09-18T14:27:49.646+0000] {taskinstance.py:2776} INFO - 1 downstream tasks scheduled from follow-on schedule check
[2023-09-19T12:15:39.941+0000] {taskinstance.py:1157} INFO - Dependencies all met for dep_context=non-requeueable deps ti=<TaskInstance: 6.2-monitoring.task1 scheduled__2023-09-02T00:00:00+00:00 [queued]>
[2023-09-19T12:15:39.955+0000] {taskinstance.py:1157} INFO - Dependencies all met for dep_context=requeueable deps ti=<TaskInstance: 6.2-monitoring.task1 scheduled__2023-09-02T00:00:00+00:00 [queued]>
[2023-09-19T12:15:39.956+0000] {taskinstance.py:1359} INFO - Starting attempt 1 of 3
[2023-09-19T12:15:39.989+0000] {taskinstance.py:1380} INFO - Executing <Task(BashOperator): task1> on 2023-09-02 00:00:00+00:00
[2023-09-19T12:15:39.994+0000] {standard_task_runner.py:57} INFO - Started process 127 to run task
[2023-09-19T12:15:40.002+0000] {standard_task_runner.py:84} INFO - Running: ['***', 'tasks', 'run', '6.2-monitoring', 'task1', 'scheduled__2023-09-02T00:00:00+00:00', '--job-id', '533', '--raw', '--subdir', 'DAGS_FOLDER/6.2-monitoring.py', '--cfg-path', '/tmp/tmp70v2wfyr']
[2023-09-19T12:15:40.004+0000] {standard_task_runner.py:85} INFO - Job 533: Subtask task1
[2023-09-19T12:15:40.076+0000] {task_command.py:415} INFO - Running <TaskInstance: 6.2-monitoring.task1 scheduled__2023-09-02T00:00:00+00:00 [running]> on host e891a57bf0af
[2023-09-19T12:15:40.186+0000] {taskinstance.py:1660} INFO - Exporting env vars: AIRFLOW_CTX_DAG_OWNER='***' AIRFLOW_CTX_DAG_ID='6.2-monitoring' AIRFLOW_CTX_TASK_ID='task1' AIRFLOW_CTX_EXECUTION_DATE='2023-09-02T00:00:00+00:00' AIRFLOW_CTX_TRY_NUMBER='1' AIRFLOW_CTX_DAG_RUN_ID='scheduled__2023-09-02T00:00:00+00:00'
[2023-09-19T12:15:40.187+0000] {subprocess.py:63} INFO - Tmp dir root location: /tmp
[2023-09-19T12:15:40.189+0000] {subprocess.py:75} INFO - Running command: ['/bin/bash', '-c', "sleep 2 && echo 'Task 1'"]
[2023-09-19T12:15:40.201+0000] {subprocess.py:86} INFO - Output:
[2023-09-19T12:15:42.207+0000] {subprocess.py:93} INFO - Task 1
[2023-09-19T12:15:42.212+0000] {subprocess.py:97} INFO - Command exited with return code 0
[2023-09-19T12:15:42.493+0000] {taskinstance.py:1398} INFO - Marking task as SUCCESS. dag_id=6.2-monitoring, task_id=task1, execution_date=20230902T000000, start_date=20230919T121539, end_date=20230919T121542
[2023-09-19T12:15:42.766+0000] {local_task_job_runner.py:228} INFO - Task exited with return code 0
[2023-09-19T12:15:43.005+0000] {taskinstance.py:2776} INFO - 1 downstream tasks scheduled from follow-on schedule check
