[2023-09-18T13:03:44.184+0000] {taskinstance.py:1157} INFO - Dependencies all met for dep_context=non-requeueable deps ti=<TaskInstance: 5.1-orchestration.task1 scheduled__2023-09-17T00:00:00+00:00 [queued]>
[2023-09-18T13:03:44.204+0000] {taskinstance.py:1157} INFO - Dependencies all met for dep_context=requeueable deps ti=<TaskInstance: 5.1-orchestration.task1 scheduled__2023-09-17T00:00:00+00:00 [queued]>
[2023-09-18T13:03:44.205+0000] {taskinstance.py:1359} INFO - Starting attempt 1 of 1
[2023-09-18T13:03:44.224+0000] {taskinstance.py:1380} INFO - Executing <Task(BashOperator): task1> on 2023-09-17 00:00:00+00:00
[2023-09-18T13:03:44.231+0000] {standard_task_runner.py:57} INFO - Started process 3205 to run task
[2023-09-18T13:03:44.239+0000] {standard_task_runner.py:84} INFO - Running: ['***', 'tasks', 'run', '5.1-orchestration', 'task1', 'scheduled__2023-09-17T00:00:00+00:00', '--job-id', '96', '--raw', '--subdir', 'DAGS_FOLDER/5.1-orchestration.py', '--cfg-path', '/tmp/tmpux8m6jc5']
[2023-09-18T13:03:44.241+0000] {standard_task_runner.py:85} INFO - Job 96: Subtask task1
[2023-09-18T13:03:44.324+0000] {task_command.py:415} INFO - Running <TaskInstance: 5.1-orchestration.task1 scheduled__2023-09-17T00:00:00+00:00 [running]> on host e891a57bf0af
[2023-09-18T13:03:44.454+0000] {taskinstance.py:1660} INFO - Exporting env vars: AIRFLOW_CTX_DAG_OWNER='***' AIRFLOW_CTX_DAG_ID='5.1-orchestration' AIRFLOW_CTX_TASK_ID='task1' AIRFLOW_CTX_EXECUTION_DATE='2023-09-17T00:00:00+00:00' AIRFLOW_CTX_TRY_NUMBER='1' AIRFLOW_CTX_DAG_RUN_ID='scheduled__2023-09-17T00:00:00+00:00'
[2023-09-18T13:03:44.460+0000] {subprocess.py:63} INFO - Tmp dir root location: /tmp
[2023-09-18T13:03:44.463+0000] {subprocess.py:75} INFO - Running command: ['/bin/bash', '-c', "sleep 2 && echo 'Task 1'"]
[2023-09-18T13:03:44.480+0000] {subprocess.py:86} INFO - Output:
[2023-09-18T13:03:46.529+0000] {subprocess.py:93} INFO - Task 1
[2023-09-18T13:03:46.535+0000] {subprocess.py:97} INFO - Command exited with return code 0
[2023-09-18T13:03:46.605+0000] {taskinstance.py:1398} INFO - Marking task as SUCCESS. dag_id=5.1-orchestration, task_id=task1, execution_date=20230917T000000, start_date=20230918T130344, end_date=20230918T130346
[2023-09-18T13:03:46.660+0000] {local_task_job_runner.py:228} INFO - Task exited with return code 0
[2023-09-18T13:03:46.737+0000] {taskinstance.py:2776} INFO - 1 downstream tasks scheduled from follow-on schedule check
[2023-09-18T13:25:25.670+0000] {taskinstance.py:1157} INFO - Dependencies all met for dep_context=non-requeueable deps ti=<TaskInstance: 5.1-orchestration.task1 scheduled__2023-09-17T00:00:00+00:00 [queued]>
[2023-09-18T13:25:25.794+0000] {taskinstance.py:1157} INFO - Dependencies all met for dep_context=requeueable deps ti=<TaskInstance: 5.1-orchestration.task1 scheduled__2023-09-17T00:00:00+00:00 [queued]>
[2023-09-18T13:25:25.795+0000] {taskinstance.py:1359} INFO - Starting attempt 1 of 1
[2023-09-18T13:25:25.818+0000] {taskinstance.py:1380} INFO - Executing <Task(BashOperator): task1> on 2023-09-17 00:00:00+00:00
[2023-09-18T13:25:25.827+0000] {standard_task_runner.py:57} INFO - Started process 3834 to run task
[2023-09-18T13:25:25.832+0000] {standard_task_runner.py:84} INFO - Running: ['***', 'tasks', 'run', '5.1-orchestration', 'task1', 'scheduled__2023-09-17T00:00:00+00:00', '--job-id', '173', '--raw', '--subdir', 'DAGS_FOLDER/5.1-orchestration.py', '--cfg-path', '/tmp/tmpj8a8fxnl']
[2023-09-18T13:25:25.833+0000] {standard_task_runner.py:85} INFO - Job 173: Subtask task1
[2023-09-18T13:25:25.895+0000] {task_command.py:415} INFO - Running <TaskInstance: 5.1-orchestration.task1 scheduled__2023-09-17T00:00:00+00:00 [running]> on host e891a57bf0af
[2023-09-18T13:25:26.001+0000] {taskinstance.py:1660} INFO - Exporting env vars: AIRFLOW_CTX_DAG_OWNER='***' AIRFLOW_CTX_DAG_ID='5.1-orchestration' AIRFLOW_CTX_TASK_ID='task1' AIRFLOW_CTX_EXECUTION_DATE='2023-09-17T00:00:00+00:00' AIRFLOW_CTX_TRY_NUMBER='1' AIRFLOW_CTX_DAG_RUN_ID='scheduled__2023-09-17T00:00:00+00:00'
[2023-09-18T13:25:26.003+0000] {subprocess.py:63} INFO - Tmp dir root location: /tmp
[2023-09-18T13:25:26.004+0000] {subprocess.py:75} INFO - Running command: ['/bin/bash', '-c', "sleep 2 && echo 'Task 1'"]
[2023-09-18T13:25:26.015+0000] {subprocess.py:86} INFO - Output:
[2023-09-18T13:25:28.019+0000] {subprocess.py:93} INFO - Task 1
[2023-09-18T13:25:28.021+0000] {subprocess.py:97} INFO - Command exited with return code 0
[2023-09-18T13:25:28.050+0000] {taskinstance.py:1398} INFO - Marking task as SUCCESS. dag_id=5.1-orchestration, task_id=task1, execution_date=20230917T000000, start_date=20230918T132525, end_date=20230918T132528
[2023-09-18T13:25:28.105+0000] {local_task_job_runner.py:228} INFO - Task exited with return code 0
[2023-09-18T13:25:28.147+0000] {taskinstance.py:2776} INFO - 1 downstream tasks scheduled from follow-on schedule check
