[2023-09-18T13:03:24.661+0000] {taskinstance.py:1157} INFO - Dependencies all met for dep_context=non-requeueable deps ti=<TaskInstance: 5.1-orchestration.task1 scheduled__2023-09-12T00:00:00+00:00 [queued]>
[2023-09-18T13:03:24.679+0000] {taskinstance.py:1157} INFO - Dependencies all met for dep_context=requeueable deps ti=<TaskInstance: 5.1-orchestration.task1 scheduled__2023-09-12T00:00:00+00:00 [queued]>
[2023-09-18T13:03:24.680+0000] {taskinstance.py:1359} INFO - Starting attempt 1 of 1
[2023-09-18T13:03:24.699+0000] {taskinstance.py:1380} INFO - Executing <Task(BashOperator): task1> on 2023-09-12 00:00:00+00:00
[2023-09-18T13:03:24.707+0000] {standard_task_runner.py:57} INFO - Started process 3116 to run task
[2023-09-18T13:03:24.713+0000] {standard_task_runner.py:84} INFO - Running: ['***', 'tasks', 'run', '5.1-orchestration', 'task1', 'scheduled__2023-09-12T00:00:00+00:00', '--job-id', '79', '--raw', '--subdir', 'DAGS_FOLDER/5.1-orchestration.py', '--cfg-path', '/tmp/tmpyt4r768q']
[2023-09-18T13:03:24.715+0000] {standard_task_runner.py:85} INFO - Job 79: Subtask task1
[2023-09-18T13:03:24.777+0000] {task_command.py:415} INFO - Running <TaskInstance: 5.1-orchestration.task1 scheduled__2023-09-12T00:00:00+00:00 [running]> on host e891a57bf0af
[2023-09-18T13:03:24.877+0000] {taskinstance.py:1660} INFO - Exporting env vars: AIRFLOW_CTX_DAG_OWNER='***' AIRFLOW_CTX_DAG_ID='5.1-orchestration' AIRFLOW_CTX_TASK_ID='task1' AIRFLOW_CTX_EXECUTION_DATE='2023-09-12T00:00:00+00:00' AIRFLOW_CTX_TRY_NUMBER='1' AIRFLOW_CTX_DAG_RUN_ID='scheduled__2023-09-12T00:00:00+00:00'
[2023-09-18T13:03:24.885+0000] {subprocess.py:63} INFO - Tmp dir root location: /tmp
[2023-09-18T13:03:24.887+0000] {subprocess.py:75} INFO - Running command: ['/bin/bash', '-c', "sleep 2 && echo 'Task 1'"]
[2023-09-18T13:03:24.904+0000] {subprocess.py:86} INFO - Output:
[2023-09-18T13:03:26.954+0000] {subprocess.py:93} INFO - Task 1
[2023-09-18T13:03:26.962+0000] {subprocess.py:97} INFO - Command exited with return code 0
[2023-09-18T13:03:27.034+0000] {taskinstance.py:1398} INFO - Marking task as SUCCESS. dag_id=5.1-orchestration, task_id=task1, execution_date=20230912T000000, start_date=20230918T130324, end_date=20230918T130327
[2023-09-18T13:03:27.061+0000] {local_task_job_runner.py:228} INFO - Task exited with return code 0
[2023-09-18T13:03:27.103+0000] {taskinstance.py:2776} INFO - 1 downstream tasks scheduled from follow-on schedule check
[2023-09-18T13:24:34.212+0000] {taskinstance.py:1157} INFO - Dependencies all met for dep_context=non-requeueable deps ti=<TaskInstance: 5.1-orchestration.task1 scheduled__2023-09-12T00:00:00+00:00 [queued]>
[2023-09-18T13:24:34.226+0000] {taskinstance.py:1157} INFO - Dependencies all met for dep_context=requeueable deps ti=<TaskInstance: 5.1-orchestration.task1 scheduled__2023-09-12T00:00:00+00:00 [queued]>
[2023-09-18T13:24:34.227+0000] {taskinstance.py:1359} INFO - Starting attempt 1 of 1
[2023-09-18T13:24:34.243+0000] {taskinstance.py:1380} INFO - Executing <Task(BashOperator): task1> on 2023-09-12 00:00:00+00:00
[2023-09-18T13:24:34.247+0000] {standard_task_runner.py:57} INFO - Started process 3737 to run task
[2023-09-18T13:24:34.251+0000] {standard_task_runner.py:84} INFO - Running: ['***', 'tasks', 'run', '5.1-orchestration', 'task1', 'scheduled__2023-09-12T00:00:00+00:00', '--job-id', '153', '--raw', '--subdir', 'DAGS_FOLDER/5.1-orchestration.py', '--cfg-path', '/tmp/tmpkii1odws']
[2023-09-18T13:24:34.253+0000] {standard_task_runner.py:85} INFO - Job 153: Subtask task1
[2023-09-18T13:24:34.304+0000] {task_command.py:415} INFO - Running <TaskInstance: 5.1-orchestration.task1 scheduled__2023-09-12T00:00:00+00:00 [running]> on host e891a57bf0af
[2023-09-18T13:24:34.399+0000] {taskinstance.py:1660} INFO - Exporting env vars: AIRFLOW_CTX_DAG_OWNER='***' AIRFLOW_CTX_DAG_ID='5.1-orchestration' AIRFLOW_CTX_TASK_ID='task1' AIRFLOW_CTX_EXECUTION_DATE='2023-09-12T00:00:00+00:00' AIRFLOW_CTX_TRY_NUMBER='1' AIRFLOW_CTX_DAG_RUN_ID='scheduled__2023-09-12T00:00:00+00:00'
[2023-09-18T13:24:34.401+0000] {subprocess.py:63} INFO - Tmp dir root location: /tmp
[2023-09-18T13:24:34.403+0000] {subprocess.py:75} INFO - Running command: ['/bin/bash', '-c', "sleep 2 && echo 'Task 1'"]
[2023-09-18T13:24:34.413+0000] {subprocess.py:86} INFO - Output:
[2023-09-18T13:24:36.418+0000] {subprocess.py:93} INFO - Task 1
[2023-09-18T13:24:36.419+0000] {subprocess.py:97} INFO - Command exited with return code 0
[2023-09-18T13:24:36.449+0000] {taskinstance.py:1398} INFO - Marking task as SUCCESS. dag_id=5.1-orchestration, task_id=task1, execution_date=20230912T000000, start_date=20230918T132434, end_date=20230918T132436
[2023-09-18T13:24:36.484+0000] {local_task_job_runner.py:228} INFO - Task exited with return code 0
[2023-09-18T13:24:36.525+0000] {taskinstance.py:2776} INFO - 1 downstream tasks scheduled from follow-on schedule check
