[2023-09-18T13:46:36.405+0000] {taskinstance.py:1157} INFO - Dependencies all met for dep_context=non-requeueable deps ti=<TaskInstance: 6.1-monitoring.task1 scheduled__2023-09-04T00:00:00+00:00 [queued]>
[2023-09-18T13:46:36.429+0000] {taskinstance.py:1157} INFO - Dependencies all met for dep_context=requeueable deps ti=<TaskInstance: 6.1-monitoring.task1 scheduled__2023-09-04T00:00:00+00:00 [queued]>
[2023-09-18T13:46:36.430+0000] {taskinstance.py:1359} INFO - Starting attempt 1 of 1
[2023-09-18T13:46:36.457+0000] {taskinstance.py:1380} INFO - Executing <Task(BashOperator): task1> on 2023-09-04 00:00:00+00:00
[2023-09-18T13:46:36.481+0000] {standard_task_runner.py:57} INFO - Started process 4402 to run task
[2023-09-18T13:46:36.487+0000] {standard_task_runner.py:84} INFO - Running: ['***', 'tasks', 'run', '6.1-monitoring', 'task1', 'scheduled__2023-09-04T00:00:00+00:00', '--job-id', '240', '--raw', '--subdir', 'DAGS_FOLDER/6.1-monitoring.py', '--cfg-path', '/tmp/tmp2flg5z__']
[2023-09-18T13:46:36.492+0000] {standard_task_runner.py:85} INFO - Job 240: Subtask task1
[2023-09-18T13:46:36.599+0000] {task_command.py:415} INFO - Running <TaskInstance: 6.1-monitoring.task1 scheduled__2023-09-04T00:00:00+00:00 [running]> on host e891a57bf0af
[2023-09-18T13:46:36.811+0000] {taskinstance.py:1660} INFO - Exporting env vars: AIRFLOW_CTX_DAG_OWNER='***' AIRFLOW_CTX_DAG_ID='6.1-monitoring' AIRFLOW_CTX_TASK_ID='task1' AIRFLOW_CTX_EXECUTION_DATE='2023-09-04T00:00:00+00:00' AIRFLOW_CTX_TRY_NUMBER='1' AIRFLOW_CTX_DAG_RUN_ID='scheduled__2023-09-04T00:00:00+00:00'
[2023-09-18T13:46:36.814+0000] {subprocess.py:63} INFO - Tmp dir root location: /tmp
[2023-09-18T13:46:36.816+0000] {subprocess.py:75} INFO - Running command: ['/bin/bash', '-c', "sleep 2 && echo 'Task 1'"]
[2023-09-18T13:46:36.836+0000] {subprocess.py:86} INFO - Output:
[2023-09-18T13:46:38.866+0000] {subprocess.py:93} INFO - Task 1
[2023-09-18T13:46:38.868+0000] {subprocess.py:97} INFO - Command exited with return code 0
[2023-09-18T13:46:38.936+0000] {taskinstance.py:1398} INFO - Marking task as SUCCESS. dag_id=6.1-monitoring, task_id=task1, execution_date=20230904T000000, start_date=20230918T134636, end_date=20230918T134638
[2023-09-18T13:46:39.020+0000] {local_task_job_runner.py:228} INFO - Task exited with return code 0
[2023-09-18T13:46:39.096+0000] {taskinstance.py:2776} INFO - 1 downstream tasks scheduled from follow-on schedule check
[2023-09-18T13:52:28.135+0000] {taskinstance.py:1157} INFO - Dependencies all met for dep_context=non-requeueable deps ti=<TaskInstance: 6.1-monitoring.task1 scheduled__2023-09-04T00:00:00+00:00 [queued]>
[2023-09-18T13:52:28.157+0000] {taskinstance.py:1157} INFO - Dependencies all met for dep_context=requeueable deps ti=<TaskInstance: 6.1-monitoring.task1 scheduled__2023-09-04T00:00:00+00:00 [queued]>
[2023-09-18T13:52:28.157+0000] {taskinstance.py:1359} INFO - Starting attempt 1 of 1
[2023-09-18T13:52:28.182+0000] {taskinstance.py:1380} INFO - Executing <Task(BashOperator): task1> on 2023-09-04 00:00:00+00:00
[2023-09-18T13:52:28.189+0000] {standard_task_runner.py:57} INFO - Started process 4908 to run task
[2023-09-18T13:52:28.195+0000] {standard_task_runner.py:84} INFO - Running: ['***', 'tasks', 'run', '6.1-monitoring', 'task1', 'scheduled__2023-09-04T00:00:00+00:00', '--job-id', '359', '--raw', '--subdir', 'DAGS_FOLDER/6.1-monitoring.py', '--cfg-path', '/tmp/tmp7x_cyxo4']
[2023-09-18T13:52:28.198+0000] {standard_task_runner.py:85} INFO - Job 359: Subtask task1
[2023-09-18T13:52:28.276+0000] {task_command.py:415} INFO - Running <TaskInstance: 6.1-monitoring.task1 scheduled__2023-09-04T00:00:00+00:00 [running]> on host e891a57bf0af
[2023-09-18T13:52:28.396+0000] {taskinstance.py:1660} INFO - Exporting env vars: AIRFLOW_CTX_DAG_OWNER='***' AIRFLOW_CTX_DAG_ID='6.1-monitoring' AIRFLOW_CTX_TASK_ID='task1' AIRFLOW_CTX_EXECUTION_DATE='2023-09-04T00:00:00+00:00' AIRFLOW_CTX_TRY_NUMBER='1' AIRFLOW_CTX_DAG_RUN_ID='scheduled__2023-09-04T00:00:00+00:00'
[2023-09-18T13:52:28.398+0000] {subprocess.py:63} INFO - Tmp dir root location: /tmp
[2023-09-18T13:52:28.399+0000] {subprocess.py:75} INFO - Running command: ['/bin/bash', '-c', "sleep 2 && echo 'Task 1'"]
[2023-09-18T13:52:28.413+0000] {subprocess.py:86} INFO - Output:
[2023-09-18T13:52:30.424+0000] {subprocess.py:93} INFO - Task 1
[2023-09-18T13:52:30.426+0000] {subprocess.py:97} INFO - Command exited with return code 0
[2023-09-18T13:52:30.493+0000] {taskinstance.py:1398} INFO - Marking task as SUCCESS. dag_id=6.1-monitoring, task_id=task1, execution_date=20230904T000000, start_date=20230918T135228, end_date=20230918T135230
[2023-09-18T13:52:30.662+0000] {local_task_job_runner.py:228} INFO - Task exited with return code 0
[2023-09-18T13:52:30.761+0000] {taskinstance.py:2776} INFO - 1 downstream tasks scheduled from follow-on schedule check
[2023-09-18T13:54:42.388+0000] {taskinstance.py:1157} INFO - Dependencies all met for dep_context=non-requeueable deps ti=<TaskInstance: 6.1-monitoring.task1 scheduled__2023-09-04T00:00:00+00:00 [queued]>
[2023-09-18T13:54:42.404+0000] {taskinstance.py:1157} INFO - Dependencies all met for dep_context=requeueable deps ti=<TaskInstance: 6.1-monitoring.task1 scheduled__2023-09-04T00:00:00+00:00 [queued]>
[2023-09-18T13:54:42.404+0000] {taskinstance.py:1359} INFO - Starting attempt 1 of 1
[2023-09-18T13:54:42.427+0000] {taskinstance.py:1380} INFO - Executing <Task(BashOperator): task1> on 2023-09-04 00:00:00+00:00
[2023-09-18T13:54:42.437+0000] {standard_task_runner.py:57} INFO - Started process 5186 to run task
[2023-09-18T13:54:42.454+0000] {standard_task_runner.py:84} INFO - Running: ['***', 'tasks', 'run', '6.1-monitoring', 'task1', 'scheduled__2023-09-04T00:00:00+00:00', '--job-id', '428', '--raw', '--subdir', 'DAGS_FOLDER/6.1-monitoring.py', '--cfg-path', '/tmp/tmpdheqfbln']
[2023-09-18T13:54:42.457+0000] {standard_task_runner.py:85} INFO - Job 428: Subtask task1
[2023-09-18T13:54:42.635+0000] {task_command.py:415} INFO - Running <TaskInstance: 6.1-monitoring.task1 scheduled__2023-09-04T00:00:00+00:00 [running]> on host e891a57bf0af
[2023-09-18T13:54:42.818+0000] {taskinstance.py:1660} INFO - Exporting env vars: AIRFLOW_CTX_DAG_OWNER='***' AIRFLOW_CTX_DAG_ID='6.1-monitoring' AIRFLOW_CTX_TASK_ID='task1' AIRFLOW_CTX_EXECUTION_DATE='2023-09-04T00:00:00+00:00' AIRFLOW_CTX_TRY_NUMBER='1' AIRFLOW_CTX_DAG_RUN_ID='scheduled__2023-09-04T00:00:00+00:00'
[2023-09-18T13:54:42.825+0000] {subprocess.py:63} INFO - Tmp dir root location: /tmp
[2023-09-18T13:54:42.827+0000] {subprocess.py:75} INFO - Running command: ['/bin/bash', '-c', "sleep 2 && echo 'Task 1'"]
[2023-09-18T13:54:42.897+0000] {subprocess.py:86} INFO - Output:
[2023-09-18T13:54:44.906+0000] {subprocess.py:93} INFO - Task 1
[2023-09-18T13:54:44.907+0000] {subprocess.py:97} INFO - Command exited with return code 0
[2023-09-18T13:54:44.954+0000] {taskinstance.py:1398} INFO - Marking task as SUCCESS. dag_id=6.1-monitoring, task_id=task1, execution_date=20230904T000000, start_date=20230918T135442, end_date=20230918T135444
[2023-09-18T13:54:45.014+0000] {local_task_job_runner.py:228} INFO - Task exited with return code 0
[2023-09-18T13:54:45.092+0000] {taskinstance.py:2776} INFO - 1 downstream tasks scheduled from follow-on schedule check
