[2023-09-18T13:03:28.611+0000] {taskinstance.py:1157} INFO - Dependencies all met for dep_context=non-requeueable deps ti=<TaskInstance: 5.1-orchestration.task2 scheduled__2023-09-12T00:00:00+00:00 [queued]>
[2023-09-18T13:03:28.626+0000] {taskinstance.py:1157} INFO - Dependencies all met for dep_context=requeueable deps ti=<TaskInstance: 5.1-orchestration.task2 scheduled__2023-09-12T00:00:00+00:00 [queued]>
[2023-09-18T13:03:28.627+0000] {taskinstance.py:1359} INFO - Starting attempt 1 of 1
[2023-09-18T13:03:28.645+0000] {taskinstance.py:1380} INFO - Executing <Task(BashOperator): task2> on 2023-09-12 00:00:00+00:00
[2023-09-18T13:03:28.653+0000] {standard_task_runner.py:57} INFO - Started process 3133 to run task
[2023-09-18T13:03:28.657+0000] {standard_task_runner.py:84} INFO - Running: ['***', 'tasks', 'run', '5.1-orchestration', 'task2', 'scheduled__2023-09-12T00:00:00+00:00', '--job-id', '83', '--raw', '--subdir', 'DAGS_FOLDER/5.1-orchestration.py', '--cfg-path', '/tmp/tmpb1vwnpeu']
[2023-09-18T13:03:28.660+0000] {standard_task_runner.py:85} INFO - Job 83: Subtask task2
[2023-09-18T13:03:28.719+0000] {task_command.py:415} INFO - Running <TaskInstance: 5.1-orchestration.task2 scheduled__2023-09-12T00:00:00+00:00 [running]> on host e891a57bf0af
[2023-09-18T13:03:28.819+0000] {taskinstance.py:1660} INFO - Exporting env vars: AIRFLOW_CTX_DAG_OWNER='***' AIRFLOW_CTX_DAG_ID='5.1-orchestration' AIRFLOW_CTX_TASK_ID='task2' AIRFLOW_CTX_EXECUTION_DATE='2023-09-12T00:00:00+00:00' AIRFLOW_CTX_TRY_NUMBER='1' AIRFLOW_CTX_DAG_RUN_ID='scheduled__2023-09-12T00:00:00+00:00'
[2023-09-18T13:03:28.825+0000] {subprocess.py:63} INFO - Tmp dir root location: /tmp
[2023-09-18T13:03:28.827+0000] {subprocess.py:75} INFO - Running command: ['/bin/bash', '-c', "sleep 2 && echo 'Task 2'"]
[2023-09-18T13:03:28.841+0000] {subprocess.py:86} INFO - Output:
[2023-09-18T13:03:30.880+0000] {subprocess.py:93} INFO - Task 2
[2023-09-18T13:03:30.881+0000] {subprocess.py:97} INFO - Command exited with return code 0
[2023-09-18T13:03:30.913+0000] {taskinstance.py:1398} INFO - Marking task as SUCCESS. dag_id=5.1-orchestration, task_id=task2, execution_date=20230912T000000, start_date=20230918T130328, end_date=20230918T130330
[2023-09-18T13:03:30.973+0000] {local_task_job_runner.py:228} INFO - Task exited with return code 0
[2023-09-18T13:03:31.009+0000] {taskinstance.py:2776} INFO - 2 downstream tasks scheduled from follow-on schedule check
[2023-09-18T13:24:37.765+0000] {taskinstance.py:1157} INFO - Dependencies all met for dep_context=non-requeueable deps ti=<TaskInstance: 5.1-orchestration.task2 scheduled__2023-09-12T00:00:00+00:00 [queued]>
[2023-09-18T13:24:37.783+0000] {taskinstance.py:1157} INFO - Dependencies all met for dep_context=requeueable deps ti=<TaskInstance: 5.1-orchestration.task2 scheduled__2023-09-12T00:00:00+00:00 [queued]>
[2023-09-18T13:24:37.784+0000] {taskinstance.py:1359} INFO - Starting attempt 1 of 1
[2023-09-18T13:24:37.802+0000] {taskinstance.py:1380} INFO - Executing <Task(BashOperator): task2> on 2023-09-12 00:00:00+00:00
[2023-09-18T13:24:37.808+0000] {standard_task_runner.py:57} INFO - Started process 3741 to run task
[2023-09-18T13:24:37.812+0000] {standard_task_runner.py:84} INFO - Running: ['***', 'tasks', 'run', '5.1-orchestration', 'task2', 'scheduled__2023-09-12T00:00:00+00:00', '--job-id', '154', '--raw', '--subdir', 'DAGS_FOLDER/5.1-orchestration.py', '--cfg-path', '/tmp/tmpj8z67p5s']
[2023-09-18T13:24:37.814+0000] {standard_task_runner.py:85} INFO - Job 154: Subtask task2
[2023-09-18T13:24:37.872+0000] {task_command.py:415} INFO - Running <TaskInstance: 5.1-orchestration.task2 scheduled__2023-09-12T00:00:00+00:00 [running]> on host e891a57bf0af
[2023-09-18T13:24:37.947+0000] {taskinstance.py:1660} INFO - Exporting env vars: AIRFLOW_CTX_DAG_OWNER='***' AIRFLOW_CTX_DAG_ID='5.1-orchestration' AIRFLOW_CTX_TASK_ID='task2' AIRFLOW_CTX_EXECUTION_DATE='2023-09-12T00:00:00+00:00' AIRFLOW_CTX_TRY_NUMBER='1' AIRFLOW_CTX_DAG_RUN_ID='scheduled__2023-09-12T00:00:00+00:00'
[2023-09-18T13:24:37.948+0000] {subprocess.py:63} INFO - Tmp dir root location: /tmp
[2023-09-18T13:24:37.949+0000] {subprocess.py:75} INFO - Running command: ['/bin/bash', '-c', "sleep 2 && echo 'Task 2'"]
[2023-09-18T13:24:37.957+0000] {subprocess.py:86} INFO - Output:
[2023-09-18T13:24:39.962+0000] {subprocess.py:93} INFO - Task 2
[2023-09-18T13:24:39.963+0000] {subprocess.py:97} INFO - Command exited with return code 0
[2023-09-18T13:24:39.993+0000] {taskinstance.py:1398} INFO - Marking task as SUCCESS. dag_id=5.1-orchestration, task_id=task2, execution_date=20230912T000000, start_date=20230918T132437, end_date=20230918T132439
[2023-09-18T13:24:40.039+0000] {local_task_job_runner.py:228} INFO - Task exited with return code 0
[2023-09-18T13:24:40.070+0000] {taskinstance.py:2776} INFO - 2 downstream tasks scheduled from follow-on schedule check
