[2023-09-18T13:03:48.265+0000] {taskinstance.py:1157} INFO - Dependencies all met for dep_context=non-requeueable deps ti=<TaskInstance: 5.1-orchestration.task2 scheduled__2023-09-17T00:00:00+00:00 [queued]>
[2023-09-18T13:03:48.284+0000] {taskinstance.py:1157} INFO - Dependencies all met for dep_context=requeueable deps ti=<TaskInstance: 5.1-orchestration.task2 scheduled__2023-09-17T00:00:00+00:00 [queued]>
[2023-09-18T13:03:48.285+0000] {taskinstance.py:1359} INFO - Starting attempt 1 of 1
[2023-09-18T13:03:48.303+0000] {taskinstance.py:1380} INFO - Executing <Task(BashOperator): task2> on 2023-09-17 00:00:00+00:00
[2023-09-18T13:03:48.311+0000] {standard_task_runner.py:57} INFO - Started process 3220 to run task
[2023-09-18T13:03:48.315+0000] {standard_task_runner.py:84} INFO - Running: ['***', 'tasks', 'run', '5.1-orchestration', 'task2', 'scheduled__2023-09-17T00:00:00+00:00', '--job-id', '102', '--raw', '--subdir', 'DAGS_FOLDER/5.1-orchestration.py', '--cfg-path', '/tmp/tmpxe73o8ll']
[2023-09-18T13:03:48.317+0000] {standard_task_runner.py:85} INFO - Job 102: Subtask task2
[2023-09-18T13:03:48.402+0000] {task_command.py:415} INFO - Running <TaskInstance: 5.1-orchestration.task2 scheduled__2023-09-17T00:00:00+00:00 [running]> on host e891a57bf0af
[2023-09-18T13:03:48.507+0000] {taskinstance.py:1660} INFO - Exporting env vars: AIRFLOW_CTX_DAG_OWNER='***' AIRFLOW_CTX_DAG_ID='5.1-orchestration' AIRFLOW_CTX_TASK_ID='task2' AIRFLOW_CTX_EXECUTION_DATE='2023-09-17T00:00:00+00:00' AIRFLOW_CTX_TRY_NUMBER='1' AIRFLOW_CTX_DAG_RUN_ID='scheduled__2023-09-17T00:00:00+00:00'
[2023-09-18T13:03:48.508+0000] {subprocess.py:63} INFO - Tmp dir root location: /tmp
[2023-09-18T13:03:48.509+0000] {subprocess.py:75} INFO - Running command: ['/bin/bash', '-c', "sleep 2 && echo 'Task 2'"]
[2023-09-18T13:03:48.520+0000] {subprocess.py:86} INFO - Output:
[2023-09-18T13:03:50.523+0000] {subprocess.py:93} INFO - Task 2
[2023-09-18T13:03:50.524+0000] {subprocess.py:97} INFO - Command exited with return code 0
[2023-09-18T13:03:50.555+0000] {taskinstance.py:1398} INFO - Marking task as SUCCESS. dag_id=5.1-orchestration, task_id=task2, execution_date=20230917T000000, start_date=20230918T130348, end_date=20230918T130350
[2023-09-18T13:03:50.578+0000] {local_task_job_runner.py:228} INFO - Task exited with return code 0
[2023-09-18T13:03:50.611+0000] {taskinstance.py:2776} INFO - 2 downstream tasks scheduled from follow-on schedule check
[2023-09-18T13:25:29.255+0000] {taskinstance.py:1157} INFO - Dependencies all met for dep_context=non-requeueable deps ti=<TaskInstance: 5.1-orchestration.task2 scheduled__2023-09-17T00:00:00+00:00 [queued]>
[2023-09-18T13:25:29.267+0000] {taskinstance.py:1157} INFO - Dependencies all met for dep_context=requeueable deps ti=<TaskInstance: 5.1-orchestration.task2 scheduled__2023-09-17T00:00:00+00:00 [queued]>
[2023-09-18T13:25:29.268+0000] {taskinstance.py:1359} INFO - Starting attempt 1 of 1
[2023-09-18T13:25:29.288+0000] {taskinstance.py:1380} INFO - Executing <Task(BashOperator): task2> on 2023-09-17 00:00:00+00:00
[2023-09-18T13:25:29.293+0000] {standard_task_runner.py:57} INFO - Started process 3838 to run task
[2023-09-18T13:25:29.297+0000] {standard_task_runner.py:84} INFO - Running: ['***', 'tasks', 'run', '5.1-orchestration', 'task2', 'scheduled__2023-09-17T00:00:00+00:00', '--job-id', '174', '--raw', '--subdir', 'DAGS_FOLDER/5.1-orchestration.py', '--cfg-path', '/tmp/tmp81u2pktj']
[2023-09-18T13:25:29.299+0000] {standard_task_runner.py:85} INFO - Job 174: Subtask task2
[2023-09-18T13:25:29.358+0000] {task_command.py:415} INFO - Running <TaskInstance: 5.1-orchestration.task2 scheduled__2023-09-17T00:00:00+00:00 [running]> on host e891a57bf0af
[2023-09-18T13:25:29.456+0000] {taskinstance.py:1660} INFO - Exporting env vars: AIRFLOW_CTX_DAG_OWNER='***' AIRFLOW_CTX_DAG_ID='5.1-orchestration' AIRFLOW_CTX_TASK_ID='task2' AIRFLOW_CTX_EXECUTION_DATE='2023-09-17T00:00:00+00:00' AIRFLOW_CTX_TRY_NUMBER='1' AIRFLOW_CTX_DAG_RUN_ID='scheduled__2023-09-17T00:00:00+00:00'
[2023-09-18T13:25:29.458+0000] {subprocess.py:63} INFO - Tmp dir root location: /tmp
[2023-09-18T13:25:29.459+0000] {subprocess.py:75} INFO - Running command: ['/bin/bash', '-c', "sleep 2 && echo 'Task 2'"]
[2023-09-18T13:25:29.467+0000] {subprocess.py:86} INFO - Output:
[2023-09-18T13:25:31.472+0000] {subprocess.py:93} INFO - Task 2
[2023-09-18T13:25:31.473+0000] {subprocess.py:97} INFO - Command exited with return code 0
[2023-09-18T13:25:31.505+0000] {taskinstance.py:1398} INFO - Marking task as SUCCESS. dag_id=5.1-orchestration, task_id=task2, execution_date=20230917T000000, start_date=20230918T132529, end_date=20230918T132531
[2023-09-18T13:25:31.535+0000] {local_task_job_runner.py:228} INFO - Task exited with return code 0
[2023-09-18T13:25:31.563+0000] {taskinstance.py:2776} INFO - 2 downstream tasks scheduled from follow-on schedule check
