[2023-09-18T13:47:18.616+0000] {taskinstance.py:1157} INFO - Dependencies all met for dep_context=non-requeueable deps ti=<TaskInstance: 6.1-monitoring.task2 scheduled__2023-09-13T00:00:00+00:00 [queued]>
[2023-09-18T13:47:18.638+0000] {taskinstance.py:1157} INFO - Dependencies all met for dep_context=requeueable deps ti=<TaskInstance: 6.1-monitoring.task2 scheduled__2023-09-13T00:00:00+00:00 [queued]>
[2023-09-18T13:47:18.638+0000] {taskinstance.py:1359} INFO - Starting attempt 1 of 1
[2023-09-18T13:47:18.664+0000] {taskinstance.py:1380} INFO - Executing <Task(BashOperator): task2> on 2023-09-13 00:00:00+00:00
[2023-09-18T13:47:18.672+0000] {standard_task_runner.py:57} INFO - Started process 4472 to run task
[2023-09-18T13:47:18.679+0000] {standard_task_runner.py:84} INFO - Running: ['***', 'tasks', 'run', '6.1-monitoring', 'task2', 'scheduled__2023-09-13T00:00:00+00:00', '--job-id', '258', '--raw', '--subdir', 'DAGS_FOLDER/6.1-monitoring.py', '--cfg-path', '/tmp/tmpsdcyboqi']
[2023-09-18T13:47:18.681+0000] {standard_task_runner.py:85} INFO - Job 258: Subtask task2
[2023-09-18T13:47:18.760+0000] {task_command.py:415} INFO - Running <TaskInstance: 6.1-monitoring.task2 scheduled__2023-09-13T00:00:00+00:00 [running]> on host e891a57bf0af
[2023-09-18T13:47:18.905+0000] {taskinstance.py:1660} INFO - Exporting env vars: AIRFLOW_CTX_DAG_OWNER='***' AIRFLOW_CTX_DAG_ID='6.1-monitoring' AIRFLOW_CTX_TASK_ID='task2' AIRFLOW_CTX_EXECUTION_DATE='2023-09-13T00:00:00+00:00' AIRFLOW_CTX_TRY_NUMBER='1' AIRFLOW_CTX_DAG_RUN_ID='scheduled__2023-09-13T00:00:00+00:00'
[2023-09-18T13:47:18.911+0000] {subprocess.py:63} INFO - Tmp dir root location: /tmp
[2023-09-18T13:47:18.912+0000] {subprocess.py:75} INFO - Running command: ['/bin/bash', '-c', "sleep 2 && echo 'Task 2"]
[2023-09-18T13:47:18.936+0000] {subprocess.py:86} INFO - Output:
[2023-09-18T13:47:18.941+0000] {subprocess.py:93} INFO - /bin/bash: -c: line 1: unexpected EOF while looking for matching `''
[2023-09-18T13:47:18.942+0000] {subprocess.py:93} INFO - /bin/bash: -c: line 2: syntax error: unexpected end of file
[2023-09-18T13:47:18.943+0000] {subprocess.py:97} INFO - Command exited with return code 2
[2023-09-18T13:47:18.967+0000] {taskinstance.py:1935} ERROR - Task failed with exception
Traceback (most recent call last):
  File "/home/airflow/.local/lib/python3.8/site-packages/airflow/operators/bash.py", line 210, in execute
    raise AirflowException(
airflow.exceptions.AirflowException: Bash command failed. The command returned a non-zero exit code 2.
[2023-09-18T13:47:18.975+0000] {taskinstance.py:1398} INFO - Marking task as FAILED. dag_id=6.1-monitoring, task_id=task2, execution_date=20230913T000000, start_date=20230918T134718, end_date=20230918T134718
[2023-09-18T13:47:18.999+0000] {standard_task_runner.py:104} ERROR - Failed to execute job 258 for task task2 (Bash command failed. The command returned a non-zero exit code 2.; 4472)
[2023-09-18T13:47:19.052+0000] {local_task_job_runner.py:228} INFO - Task exited with return code 1
[2023-09-18T13:47:19.122+0000] {taskinstance.py:2776} INFO - 0 downstream tasks scheduled from follow-on schedule check
[2023-09-18T13:53:15.954+0000] {taskinstance.py:1157} INFO - Dependencies all met for dep_context=non-requeueable deps ti=<TaskInstance: 6.1-monitoring.task2 scheduled__2023-09-13T00:00:00+00:00 [queued]>
[2023-09-18T13:53:16.001+0000] {taskinstance.py:1157} INFO - Dependencies all met for dep_context=requeueable deps ti=<TaskInstance: 6.1-monitoring.task2 scheduled__2023-09-13T00:00:00+00:00 [queued]>
[2023-09-18T13:53:16.003+0000] {taskinstance.py:1359} INFO - Starting attempt 1 of 1
[2023-09-18T13:53:16.198+0000] {taskinstance.py:1380} INFO - Executing <Task(BashOperator): task2> on 2023-09-13 00:00:00+00:00
[2023-09-18T13:53:16.211+0000] {standard_task_runner.py:57} INFO - Started process 5064 to run task
[2023-09-18T13:53:16.218+0000] {standard_task_runner.py:84} INFO - Running: ['***', 'tasks', 'run', '6.1-monitoring', 'task2', 'scheduled__2023-09-13T00:00:00+00:00', '--job-id', '398', '--raw', '--subdir', 'DAGS_FOLDER/6.1-monitoring.py', '--cfg-path', '/tmp/tmpzsn9ffeg']
[2023-09-18T13:53:16.221+0000] {standard_task_runner.py:85} INFO - Job 398: Subtask task2
[2023-09-18T13:53:16.378+0000] {task_command.py:415} INFO - Running <TaskInstance: 6.1-monitoring.task2 scheduled__2023-09-13T00:00:00+00:00 [running]> on host e891a57bf0af
[2023-09-18T13:53:16.633+0000] {taskinstance.py:1660} INFO - Exporting env vars: AIRFLOW_CTX_DAG_OWNER='***' AIRFLOW_CTX_DAG_ID='6.1-monitoring' AIRFLOW_CTX_TASK_ID='task2' AIRFLOW_CTX_EXECUTION_DATE='2023-09-13T00:00:00+00:00' AIRFLOW_CTX_TRY_NUMBER='1' AIRFLOW_CTX_DAG_RUN_ID='scheduled__2023-09-13T00:00:00+00:00'
[2023-09-18T13:53:16.636+0000] {subprocess.py:63} INFO - Tmp dir root location: /tmp
[2023-09-18T13:53:16.638+0000] {subprocess.py:75} INFO - Running command: ['/bin/bash', '-c', "sleep 2 && echo 'Task 2'"]
[2023-09-18T13:53:16.658+0000] {subprocess.py:86} INFO - Output:
[2023-09-18T13:53:18.669+0000] {subprocess.py:93} INFO - Task 2
[2023-09-18T13:53:18.670+0000] {subprocess.py:97} INFO - Command exited with return code 0
[2023-09-18T13:53:18.704+0000] {taskinstance.py:1398} INFO - Marking task as SUCCESS. dag_id=6.1-monitoring, task_id=task2, execution_date=20230913T000000, start_date=20230918T135315, end_date=20230918T135318
[2023-09-18T13:53:18.734+0000] {local_task_job_runner.py:228} INFO - Task exited with return code 0
[2023-09-18T13:53:18.772+0000] {taskinstance.py:2776} INFO - 1 downstream tasks scheduled from follow-on schedule check
[2023-09-18T13:55:15.424+0000] {taskinstance.py:1157} INFO - Dependencies all met for dep_context=non-requeueable deps ti=<TaskInstance: 6.1-monitoring.task2 scheduled__2023-09-13T00:00:00+00:00 [queued]>
[2023-09-18T13:55:15.477+0000] {taskinstance.py:1157} INFO - Dependencies all met for dep_context=requeueable deps ti=<TaskInstance: 6.1-monitoring.task2 scheduled__2023-09-13T00:00:00+00:00 [queued]>
[2023-09-18T13:55:15.481+0000] {taskinstance.py:1359} INFO - Starting attempt 1 of 1
[2023-09-18T13:55:15.562+0000] {taskinstance.py:1380} INFO - Executing <Task(BashOperator): task2> on 2023-09-13 00:00:00+00:00
[2023-09-18T13:55:15.574+0000] {standard_task_runner.py:57} INFO - Started process 5277 to run task
[2023-09-18T13:55:15.583+0000] {standard_task_runner.py:84} INFO - Running: ['***', 'tasks', 'run', '6.1-monitoring', 'task2', 'scheduled__2023-09-13T00:00:00+00:00', '--job-id', '449', '--raw', '--subdir', 'DAGS_FOLDER/6.1-monitoring.py', '--cfg-path', '/tmp/tmpf55ta2gp']
[2023-09-18T13:55:15.593+0000] {standard_task_runner.py:85} INFO - Job 449: Subtask task2
[2023-09-18T13:55:15.731+0000] {task_command.py:415} INFO - Running <TaskInstance: 6.1-monitoring.task2 scheduled__2023-09-13T00:00:00+00:00 [running]> on host e891a57bf0af
[2023-09-18T13:55:15.941+0000] {taskinstance.py:1660} INFO - Exporting env vars: AIRFLOW_CTX_DAG_OWNER='***' AIRFLOW_CTX_DAG_ID='6.1-monitoring' AIRFLOW_CTX_TASK_ID='task2' AIRFLOW_CTX_EXECUTION_DATE='2023-09-13T00:00:00+00:00' AIRFLOW_CTX_TRY_NUMBER='1' AIRFLOW_CTX_DAG_RUN_ID='scheduled__2023-09-13T00:00:00+00:00'
[2023-09-18T13:55:15.944+0000] {subprocess.py:63} INFO - Tmp dir root location: /tmp
[2023-09-18T13:55:15.946+0000] {subprocess.py:75} INFO - Running command: ['/bin/bash', '-c', "sleep 2 && echo 'Task 2'"]
[2023-09-18T13:55:15.976+0000] {subprocess.py:86} INFO - Output:
[2023-09-18T13:55:17.983+0000] {subprocess.py:93} INFO - Task 2
[2023-09-18T13:55:17.984+0000] {subprocess.py:97} INFO - Command exited with return code 0
[2023-09-18T13:55:18.021+0000] {taskinstance.py:1398} INFO - Marking task as SUCCESS. dag_id=6.1-monitoring, task_id=task2, execution_date=20230913T000000, start_date=20230918T135515, end_date=20230918T135518
[2023-09-18T13:55:18.051+0000] {local_task_job_runner.py:228} INFO - Task exited with return code 0
[2023-09-18T13:55:18.089+0000] {taskinstance.py:2776} INFO - 1 downstream tasks scheduled from follow-on schedule check
