[2023-09-18T13:03:32.166+0000] {taskinstance.py:1157} INFO - Dependencies all met for dep_context=non-requeueable deps ti=<TaskInstance: 5.1-orchestration.task2 scheduled__2023-09-13T00:00:00+00:00 [queued]>
[2023-09-18T13:03:32.182+0000] {taskinstance.py:1157} INFO - Dependencies all met for dep_context=requeueable deps ti=<TaskInstance: 5.1-orchestration.task2 scheduled__2023-09-13T00:00:00+00:00 [queued]>
[2023-09-18T13:03:32.182+0000] {taskinstance.py:1359} INFO - Starting attempt 1 of 1
[2023-09-18T13:03:32.208+0000] {taskinstance.py:1380} INFO - Executing <Task(BashOperator): task2> on 2023-09-13 00:00:00+00:00
[2023-09-18T13:03:32.215+0000] {standard_task_runner.py:57} INFO - Started process 3147 to run task
[2023-09-18T13:03:32.220+0000] {standard_task_runner.py:84} INFO - Running: ['***', 'tasks', 'run', '5.1-orchestration', 'task2', 'scheduled__2023-09-13T00:00:00+00:00', '--job-id', '84', '--raw', '--subdir', 'DAGS_FOLDER/5.1-orchestration.py', '--cfg-path', '/tmp/tmpo_xu8ti6']
[2023-09-18T13:03:32.222+0000] {standard_task_runner.py:85} INFO - Job 84: Subtask task2
[2023-09-18T13:03:32.283+0000] {task_command.py:415} INFO - Running <TaskInstance: 5.1-orchestration.task2 scheduled__2023-09-13T00:00:00+00:00 [running]> on host e891a57bf0af
[2023-09-18T13:03:32.381+0000] {taskinstance.py:1660} INFO - Exporting env vars: AIRFLOW_CTX_DAG_OWNER='***' AIRFLOW_CTX_DAG_ID='5.1-orchestration' AIRFLOW_CTX_TASK_ID='task2' AIRFLOW_CTX_EXECUTION_DATE='2023-09-13T00:00:00+00:00' AIRFLOW_CTX_TRY_NUMBER='1' AIRFLOW_CTX_DAG_RUN_ID='scheduled__2023-09-13T00:00:00+00:00'
[2023-09-18T13:03:32.384+0000] {subprocess.py:63} INFO - Tmp dir root location: /tmp
[2023-09-18T13:03:32.385+0000] {subprocess.py:75} INFO - Running command: ['/bin/bash', '-c', "sleep 2 && echo 'Task 2'"]
[2023-09-18T13:03:32.399+0000] {subprocess.py:86} INFO - Output:
[2023-09-18T13:03:34.421+0000] {subprocess.py:93} INFO - Task 2
[2023-09-18T13:03:34.422+0000] {subprocess.py:97} INFO - Command exited with return code 0
[2023-09-18T13:03:34.499+0000] {taskinstance.py:1398} INFO - Marking task as SUCCESS. dag_id=5.1-orchestration, task_id=task2, execution_date=20230913T000000, start_date=20230918T130332, end_date=20230918T130334
[2023-09-18T13:03:34.565+0000] {local_task_job_runner.py:228} INFO - Task exited with return code 0
[2023-09-18T13:03:34.610+0000] {taskinstance.py:2776} INFO - 2 downstream tasks scheduled from follow-on schedule check
[2023-09-18T13:24:48.069+0000] {taskinstance.py:1157} INFO - Dependencies all met for dep_context=non-requeueable deps ti=<TaskInstance: 5.1-orchestration.task2 scheduled__2023-09-13T00:00:00+00:00 [queued]>
[2023-09-18T13:24:48.192+0000] {taskinstance.py:1157} INFO - Dependencies all met for dep_context=requeueable deps ti=<TaskInstance: 5.1-orchestration.task2 scheduled__2023-09-13T00:00:00+00:00 [queued]>
[2023-09-18T13:24:48.193+0000] {taskinstance.py:1359} INFO - Starting attempt 1 of 1
[2023-09-18T13:24:48.208+0000] {taskinstance.py:1380} INFO - Executing <Task(BashOperator): task2> on 2023-09-13 00:00:00+00:00
[2023-09-18T13:24:48.213+0000] {standard_task_runner.py:57} INFO - Started process 3766 to run task
[2023-09-18T13:24:48.216+0000] {standard_task_runner.py:84} INFO - Running: ['***', 'tasks', 'run', '5.1-orchestration', 'task2', 'scheduled__2023-09-13T00:00:00+00:00', '--job-id', '158', '--raw', '--subdir', 'DAGS_FOLDER/5.1-orchestration.py', '--cfg-path', '/tmp/tmpyxktne_6']
[2023-09-18T13:24:48.218+0000] {standard_task_runner.py:85} INFO - Job 158: Subtask task2
[2023-09-18T13:24:48.269+0000] {task_command.py:415} INFO - Running <TaskInstance: 5.1-orchestration.task2 scheduled__2023-09-13T00:00:00+00:00 [running]> on host e891a57bf0af
[2023-09-18T13:24:48.357+0000] {taskinstance.py:1660} INFO - Exporting env vars: AIRFLOW_CTX_DAG_OWNER='***' AIRFLOW_CTX_DAG_ID='5.1-orchestration' AIRFLOW_CTX_TASK_ID='task2' AIRFLOW_CTX_EXECUTION_DATE='2023-09-13T00:00:00+00:00' AIRFLOW_CTX_TRY_NUMBER='1' AIRFLOW_CTX_DAG_RUN_ID='scheduled__2023-09-13T00:00:00+00:00'
[2023-09-18T13:24:48.359+0000] {subprocess.py:63} INFO - Tmp dir root location: /tmp
[2023-09-18T13:24:48.360+0000] {subprocess.py:75} INFO - Running command: ['/bin/bash', '-c', "sleep 2 && echo 'Task 2'"]
[2023-09-18T13:24:48.370+0000] {subprocess.py:86} INFO - Output:
[2023-09-18T13:24:50.373+0000] {subprocess.py:93} INFO - Task 2
[2023-09-18T13:24:50.374+0000] {subprocess.py:97} INFO - Command exited with return code 0
[2023-09-18T13:24:50.406+0000] {taskinstance.py:1398} INFO - Marking task as SUCCESS. dag_id=5.1-orchestration, task_id=task2, execution_date=20230913T000000, start_date=20230918T132448, end_date=20230918T132450
[2023-09-18T13:24:50.443+0000] {local_task_job_runner.py:228} INFO - Task exited with return code 0
[2023-09-18T13:24:50.474+0000] {taskinstance.py:2776} INFO - 2 downstream tasks scheduled from follow-on schedule check
