[2023-09-18T13:53:37.905+0000] {taskinstance.py:1157} INFO - Dependencies all met for dep_context=non-requeueable deps ti=<TaskInstance: 6.1-monitoring.task3 scheduled__2023-09-17T00:00:00+00:00 [queued]>
[2023-09-18T13:53:37.920+0000] {taskinstance.py:1157} INFO - Dependencies all met for dep_context=requeueable deps ti=<TaskInstance: 6.1-monitoring.task3 scheduled__2023-09-17T00:00:00+00:00 [queued]>
[2023-09-18T13:53:37.921+0000] {taskinstance.py:1359} INFO - Starting attempt 1 of 1
[2023-09-18T13:53:37.947+0000] {taskinstance.py:1380} INFO - Executing <Task(BashOperator): task3> on 2023-09-17 00:00:00+00:00
[2023-09-18T13:53:37.954+0000] {standard_task_runner.py:57} INFO - Started process 5150 to run task
[2023-09-18T13:53:37.960+0000] {standard_task_runner.py:84} INFO - Running: ['***', 'tasks', 'run', '6.1-monitoring', 'task3', 'scheduled__2023-09-17T00:00:00+00:00', '--job-id', '424', '--raw', '--subdir', 'DAGS_FOLDER/6.1-monitoring.py', '--cfg-path', '/tmp/tmp9remqy6y']
[2023-09-18T13:53:37.962+0000] {standard_task_runner.py:85} INFO - Job 424: Subtask task3
[2023-09-18T13:53:38.032+0000] {task_command.py:415} INFO - Running <TaskInstance: 6.1-monitoring.task3 scheduled__2023-09-17T00:00:00+00:00 [running]> on host e891a57bf0af
[2023-09-18T13:53:38.150+0000] {taskinstance.py:1660} INFO - Exporting env vars: AIRFLOW_CTX_DAG_OWNER='***' AIRFLOW_CTX_DAG_ID='6.1-monitoring' AIRFLOW_CTX_TASK_ID='task3' AIRFLOW_CTX_EXECUTION_DATE='2023-09-17T00:00:00+00:00' AIRFLOW_CTX_TRY_NUMBER='1' AIRFLOW_CTX_DAG_RUN_ID='scheduled__2023-09-17T00:00:00+00:00'
[2023-09-18T13:53:38.152+0000] {subprocess.py:63} INFO - Tmp dir root location: /tmp
[2023-09-18T13:53:38.154+0000] {subprocess.py:75} INFO - Running command: ['/bin/bash', '-c', "sleep 2 && echo 'Task 3'"]
[2023-09-18T13:53:38.168+0000] {subprocess.py:86} INFO - Output:
[2023-09-18T13:53:40.172+0000] {subprocess.py:93} INFO - Task 3
[2023-09-18T13:53:40.173+0000] {subprocess.py:97} INFO - Command exited with return code 0
[2023-09-18T13:53:40.206+0000] {taskinstance.py:1398} INFO - Marking task as SUCCESS. dag_id=6.1-monitoring, task_id=task3, execution_date=20230917T000000, start_date=20230918T135337, end_date=20230918T135340
[2023-09-18T13:53:40.267+0000] {local_task_job_runner.py:228} INFO - Task exited with return code 0
[2023-09-18T13:53:40.297+0000] {taskinstance.py:2776} INFO - 1 downstream tasks scheduled from follow-on schedule check
[2023-09-18T13:55:28.813+0000] {taskinstance.py:1157} INFO - Dependencies all met for dep_context=non-requeueable deps ti=<TaskInstance: 6.1-monitoring.task3 scheduled__2023-09-17T00:00:00+00:00 [queued]>
[2023-09-18T13:55:28.827+0000] {taskinstance.py:1157} INFO - Dependencies all met for dep_context=requeueable deps ti=<TaskInstance: 6.1-monitoring.task3 scheduled__2023-09-17T00:00:00+00:00 [queued]>
[2023-09-18T13:55:28.828+0000] {taskinstance.py:1359} INFO - Starting attempt 1 of 1
[2023-09-18T13:55:28.853+0000] {taskinstance.py:1380} INFO - Executing <Task(BashOperator): task3> on 2023-09-17 00:00:00+00:00
[2023-09-18T13:55:28.861+0000] {standard_task_runner.py:57} INFO - Started process 5366 to run task
[2023-09-18T13:55:28.867+0000] {standard_task_runner.py:84} INFO - Running: ['***', 'tasks', 'run', '6.1-monitoring', 'task3', 'scheduled__2023-09-17T00:00:00+00:00', '--job-id', '476', '--raw', '--subdir', 'DAGS_FOLDER/6.1-monitoring.py', '--cfg-path', '/tmp/tmpg1jzekg3']
[2023-09-18T13:55:28.869+0000] {standard_task_runner.py:85} INFO - Job 476: Subtask task3
[2023-09-18T13:55:28.939+0000] {task_command.py:415} INFO - Running <TaskInstance: 6.1-monitoring.task3 scheduled__2023-09-17T00:00:00+00:00 [running]> on host e891a57bf0af
[2023-09-18T13:55:29.066+0000] {taskinstance.py:1660} INFO - Exporting env vars: AIRFLOW_CTX_DAG_OWNER='***' AIRFLOW_CTX_DAG_ID='6.1-monitoring' AIRFLOW_CTX_TASK_ID='task3' AIRFLOW_CTX_EXECUTION_DATE='2023-09-17T00:00:00+00:00' AIRFLOW_CTX_TRY_NUMBER='1' AIRFLOW_CTX_DAG_RUN_ID='scheduled__2023-09-17T00:00:00+00:00'
[2023-09-18T13:55:29.068+0000] {subprocess.py:63} INFO - Tmp dir root location: /tmp
[2023-09-18T13:55:29.069+0000] {subprocess.py:75} INFO - Running command: ['/bin/bash', '-c', "sleep 2 && echo 'Task 3'"]
[2023-09-18T13:55:29.082+0000] {subprocess.py:86} INFO - Output:
[2023-09-18T13:55:31.086+0000] {subprocess.py:93} INFO - Task 3
[2023-09-18T13:55:31.088+0000] {subprocess.py:97} INFO - Command exited with return code 0
[2023-09-18T13:55:31.118+0000] {taskinstance.py:1398} INFO - Marking task as SUCCESS. dag_id=6.1-monitoring, task_id=task3, execution_date=20230917T000000, start_date=20230918T135528, end_date=20230918T135531
[2023-09-18T13:55:31.176+0000] {local_task_job_runner.py:228} INFO - Task exited with return code 0
[2023-09-18T13:55:31.219+0000] {taskinstance.py:2776} INFO - 1 downstream tasks scheduled from follow-on schedule check
