[2023-09-18T13:53:12.443+0000] {taskinstance.py:1157} INFO - Dependencies all met for dep_context=non-requeueable deps ti=<TaskInstance: 6.1-monitoring.task2 scheduled__2023-09-11T00:00:00+00:00 [queued]>
[2023-09-18T13:53:12.472+0000] {taskinstance.py:1157} INFO - Dependencies all met for dep_context=requeueable deps ti=<TaskInstance: 6.1-monitoring.task2 scheduled__2023-09-11T00:00:00+00:00 [queued]>
[2023-09-18T13:53:12.474+0000] {taskinstance.py:1359} INFO - Starting attempt 1 of 1
[2023-09-18T13:53:12.512+0000] {taskinstance.py:1380} INFO - Executing <Task(BashOperator): task2> on 2023-09-11 00:00:00+00:00
[2023-09-18T13:53:12.521+0000] {standard_task_runner.py:57} INFO - Started process 5052 to run task
[2023-09-18T13:53:12.528+0000] {standard_task_runner.py:84} INFO - Running: ['***', 'tasks', 'run', '6.1-monitoring', 'task2', 'scheduled__2023-09-11T00:00:00+00:00', '--job-id', '396', '--raw', '--subdir', 'DAGS_FOLDER/6.1-monitoring.py', '--cfg-path', '/tmp/tmpj4b20pe4']
[2023-09-18T13:53:12.531+0000] {standard_task_runner.py:85} INFO - Job 396: Subtask task2
[2023-09-18T13:53:12.650+0000] {task_command.py:415} INFO - Running <TaskInstance: 6.1-monitoring.task2 scheduled__2023-09-11T00:00:00+00:00 [running]> on host e891a57bf0af
[2023-09-18T13:53:12.835+0000] {taskinstance.py:1660} INFO - Exporting env vars: AIRFLOW_CTX_DAG_OWNER='***' AIRFLOW_CTX_DAG_ID='6.1-monitoring' AIRFLOW_CTX_TASK_ID='task2' AIRFLOW_CTX_EXECUTION_DATE='2023-09-11T00:00:00+00:00' AIRFLOW_CTX_TRY_NUMBER='1' AIRFLOW_CTX_DAG_RUN_ID='scheduled__2023-09-11T00:00:00+00:00'
[2023-09-18T13:53:12.838+0000] {subprocess.py:63} INFO - Tmp dir root location: /tmp
[2023-09-18T13:53:12.840+0000] {subprocess.py:75} INFO - Running command: ['/bin/bash', '-c', "sleep 2 && echo 'Task 2'"]
[2023-09-18T13:53:12.861+0000] {subprocess.py:86} INFO - Output:
[2023-09-18T13:53:14.872+0000] {subprocess.py:93} INFO - Task 2
[2023-09-18T13:53:14.874+0000] {subprocess.py:97} INFO - Command exited with return code 0
[2023-09-18T13:53:15.001+0000] {taskinstance.py:1398} INFO - Marking task as SUCCESS. dag_id=6.1-monitoring, task_id=task2, execution_date=20230911T000000, start_date=20230918T135312, end_date=20230918T135315
[2023-09-18T13:53:15.108+0000] {local_task_job_runner.py:228} INFO - Task exited with return code 0
[2023-09-18T13:53:15.243+0000] {taskinstance.py:2776} INFO - 1 downstream tasks scheduled from follow-on schedule check
[2023-09-18T13:55:14.659+0000] {taskinstance.py:1157} INFO - Dependencies all met for dep_context=non-requeueable deps ti=<TaskInstance: 6.1-monitoring.task2 scheduled__2023-09-11T00:00:00+00:00 [queued]>
[2023-09-18T13:55:14.738+0000] {taskinstance.py:1157} INFO - Dependencies all met for dep_context=requeueable deps ti=<TaskInstance: 6.1-monitoring.task2 scheduled__2023-09-11T00:00:00+00:00 [queued]>
[2023-09-18T13:55:14.741+0000] {taskinstance.py:1359} INFO - Starting attempt 1 of 1
[2023-09-18T13:55:14.862+0000] {taskinstance.py:1380} INFO - Executing <Task(BashOperator): task2> on 2023-09-11 00:00:00+00:00
[2023-09-18T13:55:14.908+0000] {standard_task_runner.py:57} INFO - Started process 5275 to run task
[2023-09-18T13:55:14.940+0000] {standard_task_runner.py:84} INFO - Running: ['***', 'tasks', 'run', '6.1-monitoring', 'task2', 'scheduled__2023-09-11T00:00:00+00:00', '--job-id', '448', '--raw', '--subdir', 'DAGS_FOLDER/6.1-monitoring.py', '--cfg-path', '/tmp/tmprun1xt64']
[2023-09-18T13:55:14.956+0000] {standard_task_runner.py:85} INFO - Job 448: Subtask task2
[2023-09-18T13:55:15.219+0000] {task_command.py:415} INFO - Running <TaskInstance: 6.1-monitoring.task2 scheduled__2023-09-11T00:00:00+00:00 [running]> on host e891a57bf0af
[2023-09-18T13:55:15.541+0000] {taskinstance.py:1660} INFO - Exporting env vars: AIRFLOW_CTX_DAG_OWNER='***' AIRFLOW_CTX_DAG_ID='6.1-monitoring' AIRFLOW_CTX_TASK_ID='task2' AIRFLOW_CTX_EXECUTION_DATE='2023-09-11T00:00:00+00:00' AIRFLOW_CTX_TRY_NUMBER='1' AIRFLOW_CTX_DAG_RUN_ID='scheduled__2023-09-11T00:00:00+00:00'
[2023-09-18T13:55:15.554+0000] {subprocess.py:63} INFO - Tmp dir root location: /tmp
[2023-09-18T13:55:15.559+0000] {subprocess.py:75} INFO - Running command: ['/bin/bash', '-c', "sleep 2 && echo 'Task 2'"]
[2023-09-18T13:55:15.601+0000] {subprocess.py:86} INFO - Output:
[2023-09-18T13:55:17.640+0000] {subprocess.py:93} INFO - Task 2
[2023-09-18T13:55:17.641+0000] {subprocess.py:97} INFO - Command exited with return code 0
[2023-09-18T13:55:17.683+0000] {taskinstance.py:1398} INFO - Marking task as SUCCESS. dag_id=6.1-monitoring, task_id=task2, execution_date=20230911T000000, start_date=20230918T135514, end_date=20230918T135517
[2023-09-18T13:55:17.740+0000] {local_task_job_runner.py:228} INFO - Task exited with return code 0
[2023-09-18T13:55:17.782+0000] {taskinstance.py:2776} INFO - 1 downstream tasks scheduled from follow-on schedule check
