[2023-09-18T13:52:36.025+0000] {taskinstance.py:1157} INFO - Dependencies all met for dep_context=non-requeueable deps ti=<TaskInstance: 6.1-monitoring.task3 scheduled__2023-09-04T00:00:00+00:00 [queued]>
[2023-09-18T13:52:36.046+0000] {taskinstance.py:1157} INFO - Dependencies all met for dep_context=requeueable deps ti=<TaskInstance: 6.1-monitoring.task3 scheduled__2023-09-04T00:00:00+00:00 [queued]>
[2023-09-18T13:52:36.047+0000] {taskinstance.py:1359} INFO - Starting attempt 1 of 1
[2023-09-18T13:52:36.230+0000] {taskinstance.py:1380} INFO - Executing <Task(BashOperator): task3> on 2023-09-04 00:00:00+00:00
[2023-09-18T13:52:36.238+0000] {standard_task_runner.py:57} INFO - Started process 4969 to run task
[2023-09-18T13:52:36.244+0000] {standard_task_runner.py:84} INFO - Running: ['***', 'tasks', 'run', '6.1-monitoring', 'task3', 'scheduled__2023-09-04T00:00:00+00:00', '--job-id', '374', '--raw', '--subdir', 'DAGS_FOLDER/6.1-monitoring.py', '--cfg-path', '/tmp/tmphseptq1k']
[2023-09-18T13:52:36.246+0000] {standard_task_runner.py:85} INFO - Job 374: Subtask task3
[2023-09-18T13:52:36.355+0000] {task_command.py:415} INFO - Running <TaskInstance: 6.1-monitoring.task3 scheduled__2023-09-04T00:00:00+00:00 [running]> on host e891a57bf0af
[2023-09-18T13:52:36.540+0000] {taskinstance.py:1660} INFO - Exporting env vars: AIRFLOW_CTX_DAG_OWNER='***' AIRFLOW_CTX_DAG_ID='6.1-monitoring' AIRFLOW_CTX_TASK_ID='task3' AIRFLOW_CTX_EXECUTION_DATE='2023-09-04T00:00:00+00:00' AIRFLOW_CTX_TRY_NUMBER='1' AIRFLOW_CTX_DAG_RUN_ID='scheduled__2023-09-04T00:00:00+00:00'
[2023-09-18T13:52:36.543+0000] {subprocess.py:63} INFO - Tmp dir root location: /tmp
[2023-09-18T13:52:36.545+0000] {subprocess.py:75} INFO - Running command: ['/bin/bash', '-c', "sleep 2 && echo 'Task 3'"]
[2023-09-18T13:52:36.563+0000] {subprocess.py:86} INFO - Output:
[2023-09-18T13:52:38.572+0000] {subprocess.py:93} INFO - Task 3
[2023-09-18T13:52:38.574+0000] {subprocess.py:97} INFO - Command exited with return code 0
[2023-09-18T13:52:38.667+0000] {taskinstance.py:1398} INFO - Marking task as SUCCESS. dag_id=6.1-monitoring, task_id=task3, execution_date=20230904T000000, start_date=20230918T135236, end_date=20230918T135238
[2023-09-18T13:52:39.165+0000] {local_task_job_runner.py:228} INFO - Task exited with return code 0
[2023-09-18T13:52:39.280+0000] {taskinstance.py:2776} INFO - 1 downstream tasks scheduled from follow-on schedule check
[2023-09-18T13:55:16.983+0000] {taskinstance.py:1157} INFO - Dependencies all met for dep_context=non-requeueable deps ti=<TaskInstance: 6.1-monitoring.task3 scheduled__2023-09-04T00:00:00+00:00 [queued]>
[2023-09-18T13:55:17.028+0000] {taskinstance.py:1157} INFO - Dependencies all met for dep_context=requeueable deps ti=<TaskInstance: 6.1-monitoring.task3 scheduled__2023-09-04T00:00:00+00:00 [queued]>
[2023-09-18T13:55:17.029+0000] {taskinstance.py:1359} INFO - Starting attempt 1 of 1
[2023-09-18T13:55:17.069+0000] {taskinstance.py:1380} INFO - Executing <Task(BashOperator): task3> on 2023-09-04 00:00:00+00:00
[2023-09-18T13:55:17.077+0000] {standard_task_runner.py:57} INFO - Started process 5290 to run task
[2023-09-18T13:55:17.084+0000] {standard_task_runner.py:84} INFO - Running: ['***', 'tasks', 'run', '6.1-monitoring', 'task3', 'scheduled__2023-09-04T00:00:00+00:00', '--job-id', '454', '--raw', '--subdir', 'DAGS_FOLDER/6.1-monitoring.py', '--cfg-path', '/tmp/tmp5i0doio8']
[2023-09-18T13:55:17.088+0000] {standard_task_runner.py:85} INFO - Job 454: Subtask task3
[2023-09-18T13:55:17.190+0000] {task_command.py:415} INFO - Running <TaskInstance: 6.1-monitoring.task3 scheduled__2023-09-04T00:00:00+00:00 [running]> on host e891a57bf0af
[2023-09-18T13:55:17.352+0000] {taskinstance.py:1660} INFO - Exporting env vars: AIRFLOW_CTX_DAG_OWNER='***' AIRFLOW_CTX_DAG_ID='6.1-monitoring' AIRFLOW_CTX_TASK_ID='task3' AIRFLOW_CTX_EXECUTION_DATE='2023-09-04T00:00:00+00:00' AIRFLOW_CTX_TRY_NUMBER='1' AIRFLOW_CTX_DAG_RUN_ID='scheduled__2023-09-04T00:00:00+00:00'
[2023-09-18T13:55:17.361+0000] {subprocess.py:63} INFO - Tmp dir root location: /tmp
[2023-09-18T13:55:17.364+0000] {subprocess.py:75} INFO - Running command: ['/bin/bash', '-c', "sleep 2 && echo 'Task 3'"]
[2023-09-18T13:55:17.382+0000] {subprocess.py:86} INFO - Output:
[2023-09-18T13:55:19.391+0000] {subprocess.py:93} INFO - Task 3
[2023-09-18T13:55:19.392+0000] {subprocess.py:97} INFO - Command exited with return code 0
[2023-09-18T13:55:19.455+0000] {taskinstance.py:1398} INFO - Marking task as SUCCESS. dag_id=6.1-monitoring, task_id=task3, execution_date=20230904T000000, start_date=20230918T135516, end_date=20230918T135519
[2023-09-18T13:55:19.521+0000] {local_task_job_runner.py:228} INFO - Task exited with return code 0
[2023-09-18T13:55:19.589+0000] {taskinstance.py:2776} INFO - 1 downstream tasks scheduled from follow-on schedule check
