[2023-09-18T13:03:11.334+0000] {taskinstance.py:1157} INFO - Dependencies all met for dep_context=non-requeueable deps ti=<TaskInstance: 5.1-orchestration.task2 scheduled__2023-09-08T00:00:00+00:00 [queued]>
[2023-09-18T13:03:11.359+0000] {taskinstance.py:1157} INFO - Dependencies all met for dep_context=requeueable deps ti=<TaskInstance: 5.1-orchestration.task2 scheduled__2023-09-08T00:00:00+00:00 [queued]>
[2023-09-18T13:03:11.360+0000] {taskinstance.py:1359} INFO - Starting attempt 1 of 1
[2023-09-18T13:03:11.388+0000] {taskinstance.py:1380} INFO - Executing <Task(BashOperator): task2> on 2023-09-08 00:00:00+00:00
[2023-09-18T13:03:11.399+0000] {standard_task_runner.py:57} INFO - Started process 3068 to run task
[2023-09-18T13:03:11.403+0000] {standard_task_runner.py:84} INFO - Running: ['***', 'tasks', 'run', '5.1-orchestration', 'task2', 'scheduled__2023-09-08T00:00:00+00:00', '--job-id', '64', '--raw', '--subdir', 'DAGS_FOLDER/5.1-orchestration.py', '--cfg-path', '/tmp/tmpl15vhodz']
[2023-09-18T13:03:11.405+0000] {standard_task_runner.py:85} INFO - Job 64: Subtask task2
[2023-09-18T13:03:11.537+0000] {task_command.py:415} INFO - Running <TaskInstance: 5.1-orchestration.task2 scheduled__2023-09-08T00:00:00+00:00 [running]> on host e891a57bf0af
[2023-09-18T13:03:11.804+0000] {taskinstance.py:1660} INFO - Exporting env vars: AIRFLOW_CTX_DAG_OWNER='***' AIRFLOW_CTX_DAG_ID='5.1-orchestration' AIRFLOW_CTX_TASK_ID='task2' AIRFLOW_CTX_EXECUTION_DATE='2023-09-08T00:00:00+00:00' AIRFLOW_CTX_TRY_NUMBER='1' AIRFLOW_CTX_DAG_RUN_ID='scheduled__2023-09-08T00:00:00+00:00'
[2023-09-18T13:03:11.859+0000] {subprocess.py:63} INFO - Tmp dir root location: /tmp
[2023-09-18T13:03:11.863+0000] {subprocess.py:75} INFO - Running command: ['/bin/bash', '-c', "sleep 2 && echo 'Task 2'"]
[2023-09-18T13:03:11.886+0000] {subprocess.py:86} INFO - Output:
[2023-09-18T13:03:13.976+0000] {subprocess.py:93} INFO - Task 2
[2023-09-18T13:03:13.979+0000] {subprocess.py:97} INFO - Command exited with return code 0
[2023-09-18T13:03:14.196+0000] {taskinstance.py:1398} INFO - Marking task as SUCCESS. dag_id=5.1-orchestration, task_id=task2, execution_date=20230908T000000, start_date=20230918T130311, end_date=20230918T130314
[2023-09-18T13:03:14.267+0000] {local_task_job_runner.py:228} INFO - Task exited with return code 0
[2023-09-18T13:03:14.314+0000] {taskinstance.py:2776} INFO - 2 downstream tasks scheduled from follow-on schedule check
[2023-09-18T13:23:51.683+0000] {taskinstance.py:1157} INFO - Dependencies all met for dep_context=non-requeueable deps ti=<TaskInstance: 5.1-orchestration.task2 scheduled__2023-09-08T00:00:00+00:00 [queued]>
[2023-09-18T13:23:51.697+0000] {taskinstance.py:1157} INFO - Dependencies all met for dep_context=requeueable deps ti=<TaskInstance: 5.1-orchestration.task2 scheduled__2023-09-08T00:00:00+00:00 [queued]>
[2023-09-18T13:23:51.697+0000] {taskinstance.py:1359} INFO - Starting attempt 1 of 1
[2023-09-18T13:23:51.712+0000] {taskinstance.py:1380} INFO - Executing <Task(BashOperator): task2> on 2023-09-08 00:00:00+00:00
[2023-09-18T13:23:51.717+0000] {standard_task_runner.py:57} INFO - Started process 3669 to run task
[2023-09-18T13:23:51.720+0000] {standard_task_runner.py:84} INFO - Running: ['***', 'tasks', 'run', '5.1-orchestration', 'task2', 'scheduled__2023-09-08T00:00:00+00:00', '--job-id', '138', '--raw', '--subdir', 'DAGS_FOLDER/5.1-orchestration.py', '--cfg-path', '/tmp/tmpevb0tqrk']
[2023-09-18T13:23:51.722+0000] {standard_task_runner.py:85} INFO - Job 138: Subtask task2
[2023-09-18T13:23:51.779+0000] {task_command.py:415} INFO - Running <TaskInstance: 5.1-orchestration.task2 scheduled__2023-09-08T00:00:00+00:00 [running]> on host e891a57bf0af
[2023-09-18T13:23:51.878+0000] {taskinstance.py:1660} INFO - Exporting env vars: AIRFLOW_CTX_DAG_OWNER='***' AIRFLOW_CTX_DAG_ID='5.1-orchestration' AIRFLOW_CTX_TASK_ID='task2' AIRFLOW_CTX_EXECUTION_DATE='2023-09-08T00:00:00+00:00' AIRFLOW_CTX_TRY_NUMBER='1' AIRFLOW_CTX_DAG_RUN_ID='scheduled__2023-09-08T00:00:00+00:00'
[2023-09-18T13:23:51.879+0000] {subprocess.py:63} INFO - Tmp dir root location: /tmp
[2023-09-18T13:23:51.881+0000] {subprocess.py:75} INFO - Running command: ['/bin/bash', '-c', "sleep 2 && echo 'Task 2'"]
[2023-09-18T13:23:51.890+0000] {subprocess.py:86} INFO - Output:
[2023-09-18T13:23:53.896+0000] {subprocess.py:93} INFO - Task 2
[2023-09-18T13:23:53.898+0000] {subprocess.py:97} INFO - Command exited with return code 0
[2023-09-18T13:23:53.933+0000] {taskinstance.py:1398} INFO - Marking task as SUCCESS. dag_id=5.1-orchestration, task_id=task2, execution_date=20230908T000000, start_date=20230918T132351, end_date=20230918T132353
[2023-09-18T13:23:53.992+0000] {local_task_job_runner.py:228} INFO - Task exited with return code 0
[2023-09-18T13:23:54.020+0000] {taskinstance.py:2776} INFO - 2 downstream tasks scheduled from follow-on schedule check
