[2023-09-18T13:53:21.550+0000] {taskinstance.py:1157} INFO - Dependencies all met for dep_context=non-requeueable deps ti=<TaskInstance: 6.1-monitoring.task5 scheduled__2023-09-07T00:00:00+00:00 [queued]>
[2023-09-18T13:53:21.567+0000] {taskinstance.py:1157} INFO - Dependencies all met for dep_context=requeueable deps ti=<TaskInstance: 6.1-monitoring.task5 scheduled__2023-09-07T00:00:00+00:00 [queued]>
[2023-09-18T13:53:21.568+0000] {taskinstance.py:1359} INFO - Starting attempt 1 of 1
[2023-09-18T13:53:21.588+0000] {taskinstance.py:1380} INFO - Executing <Task(BashOperator): task5> on 2023-09-07 00:00:00+00:00
[2023-09-18T13:53:21.596+0000] {standard_task_runner.py:57} INFO - Started process 5097 to run task
[2023-09-18T13:53:21.602+0000] {standard_task_runner.py:84} INFO - Running: ['***', 'tasks', 'run', '6.1-monitoring', 'task5', 'scheduled__2023-09-07T00:00:00+00:00', '--job-id', '408', '--raw', '--subdir', 'DAGS_FOLDER/6.1-monitoring.py', '--cfg-path', '/tmp/tmpm6cea8ms']
[2023-09-18T13:53:21.604+0000] {standard_task_runner.py:85} INFO - Job 408: Subtask task5
[2023-09-18T13:53:21.672+0000] {task_command.py:415} INFO - Running <TaskInstance: 6.1-monitoring.task5 scheduled__2023-09-07T00:00:00+00:00 [running]> on host e891a57bf0af
[2023-09-18T13:53:21.792+0000] {taskinstance.py:1660} INFO - Exporting env vars: AIRFLOW_CTX_DAG_OWNER='***' AIRFLOW_CTX_DAG_ID='6.1-monitoring' AIRFLOW_CTX_TASK_ID='task5' AIRFLOW_CTX_EXECUTION_DATE='2023-09-07T00:00:00+00:00' AIRFLOW_CTX_TRY_NUMBER='1' AIRFLOW_CTX_DAG_RUN_ID='scheduled__2023-09-07T00:00:00+00:00'
[2023-09-18T13:53:21.794+0000] {subprocess.py:63} INFO - Tmp dir root location: /tmp
[2023-09-18T13:53:21.796+0000] {subprocess.py:75} INFO - Running command: ['/bin/bash', '-c', "sleep 2 && echo 'Task 5'"]
[2023-09-18T13:53:21.812+0000] {subprocess.py:86} INFO - Output:
[2023-09-18T13:53:23.817+0000] {subprocess.py:93} INFO - Task 5
[2023-09-18T13:53:23.818+0000] {subprocess.py:97} INFO - Command exited with return code 0
[2023-09-18T13:53:23.860+0000] {taskinstance.py:1398} INFO - Marking task as SUCCESS. dag_id=6.1-monitoring, task_id=task5, execution_date=20230907T000000, start_date=20230918T135321, end_date=20230918T135323
[2023-09-18T13:53:23.907+0000] {local_task_job_runner.py:228} INFO - Task exited with return code 0
[2023-09-18T13:53:23.946+0000] {taskinstance.py:2776} INFO - 0 downstream tasks scheduled from follow-on schedule check
[2023-09-18T14:06:32.989+0000] {taskinstance.py:1157} INFO - Dependencies all met for dep_context=non-requeueable deps ti=<TaskInstance: 6.1-monitoring.task5 scheduled__2023-09-07T00:00:00+00:00 [queued]>
[2023-09-18T14:06:33.005+0000] {taskinstance.py:1157} INFO - Dependencies all met for dep_context=requeueable deps ti=<TaskInstance: 6.1-monitoring.task5 scheduled__2023-09-07T00:00:00+00:00 [queued]>
[2023-09-18T14:06:33.006+0000] {taskinstance.py:1359} INFO - Starting attempt 1 of 1
[2023-09-18T14:06:33.029+0000] {taskinstance.py:1380} INFO - Executing <Task(BashOperator): task5> on 2023-09-07 00:00:00+00:00
[2023-09-18T14:06:33.035+0000] {standard_task_runner.py:57} INFO - Started process 5631 to run task
[2023-09-18T14:06:33.042+0000] {standard_task_runner.py:84} INFO - Running: ['***', 'tasks', 'run', '6.1-monitoring', 'task5', 'scheduled__2023-09-07T00:00:00+00:00', '--job-id', '504', '--raw', '--subdir', 'DAGS_FOLDER/6.1-monitoring.py', '--cfg-path', '/tmp/tmpdrsbgmpn']
[2023-09-18T14:06:33.046+0000] {standard_task_runner.py:85} INFO - Job 504: Subtask task5
[2023-09-18T14:06:33.158+0000] {task_command.py:415} INFO - Running <TaskInstance: 6.1-monitoring.task5 scheduled__2023-09-07T00:00:00+00:00 [running]> on host e891a57bf0af
[2023-09-18T14:06:33.377+0000] {taskinstance.py:1660} INFO - Exporting env vars: AIRFLOW_CTX_DAG_OWNER='***' AIRFLOW_CTX_DAG_ID='6.1-monitoring' AIRFLOW_CTX_TASK_ID='task5' AIRFLOW_CTX_EXECUTION_DATE='2023-09-07T00:00:00+00:00' AIRFLOW_CTX_TRY_NUMBER='1' AIRFLOW_CTX_DAG_RUN_ID='scheduled__2023-09-07T00:00:00+00:00'
[2023-09-18T14:06:33.379+0000] {subprocess.py:63} INFO - Tmp dir root location: /tmp
[2023-09-18T14:06:33.381+0000] {subprocess.py:75} INFO - Running command: ['/bin/bash', '-c', "sleep 2 && echo 'Task 5'"]
[2023-09-18T14:06:33.408+0000] {subprocess.py:86} INFO - Output:
[2023-09-18T14:06:35.411+0000] {subprocess.py:93} INFO - Task 5
[2023-09-18T14:06:35.412+0000] {subprocess.py:97} INFO - Command exited with return code 0
[2023-09-18T14:06:35.477+0000] {taskinstance.py:1398} INFO - Marking task as SUCCESS. dag_id=6.1-monitoring, task_id=task5, execution_date=20230907T000000, start_date=20230918T140632, end_date=20230918T140635
[2023-09-18T14:06:35.556+0000] {local_task_job_runner.py:228} INFO - Task exited with return code 0
[2023-09-18T14:06:35.605+0000] {taskinstance.py:2776} INFO - 0 downstream tasks scheduled from follow-on schedule check
