[2023-09-18T13:49:38.707+0000] {taskinstance.py:1157} INFO - Dependencies all met for dep_context=non-requeueable deps ti=<TaskInstance: 6.1-monitoring.task3 scheduled__2023-08-24T00:00:00+00:00 [queued]>
[2023-09-18T13:49:38.718+0000] {taskinstance.py:1157} INFO - Dependencies all met for dep_context=requeueable deps ti=<TaskInstance: 6.1-monitoring.task3 scheduled__2023-08-24T00:00:00+00:00 [queued]>
[2023-09-18T13:49:38.719+0000] {taskinstance.py:1359} INFO - Starting attempt 1 of 1
[2023-09-18T13:49:38.763+0000] {taskinstance.py:1380} INFO - Executing <Task(BashOperator): task3> on 2023-08-24 00:00:00+00:00
[2023-09-18T13:49:38.768+0000] {standard_task_runner.py:57} INFO - Started process 4533 to run task
[2023-09-18T13:49:38.771+0000] {standard_task_runner.py:84} INFO - Running: ['***', 'tasks', 'run', '6.1-monitoring', 'task3', 'scheduled__2023-08-24T00:00:00+00:00', '--job-id', '266', '--raw', '--subdir', 'DAGS_FOLDER/6.1-monitoring.py', '--cfg-path', '/tmp/tmpibqyndgq']
[2023-09-18T13:49:38.773+0000] {standard_task_runner.py:85} INFO - Job 266: Subtask task3
[2023-09-18T13:49:38.828+0000] {task_command.py:415} INFO - Running <TaskInstance: 6.1-monitoring.task3 scheduled__2023-08-24T00:00:00+00:00 [running]> on host e891a57bf0af
[2023-09-18T13:49:38.916+0000] {taskinstance.py:1660} INFO - Exporting env vars: AIRFLOW_CTX_DAG_OWNER='***' AIRFLOW_CTX_DAG_ID='6.1-monitoring' AIRFLOW_CTX_TASK_ID='task3' AIRFLOW_CTX_EXECUTION_DATE='2023-08-24T00:00:00+00:00' AIRFLOW_CTX_TRY_NUMBER='1' AIRFLOW_CTX_DAG_RUN_ID='scheduled__2023-08-24T00:00:00+00:00'
[2023-09-18T13:49:38.918+0000] {subprocess.py:63} INFO - Tmp dir root location: /tmp
[2023-09-18T13:49:38.919+0000] {subprocess.py:75} INFO - Running command: ['/bin/bash', '-c', "sleep 2 && echo 'Task 3'"]
[2023-09-18T13:49:38.929+0000] {subprocess.py:86} INFO - Output:
[2023-09-18T13:49:40.932+0000] {subprocess.py:93} INFO - Task 3
[2023-09-18T13:49:40.933+0000] {subprocess.py:97} INFO - Command exited with return code 0
[2023-09-18T13:49:40.973+0000] {taskinstance.py:1398} INFO - Marking task as SUCCESS. dag_id=6.1-monitoring, task_id=task3, execution_date=20230824T000000, start_date=20230918T134938, end_date=20230918T134940
[2023-09-18T13:49:41.000+0000] {local_task_job_runner.py:228} INFO - Task exited with return code 0
[2023-09-18T13:49:41.030+0000] {taskinstance.py:2776} INFO - 1 downstream tasks scheduled from follow-on schedule check
[2023-09-18T13:52:13.626+0000] {taskinstance.py:1157} INFO - Dependencies all met for dep_context=non-requeueable deps ti=<TaskInstance: 6.1-monitoring.task3 scheduled__2023-08-24T00:00:00+00:00 [queued]>
[2023-09-18T13:52:13.719+0000] {taskinstance.py:1157} INFO - Dependencies all met for dep_context=requeueable deps ti=<TaskInstance: 6.1-monitoring.task3 scheduled__2023-08-24T00:00:00+00:00 [queued]>
[2023-09-18T13:52:13.721+0000] {taskinstance.py:1359} INFO - Starting attempt 1 of 1
[2023-09-18T13:52:13.826+0000] {taskinstance.py:1380} INFO - Executing <Task(BashOperator): task3> on 2023-08-24 00:00:00+00:00
[2023-09-18T13:52:13.846+0000] {standard_task_runner.py:57} INFO - Started process 4809 to run task
[2023-09-18T13:52:13.884+0000] {standard_task_runner.py:84} INFO - Running: ['***', 'tasks', 'run', '6.1-monitoring', 'task3', 'scheduled__2023-08-24T00:00:00+00:00', '--job-id', '332', '--raw', '--subdir', 'DAGS_FOLDER/6.1-monitoring.py', '--cfg-path', '/tmp/tmp4n3a1npu']
[2023-09-18T13:52:13.890+0000] {standard_task_runner.py:85} INFO - Job 332: Subtask task3
[2023-09-18T13:52:14.123+0000] {task_command.py:415} INFO - Running <TaskInstance: 6.1-monitoring.task3 scheduled__2023-08-24T00:00:00+00:00 [running]> on host e891a57bf0af
[2023-09-18T13:52:14.442+0000] {taskinstance.py:1660} INFO - Exporting env vars: AIRFLOW_CTX_DAG_OWNER='***' AIRFLOW_CTX_DAG_ID='6.1-monitoring' AIRFLOW_CTX_TASK_ID='task3' AIRFLOW_CTX_EXECUTION_DATE='2023-08-24T00:00:00+00:00' AIRFLOW_CTX_TRY_NUMBER='1' AIRFLOW_CTX_DAG_RUN_ID='scheduled__2023-08-24T00:00:00+00:00'
[2023-09-18T13:52:14.469+0000] {subprocess.py:63} INFO - Tmp dir root location: /tmp
[2023-09-18T13:52:14.472+0000] {subprocess.py:75} INFO - Running command: ['/bin/bash', '-c', "sleep 2 && echo 'Task 3'"]
[2023-09-18T13:52:14.507+0000] {subprocess.py:86} INFO - Output:
[2023-09-18T13:52:16.541+0000] {subprocess.py:93} INFO - Task 3
[2023-09-18T13:52:16.545+0000] {subprocess.py:97} INFO - Command exited with return code 0
[2023-09-18T13:52:16.767+0000] {taskinstance.py:1398} INFO - Marking task as SUCCESS. dag_id=6.1-monitoring, task_id=task3, execution_date=20230824T000000, start_date=20230918T135213, end_date=20230918T135216
[2023-09-18T13:52:16.915+0000] {local_task_job_runner.py:228} INFO - Task exited with return code 0
[2023-09-18T13:52:17.040+0000] {taskinstance.py:2776} INFO - 1 downstream tasks scheduled from follow-on schedule check
