[2023-09-18T13:45:25.888+0000] {taskinstance.py:1157} INFO - Dependencies all met for dep_context=non-requeueable deps ti=<TaskInstance: 6.1-monitoring.task1 scheduled__2023-08-13T00:00:00+00:00 [queued]>
[2023-09-18T13:45:25.922+0000] {taskinstance.py:1157} INFO - Dependencies all met for dep_context=requeueable deps ti=<TaskInstance: 6.1-monitoring.task1 scheduled__2023-08-13T00:00:00+00:00 [queued]>
[2023-09-18T13:45:25.924+0000] {taskinstance.py:1359} INFO - Starting attempt 1 of 1
[2023-09-18T13:45:25.988+0000] {taskinstance.py:1380} INFO - Executing <Task(BashOperator): task1> on 2023-08-13 00:00:00+00:00
[2023-09-18T13:45:26.000+0000] {standard_task_runner.py:57} INFO - Started process 4219 to run task
[2023-09-18T13:45:26.044+0000] {standard_task_runner.py:84} INFO - Running: ['***', 'tasks', 'run', '6.1-monitoring', 'task1', 'scheduled__2023-08-13T00:00:00+00:00', '--job-id', '196', '--raw', '--subdir', 'DAGS_FOLDER/6.1-monitoring.py', '--cfg-path', '/tmp/tmp3f61t7uh']
[2023-09-18T13:45:26.057+0000] {standard_task_runner.py:85} INFO - Job 196: Subtask task1
[2023-09-18T13:45:26.513+0000] {task_command.py:415} INFO - Running <TaskInstance: 6.1-monitoring.task1 scheduled__2023-08-13T00:00:00+00:00 [running]> on host e891a57bf0af
[2023-09-18T13:45:27.169+0000] {taskinstance.py:1660} INFO - Exporting env vars: AIRFLOW_CTX_DAG_OWNER='***' AIRFLOW_CTX_DAG_ID='6.1-monitoring' AIRFLOW_CTX_TASK_ID='task1' AIRFLOW_CTX_EXECUTION_DATE='2023-08-13T00:00:00+00:00' AIRFLOW_CTX_TRY_NUMBER='1' AIRFLOW_CTX_DAG_RUN_ID='scheduled__2023-08-13T00:00:00+00:00'
[2023-09-18T13:45:27.175+0000] {subprocess.py:63} INFO - Tmp dir root location: /tmp
[2023-09-18T13:45:27.181+0000] {subprocess.py:75} INFO - Running command: ['/bin/bash', '-c', "sleep 2 && echo 'Task 1'"]
[2023-09-18T13:45:27.216+0000] {subprocess.py:86} INFO - Output:
[2023-09-18T13:45:29.225+0000] {subprocess.py:93} INFO - Task 1
[2023-09-18T13:45:29.229+0000] {subprocess.py:97} INFO - Command exited with return code 0
[2023-09-18T13:45:29.295+0000] {taskinstance.py:1398} INFO - Marking task as SUCCESS. dag_id=6.1-monitoring, task_id=task1, execution_date=20230813T000000, start_date=20230918T134525, end_date=20230918T134529
[2023-09-18T13:45:29.406+0000] {local_task_job_runner.py:228} INFO - Task exited with return code 0
[2023-09-18T13:45:29.528+0000] {taskinstance.py:2776} INFO - 1 downstream tasks scheduled from follow-on schedule check
[2023-09-18T13:51:20.510+0000] {taskinstance.py:1157} INFO - Dependencies all met for dep_context=non-requeueable deps ti=<TaskInstance: 6.1-monitoring.task1 scheduled__2023-08-13T00:00:00+00:00 [queued]>
[2023-09-18T13:51:20.528+0000] {taskinstance.py:1157} INFO - Dependencies all met for dep_context=requeueable deps ti=<TaskInstance: 6.1-monitoring.task1 scheduled__2023-08-13T00:00:00+00:00 [queued]>
[2023-09-18T13:51:20.528+0000] {taskinstance.py:1359} INFO - Starting attempt 1 of 1
[2023-09-18T13:51:20.804+0000] {taskinstance.py:1380} INFO - Executing <Task(BashOperator): task1> on 2023-08-13 00:00:00+00:00
[2023-09-18T13:51:20.817+0000] {standard_task_runner.py:57} INFO - Started process 4603 to run task
[2023-09-18T13:51:20.829+0000] {standard_task_runner.py:84} INFO - Running: ['***', 'tasks', 'run', '6.1-monitoring', 'task1', 'scheduled__2023-08-13T00:00:00+00:00', '--job-id', '277', '--raw', '--subdir', 'DAGS_FOLDER/6.1-monitoring.py', '--cfg-path', '/tmp/tmpfpf0kuf2']
[2023-09-18T13:51:20.833+0000] {standard_task_runner.py:85} INFO - Job 277: Subtask task1
[2023-09-18T13:51:20.987+0000] {task_command.py:415} INFO - Running <TaskInstance: 6.1-monitoring.task1 scheduled__2023-08-13T00:00:00+00:00 [running]> on host e891a57bf0af
[2023-09-18T13:51:21.160+0000] {taskinstance.py:1660} INFO - Exporting env vars: AIRFLOW_CTX_DAG_OWNER='***' AIRFLOW_CTX_DAG_ID='6.1-monitoring' AIRFLOW_CTX_TASK_ID='task1' AIRFLOW_CTX_EXECUTION_DATE='2023-08-13T00:00:00+00:00' AIRFLOW_CTX_TRY_NUMBER='1' AIRFLOW_CTX_DAG_RUN_ID='scheduled__2023-08-13T00:00:00+00:00'
[2023-09-18T13:51:21.162+0000] {subprocess.py:63} INFO - Tmp dir root location: /tmp
[2023-09-18T13:51:21.164+0000] {subprocess.py:75} INFO - Running command: ['/bin/bash', '-c', "sleep 2 && echo 'Task 1'"]
[2023-09-18T13:51:21.184+0000] {subprocess.py:86} INFO - Output:
[2023-09-18T13:51:23.190+0000] {subprocess.py:93} INFO - Task 1
[2023-09-18T13:51:23.191+0000] {subprocess.py:97} INFO - Command exited with return code 0
[2023-09-18T13:51:23.228+0000] {taskinstance.py:1398} INFO - Marking task as SUCCESS. dag_id=6.1-monitoring, task_id=task1, execution_date=20230813T000000, start_date=20230918T135120, end_date=20230918T135123
[2023-09-18T13:51:23.278+0000] {local_task_job_runner.py:228} INFO - Task exited with return code 0
[2023-09-18T13:51:23.362+0000] {taskinstance.py:2776} INFO - 0 downstream tasks scheduled from follow-on schedule check
