[2023-09-18T13:03:24.663+0000] {taskinstance.py:1157} INFO - Dependencies all met for dep_context=non-requeueable deps ti=<TaskInstance: 5.1-orchestration.task3 scheduled__2023-09-10T00:00:00+00:00 [queued]>
[2023-09-18T13:03:24.679+0000] {taskinstance.py:1157} INFO - Dependencies all met for dep_context=requeueable deps ti=<TaskInstance: 5.1-orchestration.task3 scheduled__2023-09-10T00:00:00+00:00 [queued]>
[2023-09-18T13:03:24.679+0000] {taskinstance.py:1359} INFO - Starting attempt 1 of 1
[2023-09-18T13:03:24.698+0000] {taskinstance.py:1380} INFO - Executing <Task(BashOperator): task3> on 2023-09-10 00:00:00+00:00
[2023-09-18T13:03:24.705+0000] {standard_task_runner.py:57} INFO - Started process 3115 to run task
[2023-09-18T13:03:24.710+0000] {standard_task_runner.py:84} INFO - Running: ['***', 'tasks', 'run', '5.1-orchestration', 'task3', 'scheduled__2023-09-10T00:00:00+00:00', '--job-id', '77', '--raw', '--subdir', 'DAGS_FOLDER/5.1-orchestration.py', '--cfg-path', '/tmp/tmp8tyo8pp1']
[2023-09-18T13:03:24.712+0000] {standard_task_runner.py:85} INFO - Job 77: Subtask task3
[2023-09-18T13:03:24.773+0000] {task_command.py:415} INFO - Running <TaskInstance: 5.1-orchestration.task3 scheduled__2023-09-10T00:00:00+00:00 [running]> on host e891a57bf0af
[2023-09-18T13:03:24.877+0000] {taskinstance.py:1660} INFO - Exporting env vars: AIRFLOW_CTX_DAG_OWNER='***' AIRFLOW_CTX_DAG_ID='5.1-orchestration' AIRFLOW_CTX_TASK_ID='task3' AIRFLOW_CTX_EXECUTION_DATE='2023-09-10T00:00:00+00:00' AIRFLOW_CTX_TRY_NUMBER='1' AIRFLOW_CTX_DAG_RUN_ID='scheduled__2023-09-10T00:00:00+00:00'
[2023-09-18T13:03:24.885+0000] {subprocess.py:63} INFO - Tmp dir root location: /tmp
[2023-09-18T13:03:24.886+0000] {subprocess.py:75} INFO - Running command: ['/bin/bash', '-c', "sleep 2 && echo 'Task 3'"]
[2023-09-18T13:03:24.904+0000] {subprocess.py:86} INFO - Output:
[2023-09-18T13:03:26.954+0000] {subprocess.py:93} INFO - Task 3
[2023-09-18T13:03:26.962+0000] {subprocess.py:97} INFO - Command exited with return code 0
[2023-09-18T13:03:27.034+0000] {taskinstance.py:1398} INFO - Marking task as SUCCESS. dag_id=5.1-orchestration, task_id=task3, execution_date=20230910T000000, start_date=20230918T130324, end_date=20230918T130327
[2023-09-18T13:03:27.094+0000] {local_task_job_runner.py:228} INFO - Task exited with return code 0
[2023-09-18T13:03:27.115+0000] {taskinstance.py:2776} INFO - 0 downstream tasks scheduled from follow-on schedule check
[2023-09-18T13:24:17.744+0000] {taskinstance.py:1157} INFO - Dependencies all met for dep_context=non-requeueable deps ti=<TaskInstance: 5.1-orchestration.task3 scheduled__2023-09-10T00:00:00+00:00 [queued]>
[2023-09-18T13:24:17.770+0000] {taskinstance.py:1157} INFO - Dependencies all met for dep_context=requeueable deps ti=<TaskInstance: 5.1-orchestration.task3 scheduled__2023-09-10T00:00:00+00:00 [queued]>
[2023-09-18T13:24:17.770+0000] {taskinstance.py:1359} INFO - Starting attempt 1 of 1
[2023-09-18T13:24:17.791+0000] {taskinstance.py:1380} INFO - Executing <Task(BashOperator): task3> on 2023-09-10 00:00:00+00:00
[2023-09-18T13:24:17.797+0000] {standard_task_runner.py:57} INFO - Started process 3714 to run task
[2023-09-18T13:24:17.801+0000] {standard_task_runner.py:84} INFO - Running: ['***', 'tasks', 'run', '5.1-orchestration', 'task3', 'scheduled__2023-09-10T00:00:00+00:00', '--job-id', '148', '--raw', '--subdir', 'DAGS_FOLDER/5.1-orchestration.py', '--cfg-path', '/tmp/tmpjzul8fx3']
[2023-09-18T13:24:17.802+0000] {standard_task_runner.py:85} INFO - Job 148: Subtask task3
[2023-09-18T13:24:17.860+0000] {task_command.py:415} INFO - Running <TaskInstance: 5.1-orchestration.task3 scheduled__2023-09-10T00:00:00+00:00 [running]> on host e891a57bf0af
[2023-09-18T13:24:17.960+0000] {taskinstance.py:1660} INFO - Exporting env vars: AIRFLOW_CTX_DAG_OWNER='***' AIRFLOW_CTX_DAG_ID='5.1-orchestration' AIRFLOW_CTX_TASK_ID='task3' AIRFLOW_CTX_EXECUTION_DATE='2023-09-10T00:00:00+00:00' AIRFLOW_CTX_TRY_NUMBER='1' AIRFLOW_CTX_DAG_RUN_ID='scheduled__2023-09-10T00:00:00+00:00'
[2023-09-18T13:24:17.961+0000] {subprocess.py:63} INFO - Tmp dir root location: /tmp
[2023-09-18T13:24:17.962+0000] {subprocess.py:75} INFO - Running command: ['/bin/bash', '-c', "sleep 2 && echo 'Task 3'"]
[2023-09-18T13:24:17.978+0000] {subprocess.py:86} INFO - Output:
[2023-09-18T13:24:19.983+0000] {subprocess.py:93} INFO - Task 3
[2023-09-18T13:24:19.984+0000] {subprocess.py:97} INFO - Command exited with return code 0
[2023-09-18T13:24:20.015+0000] {taskinstance.py:1398} INFO - Marking task as SUCCESS. dag_id=5.1-orchestration, task_id=task3, execution_date=20230910T000000, start_date=20230918T132417, end_date=20230918T132420
[2023-09-18T13:24:20.068+0000] {local_task_job_runner.py:228} INFO - Task exited with return code 0
[2023-09-18T13:24:20.087+0000] {taskinstance.py:2776} INFO - 0 downstream tasks scheduled from follow-on schedule check
