[2023-09-18T13:03:44.185+0000] {taskinstance.py:1157} INFO - Dependencies all met for dep_context=non-requeueable deps ti=<TaskInstance: 5.1-orchestration.task4 scheduled__2023-09-15T00:00:00+00:00 [queued]>
[2023-09-18T13:03:44.203+0000] {taskinstance.py:1157} INFO - Dependencies all met for dep_context=requeueable deps ti=<TaskInstance: 5.1-orchestration.task4 scheduled__2023-09-15T00:00:00+00:00 [queued]>
[2023-09-18T13:03:44.204+0000] {taskinstance.py:1359} INFO - Starting attempt 1 of 1
[2023-09-18T13:03:44.224+0000] {taskinstance.py:1380} INFO - Executing <Task(BashOperator): task4> on 2023-09-15 00:00:00+00:00
[2023-09-18T13:03:44.231+0000] {standard_task_runner.py:57} INFO - Started process 3204 to run task
[2023-09-18T13:03:44.238+0000] {standard_task_runner.py:84} INFO - Running: ['***', 'tasks', 'run', '5.1-orchestration', 'task4', 'scheduled__2023-09-15T00:00:00+00:00', '--job-id', '97', '--raw', '--subdir', 'DAGS_FOLDER/5.1-orchestration.py', '--cfg-path', '/tmp/tmprwwtm1nx']
[2023-09-18T13:03:44.240+0000] {standard_task_runner.py:85} INFO - Job 97: Subtask task4
[2023-09-18T13:03:44.319+0000] {task_command.py:415} INFO - Running <TaskInstance: 5.1-orchestration.task4 scheduled__2023-09-15T00:00:00+00:00 [running]> on host e891a57bf0af
[2023-09-18T13:03:44.454+0000] {taskinstance.py:1660} INFO - Exporting env vars: AIRFLOW_CTX_DAG_OWNER='***' AIRFLOW_CTX_DAG_ID='5.1-orchestration' AIRFLOW_CTX_TASK_ID='task4' AIRFLOW_CTX_EXECUTION_DATE='2023-09-15T00:00:00+00:00' AIRFLOW_CTX_TRY_NUMBER='1' AIRFLOW_CTX_DAG_RUN_ID='scheduled__2023-09-15T00:00:00+00:00'
[2023-09-18T13:03:44.460+0000] {subprocess.py:63} INFO - Tmp dir root location: /tmp
[2023-09-18T13:03:44.463+0000] {subprocess.py:75} INFO - Running command: ['/bin/bash', '-c', "sleep 2 && echo 'Task 4'"]
[2023-09-18T13:03:44.480+0000] {subprocess.py:86} INFO - Output:
[2023-09-18T13:03:46.529+0000] {subprocess.py:93} INFO - Task 4
[2023-09-18T13:03:46.536+0000] {subprocess.py:97} INFO - Command exited with return code 0
[2023-09-18T13:03:46.609+0000] {taskinstance.py:1398} INFO - Marking task as SUCCESS. dag_id=5.1-orchestration, task_id=task4, execution_date=20230915T000000, start_date=20230918T130344, end_date=20230918T130346
[2023-09-18T13:03:46.660+0000] {local_task_job_runner.py:228} INFO - Task exited with return code 0
[2023-09-18T13:03:46.708+0000] {taskinstance.py:2776} INFO - 0 downstream tasks scheduled from follow-on schedule check
[2023-09-18T13:25:11.365+0000] {taskinstance.py:1157} INFO - Dependencies all met for dep_context=non-requeueable deps ti=<TaskInstance: 5.1-orchestration.task4 scheduled__2023-09-15T00:00:00+00:00 [queued]>
[2023-09-18T13:25:11.380+0000] {taskinstance.py:1157} INFO - Dependencies all met for dep_context=requeueable deps ti=<TaskInstance: 5.1-orchestration.task4 scheduled__2023-09-15T00:00:00+00:00 [queued]>
[2023-09-18T13:25:11.381+0000] {taskinstance.py:1359} INFO - Starting attempt 1 of 1
[2023-09-18T13:25:11.400+0000] {taskinstance.py:1380} INFO - Executing <Task(BashOperator): task4> on 2023-09-15 00:00:00+00:00
[2023-09-18T13:25:11.406+0000] {standard_task_runner.py:57} INFO - Started process 3803 to run task
[2023-09-18T13:25:11.411+0000] {standard_task_runner.py:84} INFO - Running: ['***', 'tasks', 'run', '5.1-orchestration', 'task4', 'scheduled__2023-09-15T00:00:00+00:00', '--job-id', '167', '--raw', '--subdir', 'DAGS_FOLDER/5.1-orchestration.py', '--cfg-path', '/tmp/tmp8elby8k2']
[2023-09-18T13:25:11.412+0000] {standard_task_runner.py:85} INFO - Job 167: Subtask task4
[2023-09-18T13:25:11.470+0000] {task_command.py:415} INFO - Running <TaskInstance: 5.1-orchestration.task4 scheduled__2023-09-15T00:00:00+00:00 [running]> on host e891a57bf0af
[2023-09-18T13:25:11.602+0000] {taskinstance.py:1660} INFO - Exporting env vars: AIRFLOW_CTX_DAG_OWNER='***' AIRFLOW_CTX_DAG_ID='5.1-orchestration' AIRFLOW_CTX_TASK_ID='task4' AIRFLOW_CTX_EXECUTION_DATE='2023-09-15T00:00:00+00:00' AIRFLOW_CTX_TRY_NUMBER='1' AIRFLOW_CTX_DAG_RUN_ID='scheduled__2023-09-15T00:00:00+00:00'
[2023-09-18T13:25:11.604+0000] {subprocess.py:63} INFO - Tmp dir root location: /tmp
[2023-09-18T13:25:11.605+0000] {subprocess.py:75} INFO - Running command: ['/bin/bash', '-c', "sleep 2 && echo 'Task 4'"]
[2023-09-18T13:25:11.615+0000] {subprocess.py:86} INFO - Output:
[2023-09-18T13:25:13.619+0000] {subprocess.py:93} INFO - Task 4
[2023-09-18T13:25:13.620+0000] {subprocess.py:97} INFO - Command exited with return code 0
[2023-09-18T13:25:13.655+0000] {taskinstance.py:1398} INFO - Marking task as SUCCESS. dag_id=5.1-orchestration, task_id=task4, execution_date=20230915T000000, start_date=20230918T132511, end_date=20230918T132513
[2023-09-18T13:25:13.683+0000] {local_task_job_runner.py:228} INFO - Task exited with return code 0
[2023-09-18T13:25:13.712+0000] {taskinstance.py:2776} INFO - 0 downstream tasks scheduled from follow-on schedule check
