[2023-09-18T13:03:28.610+0000] {taskinstance.py:1157} INFO - Dependencies all met for dep_context=non-requeueable deps ti=<TaskInstance: 5.1-orchestration.task4 scheduled__2023-09-11T00:00:00+00:00 [queued]>
[2023-09-18T13:03:28.625+0000] {taskinstance.py:1157} INFO - Dependencies all met for dep_context=requeueable deps ti=<TaskInstance: 5.1-orchestration.task4 scheduled__2023-09-11T00:00:00+00:00 [queued]>
[2023-09-18T13:03:28.626+0000] {taskinstance.py:1359} INFO - Starting attempt 1 of 1
[2023-09-18T13:03:28.649+0000] {taskinstance.py:1380} INFO - Executing <Task(BashOperator): task4> on 2023-09-11 00:00:00+00:00
[2023-09-18T13:03:28.656+0000] {standard_task_runner.py:57} INFO - Started process 3134 to run task
[2023-09-18T13:03:28.661+0000] {standard_task_runner.py:84} INFO - Running: ['***', 'tasks', 'run', '5.1-orchestration', 'task4', 'scheduled__2023-09-11T00:00:00+00:00', '--job-id', '82', '--raw', '--subdir', 'DAGS_FOLDER/5.1-orchestration.py', '--cfg-path', '/tmp/tmpwpzsd8u5']
[2023-09-18T13:03:28.662+0000] {standard_task_runner.py:85} INFO - Job 82: Subtask task4
[2023-09-18T13:03:28.724+0000] {task_command.py:415} INFO - Running <TaskInstance: 5.1-orchestration.task4 scheduled__2023-09-11T00:00:00+00:00 [running]> on host e891a57bf0af
[2023-09-18T13:03:28.821+0000] {taskinstance.py:1660} INFO - Exporting env vars: AIRFLOW_CTX_DAG_OWNER='***' AIRFLOW_CTX_DAG_ID='5.1-orchestration' AIRFLOW_CTX_TASK_ID='task4' AIRFLOW_CTX_EXECUTION_DATE='2023-09-11T00:00:00+00:00' AIRFLOW_CTX_TRY_NUMBER='1' AIRFLOW_CTX_DAG_RUN_ID='scheduled__2023-09-11T00:00:00+00:00'
[2023-09-18T13:03:28.825+0000] {subprocess.py:63} INFO - Tmp dir root location: /tmp
[2023-09-18T13:03:28.827+0000] {subprocess.py:75} INFO - Running command: ['/bin/bash', '-c', "sleep 2 && echo 'Task 4'"]
[2023-09-18T13:03:28.841+0000] {subprocess.py:86} INFO - Output:
[2023-09-18T13:03:30.880+0000] {subprocess.py:93} INFO - Task 4
[2023-09-18T13:03:30.881+0000] {subprocess.py:97} INFO - Command exited with return code 0
[2023-09-18T13:03:30.914+0000] {taskinstance.py:1398} INFO - Marking task as SUCCESS. dag_id=5.1-orchestration, task_id=task4, execution_date=20230911T000000, start_date=20230918T130328, end_date=20230918T130330
[2023-09-18T13:03:30.973+0000] {local_task_job_runner.py:228} INFO - Task exited with return code 0
[2023-09-18T13:03:30.998+0000] {taskinstance.py:2776} INFO - 0 downstream tasks scheduled from follow-on schedule check
[2023-09-18T13:24:29.232+0000] {taskinstance.py:1157} INFO - Dependencies all met for dep_context=non-requeueable deps ti=<TaskInstance: 5.1-orchestration.task4 scheduled__2023-09-11T00:00:00+00:00 [queued]>
[2023-09-18T13:24:29.354+0000] {taskinstance.py:1157} INFO - Dependencies all met for dep_context=requeueable deps ti=<TaskInstance: 5.1-orchestration.task4 scheduled__2023-09-11T00:00:00+00:00 [queued]>
[2023-09-18T13:24:29.354+0000] {taskinstance.py:1359} INFO - Starting attempt 1 of 1
[2023-09-18T13:24:29.371+0000] {taskinstance.py:1380} INFO - Executing <Task(BashOperator): task4> on 2023-09-11 00:00:00+00:00
[2023-09-18T13:24:29.379+0000] {standard_task_runner.py:57} INFO - Started process 3731 to run task
[2023-09-18T13:24:29.382+0000] {standard_task_runner.py:84} INFO - Running: ['***', 'tasks', 'run', '5.1-orchestration', 'task4', 'scheduled__2023-09-11T00:00:00+00:00', '--job-id', '152', '--raw', '--subdir', 'DAGS_FOLDER/5.1-orchestration.py', '--cfg-path', '/tmp/tmp1_kfsphq']
[2023-09-18T13:24:29.384+0000] {standard_task_runner.py:85} INFO - Job 152: Subtask task4
[2023-09-18T13:24:29.442+0000] {task_command.py:415} INFO - Running <TaskInstance: 5.1-orchestration.task4 scheduled__2023-09-11T00:00:00+00:00 [running]> on host e891a57bf0af
[2023-09-18T13:24:29.543+0000] {taskinstance.py:1660} INFO - Exporting env vars: AIRFLOW_CTX_DAG_OWNER='***' AIRFLOW_CTX_DAG_ID='5.1-orchestration' AIRFLOW_CTX_TASK_ID='task4' AIRFLOW_CTX_EXECUTION_DATE='2023-09-11T00:00:00+00:00' AIRFLOW_CTX_TRY_NUMBER='1' AIRFLOW_CTX_DAG_RUN_ID='scheduled__2023-09-11T00:00:00+00:00'
[2023-09-18T13:24:29.545+0000] {subprocess.py:63} INFO - Tmp dir root location: /tmp
[2023-09-18T13:24:29.546+0000] {subprocess.py:75} INFO - Running command: ['/bin/bash', '-c', "sleep 2 && echo 'Task 4'"]
[2023-09-18T13:24:29.557+0000] {subprocess.py:86} INFO - Output:
[2023-09-18T13:24:31.561+0000] {subprocess.py:93} INFO - Task 4
[2023-09-18T13:24:31.562+0000] {subprocess.py:97} INFO - Command exited with return code 0
[2023-09-18T13:24:31.594+0000] {taskinstance.py:1398} INFO - Marking task as SUCCESS. dag_id=5.1-orchestration, task_id=task4, execution_date=20230911T000000, start_date=20230918T132429, end_date=20230918T132431
[2023-09-18T13:24:31.617+0000] {local_task_job_runner.py:228} INFO - Task exited with return code 0
[2023-09-18T13:24:31.636+0000] {taskinstance.py:2776} INFO - 0 downstream tasks scheduled from follow-on schedule check
