[2023-09-18T13:46:33.039+0000] {taskinstance.py:1157} INFO - Dependencies all met for dep_context=non-requeueable deps ti=<TaskInstance: 6.1-monitoring.task1 scheduled__2023-09-03T00:00:00+00:00 [queued]>
[2023-09-18T13:46:33.050+0000] {taskinstance.py:1157} INFO - Dependencies all met for dep_context=requeueable deps ti=<TaskInstance: 6.1-monitoring.task1 scheduled__2023-09-03T00:00:00+00:00 [queued]>
[2023-09-18T13:46:33.051+0000] {taskinstance.py:1359} INFO - Starting attempt 1 of 1
[2023-09-18T13:46:33.069+0000] {taskinstance.py:1380} INFO - Executing <Task(BashOperator): task1> on 2023-09-03 00:00:00+00:00
[2023-09-18T13:46:33.075+0000] {standard_task_runner.py:57} INFO - Started process 4394 to run task
[2023-09-18T13:46:33.079+0000] {standard_task_runner.py:84} INFO - Running: ['***', 'tasks', 'run', '6.1-monitoring', 'task1', 'scheduled__2023-09-03T00:00:00+00:00', '--job-id', '239', '--raw', '--subdir', 'DAGS_FOLDER/6.1-monitoring.py', '--cfg-path', '/tmp/tmp0ge4jknw']
[2023-09-18T13:46:33.081+0000] {standard_task_runner.py:85} INFO - Job 239: Subtask task1
[2023-09-18T13:46:33.131+0000] {task_command.py:415} INFO - Running <TaskInstance: 6.1-monitoring.task1 scheduled__2023-09-03T00:00:00+00:00 [running]> on host e891a57bf0af
[2023-09-18T13:46:33.218+0000] {taskinstance.py:1660} INFO - Exporting env vars: AIRFLOW_CTX_DAG_OWNER='***' AIRFLOW_CTX_DAG_ID='6.1-monitoring' AIRFLOW_CTX_TASK_ID='task1' AIRFLOW_CTX_EXECUTION_DATE='2023-09-03T00:00:00+00:00' AIRFLOW_CTX_TRY_NUMBER='1' AIRFLOW_CTX_DAG_RUN_ID='scheduled__2023-09-03T00:00:00+00:00'
[2023-09-18T13:46:33.220+0000] {subprocess.py:63} INFO - Tmp dir root location: /tmp
[2023-09-18T13:46:33.221+0000] {subprocess.py:75} INFO - Running command: ['/bin/bash', '-c', "sleep 2 && echo 'Task 1'"]
[2023-09-18T13:46:33.232+0000] {subprocess.py:86} INFO - Output:
[2023-09-18T13:46:35.241+0000] {subprocess.py:93} INFO - Task 1
[2023-09-18T13:46:35.244+0000] {subprocess.py:97} INFO - Command exited with return code 0
[2023-09-18T13:46:35.367+0000] {taskinstance.py:1398} INFO - Marking task as SUCCESS. dag_id=6.1-monitoring, task_id=task1, execution_date=20230903T000000, start_date=20230918T134633, end_date=20230918T134635
[2023-09-18T13:46:35.472+0000] {local_task_job_runner.py:228} INFO - Task exited with return code 0
[2023-09-18T13:46:35.589+0000] {taskinstance.py:2776} INFO - 1 downstream tasks scheduled from follow-on schedule check
[2023-09-18T13:52:27.819+0000] {taskinstance.py:1157} INFO - Dependencies all met for dep_context=non-requeueable deps ti=<TaskInstance: 6.1-monitoring.task1 scheduled__2023-09-03T00:00:00+00:00 [queued]>
[2023-09-18T13:52:27.834+0000] {taskinstance.py:1157} INFO - Dependencies all met for dep_context=requeueable deps ti=<TaskInstance: 6.1-monitoring.task1 scheduled__2023-09-03T00:00:00+00:00 [queued]>
[2023-09-18T13:52:27.835+0000] {taskinstance.py:1359} INFO - Starting attempt 1 of 1
[2023-09-18T13:52:27.854+0000] {taskinstance.py:1380} INFO - Executing <Task(BashOperator): task1> on 2023-09-03 00:00:00+00:00
[2023-09-18T13:52:27.859+0000] {standard_task_runner.py:57} INFO - Started process 4905 to run task
[2023-09-18T13:52:27.864+0000] {standard_task_runner.py:84} INFO - Running: ['***', 'tasks', 'run', '6.1-monitoring', 'task1', 'scheduled__2023-09-03T00:00:00+00:00', '--job-id', '358', '--raw', '--subdir', 'DAGS_FOLDER/6.1-monitoring.py', '--cfg-path', '/tmp/tmpuwjeaxec']
[2023-09-18T13:52:27.866+0000] {standard_task_runner.py:85} INFO - Job 358: Subtask task1
[2023-09-18T13:52:27.949+0000] {task_command.py:415} INFO - Running <TaskInstance: 6.1-monitoring.task1 scheduled__2023-09-03T00:00:00+00:00 [running]> on host e891a57bf0af
[2023-09-18T13:52:28.108+0000] {taskinstance.py:1660} INFO - Exporting env vars: AIRFLOW_CTX_DAG_OWNER='***' AIRFLOW_CTX_DAG_ID='6.1-monitoring' AIRFLOW_CTX_TASK_ID='task1' AIRFLOW_CTX_EXECUTION_DATE='2023-09-03T00:00:00+00:00' AIRFLOW_CTX_TRY_NUMBER='1' AIRFLOW_CTX_DAG_RUN_ID='scheduled__2023-09-03T00:00:00+00:00'
[2023-09-18T13:52:28.111+0000] {subprocess.py:63} INFO - Tmp dir root location: /tmp
[2023-09-18T13:52:28.112+0000] {subprocess.py:75} INFO - Running command: ['/bin/bash', '-c', "sleep 2 && echo 'Task 1'"]
[2023-09-18T13:52:28.127+0000] {subprocess.py:86} INFO - Output:
[2023-09-18T13:52:30.134+0000] {subprocess.py:93} INFO - Task 1
[2023-09-18T13:52:30.136+0000] {subprocess.py:97} INFO - Command exited with return code 0
[2023-09-18T13:52:30.202+0000] {taskinstance.py:1398} INFO - Marking task as SUCCESS. dag_id=6.1-monitoring, task_id=task1, execution_date=20230903T000000, start_date=20230918T135227, end_date=20230918T135230
[2023-09-18T13:52:30.252+0000] {local_task_job_runner.py:228} INFO - Task exited with return code 0
[2023-09-18T13:52:30.355+0000] {taskinstance.py:2776} INFO - 1 downstream tasks scheduled from follow-on schedule check
[2023-09-18T13:54:42.143+0000] {taskinstance.py:1157} INFO - Dependencies all met for dep_context=non-requeueable deps ti=<TaskInstance: 6.1-monitoring.task1 scheduled__2023-09-03T00:00:00+00:00 [queued]>
[2023-09-18T13:54:42.159+0000] {taskinstance.py:1157} INFO - Dependencies all met for dep_context=requeueable deps ti=<TaskInstance: 6.1-monitoring.task1 scheduled__2023-09-03T00:00:00+00:00 [queued]>
[2023-09-18T13:54:42.160+0000] {taskinstance.py:1359} INFO - Starting attempt 1 of 1
[2023-09-18T13:54:42.310+0000] {taskinstance.py:1380} INFO - Executing <Task(BashOperator): task1> on 2023-09-03 00:00:00+00:00
[2023-09-18T13:54:42.318+0000] {standard_task_runner.py:57} INFO - Started process 5184 to run task
[2023-09-18T13:54:42.324+0000] {standard_task_runner.py:84} INFO - Running: ['***', 'tasks', 'run', '6.1-monitoring', 'task1', 'scheduled__2023-09-03T00:00:00+00:00', '--job-id', '427', '--raw', '--subdir', 'DAGS_FOLDER/6.1-monitoring.py', '--cfg-path', '/tmp/tmpnepa7ljg']
[2023-09-18T13:54:42.327+0000] {standard_task_runner.py:85} INFO - Job 427: Subtask task1
[2023-09-18T13:54:42.403+0000] {task_command.py:415} INFO - Running <TaskInstance: 6.1-monitoring.task1 scheduled__2023-09-03T00:00:00+00:00 [running]> on host e891a57bf0af
[2023-09-18T13:54:42.632+0000] {taskinstance.py:1660} INFO - Exporting env vars: AIRFLOW_CTX_DAG_OWNER='***' AIRFLOW_CTX_DAG_ID='6.1-monitoring' AIRFLOW_CTX_TASK_ID='task1' AIRFLOW_CTX_EXECUTION_DATE='2023-09-03T00:00:00+00:00' AIRFLOW_CTX_TRY_NUMBER='1' AIRFLOW_CTX_DAG_RUN_ID='scheduled__2023-09-03T00:00:00+00:00'
[2023-09-18T13:54:42.635+0000] {subprocess.py:63} INFO - Tmp dir root location: /tmp
[2023-09-18T13:54:42.637+0000] {subprocess.py:75} INFO - Running command: ['/bin/bash', '-c', "sleep 2 && echo 'Task 1'"]
[2023-09-18T13:54:42.669+0000] {subprocess.py:86} INFO - Output:
[2023-09-18T13:54:44.683+0000] {subprocess.py:93} INFO - Task 1
[2023-09-18T13:54:44.684+0000] {subprocess.py:97} INFO - Command exited with return code 0
[2023-09-18T13:54:44.737+0000] {taskinstance.py:1398} INFO - Marking task as SUCCESS. dag_id=6.1-monitoring, task_id=task1, execution_date=20230903T000000, start_date=20230918T135442, end_date=20230918T135444
[2023-09-18T13:54:44.968+0000] {local_task_job_runner.py:228} INFO - Task exited with return code 0
[2023-09-18T13:54:45.032+0000] {taskinstance.py:2776} INFO - 1 downstream tasks scheduled from follow-on schedule check
