[2023-09-19T12:43:20.041+0000] {taskinstance.py:1157} INFO - Dependencies all met for dep_context=non-requeueable deps ti=<TaskInstance: 7.2-externalTaskSensor.wating_dag scheduled__2023-09-01T00:00:00+00:00 [queued]>
[2023-09-19T12:43:20.053+0000] {taskinstance.py:1157} INFO - Dependencies all met for dep_context=requeueable deps ti=<TaskInstance: 7.2-externalTaskSensor.wating_dag scheduled__2023-09-01T00:00:00+00:00 [queued]>
[2023-09-19T12:43:20.054+0000] {taskinstance.py:1359} INFO - Starting attempt 1 of 1
[2023-09-19T12:43:20.070+0000] {taskinstance.py:1380} INFO - Executing <Task(ExternalTaskSensor): wating_dag> on 2023-09-01 00:00:00+00:00
[2023-09-19T12:43:20.075+0000] {standard_task_runner.py:57} INFO - Started process 570 to run task
[2023-09-19T12:43:20.079+0000] {standard_task_runner.py:84} INFO - Running: ['***', 'tasks', 'run', '7.2-externalTaskSensor', 'wating_dag', 'scheduled__2023-09-01T00:00:00+00:00', '--job-id', '542', '--raw', '--subdir', 'DAGS_FOLDER/7.2-ExternalTaskSensor.py', '--cfg-path', '/tmp/tmprmwl25sy']
[2023-09-19T12:43:20.081+0000] {standard_task_runner.py:85} INFO - Job 542: Subtask wating_dag
[2023-09-19T12:43:20.137+0000] {task_command.py:415} INFO - Running <TaskInstance: 7.2-externalTaskSensor.wating_dag scheduled__2023-09-01T00:00:00+00:00 [running]> on host e891a57bf0af
[2023-09-19T12:43:20.227+0000] {taskinstance.py:1660} INFO - Exporting env vars: AIRFLOW_CTX_DAG_OWNER='***' AIRFLOW_CTX_DAG_ID='7.2-externalTaskSensor' AIRFLOW_CTX_TASK_ID='wating_dag' AIRFLOW_CTX_EXECUTION_DATE='2023-09-01T00:00:00+00:00' AIRFLOW_CTX_TRY_NUMBER='1' AIRFLOW_CTX_DAG_RUN_ID='scheduled__2023-09-01T00:00:00+00:00'
[2023-09-19T12:43:20.228+0000] {external_task.py:244} INFO - Poking for tasks ['task1'] in dag 7.1-externalTaskSensor on 2023-09-01T00:00:00+00:00 ... 
[2023-09-19T12:43:30.253+0000] {external_task.py:244} INFO - Poking for tasks ['task1'] in dag 7.1-externalTaskSensor on 2023-09-01T00:00:00+00:00 ... 
[2023-09-19T12:43:40.274+0000] {external_task.py:244} INFO - Poking for tasks ['task1'] in dag 7.1-externalTaskSensor on 2023-09-01T00:00:00+00:00 ... 
[2023-09-19T12:43:50.292+0000] {external_task.py:244} INFO - Poking for tasks ['task1'] in dag 7.1-externalTaskSensor on 2023-09-01T00:00:00+00:00 ... 
[2023-09-19T12:44:00.303+0000] {external_task.py:244} INFO - Poking for tasks ['task1'] in dag 7.1-externalTaskSensor on 2023-09-01T00:00:00+00:00 ... 
[2023-09-19T12:44:10.323+0000] {external_task.py:244} INFO - Poking for tasks ['task1'] in dag 7.1-externalTaskSensor on 2023-09-01T00:00:00+00:00 ... 
[2023-09-19T12:44:20.345+0000] {external_task.py:244} INFO - Poking for tasks ['task1'] in dag 7.1-externalTaskSensor on 2023-09-01T00:00:00+00:00 ... 
[2023-09-19T12:44:30.372+0000] {external_task.py:244} INFO - Poking for tasks ['task1'] in dag 7.1-externalTaskSensor on 2023-09-01T00:00:00+00:00 ... 
[2023-09-19T12:44:30.382+0000] {base.py:287} INFO - Success criteria met. Exiting.
[2023-09-19T12:44:30.395+0000] {taskinstance.py:1398} INFO - Marking task as SUCCESS. dag_id=7.2-externalTaskSensor, task_id=wating_dag, execution_date=20230901T000000, start_date=20230919T124320, end_date=20230919T124430
[2023-09-19T12:44:30.528+0000] {local_task_job_runner.py:228} INFO - Task exited with return code 0
[2023-09-19T12:44:30.566+0000] {taskinstance.py:2776} INFO - 1 downstream tasks scheduled from follow-on schedule check
