[2023-09-18T13:53:15.999+0000] {taskinstance.py:1157} INFO - Dependencies all met for dep_context=non-requeueable deps ti=<TaskInstance: 6.1-monitoring.task3 scheduled__2023-09-06T00:00:00+00:00 [queued]>
[2023-09-18T13:53:16.031+0000] {taskinstance.py:1157} INFO - Dependencies all met for dep_context=requeueable deps ti=<TaskInstance: 6.1-monitoring.task3 scheduled__2023-09-06T00:00:00+00:00 [queued]>
[2023-09-18T13:53:16.032+0000] {taskinstance.py:1359} INFO - Starting attempt 1 of 1
[2023-09-18T13:53:16.205+0000] {taskinstance.py:1380} INFO - Executing <Task(BashOperator): task3> on 2023-09-06 00:00:00+00:00
[2023-09-18T13:53:16.254+0000] {standard_task_runner.py:57} INFO - Started process 5067 to run task
[2023-09-18T13:53:16.264+0000] {standard_task_runner.py:84} INFO - Running: ['***', 'tasks', 'run', '6.1-monitoring', 'task3', 'scheduled__2023-09-06T00:00:00+00:00', '--job-id', '401', '--raw', '--subdir', 'DAGS_FOLDER/6.1-monitoring.py', '--cfg-path', '/tmp/tmp5hbj7yka']
[2023-09-18T13:53:16.275+0000] {standard_task_runner.py:85} INFO - Job 401: Subtask task3
[2023-09-18T13:53:16.440+0000] {task_command.py:415} INFO - Running <TaskInstance: 6.1-monitoring.task3 scheduled__2023-09-06T00:00:00+00:00 [running]> on host e891a57bf0af
[2023-09-18T13:53:16.692+0000] {taskinstance.py:1660} INFO - Exporting env vars: AIRFLOW_CTX_DAG_OWNER='***' AIRFLOW_CTX_DAG_ID='6.1-monitoring' AIRFLOW_CTX_TASK_ID='task3' AIRFLOW_CTX_EXECUTION_DATE='2023-09-06T00:00:00+00:00' AIRFLOW_CTX_TRY_NUMBER='1' AIRFLOW_CTX_DAG_RUN_ID='scheduled__2023-09-06T00:00:00+00:00'
[2023-09-18T13:53:16.695+0000] {subprocess.py:63} INFO - Tmp dir root location: /tmp
[2023-09-18T13:53:16.697+0000] {subprocess.py:75} INFO - Running command: ['/bin/bash', '-c', "sleep 2 && echo 'Task 3'"]
[2023-09-18T13:53:16.716+0000] {subprocess.py:86} INFO - Output:
[2023-09-18T13:53:18.722+0000] {subprocess.py:93} INFO - Task 3
[2023-09-18T13:53:18.724+0000] {subprocess.py:97} INFO - Command exited with return code 0
[2023-09-18T13:53:18.760+0000] {taskinstance.py:1398} INFO - Marking task as SUCCESS. dag_id=6.1-monitoring, task_id=task3, execution_date=20230906T000000, start_date=20230918T135316, end_date=20230918T135318
[2023-09-18T13:53:18.820+0000] {local_task_job_runner.py:228} INFO - Task exited with return code 0
[2023-09-18T13:53:18.858+0000] {taskinstance.py:2776} INFO - 1 downstream tasks scheduled from follow-on schedule check
[2023-09-18T14:06:26.020+0000] {taskinstance.py:1157} INFO - Dependencies all met for dep_context=non-requeueable deps ti=<TaskInstance: 6.1-monitoring.task3 scheduled__2023-09-06T00:00:00+00:00 [queued]>
[2023-09-18T14:06:26.057+0000] {taskinstance.py:1157} INFO - Dependencies all met for dep_context=requeueable deps ti=<TaskInstance: 6.1-monitoring.task3 scheduled__2023-09-06T00:00:00+00:00 [queued]>
[2023-09-18T14:06:26.058+0000] {taskinstance.py:1359} INFO - Starting attempt 1 of 1
[2023-09-18T14:06:26.097+0000] {taskinstance.py:1380} INFO - Executing <Task(BashOperator): task3> on 2023-09-06 00:00:00+00:00
[2023-09-18T14:06:26.108+0000] {standard_task_runner.py:57} INFO - Started process 5585 to run task
[2023-09-18T14:06:26.114+0000] {standard_task_runner.py:84} INFO - Running: ['***', 'tasks', 'run', '6.1-monitoring', 'task3', 'scheduled__2023-09-06T00:00:00+00:00', '--job-id', '494', '--raw', '--subdir', 'DAGS_FOLDER/6.1-monitoring.py', '--cfg-path', '/tmp/tmpbna4nlia']
[2023-09-18T14:06:26.120+0000] {standard_task_runner.py:85} INFO - Job 494: Subtask task3
[2023-09-18T14:06:26.288+0000] {task_command.py:415} INFO - Running <TaskInstance: 6.1-monitoring.task3 scheduled__2023-09-06T00:00:00+00:00 [running]> on host e891a57bf0af
[2023-09-18T14:06:26.544+0000] {taskinstance.py:1660} INFO - Exporting env vars: AIRFLOW_CTX_DAG_OWNER='***' AIRFLOW_CTX_DAG_ID='6.1-monitoring' AIRFLOW_CTX_TASK_ID='task3' AIRFLOW_CTX_EXECUTION_DATE='2023-09-06T00:00:00+00:00' AIRFLOW_CTX_TRY_NUMBER='1' AIRFLOW_CTX_DAG_RUN_ID='scheduled__2023-09-06T00:00:00+00:00'
[2023-09-18T14:06:26.547+0000] {subprocess.py:63} INFO - Tmp dir root location: /tmp
[2023-09-18T14:06:26.550+0000] {subprocess.py:75} INFO - Running command: ['/bin/bash', '-c', "sleep 2 && echo 'Task 3'"]
[2023-09-18T14:06:26.565+0000] {subprocess.py:86} INFO - Output:
[2023-09-18T14:06:28.570+0000] {subprocess.py:93} INFO - Task 3
[2023-09-18T14:06:28.571+0000] {subprocess.py:97} INFO - Command exited with return code 0
[2023-09-18T14:06:28.626+0000] {taskinstance.py:1398} INFO - Marking task as SUCCESS. dag_id=6.1-monitoring, task_id=task3, execution_date=20230906T000000, start_date=20230918T140626, end_date=20230918T140628
[2023-09-18T14:06:28.684+0000] {local_task_job_runner.py:228} INFO - Task exited with return code 0
[2023-09-18T14:06:28.728+0000] {taskinstance.py:2776} INFO - 1 downstream tasks scheduled from follow-on schedule check
