[2023-09-18T13:02:49.842+0000] {taskinstance.py:1157} INFO - Dependencies all met for dep_context=non-requeueable deps ti=<TaskInstance: 5.1-orchestration.task2 scheduled__2023-09-02T00:00:00+00:00 [queued]>
[2023-09-18T13:02:49.861+0000] {taskinstance.py:1157} INFO - Dependencies all met for dep_context=requeueable deps ti=<TaskInstance: 5.1-orchestration.task2 scheduled__2023-09-02T00:00:00+00:00 [queued]>
[2023-09-18T13:02:49.862+0000] {taskinstance.py:1359} INFO - Starting attempt 1 of 1
[2023-09-18T13:02:49.881+0000] {taskinstance.py:1380} INFO - Executing <Task(BashOperator): task2> on 2023-09-02 00:00:00+00:00
[2023-09-18T13:02:49.887+0000] {standard_task_runner.py:57} INFO - Started process 2963 to run task
[2023-09-18T13:02:49.891+0000] {standard_task_runner.py:84} INFO - Running: ['***', 'tasks', 'run', '5.1-orchestration', 'task2', 'scheduled__2023-09-02T00:00:00+00:00', '--job-id', '40', '--raw', '--subdir', 'DAGS_FOLDER/5.1-orchestration.py', '--cfg-path', '/tmp/tmpf5l3_h0x']
[2023-09-18T13:02:49.893+0000] {standard_task_runner.py:85} INFO - Job 40: Subtask task2
[2023-09-18T13:02:49.952+0000] {task_command.py:415} INFO - Running <TaskInstance: 5.1-orchestration.task2 scheduled__2023-09-02T00:00:00+00:00 [running]> on host e891a57bf0af
[2023-09-18T13:02:50.042+0000] {taskinstance.py:1660} INFO - Exporting env vars: AIRFLOW_CTX_DAG_OWNER='***' AIRFLOW_CTX_DAG_ID='5.1-orchestration' AIRFLOW_CTX_TASK_ID='task2' AIRFLOW_CTX_EXECUTION_DATE='2023-09-02T00:00:00+00:00' AIRFLOW_CTX_TRY_NUMBER='1' AIRFLOW_CTX_DAG_RUN_ID='scheduled__2023-09-02T00:00:00+00:00'
[2023-09-18T13:02:50.044+0000] {subprocess.py:63} INFO - Tmp dir root location: /tmp
[2023-09-18T13:02:50.046+0000] {subprocess.py:75} INFO - Running command: ['/bin/bash', '-c', "sleep 2 && echo 'Task 2'"]
[2023-09-18T13:02:50.058+0000] {subprocess.py:86} INFO - Output:
[2023-09-18T13:02:52.063+0000] {subprocess.py:93} INFO - Task 2
[2023-09-18T13:02:52.064+0000] {subprocess.py:97} INFO - Command exited with return code 0
[2023-09-18T13:02:52.094+0000] {taskinstance.py:1398} INFO - Marking task as SUCCESS. dag_id=5.1-orchestration, task_id=task2, execution_date=20230902T000000, start_date=20230918T130249, end_date=20230918T130252
[2023-09-18T13:02:52.121+0000] {local_task_job_runner.py:228} INFO - Task exited with return code 0
[2023-09-18T13:02:52.156+0000] {taskinstance.py:2776} INFO - 0 downstream tasks scheduled from follow-on schedule check
[2023-09-18T13:22:45.600+0000] {taskinstance.py:1157} INFO - Dependencies all met for dep_context=non-requeueable deps ti=<TaskInstance: 5.1-orchestration.task2 scheduled__2023-09-02T00:00:00+00:00 [queued]>
[2023-09-18T13:22:45.615+0000] {taskinstance.py:1157} INFO - Dependencies all met for dep_context=requeueable deps ti=<TaskInstance: 5.1-orchestration.task2 scheduled__2023-09-02T00:00:00+00:00 [queued]>
[2023-09-18T13:22:45.616+0000] {taskinstance.py:1359} INFO - Starting attempt 1 of 1
[2023-09-18T13:22:45.637+0000] {taskinstance.py:1380} INFO - Executing <Task(BashOperator): task2> on 2023-09-02 00:00:00+00:00
[2023-09-18T13:22:45.642+0000] {standard_task_runner.py:57} INFO - Started process 3556 to run task
[2023-09-18T13:22:45.646+0000] {standard_task_runner.py:84} INFO - Running: ['***', 'tasks', 'run', '5.1-orchestration', 'task2', 'scheduled__2023-09-02T00:00:00+00:00', '--job-id', '114', '--raw', '--subdir', 'DAGS_FOLDER/5.1-orchestration.py', '--cfg-path', '/tmp/tmpvtaafn8d']
[2023-09-18T13:22:45.648+0000] {standard_task_runner.py:85} INFO - Job 114: Subtask task2
[2023-09-18T13:22:45.699+0000] {task_command.py:415} INFO - Running <TaskInstance: 5.1-orchestration.task2 scheduled__2023-09-02T00:00:00+00:00 [running]> on host e891a57bf0af
[2023-09-18T13:22:45.783+0000] {taskinstance.py:1660} INFO - Exporting env vars: AIRFLOW_CTX_DAG_OWNER='***' AIRFLOW_CTX_DAG_ID='5.1-orchestration' AIRFLOW_CTX_TASK_ID='task2' AIRFLOW_CTX_EXECUTION_DATE='2023-09-02T00:00:00+00:00' AIRFLOW_CTX_TRY_NUMBER='1' AIRFLOW_CTX_DAG_RUN_ID='scheduled__2023-09-02T00:00:00+00:00'
[2023-09-18T13:22:45.785+0000] {subprocess.py:63} INFO - Tmp dir root location: /tmp
[2023-09-18T13:22:45.786+0000] {subprocess.py:75} INFO - Running command: ['/bin/bash', '-c', "sleep 2 && echo 'Task 2'"]
[2023-09-18T13:22:45.796+0000] {subprocess.py:86} INFO - Output:
[2023-09-18T13:22:47.800+0000] {subprocess.py:93} INFO - Task 2
[2023-09-18T13:22:47.800+0000] {subprocess.py:97} INFO - Command exited with return code 0
[2023-09-18T13:22:47.828+0000] {taskinstance.py:1398} INFO - Marking task as SUCCESS. dag_id=5.1-orchestration, task_id=task2, execution_date=20230902T000000, start_date=20230918T132245, end_date=20230918T132247
[2023-09-18T13:22:47.878+0000] {local_task_job_runner.py:228} INFO - Task exited with return code 0
[2023-09-18T13:22:47.907+0000] {taskinstance.py:2776} INFO - 2 downstream tasks scheduled from follow-on schedule check
