[2023-09-18T13:53:37.801+0000] {taskinstance.py:1157} INFO - Dependencies all met for dep_context=non-requeueable deps ti=<TaskInstance: 6.1-monitoring.task3 scheduled__2023-09-15T00:00:00+00:00 [queued]>
[2023-09-18T13:53:37.814+0000] {taskinstance.py:1157} INFO - Dependencies all met for dep_context=requeueable deps ti=<TaskInstance: 6.1-monitoring.task3 scheduled__2023-09-15T00:00:00+00:00 [queued]>
[2023-09-18T13:53:37.815+0000] {taskinstance.py:1359} INFO - Starting attempt 1 of 1
[2023-09-18T13:53:37.839+0000] {taskinstance.py:1380} INFO - Executing <Task(BashOperator): task3> on 2023-09-15 00:00:00+00:00
[2023-09-18T13:53:37.846+0000] {standard_task_runner.py:57} INFO - Started process 5148 to run task
[2023-09-18T13:53:37.851+0000] {standard_task_runner.py:84} INFO - Running: ['***', 'tasks', 'run', '6.1-monitoring', 'task3', 'scheduled__2023-09-15T00:00:00+00:00', '--job-id', '422', '--raw', '--subdir', 'DAGS_FOLDER/6.1-monitoring.py', '--cfg-path', '/tmp/tmp_bucr3dl']
[2023-09-18T13:53:37.853+0000] {standard_task_runner.py:85} INFO - Job 422: Subtask task3
[2023-09-18T13:53:37.922+0000] {task_command.py:415} INFO - Running <TaskInstance: 6.1-monitoring.task3 scheduled__2023-09-15T00:00:00+00:00 [running]> on host e891a57bf0af
[2023-09-18T13:53:38.049+0000] {taskinstance.py:1660} INFO - Exporting env vars: AIRFLOW_CTX_DAG_OWNER='***' AIRFLOW_CTX_DAG_ID='6.1-monitoring' AIRFLOW_CTX_TASK_ID='task3' AIRFLOW_CTX_EXECUTION_DATE='2023-09-15T00:00:00+00:00' AIRFLOW_CTX_TRY_NUMBER='1' AIRFLOW_CTX_DAG_RUN_ID='scheduled__2023-09-15T00:00:00+00:00'
[2023-09-18T13:53:38.051+0000] {subprocess.py:63} INFO - Tmp dir root location: /tmp
[2023-09-18T13:53:38.053+0000] {subprocess.py:75} INFO - Running command: ['/bin/bash', '-c', "sleep 2 && echo 'Task 3'"]
[2023-09-18T13:53:38.071+0000] {subprocess.py:86} INFO - Output:
[2023-09-18T13:53:40.080+0000] {subprocess.py:93} INFO - Task 3
[2023-09-18T13:53:40.081+0000] {subprocess.py:97} INFO - Command exited with return code 0
[2023-09-18T13:53:40.115+0000] {taskinstance.py:1398} INFO - Marking task as SUCCESS. dag_id=6.1-monitoring, task_id=task3, execution_date=20230915T000000, start_date=20230918T135337, end_date=20230918T135340
[2023-09-18T13:53:40.162+0000] {local_task_job_runner.py:228} INFO - Task exited with return code 0
[2023-09-18T13:53:40.193+0000] {taskinstance.py:2776} INFO - 1 downstream tasks scheduled from follow-on schedule check
[2023-09-18T14:06:30.579+0000] {taskinstance.py:1157} INFO - Dependencies all met for dep_context=non-requeueable deps ti=<TaskInstance: 6.1-monitoring.task3 scheduled__2023-09-15T00:00:00+00:00 [queued]>
[2023-09-18T14:06:30.603+0000] {taskinstance.py:1157} INFO - Dependencies all met for dep_context=requeueable deps ti=<TaskInstance: 6.1-monitoring.task3 scheduled__2023-09-15T00:00:00+00:00 [queued]>
[2023-09-18T14:06:30.604+0000] {taskinstance.py:1359} INFO - Starting attempt 1 of 1
[2023-09-18T14:06:30.642+0000] {taskinstance.py:1380} INFO - Executing <Task(BashOperator): task3> on 2023-09-15 00:00:00+00:00
[2023-09-18T14:06:30.656+0000] {standard_task_runner.py:57} INFO - Started process 5614 to run task
[2023-09-18T14:06:30.662+0000] {standard_task_runner.py:84} INFO - Running: ['***', 'tasks', 'run', '6.1-monitoring', 'task3', 'scheduled__2023-09-15T00:00:00+00:00', '--job-id', '496', '--raw', '--subdir', 'DAGS_FOLDER/6.1-monitoring.py', '--cfg-path', '/tmp/tmp7q0lytfz']
[2023-09-18T14:06:30.666+0000] {standard_task_runner.py:85} INFO - Job 496: Subtask task3
[2023-09-18T14:06:30.795+0000] {task_command.py:415} INFO - Running <TaskInstance: 6.1-monitoring.task3 scheduled__2023-09-15T00:00:00+00:00 [running]> on host e891a57bf0af
[2023-09-18T14:06:31.032+0000] {taskinstance.py:1660} INFO - Exporting env vars: AIRFLOW_CTX_DAG_OWNER='***' AIRFLOW_CTX_DAG_ID='6.1-monitoring' AIRFLOW_CTX_TASK_ID='task3' AIRFLOW_CTX_EXECUTION_DATE='2023-09-15T00:00:00+00:00' AIRFLOW_CTX_TRY_NUMBER='1' AIRFLOW_CTX_DAG_RUN_ID='scheduled__2023-09-15T00:00:00+00:00'
[2023-09-18T14:06:31.039+0000] {subprocess.py:63} INFO - Tmp dir root location: /tmp
[2023-09-18T14:06:31.042+0000] {subprocess.py:75} INFO - Running command: ['/bin/bash', '-c', "sleep 2 && echo 'Task 3'"]
[2023-09-18T14:06:31.065+0000] {subprocess.py:86} INFO - Output:
[2023-09-18T14:06:33.073+0000] {subprocess.py:93} INFO - Task 3
[2023-09-18T14:06:33.075+0000] {subprocess.py:97} INFO - Command exited with return code 0
[2023-09-18T14:06:33.130+0000] {taskinstance.py:1398} INFO - Marking task as SUCCESS. dag_id=6.1-monitoring, task_id=task3, execution_date=20230915T000000, start_date=20230918T140630, end_date=20230918T140633
[2023-09-18T14:06:33.188+0000] {local_task_job_runner.py:228} INFO - Task exited with return code 0
[2023-09-18T14:06:33.307+0000] {taskinstance.py:2776} INFO - 1 downstream tasks scheduled from follow-on schedule check
