[2023-09-18T13:02:53.004+0000] {taskinstance.py:1157} INFO - Dependencies all met for dep_context=non-requeueable deps ti=<TaskInstance: 5.1-orchestration.task1 scheduled__2023-09-04T00:00:00+00:00 [queued]>
[2023-09-18T13:02:53.017+0000] {taskinstance.py:1157} INFO - Dependencies all met for dep_context=requeueable deps ti=<TaskInstance: 5.1-orchestration.task1 scheduled__2023-09-04T00:00:00+00:00 [queued]>
[2023-09-18T13:02:53.018+0000] {taskinstance.py:1359} INFO - Starting attempt 1 of 1
[2023-09-18T13:02:53.034+0000] {taskinstance.py:1380} INFO - Executing <Task(BashOperator): task1> on 2023-09-04 00:00:00+00:00
[2023-09-18T13:02:53.042+0000] {standard_task_runner.py:57} INFO - Started process 2978 to run task
[2023-09-18T13:02:53.046+0000] {standard_task_runner.py:84} INFO - Running: ['***', 'tasks', 'run', '5.1-orchestration', 'task1', 'scheduled__2023-09-04T00:00:00+00:00', '--job-id', '45', '--raw', '--subdir', 'DAGS_FOLDER/5.1-orchestration.py', '--cfg-path', '/tmp/tmpj65p6175']
[2023-09-18T13:02:53.047+0000] {standard_task_runner.py:85} INFO - Job 45: Subtask task1
[2023-09-18T13:02:53.124+0000] {task_command.py:415} INFO - Running <TaskInstance: 5.1-orchestration.task1 scheduled__2023-09-04T00:00:00+00:00 [running]> on host e891a57bf0af
[2023-09-18T13:02:53.239+0000] {taskinstance.py:1660} INFO - Exporting env vars: AIRFLOW_CTX_DAG_OWNER='***' AIRFLOW_CTX_DAG_ID='5.1-orchestration' AIRFLOW_CTX_TASK_ID='task1' AIRFLOW_CTX_EXECUTION_DATE='2023-09-04T00:00:00+00:00' AIRFLOW_CTX_TRY_NUMBER='1' AIRFLOW_CTX_DAG_RUN_ID='scheduled__2023-09-04T00:00:00+00:00'
[2023-09-18T13:02:53.243+0000] {subprocess.py:63} INFO - Tmp dir root location: /tmp
[2023-09-18T13:02:53.244+0000] {subprocess.py:75} INFO - Running command: ['/bin/bash', '-c', "sleep 2 && echo 'Task 1'"]
[2023-09-18T13:02:53.259+0000] {subprocess.py:86} INFO - Output:
[2023-09-18T13:02:55.271+0000] {subprocess.py:93} INFO - Task 1
[2023-09-18T13:02:55.272+0000] {subprocess.py:97} INFO - Command exited with return code 0
[2023-09-18T13:02:55.306+0000] {taskinstance.py:1398} INFO - Marking task as SUCCESS. dag_id=5.1-orchestration, task_id=task1, execution_date=20230904T000000, start_date=20230918T130253, end_date=20230918T130255
[2023-09-18T13:02:55.352+0000] {local_task_job_runner.py:228} INFO - Task exited with return code 0
[2023-09-18T13:02:55.396+0000] {taskinstance.py:2776} INFO - 1 downstream tasks scheduled from follow-on schedule check
[2023-09-18T13:23:02.743+0000] {taskinstance.py:1157} INFO - Dependencies all met for dep_context=non-requeueable deps ti=<TaskInstance: 5.1-orchestration.task1 scheduled__2023-09-04T00:00:00+00:00 [queued]>
[2023-09-18T13:23:02.756+0000] {taskinstance.py:1157} INFO - Dependencies all met for dep_context=requeueable deps ti=<TaskInstance: 5.1-orchestration.task1 scheduled__2023-09-04T00:00:00+00:00 [queued]>
[2023-09-18T13:23:02.758+0000] {taskinstance.py:1359} INFO - Starting attempt 1 of 1
[2023-09-18T13:23:02.782+0000] {taskinstance.py:1380} INFO - Executing <Task(BashOperator): task1> on 2023-09-04 00:00:00+00:00
[2023-09-18T13:23:02.788+0000] {standard_task_runner.py:57} INFO - Started process 3584 to run task
[2023-09-18T13:23:02.793+0000] {standard_task_runner.py:84} INFO - Running: ['***', 'tasks', 'run', '5.1-orchestration', 'task1', 'scheduled__2023-09-04T00:00:00+00:00', '--job-id', '121', '--raw', '--subdir', 'DAGS_FOLDER/5.1-orchestration.py', '--cfg-path', '/tmp/tmpb2tqrz3b']
[2023-09-18T13:23:02.794+0000] {standard_task_runner.py:85} INFO - Job 121: Subtask task1
[2023-09-18T13:23:02.858+0000] {task_command.py:415} INFO - Running <TaskInstance: 5.1-orchestration.task1 scheduled__2023-09-04T00:00:00+00:00 [running]> on host e891a57bf0af
[2023-09-18T13:23:02.999+0000] {taskinstance.py:1660} INFO - Exporting env vars: AIRFLOW_CTX_DAG_OWNER='***' AIRFLOW_CTX_DAG_ID='5.1-orchestration' AIRFLOW_CTX_TASK_ID='task1' AIRFLOW_CTX_EXECUTION_DATE='2023-09-04T00:00:00+00:00' AIRFLOW_CTX_TRY_NUMBER='1' AIRFLOW_CTX_DAG_RUN_ID='scheduled__2023-09-04T00:00:00+00:00'
[2023-09-18T13:23:03.000+0000] {subprocess.py:63} INFO - Tmp dir root location: /tmp
[2023-09-18T13:23:03.001+0000] {subprocess.py:75} INFO - Running command: ['/bin/bash', '-c', "sleep 2 && echo 'Task 1'"]
[2023-09-18T13:23:03.013+0000] {subprocess.py:86} INFO - Output:
[2023-09-18T13:23:05.017+0000] {subprocess.py:93} INFO - Task 1
[2023-09-18T13:23:05.018+0000] {subprocess.py:97} INFO - Command exited with return code 0
[2023-09-18T13:23:05.061+0000] {taskinstance.py:1398} INFO - Marking task as SUCCESS. dag_id=5.1-orchestration, task_id=task1, execution_date=20230904T000000, start_date=20230918T132302, end_date=20230918T132305
[2023-09-18T13:23:05.095+0000] {local_task_job_runner.py:228} INFO - Task exited with return code 0
[2023-09-18T13:23:05.150+0000] {taskinstance.py:2776} INFO - 1 downstream tasks scheduled from follow-on schedule check
