[2023-09-18T13:03:00.398+0000] {taskinstance.py:1157} INFO - Dependencies all met for dep_context=non-requeueable deps ti=<TaskInstance: 5.1-orchestration.task3 scheduled__2023-09-04T00:00:00+00:00 [queued]>
[2023-09-18T13:03:00.417+0000] {taskinstance.py:1157} INFO - Dependencies all met for dep_context=requeueable deps ti=<TaskInstance: 5.1-orchestration.task3 scheduled__2023-09-04T00:00:00+00:00 [queued]>
[2023-09-18T13:03:00.417+0000] {taskinstance.py:1359} INFO - Starting attempt 1 of 1
[2023-09-18T13:03:00.439+0000] {taskinstance.py:1380} INFO - Executing <Task(BashOperator): task3> on 2023-09-04 00:00:00+00:00
[2023-09-18T13:03:00.448+0000] {standard_task_runner.py:57} INFO - Started process 3014 to run task
[2023-09-18T13:03:00.454+0000] {standard_task_runner.py:84} INFO - Running: ['***', 'tasks', 'run', '5.1-orchestration', 'task3', 'scheduled__2023-09-04T00:00:00+00:00', '--job-id', '55', '--raw', '--subdir', 'DAGS_FOLDER/5.1-orchestration.py', '--cfg-path', '/tmp/tmppb64klow']
[2023-09-18T13:03:00.456+0000] {standard_task_runner.py:85} INFO - Job 55: Subtask task3
[2023-09-18T13:03:00.523+0000] {task_command.py:415} INFO - Running <TaskInstance: 5.1-orchestration.task3 scheduled__2023-09-04T00:00:00+00:00 [running]> on host e891a57bf0af
[2023-09-18T13:03:00.623+0000] {taskinstance.py:1660} INFO - Exporting env vars: AIRFLOW_CTX_DAG_OWNER='***' AIRFLOW_CTX_DAG_ID='5.1-orchestration' AIRFLOW_CTX_TASK_ID='task3' AIRFLOW_CTX_EXECUTION_DATE='2023-09-04T00:00:00+00:00' AIRFLOW_CTX_TRY_NUMBER='1' AIRFLOW_CTX_DAG_RUN_ID='scheduled__2023-09-04T00:00:00+00:00'
[2023-09-18T13:03:00.625+0000] {subprocess.py:63} INFO - Tmp dir root location: /tmp
[2023-09-18T13:03:00.627+0000] {subprocess.py:75} INFO - Running command: ['/bin/bash', '-c', "sleep 2 && echo 'Task 3'"]
[2023-09-18T13:03:00.640+0000] {subprocess.py:86} INFO - Output:
[2023-09-18T13:03:02.643+0000] {subprocess.py:93} INFO - Task 3
[2023-09-18T13:03:02.644+0000] {subprocess.py:97} INFO - Command exited with return code 0
[2023-09-18T13:03:02.676+0000] {taskinstance.py:1398} INFO - Marking task as SUCCESS. dag_id=5.1-orchestration, task_id=task3, execution_date=20230904T000000, start_date=20230918T130300, end_date=20230918T130302
[2023-09-18T13:03:02.732+0000] {local_task_job_runner.py:228} INFO - Task exited with return code 0
[2023-09-18T13:03:02.755+0000] {taskinstance.py:2776} INFO - 0 downstream tasks scheduled from follow-on schedule check
[2023-09-18T13:23:10.397+0000] {taskinstance.py:1157} INFO - Dependencies all met for dep_context=non-requeueable deps ti=<TaskInstance: 5.1-orchestration.task3 scheduled__2023-09-04T00:00:00+00:00 [queued]>
[2023-09-18T13:23:10.415+0000] {taskinstance.py:1157} INFO - Dependencies all met for dep_context=requeueable deps ti=<TaskInstance: 5.1-orchestration.task3 scheduled__2023-09-04T00:00:00+00:00 [queued]>
[2023-09-18T13:23:10.416+0000] {taskinstance.py:1359} INFO - Starting attempt 1 of 1
[2023-09-18T13:23:10.434+0000] {taskinstance.py:1380} INFO - Executing <Task(BashOperator): task3> on 2023-09-04 00:00:00+00:00
[2023-09-18T13:23:10.441+0000] {standard_task_runner.py:57} INFO - Started process 3602 to run task
[2023-09-18T13:23:10.447+0000] {standard_task_runner.py:84} INFO - Running: ['***', 'tasks', 'run', '5.1-orchestration', 'task3', 'scheduled__2023-09-04T00:00:00+00:00', '--job-id', '123', '--raw', '--subdir', 'DAGS_FOLDER/5.1-orchestration.py', '--cfg-path', '/tmp/tmpsbp_uph4']
[2023-09-18T13:23:10.449+0000] {standard_task_runner.py:85} INFO - Job 123: Subtask task3
[2023-09-18T13:23:10.531+0000] {task_command.py:415} INFO - Running <TaskInstance: 5.1-orchestration.task3 scheduled__2023-09-04T00:00:00+00:00 [running]> on host e891a57bf0af
[2023-09-18T13:23:10.621+0000] {taskinstance.py:1660} INFO - Exporting env vars: AIRFLOW_CTX_DAG_OWNER='***' AIRFLOW_CTX_DAG_ID='5.1-orchestration' AIRFLOW_CTX_TASK_ID='task3' AIRFLOW_CTX_EXECUTION_DATE='2023-09-04T00:00:00+00:00' AIRFLOW_CTX_TRY_NUMBER='1' AIRFLOW_CTX_DAG_RUN_ID='scheduled__2023-09-04T00:00:00+00:00'
[2023-09-18T13:23:10.623+0000] {subprocess.py:63} INFO - Tmp dir root location: /tmp
[2023-09-18T13:23:10.624+0000] {subprocess.py:75} INFO - Running command: ['/bin/bash', '-c', "sleep 2 && echo 'Task 3'"]
[2023-09-18T13:23:10.637+0000] {subprocess.py:86} INFO - Output:
[2023-09-18T13:23:12.641+0000] {subprocess.py:93} INFO - Task 3
[2023-09-18T13:23:12.642+0000] {subprocess.py:97} INFO - Command exited with return code 0
[2023-09-18T13:23:12.679+0000] {taskinstance.py:1398} INFO - Marking task as SUCCESS. dag_id=5.1-orchestration, task_id=task3, execution_date=20230904T000000, start_date=20230918T132310, end_date=20230918T132312
[2023-09-18T13:23:12.711+0000] {local_task_job_runner.py:228} INFO - Task exited with return code 0
[2023-09-18T13:23:12.733+0000] {taskinstance.py:2776} INFO - 0 downstream tasks scheduled from follow-on schedule check
