[2023-09-18T13:45:54.302+0000] {taskinstance.py:1157} INFO - Dependencies all met for dep_context=non-requeueable deps ti=<TaskInstance: 6.1-monitoring.task1 scheduled__2023-08-18T00:00:00+00:00 [queued]>
[2023-09-18T13:45:54.319+0000] {taskinstance.py:1157} INFO - Dependencies all met for dep_context=requeueable deps ti=<TaskInstance: 6.1-monitoring.task1 scheduled__2023-08-18T00:00:00+00:00 [queued]>
[2023-09-18T13:45:54.320+0000] {taskinstance.py:1359} INFO - Starting attempt 1 of 1
[2023-09-18T13:45:54.344+0000] {taskinstance.py:1380} INFO - Executing <Task(BashOperator): task1> on 2023-08-18 00:00:00+00:00
[2023-09-18T13:45:54.351+0000] {standard_task_runner.py:57} INFO - Started process 4298 to run task
[2023-09-18T13:45:54.356+0000] {standard_task_runner.py:84} INFO - Running: ['***', 'tasks', 'run', '6.1-monitoring', 'task1', 'scheduled__2023-08-18T00:00:00+00:00', '--job-id', '214', '--raw', '--subdir', 'DAGS_FOLDER/6.1-monitoring.py', '--cfg-path', '/tmp/tmpgramupj2']
[2023-09-18T13:45:54.358+0000] {standard_task_runner.py:85} INFO - Job 214: Subtask task1
[2023-09-18T13:45:54.442+0000] {task_command.py:415} INFO - Running <TaskInstance: 6.1-monitoring.task1 scheduled__2023-08-18T00:00:00+00:00 [running]> on host e891a57bf0af
[2023-09-18T13:45:54.627+0000] {taskinstance.py:1660} INFO - Exporting env vars: AIRFLOW_CTX_DAG_OWNER='***' AIRFLOW_CTX_DAG_ID='6.1-monitoring' AIRFLOW_CTX_TASK_ID='task1' AIRFLOW_CTX_EXECUTION_DATE='2023-08-18T00:00:00+00:00' AIRFLOW_CTX_TRY_NUMBER='1' AIRFLOW_CTX_DAG_RUN_ID='scheduled__2023-08-18T00:00:00+00:00'
[2023-09-18T13:45:54.629+0000] {subprocess.py:63} INFO - Tmp dir root location: /tmp
[2023-09-18T13:45:54.630+0000] {subprocess.py:75} INFO - Running command: ['/bin/bash', '-c', "sleep 2 && echo 'Task 1'"]
[2023-09-18T13:45:54.656+0000] {subprocess.py:86} INFO - Output:
[2023-09-18T13:45:56.666+0000] {subprocess.py:93} INFO - Task 1
[2023-09-18T13:45:56.667+0000] {subprocess.py:97} INFO - Command exited with return code 0
[2023-09-18T13:45:56.706+0000] {taskinstance.py:1398} INFO - Marking task as SUCCESS. dag_id=6.1-monitoring, task_id=task1, execution_date=20230818T000000, start_date=20230918T134554, end_date=20230918T134556
[2023-09-18T13:45:56.741+0000] {local_task_job_runner.py:228} INFO - Task exited with return code 0
[2023-09-18T13:45:56.776+0000] {taskinstance.py:2776} INFO - 1 downstream tasks scheduled from follow-on schedule check
[2023-09-18T13:51:30.233+0000] {taskinstance.py:1157} INFO - Dependencies all met for dep_context=non-requeueable deps ti=<TaskInstance: 6.1-monitoring.task1 scheduled__2023-08-18T00:00:00+00:00 [queued]>
[2023-09-18T13:51:30.261+0000] {taskinstance.py:1157} INFO - Dependencies all met for dep_context=requeueable deps ti=<TaskInstance: 6.1-monitoring.task1 scheduled__2023-08-18T00:00:00+00:00 [queued]>
[2023-09-18T13:51:30.262+0000] {taskinstance.py:1359} INFO - Starting attempt 1 of 1
[2023-09-18T13:51:30.314+0000] {taskinstance.py:1380} INFO - Executing <Task(BashOperator): task1> on 2023-08-18 00:00:00+00:00
[2023-09-18T13:51:30.335+0000] {standard_task_runner.py:57} INFO - Started process 4663 to run task
[2023-09-18T13:51:30.336+0000] {standard_task_runner.py:84} INFO - Running: ['***', 'tasks', 'run', '6.1-monitoring', 'task1', 'scheduled__2023-08-18T00:00:00+00:00', '--job-id', '292', '--raw', '--subdir', 'DAGS_FOLDER/6.1-monitoring.py', '--cfg-path', '/tmp/tmpf23c8y_8']
[2023-09-18T13:51:30.374+0000] {standard_task_runner.py:85} INFO - Job 292: Subtask task1
[2023-09-18T13:51:30.587+0000] {task_command.py:415} INFO - Running <TaskInstance: 6.1-monitoring.task1 scheduled__2023-08-18T00:00:00+00:00 [running]> on host e891a57bf0af
[2023-09-18T13:51:30.950+0000] {taskinstance.py:1660} INFO - Exporting env vars: AIRFLOW_CTX_DAG_OWNER='***' AIRFLOW_CTX_DAG_ID='6.1-monitoring' AIRFLOW_CTX_TASK_ID='task1' AIRFLOW_CTX_EXECUTION_DATE='2023-08-18T00:00:00+00:00' AIRFLOW_CTX_TRY_NUMBER='1' AIRFLOW_CTX_DAG_RUN_ID='scheduled__2023-08-18T00:00:00+00:00'
[2023-09-18T13:51:30.955+0000] {subprocess.py:63} INFO - Tmp dir root location: /tmp
[2023-09-18T13:51:30.959+0000] {subprocess.py:75} INFO - Running command: ['/bin/bash', '-c', "sleep 2 && echo 'Task 1'"]
[2023-09-18T13:51:30.985+0000] {subprocess.py:86} INFO - Output:
[2023-09-18T13:51:33.029+0000] {subprocess.py:93} INFO - Task 1
[2023-09-18T13:51:33.039+0000] {subprocess.py:97} INFO - Command exited with return code 0
[2023-09-18T13:51:33.170+0000] {taskinstance.py:1398} INFO - Marking task as SUCCESS. dag_id=6.1-monitoring, task_id=task1, execution_date=20230818T000000, start_date=20230918T135130, end_date=20230918T135133
[2023-09-18T13:51:33.411+0000] {local_task_job_runner.py:228} INFO - Task exited with return code 0
[2023-09-18T13:51:33.487+0000] {taskinstance.py:2776} INFO - 1 downstream tasks scheduled from follow-on schedule check
