[2023-09-18T13:45:54.803+0000] {taskinstance.py:1157} INFO - Dependencies all met for dep_context=non-requeueable deps ti=<TaskInstance: 6.1-monitoring.task1 scheduled__2023-08-20T00:00:00+00:00 [queued]>
[2023-09-18T13:45:54.824+0000] {taskinstance.py:1157} INFO - Dependencies all met for dep_context=requeueable deps ti=<TaskInstance: 6.1-monitoring.task1 scheduled__2023-08-20T00:00:00+00:00 [queued]>
[2023-09-18T13:45:54.825+0000] {taskinstance.py:1359} INFO - Starting attempt 1 of 1
[2023-09-18T13:45:54.854+0000] {taskinstance.py:1380} INFO - Executing <Task(BashOperator): task1> on 2023-08-20 00:00:00+00:00
[2023-09-18T13:45:54.866+0000] {standard_task_runner.py:57} INFO - Started process 4304 to run task
[2023-09-18T13:45:54.873+0000] {standard_task_runner.py:84} INFO - Running: ['***', 'tasks', 'run', '6.1-monitoring', 'task1', 'scheduled__2023-08-20T00:00:00+00:00', '--job-id', '216', '--raw', '--subdir', 'DAGS_FOLDER/6.1-monitoring.py', '--cfg-path', '/tmp/tmp6nwhnmzq']
[2023-09-18T13:45:54.875+0000] {standard_task_runner.py:85} INFO - Job 216: Subtask task1
[2023-09-18T13:45:54.973+0000] {task_command.py:415} INFO - Running <TaskInstance: 6.1-monitoring.task1 scheduled__2023-08-20T00:00:00+00:00 [running]> on host e891a57bf0af
[2023-09-18T13:45:55.116+0000] {taskinstance.py:1660} INFO - Exporting env vars: AIRFLOW_CTX_DAG_OWNER='***' AIRFLOW_CTX_DAG_ID='6.1-monitoring' AIRFLOW_CTX_TASK_ID='task1' AIRFLOW_CTX_EXECUTION_DATE='2023-08-20T00:00:00+00:00' AIRFLOW_CTX_TRY_NUMBER='1' AIRFLOW_CTX_DAG_RUN_ID='scheduled__2023-08-20T00:00:00+00:00'
[2023-09-18T13:45:55.124+0000] {subprocess.py:63} INFO - Tmp dir root location: /tmp
[2023-09-18T13:45:55.125+0000] {subprocess.py:75} INFO - Running command: ['/bin/bash', '-c', "sleep 2 && echo 'Task 1'"]
[2023-09-18T13:45:55.144+0000] {subprocess.py:86} INFO - Output:
[2023-09-18T13:45:57.164+0000] {subprocess.py:93} INFO - Task 1
[2023-09-18T13:45:57.167+0000] {subprocess.py:97} INFO - Command exited with return code 0
[2023-09-18T13:45:57.217+0000] {taskinstance.py:1398} INFO - Marking task as SUCCESS. dag_id=6.1-monitoring, task_id=task1, execution_date=20230820T000000, start_date=20230918T134554, end_date=20230918T134557
[2023-09-18T13:45:57.377+0000] {local_task_job_runner.py:228} INFO - Task exited with return code 0
[2023-09-18T13:45:57.445+0000] {taskinstance.py:2776} INFO - 1 downstream tasks scheduled from follow-on schedule check
[2023-09-18T13:51:31.697+0000] {taskinstance.py:1157} INFO - Dependencies all met for dep_context=non-requeueable deps ti=<TaskInstance: 6.1-monitoring.task1 scheduled__2023-08-20T00:00:00+00:00 [queued]>
[2023-09-18T13:51:31.733+0000] {taskinstance.py:1157} INFO - Dependencies all met for dep_context=requeueable deps ti=<TaskInstance: 6.1-monitoring.task1 scheduled__2023-08-20T00:00:00+00:00 [queued]>
[2023-09-18T13:51:31.736+0000] {taskinstance.py:1359} INFO - Starting attempt 1 of 1
[2023-09-18T13:51:32.058+0000] {taskinstance.py:1380} INFO - Executing <Task(BashOperator): task1> on 2023-08-20 00:00:00+00:00
[2023-09-18T13:51:32.080+0000] {standard_task_runner.py:57} INFO - Started process 4673 to run task
[2023-09-18T13:51:32.086+0000] {standard_task_runner.py:84} INFO - Running: ['***', 'tasks', 'run', '6.1-monitoring', 'task1', 'scheduled__2023-08-20T00:00:00+00:00', '--job-id', '295', '--raw', '--subdir', 'DAGS_FOLDER/6.1-monitoring.py', '--cfg-path', '/tmp/tmpssjwvqs8']
[2023-09-18T13:51:32.089+0000] {standard_task_runner.py:85} INFO - Job 295: Subtask task1
[2023-09-18T13:51:32.305+0000] {task_command.py:415} INFO - Running <TaskInstance: 6.1-monitoring.task1 scheduled__2023-08-20T00:00:00+00:00 [running]> on host e891a57bf0af
[2023-09-18T13:51:32.644+0000] {taskinstance.py:1660} INFO - Exporting env vars: AIRFLOW_CTX_DAG_OWNER='***' AIRFLOW_CTX_DAG_ID='6.1-monitoring' AIRFLOW_CTX_TASK_ID='task1' AIRFLOW_CTX_EXECUTION_DATE='2023-08-20T00:00:00+00:00' AIRFLOW_CTX_TRY_NUMBER='1' AIRFLOW_CTX_DAG_RUN_ID='scheduled__2023-08-20T00:00:00+00:00'
[2023-09-18T13:51:32.648+0000] {subprocess.py:63} INFO - Tmp dir root location: /tmp
[2023-09-18T13:51:32.654+0000] {subprocess.py:75} INFO - Running command: ['/bin/bash', '-c', "sleep 2 && echo 'Task 1'"]
[2023-09-18T13:51:32.715+0000] {subprocess.py:86} INFO - Output:
[2023-09-18T13:51:34.735+0000] {subprocess.py:93} INFO - Task 1
[2023-09-18T13:51:34.737+0000] {subprocess.py:97} INFO - Command exited with return code 0
[2023-09-18T13:51:34.797+0000] {taskinstance.py:1398} INFO - Marking task as SUCCESS. dag_id=6.1-monitoring, task_id=task1, execution_date=20230820T000000, start_date=20230918T135131, end_date=20230918T135134
[2023-09-18T13:51:34.867+0000] {local_task_job_runner.py:228} INFO - Task exited with return code 0
[2023-09-18T13:51:34.987+0000] {taskinstance.py:2776} INFO - 1 downstream tasks scheduled from follow-on schedule check
