[2023-09-18T14:27:28.996+0000] {taskinstance.py:1157} INFO - Dependencies all met for dep_context=non-requeueable deps ti=<TaskInstance: 6.2-monitoring.task1 scheduled__2023-09-01T00:00:00+00:00 [queued]>
[2023-09-18T14:27:29.011+0000] {taskinstance.py:1157} INFO - Dependencies all met for dep_context=requeueable deps ti=<TaskInstance: 6.2-monitoring.task1 scheduled__2023-09-01T00:00:00+00:00 [queued]>
[2023-09-18T14:27:29.012+0000] {taskinstance.py:1359} INFO - Starting attempt 1 of 3
[2023-09-18T14:27:29.032+0000] {taskinstance.py:1380} INFO - Executing <Task(BashOperator): task1> on 2023-09-01 00:00:00+00:00
[2023-09-18T14:27:29.039+0000] {standard_task_runner.py:57} INFO - Started process 5980 to run task
[2023-09-18T14:27:29.044+0000] {standard_task_runner.py:84} INFO - Running: ['***', 'tasks', 'run', '6.2-monitoring', 'task1', 'scheduled__2023-09-01T00:00:00+00:00', '--job-id', '515', '--raw', '--subdir', 'DAGS_FOLDER/6.2-monitoring.py', '--cfg-path', '/tmp/tmpufz7xdnj']
[2023-09-18T14:27:29.047+0000] {standard_task_runner.py:85} INFO - Job 515: Subtask task1
[2023-09-18T14:27:29.113+0000] {task_command.py:415} INFO - Running <TaskInstance: 6.2-monitoring.task1 scheduled__2023-09-01T00:00:00+00:00 [running]> on host e891a57bf0af
[2023-09-18T14:27:29.218+0000] {taskinstance.py:1660} INFO - Exporting env vars: AIRFLOW_CTX_DAG_OWNER='***' AIRFLOW_CTX_DAG_ID='6.2-monitoring' AIRFLOW_CTX_TASK_ID='task1' AIRFLOW_CTX_EXECUTION_DATE='2023-09-01T00:00:00+00:00' AIRFLOW_CTX_TRY_NUMBER='1' AIRFLOW_CTX_DAG_RUN_ID='scheduled__2023-09-01T00:00:00+00:00'
[2023-09-18T14:27:29.220+0000] {subprocess.py:63} INFO - Tmp dir root location: /tmp
[2023-09-18T14:27:29.222+0000] {subprocess.py:75} INFO - Running command: ['/bin/bash', '-c', "sleep 2 && echo 'Task 1'"]
[2023-09-18T14:27:29.237+0000] {subprocess.py:86} INFO - Output:
[2023-09-18T14:27:31.247+0000] {subprocess.py:93} INFO - Task 1
[2023-09-18T14:27:31.249+0000] {subprocess.py:97} INFO - Command exited with return code 0
[2023-09-18T14:27:31.285+0000] {taskinstance.py:1398} INFO - Marking task as SUCCESS. dag_id=6.2-monitoring, task_id=task1, execution_date=20230901T000000, start_date=20230918T142728, end_date=20230918T142731
[2023-09-18T14:27:31.311+0000] {local_task_job_runner.py:228} INFO - Task exited with return code 0
[2023-09-18T14:27:31.348+0000] {taskinstance.py:2776} INFO - 1 downstream tasks scheduled from follow-on schedule check
[2023-09-19T12:15:19.050+0000] {taskinstance.py:1157} INFO - Dependencies all met for dep_context=non-requeueable deps ti=<TaskInstance: 6.2-monitoring.task1 scheduled__2023-09-01T00:00:00+00:00 [queued]>
[2023-09-19T12:15:19.206+0000] {taskinstance.py:1157} INFO - Dependencies all met for dep_context=requeueable deps ti=<TaskInstance: 6.2-monitoring.task1 scheduled__2023-09-01T00:00:00+00:00 [queued]>
[2023-09-19T12:15:19.206+0000] {taskinstance.py:1359} INFO - Starting attempt 1 of 3
[2023-09-19T12:15:19.241+0000] {taskinstance.py:1380} INFO - Executing <Task(BashOperator): task1> on 2023-09-01 00:00:00+00:00
[2023-09-19T12:15:19.251+0000] {standard_task_runner.py:57} INFO - Started process 101 to run task
[2023-09-19T12:15:19.257+0000] {standard_task_runner.py:84} INFO - Running: ['***', 'tasks', 'run', '6.2-monitoring', 'task1', 'scheduled__2023-09-01T00:00:00+00:00', '--job-id', '526', '--raw', '--subdir', 'DAGS_FOLDER/6.2-monitoring.py', '--cfg-path', '/tmp/tmpgppo1w9x']
[2023-09-19T12:15:19.259+0000] {standard_task_runner.py:85} INFO - Job 526: Subtask task1
[2023-09-19T12:15:19.356+0000] {task_command.py:415} INFO - Running <TaskInstance: 6.2-monitoring.task1 scheduled__2023-09-01T00:00:00+00:00 [running]> on host e891a57bf0af
[2023-09-19T12:15:19.667+0000] {taskinstance.py:1660} INFO - Exporting env vars: AIRFLOW_CTX_DAG_OWNER='***' AIRFLOW_CTX_DAG_ID='6.2-monitoring' AIRFLOW_CTX_TASK_ID='task1' AIRFLOW_CTX_EXECUTION_DATE='2023-09-01T00:00:00+00:00' AIRFLOW_CTX_TRY_NUMBER='1' AIRFLOW_CTX_DAG_RUN_ID='scheduled__2023-09-01T00:00:00+00:00'
[2023-09-19T12:15:19.686+0000] {subprocess.py:63} INFO - Tmp dir root location: /tmp
[2023-09-19T12:15:20.008+0000] {subprocess.py:75} INFO - Running command: ['/bin/bash', '-c', "sleep 2 && echo 'Task 1'"]
[2023-09-19T12:15:21.251+0000] {subprocess.py:86} INFO - Output:
[2023-09-19T12:15:23.901+0000] {subprocess.py:93} INFO - Task 1
[2023-09-19T12:15:23.908+0000] {subprocess.py:97} INFO - Command exited with return code 0
[2023-09-19T12:15:23.953+0000] {taskinstance.py:1398} INFO - Marking task as SUCCESS. dag_id=6.2-monitoring, task_id=task1, execution_date=20230901T000000, start_date=20230919T121519, end_date=20230919T121523
[2023-09-19T12:15:24.010+0000] {local_task_job_runner.py:228} INFO - Task exited with return code 0
[2023-09-19T12:15:24.050+0000] {taskinstance.py:2776} INFO - 1 downstream tasks scheduled from follow-on schedule check
