[2023-09-19T13:01:53.877+0000] {taskinstance.py:1157} INFO - Dependencies all met for dep_context=non-requeueable deps ti=<TaskInstance: 7.3-externalTaskSensor.creating_file scheduled__2023-09-03T00:00:00+00:00 [queued]>
[2023-09-19T13:01:53.890+0000] {taskinstance.py:1157} INFO - Dependencies all met for dep_context=requeueable deps ti=<TaskInstance: 7.3-externalTaskSensor.creating_file scheduled__2023-09-03T00:00:00+00:00 [queued]>
[2023-09-19T13:01:53.890+0000] {taskinstance.py:1359} INFO - Starting attempt 1 of 1
[2023-09-19T13:01:53.905+0000] {taskinstance.py:1380} INFO - Executing <Task(BashOperator): creating_file> on 2023-09-03 00:00:00+00:00
[2023-09-19T13:01:53.911+0000] {standard_task_runner.py:57} INFO - Started process 1029 to run task
[2023-09-19T13:01:53.914+0000] {standard_task_runner.py:84} INFO - Running: ['***', 'tasks', 'run', '7.3-externalTaskSensor', 'creating_file', 'scheduled__2023-09-03T00:00:00+00:00', '--job-id', '597', '--raw', '--subdir', 'DAGS_FOLDER/7.3-ExternalTaskSensor.py', '--cfg-path', '/tmp/tmpe_l9y4vi']
[2023-09-19T13:01:53.915+0000] {standard_task_runner.py:85} INFO - Job 597: Subtask creating_file
[2023-09-19T13:01:53.966+0000] {task_command.py:415} INFO - Running <TaskInstance: 7.3-externalTaskSensor.creating_file scheduled__2023-09-03T00:00:00+00:00 [running]> on host e891a57bf0af
[2023-09-19T13:01:54.071+0000] {taskinstance.py:1660} INFO - Exporting env vars: AIRFLOW_CTX_DAG_OWNER='***' AIRFLOW_CTX_DAG_ID='7.3-externalTaskSensor' AIRFLOW_CTX_TASK_ID='creating_file' AIRFLOW_CTX_EXECUTION_DATE='2023-09-03T00:00:00+00:00' AIRFLOW_CTX_TRY_NUMBER='1' AIRFLOW_CTX_DAG_RUN_ID='scheduled__2023-09-03T00:00:00+00:00'
[2023-09-19T13:01:54.073+0000] {subprocess.py:63} INFO - Tmp dir root location: /tmp
[2023-09-19T13:01:54.074+0000] {subprocess.py:75} INFO - Running command: ['/bin/bash', '-c', 'sleep 10 && touch /tmp/file.txt']
[2023-09-19T13:01:54.088+0000] {subprocess.py:86} INFO - Output:
[2023-09-19T13:02:04.093+0000] {subprocess.py:97} INFO - Command exited with return code 0
[2023-09-19T13:02:04.124+0000] {taskinstance.py:1398} INFO - Marking task as SUCCESS. dag_id=7.3-externalTaskSensor, task_id=creating_file, execution_date=20230903T000000, start_date=20230919T130153, end_date=20230919T130204
[2023-09-19T13:02:04.162+0000] {local_task_job_runner.py:228} INFO - Task exited with return code 0
[2023-09-19T13:02:04.187+0000] {taskinstance.py:2776} INFO - 1 downstream tasks scheduled from follow-on schedule check
[2023-09-19T13:38:24.689+0000] {taskinstance.py:1157} INFO - Dependencies all met for dep_context=non-requeueable deps ti=<TaskInstance: 7.3-externalTaskSensor.creating_file scheduled__2023-09-03T00:00:00+00:00 [queued]>
[2023-09-19T13:38:24.701+0000] {taskinstance.py:1157} INFO - Dependencies all met for dep_context=requeueable deps ti=<TaskInstance: 7.3-externalTaskSensor.creating_file scheduled__2023-09-03T00:00:00+00:00 [queued]>
[2023-09-19T13:38:24.702+0000] {taskinstance.py:1359} INFO - Starting attempt 1 of 1
[2023-09-19T13:38:24.720+0000] {taskinstance.py:1380} INFO - Executing <Task(BashOperator): creating_file> on 2023-09-03 00:00:00+00:00
[2023-09-19T13:38:24.725+0000] {standard_task_runner.py:57} INFO - Started process 1660 to run task
[2023-09-19T13:38:24.728+0000] {standard_task_runner.py:84} INFO - Running: ['***', 'tasks', 'run', '7.3-externalTaskSensor', 'creating_file', 'scheduled__2023-09-03T00:00:00+00:00', '--job-id', '619', '--raw', '--subdir', 'DAGS_FOLDER/7.3-ExternalTaskSensor.py', '--cfg-path', '/tmp/tmpe5ojmgrf']
[2023-09-19T13:38:24.729+0000] {standard_task_runner.py:85} INFO - Job 619: Subtask creating_file
[2023-09-19T13:38:24.780+0000] {task_command.py:415} INFO - Running <TaskInstance: 7.3-externalTaskSensor.creating_file scheduled__2023-09-03T00:00:00+00:00 [running]> on host e891a57bf0af
[2023-09-19T13:38:24.868+0000] {taskinstance.py:1660} INFO - Exporting env vars: AIRFLOW_CTX_DAG_OWNER='***' AIRFLOW_CTX_DAG_ID='7.3-externalTaskSensor' AIRFLOW_CTX_TASK_ID='creating_file' AIRFLOW_CTX_EXECUTION_DATE='2023-09-03T00:00:00+00:00' AIRFLOW_CTX_TRY_NUMBER='1' AIRFLOW_CTX_DAG_RUN_ID='scheduled__2023-09-03T00:00:00+00:00'
[2023-09-19T13:38:24.870+0000] {subprocess.py:63} INFO - Tmp dir root location: /tmp
[2023-09-19T13:38:24.871+0000] {subprocess.py:75} INFO - Running command: ['/bin/bash', '-c', 'sleep 10 && touch /tmp/file.txt']
[2023-09-19T13:38:24.880+0000] {subprocess.py:86} INFO - Output:
[2023-09-19T13:38:34.886+0000] {subprocess.py:97} INFO - Command exited with return code 0
[2023-09-19T13:38:34.918+0000] {taskinstance.py:1398} INFO - Marking task as SUCCESS. dag_id=7.3-externalTaskSensor, task_id=creating_file, execution_date=20230903T000000, start_date=20230919T133824, end_date=20230919T133834
[2023-09-19T13:38:34.943+0000] {local_task_job_runner.py:228} INFO - Task exited with return code 0
[2023-09-19T13:38:34.969+0000] {taskinstance.py:2776} INFO - 1 downstream tasks scheduled from follow-on schedule check
