[2023-09-18T13:03:00.391+0000] {taskinstance.py:1157} INFO - Dependencies all met for dep_context=non-requeueable deps ti=<TaskInstance: 5.1-orchestration.task4 scheduled__2023-09-04T00:00:00+00:00 [queued]>
[2023-09-18T13:03:00.410+0000] {taskinstance.py:1157} INFO - Dependencies all met for dep_context=requeueable deps ti=<TaskInstance: 5.1-orchestration.task4 scheduled__2023-09-04T00:00:00+00:00 [queued]>
[2023-09-18T13:03:00.410+0000] {taskinstance.py:1359} INFO - Starting attempt 1 of 1
[2023-09-18T13:03:00.428+0000] {taskinstance.py:1380} INFO - Executing <Task(BashOperator): task4> on 2023-09-04 00:00:00+00:00
[2023-09-18T13:03:00.436+0000] {standard_task_runner.py:57} INFO - Started process 3012 to run task
[2023-09-18T13:03:00.441+0000] {standard_task_runner.py:84} INFO - Running: ['***', 'tasks', 'run', '5.1-orchestration', 'task4', 'scheduled__2023-09-04T00:00:00+00:00', '--job-id', '54', '--raw', '--subdir', 'DAGS_FOLDER/5.1-orchestration.py', '--cfg-path', '/tmp/tmpybjoif9l']
[2023-09-18T13:03:00.444+0000] {standard_task_runner.py:85} INFO - Job 54: Subtask task4
[2023-09-18T13:03:00.509+0000] {task_command.py:415} INFO - Running <TaskInstance: 5.1-orchestration.task4 scheduled__2023-09-04T00:00:00+00:00 [running]> on host e891a57bf0af
[2023-09-18T13:03:00.612+0000] {taskinstance.py:1660} INFO - Exporting env vars: AIRFLOW_CTX_DAG_OWNER='***' AIRFLOW_CTX_DAG_ID='5.1-orchestration' AIRFLOW_CTX_TASK_ID='task4' AIRFLOW_CTX_EXECUTION_DATE='2023-09-04T00:00:00+00:00' AIRFLOW_CTX_TRY_NUMBER='1' AIRFLOW_CTX_DAG_RUN_ID='scheduled__2023-09-04T00:00:00+00:00'
[2023-09-18T13:03:00.614+0000] {subprocess.py:63} INFO - Tmp dir root location: /tmp
[2023-09-18T13:03:00.615+0000] {subprocess.py:75} INFO - Running command: ['/bin/bash', '-c', "sleep 2 && echo 'Task 4'"]
[2023-09-18T13:03:00.629+0000] {subprocess.py:86} INFO - Output:
[2023-09-18T13:03:02.638+0000] {subprocess.py:93} INFO - Task 4
[2023-09-18T13:03:02.639+0000] {subprocess.py:97} INFO - Command exited with return code 0
[2023-09-18T13:03:02.674+0000] {taskinstance.py:1398} INFO - Marking task as SUCCESS. dag_id=5.1-orchestration, task_id=task4, execution_date=20230904T000000, start_date=20230918T130300, end_date=20230918T130302
[2023-09-18T13:03:02.717+0000] {local_task_job_runner.py:228} INFO - Task exited with return code 0
[2023-09-18T13:03:02.736+0000] {taskinstance.py:2776} INFO - 0 downstream tasks scheduled from follow-on schedule check
[2023-09-18T13:23:10.396+0000] {taskinstance.py:1157} INFO - Dependencies all met for dep_context=non-requeueable deps ti=<TaskInstance: 5.1-orchestration.task4 scheduled__2023-09-04T00:00:00+00:00 [queued]>
[2023-09-18T13:23:10.415+0000] {taskinstance.py:1157} INFO - Dependencies all met for dep_context=requeueable deps ti=<TaskInstance: 5.1-orchestration.task4 scheduled__2023-09-04T00:00:00+00:00 [queued]>
[2023-09-18T13:23:10.416+0000] {taskinstance.py:1359} INFO - Starting attempt 1 of 1
[2023-09-18T13:23:10.433+0000] {taskinstance.py:1380} INFO - Executing <Task(BashOperator): task4> on 2023-09-04 00:00:00+00:00
[2023-09-18T13:23:10.439+0000] {standard_task_runner.py:57} INFO - Started process 3601 to run task
[2023-09-18T13:23:10.445+0000] {standard_task_runner.py:84} INFO - Running: ['***', 'tasks', 'run', '5.1-orchestration', 'task4', 'scheduled__2023-09-04T00:00:00+00:00', '--job-id', '124', '--raw', '--subdir', 'DAGS_FOLDER/5.1-orchestration.py', '--cfg-path', '/tmp/tmpho7yn2ro']
[2023-09-18T13:23:10.447+0000] {standard_task_runner.py:85} INFO - Job 124: Subtask task4
[2023-09-18T13:23:10.531+0000] {task_command.py:415} INFO - Running <TaskInstance: 5.1-orchestration.task4 scheduled__2023-09-04T00:00:00+00:00 [running]> on host e891a57bf0af
[2023-09-18T13:23:10.621+0000] {taskinstance.py:1660} INFO - Exporting env vars: AIRFLOW_CTX_DAG_OWNER='***' AIRFLOW_CTX_DAG_ID='5.1-orchestration' AIRFLOW_CTX_TASK_ID='task4' AIRFLOW_CTX_EXECUTION_DATE='2023-09-04T00:00:00+00:00' AIRFLOW_CTX_TRY_NUMBER='1' AIRFLOW_CTX_DAG_RUN_ID='scheduled__2023-09-04T00:00:00+00:00'
[2023-09-18T13:23:10.623+0000] {subprocess.py:63} INFO - Tmp dir root location: /tmp
[2023-09-18T13:23:10.624+0000] {subprocess.py:75} INFO - Running command: ['/bin/bash', '-c', "sleep 2 && echo 'Task 4'"]
[2023-09-18T13:23:10.637+0000] {subprocess.py:86} INFO - Output:
[2023-09-18T13:23:12.641+0000] {subprocess.py:93} INFO - Task 4
[2023-09-18T13:23:12.643+0000] {subprocess.py:97} INFO - Command exited with return code 0
[2023-09-18T13:23:12.682+0000] {taskinstance.py:1398} INFO - Marking task as SUCCESS. dag_id=5.1-orchestration, task_id=task4, execution_date=20230904T000000, start_date=20230918T132310, end_date=20230918T132312
[2023-09-18T13:23:12.714+0000] {local_task_job_runner.py:228} INFO - Task exited with return code 0
[2023-09-18T13:23:12.748+0000] {taskinstance.py:2776} INFO - 0 downstream tasks scheduled from follow-on schedule check
