[2023-09-19T13:02:20.313+0000] {taskinstance.py:1157} INFO - Dependencies all met for dep_context=non-requeueable deps ti=<TaskInstance: 7.3-externalTaskSensor.creating_file scheduled__2023-09-05T00:00:00+00:00 [queued]>
[2023-09-19T13:02:20.325+0000] {taskinstance.py:1157} INFO - Dependencies all met for dep_context=requeueable deps ti=<TaskInstance: 7.3-externalTaskSensor.creating_file scheduled__2023-09-05T00:00:00+00:00 [queued]>
[2023-09-19T13:02:20.326+0000] {taskinstance.py:1359} INFO - Starting attempt 1 of 1
[2023-09-19T13:02:20.344+0000] {taskinstance.py:1380} INFO - Executing <Task(BashOperator): creating_file> on 2023-09-05 00:00:00+00:00
[2023-09-19T13:02:20.350+0000] {standard_task_runner.py:57} INFO - Started process 1049 to run task
[2023-09-19T13:02:20.353+0000] {standard_task_runner.py:84} INFO - Running: ['***', 'tasks', 'run', '7.3-externalTaskSensor', 'creating_file', 'scheduled__2023-09-05T00:00:00+00:00', '--job-id', '601', '--raw', '--subdir', 'DAGS_FOLDER/7.3-ExternalTaskSensor.py', '--cfg-path', '/tmp/tmp8r5nk7cp']
[2023-09-19T13:02:20.355+0000] {standard_task_runner.py:85} INFO - Job 601: Subtask creating_file
[2023-09-19T13:02:20.404+0000] {task_command.py:415} INFO - Running <TaskInstance: 7.3-externalTaskSensor.creating_file scheduled__2023-09-05T00:00:00+00:00 [running]> on host e891a57bf0af
[2023-09-19T13:02:20.481+0000] {taskinstance.py:1660} INFO - Exporting env vars: AIRFLOW_CTX_DAG_OWNER='***' AIRFLOW_CTX_DAG_ID='7.3-externalTaskSensor' AIRFLOW_CTX_TASK_ID='creating_file' AIRFLOW_CTX_EXECUTION_DATE='2023-09-05T00:00:00+00:00' AIRFLOW_CTX_TRY_NUMBER='1' AIRFLOW_CTX_DAG_RUN_ID='scheduled__2023-09-05T00:00:00+00:00'
[2023-09-19T13:02:20.483+0000] {subprocess.py:63} INFO - Tmp dir root location: /tmp
[2023-09-19T13:02:20.484+0000] {subprocess.py:75} INFO - Running command: ['/bin/bash', '-c', 'sleep 10 && touch /tmp/file.txt']
[2023-09-19T13:02:20.494+0000] {subprocess.py:86} INFO - Output:
[2023-09-19T13:02:30.499+0000] {subprocess.py:97} INFO - Command exited with return code 0
[2023-09-19T13:02:30.535+0000] {taskinstance.py:1398} INFO - Marking task as SUCCESS. dag_id=7.3-externalTaskSensor, task_id=creating_file, execution_date=20230905T000000, start_date=20230919T130220, end_date=20230919T130230
[2023-09-19T13:02:30.575+0000] {local_task_job_runner.py:228} INFO - Task exited with return code 0
[2023-09-19T13:02:30.605+0000] {taskinstance.py:2776} INFO - 1 downstream tasks scheduled from follow-on schedule check
[2023-09-19T13:38:52.998+0000] {taskinstance.py:1157} INFO - Dependencies all met for dep_context=non-requeueable deps ti=<TaskInstance: 7.3-externalTaskSensor.creating_file scheduled__2023-09-05T00:00:00+00:00 [queued]>
[2023-09-19T13:38:53.012+0000] {taskinstance.py:1157} INFO - Dependencies all met for dep_context=requeueable deps ti=<TaskInstance: 7.3-externalTaskSensor.creating_file scheduled__2023-09-05T00:00:00+00:00 [queued]>
[2023-09-19T13:38:53.013+0000] {taskinstance.py:1359} INFO - Starting attempt 1 of 1
[2023-09-19T13:38:53.032+0000] {taskinstance.py:1380} INFO - Executing <Task(BashOperator): creating_file> on 2023-09-05 00:00:00+00:00
[2023-09-19T13:38:53.037+0000] {standard_task_runner.py:57} INFO - Started process 1686 to run task
[2023-09-19T13:38:53.041+0000] {standard_task_runner.py:84} INFO - Running: ['***', 'tasks', 'run', '7.3-externalTaskSensor', 'creating_file', 'scheduled__2023-09-05T00:00:00+00:00', '--job-id', '625', '--raw', '--subdir', 'DAGS_FOLDER/7.3-ExternalTaskSensor.py', '--cfg-path', '/tmp/tmptay1s7zz']
[2023-09-19T13:38:53.043+0000] {standard_task_runner.py:85} INFO - Job 625: Subtask creating_file
[2023-09-19T13:38:53.096+0000] {task_command.py:415} INFO - Running <TaskInstance: 7.3-externalTaskSensor.creating_file scheduled__2023-09-05T00:00:00+00:00 [running]> on host e891a57bf0af
[2023-09-19T13:38:53.184+0000] {taskinstance.py:1660} INFO - Exporting env vars: AIRFLOW_CTX_DAG_OWNER='***' AIRFLOW_CTX_DAG_ID='7.3-externalTaskSensor' AIRFLOW_CTX_TASK_ID='creating_file' AIRFLOW_CTX_EXECUTION_DATE='2023-09-05T00:00:00+00:00' AIRFLOW_CTX_TRY_NUMBER='1' AIRFLOW_CTX_DAG_RUN_ID='scheduled__2023-09-05T00:00:00+00:00'
[2023-09-19T13:38:53.186+0000] {subprocess.py:63} INFO - Tmp dir root location: /tmp
[2023-09-19T13:38:53.187+0000] {subprocess.py:75} INFO - Running command: ['/bin/bash', '-c', 'sleep 10 && touch /tmp/file.txt']
[2023-09-19T13:38:53.198+0000] {subprocess.py:86} INFO - Output:
[2023-09-19T13:39:03.205+0000] {subprocess.py:97} INFO - Command exited with return code 0
[2023-09-19T13:39:03.243+0000] {taskinstance.py:1398} INFO - Marking task as SUCCESS. dag_id=7.3-externalTaskSensor, task_id=creating_file, execution_date=20230905T000000, start_date=20230919T133853, end_date=20230919T133903
[2023-09-19T13:39:03.313+0000] {local_task_job_runner.py:228} INFO - Task exited with return code 0
[2023-09-19T13:39:03.345+0000] {taskinstance.py:2776} INFO - 1 downstream tasks scheduled from follow-on schedule check
