[2023-09-18T13:45:45.463+0000] {taskinstance.py:1157} INFO - Dependencies all met for dep_context=non-requeueable deps ti=<TaskInstance: 6.1-monitoring.task1 scheduled__2023-08-14T00:00:00+00:00 [queued]>
[2023-09-18T13:45:45.501+0000] {taskinstance.py:1157} INFO - Dependencies all met for dep_context=requeueable deps ti=<TaskInstance: 6.1-monitoring.task1 scheduled__2023-08-14T00:00:00+00:00 [queued]>
[2023-09-18T13:45:45.502+0000] {taskinstance.py:1359} INFO - Starting attempt 1 of 1
[2023-09-18T13:45:45.534+0000] {taskinstance.py:1380} INFO - Executing <Task(BashOperator): task1> on 2023-08-14 00:00:00+00:00
[2023-09-18T13:45:45.545+0000] {standard_task_runner.py:57} INFO - Started process 4265 to run task
[2023-09-18T13:45:45.554+0000] {standard_task_runner.py:84} INFO - Running: ['***', 'tasks', 'run', '6.1-monitoring', 'task1', 'scheduled__2023-08-14T00:00:00+00:00', '--job-id', '204', '--raw', '--subdir', 'DAGS_FOLDER/6.1-monitoring.py', '--cfg-path', '/tmp/tmpd7eqm01z']
[2023-09-18T13:45:45.562+0000] {standard_task_runner.py:85} INFO - Job 204: Subtask task1
[2023-09-18T13:45:45.702+0000] {task_command.py:415} INFO - Running <TaskInstance: 6.1-monitoring.task1 scheduled__2023-08-14T00:00:00+00:00 [running]> on host e891a57bf0af
[2023-09-18T13:45:45.966+0000] {taskinstance.py:1660} INFO - Exporting env vars: AIRFLOW_CTX_DAG_OWNER='***' AIRFLOW_CTX_DAG_ID='6.1-monitoring' AIRFLOW_CTX_TASK_ID='task1' AIRFLOW_CTX_EXECUTION_DATE='2023-08-14T00:00:00+00:00' AIRFLOW_CTX_TRY_NUMBER='1' AIRFLOW_CTX_DAG_RUN_ID='scheduled__2023-08-14T00:00:00+00:00'
[2023-09-18T13:45:45.979+0000] {subprocess.py:63} INFO - Tmp dir root location: /tmp
[2023-09-18T13:45:45.983+0000] {subprocess.py:75} INFO - Running command: ['/bin/bash', '-c', "sleep 2 && echo 'Task 1'"]
[2023-09-18T13:45:46.015+0000] {subprocess.py:86} INFO - Output:
[2023-09-18T13:45:48.051+0000] {subprocess.py:93} INFO - Task 1
[2023-09-18T13:45:48.052+0000] {subprocess.py:97} INFO - Command exited with return code 0
[2023-09-18T13:45:48.126+0000] {taskinstance.py:1398} INFO - Marking task as SUCCESS. dag_id=6.1-monitoring, task_id=task1, execution_date=20230814T000000, start_date=20230918T134545, end_date=20230918T134548
[2023-09-18T13:45:48.177+0000] {local_task_job_runner.py:228} INFO - Task exited with return code 0
[2023-09-18T13:45:48.246+0000] {taskinstance.py:2776} INFO - 1 downstream tasks scheduled from follow-on schedule check
[2023-09-18T13:51:21.076+0000] {taskinstance.py:1157} INFO - Dependencies all met for dep_context=non-requeueable deps ti=<TaskInstance: 6.1-monitoring.task1 scheduled__2023-08-14T00:00:00+00:00 [queued]>
[2023-09-18T13:51:21.115+0000] {taskinstance.py:1157} INFO - Dependencies all met for dep_context=requeueable deps ti=<TaskInstance: 6.1-monitoring.task1 scheduled__2023-08-14T00:00:00+00:00 [queued]>
[2023-09-18T13:51:21.116+0000] {taskinstance.py:1359} INFO - Starting attempt 1 of 1
[2023-09-18T13:51:21.385+0000] {taskinstance.py:1380} INFO - Executing <Task(BashOperator): task1> on 2023-08-14 00:00:00+00:00
[2023-09-18T13:51:21.393+0000] {standard_task_runner.py:57} INFO - Started process 4607 to run task
[2023-09-18T13:51:21.402+0000] {standard_task_runner.py:84} INFO - Running: ['***', 'tasks', 'run', '6.1-monitoring', 'task1', 'scheduled__2023-08-14T00:00:00+00:00', '--job-id', '278', '--raw', '--subdir', 'DAGS_FOLDER/6.1-monitoring.py', '--cfg-path', '/tmp/tmpu1utk0_n']
[2023-09-18T13:51:21.408+0000] {standard_task_runner.py:85} INFO - Job 278: Subtask task1
[2023-09-18T13:51:21.695+0000] {task_command.py:415} INFO - Running <TaskInstance: 6.1-monitoring.task1 scheduled__2023-08-14T00:00:00+00:00 [running]> on host e891a57bf0af
[2023-09-18T13:51:22.027+0000] {taskinstance.py:1660} INFO - Exporting env vars: AIRFLOW_CTX_DAG_OWNER='***' AIRFLOW_CTX_DAG_ID='6.1-monitoring' AIRFLOW_CTX_TASK_ID='task1' AIRFLOW_CTX_EXECUTION_DATE='2023-08-14T00:00:00+00:00' AIRFLOW_CTX_TRY_NUMBER='1' AIRFLOW_CTX_DAG_RUN_ID='scheduled__2023-08-14T00:00:00+00:00'
[2023-09-18T13:51:22.031+0000] {subprocess.py:63} INFO - Tmp dir root location: /tmp
[2023-09-18T13:51:22.033+0000] {subprocess.py:75} INFO - Running command: ['/bin/bash', '-c', "sleep 2 && echo 'Task 1'"]
[2023-09-18T13:51:22.056+0000] {subprocess.py:86} INFO - Output:
[2023-09-18T13:51:24.066+0000] {subprocess.py:93} INFO - Task 1
[2023-09-18T13:51:24.069+0000] {subprocess.py:97} INFO - Command exited with return code 0
[2023-09-18T13:51:24.133+0000] {taskinstance.py:1398} INFO - Marking task as SUCCESS. dag_id=6.1-monitoring, task_id=task1, execution_date=20230814T000000, start_date=20230918T135121, end_date=20230918T135124
[2023-09-18T13:51:24.201+0000] {local_task_job_runner.py:228} INFO - Task exited with return code 0
[2023-09-18T13:51:24.272+0000] {taskinstance.py:2776} INFO - 1 downstream tasks scheduled from follow-on schedule check
