[2023-09-19T13:02:07.342+0000] {taskinstance.py:1157} INFO - Dependencies all met for dep_context=non-requeueable deps ti=<TaskInstance: 7.3-externalTaskSensor.creating_file scheduled__2023-09-04T00:00:00+00:00 [queued]>
[2023-09-19T13:02:07.354+0000] {taskinstance.py:1157} INFO - Dependencies all met for dep_context=requeueable deps ti=<TaskInstance: 7.3-externalTaskSensor.creating_file scheduled__2023-09-04T00:00:00+00:00 [queued]>
[2023-09-19T13:02:07.355+0000] {taskinstance.py:1359} INFO - Starting attempt 1 of 1
[2023-09-19T13:02:07.374+0000] {taskinstance.py:1380} INFO - Executing <Task(BashOperator): creating_file> on 2023-09-04 00:00:00+00:00
[2023-09-19T13:02:07.379+0000] {standard_task_runner.py:57} INFO - Started process 1035 to run task
[2023-09-19T13:02:07.383+0000] {standard_task_runner.py:84} INFO - Running: ['***', 'tasks', 'run', '7.3-externalTaskSensor', 'creating_file', 'scheduled__2023-09-04T00:00:00+00:00', '--job-id', '599', '--raw', '--subdir', 'DAGS_FOLDER/7.3-ExternalTaskSensor.py', '--cfg-path', '/tmp/tmp493q379s']
[2023-09-19T13:02:07.384+0000] {standard_task_runner.py:85} INFO - Job 599: Subtask creating_file
[2023-09-19T13:02:07.434+0000] {task_command.py:415} INFO - Running <TaskInstance: 7.3-externalTaskSensor.creating_file scheduled__2023-09-04T00:00:00+00:00 [running]> on host e891a57bf0af
[2023-09-19T13:02:07.515+0000] {taskinstance.py:1660} INFO - Exporting env vars: AIRFLOW_CTX_DAG_OWNER='***' AIRFLOW_CTX_DAG_ID='7.3-externalTaskSensor' AIRFLOW_CTX_TASK_ID='creating_file' AIRFLOW_CTX_EXECUTION_DATE='2023-09-04T00:00:00+00:00' AIRFLOW_CTX_TRY_NUMBER='1' AIRFLOW_CTX_DAG_RUN_ID='scheduled__2023-09-04T00:00:00+00:00'
[2023-09-19T13:02:07.517+0000] {subprocess.py:63} INFO - Tmp dir root location: /tmp
[2023-09-19T13:02:07.518+0000] {subprocess.py:75} INFO - Running command: ['/bin/bash', '-c', 'sleep 10 && touch /tmp/file.txt']
[2023-09-19T13:02:07.527+0000] {subprocess.py:86} INFO - Output:
[2023-09-19T13:02:17.532+0000] {subprocess.py:97} INFO - Command exited with return code 0
[2023-09-19T13:02:17.563+0000] {taskinstance.py:1398} INFO - Marking task as SUCCESS. dag_id=7.3-externalTaskSensor, task_id=creating_file, execution_date=20230904T000000, start_date=20230919T130207, end_date=20230919T130217
[2023-09-19T13:02:17.611+0000] {local_task_job_runner.py:228} INFO - Task exited with return code 0
[2023-09-19T13:02:17.638+0000] {taskinstance.py:2776} INFO - 1 downstream tasks scheduled from follow-on schedule check
[2023-09-19T13:38:38.821+0000] {taskinstance.py:1157} INFO - Dependencies all met for dep_context=non-requeueable deps ti=<TaskInstance: 7.3-externalTaskSensor.creating_file scheduled__2023-09-04T00:00:00+00:00 [queued]>
[2023-09-19T13:38:38.858+0000] {taskinstance.py:1157} INFO - Dependencies all met for dep_context=requeueable deps ti=<TaskInstance: 7.3-externalTaskSensor.creating_file scheduled__2023-09-04T00:00:00+00:00 [queued]>
[2023-09-19T13:38:38.858+0000] {taskinstance.py:1359} INFO - Starting attempt 1 of 1
[2023-09-19T13:38:38.877+0000] {taskinstance.py:1380} INFO - Executing <Task(BashOperator): creating_file> on 2023-09-04 00:00:00+00:00
[2023-09-19T13:38:38.882+0000] {standard_task_runner.py:57} INFO - Started process 1669 to run task
[2023-09-19T13:38:38.885+0000] {standard_task_runner.py:84} INFO - Running: ['***', 'tasks', 'run', '7.3-externalTaskSensor', 'creating_file', 'scheduled__2023-09-04T00:00:00+00:00', '--job-id', '622', '--raw', '--subdir', 'DAGS_FOLDER/7.3-ExternalTaskSensor.py', '--cfg-path', '/tmp/tmpsdklu223']
[2023-09-19T13:38:38.886+0000] {standard_task_runner.py:85} INFO - Job 622: Subtask creating_file
[2023-09-19T13:38:38.935+0000] {task_command.py:415} INFO - Running <TaskInstance: 7.3-externalTaskSensor.creating_file scheduled__2023-09-04T00:00:00+00:00 [running]> on host e891a57bf0af
[2023-09-19T13:38:39.019+0000] {taskinstance.py:1660} INFO - Exporting env vars: AIRFLOW_CTX_DAG_OWNER='***' AIRFLOW_CTX_DAG_ID='7.3-externalTaskSensor' AIRFLOW_CTX_TASK_ID='creating_file' AIRFLOW_CTX_EXECUTION_DATE='2023-09-04T00:00:00+00:00' AIRFLOW_CTX_TRY_NUMBER='1' AIRFLOW_CTX_DAG_RUN_ID='scheduled__2023-09-04T00:00:00+00:00'
[2023-09-19T13:38:39.021+0000] {subprocess.py:63} INFO - Tmp dir root location: /tmp
[2023-09-19T13:38:39.022+0000] {subprocess.py:75} INFO - Running command: ['/bin/bash', '-c', 'sleep 10 && touch /tmp/file.txt']
[2023-09-19T13:38:39.031+0000] {subprocess.py:86} INFO - Output:
[2023-09-19T13:38:49.036+0000] {subprocess.py:97} INFO - Command exited with return code 0
[2023-09-19T13:38:49.063+0000] {taskinstance.py:1398} INFO - Marking task as SUCCESS. dag_id=7.3-externalTaskSensor, task_id=creating_file, execution_date=20230904T000000, start_date=20230919T133838, end_date=20230919T133849
[2023-09-19T13:38:49.085+0000] {local_task_job_runner.py:228} INFO - Task exited with return code 0
[2023-09-19T13:38:49.110+0000] {taskinstance.py:2776} INFO - 1 downstream tasks scheduled from follow-on schedule check
