[2023-09-18T13:03:07.195+0000] {taskinstance.py:1157} INFO - Dependencies all met for dep_context=non-requeueable deps ti=<TaskInstance: 5.1-orchestration.task2 scheduled__2023-09-07T00:00:00+00:00 [queued]>
[2023-09-18T13:03:07.215+0000] {taskinstance.py:1157} INFO - Dependencies all met for dep_context=requeueable deps ti=<TaskInstance: 5.1-orchestration.task2 scheduled__2023-09-07T00:00:00+00:00 [queued]>
[2023-09-18T13:03:07.216+0000] {taskinstance.py:1359} INFO - Starting attempt 1 of 1
[2023-09-18T13:03:07.237+0000] {taskinstance.py:1380} INFO - Executing <Task(BashOperator): task2> on 2023-09-07 00:00:00+00:00
[2023-09-18T13:03:07.246+0000] {standard_task_runner.py:57} INFO - Started process 3053 to run task
[2023-09-18T13:03:07.257+0000] {standard_task_runner.py:84} INFO - Running: ['***', 'tasks', 'run', '5.1-orchestration', 'task2', 'scheduled__2023-09-07T00:00:00+00:00', '--job-id', '62', '--raw', '--subdir', 'DAGS_FOLDER/5.1-orchestration.py', '--cfg-path', '/tmp/tmp_5zqm1i2']
[2023-09-18T13:03:07.259+0000] {standard_task_runner.py:85} INFO - Job 62: Subtask task2
[2023-09-18T13:03:07.325+0000] {task_command.py:415} INFO - Running <TaskInstance: 5.1-orchestration.task2 scheduled__2023-09-07T00:00:00+00:00 [running]> on host e891a57bf0af
[2023-09-18T13:03:07.439+0000] {taskinstance.py:1660} INFO - Exporting env vars: AIRFLOW_CTX_DAG_OWNER='***' AIRFLOW_CTX_DAG_ID='5.1-orchestration' AIRFLOW_CTX_TASK_ID='task2' AIRFLOW_CTX_EXECUTION_DATE='2023-09-07T00:00:00+00:00' AIRFLOW_CTX_TRY_NUMBER='1' AIRFLOW_CTX_DAG_RUN_ID='scheduled__2023-09-07T00:00:00+00:00'
[2023-09-18T13:03:07.444+0000] {subprocess.py:63} INFO - Tmp dir root location: /tmp
[2023-09-18T13:03:07.446+0000] {subprocess.py:75} INFO - Running command: ['/bin/bash', '-c', "sleep 2 && echo 'Task 2'"]
[2023-09-18T13:03:07.461+0000] {subprocess.py:86} INFO - Output:
[2023-09-18T13:03:09.497+0000] {subprocess.py:93} INFO - Task 2
[2023-09-18T13:03:09.498+0000] {subprocess.py:97} INFO - Command exited with return code 0
[2023-09-18T13:03:09.540+0000] {taskinstance.py:1398} INFO - Marking task as SUCCESS. dag_id=5.1-orchestration, task_id=task2, execution_date=20230907T000000, start_date=20230918T130307, end_date=20230918T130309
[2023-09-18T13:03:09.598+0000] {local_task_job_runner.py:228} INFO - Task exited with return code 0
[2023-09-18T13:03:09.641+0000] {taskinstance.py:2776} INFO - 2 downstream tasks scheduled from follow-on schedule check
[2023-09-18T13:23:41.602+0000] {taskinstance.py:1157} INFO - Dependencies all met for dep_context=non-requeueable deps ti=<TaskInstance: 5.1-orchestration.task2 scheduled__2023-09-07T00:00:00+00:00 [queued]>
[2023-09-18T13:23:41.617+0000] {taskinstance.py:1157} INFO - Dependencies all met for dep_context=requeueable deps ti=<TaskInstance: 5.1-orchestration.task2 scheduled__2023-09-07T00:00:00+00:00 [queued]>
[2023-09-18T13:23:41.618+0000] {taskinstance.py:1359} INFO - Starting attempt 1 of 1
[2023-09-18T13:23:41.640+0000] {taskinstance.py:1380} INFO - Executing <Task(BashOperator): task2> on 2023-09-07 00:00:00+00:00
[2023-09-18T13:23:41.645+0000] {standard_task_runner.py:57} INFO - Started process 3653 to run task
[2023-09-18T13:23:41.649+0000] {standard_task_runner.py:84} INFO - Running: ['***', 'tasks', 'run', '5.1-orchestration', 'task2', 'scheduled__2023-09-07T00:00:00+00:00', '--job-id', '134', '--raw', '--subdir', 'DAGS_FOLDER/5.1-orchestration.py', '--cfg-path', '/tmp/tmpafb7a_gh']
[2023-09-18T13:23:41.653+0000] {standard_task_runner.py:85} INFO - Job 134: Subtask task2
[2023-09-18T13:23:41.705+0000] {task_command.py:415} INFO - Running <TaskInstance: 5.1-orchestration.task2 scheduled__2023-09-07T00:00:00+00:00 [running]> on host e891a57bf0af
[2023-09-18T13:23:41.795+0000] {taskinstance.py:1660} INFO - Exporting env vars: AIRFLOW_CTX_DAG_OWNER='***' AIRFLOW_CTX_DAG_ID='5.1-orchestration' AIRFLOW_CTX_TASK_ID='task2' AIRFLOW_CTX_EXECUTION_DATE='2023-09-07T00:00:00+00:00' AIRFLOW_CTX_TRY_NUMBER='1' AIRFLOW_CTX_DAG_RUN_ID='scheduled__2023-09-07T00:00:00+00:00'
[2023-09-18T13:23:41.797+0000] {subprocess.py:63} INFO - Tmp dir root location: /tmp
[2023-09-18T13:23:41.798+0000] {subprocess.py:75} INFO - Running command: ['/bin/bash', '-c', "sleep 2 && echo 'Task 2'"]
[2023-09-18T13:23:41.808+0000] {subprocess.py:86} INFO - Output:
[2023-09-18T13:23:43.812+0000] {subprocess.py:93} INFO - Task 2
[2023-09-18T13:23:43.814+0000] {subprocess.py:97} INFO - Command exited with return code 0
[2023-09-18T13:23:43.856+0000] {taskinstance.py:1398} INFO - Marking task as SUCCESS. dag_id=5.1-orchestration, task_id=task2, execution_date=20230907T000000, start_date=20230918T132341, end_date=20230918T132343
[2023-09-18T13:23:43.918+0000] {local_task_job_runner.py:228} INFO - Task exited with return code 0
[2023-09-18T13:23:43.962+0000] {taskinstance.py:2776} INFO - 2 downstream tasks scheduled from follow-on schedule check
