[2023-09-18T13:03:24.665+0000] {taskinstance.py:1157} INFO - Dependencies all met for dep_context=non-requeueable deps ti=<TaskInstance: 5.1-orchestration.task4 scheduled__2023-09-10T00:00:00+00:00 [queued]>
[2023-09-18T13:03:24.679+0000] {taskinstance.py:1157} INFO - Dependencies all met for dep_context=requeueable deps ti=<TaskInstance: 5.1-orchestration.task4 scheduled__2023-09-10T00:00:00+00:00 [queued]>
[2023-09-18T13:03:24.680+0000] {taskinstance.py:1359} INFO - Starting attempt 1 of 1
[2023-09-18T13:03:24.706+0000] {taskinstance.py:1380} INFO - Executing <Task(BashOperator): task4> on 2023-09-10 00:00:00+00:00
[2023-09-18T13:03:24.715+0000] {standard_task_runner.py:57} INFO - Started process 3118 to run task
[2023-09-18T13:03:24.720+0000] {standard_task_runner.py:84} INFO - Running: ['***', 'tasks', 'run', '5.1-orchestration', 'task4', 'scheduled__2023-09-10T00:00:00+00:00', '--job-id', '76', '--raw', '--subdir', 'DAGS_FOLDER/5.1-orchestration.py', '--cfg-path', '/tmp/tmp6txsek3c']
[2023-09-18T13:03:24.722+0000] {standard_task_runner.py:85} INFO - Job 76: Subtask task4
[2023-09-18T13:03:24.785+0000] {task_command.py:415} INFO - Running <TaskInstance: 5.1-orchestration.task4 scheduled__2023-09-10T00:00:00+00:00 [running]> on host e891a57bf0af
[2023-09-18T13:03:24.877+0000] {taskinstance.py:1660} INFO - Exporting env vars: AIRFLOW_CTX_DAG_OWNER='***' AIRFLOW_CTX_DAG_ID='5.1-orchestration' AIRFLOW_CTX_TASK_ID='task4' AIRFLOW_CTX_EXECUTION_DATE='2023-09-10T00:00:00+00:00' AIRFLOW_CTX_TRY_NUMBER='1' AIRFLOW_CTX_DAG_RUN_ID='scheduled__2023-09-10T00:00:00+00:00'
[2023-09-18T13:03:24.885+0000] {subprocess.py:63} INFO - Tmp dir root location: /tmp
[2023-09-18T13:03:24.887+0000] {subprocess.py:75} INFO - Running command: ['/bin/bash', '-c', "sleep 2 && echo 'Task 4'"]
[2023-09-18T13:03:24.910+0000] {subprocess.py:86} INFO - Output:
[2023-09-18T13:03:26.954+0000] {subprocess.py:93} INFO - Task 4
[2023-09-18T13:03:26.962+0000] {subprocess.py:97} INFO - Command exited with return code 0
[2023-09-18T13:03:27.034+0000] {taskinstance.py:1398} INFO - Marking task as SUCCESS. dag_id=5.1-orchestration, task_id=task4, execution_date=20230910T000000, start_date=20230918T130324, end_date=20230918T130327
[2023-09-18T13:03:27.066+0000] {local_task_job_runner.py:228} INFO - Task exited with return code 0
[2023-09-18T13:03:27.084+0000] {taskinstance.py:2776} INFO - 0 downstream tasks scheduled from follow-on schedule check
[2023-09-18T13:24:17.745+0000] {taskinstance.py:1157} INFO - Dependencies all met for dep_context=non-requeueable deps ti=<TaskInstance: 5.1-orchestration.task4 scheduled__2023-09-10T00:00:00+00:00 [queued]>
[2023-09-18T13:24:17.770+0000] {taskinstance.py:1157} INFO - Dependencies all met for dep_context=requeueable deps ti=<TaskInstance: 5.1-orchestration.task4 scheduled__2023-09-10T00:00:00+00:00 [queued]>
[2023-09-18T13:24:17.771+0000] {taskinstance.py:1359} INFO - Starting attempt 1 of 1
[2023-09-18T13:24:17.792+0000] {taskinstance.py:1380} INFO - Executing <Task(BashOperator): task4> on 2023-09-10 00:00:00+00:00
[2023-09-18T13:24:17.797+0000] {standard_task_runner.py:57} INFO - Started process 3715 to run task
[2023-09-18T13:24:17.802+0000] {standard_task_runner.py:84} INFO - Running: ['***', 'tasks', 'run', '5.1-orchestration', 'task4', 'scheduled__2023-09-10T00:00:00+00:00', '--job-id', '147', '--raw', '--subdir', 'DAGS_FOLDER/5.1-orchestration.py', '--cfg-path', '/tmp/tmpp3jgifgl']
[2023-09-18T13:24:17.803+0000] {standard_task_runner.py:85} INFO - Job 147: Subtask task4
[2023-09-18T13:24:17.860+0000] {task_command.py:415} INFO - Running <TaskInstance: 5.1-orchestration.task4 scheduled__2023-09-10T00:00:00+00:00 [running]> on host e891a57bf0af
[2023-09-18T13:24:17.963+0000] {taskinstance.py:1660} INFO - Exporting env vars: AIRFLOW_CTX_DAG_OWNER='***' AIRFLOW_CTX_DAG_ID='5.1-orchestration' AIRFLOW_CTX_TASK_ID='task4' AIRFLOW_CTX_EXECUTION_DATE='2023-09-10T00:00:00+00:00' AIRFLOW_CTX_TRY_NUMBER='1' AIRFLOW_CTX_DAG_RUN_ID='scheduled__2023-09-10T00:00:00+00:00'
[2023-09-18T13:24:17.965+0000] {subprocess.py:63} INFO - Tmp dir root location: /tmp
[2023-09-18T13:24:17.967+0000] {subprocess.py:75} INFO - Running command: ['/bin/bash', '-c', "sleep 2 && echo 'Task 4'"]
[2023-09-18T13:24:17.981+0000] {subprocess.py:86} INFO - Output:
[2023-09-18T13:24:19.985+0000] {subprocess.py:93} INFO - Task 4
[2023-09-18T13:24:19.986+0000] {subprocess.py:97} INFO - Command exited with return code 0
[2023-09-18T13:24:20.016+0000] {taskinstance.py:1398} INFO - Marking task as SUCCESS. dag_id=5.1-orchestration, task_id=task4, execution_date=20230910T000000, start_date=20230918T132417, end_date=20230918T132420
[2023-09-18T13:24:20.068+0000] {local_task_job_runner.py:228} INFO - Task exited with return code 0
[2023-09-18T13:24:20.099+0000] {taskinstance.py:2776} INFO - 0 downstream tasks scheduled from follow-on schedule check
