[2023-09-25T07:43:43.868+0000] {taskinstance.py:1157} INFO - Dependencies all met for dep_context=non-requeueable deps ti=<TaskInstance: 9-xcom.tarea1 scheduled__2023-09-18T00:00:00+00:00 [queued]>
[2023-09-25T07:43:43.889+0000] {taskinstance.py:1157} INFO - Dependencies all met for dep_context=requeueable deps ti=<TaskInstance: 9-xcom.tarea1 scheduled__2023-09-18T00:00:00+00:00 [queued]>
[2023-09-25T07:43:43.891+0000] {taskinstance.py:1359} INFO - Starting attempt 1 of 1
[2023-09-25T07:43:43.913+0000] {taskinstance.py:1380} INFO - Executing <Task(BashOperator): tarea1> on 2023-09-18 00:00:00+00:00
[2023-09-25T07:43:43.922+0000] {standard_task_runner.py:57} INFO - Started process 108 to run task
[2023-09-25T07:43:43.926+0000] {standard_task_runner.py:84} INFO - Running: ['***', 'tasks', 'run', '9-xcom', 'tarea1', 'scheduled__2023-09-18T00:00:00+00:00', '--job-id', '13', '--raw', '--subdir', 'DAGS_FOLDER/9-xcom.py', '--cfg-path', '/tmp/tmp91yz26qj']
[2023-09-25T07:43:43.930+0000] {standard_task_runner.py:85} INFO - Job 13: Subtask tarea1
[2023-09-25T07:43:44.005+0000] {task_command.py:415} INFO - Running <TaskInstance: 9-xcom.tarea1 scheduled__2023-09-18T00:00:00+00:00 [running]> on host 9dc9e210761a
[2023-09-25T07:43:44.141+0000] {taskinstance.py:1660} INFO - Exporting env vars: AIRFLOW_CTX_DAG_OWNER='***' AIRFLOW_CTX_DAG_ID='9-xcom' AIRFLOW_CTX_TASK_ID='tarea1' AIRFLOW_CTX_EXECUTION_DATE='2023-09-18T00:00:00+00:00' AIRFLOW_CTX_TRY_NUMBER='1' AIRFLOW_CTX_DAG_RUN_ID='scheduled__2023-09-18T00:00:00+00:00'
[2023-09-25T07:43:44.143+0000] {subprocess.py:63} INFO - Tmp dir root location: /tmp
[2023-09-25T07:43:44.151+0000] {subprocess.py:75} INFO - Running command: ['/bin/bash', '-c', 'sleep 5 && eho $((3 * 8))']
[2023-09-25T07:43:44.172+0000] {subprocess.py:86} INFO - Output:
[2023-09-25T07:43:49.203+0000] {subprocess.py:93} INFO - /bin/bash: line 1: eho: command not found
[2023-09-25T07:43:49.207+0000] {subprocess.py:97} INFO - Command exited with return code 127
[2023-09-25T07:43:49.257+0000] {taskinstance.py:1935} ERROR - Task failed with exception
Traceback (most recent call last):
  File "/home/airflow/.local/lib/python3.8/site-packages/airflow/operators/bash.py", line 210, in execute
    raise AirflowException(
airflow.exceptions.AirflowException: Bash command failed. The command returned a non-zero exit code 127.
[2023-09-25T07:43:49.281+0000] {taskinstance.py:1398} INFO - Marking task as FAILED. dag_id=9-xcom, task_id=tarea1, execution_date=20230918T000000, start_date=20230925T074343, end_date=20230925T074349
[2023-09-25T07:43:49.358+0000] {standard_task_runner.py:104} ERROR - Failed to execute job 13 for task tarea1 (Bash command failed. The command returned a non-zero exit code 127.; 108)
[2023-09-25T07:43:49.410+0000] {local_task_job_runner.py:228} INFO - Task exited with return code 1
[2023-09-25T07:43:49.514+0000] {taskinstance.py:2776} INFO - 0 downstream tasks scheduled from follow-on schedule check
