[2023-09-18T13:03:44.183+0000] {taskinstance.py:1157} INFO - Dependencies all met for dep_context=non-requeueable deps ti=<TaskInstance: 5.1-orchestration.task2 scheduled__2023-09-16T00:00:00+00:00 [queued]>
[2023-09-18T13:03:44.203+0000] {taskinstance.py:1157} INFO - Dependencies all met for dep_context=requeueable deps ti=<TaskInstance: 5.1-orchestration.task2 scheduled__2023-09-16T00:00:00+00:00 [queued]>
[2023-09-18T13:03:44.204+0000] {taskinstance.py:1359} INFO - Starting attempt 1 of 1
[2023-09-18T13:03:44.223+0000] {taskinstance.py:1380} INFO - Executing <Task(BashOperator): task2> on 2023-09-16 00:00:00+00:00
[2023-09-18T13:03:44.231+0000] {standard_task_runner.py:57} INFO - Started process 3203 to run task
[2023-09-18T13:03:44.240+0000] {standard_task_runner.py:84} INFO - Running: ['***', 'tasks', 'run', '5.1-orchestration', 'task2', 'scheduled__2023-09-16T00:00:00+00:00', '--job-id', '99', '--raw', '--subdir', 'DAGS_FOLDER/5.1-orchestration.py', '--cfg-path', '/tmp/tmprug3v9lr']
[2023-09-18T13:03:44.242+0000] {standard_task_runner.py:85} INFO - Job 99: Subtask task2
[2023-09-18T13:03:44.320+0000] {task_command.py:415} INFO - Running <TaskInstance: 5.1-orchestration.task2 scheduled__2023-09-16T00:00:00+00:00 [running]> on host e891a57bf0af
[2023-09-18T13:03:44.443+0000] {taskinstance.py:1660} INFO - Exporting env vars: AIRFLOW_CTX_DAG_OWNER='***' AIRFLOW_CTX_DAG_ID='5.1-orchestration' AIRFLOW_CTX_TASK_ID='task2' AIRFLOW_CTX_EXECUTION_DATE='2023-09-16T00:00:00+00:00' AIRFLOW_CTX_TRY_NUMBER='1' AIRFLOW_CTX_DAG_RUN_ID='scheduled__2023-09-16T00:00:00+00:00'
[2023-09-18T13:03:44.460+0000] {subprocess.py:63} INFO - Tmp dir root location: /tmp
[2023-09-18T13:03:44.462+0000] {subprocess.py:75} INFO - Running command: ['/bin/bash', '-c', "sleep 2 && echo 'Task 2'"]
[2023-09-18T13:03:44.480+0000] {subprocess.py:86} INFO - Output:
[2023-09-18T13:03:46.529+0000] {subprocess.py:93} INFO - Task 2
[2023-09-18T13:03:46.536+0000] {subprocess.py:97} INFO - Command exited with return code 0
[2023-09-18T13:03:46.606+0000] {taskinstance.py:1398} INFO - Marking task as SUCCESS. dag_id=5.1-orchestration, task_id=task2, execution_date=20230916T000000, start_date=20230918T130344, end_date=20230918T130346
[2023-09-18T13:03:46.660+0000] {local_task_job_runner.py:228} INFO - Task exited with return code 0
[2023-09-18T13:03:46.720+0000] {taskinstance.py:2776} INFO - 2 downstream tasks scheduled from follow-on schedule check
[2023-09-18T13:25:18.836+0000] {taskinstance.py:1157} INFO - Dependencies all met for dep_context=non-requeueable deps ti=<TaskInstance: 5.1-orchestration.task2 scheduled__2023-09-16T00:00:00+00:00 [queued]>
[2023-09-18T13:25:18.941+0000] {taskinstance.py:1157} INFO - Dependencies all met for dep_context=requeueable deps ti=<TaskInstance: 5.1-orchestration.task2 scheduled__2023-09-16T00:00:00+00:00 [queued]>
[2023-09-18T13:25:18.942+0000] {taskinstance.py:1359} INFO - Starting attempt 1 of 1
[2023-09-18T13:25:18.963+0000] {taskinstance.py:1380} INFO - Executing <Task(BashOperator): task2> on 2023-09-16 00:00:00+00:00
[2023-09-18T13:25:18.968+0000] {standard_task_runner.py:57} INFO - Started process 3822 to run task
[2023-09-18T13:25:18.971+0000] {standard_task_runner.py:84} INFO - Running: ['***', 'tasks', 'run', '5.1-orchestration', 'task2', 'scheduled__2023-09-16T00:00:00+00:00', '--job-id', '170', '--raw', '--subdir', 'DAGS_FOLDER/5.1-orchestration.py', '--cfg-path', '/tmp/tmpqi0vxvg9']
[2023-09-18T13:25:18.972+0000] {standard_task_runner.py:85} INFO - Job 170: Subtask task2
[2023-09-18T13:25:19.024+0000] {task_command.py:415} INFO - Running <TaskInstance: 5.1-orchestration.task2 scheduled__2023-09-16T00:00:00+00:00 [running]> on host e891a57bf0af
[2023-09-18T13:25:19.112+0000] {taskinstance.py:1660} INFO - Exporting env vars: AIRFLOW_CTX_DAG_OWNER='***' AIRFLOW_CTX_DAG_ID='5.1-orchestration' AIRFLOW_CTX_TASK_ID='task2' AIRFLOW_CTX_EXECUTION_DATE='2023-09-16T00:00:00+00:00' AIRFLOW_CTX_TRY_NUMBER='1' AIRFLOW_CTX_DAG_RUN_ID='scheduled__2023-09-16T00:00:00+00:00'
[2023-09-18T13:25:19.114+0000] {subprocess.py:63} INFO - Tmp dir root location: /tmp
[2023-09-18T13:25:19.115+0000] {subprocess.py:75} INFO - Running command: ['/bin/bash', '-c', "sleep 2 && echo 'Task 2'"]
[2023-09-18T13:25:19.124+0000] {subprocess.py:86} INFO - Output:
[2023-09-18T13:25:21.128+0000] {subprocess.py:93} INFO - Task 2
[2023-09-18T13:25:21.129+0000] {subprocess.py:97} INFO - Command exited with return code 0
[2023-09-18T13:25:21.157+0000] {taskinstance.py:1398} INFO - Marking task as SUCCESS. dag_id=5.1-orchestration, task_id=task2, execution_date=20230916T000000, start_date=20230918T132518, end_date=20230918T132521
[2023-09-18T13:25:21.206+0000] {local_task_job_runner.py:228} INFO - Task exited with return code 0
[2023-09-18T13:25:21.239+0000] {taskinstance.py:2776} INFO - 2 downstream tasks scheduled from follow-on schedule check
