[2023-09-18T13:46:27.746+0000] {taskinstance.py:1157} INFO - Dependencies all met for dep_context=non-requeueable deps ti=<TaskInstance: 6.1-monitoring.task1 scheduled__2023-09-01T00:00:00+00:00 [queued]>
[2023-09-18T13:46:27.823+0000] {taskinstance.py:1157} INFO - Dependencies all met for dep_context=requeueable deps ti=<TaskInstance: 6.1-monitoring.task1 scheduled__2023-09-01T00:00:00+00:00 [queued]>
[2023-09-18T13:46:27.824+0000] {taskinstance.py:1359} INFO - Starting attempt 1 of 1
[2023-09-18T13:46:27.995+0000] {taskinstance.py:1380} INFO - Executing <Task(BashOperator): task1> on 2023-09-01 00:00:00+00:00
[2023-09-18T13:46:28.003+0000] {standard_task_runner.py:57} INFO - Started process 4374 to run task
[2023-09-18T13:46:28.008+0000] {standard_task_runner.py:84} INFO - Running: ['***', 'tasks', 'run', '6.1-monitoring', 'task1', 'scheduled__2023-09-01T00:00:00+00:00', '--job-id', '232', '--raw', '--subdir', 'DAGS_FOLDER/6.1-monitoring.py', '--cfg-path', '/tmp/tmpp4jhra21']
[2023-09-18T13:46:28.013+0000] {standard_task_runner.py:85} INFO - Job 232: Subtask task1
[2023-09-18T13:46:28.152+0000] {task_command.py:415} INFO - Running <TaskInstance: 6.1-monitoring.task1 scheduled__2023-09-01T00:00:00+00:00 [running]> on host e891a57bf0af
[2023-09-18T13:46:28.458+0000] {taskinstance.py:1660} INFO - Exporting env vars: AIRFLOW_CTX_DAG_OWNER='***' AIRFLOW_CTX_DAG_ID='6.1-monitoring' AIRFLOW_CTX_TASK_ID='task1' AIRFLOW_CTX_EXECUTION_DATE='2023-09-01T00:00:00+00:00' AIRFLOW_CTX_TRY_NUMBER='1' AIRFLOW_CTX_DAG_RUN_ID='scheduled__2023-09-01T00:00:00+00:00'
[2023-09-18T13:46:28.469+0000] {subprocess.py:63} INFO - Tmp dir root location: /tmp
[2023-09-18T13:46:28.476+0000] {subprocess.py:75} INFO - Running command: ['/bin/bash', '-c', "sleep 2 && echo 'Task 1'"]
[2023-09-18T13:46:28.528+0000] {subprocess.py:86} INFO - Output:
[2023-09-18T13:46:30.541+0000] {subprocess.py:93} INFO - Task 1
[2023-09-18T13:46:30.542+0000] {subprocess.py:97} INFO - Command exited with return code 0
[2023-09-18T13:46:30.579+0000] {taskinstance.py:1398} INFO - Marking task as SUCCESS. dag_id=6.1-monitoring, task_id=task1, execution_date=20230901T000000, start_date=20230918T134627, end_date=20230918T134630
[2023-09-18T13:46:30.614+0000] {local_task_job_runner.py:228} INFO - Task exited with return code 0
[2023-09-18T13:46:30.659+0000] {taskinstance.py:2776} INFO - 1 downstream tasks scheduled from follow-on schedule check
[2023-09-18T13:52:27.076+0000] {taskinstance.py:1157} INFO - Dependencies all met for dep_context=non-requeueable deps ti=<TaskInstance: 6.1-monitoring.task1 scheduled__2023-09-01T00:00:00+00:00 [queued]>
[2023-09-18T13:52:27.097+0000] {taskinstance.py:1157} INFO - Dependencies all met for dep_context=requeueable deps ti=<TaskInstance: 6.1-monitoring.task1 scheduled__2023-09-01T00:00:00+00:00 [queued]>
[2023-09-18T13:52:27.098+0000] {taskinstance.py:1359} INFO - Starting attempt 1 of 1
[2023-09-18T13:52:27.129+0000] {taskinstance.py:1380} INFO - Executing <Task(BashOperator): task1> on 2023-09-01 00:00:00+00:00
[2023-09-18T13:52:27.143+0000] {standard_task_runner.py:57} INFO - Started process 4894 to run task
[2023-09-18T13:52:27.151+0000] {standard_task_runner.py:84} INFO - Running: ['***', 'tasks', 'run', '6.1-monitoring', 'task1', 'scheduled__2023-09-01T00:00:00+00:00', '--job-id', '355', '--raw', '--subdir', 'DAGS_FOLDER/6.1-monitoring.py', '--cfg-path', '/tmp/tmppz3mdlie']
[2023-09-18T13:52:27.156+0000] {standard_task_runner.py:85} INFO - Job 355: Subtask task1
[2023-09-18T13:52:27.257+0000] {task_command.py:415} INFO - Running <TaskInstance: 6.1-monitoring.task1 scheduled__2023-09-01T00:00:00+00:00 [running]> on host e891a57bf0af
[2023-09-18T13:52:27.428+0000] {taskinstance.py:1660} INFO - Exporting env vars: AIRFLOW_CTX_DAG_OWNER='***' AIRFLOW_CTX_DAG_ID='6.1-monitoring' AIRFLOW_CTX_TASK_ID='task1' AIRFLOW_CTX_EXECUTION_DATE='2023-09-01T00:00:00+00:00' AIRFLOW_CTX_TRY_NUMBER='1' AIRFLOW_CTX_DAG_RUN_ID='scheduled__2023-09-01T00:00:00+00:00'
[2023-09-18T13:52:27.430+0000] {subprocess.py:63} INFO - Tmp dir root location: /tmp
[2023-09-18T13:52:27.432+0000] {subprocess.py:75} INFO - Running command: ['/bin/bash', '-c', "sleep 2 && echo 'Task 1'"]
[2023-09-18T13:52:27.451+0000] {subprocess.py:86} INFO - Output:
[2023-09-18T13:52:29.458+0000] {subprocess.py:93} INFO - Task 1
[2023-09-18T13:52:29.458+0000] {subprocess.py:97} INFO - Command exited with return code 0
[2023-09-18T13:52:29.491+0000] {taskinstance.py:1398} INFO - Marking task as SUCCESS. dag_id=6.1-monitoring, task_id=task1, execution_date=20230901T000000, start_date=20230918T135227, end_date=20230918T135229
[2023-09-18T13:52:29.540+0000] {local_task_job_runner.py:228} INFO - Task exited with return code 0
[2023-09-18T13:52:29.652+0000] {taskinstance.py:2776} INFO - 0 downstream tasks scheduled from follow-on schedule check
[2023-09-18T13:54:41.791+0000] {taskinstance.py:1157} INFO - Dependencies all met for dep_context=non-requeueable deps ti=<TaskInstance: 6.1-monitoring.task1 scheduled__2023-09-01T00:00:00+00:00 [queued]>
[2023-09-18T13:54:41.804+0000] {taskinstance.py:1157} INFO - Dependencies all met for dep_context=requeueable deps ti=<TaskInstance: 6.1-monitoring.task1 scheduled__2023-09-01T00:00:00+00:00 [queued]>
[2023-09-18T13:54:41.805+0000] {taskinstance.py:1359} INFO - Starting attempt 1 of 1
[2023-09-18T13:54:41.823+0000] {taskinstance.py:1380} INFO - Executing <Task(BashOperator): task1> on 2023-09-01 00:00:00+00:00
[2023-09-18T13:54:41.831+0000] {standard_task_runner.py:57} INFO - Started process 5176 to run task
[2023-09-18T13:54:41.836+0000] {standard_task_runner.py:84} INFO - Running: ['***', 'tasks', 'run', '6.1-monitoring', 'task1', 'scheduled__2023-09-01T00:00:00+00:00', '--job-id', '425', '--raw', '--subdir', 'DAGS_FOLDER/6.1-monitoring.py', '--cfg-path', '/tmp/tmptn1u73ew']
[2023-09-18T13:54:41.838+0000] {standard_task_runner.py:85} INFO - Job 425: Subtask task1
[2023-09-18T13:54:41.910+0000] {task_command.py:415} INFO - Running <TaskInstance: 6.1-monitoring.task1 scheduled__2023-09-01T00:00:00+00:00 [running]> on host e891a57bf0af
[2023-09-18T13:54:42.024+0000] {taskinstance.py:1660} INFO - Exporting env vars: AIRFLOW_CTX_DAG_OWNER='***' AIRFLOW_CTX_DAG_ID='6.1-monitoring' AIRFLOW_CTX_TASK_ID='task1' AIRFLOW_CTX_EXECUTION_DATE='2023-09-01T00:00:00+00:00' AIRFLOW_CTX_TRY_NUMBER='1' AIRFLOW_CTX_DAG_RUN_ID='scheduled__2023-09-01T00:00:00+00:00'
[2023-09-18T13:54:42.026+0000] {subprocess.py:63} INFO - Tmp dir root location: /tmp
[2023-09-18T13:54:42.028+0000] {subprocess.py:75} INFO - Running command: ['/bin/bash', '-c', "sleep 2 && echo 'Task 1'"]
[2023-09-18T13:54:42.050+0000] {subprocess.py:86} INFO - Output:
[2023-09-18T13:54:44.079+0000] {subprocess.py:93} INFO - Task 1
[2023-09-18T13:54:44.082+0000] {subprocess.py:97} INFO - Command exited with return code 0
[2023-09-18T13:54:44.188+0000] {taskinstance.py:1398} INFO - Marking task as SUCCESS. dag_id=6.1-monitoring, task_id=task1, execution_date=20230901T000000, start_date=20230918T135441, end_date=20230918T135444
[2023-09-18T13:54:44.507+0000] {local_task_job_runner.py:228} INFO - Task exited with return code 0
[2023-09-18T13:54:44.568+0000] {taskinstance.py:2776} INFO - 1 downstream tasks scheduled from follow-on schedule check
