[2023-09-18T13:52:35.167+0000] {taskinstance.py:1157} INFO - Dependencies all met for dep_context=non-requeueable deps ti=<TaskInstance: 6.1-monitoring.task3 scheduled__2023-09-03T00:00:00+00:00 [queued]>
[2023-09-18T13:52:35.198+0000] {taskinstance.py:1157} INFO - Dependencies all met for dep_context=requeueable deps ti=<TaskInstance: 6.1-monitoring.task3 scheduled__2023-09-03T00:00:00+00:00 [queued]>
[2023-09-18T13:52:35.199+0000] {taskinstance.py:1359} INFO - Starting attempt 1 of 1
[2023-09-18T13:52:35.243+0000] {taskinstance.py:1380} INFO - Executing <Task(BashOperator): task3> on 2023-09-03 00:00:00+00:00
[2023-09-18T13:52:35.254+0000] {standard_task_runner.py:57} INFO - Started process 4958 to run task
[2023-09-18T13:52:35.263+0000] {standard_task_runner.py:84} INFO - Running: ['***', 'tasks', 'run', '6.1-monitoring', 'task3', 'scheduled__2023-09-03T00:00:00+00:00', '--job-id', '371', '--raw', '--subdir', 'DAGS_FOLDER/6.1-monitoring.py', '--cfg-path', '/tmp/tmpdiga_dh6']
[2023-09-18T13:52:35.270+0000] {standard_task_runner.py:85} INFO - Job 371: Subtask task3
[2023-09-18T13:52:35.386+0000] {task_command.py:415} INFO - Running <TaskInstance: 6.1-monitoring.task3 scheduled__2023-09-03T00:00:00+00:00 [running]> on host e891a57bf0af
[2023-09-18T13:52:35.626+0000] {taskinstance.py:1660} INFO - Exporting env vars: AIRFLOW_CTX_DAG_OWNER='***' AIRFLOW_CTX_DAG_ID='6.1-monitoring' AIRFLOW_CTX_TASK_ID='task3' AIRFLOW_CTX_EXECUTION_DATE='2023-09-03T00:00:00+00:00' AIRFLOW_CTX_TRY_NUMBER='1' AIRFLOW_CTX_DAG_RUN_ID='scheduled__2023-09-03T00:00:00+00:00'
[2023-09-18T13:52:35.649+0000] {subprocess.py:63} INFO - Tmp dir root location: /tmp
[2023-09-18T13:52:35.658+0000] {subprocess.py:75} INFO - Running command: ['/bin/bash', '-c', "sleep 2 && echo 'Task 3'"]
[2023-09-18T13:52:35.699+0000] {subprocess.py:86} INFO - Output:
[2023-09-18T13:52:37.742+0000] {subprocess.py:93} INFO - Task 3
[2023-09-18T13:52:37.747+0000] {subprocess.py:97} INFO - Command exited with return code 0
[2023-09-18T13:52:37.834+0000] {taskinstance.py:1398} INFO - Marking task as SUCCESS. dag_id=6.1-monitoring, task_id=task3, execution_date=20230903T000000, start_date=20230918T135235, end_date=20230918T135237
[2023-09-18T13:52:37.994+0000] {local_task_job_runner.py:228} INFO - Task exited with return code 0
[2023-09-18T13:52:38.053+0000] {taskinstance.py:2776} INFO - 1 downstream tasks scheduled from follow-on schedule check
[2023-09-18T13:55:16.481+0000] {taskinstance.py:1157} INFO - Dependencies all met for dep_context=non-requeueable deps ti=<TaskInstance: 6.1-monitoring.task3 scheduled__2023-09-03T00:00:00+00:00 [queued]>
[2023-09-18T13:55:16.588+0000] {taskinstance.py:1157} INFO - Dependencies all met for dep_context=requeueable deps ti=<TaskInstance: 6.1-monitoring.task3 scheduled__2023-09-03T00:00:00+00:00 [queued]>
[2023-09-18T13:55:16.592+0000] {taskinstance.py:1359} INFO - Starting attempt 1 of 1
[2023-09-18T13:55:16.639+0000] {taskinstance.py:1380} INFO - Executing <Task(BashOperator): task3> on 2023-09-03 00:00:00+00:00
[2023-09-18T13:55:16.653+0000] {standard_task_runner.py:57} INFO - Started process 5284 to run task
[2023-09-18T13:55:16.662+0000] {standard_task_runner.py:84} INFO - Running: ['***', 'tasks', 'run', '6.1-monitoring', 'task3', 'scheduled__2023-09-03T00:00:00+00:00', '--job-id', '452', '--raw', '--subdir', 'DAGS_FOLDER/6.1-monitoring.py', '--cfg-path', '/tmp/tmpq_vwegsb']
[2023-09-18T13:55:16.668+0000] {standard_task_runner.py:85} INFO - Job 452: Subtask task3
[2023-09-18T13:55:16.831+0000] {task_command.py:415} INFO - Running <TaskInstance: 6.1-monitoring.task3 scheduled__2023-09-03T00:00:00+00:00 [running]> on host e891a57bf0af
[2023-09-18T13:55:17.086+0000] {taskinstance.py:1660} INFO - Exporting env vars: AIRFLOW_CTX_DAG_OWNER='***' AIRFLOW_CTX_DAG_ID='6.1-monitoring' AIRFLOW_CTX_TASK_ID='task3' AIRFLOW_CTX_EXECUTION_DATE='2023-09-03T00:00:00+00:00' AIRFLOW_CTX_TRY_NUMBER='1' AIRFLOW_CTX_DAG_RUN_ID='scheduled__2023-09-03T00:00:00+00:00'
[2023-09-18T13:55:17.092+0000] {subprocess.py:63} INFO - Tmp dir root location: /tmp
[2023-09-18T13:55:17.095+0000] {subprocess.py:75} INFO - Running command: ['/bin/bash', '-c', "sleep 2 && echo 'Task 3'"]
[2023-09-18T13:55:17.118+0000] {subprocess.py:86} INFO - Output:
[2023-09-18T13:55:19.125+0000] {subprocess.py:93} INFO - Task 3
[2023-09-18T13:55:19.127+0000] {subprocess.py:97} INFO - Command exited with return code 0
[2023-09-18T13:55:19.189+0000] {taskinstance.py:1398} INFO - Marking task as SUCCESS. dag_id=6.1-monitoring, task_id=task3, execution_date=20230903T000000, start_date=20230918T135516, end_date=20230918T135519
[2023-09-18T13:55:19.243+0000] {local_task_job_runner.py:228} INFO - Task exited with return code 0
[2023-09-18T13:55:19.316+0000] {taskinstance.py:2776} INFO - 1 downstream tasks scheduled from follow-on schedule check
