[2023-09-19T13:01:40.752+0000] {taskinstance.py:1157} INFO - Dependencies all met for dep_context=non-requeueable deps ti=<TaskInstance: 7.3-externalTaskSensor.creating_file scheduled__2023-09-02T00:00:00+00:00 [queued]>
[2023-09-19T13:01:40.766+0000] {taskinstance.py:1157} INFO - Dependencies all met for dep_context=requeueable deps ti=<TaskInstance: 7.3-externalTaskSensor.creating_file scheduled__2023-09-02T00:00:00+00:00 [queued]>
[2023-09-19T13:01:40.767+0000] {taskinstance.py:1359} INFO - Starting attempt 1 of 1
[2023-09-19T13:01:40.785+0000] {taskinstance.py:1380} INFO - Executing <Task(BashOperator): creating_file> on 2023-09-02 00:00:00+00:00
[2023-09-19T13:01:40.791+0000] {standard_task_runner.py:57} INFO - Started process 1023 to run task
[2023-09-19T13:01:40.794+0000] {standard_task_runner.py:84} INFO - Running: ['***', 'tasks', 'run', '7.3-externalTaskSensor', 'creating_file', 'scheduled__2023-09-02T00:00:00+00:00', '--job-id', '595', '--raw', '--subdir', 'DAGS_FOLDER/7.3-ExternalTaskSensor.py', '--cfg-path', '/tmp/tmpht_c1lb8']
[2023-09-19T13:01:40.796+0000] {standard_task_runner.py:85} INFO - Job 595: Subtask creating_file
[2023-09-19T13:01:40.846+0000] {task_command.py:415} INFO - Running <TaskInstance: 7.3-externalTaskSensor.creating_file scheduled__2023-09-02T00:00:00+00:00 [running]> on host e891a57bf0af
[2023-09-19T13:01:40.932+0000] {taskinstance.py:1660} INFO - Exporting env vars: AIRFLOW_CTX_DAG_OWNER='***' AIRFLOW_CTX_DAG_ID='7.3-externalTaskSensor' AIRFLOW_CTX_TASK_ID='creating_file' AIRFLOW_CTX_EXECUTION_DATE='2023-09-02T00:00:00+00:00' AIRFLOW_CTX_TRY_NUMBER='1' AIRFLOW_CTX_DAG_RUN_ID='scheduled__2023-09-02T00:00:00+00:00'
[2023-09-19T13:01:40.934+0000] {subprocess.py:63} INFO - Tmp dir root location: /tmp
[2023-09-19T13:01:40.935+0000] {subprocess.py:75} INFO - Running command: ['/bin/bash', '-c', 'sleep 10 && touch /tmp/file.txt']
[2023-09-19T13:01:40.945+0000] {subprocess.py:86} INFO - Output:
[2023-09-19T13:01:50.951+0000] {subprocess.py:97} INFO - Command exited with return code 0
[2023-09-19T13:01:50.990+0000] {taskinstance.py:1398} INFO - Marking task as SUCCESS. dag_id=7.3-externalTaskSensor, task_id=creating_file, execution_date=20230902T000000, start_date=20230919T130140, end_date=20230919T130150
[2023-09-19T13:01:51.036+0000] {local_task_job_runner.py:228} INFO - Task exited with return code 0
[2023-09-19T13:01:51.066+0000] {taskinstance.py:2776} INFO - 1 downstream tasks scheduled from follow-on schedule check
[2023-09-19T13:38:10.645+0000] {taskinstance.py:1157} INFO - Dependencies all met for dep_context=non-requeueable deps ti=<TaskInstance: 7.3-externalTaskSensor.creating_file scheduled__2023-09-02T00:00:00+00:00 [queued]>
[2023-09-19T13:38:10.659+0000] {taskinstance.py:1157} INFO - Dependencies all met for dep_context=requeueable deps ti=<TaskInstance: 7.3-externalTaskSensor.creating_file scheduled__2023-09-02T00:00:00+00:00 [queued]>
[2023-09-19T13:38:10.659+0000] {taskinstance.py:1359} INFO - Starting attempt 1 of 1
[2023-09-19T13:38:10.678+0000] {taskinstance.py:1380} INFO - Executing <Task(BashOperator): creating_file> on 2023-09-02 00:00:00+00:00
[2023-09-19T13:38:10.682+0000] {standard_task_runner.py:57} INFO - Started process 1651 to run task
[2023-09-19T13:38:10.686+0000] {standard_task_runner.py:84} INFO - Running: ['***', 'tasks', 'run', '7.3-externalTaskSensor', 'creating_file', 'scheduled__2023-09-02T00:00:00+00:00', '--job-id', '616', '--raw', '--subdir', 'DAGS_FOLDER/7.3-ExternalTaskSensor.py', '--cfg-path', '/tmp/tmpsfvq0sg6']
[2023-09-19T13:38:10.687+0000] {standard_task_runner.py:85} INFO - Job 616: Subtask creating_file
[2023-09-19T13:38:10.739+0000] {task_command.py:415} INFO - Running <TaskInstance: 7.3-externalTaskSensor.creating_file scheduled__2023-09-02T00:00:00+00:00 [running]> on host e891a57bf0af
[2023-09-19T13:38:10.825+0000] {taskinstance.py:1660} INFO - Exporting env vars: AIRFLOW_CTX_DAG_OWNER='***' AIRFLOW_CTX_DAG_ID='7.3-externalTaskSensor' AIRFLOW_CTX_TASK_ID='creating_file' AIRFLOW_CTX_EXECUTION_DATE='2023-09-02T00:00:00+00:00' AIRFLOW_CTX_TRY_NUMBER='1' AIRFLOW_CTX_DAG_RUN_ID='scheduled__2023-09-02T00:00:00+00:00'
[2023-09-19T13:38:10.827+0000] {subprocess.py:63} INFO - Tmp dir root location: /tmp
[2023-09-19T13:38:10.828+0000] {subprocess.py:75} INFO - Running command: ['/bin/bash', '-c', 'sleep 10 && touch /tmp/file.txt']
[2023-09-19T13:38:10.838+0000] {subprocess.py:86} INFO - Output:
[2023-09-19T13:38:20.841+0000] {subprocess.py:97} INFO - Command exited with return code 0
[2023-09-19T13:38:20.877+0000] {taskinstance.py:1398} INFO - Marking task as SUCCESS. dag_id=7.3-externalTaskSensor, task_id=creating_file, execution_date=20230902T000000, start_date=20230919T133810, end_date=20230919T133820
[2023-09-19T13:38:20.901+0000] {local_task_job_runner.py:228} INFO - Task exited with return code 0
[2023-09-19T13:38:20.935+0000] {taskinstance.py:2776} INFO - 1 downstream tasks scheduled from follow-on schedule check
