[2023-09-18T13:03:32.186+0000] {taskinstance.py:1157} INFO - Dependencies all met for dep_context=non-requeueable deps ti=<TaskInstance: 5.1-orchestration.task4 scheduled__2023-09-12T00:00:00+00:00 [queued]>
[2023-09-18T13:03:32.204+0000] {taskinstance.py:1157} INFO - Dependencies all met for dep_context=requeueable deps ti=<TaskInstance: 5.1-orchestration.task4 scheduled__2023-09-12T00:00:00+00:00 [queued]>
[2023-09-18T13:03:32.205+0000] {taskinstance.py:1359} INFO - Starting attempt 1 of 1
[2023-09-18T13:03:32.228+0000] {taskinstance.py:1380} INFO - Executing <Task(BashOperator): task4> on 2023-09-12 00:00:00+00:00
[2023-09-18T13:03:32.236+0000] {standard_task_runner.py:57} INFO - Started process 3149 to run task
[2023-09-18T13:03:32.241+0000] {standard_task_runner.py:84} INFO - Running: ['***', 'tasks', 'run', '5.1-orchestration', 'task4', 'scheduled__2023-09-12T00:00:00+00:00', '--job-id', '86', '--raw', '--subdir', 'DAGS_FOLDER/5.1-orchestration.py', '--cfg-path', '/tmp/tmpxkiubsej']
[2023-09-18T13:03:32.243+0000] {standard_task_runner.py:85} INFO - Job 86: Subtask task4
[2023-09-18T13:03:32.299+0000] {task_command.py:415} INFO - Running <TaskInstance: 5.1-orchestration.task4 scheduled__2023-09-12T00:00:00+00:00 [running]> on host e891a57bf0af
[2023-09-18T13:03:32.400+0000] {taskinstance.py:1660} INFO - Exporting env vars: AIRFLOW_CTX_DAG_OWNER='***' AIRFLOW_CTX_DAG_ID='5.1-orchestration' AIRFLOW_CTX_TASK_ID='task4' AIRFLOW_CTX_EXECUTION_DATE='2023-09-12T00:00:00+00:00' AIRFLOW_CTX_TRY_NUMBER='1' AIRFLOW_CTX_DAG_RUN_ID='scheduled__2023-09-12T00:00:00+00:00'
[2023-09-18T13:03:32.402+0000] {subprocess.py:63} INFO - Tmp dir root location: /tmp
[2023-09-18T13:03:32.403+0000] {subprocess.py:75} INFO - Running command: ['/bin/bash', '-c', "sleep 2 && echo 'Task 4'"]
[2023-09-18T13:03:32.414+0000] {subprocess.py:86} INFO - Output:
[2023-09-18T13:03:34.421+0000] {subprocess.py:93} INFO - Task 4
[2023-09-18T13:03:34.422+0000] {subprocess.py:97} INFO - Command exited with return code 0
[2023-09-18T13:03:34.501+0000] {taskinstance.py:1398} INFO - Marking task as SUCCESS. dag_id=5.1-orchestration, task_id=task4, execution_date=20230912T000000, start_date=20230918T130332, end_date=20230918T130334
[2023-09-18T13:03:34.548+0000] {local_task_job_runner.py:228} INFO - Task exited with return code 0
[2023-09-18T13:03:34.573+0000] {taskinstance.py:2776} INFO - 0 downstream tasks scheduled from follow-on schedule check
[2023-09-18T13:24:40.719+0000] {taskinstance.py:1157} INFO - Dependencies all met for dep_context=non-requeueable deps ti=<TaskInstance: 5.1-orchestration.task4 scheduled__2023-09-12T00:00:00+00:00 [queued]>
[2023-09-18T13:24:40.738+0000] {taskinstance.py:1157} INFO - Dependencies all met for dep_context=requeueable deps ti=<TaskInstance: 5.1-orchestration.task4 scheduled__2023-09-12T00:00:00+00:00 [queued]>
[2023-09-18T13:24:40.739+0000] {taskinstance.py:1359} INFO - Starting attempt 1 of 1
[2023-09-18T13:24:40.766+0000] {taskinstance.py:1380} INFO - Executing <Task(BashOperator): task4> on 2023-09-12 00:00:00+00:00
[2023-09-18T13:24:40.771+0000] {standard_task_runner.py:57} INFO - Started process 3747 to run task
[2023-09-18T13:24:40.775+0000] {standard_task_runner.py:84} INFO - Running: ['***', 'tasks', 'run', '5.1-orchestration', 'task4', 'scheduled__2023-09-12T00:00:00+00:00', '--job-id', '156', '--raw', '--subdir', 'DAGS_FOLDER/5.1-orchestration.py', '--cfg-path', '/tmp/tmpzrpozsiq']
[2023-09-18T13:24:40.777+0000] {standard_task_runner.py:85} INFO - Job 156: Subtask task4
[2023-09-18T13:24:40.833+0000] {task_command.py:415} INFO - Running <TaskInstance: 5.1-orchestration.task4 scheduled__2023-09-12T00:00:00+00:00 [running]> on host e891a57bf0af
[2023-09-18T13:24:40.928+0000] {taskinstance.py:1660} INFO - Exporting env vars: AIRFLOW_CTX_DAG_OWNER='***' AIRFLOW_CTX_DAG_ID='5.1-orchestration' AIRFLOW_CTX_TASK_ID='task4' AIRFLOW_CTX_EXECUTION_DATE='2023-09-12T00:00:00+00:00' AIRFLOW_CTX_TRY_NUMBER='1' AIRFLOW_CTX_DAG_RUN_ID='scheduled__2023-09-12T00:00:00+00:00'
[2023-09-18T13:24:40.930+0000] {subprocess.py:63} INFO - Tmp dir root location: /tmp
[2023-09-18T13:24:40.932+0000] {subprocess.py:75} INFO - Running command: ['/bin/bash', '-c', "sleep 2 && echo 'Task 4'"]
[2023-09-18T13:24:40.943+0000] {subprocess.py:86} INFO - Output:
[2023-09-18T13:24:42.948+0000] {subprocess.py:93} INFO - Task 4
[2023-09-18T13:24:42.950+0000] {subprocess.py:97} INFO - Command exited with return code 0
[2023-09-18T13:24:42.984+0000] {taskinstance.py:1398} INFO - Marking task as SUCCESS. dag_id=5.1-orchestration, task_id=task4, execution_date=20230912T000000, start_date=20230918T132440, end_date=20230918T132442
[2023-09-18T13:24:43.038+0000] {local_task_job_runner.py:228} INFO - Task exited with return code 0
[2023-09-18T13:24:43.072+0000] {taskinstance.py:2776} INFO - 0 downstream tasks scheduled from follow-on schedule check
