[2023-09-18T13:03:20.480+0000] {taskinstance.py:1157} INFO - Dependencies all met for dep_context=non-requeueable deps ti=<TaskInstance: 5.1-orchestration.task3 scheduled__2023-09-09T00:00:00+00:00 [queued]>
[2023-09-18T13:03:20.500+0000] {taskinstance.py:1157} INFO - Dependencies all met for dep_context=requeueable deps ti=<TaskInstance: 5.1-orchestration.task3 scheduled__2023-09-09T00:00:00+00:00 [queued]>
[2023-09-18T13:03:20.501+0000] {taskinstance.py:1359} INFO - Starting attempt 1 of 1
[2023-09-18T13:03:20.517+0000] {taskinstance.py:1380} INFO - Executing <Task(BashOperator): task3> on 2023-09-09 00:00:00+00:00
[2023-09-18T13:03:20.523+0000] {standard_task_runner.py:57} INFO - Started process 3099 to run task
[2023-09-18T13:03:20.529+0000] {standard_task_runner.py:84} INFO - Running: ['***', 'tasks', 'run', '5.1-orchestration', 'task3', 'scheduled__2023-09-09T00:00:00+00:00', '--job-id', '73', '--raw', '--subdir', 'DAGS_FOLDER/5.1-orchestration.py', '--cfg-path', '/tmp/tmptdpfk2k3']
[2023-09-18T13:03:20.531+0000] {standard_task_runner.py:85} INFO - Job 73: Subtask task3
[2023-09-18T13:03:20.593+0000] {task_command.py:415} INFO - Running <TaskInstance: 5.1-orchestration.task3 scheduled__2023-09-09T00:00:00+00:00 [running]> on host e891a57bf0af
[2023-09-18T13:03:20.716+0000] {taskinstance.py:1660} INFO - Exporting env vars: AIRFLOW_CTX_DAG_OWNER='***' AIRFLOW_CTX_DAG_ID='5.1-orchestration' AIRFLOW_CTX_TASK_ID='task3' AIRFLOW_CTX_EXECUTION_DATE='2023-09-09T00:00:00+00:00' AIRFLOW_CTX_TRY_NUMBER='1' AIRFLOW_CTX_DAG_RUN_ID='scheduled__2023-09-09T00:00:00+00:00'
[2023-09-18T13:03:20.722+0000] {subprocess.py:63} INFO - Tmp dir root location: /tmp
[2023-09-18T13:03:20.724+0000] {subprocess.py:75} INFO - Running command: ['/bin/bash', '-c', "sleep 2 && echo 'Task 3'"]
[2023-09-18T13:03:20.744+0000] {subprocess.py:86} INFO - Output:
[2023-09-18T13:03:22.776+0000] {subprocess.py:93} INFO - Task 3
[2023-09-18T13:03:22.778+0000] {subprocess.py:97} INFO - Command exited with return code 0
[2023-09-18T13:03:22.873+0000] {taskinstance.py:1398} INFO - Marking task as SUCCESS. dag_id=5.1-orchestration, task_id=task3, execution_date=20230909T000000, start_date=20230918T130320, end_date=20230918T130322
[2023-09-18T13:03:22.922+0000] {local_task_job_runner.py:228} INFO - Task exited with return code 0
[2023-09-18T13:03:22.945+0000] {taskinstance.py:2776} INFO - 0 downstream tasks scheduled from follow-on schedule check
[2023-09-18T13:24:06.265+0000] {taskinstance.py:1157} INFO - Dependencies all met for dep_context=non-requeueable deps ti=<TaskInstance: 5.1-orchestration.task3 scheduled__2023-09-09T00:00:00+00:00 [queued]>
[2023-09-18T13:24:06.373+0000] {taskinstance.py:1157} INFO - Dependencies all met for dep_context=requeueable deps ti=<TaskInstance: 5.1-orchestration.task3 scheduled__2023-09-09T00:00:00+00:00 [queued]>
[2023-09-18T13:24:06.374+0000] {taskinstance.py:1359} INFO - Starting attempt 1 of 1
[2023-09-18T13:24:06.398+0000] {taskinstance.py:1380} INFO - Executing <Task(BashOperator): task3> on 2023-09-09 00:00:00+00:00
[2023-09-18T13:24:06.405+0000] {standard_task_runner.py:57} INFO - Started process 3690 to run task
[2023-09-18T13:24:06.410+0000] {standard_task_runner.py:84} INFO - Running: ['***', 'tasks', 'run', '5.1-orchestration', 'task3', 'scheduled__2023-09-09T00:00:00+00:00', '--job-id', '144', '--raw', '--subdir', 'DAGS_FOLDER/5.1-orchestration.py', '--cfg-path', '/tmp/tmp1owar69g']
[2023-09-18T13:24:06.412+0000] {standard_task_runner.py:85} INFO - Job 144: Subtask task3
[2023-09-18T13:24:06.486+0000] {task_command.py:415} INFO - Running <TaskInstance: 5.1-orchestration.task3 scheduled__2023-09-09T00:00:00+00:00 [running]> on host e891a57bf0af
[2023-09-18T13:24:06.606+0000] {taskinstance.py:1660} INFO - Exporting env vars: AIRFLOW_CTX_DAG_OWNER='***' AIRFLOW_CTX_DAG_ID='5.1-orchestration' AIRFLOW_CTX_TASK_ID='task3' AIRFLOW_CTX_EXECUTION_DATE='2023-09-09T00:00:00+00:00' AIRFLOW_CTX_TRY_NUMBER='1' AIRFLOW_CTX_DAG_RUN_ID='scheduled__2023-09-09T00:00:00+00:00'
[2023-09-18T13:24:06.609+0000] {subprocess.py:63} INFO - Tmp dir root location: /tmp
[2023-09-18T13:24:06.611+0000] {subprocess.py:75} INFO - Running command: ['/bin/bash', '-c', "sleep 2 && echo 'Task 3'"]
[2023-09-18T13:24:06.635+0000] {subprocess.py:86} INFO - Output:
[2023-09-18T13:24:08.639+0000] {subprocess.py:93} INFO - Task 3
[2023-09-18T13:24:08.640+0000] {subprocess.py:97} INFO - Command exited with return code 0
[2023-09-18T13:24:08.671+0000] {taskinstance.py:1398} INFO - Marking task as SUCCESS. dag_id=5.1-orchestration, task_id=task3, execution_date=20230909T000000, start_date=20230918T132406, end_date=20230918T132408
[2023-09-18T13:24:08.719+0000] {local_task_job_runner.py:228} INFO - Task exited with return code 0
[2023-09-18T13:24:08.757+0000] {taskinstance.py:2776} INFO - 0 downstream tasks scheduled from follow-on schedule check
