[2023-09-18T13:02:56.831+0000] {taskinstance.py:1157} INFO - Dependencies all met for dep_context=non-requeueable deps ti=<TaskInstance: 5.1-orchestration.task3 scheduled__2023-09-03T00:00:00+00:00 [queued]>
[2023-09-18T13:02:56.849+0000] {taskinstance.py:1157} INFO - Dependencies all met for dep_context=requeueable deps ti=<TaskInstance: 5.1-orchestration.task3 scheduled__2023-09-03T00:00:00+00:00 [queued]>
[2023-09-18T13:02:56.850+0000] {taskinstance.py:1359} INFO - Starting attempt 1 of 1
[2023-09-18T13:02:56.875+0000] {taskinstance.py:1380} INFO - Executing <Task(BashOperator): task3> on 2023-09-03 00:00:00+00:00
[2023-09-18T13:02:56.883+0000] {standard_task_runner.py:57} INFO - Started process 2998 to run task
[2023-09-18T13:02:56.888+0000] {standard_task_runner.py:84} INFO - Running: ['***', 'tasks', 'run', '5.1-orchestration', 'task3', 'scheduled__2023-09-03T00:00:00+00:00', '--job-id', '49', '--raw', '--subdir', 'DAGS_FOLDER/5.1-orchestration.py', '--cfg-path', '/tmp/tmprrqbs8b1']
[2023-09-18T13:02:56.889+0000] {standard_task_runner.py:85} INFO - Job 49: Subtask task3
[2023-09-18T13:02:56.978+0000] {task_command.py:415} INFO - Running <TaskInstance: 5.1-orchestration.task3 scheduled__2023-09-03T00:00:00+00:00 [running]> on host e891a57bf0af
[2023-09-18T13:02:57.096+0000] {taskinstance.py:1660} INFO - Exporting env vars: AIRFLOW_CTX_DAG_OWNER='***' AIRFLOW_CTX_DAG_ID='5.1-orchestration' AIRFLOW_CTX_TASK_ID='task3' AIRFLOW_CTX_EXECUTION_DATE='2023-09-03T00:00:00+00:00' AIRFLOW_CTX_TRY_NUMBER='1' AIRFLOW_CTX_DAG_RUN_ID='scheduled__2023-09-03T00:00:00+00:00'
[2023-09-18T13:02:57.099+0000] {subprocess.py:63} INFO - Tmp dir root location: /tmp
[2023-09-18T13:02:57.100+0000] {subprocess.py:75} INFO - Running command: ['/bin/bash', '-c', "sleep 2 && echo 'Task 3'"]
[2023-09-18T13:02:57.113+0000] {subprocess.py:86} INFO - Output:
[2023-09-18T13:02:59.149+0000] {subprocess.py:93} INFO - Task 3
[2023-09-18T13:02:59.150+0000] {subprocess.py:97} INFO - Command exited with return code 0
[2023-09-18T13:02:59.186+0000] {taskinstance.py:1398} INFO - Marking task as SUCCESS. dag_id=5.1-orchestration, task_id=task3, execution_date=20230903T000000, start_date=20230918T130256, end_date=20230918T130259
[2023-09-18T13:02:59.237+0000] {local_task_job_runner.py:228} INFO - Task exited with return code 0
[2023-09-18T13:02:59.259+0000] {taskinstance.py:2776} INFO - 0 downstream tasks scheduled from follow-on schedule check
[2023-09-18T13:22:58.721+0000] {taskinstance.py:1157} INFO - Dependencies all met for dep_context=non-requeueable deps ti=<TaskInstance: 5.1-orchestration.task3 scheduled__2023-09-03T00:00:00+00:00 [queued]>
[2023-09-18T13:22:58.799+0000] {taskinstance.py:1157} INFO - Dependencies all met for dep_context=requeueable deps ti=<TaskInstance: 5.1-orchestration.task3 scheduled__2023-09-03T00:00:00+00:00 [queued]>
[2023-09-18T13:22:58.800+0000] {taskinstance.py:1359} INFO - Starting attempt 1 of 1
[2023-09-18T13:22:58.818+0000] {taskinstance.py:1380} INFO - Executing <Task(BashOperator): task3> on 2023-09-03 00:00:00+00:00
[2023-09-18T13:22:58.823+0000] {standard_task_runner.py:57} INFO - Started process 3578 to run task
[2023-09-18T13:22:58.827+0000] {standard_task_runner.py:84} INFO - Running: ['***', 'tasks', 'run', '5.1-orchestration', 'task3', 'scheduled__2023-09-03T00:00:00+00:00', '--job-id', '120', '--raw', '--subdir', 'DAGS_FOLDER/5.1-orchestration.py', '--cfg-path', '/tmp/tmp21xc1wi9']
[2023-09-18T13:22:58.829+0000] {standard_task_runner.py:85} INFO - Job 120: Subtask task3
[2023-09-18T13:22:58.885+0000] {task_command.py:415} INFO - Running <TaskInstance: 5.1-orchestration.task3 scheduled__2023-09-03T00:00:00+00:00 [running]> on host e891a57bf0af
[2023-09-18T13:22:58.982+0000] {taskinstance.py:1660} INFO - Exporting env vars: AIRFLOW_CTX_DAG_OWNER='***' AIRFLOW_CTX_DAG_ID='5.1-orchestration' AIRFLOW_CTX_TASK_ID='task3' AIRFLOW_CTX_EXECUTION_DATE='2023-09-03T00:00:00+00:00' AIRFLOW_CTX_TRY_NUMBER='1' AIRFLOW_CTX_DAG_RUN_ID='scheduled__2023-09-03T00:00:00+00:00'
[2023-09-18T13:22:58.984+0000] {subprocess.py:63} INFO - Tmp dir root location: /tmp
[2023-09-18T13:22:58.985+0000] {subprocess.py:75} INFO - Running command: ['/bin/bash', '-c', "sleep 2 && echo 'Task 3'"]
[2023-09-18T13:22:58.996+0000] {subprocess.py:86} INFO - Output:
[2023-09-18T13:23:01.000+0000] {subprocess.py:93} INFO - Task 3
[2023-09-18T13:23:01.001+0000] {subprocess.py:97} INFO - Command exited with return code 0
[2023-09-18T13:23:01.035+0000] {taskinstance.py:1398} INFO - Marking task as SUCCESS. dag_id=5.1-orchestration, task_id=task3, execution_date=20230903T000000, start_date=20230918T132258, end_date=20230918T132301
[2023-09-18T13:23:01.094+0000] {local_task_job_runner.py:228} INFO - Task exited with return code 0
[2023-09-18T13:23:01.128+0000] {taskinstance.py:2776} INFO - 0 downstream tasks scheduled from follow-on schedule check
