[2023-09-25T07:34:33.590+0000] {processor.py:157} INFO - Started process (PID=53) to work on /opt/airflow/dags/0-firstdag.py
[2023-09-25T07:34:33.591+0000] {processor.py:829} INFO - Processing file /opt/airflow/dags/0-firstdag.py for tasks to queue
[2023-09-25T07:34:33.594+0000] {logging_mixin.py:151} INFO - [2023-09-25T07:34:33.593+0000] {dagbag.py:539} INFO - Filling up the DagBag from /opt/airflow/dags/0-firstdag.py
[2023-09-25T07:34:33.746+0000] {processor.py:839} INFO - DAG(s) dict_keys(['firstdag']) retrieved from /opt/airflow/dags/0-firstdag.py
[2023-09-25T07:34:33.898+0000] {logging_mixin.py:151} INFO - [2023-09-25T07:34:33.897+0000] {dag.py:2915} INFO - Sync 1 DAGs
[2023-09-25T07:34:33.947+0000] {logging_mixin.py:151} INFO - [2023-09-25T07:34:33.946+0000] {dag.py:3696} INFO - Setting next_dagrun for firstdag to 2023-09-14T00:00:00+00:00, run_after=2023-09-14T00:00:00+00:00
[2023-09-25T07:34:34.011+0000] {processor.py:179} INFO - Processing /opt/airflow/dags/0-firstdag.py took 0.428 seconds
[2023-09-25T07:40:14.385+0000] {processor.py:157} INFO - Started process (PID=54) to work on /opt/airflow/dags/0-firstdag.py
[2023-09-25T07:40:14.417+0000] {processor.py:829} INFO - Processing file /opt/airflow/dags/0-firstdag.py for tasks to queue
[2023-09-25T07:40:14.423+0000] {logging_mixin.py:151} INFO - [2023-09-25T07:40:14.421+0000] {dagbag.py:539} INFO - Filling up the DagBag from /opt/airflow/dags/0-firstdag.py
[2023-09-25T07:40:14.633+0000] {processor.py:839} INFO - DAG(s) dict_keys(['firstdag']) retrieved from /opt/airflow/dags/0-firstdag.py
[2023-09-25T07:40:20.243+0000] {logging_mixin.py:151} INFO - [2023-09-25T07:40:20.229+0000] {security.py:708} INFO - Not syncing DAG-level permissions for DAG 'DAG:firstdag' as access control is unset.
[2023-09-25T07:40:20.263+0000] {logging_mixin.py:151} INFO - [2023-09-25T07:40:20.260+0000] {dag.py:2915} INFO - Sync 1 DAGs
[2023-09-25T07:40:20.706+0000] {logging_mixin.py:151} INFO - [2023-09-25T07:40:20.694+0000] {dag.py:3696} INFO - Setting next_dagrun for firstdag to 2023-09-14T00:00:00+00:00, run_after=2023-09-14T00:00:00+00:00
[2023-09-25T07:40:21.167+0000] {processor.py:179} INFO - Processing /opt/airflow/dags/0-firstdag.py took 6.916 seconds
[2023-09-25T07:40:52.064+0000] {processor.py:157} INFO - Started process (PID=77) to work on /opt/airflow/dags/0-firstdag.py
[2023-09-25T07:40:52.076+0000] {processor.py:829} INFO - Processing file /opt/airflow/dags/0-firstdag.py for tasks to queue
[2023-09-25T07:40:52.079+0000] {logging_mixin.py:151} INFO - [2023-09-25T07:40:52.079+0000] {dagbag.py:539} INFO - Filling up the DagBag from /opt/airflow/dags/0-firstdag.py
[2023-09-25T07:40:52.207+0000] {processor.py:839} INFO - DAG(s) dict_keys(['firstdag']) retrieved from /opt/airflow/dags/0-firstdag.py
[2023-09-25T07:40:52.235+0000] {logging_mixin.py:151} INFO - [2023-09-25T07:40:52.235+0000] {dag.py:2915} INFO - Sync 1 DAGs
[2023-09-25T07:40:52.261+0000] {logging_mixin.py:151} INFO - [2023-09-25T07:40:52.261+0000] {dag.py:3696} INFO - Setting next_dagrun for firstdag to 2023-09-14T00:00:00+00:00, run_after=2023-09-14T00:00:00+00:00
[2023-09-25T07:40:52.296+0000] {processor.py:179} INFO - Processing /opt/airflow/dags/0-firstdag.py took 0.240 seconds
[2023-09-25T07:41:22.906+0000] {processor.py:157} INFO - Started process (PID=99) to work on /opt/airflow/dags/0-firstdag.py
[2023-09-25T07:41:22.907+0000] {processor.py:829} INFO - Processing file /opt/airflow/dags/0-firstdag.py for tasks to queue
[2023-09-25T07:41:22.910+0000] {logging_mixin.py:151} INFO - [2023-09-25T07:41:22.910+0000] {dagbag.py:539} INFO - Filling up the DagBag from /opt/airflow/dags/0-firstdag.py
[2023-09-25T07:41:22.977+0000] {processor.py:839} INFO - DAG(s) dict_keys(['firstdag']) retrieved from /opt/airflow/dags/0-firstdag.py
[2023-09-25T07:41:23.014+0000] {logging_mixin.py:151} INFO - [2023-09-25T07:41:23.014+0000] {dag.py:2915} INFO - Sync 1 DAGs
[2023-09-25T07:41:23.045+0000] {logging_mixin.py:151} INFO - [2023-09-25T07:41:23.045+0000] {dag.py:3696} INFO - Setting next_dagrun for firstdag to 2023-09-14T00:00:00+00:00, run_after=2023-09-14T00:00:00+00:00
[2023-09-25T07:41:23.090+0000] {processor.py:179} INFO - Processing /opt/airflow/dags/0-firstdag.py took 0.192 seconds
[2023-09-25T07:41:53.356+0000] {processor.py:157} INFO - Started process (PID=121) to work on /opt/airflow/dags/0-firstdag.py
[2023-09-25T07:41:53.358+0000] {processor.py:829} INFO - Processing file /opt/airflow/dags/0-firstdag.py for tasks to queue
[2023-09-25T07:41:53.361+0000] {logging_mixin.py:151} INFO - [2023-09-25T07:41:53.361+0000] {dagbag.py:539} INFO - Filling up the DagBag from /opt/airflow/dags/0-firstdag.py
[2023-09-25T07:41:53.439+0000] {processor.py:839} INFO - DAG(s) dict_keys(['firstdag']) retrieved from /opt/airflow/dags/0-firstdag.py
[2023-09-25T07:41:53.462+0000] {logging_mixin.py:151} INFO - [2023-09-25T07:41:53.462+0000] {dag.py:2915} INFO - Sync 1 DAGs
[2023-09-25T07:41:53.492+0000] {logging_mixin.py:151} INFO - [2023-09-25T07:41:53.491+0000] {dag.py:3696} INFO - Setting next_dagrun for firstdag to 2023-09-14T00:00:00+00:00, run_after=2023-09-14T00:00:00+00:00
[2023-09-25T07:41:53.518+0000] {processor.py:179} INFO - Processing /opt/airflow/dags/0-firstdag.py took 0.169 seconds
[2023-09-25T07:42:23.843+0000] {processor.py:157} INFO - Started process (PID=144) to work on /opt/airflow/dags/0-firstdag.py
[2023-09-25T07:42:23.847+0000] {processor.py:829} INFO - Processing file /opt/airflow/dags/0-firstdag.py for tasks to queue
[2023-09-25T07:42:23.852+0000] {logging_mixin.py:151} INFO - [2023-09-25T07:42:23.851+0000] {dagbag.py:539} INFO - Filling up the DagBag from /opt/airflow/dags/0-firstdag.py
[2023-09-25T07:42:23.983+0000] {processor.py:839} INFO - DAG(s) dict_keys(['firstdag']) retrieved from /opt/airflow/dags/0-firstdag.py
[2023-09-25T07:42:24.065+0000] {logging_mixin.py:151} INFO - [2023-09-25T07:42:24.065+0000] {dag.py:2915} INFO - Sync 1 DAGs
[2023-09-25T07:42:24.112+0000] {logging_mixin.py:151} INFO - [2023-09-25T07:42:24.111+0000] {dag.py:3696} INFO - Setting next_dagrun for firstdag to 2023-09-14T00:00:00+00:00, run_after=2023-09-14T00:00:00+00:00
[2023-09-25T07:42:24.162+0000] {processor.py:179} INFO - Processing /opt/airflow/dags/0-firstdag.py took 0.334 seconds
[2023-09-25T07:42:55.156+0000] {processor.py:157} INFO - Started process (PID=166) to work on /opt/airflow/dags/0-firstdag.py
[2023-09-25T07:42:55.157+0000] {processor.py:829} INFO - Processing file /opt/airflow/dags/0-firstdag.py for tasks to queue
[2023-09-25T07:42:55.158+0000] {logging_mixin.py:151} INFO - [2023-09-25T07:42:55.158+0000] {dagbag.py:539} INFO - Filling up the DagBag from /opt/airflow/dags/0-firstdag.py
[2023-09-25T07:42:55.196+0000] {processor.py:839} INFO - DAG(s) dict_keys(['firstdag']) retrieved from /opt/airflow/dags/0-firstdag.py
[2023-09-25T07:42:55.222+0000] {logging_mixin.py:151} INFO - [2023-09-25T07:42:55.222+0000] {dag.py:2915} INFO - Sync 1 DAGs
[2023-09-25T07:42:55.249+0000] {logging_mixin.py:151} INFO - [2023-09-25T07:42:55.249+0000] {dag.py:3696} INFO - Setting next_dagrun for firstdag to 2023-09-14T00:00:00+00:00, run_after=2023-09-14T00:00:00+00:00
[2023-09-25T07:42:55.288+0000] {processor.py:179} INFO - Processing /opt/airflow/dags/0-firstdag.py took 0.137 seconds
[2023-09-25T07:43:26.100+0000] {processor.py:157} INFO - Started process (PID=188) to work on /opt/airflow/dags/0-firstdag.py
[2023-09-25T07:43:26.102+0000] {processor.py:829} INFO - Processing file /opt/airflow/dags/0-firstdag.py for tasks to queue
[2023-09-25T07:43:26.106+0000] {logging_mixin.py:151} INFO - [2023-09-25T07:43:26.104+0000] {dagbag.py:539} INFO - Filling up the DagBag from /opt/airflow/dags/0-firstdag.py
[2023-09-25T07:43:26.175+0000] {processor.py:839} INFO - DAG(s) dict_keys(['firstdag']) retrieved from /opt/airflow/dags/0-firstdag.py
[2023-09-25T07:43:26.208+0000] {logging_mixin.py:151} INFO - [2023-09-25T07:43:26.208+0000] {dag.py:2915} INFO - Sync 1 DAGs
[2023-09-25T07:43:26.275+0000] {logging_mixin.py:151} INFO - [2023-09-25T07:43:26.274+0000] {dag.py:3696} INFO - Setting next_dagrun for firstdag to 2023-09-14T00:00:00+00:00, run_after=2023-09-14T00:00:00+00:00
[2023-09-25T07:43:26.325+0000] {processor.py:179} INFO - Processing /opt/airflow/dags/0-firstdag.py took 0.233 seconds
[2023-09-25T07:43:56.635+0000] {processor.py:157} INFO - Started process (PID=210) to work on /opt/airflow/dags/0-firstdag.py
[2023-09-25T07:43:56.638+0000] {processor.py:829} INFO - Processing file /opt/airflow/dags/0-firstdag.py for tasks to queue
[2023-09-25T07:43:56.641+0000] {logging_mixin.py:151} INFO - [2023-09-25T07:43:56.640+0000] {dagbag.py:539} INFO - Filling up the DagBag from /opt/airflow/dags/0-firstdag.py
[2023-09-25T07:43:56.720+0000] {processor.py:839} INFO - DAG(s) dict_keys(['firstdag']) retrieved from /opt/airflow/dags/0-firstdag.py
[2023-09-25T07:43:56.766+0000] {logging_mixin.py:151} INFO - [2023-09-25T07:43:56.765+0000] {dag.py:2915} INFO - Sync 1 DAGs
[2023-09-25T07:43:56.803+0000] {logging_mixin.py:151} INFO - [2023-09-25T07:43:56.802+0000] {dag.py:3696} INFO - Setting next_dagrun for firstdag to 2023-09-14T00:00:00+00:00, run_after=2023-09-14T00:00:00+00:00
[2023-09-25T07:43:56.840+0000] {processor.py:179} INFO - Processing /opt/airflow/dags/0-firstdag.py took 0.212 seconds
[2023-09-25T07:44:27.119+0000] {processor.py:157} INFO - Started process (PID=232) to work on /opt/airflow/dags/0-firstdag.py
[2023-09-25T07:44:27.120+0000] {processor.py:829} INFO - Processing file /opt/airflow/dags/0-firstdag.py for tasks to queue
[2023-09-25T07:44:27.122+0000] {logging_mixin.py:151} INFO - [2023-09-25T07:44:27.121+0000] {dagbag.py:539} INFO - Filling up the DagBag from /opt/airflow/dags/0-firstdag.py
[2023-09-25T07:44:27.171+0000] {processor.py:839} INFO - DAG(s) dict_keys(['firstdag']) retrieved from /opt/airflow/dags/0-firstdag.py
[2023-09-25T07:44:27.202+0000] {logging_mixin.py:151} INFO - [2023-09-25T07:44:27.202+0000] {dag.py:2915} INFO - Sync 1 DAGs
[2023-09-25T07:44:27.237+0000] {logging_mixin.py:151} INFO - [2023-09-25T07:44:27.237+0000] {dag.py:3696} INFO - Setting next_dagrun for firstdag to 2023-09-14T00:00:00+00:00, run_after=2023-09-14T00:00:00+00:00
[2023-09-25T07:44:27.268+0000] {processor.py:179} INFO - Processing /opt/airflow/dags/0-firstdag.py took 0.155 seconds
[2023-09-25T07:45:01.832+0000] {processor.py:157} INFO - Started process (PID=254) to work on /opt/airflow/dags/0-firstdag.py
[2023-09-25T07:45:01.861+0000] {processor.py:829} INFO - Processing file /opt/airflow/dags/0-firstdag.py for tasks to queue
[2023-09-25T07:45:01.897+0000] {logging_mixin.py:151} INFO - [2023-09-25T07:45:01.879+0000] {dagbag.py:539} INFO - Filling up the DagBag from /opt/airflow/dags/0-firstdag.py
[2023-09-25T07:45:02.469+0000] {processor.py:839} INFO - DAG(s) dict_keys(['firstdag']) retrieved from /opt/airflow/dags/0-firstdag.py
[2023-09-25T07:45:02.535+0000] {logging_mixin.py:151} INFO - [2023-09-25T07:45:02.535+0000] {dag.py:2915} INFO - Sync 1 DAGs
[2023-09-25T07:45:02.614+0000] {logging_mixin.py:151} INFO - [2023-09-25T07:45:02.614+0000] {dag.py:3696} INFO - Setting next_dagrun for firstdag to 2023-09-14T00:00:00+00:00, run_after=2023-09-14T00:00:00+00:00
[2023-09-25T07:45:02.698+0000] {processor.py:179} INFO - Processing /opt/airflow/dags/0-firstdag.py took 0.966 seconds
[2023-09-25T07:45:33.365+0000] {processor.py:157} INFO - Started process (PID=276) to work on /opt/airflow/dags/0-firstdag.py
[2023-09-25T07:45:33.367+0000] {processor.py:829} INFO - Processing file /opt/airflow/dags/0-firstdag.py for tasks to queue
[2023-09-25T07:45:33.370+0000] {logging_mixin.py:151} INFO - [2023-09-25T07:45:33.369+0000] {dagbag.py:539} INFO - Filling up the DagBag from /opt/airflow/dags/0-firstdag.py
[2023-09-25T07:45:33.420+0000] {processor.py:839} INFO - DAG(s) dict_keys(['firstdag']) retrieved from /opt/airflow/dags/0-firstdag.py
[2023-09-25T07:45:33.459+0000] {logging_mixin.py:151} INFO - [2023-09-25T07:45:33.458+0000] {dag.py:2915} INFO - Sync 1 DAGs
[2023-09-25T07:45:33.487+0000] {logging_mixin.py:151} INFO - [2023-09-25T07:45:33.487+0000] {dag.py:3696} INFO - Setting next_dagrun for firstdag to 2023-09-14T00:00:00+00:00, run_after=2023-09-14T00:00:00+00:00
[2023-09-25T07:45:33.518+0000] {processor.py:179} INFO - Processing /opt/airflow/dags/0-firstdag.py took 0.165 seconds
[2023-09-25T07:46:03.823+0000] {processor.py:157} INFO - Started process (PID=298) to work on /opt/airflow/dags/0-firstdag.py
[2023-09-25T07:46:03.824+0000] {processor.py:829} INFO - Processing file /opt/airflow/dags/0-firstdag.py for tasks to queue
[2023-09-25T07:46:03.826+0000] {logging_mixin.py:151} INFO - [2023-09-25T07:46:03.825+0000] {dagbag.py:539} INFO - Filling up the DagBag from /opt/airflow/dags/0-firstdag.py
[2023-09-25T07:46:03.879+0000] {processor.py:839} INFO - DAG(s) dict_keys(['firstdag']) retrieved from /opt/airflow/dags/0-firstdag.py
[2023-09-25T07:46:03.916+0000] {logging_mixin.py:151} INFO - [2023-09-25T07:46:03.915+0000] {dag.py:2915} INFO - Sync 1 DAGs
[2023-09-25T07:46:03.944+0000] {logging_mixin.py:151} INFO - [2023-09-25T07:46:03.944+0000] {dag.py:3696} INFO - Setting next_dagrun for firstdag to 2023-09-14T00:00:00+00:00, run_after=2023-09-14T00:00:00+00:00
[2023-09-25T07:46:03.975+0000] {processor.py:179} INFO - Processing /opt/airflow/dags/0-firstdag.py took 0.157 seconds
[2023-09-25T07:46:34.867+0000] {processor.py:157} INFO - Started process (PID=320) to work on /opt/airflow/dags/0-firstdag.py
[2023-09-25T07:46:34.869+0000] {processor.py:829} INFO - Processing file /opt/airflow/dags/0-firstdag.py for tasks to queue
[2023-09-25T07:46:34.871+0000] {logging_mixin.py:151} INFO - [2023-09-25T07:46:34.870+0000] {dagbag.py:539} INFO - Filling up the DagBag from /opt/airflow/dags/0-firstdag.py
[2023-09-25T07:46:34.928+0000] {processor.py:839} INFO - DAG(s) dict_keys(['firstdag']) retrieved from /opt/airflow/dags/0-firstdag.py
[2023-09-25T07:46:34.958+0000] {logging_mixin.py:151} INFO - [2023-09-25T07:46:34.958+0000] {dag.py:2915} INFO - Sync 1 DAGs
[2023-09-25T07:46:34.993+0000] {logging_mixin.py:151} INFO - [2023-09-25T07:46:34.993+0000] {dag.py:3696} INFO - Setting next_dagrun for firstdag to 2023-09-14T00:00:00+00:00, run_after=2023-09-14T00:00:00+00:00
[2023-09-25T07:46:35.026+0000] {processor.py:179} INFO - Processing /opt/airflow/dags/0-firstdag.py took 0.165 seconds
[2023-09-25T07:47:05.469+0000] {processor.py:157} INFO - Started process (PID=342) to work on /opt/airflow/dags/0-firstdag.py
[2023-09-25T07:47:05.470+0000] {processor.py:829} INFO - Processing file /opt/airflow/dags/0-firstdag.py for tasks to queue
[2023-09-25T07:47:05.472+0000] {logging_mixin.py:151} INFO - [2023-09-25T07:47:05.472+0000] {dagbag.py:539} INFO - Filling up the DagBag from /opt/airflow/dags/0-firstdag.py
[2023-09-25T07:47:05.524+0000] {processor.py:839} INFO - DAG(s) dict_keys(['firstdag']) retrieved from /opt/airflow/dags/0-firstdag.py
[2023-09-25T07:47:05.550+0000] {logging_mixin.py:151} INFO - [2023-09-25T07:47:05.550+0000] {dag.py:2915} INFO - Sync 1 DAGs
[2023-09-25T07:47:05.579+0000] {logging_mixin.py:151} INFO - [2023-09-25T07:47:05.579+0000] {dag.py:3696} INFO - Setting next_dagrun for firstdag to 2023-09-14T00:00:00+00:00, run_after=2023-09-14T00:00:00+00:00
[2023-09-25T07:47:05.620+0000] {processor.py:179} INFO - Processing /opt/airflow/dags/0-firstdag.py took 0.156 seconds
[2023-09-25T07:47:36.305+0000] {processor.py:157} INFO - Started process (PID=364) to work on /opt/airflow/dags/0-firstdag.py
[2023-09-25T07:47:36.307+0000] {processor.py:829} INFO - Processing file /opt/airflow/dags/0-firstdag.py for tasks to queue
[2023-09-25T07:47:36.315+0000] {logging_mixin.py:151} INFO - [2023-09-25T07:47:36.313+0000] {dagbag.py:539} INFO - Filling up the DagBag from /opt/airflow/dags/0-firstdag.py
[2023-09-25T07:47:36.382+0000] {processor.py:839} INFO - DAG(s) dict_keys(['firstdag']) retrieved from /opt/airflow/dags/0-firstdag.py
[2023-09-25T07:47:36.619+0000] {logging_mixin.py:151} INFO - [2023-09-25T07:47:36.619+0000] {dag.py:2915} INFO - Sync 1 DAGs
[2023-09-25T07:47:36.681+0000] {logging_mixin.py:151} INFO - [2023-09-25T07:47:36.680+0000] {dag.py:3696} INFO - Setting next_dagrun for firstdag to 2023-09-14T00:00:00+00:00, run_after=2023-09-14T00:00:00+00:00
[2023-09-25T07:47:36.773+0000] {processor.py:179} INFO - Processing /opt/airflow/dags/0-firstdag.py took 0.475 seconds
[2023-09-25T07:48:07.061+0000] {processor.py:157} INFO - Started process (PID=386) to work on /opt/airflow/dags/0-firstdag.py
[2023-09-25T07:48:07.063+0000] {processor.py:829} INFO - Processing file /opt/airflow/dags/0-firstdag.py for tasks to queue
[2023-09-25T07:48:07.065+0000] {logging_mixin.py:151} INFO - [2023-09-25T07:48:07.064+0000] {dagbag.py:539} INFO - Filling up the DagBag from /opt/airflow/dags/0-firstdag.py
[2023-09-25T07:48:07.123+0000] {processor.py:839} INFO - DAG(s) dict_keys(['firstdag']) retrieved from /opt/airflow/dags/0-firstdag.py
[2023-09-25T07:48:07.159+0000] {logging_mixin.py:151} INFO - [2023-09-25T07:48:07.159+0000] {dag.py:2915} INFO - Sync 1 DAGs
[2023-09-25T07:48:07.190+0000] {logging_mixin.py:151} INFO - [2023-09-25T07:48:07.190+0000] {dag.py:3696} INFO - Setting next_dagrun for firstdag to 2023-09-14T00:00:00+00:00, run_after=2023-09-14T00:00:00+00:00
[2023-09-25T07:48:07.221+0000] {processor.py:179} INFO - Processing /opt/airflow/dags/0-firstdag.py took 0.166 seconds
[2023-09-25T07:48:37.720+0000] {processor.py:157} INFO - Started process (PID=408) to work on /opt/airflow/dags/0-firstdag.py
[2023-09-25T07:48:37.722+0000] {processor.py:829} INFO - Processing file /opt/airflow/dags/0-firstdag.py for tasks to queue
[2023-09-25T07:48:37.724+0000] {logging_mixin.py:151} INFO - [2023-09-25T07:48:37.724+0000] {dagbag.py:539} INFO - Filling up the DagBag from /opt/airflow/dags/0-firstdag.py
[2023-09-25T07:48:37.794+0000] {processor.py:839} INFO - DAG(s) dict_keys(['firstdag']) retrieved from /opt/airflow/dags/0-firstdag.py
[2023-09-25T07:48:37.826+0000] {logging_mixin.py:151} INFO - [2023-09-25T07:48:37.825+0000] {dag.py:2915} INFO - Sync 1 DAGs
[2023-09-25T07:48:37.859+0000] {logging_mixin.py:151} INFO - [2023-09-25T07:48:37.858+0000] {dag.py:3696} INFO - Setting next_dagrun for firstdag to 2023-09-14T00:00:00+00:00, run_after=2023-09-14T00:00:00+00:00
[2023-09-25T07:48:37.902+0000] {processor.py:179} INFO - Processing /opt/airflow/dags/0-firstdag.py took 0.187 seconds
[2023-09-25T07:49:08.338+0000] {processor.py:157} INFO - Started process (PID=430) to work on /opt/airflow/dags/0-firstdag.py
[2023-09-25T07:49:08.340+0000] {processor.py:829} INFO - Processing file /opt/airflow/dags/0-firstdag.py for tasks to queue
[2023-09-25T07:49:08.342+0000] {logging_mixin.py:151} INFO - [2023-09-25T07:49:08.341+0000] {dagbag.py:539} INFO - Filling up the DagBag from /opt/airflow/dags/0-firstdag.py
[2023-09-25T07:49:08.401+0000] {processor.py:839} INFO - DAG(s) dict_keys(['firstdag']) retrieved from /opt/airflow/dags/0-firstdag.py
[2023-09-25T07:49:08.422+0000] {logging_mixin.py:151} INFO - [2023-09-25T07:49:08.422+0000] {dag.py:2915} INFO - Sync 1 DAGs
[2023-09-25T07:49:08.445+0000] {logging_mixin.py:151} INFO - [2023-09-25T07:49:08.444+0000] {dag.py:3696} INFO - Setting next_dagrun for firstdag to 2023-09-14T00:00:00+00:00, run_after=2023-09-14T00:00:00+00:00
[2023-09-25T07:49:08.471+0000] {processor.py:179} INFO - Processing /opt/airflow/dags/0-firstdag.py took 0.138 seconds
[2023-09-25T07:49:38.890+0000] {processor.py:157} INFO - Started process (PID=452) to work on /opt/airflow/dags/0-firstdag.py
[2023-09-25T07:49:38.891+0000] {processor.py:829} INFO - Processing file /opt/airflow/dags/0-firstdag.py for tasks to queue
[2023-09-25T07:49:38.893+0000] {logging_mixin.py:151} INFO - [2023-09-25T07:49:38.892+0000] {dagbag.py:539} INFO - Filling up the DagBag from /opt/airflow/dags/0-firstdag.py
[2023-09-25T07:49:38.939+0000] {processor.py:839} INFO - DAG(s) dict_keys(['firstdag']) retrieved from /opt/airflow/dags/0-firstdag.py
[2023-09-25T07:49:38.964+0000] {logging_mixin.py:151} INFO - [2023-09-25T07:49:38.964+0000] {dag.py:2915} INFO - Sync 1 DAGs
[2023-09-25T07:49:38.990+0000] {logging_mixin.py:151} INFO - [2023-09-25T07:49:38.990+0000] {dag.py:3696} INFO - Setting next_dagrun for firstdag to 2023-09-14T00:00:00+00:00, run_after=2023-09-14T00:00:00+00:00
[2023-09-25T07:49:39.017+0000] {processor.py:179} INFO - Processing /opt/airflow/dags/0-firstdag.py took 0.131 seconds
[2023-09-25T07:50:09.791+0000] {processor.py:157} INFO - Started process (PID=474) to work on /opt/airflow/dags/0-firstdag.py
[2023-09-25T07:50:09.792+0000] {processor.py:829} INFO - Processing file /opt/airflow/dags/0-firstdag.py for tasks to queue
[2023-09-25T07:50:09.793+0000] {logging_mixin.py:151} INFO - [2023-09-25T07:50:09.793+0000] {dagbag.py:539} INFO - Filling up the DagBag from /opt/airflow/dags/0-firstdag.py
[2023-09-25T07:50:09.838+0000] {processor.py:839} INFO - DAG(s) dict_keys(['firstdag']) retrieved from /opt/airflow/dags/0-firstdag.py
[2023-09-25T07:50:09.863+0000] {logging_mixin.py:151} INFO - [2023-09-25T07:50:09.863+0000] {dag.py:2915} INFO - Sync 1 DAGs
[2023-09-25T07:50:09.888+0000] {logging_mixin.py:151} INFO - [2023-09-25T07:50:09.888+0000] {dag.py:3696} INFO - Setting next_dagrun for firstdag to 2023-09-14T00:00:00+00:00, run_after=2023-09-14T00:00:00+00:00
[2023-09-25T07:50:09.911+0000] {processor.py:179} INFO - Processing /opt/airflow/dags/0-firstdag.py took 0.125 seconds
[2023-09-25T07:50:40.843+0000] {processor.py:157} INFO - Started process (PID=497) to work on /opt/airflow/dags/0-firstdag.py
[2023-09-25T07:50:40.844+0000] {processor.py:829} INFO - Processing file /opt/airflow/dags/0-firstdag.py for tasks to queue
[2023-09-25T07:50:40.846+0000] {logging_mixin.py:151} INFO - [2023-09-25T07:50:40.846+0000] {dagbag.py:539} INFO - Filling up the DagBag from /opt/airflow/dags/0-firstdag.py
[2023-09-25T07:50:40.889+0000] {processor.py:839} INFO - DAG(s) dict_keys(['firstdag']) retrieved from /opt/airflow/dags/0-firstdag.py
[2023-09-25T07:50:40.911+0000] {logging_mixin.py:151} INFO - [2023-09-25T07:50:40.910+0000] {dag.py:2915} INFO - Sync 1 DAGs
[2023-09-25T07:50:40.934+0000] {logging_mixin.py:151} INFO - [2023-09-25T07:50:40.933+0000] {dag.py:3696} INFO - Setting next_dagrun for firstdag to 2023-09-14T00:00:00+00:00, run_after=2023-09-14T00:00:00+00:00
[2023-09-25T07:50:40.958+0000] {processor.py:179} INFO - Processing /opt/airflow/dags/0-firstdag.py took 0.122 seconds
[2023-09-25T07:51:11.677+0000] {processor.py:157} INFO - Started process (PID=519) to work on /opt/airflow/dags/0-firstdag.py
[2023-09-25T07:51:11.678+0000] {processor.py:829} INFO - Processing file /opt/airflow/dags/0-firstdag.py for tasks to queue
[2023-09-25T07:51:11.680+0000] {logging_mixin.py:151} INFO - [2023-09-25T07:51:11.680+0000] {dagbag.py:539} INFO - Filling up the DagBag from /opt/airflow/dags/0-firstdag.py
[2023-09-25T07:51:11.734+0000] {processor.py:839} INFO - DAG(s) dict_keys(['firstdag']) retrieved from /opt/airflow/dags/0-firstdag.py
[2023-09-25T07:51:11.769+0000] {logging_mixin.py:151} INFO - [2023-09-25T07:51:11.768+0000] {dag.py:2915} INFO - Sync 1 DAGs
[2023-09-25T07:51:11.795+0000] {logging_mixin.py:151} INFO - [2023-09-25T07:51:11.795+0000] {dag.py:3696} INFO - Setting next_dagrun for firstdag to 2023-09-14T00:00:00+00:00, run_after=2023-09-14T00:00:00+00:00
[2023-09-25T07:51:11.822+0000] {processor.py:179} INFO - Processing /opt/airflow/dags/0-firstdag.py took 0.152 seconds
[2023-09-25T07:51:42.191+0000] {processor.py:157} INFO - Started process (PID=542) to work on /opt/airflow/dags/0-firstdag.py
[2023-09-25T07:51:42.193+0000] {processor.py:829} INFO - Processing file /opt/airflow/dags/0-firstdag.py for tasks to queue
[2023-09-25T07:51:42.195+0000] {logging_mixin.py:151} INFO - [2023-09-25T07:51:42.194+0000] {dagbag.py:539} INFO - Filling up the DagBag from /opt/airflow/dags/0-firstdag.py
[2023-09-25T07:51:42.264+0000] {processor.py:839} INFO - DAG(s) dict_keys(['firstdag']) retrieved from /opt/airflow/dags/0-firstdag.py
[2023-09-25T07:51:42.286+0000] {logging_mixin.py:151} INFO - [2023-09-25T07:51:42.286+0000] {dag.py:2915} INFO - Sync 1 DAGs
[2023-09-25T07:51:42.308+0000] {logging_mixin.py:151} INFO - [2023-09-25T07:51:42.308+0000] {dag.py:3696} INFO - Setting next_dagrun for firstdag to 2023-09-14T00:00:00+00:00, run_after=2023-09-14T00:00:00+00:00
[2023-09-25T07:51:42.343+0000] {processor.py:179} INFO - Processing /opt/airflow/dags/0-firstdag.py took 0.156 seconds
[2023-09-25T07:52:12.652+0000] {processor.py:157} INFO - Started process (PID=564) to work on /opt/airflow/dags/0-firstdag.py
[2023-09-25T07:52:12.654+0000] {processor.py:829} INFO - Processing file /opt/airflow/dags/0-firstdag.py for tasks to queue
[2023-09-25T07:52:12.658+0000] {logging_mixin.py:151} INFO - [2023-09-25T07:52:12.657+0000] {dagbag.py:539} INFO - Filling up the DagBag from /opt/airflow/dags/0-firstdag.py
[2023-09-25T07:52:12.742+0000] {processor.py:839} INFO - DAG(s) dict_keys(['firstdag']) retrieved from /opt/airflow/dags/0-firstdag.py
[2023-09-25T07:52:12.771+0000] {logging_mixin.py:151} INFO - [2023-09-25T07:52:12.771+0000] {dag.py:2915} INFO - Sync 1 DAGs
[2023-09-25T07:52:12.801+0000] {logging_mixin.py:151} INFO - [2023-09-25T07:52:12.800+0000] {dag.py:3696} INFO - Setting next_dagrun for firstdag to 2023-09-14T00:00:00+00:00, run_after=2023-09-14T00:00:00+00:00
[2023-09-25T07:52:12.831+0000] {processor.py:179} INFO - Processing /opt/airflow/dags/0-firstdag.py took 0.194 seconds
[2023-09-25T11:14:32.040+0000] {processor.py:157} INFO - Started process (PID=49) to work on /opt/airflow/dags/0-firstdag.py
[2023-09-25T11:14:32.061+0000] {processor.py:829} INFO - Processing file /opt/airflow/dags/0-firstdag.py for tasks to queue
[2023-09-25T11:14:32.068+0000] {logging_mixin.py:151} INFO - [2023-09-25T11:14:32.064+0000] {dagbag.py:539} INFO - Filling up the DagBag from /opt/airflow/dags/0-firstdag.py
[2023-09-25T11:14:32.915+0000] {processor.py:839} INFO - DAG(s) dict_keys(['firstdag']) retrieved from /opt/airflow/dags/0-firstdag.py
[2023-09-25T11:14:33.066+0000] {logging_mixin.py:151} INFO - [2023-09-25T11:14:33.066+0000] {security.py:708} INFO - Not syncing DAG-level permissions for DAG 'DAG:firstdag' as access control is unset.
[2023-09-25T11:14:33.067+0000] {logging_mixin.py:151} INFO - [2023-09-25T11:14:33.067+0000] {dag.py:2915} INFO - Sync 1 DAGs
[2023-09-25T11:14:33.084+0000] {logging_mixin.py:151} INFO - [2023-09-25T11:14:33.084+0000] {dag.py:3696} INFO - Setting next_dagrun for firstdag to 2023-09-14T00:00:00+00:00, run_after=2023-09-14T00:00:00+00:00
[2023-09-25T11:14:33.113+0000] {processor.py:179} INFO - Processing /opt/airflow/dags/0-firstdag.py took 1.096 seconds
[2023-09-25T11:15:03.944+0000] {processor.py:157} INFO - Started process (PID=72) to work on /opt/airflow/dags/0-firstdag.py
[2023-09-25T11:15:03.945+0000] {processor.py:829} INFO - Processing file /opt/airflow/dags/0-firstdag.py for tasks to queue
[2023-09-25T11:15:03.946+0000] {logging_mixin.py:151} INFO - [2023-09-25T11:15:03.946+0000] {dagbag.py:539} INFO - Filling up the DagBag from /opt/airflow/dags/0-firstdag.py
[2023-09-25T11:15:03.987+0000] {processor.py:839} INFO - DAG(s) dict_keys(['firstdag']) retrieved from /opt/airflow/dags/0-firstdag.py
[2023-09-25T11:15:04.007+0000] {logging_mixin.py:151} INFO - [2023-09-25T11:15:04.007+0000] {dag.py:2915} INFO - Sync 1 DAGs
[2023-09-25T11:15:04.030+0000] {logging_mixin.py:151} INFO - [2023-09-25T11:15:04.030+0000] {dag.py:3696} INFO - Setting next_dagrun for firstdag to 2023-09-14T00:00:00+00:00, run_after=2023-09-14T00:00:00+00:00
[2023-09-25T11:15:04.062+0000] {processor.py:179} INFO - Processing /opt/airflow/dags/0-firstdag.py took 0.121 seconds
[2023-09-25T11:15:34.289+0000] {processor.py:157} INFO - Started process (PID=95) to work on /opt/airflow/dags/0-firstdag.py
[2023-09-25T11:15:34.290+0000] {processor.py:829} INFO - Processing file /opt/airflow/dags/0-firstdag.py for tasks to queue
[2023-09-25T11:15:34.292+0000] {logging_mixin.py:151} INFO - [2023-09-25T11:15:34.291+0000] {dagbag.py:539} INFO - Filling up the DagBag from /opt/airflow/dags/0-firstdag.py
[2023-09-25T11:15:34.330+0000] {processor.py:839} INFO - DAG(s) dict_keys(['firstdag']) retrieved from /opt/airflow/dags/0-firstdag.py
[2023-09-25T11:15:34.349+0000] {logging_mixin.py:151} INFO - [2023-09-25T11:15:34.349+0000] {dag.py:2915} INFO - Sync 1 DAGs
[2023-09-25T11:15:34.369+0000] {logging_mixin.py:151} INFO - [2023-09-25T11:15:34.369+0000] {dag.py:3696} INFO - Setting next_dagrun for firstdag to 2023-09-14T00:00:00+00:00, run_after=2023-09-14T00:00:00+00:00
[2023-09-25T11:15:34.399+0000] {processor.py:179} INFO - Processing /opt/airflow/dags/0-firstdag.py took 0.115 seconds
[2023-09-25T11:16:05.161+0000] {processor.py:157} INFO - Started process (PID=118) to work on /opt/airflow/dags/0-firstdag.py
[2023-09-25T11:16:05.162+0000] {processor.py:829} INFO - Processing file /opt/airflow/dags/0-firstdag.py for tasks to queue
[2023-09-25T11:16:05.164+0000] {logging_mixin.py:151} INFO - [2023-09-25T11:16:05.163+0000] {dagbag.py:539} INFO - Filling up the DagBag from /opt/airflow/dags/0-firstdag.py
[2023-09-25T11:16:05.205+0000] {processor.py:839} INFO - DAG(s) dict_keys(['firstdag']) retrieved from /opt/airflow/dags/0-firstdag.py
[2023-09-25T11:16:05.228+0000] {logging_mixin.py:151} INFO - [2023-09-25T11:16:05.228+0000] {dag.py:2915} INFO - Sync 1 DAGs
[2023-09-25T11:16:05.249+0000] {logging_mixin.py:151} INFO - [2023-09-25T11:16:05.249+0000] {dag.py:3696} INFO - Setting next_dagrun for firstdag to 2023-09-14T00:00:00+00:00, run_after=2023-09-14T00:00:00+00:00
[2023-09-25T11:16:05.276+0000] {processor.py:179} INFO - Processing /opt/airflow/dags/0-firstdag.py took 0.118 seconds
[2023-09-25T11:16:36.284+0000] {processor.py:157} INFO - Started process (PID=141) to work on /opt/airflow/dags/0-firstdag.py
[2023-09-25T11:16:36.285+0000] {processor.py:829} INFO - Processing file /opt/airflow/dags/0-firstdag.py for tasks to queue
[2023-09-25T11:16:36.287+0000] {logging_mixin.py:151} INFO - [2023-09-25T11:16:36.286+0000] {dagbag.py:539} INFO - Filling up the DagBag from /opt/airflow/dags/0-firstdag.py
[2023-09-25T11:16:36.326+0000] {processor.py:839} INFO - DAG(s) dict_keys(['firstdag']) retrieved from /opt/airflow/dags/0-firstdag.py
[2023-09-25T11:16:36.347+0000] {logging_mixin.py:151} INFO - [2023-09-25T11:16:36.347+0000] {dag.py:2915} INFO - Sync 1 DAGs
[2023-09-25T11:16:36.369+0000] {logging_mixin.py:151} INFO - [2023-09-25T11:16:36.368+0000] {dag.py:3696} INFO - Setting next_dagrun for firstdag to 2023-09-14T00:00:00+00:00, run_after=2023-09-14T00:00:00+00:00
[2023-09-25T11:16:36.392+0000] {processor.py:179} INFO - Processing /opt/airflow/dags/0-firstdag.py took 0.112 seconds
[2023-09-25T11:17:07.272+0000] {processor.py:157} INFO - Started process (PID=164) to work on /opt/airflow/dags/0-firstdag.py
[2023-09-25T11:17:07.274+0000] {processor.py:829} INFO - Processing file /opt/airflow/dags/0-firstdag.py for tasks to queue
[2023-09-25T11:17:07.275+0000] {logging_mixin.py:151} INFO - [2023-09-25T11:17:07.275+0000] {dagbag.py:539} INFO - Filling up the DagBag from /opt/airflow/dags/0-firstdag.py
[2023-09-25T11:17:07.319+0000] {processor.py:839} INFO - DAG(s) dict_keys(['firstdag']) retrieved from /opt/airflow/dags/0-firstdag.py
[2023-09-25T11:17:07.340+0000] {logging_mixin.py:151} INFO - [2023-09-25T11:17:07.340+0000] {dag.py:2915} INFO - Sync 1 DAGs
[2023-09-25T11:17:07.361+0000] {logging_mixin.py:151} INFO - [2023-09-25T11:17:07.361+0000] {dag.py:3696} INFO - Setting next_dagrun for firstdag to 2023-09-14T00:00:00+00:00, run_after=2023-09-14T00:00:00+00:00
[2023-09-25T11:17:07.381+0000] {processor.py:179} INFO - Processing /opt/airflow/dags/0-firstdag.py took 0.112 seconds
[2023-09-25T11:17:38.105+0000] {processor.py:157} INFO - Started process (PID=187) to work on /opt/airflow/dags/0-firstdag.py
[2023-09-25T11:17:38.106+0000] {processor.py:829} INFO - Processing file /opt/airflow/dags/0-firstdag.py for tasks to queue
[2023-09-25T11:17:38.108+0000] {logging_mixin.py:151} INFO - [2023-09-25T11:17:38.107+0000] {dagbag.py:539} INFO - Filling up the DagBag from /opt/airflow/dags/0-firstdag.py
[2023-09-25T11:17:38.149+0000] {processor.py:839} INFO - DAG(s) dict_keys(['firstdag']) retrieved from /opt/airflow/dags/0-firstdag.py
[2023-09-25T11:17:38.172+0000] {logging_mixin.py:151} INFO - [2023-09-25T11:17:38.172+0000] {dag.py:2915} INFO - Sync 1 DAGs
[2023-09-25T11:17:38.195+0000] {logging_mixin.py:151} INFO - [2023-09-25T11:17:38.195+0000] {dag.py:3696} INFO - Setting next_dagrun for firstdag to 2023-09-14T00:00:00+00:00, run_after=2023-09-14T00:00:00+00:00
[2023-09-25T11:17:38.222+0000] {processor.py:179} INFO - Processing /opt/airflow/dags/0-firstdag.py took 0.119 seconds
[2023-09-25T11:18:09.449+0000] {processor.py:157} INFO - Started process (PID=215) to work on /opt/airflow/dags/0-firstdag.py
[2023-09-25T11:18:09.450+0000] {processor.py:829} INFO - Processing file /opt/airflow/dags/0-firstdag.py for tasks to queue
[2023-09-25T11:18:09.455+0000] {logging_mixin.py:151} INFO - [2023-09-25T11:18:09.453+0000] {dagbag.py:539} INFO - Filling up the DagBag from /opt/airflow/dags/0-firstdag.py
[2023-09-25T11:18:09.581+0000] {processor.py:839} INFO - DAG(s) dict_keys(['firstdag']) retrieved from /opt/airflow/dags/0-firstdag.py
[2023-09-25T11:18:09.690+0000] {logging_mixin.py:151} INFO - [2023-09-25T11:18:09.688+0000] {dag.py:2915} INFO - Sync 1 DAGs
[2023-09-25T11:18:09.778+0000] {logging_mixin.py:151} INFO - [2023-09-25T11:18:09.777+0000] {dag.py:3696} INFO - Setting next_dagrun for firstdag to 2023-09-14T00:00:00+00:00, run_after=2023-09-14T00:00:00+00:00
[2023-09-25T11:18:09.867+0000] {processor.py:179} INFO - Processing /opt/airflow/dags/0-firstdag.py took 0.430 seconds
[2023-09-25T11:18:40.758+0000] {processor.py:157} INFO - Started process (PID=243) to work on /opt/airflow/dags/0-firstdag.py
[2023-09-25T11:18:40.759+0000] {processor.py:829} INFO - Processing file /opt/airflow/dags/0-firstdag.py for tasks to queue
[2023-09-25T11:18:40.761+0000] {logging_mixin.py:151} INFO - [2023-09-25T11:18:40.760+0000] {dagbag.py:539} INFO - Filling up the DagBag from /opt/airflow/dags/0-firstdag.py
[2023-09-25T11:18:40.801+0000] {processor.py:839} INFO - DAG(s) dict_keys(['firstdag']) retrieved from /opt/airflow/dags/0-firstdag.py
[2023-09-25T11:18:40.827+0000] {logging_mixin.py:151} INFO - [2023-09-25T11:18:40.827+0000] {dag.py:2915} INFO - Sync 1 DAGs
[2023-09-25T11:18:40.855+0000] {logging_mixin.py:151} INFO - [2023-09-25T11:18:40.855+0000] {dag.py:3696} INFO - Setting next_dagrun for firstdag to 2023-09-14T00:00:00+00:00, run_after=2023-09-14T00:00:00+00:00
[2023-09-25T11:18:40.878+0000] {processor.py:179} INFO - Processing /opt/airflow/dags/0-firstdag.py took 0.124 seconds
[2023-09-25T11:19:11.901+0000] {processor.py:157} INFO - Started process (PID=273) to work on /opt/airflow/dags/0-firstdag.py
[2023-09-25T11:19:11.903+0000] {processor.py:829} INFO - Processing file /opt/airflow/dags/0-firstdag.py for tasks to queue
[2023-09-25T11:19:11.904+0000] {logging_mixin.py:151} INFO - [2023-09-25T11:19:11.904+0000] {dagbag.py:539} INFO - Filling up the DagBag from /opt/airflow/dags/0-firstdag.py
[2023-09-25T11:19:11.956+0000] {processor.py:839} INFO - DAG(s) dict_keys(['firstdag']) retrieved from /opt/airflow/dags/0-firstdag.py
[2023-09-25T11:19:11.977+0000] {logging_mixin.py:151} INFO - [2023-09-25T11:19:11.977+0000] {dag.py:2915} INFO - Sync 1 DAGs
[2023-09-25T11:19:12.001+0000] {logging_mixin.py:151} INFO - [2023-09-25T11:19:12.000+0000] {dag.py:3696} INFO - Setting next_dagrun for firstdag to 2023-09-14T00:00:00+00:00, run_after=2023-09-14T00:00:00+00:00
[2023-09-25T11:19:12.031+0000] {processor.py:179} INFO - Processing /opt/airflow/dags/0-firstdag.py took 0.133 seconds
[2023-09-25T11:19:42.522+0000] {processor.py:157} INFO - Started process (PID=296) to work on /opt/airflow/dags/0-firstdag.py
[2023-09-25T11:19:42.523+0000] {processor.py:829} INFO - Processing file /opt/airflow/dags/0-firstdag.py for tasks to queue
[2023-09-25T11:19:42.524+0000] {logging_mixin.py:151} INFO - [2023-09-25T11:19:42.524+0000] {dagbag.py:539} INFO - Filling up the DagBag from /opt/airflow/dags/0-firstdag.py
[2023-09-25T11:19:42.564+0000] {processor.py:839} INFO - DAG(s) dict_keys(['firstdag']) retrieved from /opt/airflow/dags/0-firstdag.py
[2023-09-25T11:19:42.584+0000] {logging_mixin.py:151} INFO - [2023-09-25T11:19:42.584+0000] {dag.py:2915} INFO - Sync 1 DAGs
[2023-09-25T11:19:42.604+0000] {logging_mixin.py:151} INFO - [2023-09-25T11:19:42.604+0000] {dag.py:3696} INFO - Setting next_dagrun for firstdag to 2023-09-14T00:00:00+00:00, run_after=2023-09-14T00:00:00+00:00
[2023-09-25T11:19:42.628+0000] {processor.py:179} INFO - Processing /opt/airflow/dags/0-firstdag.py took 0.110 seconds
[2023-09-25T11:20:13.465+0000] {processor.py:157} INFO - Started process (PID=319) to work on /opt/airflow/dags/0-firstdag.py
[2023-09-25T11:20:13.466+0000] {processor.py:829} INFO - Processing file /opt/airflow/dags/0-firstdag.py for tasks to queue
[2023-09-25T11:20:13.467+0000] {logging_mixin.py:151} INFO - [2023-09-25T11:20:13.467+0000] {dagbag.py:539} INFO - Filling up the DagBag from /opt/airflow/dags/0-firstdag.py
[2023-09-25T11:20:13.513+0000] {processor.py:839} INFO - DAG(s) dict_keys(['firstdag']) retrieved from /opt/airflow/dags/0-firstdag.py
[2023-09-25T11:20:13.539+0000] {logging_mixin.py:151} INFO - [2023-09-25T11:20:13.539+0000] {dag.py:2915} INFO - Sync 1 DAGs
[2023-09-25T11:20:13.569+0000] {logging_mixin.py:151} INFO - [2023-09-25T11:20:13.569+0000] {dag.py:3696} INFO - Setting next_dagrun for firstdag to 2023-09-14T00:00:00+00:00, run_after=2023-09-14T00:00:00+00:00
[2023-09-25T11:20:13.595+0000] {processor.py:179} INFO - Processing /opt/airflow/dags/0-firstdag.py took 0.134 seconds
[2023-09-25T11:20:43.966+0000] {processor.py:157} INFO - Started process (PID=342) to work on /opt/airflow/dags/0-firstdag.py
[2023-09-25T11:20:43.968+0000] {processor.py:829} INFO - Processing file /opt/airflow/dags/0-firstdag.py for tasks to queue
[2023-09-25T11:20:43.970+0000] {logging_mixin.py:151} INFO - [2023-09-25T11:20:43.969+0000] {dagbag.py:539} INFO - Filling up the DagBag from /opt/airflow/dags/0-firstdag.py
[2023-09-25T11:20:44.019+0000] {processor.py:839} INFO - DAG(s) dict_keys(['firstdag']) retrieved from /opt/airflow/dags/0-firstdag.py
[2023-09-25T11:20:44.044+0000] {logging_mixin.py:151} INFO - [2023-09-25T11:20:44.044+0000] {dag.py:2915} INFO - Sync 1 DAGs
[2023-09-25T11:20:44.069+0000] {logging_mixin.py:151} INFO - [2023-09-25T11:20:44.069+0000] {dag.py:3696} INFO - Setting next_dagrun for firstdag to 2023-09-14T00:00:00+00:00, run_after=2023-09-14T00:00:00+00:00
[2023-09-25T11:20:44.094+0000] {processor.py:179} INFO - Processing /opt/airflow/dags/0-firstdag.py took 0.132 seconds
[2023-09-25T11:21:14.480+0000] {processor.py:157} INFO - Started process (PID=365) to work on /opt/airflow/dags/0-firstdag.py
[2023-09-25T11:21:14.482+0000] {processor.py:829} INFO - Processing file /opt/airflow/dags/0-firstdag.py for tasks to queue
[2023-09-25T11:21:14.484+0000] {logging_mixin.py:151} INFO - [2023-09-25T11:21:14.483+0000] {dagbag.py:539} INFO - Filling up the DagBag from /opt/airflow/dags/0-firstdag.py
[2023-09-25T11:21:14.534+0000] {processor.py:839} INFO - DAG(s) dict_keys(['firstdag']) retrieved from /opt/airflow/dags/0-firstdag.py
[2023-09-25T11:21:14.559+0000] {logging_mixin.py:151} INFO - [2023-09-25T11:21:14.558+0000] {dag.py:2915} INFO - Sync 1 DAGs
[2023-09-25T11:21:14.583+0000] {logging_mixin.py:151} INFO - [2023-09-25T11:21:14.583+0000] {dag.py:3696} INFO - Setting next_dagrun for firstdag to 2023-09-14T00:00:00+00:00, run_after=2023-09-14T00:00:00+00:00
[2023-09-25T11:21:14.616+0000] {processor.py:179} INFO - Processing /opt/airflow/dags/0-firstdag.py took 0.139 seconds
[2023-09-25T11:21:44.993+0000] {processor.py:157} INFO - Started process (PID=388) to work on /opt/airflow/dags/0-firstdag.py
[2023-09-25T11:21:44.994+0000] {processor.py:829} INFO - Processing file /opt/airflow/dags/0-firstdag.py for tasks to queue
[2023-09-25T11:21:44.997+0000] {logging_mixin.py:151} INFO - [2023-09-25T11:21:44.996+0000] {dagbag.py:539} INFO - Filling up the DagBag from /opt/airflow/dags/0-firstdag.py
[2023-09-25T11:21:45.043+0000] {processor.py:839} INFO - DAG(s) dict_keys(['firstdag']) retrieved from /opt/airflow/dags/0-firstdag.py
[2023-09-25T11:21:45.068+0000] {logging_mixin.py:151} INFO - [2023-09-25T11:21:45.068+0000] {dag.py:2915} INFO - Sync 1 DAGs
[2023-09-25T11:21:45.090+0000] {logging_mixin.py:151} INFO - [2023-09-25T11:21:45.090+0000] {dag.py:3696} INFO - Setting next_dagrun for firstdag to 2023-09-14T00:00:00+00:00, run_after=2023-09-14T00:00:00+00:00
[2023-09-25T11:21:45.115+0000] {processor.py:179} INFO - Processing /opt/airflow/dags/0-firstdag.py took 0.126 seconds
[2023-09-25T11:22:15.531+0000] {processor.py:157} INFO - Started process (PID=411) to work on /opt/airflow/dags/0-firstdag.py
[2023-09-25T11:22:15.532+0000] {processor.py:829} INFO - Processing file /opt/airflow/dags/0-firstdag.py for tasks to queue
[2023-09-25T11:22:15.533+0000] {logging_mixin.py:151} INFO - [2023-09-25T11:22:15.533+0000] {dagbag.py:539} INFO - Filling up the DagBag from /opt/airflow/dags/0-firstdag.py
[2023-09-25T11:22:15.578+0000] {processor.py:839} INFO - DAG(s) dict_keys(['firstdag']) retrieved from /opt/airflow/dags/0-firstdag.py
[2023-09-25T11:22:15.602+0000] {logging_mixin.py:151} INFO - [2023-09-25T11:22:15.601+0000] {dag.py:2915} INFO - Sync 1 DAGs
[2023-09-25T11:22:15.631+0000] {logging_mixin.py:151} INFO - [2023-09-25T11:22:15.631+0000] {dag.py:3696} INFO - Setting next_dagrun for firstdag to 2023-09-14T00:00:00+00:00, run_after=2023-09-14T00:00:00+00:00
[2023-09-25T11:22:15.662+0000] {processor.py:179} INFO - Processing /opt/airflow/dags/0-firstdag.py took 0.134 seconds
[2023-09-25T11:22:45.993+0000] {processor.py:157} INFO - Started process (PID=434) to work on /opt/airflow/dags/0-firstdag.py
[2023-09-25T11:22:45.995+0000] {processor.py:829} INFO - Processing file /opt/airflow/dags/0-firstdag.py for tasks to queue
[2023-09-25T11:22:45.997+0000] {logging_mixin.py:151} INFO - [2023-09-25T11:22:45.997+0000] {dagbag.py:539} INFO - Filling up the DagBag from /opt/airflow/dags/0-firstdag.py
[2023-09-25T11:22:46.047+0000] {processor.py:839} INFO - DAG(s) dict_keys(['firstdag']) retrieved from /opt/airflow/dags/0-firstdag.py
[2023-09-25T11:22:46.069+0000] {logging_mixin.py:151} INFO - [2023-09-25T11:22:46.069+0000] {dag.py:2915} INFO - Sync 1 DAGs
[2023-09-25T11:22:46.092+0000] {logging_mixin.py:151} INFO - [2023-09-25T11:22:46.091+0000] {dag.py:3696} INFO - Setting next_dagrun for firstdag to 2023-09-14T00:00:00+00:00, run_after=2023-09-14T00:00:00+00:00
[2023-09-25T11:22:46.121+0000] {processor.py:179} INFO - Processing /opt/airflow/dags/0-firstdag.py took 0.132 seconds
[2023-09-25T11:23:16.522+0000] {processor.py:157} INFO - Started process (PID=457) to work on /opt/airflow/dags/0-firstdag.py
[2023-09-25T11:23:16.524+0000] {processor.py:829} INFO - Processing file /opt/airflow/dags/0-firstdag.py for tasks to queue
[2023-09-25T11:23:16.526+0000] {logging_mixin.py:151} INFO - [2023-09-25T11:23:16.525+0000] {dagbag.py:539} INFO - Filling up the DagBag from /opt/airflow/dags/0-firstdag.py
[2023-09-25T11:23:16.605+0000] {processor.py:839} INFO - DAG(s) dict_keys(['firstdag']) retrieved from /opt/airflow/dags/0-firstdag.py
[2023-09-25T11:23:16.631+0000] {logging_mixin.py:151} INFO - [2023-09-25T11:23:16.631+0000] {dag.py:2915} INFO - Sync 1 DAGs
[2023-09-25T11:23:16.662+0000] {logging_mixin.py:151} INFO - [2023-09-25T11:23:16.662+0000] {dag.py:3696} INFO - Setting next_dagrun for firstdag to 2023-09-14T00:00:00+00:00, run_after=2023-09-14T00:00:00+00:00
[2023-09-25T11:23:16.688+0000] {processor.py:179} INFO - Processing /opt/airflow/dags/0-firstdag.py took 0.174 seconds
[2023-09-25T11:23:47.159+0000] {processor.py:157} INFO - Started process (PID=480) to work on /opt/airflow/dags/0-firstdag.py
[2023-09-25T11:23:47.160+0000] {processor.py:829} INFO - Processing file /opt/airflow/dags/0-firstdag.py for tasks to queue
[2023-09-25T11:23:47.161+0000] {logging_mixin.py:151} INFO - [2023-09-25T11:23:47.161+0000] {dagbag.py:539} INFO - Filling up the DagBag from /opt/airflow/dags/0-firstdag.py
[2023-09-25T11:23:47.204+0000] {processor.py:839} INFO - DAG(s) dict_keys(['firstdag']) retrieved from /opt/airflow/dags/0-firstdag.py
[2023-09-25T11:23:47.227+0000] {logging_mixin.py:151} INFO - [2023-09-25T11:23:47.227+0000] {dag.py:2915} INFO - Sync 1 DAGs
[2023-09-25T11:23:47.249+0000] {logging_mixin.py:151} INFO - [2023-09-25T11:23:47.249+0000] {dag.py:3696} INFO - Setting next_dagrun for firstdag to 2023-09-14T00:00:00+00:00, run_after=2023-09-14T00:00:00+00:00
[2023-09-25T11:23:47.276+0000] {processor.py:179} INFO - Processing /opt/airflow/dags/0-firstdag.py took 0.121 seconds
[2023-09-25T11:24:18.181+0000] {processor.py:157} INFO - Started process (PID=503) to work on /opt/airflow/dags/0-firstdag.py
[2023-09-25T11:24:18.182+0000] {processor.py:829} INFO - Processing file /opt/airflow/dags/0-firstdag.py for tasks to queue
[2023-09-25T11:24:18.184+0000] {logging_mixin.py:151} INFO - [2023-09-25T11:24:18.184+0000] {dagbag.py:539} INFO - Filling up the DagBag from /opt/airflow/dags/0-firstdag.py
[2023-09-25T11:24:18.224+0000] {processor.py:839} INFO - DAG(s) dict_keys(['firstdag']) retrieved from /opt/airflow/dags/0-firstdag.py
[2023-09-25T11:24:18.243+0000] {logging_mixin.py:151} INFO - [2023-09-25T11:24:18.243+0000] {dag.py:2915} INFO - Sync 1 DAGs
[2023-09-25T11:24:18.263+0000] {logging_mixin.py:151} INFO - [2023-09-25T11:24:18.263+0000] {dag.py:3696} INFO - Setting next_dagrun for firstdag to 2023-09-14T00:00:00+00:00, run_after=2023-09-14T00:00:00+00:00
[2023-09-25T11:24:18.289+0000] {processor.py:179} INFO - Processing /opt/airflow/dags/0-firstdag.py took 0.112 seconds
[2023-09-25T11:24:48.778+0000] {processor.py:157} INFO - Started process (PID=526) to work on /opt/airflow/dags/0-firstdag.py
[2023-09-25T11:24:48.779+0000] {processor.py:829} INFO - Processing file /opt/airflow/dags/0-firstdag.py for tasks to queue
[2023-09-25T11:24:48.780+0000] {logging_mixin.py:151} INFO - [2023-09-25T11:24:48.780+0000] {dagbag.py:539} INFO - Filling up the DagBag from /opt/airflow/dags/0-firstdag.py
[2023-09-25T11:24:48.819+0000] {processor.py:839} INFO - DAG(s) dict_keys(['firstdag']) retrieved from /opt/airflow/dags/0-firstdag.py
[2023-09-25T11:24:48.844+0000] {logging_mixin.py:151} INFO - [2023-09-25T11:24:48.844+0000] {dag.py:2915} INFO - Sync 1 DAGs
[2023-09-25T11:24:48.866+0000] {logging_mixin.py:151} INFO - [2023-09-25T11:24:48.866+0000] {dag.py:3696} INFO - Setting next_dagrun for firstdag to 2023-09-14T00:00:00+00:00, run_after=2023-09-14T00:00:00+00:00
[2023-09-25T11:24:48.887+0000] {processor.py:179} INFO - Processing /opt/airflow/dags/0-firstdag.py took 0.112 seconds
