[2023-09-25T07:34:33.152+0000] {processor.py:157} INFO - Started process (PID=51) to work on /opt/airflow/dags/1-bashoperator.py
[2023-09-25T07:34:33.153+0000] {processor.py:829} INFO - Processing file /opt/airflow/dags/1-bashoperator.py for tasks to queue
[2023-09-25T07:34:33.156+0000] {logging_mixin.py:151} INFO - [2023-09-25T07:34:33.155+0000] {dagbag.py:539} INFO - Filling up the DagBag from /opt/airflow/dags/1-bashoperator.py
[2023-09-25T07:34:33.204+0000] {processor.py:839} INFO - DAG(s) dict_keys(['bashoperator']) retrieved from /opt/airflow/dags/1-bashoperator.py
[2023-09-25T07:34:33.319+0000] {logging_mixin.py:151} INFO - [2023-09-25T07:34:33.318+0000] {dag.py:2915} INFO - Sync 1 DAGs
[2023-09-25T07:34:33.426+0000] {logging_mixin.py:151} INFO - [2023-09-25T07:34:33.426+0000] {dag.py:3696} INFO - Setting next_dagrun for bashoperator to 2023-09-18T00:00:00+00:00, run_after=2023-09-19T00:00:00+00:00
[2023-09-25T07:34:33.494+0000] {processor.py:179} INFO - Processing /opt/airflow/dags/1-bashoperator.py took 0.347 seconds
[2023-09-25T07:40:12.491+0000] {processor.py:157} INFO - Started process (PID=46) to work on /opt/airflow/dags/1-bashoperator.py
[2023-09-25T07:40:12.508+0000] {processor.py:829} INFO - Processing file /opt/airflow/dags/1-bashoperator.py for tasks to queue
[2023-09-25T07:40:12.513+0000] {logging_mixin.py:151} INFO - [2023-09-25T07:40:12.512+0000] {dagbag.py:539} INFO - Filling up the DagBag from /opt/airflow/dags/1-bashoperator.py
[2023-09-25T07:40:12.620+0000] {processor.py:839} INFO - DAG(s) dict_keys(['bashoperator']) retrieved from /opt/airflow/dags/1-bashoperator.py
[2023-09-25T07:40:13.798+0000] {logging_mixin.py:151} INFO - [2023-09-25T07:40:13.798+0000] {security.py:708} INFO - Not syncing DAG-level permissions for DAG 'DAG:bashoperator' as access control is unset.
[2023-09-25T07:40:13.801+0000] {logging_mixin.py:151} INFO - [2023-09-25T07:40:13.800+0000] {dag.py:2915} INFO - Sync 1 DAGs
[2023-09-25T07:40:13.869+0000] {logging_mixin.py:151} INFO - [2023-09-25T07:40:13.869+0000] {dag.py:3696} INFO - Setting next_dagrun for bashoperator to 2023-09-18T00:00:00+00:00, run_after=2023-09-19T00:00:00+00:00
[2023-09-25T07:40:13.944+0000] {processor.py:179} INFO - Processing /opt/airflow/dags/1-bashoperator.py took 1.461 seconds
[2023-09-25T07:40:44.305+0000] {processor.py:157} INFO - Started process (PID=68) to work on /opt/airflow/dags/1-bashoperator.py
[2023-09-25T07:40:44.314+0000] {processor.py:829} INFO - Processing file /opt/airflow/dags/1-bashoperator.py for tasks to queue
[2023-09-25T07:40:44.318+0000] {logging_mixin.py:151} INFO - [2023-09-25T07:40:44.317+0000] {dagbag.py:539} INFO - Filling up the DagBag from /opt/airflow/dags/1-bashoperator.py
[2023-09-25T07:40:44.388+0000] {processor.py:839} INFO - DAG(s) dict_keys(['bashoperator']) retrieved from /opt/airflow/dags/1-bashoperator.py
[2023-09-25T07:40:44.429+0000] {logging_mixin.py:151} INFO - [2023-09-25T07:40:44.429+0000] {dag.py:2915} INFO - Sync 1 DAGs
[2023-09-25T07:40:44.470+0000] {logging_mixin.py:151} INFO - [2023-09-25T07:40:44.469+0000] {dag.py:3696} INFO - Setting next_dagrun for bashoperator to 2023-09-18T00:00:00+00:00, run_after=2023-09-19T00:00:00+00:00
[2023-09-25T07:40:44.528+0000] {processor.py:179} INFO - Processing /opt/airflow/dags/1-bashoperator.py took 0.242 seconds
[2023-09-25T07:41:14.762+0000] {processor.py:157} INFO - Started process (PID=90) to work on /opt/airflow/dags/1-bashoperator.py
[2023-09-25T07:41:14.763+0000] {processor.py:829} INFO - Processing file /opt/airflow/dags/1-bashoperator.py for tasks to queue
[2023-09-25T07:41:14.766+0000] {logging_mixin.py:151} INFO - [2023-09-25T07:41:14.765+0000] {dagbag.py:539} INFO - Filling up the DagBag from /opt/airflow/dags/1-bashoperator.py
[2023-09-25T07:41:14.848+0000] {processor.py:839} INFO - DAG(s) dict_keys(['bashoperator']) retrieved from /opt/airflow/dags/1-bashoperator.py
[2023-09-25T07:41:14.888+0000] {logging_mixin.py:151} INFO - [2023-09-25T07:41:14.888+0000] {dag.py:2915} INFO - Sync 1 DAGs
[2023-09-25T07:41:14.949+0000] {logging_mixin.py:151} INFO - [2023-09-25T07:41:14.949+0000] {dag.py:3696} INFO - Setting next_dagrun for bashoperator to 2023-09-18T00:00:00+00:00, run_after=2023-09-19T00:00:00+00:00
[2023-09-25T07:41:14.998+0000] {processor.py:179} INFO - Processing /opt/airflow/dags/1-bashoperator.py took 0.244 seconds
[2023-09-25T07:41:45.296+0000] {processor.py:157} INFO - Started process (PID=112) to work on /opt/airflow/dags/1-bashoperator.py
[2023-09-25T07:41:45.298+0000] {processor.py:829} INFO - Processing file /opt/airflow/dags/1-bashoperator.py for tasks to queue
[2023-09-25T07:41:45.300+0000] {logging_mixin.py:151} INFO - [2023-09-25T07:41:45.300+0000] {dagbag.py:539} INFO - Filling up the DagBag from /opt/airflow/dags/1-bashoperator.py
[2023-09-25T07:41:45.352+0000] {processor.py:839} INFO - DAG(s) dict_keys(['bashoperator']) retrieved from /opt/airflow/dags/1-bashoperator.py
[2023-09-25T07:41:45.379+0000] {logging_mixin.py:151} INFO - [2023-09-25T07:41:45.378+0000] {dag.py:2915} INFO - Sync 1 DAGs
[2023-09-25T07:41:45.430+0000] {logging_mixin.py:151} INFO - [2023-09-25T07:41:45.430+0000] {dag.py:3696} INFO - Setting next_dagrun for bashoperator to 2023-09-18T00:00:00+00:00, run_after=2023-09-19T00:00:00+00:00
[2023-09-25T07:41:45.456+0000] {processor.py:179} INFO - Processing /opt/airflow/dags/1-bashoperator.py took 0.168 seconds
[2023-09-25T07:42:15.846+0000] {processor.py:157} INFO - Started process (PID=134) to work on /opt/airflow/dags/1-bashoperator.py
[2023-09-25T07:42:15.847+0000] {processor.py:829} INFO - Processing file /opt/airflow/dags/1-bashoperator.py for tasks to queue
[2023-09-25T07:42:15.849+0000] {logging_mixin.py:151} INFO - [2023-09-25T07:42:15.849+0000] {dagbag.py:539} INFO - Filling up the DagBag from /opt/airflow/dags/1-bashoperator.py
[2023-09-25T07:42:15.929+0000] {processor.py:839} INFO - DAG(s) dict_keys(['bashoperator']) retrieved from /opt/airflow/dags/1-bashoperator.py
[2023-09-25T07:42:15.958+0000] {logging_mixin.py:151} INFO - [2023-09-25T07:42:15.958+0000] {dag.py:2915} INFO - Sync 1 DAGs
[2023-09-25T07:42:15.982+0000] {logging_mixin.py:151} INFO - [2023-09-25T07:42:15.981+0000] {dag.py:3696} INFO - Setting next_dagrun for bashoperator to 2023-09-18T00:00:00+00:00, run_after=2023-09-19T00:00:00+00:00
[2023-09-25T07:42:16.010+0000] {processor.py:179} INFO - Processing /opt/airflow/dags/1-bashoperator.py took 0.168 seconds
[2023-09-25T07:42:46.234+0000] {processor.py:157} INFO - Started process (PID=164) to work on /opt/airflow/dags/1-bashoperator.py
[2023-09-25T07:42:46.235+0000] {processor.py:829} INFO - Processing file /opt/airflow/dags/1-bashoperator.py for tasks to queue
[2023-09-25T07:42:46.236+0000] {logging_mixin.py:151} INFO - [2023-09-25T07:42:46.236+0000] {dagbag.py:539} INFO - Filling up the DagBag from /opt/airflow/dags/1-bashoperator.py
[2023-09-25T07:42:46.281+0000] {processor.py:839} INFO - DAG(s) dict_keys(['bashoperator']) retrieved from /opt/airflow/dags/1-bashoperator.py
[2023-09-25T07:42:46.304+0000] {logging_mixin.py:151} INFO - [2023-09-25T07:42:46.304+0000] {dag.py:2915} INFO - Sync 1 DAGs
[2023-09-25T07:42:46.328+0000] {logging_mixin.py:151} INFO - [2023-09-25T07:42:46.328+0000] {dag.py:3696} INFO - Setting next_dagrun for bashoperator to 2023-09-18T00:00:00+00:00, run_after=2023-09-19T00:00:00+00:00
[2023-09-25T07:42:46.358+0000] {processor.py:179} INFO - Processing /opt/airflow/dags/1-bashoperator.py took 0.128 seconds
[2023-09-25T07:43:17.084+0000] {processor.py:157} INFO - Started process (PID=186) to work on /opt/airflow/dags/1-bashoperator.py
[2023-09-25T07:43:17.085+0000] {processor.py:829} INFO - Processing file /opt/airflow/dags/1-bashoperator.py for tasks to queue
[2023-09-25T07:43:17.087+0000] {logging_mixin.py:151} INFO - [2023-09-25T07:43:17.087+0000] {dagbag.py:539} INFO - Filling up the DagBag from /opt/airflow/dags/1-bashoperator.py
[2023-09-25T07:43:17.135+0000] {processor.py:839} INFO - DAG(s) dict_keys(['bashoperator']) retrieved from /opt/airflow/dags/1-bashoperator.py
[2023-09-25T07:43:17.160+0000] {logging_mixin.py:151} INFO - [2023-09-25T07:43:17.160+0000] {dag.py:2915} INFO - Sync 1 DAGs
[2023-09-25T07:43:17.188+0000] {logging_mixin.py:151} INFO - [2023-09-25T07:43:17.188+0000] {dag.py:3696} INFO - Setting next_dagrun for bashoperator to 2023-09-18T00:00:00+00:00, run_after=2023-09-19T00:00:00+00:00
[2023-09-25T07:43:17.216+0000] {processor.py:179} INFO - Processing /opt/airflow/dags/1-bashoperator.py took 0.137 seconds
[2023-09-25T07:43:47.513+0000] {processor.py:157} INFO - Started process (PID=208) to work on /opt/airflow/dags/1-bashoperator.py
[2023-09-25T07:43:47.514+0000] {processor.py:829} INFO - Processing file /opt/airflow/dags/1-bashoperator.py for tasks to queue
[2023-09-25T07:43:47.516+0000] {logging_mixin.py:151} INFO - [2023-09-25T07:43:47.516+0000] {dagbag.py:539} INFO - Filling up the DagBag from /opt/airflow/dags/1-bashoperator.py
[2023-09-25T07:43:47.574+0000] {processor.py:839} INFO - DAG(s) dict_keys(['bashoperator']) retrieved from /opt/airflow/dags/1-bashoperator.py
[2023-09-25T07:43:47.603+0000] {logging_mixin.py:151} INFO - [2023-09-25T07:43:47.603+0000] {dag.py:2915} INFO - Sync 1 DAGs
[2023-09-25T07:43:47.634+0000] {logging_mixin.py:151} INFO - [2023-09-25T07:43:47.634+0000] {dag.py:3696} INFO - Setting next_dagrun for bashoperator to 2023-09-18T00:00:00+00:00, run_after=2023-09-19T00:00:00+00:00
[2023-09-25T07:43:47.667+0000] {processor.py:179} INFO - Processing /opt/airflow/dags/1-bashoperator.py took 0.160 seconds
[2023-09-25T07:44:17.908+0000] {processor.py:157} INFO - Started process (PID=230) to work on /opt/airflow/dags/1-bashoperator.py
[2023-09-25T07:44:17.909+0000] {processor.py:829} INFO - Processing file /opt/airflow/dags/1-bashoperator.py for tasks to queue
[2023-09-25T07:44:17.911+0000] {logging_mixin.py:151} INFO - [2023-09-25T07:44:17.911+0000] {dagbag.py:539} INFO - Filling up the DagBag from /opt/airflow/dags/1-bashoperator.py
[2023-09-25T07:44:17.956+0000] {processor.py:839} INFO - DAG(s) dict_keys(['bashoperator']) retrieved from /opt/airflow/dags/1-bashoperator.py
[2023-09-25T07:44:17.981+0000] {logging_mixin.py:151} INFO - [2023-09-25T07:44:17.981+0000] {dag.py:2915} INFO - Sync 1 DAGs
[2023-09-25T07:44:18.007+0000] {logging_mixin.py:151} INFO - [2023-09-25T07:44:18.007+0000] {dag.py:3696} INFO - Setting next_dagrun for bashoperator to 2023-09-18T00:00:00+00:00, run_after=2023-09-19T00:00:00+00:00
[2023-09-25T07:44:18.032+0000] {processor.py:179} INFO - Processing /opt/airflow/dags/1-bashoperator.py took 0.128 seconds
[2023-09-25T07:44:57.249+0000] {processor.py:157} INFO - Started process (PID=252) to work on /opt/airflow/dags/1-bashoperator.py
[2023-09-25T07:44:57.288+0000] {processor.py:829} INFO - Processing file /opt/airflow/dags/1-bashoperator.py for tasks to queue
[2023-09-25T07:44:57.322+0000] {logging_mixin.py:151} INFO - [2023-09-25T07:44:57.318+0000] {dagbag.py:539} INFO - Filling up the DagBag from /opt/airflow/dags/1-bashoperator.py
[2023-09-25T07:44:58.116+0000] {processor.py:839} INFO - DAG(s) dict_keys(['bashoperator']) retrieved from /opt/airflow/dags/1-bashoperator.py
[2023-09-25T07:44:58.691+0000] {logging_mixin.py:151} INFO - [2023-09-25T07:44:58.688+0000] {dag.py:2915} INFO - Sync 1 DAGs
[2023-09-25T07:44:59.460+0000] {logging_mixin.py:151} INFO - [2023-09-25T07:44:59.455+0000] {dag.py:3696} INFO - Setting next_dagrun for bashoperator to 2023-09-18T00:00:00+00:00, run_after=2023-09-19T00:00:00+00:00
[2023-09-25T07:45:00.078+0000] {processor.py:179} INFO - Processing /opt/airflow/dags/1-bashoperator.py took 2.973 seconds
[2023-09-25T07:45:30.790+0000] {processor.py:157} INFO - Started process (PID=274) to work on /opt/airflow/dags/1-bashoperator.py
[2023-09-25T07:45:30.792+0000] {processor.py:829} INFO - Processing file /opt/airflow/dags/1-bashoperator.py for tasks to queue
[2023-09-25T07:45:30.795+0000] {logging_mixin.py:151} INFO - [2023-09-25T07:45:30.794+0000] {dagbag.py:539} INFO - Filling up the DagBag from /opt/airflow/dags/1-bashoperator.py
[2023-09-25T07:45:30.876+0000] {processor.py:839} INFO - DAG(s) dict_keys(['bashoperator']) retrieved from /opt/airflow/dags/1-bashoperator.py
[2023-09-25T07:45:30.932+0000] {logging_mixin.py:151} INFO - [2023-09-25T07:45:30.932+0000] {dag.py:2915} INFO - Sync 1 DAGs
[2023-09-25T07:45:30.990+0000] {logging_mixin.py:151} INFO - [2023-09-25T07:45:30.989+0000] {dag.py:3696} INFO - Setting next_dagrun for bashoperator to 2023-09-18T00:00:00+00:00, run_after=2023-09-19T00:00:00+00:00
[2023-09-25T07:45:31.048+0000] {processor.py:179} INFO - Processing /opt/airflow/dags/1-bashoperator.py took 0.268 seconds
[2023-09-25T07:46:01.280+0000] {processor.py:157} INFO - Started process (PID=296) to work on /opt/airflow/dags/1-bashoperator.py
[2023-09-25T07:46:01.282+0000] {processor.py:829} INFO - Processing file /opt/airflow/dags/1-bashoperator.py for tasks to queue
[2023-09-25T07:46:01.285+0000] {logging_mixin.py:151} INFO - [2023-09-25T07:46:01.285+0000] {dagbag.py:539} INFO - Filling up the DagBag from /opt/airflow/dags/1-bashoperator.py
[2023-09-25T07:46:01.343+0000] {processor.py:839} INFO - DAG(s) dict_keys(['bashoperator']) retrieved from /opt/airflow/dags/1-bashoperator.py
[2023-09-25T07:46:01.390+0000] {logging_mixin.py:151} INFO - [2023-09-25T07:46:01.389+0000] {dag.py:2915} INFO - Sync 1 DAGs
[2023-09-25T07:46:01.440+0000] {logging_mixin.py:151} INFO - [2023-09-25T07:46:01.440+0000] {dag.py:3696} INFO - Setting next_dagrun for bashoperator to 2023-09-18T00:00:00+00:00, run_after=2023-09-19T00:00:00+00:00
[2023-09-25T07:46:01.491+0000] {processor.py:179} INFO - Processing /opt/airflow/dags/1-bashoperator.py took 0.219 seconds
[2023-09-25T07:46:32.479+0000] {processor.py:157} INFO - Started process (PID=318) to work on /opt/airflow/dags/1-bashoperator.py
[2023-09-25T07:46:32.480+0000] {processor.py:829} INFO - Processing file /opt/airflow/dags/1-bashoperator.py for tasks to queue
[2023-09-25T07:46:32.481+0000] {logging_mixin.py:151} INFO - [2023-09-25T07:46:32.481+0000] {dagbag.py:539} INFO - Filling up the DagBag from /opt/airflow/dags/1-bashoperator.py
[2023-09-25T07:46:32.520+0000] {processor.py:839} INFO - DAG(s) dict_keys(['bashoperator']) retrieved from /opt/airflow/dags/1-bashoperator.py
[2023-09-25T07:46:32.543+0000] {logging_mixin.py:151} INFO - [2023-09-25T07:46:32.543+0000] {dag.py:2915} INFO - Sync 1 DAGs
[2023-09-25T07:46:32.567+0000] {logging_mixin.py:151} INFO - [2023-09-25T07:46:32.567+0000] {dag.py:3696} INFO - Setting next_dagrun for bashoperator to 2023-09-18T00:00:00+00:00, run_after=2023-09-19T00:00:00+00:00
[2023-09-25T07:46:32.619+0000] {processor.py:179} INFO - Processing /opt/airflow/dags/1-bashoperator.py took 0.144 seconds
[2023-09-25T07:47:03.101+0000] {processor.py:157} INFO - Started process (PID=340) to work on /opt/airflow/dags/1-bashoperator.py
[2023-09-25T07:47:03.102+0000] {processor.py:829} INFO - Processing file /opt/airflow/dags/1-bashoperator.py for tasks to queue
[2023-09-25T07:47:03.104+0000] {logging_mixin.py:151} INFO - [2023-09-25T07:47:03.103+0000] {dagbag.py:539} INFO - Filling up the DagBag from /opt/airflow/dags/1-bashoperator.py
[2023-09-25T07:47:03.157+0000] {processor.py:839} INFO - DAG(s) dict_keys(['bashoperator']) retrieved from /opt/airflow/dags/1-bashoperator.py
[2023-09-25T07:47:03.183+0000] {logging_mixin.py:151} INFO - [2023-09-25T07:47:03.183+0000] {dag.py:2915} INFO - Sync 1 DAGs
[2023-09-25T07:47:03.216+0000] {logging_mixin.py:151} INFO - [2023-09-25T07:47:03.216+0000] {dag.py:3696} INFO - Setting next_dagrun for bashoperator to 2023-09-18T00:00:00+00:00, run_after=2023-09-19T00:00:00+00:00
[2023-09-25T07:47:03.278+0000] {processor.py:179} INFO - Processing /opt/airflow/dags/1-bashoperator.py took 0.181 seconds
[2023-09-25T07:47:33.868+0000] {processor.py:157} INFO - Started process (PID=362) to work on /opt/airflow/dags/1-bashoperator.py
[2023-09-25T07:47:33.869+0000] {processor.py:829} INFO - Processing file /opt/airflow/dags/1-bashoperator.py for tasks to queue
[2023-09-25T07:47:33.872+0000] {logging_mixin.py:151} INFO - [2023-09-25T07:47:33.871+0000] {dagbag.py:539} INFO - Filling up the DagBag from /opt/airflow/dags/1-bashoperator.py
[2023-09-25T07:47:33.951+0000] {processor.py:839} INFO - DAG(s) dict_keys(['bashoperator']) retrieved from /opt/airflow/dags/1-bashoperator.py
[2023-09-25T07:47:34.001+0000] {logging_mixin.py:151} INFO - [2023-09-25T07:47:34.000+0000] {dag.py:2915} INFO - Sync 1 DAGs
[2023-09-25T07:47:34.051+0000] {logging_mixin.py:151} INFO - [2023-09-25T07:47:34.050+0000] {dag.py:3696} INFO - Setting next_dagrun for bashoperator to 2023-09-18T00:00:00+00:00, run_after=2023-09-19T00:00:00+00:00
[2023-09-25T07:47:34.118+0000] {processor.py:179} INFO - Processing /opt/airflow/dags/1-bashoperator.py took 0.257 seconds
[2023-09-25T07:48:04.866+0000] {processor.py:157} INFO - Started process (PID=384) to work on /opt/airflow/dags/1-bashoperator.py
[2023-09-25T07:48:04.868+0000] {processor.py:829} INFO - Processing file /opt/airflow/dags/1-bashoperator.py for tasks to queue
[2023-09-25T07:48:04.871+0000] {logging_mixin.py:151} INFO - [2023-09-25T07:48:04.870+0000] {dagbag.py:539} INFO - Filling up the DagBag from /opt/airflow/dags/1-bashoperator.py
[2023-09-25T07:48:04.915+0000] {processor.py:839} INFO - DAG(s) dict_keys(['bashoperator']) retrieved from /opt/airflow/dags/1-bashoperator.py
[2023-09-25T07:48:04.942+0000] {logging_mixin.py:151} INFO - [2023-09-25T07:48:04.942+0000] {dag.py:2915} INFO - Sync 1 DAGs
[2023-09-25T07:48:04.970+0000] {logging_mixin.py:151} INFO - [2023-09-25T07:48:04.970+0000] {dag.py:3696} INFO - Setting next_dagrun for bashoperator to 2023-09-18T00:00:00+00:00, run_after=2023-09-19T00:00:00+00:00
[2023-09-25T07:48:05.019+0000] {processor.py:179} INFO - Processing /opt/airflow/dags/1-bashoperator.py took 0.158 seconds
[2023-09-25T07:48:36.010+0000] {processor.py:157} INFO - Started process (PID=406) to work on /opt/airflow/dags/1-bashoperator.py
[2023-09-25T07:48:36.012+0000] {processor.py:829} INFO - Processing file /opt/airflow/dags/1-bashoperator.py for tasks to queue
[2023-09-25T07:48:36.016+0000] {logging_mixin.py:151} INFO - [2023-09-25T07:48:36.015+0000] {dagbag.py:539} INFO - Filling up the DagBag from /opt/airflow/dags/1-bashoperator.py
[2023-09-25T07:48:36.090+0000] {processor.py:839} INFO - DAG(s) dict_keys(['bashoperator']) retrieved from /opt/airflow/dags/1-bashoperator.py
[2023-09-25T07:48:36.120+0000] {logging_mixin.py:151} INFO - [2023-09-25T07:48:36.119+0000] {dag.py:2915} INFO - Sync 1 DAGs
[2023-09-25T07:48:36.159+0000] {logging_mixin.py:151} INFO - [2023-09-25T07:48:36.159+0000] {dag.py:3696} INFO - Setting next_dagrun for bashoperator to 2023-09-18T00:00:00+00:00, run_after=2023-09-19T00:00:00+00:00
[2023-09-25T07:48:36.184+0000] {processor.py:179} INFO - Processing /opt/airflow/dags/1-bashoperator.py took 0.181 seconds
[2023-09-25T07:49:07.069+0000] {processor.py:157} INFO - Started process (PID=428) to work on /opt/airflow/dags/1-bashoperator.py
[2023-09-25T07:49:07.070+0000] {processor.py:829} INFO - Processing file /opt/airflow/dags/1-bashoperator.py for tasks to queue
[2023-09-25T07:49:07.072+0000] {logging_mixin.py:151} INFO - [2023-09-25T07:49:07.072+0000] {dagbag.py:539} INFO - Filling up the DagBag from /opt/airflow/dags/1-bashoperator.py
[2023-09-25T07:49:07.125+0000] {processor.py:839} INFO - DAG(s) dict_keys(['bashoperator']) retrieved from /opt/airflow/dags/1-bashoperator.py
[2023-09-25T07:49:07.157+0000] {logging_mixin.py:151} INFO - [2023-09-25T07:49:07.157+0000] {dag.py:2915} INFO - Sync 1 DAGs
[2023-09-25T07:49:07.190+0000] {logging_mixin.py:151} INFO - [2023-09-25T07:49:07.190+0000] {dag.py:3696} INFO - Setting next_dagrun for bashoperator to 2023-09-18T00:00:00+00:00, run_after=2023-09-19T00:00:00+00:00
[2023-09-25T07:49:07.239+0000] {processor.py:179} INFO - Processing /opt/airflow/dags/1-bashoperator.py took 0.175 seconds
[2023-09-25T07:49:37.478+0000] {processor.py:157} INFO - Started process (PID=450) to work on /opt/airflow/dags/1-bashoperator.py
[2023-09-25T07:49:37.481+0000] {processor.py:829} INFO - Processing file /opt/airflow/dags/1-bashoperator.py for tasks to queue
[2023-09-25T07:49:37.484+0000] {logging_mixin.py:151} INFO - [2023-09-25T07:49:37.483+0000] {dagbag.py:539} INFO - Filling up the DagBag from /opt/airflow/dags/1-bashoperator.py
[2023-09-25T07:49:37.566+0000] {processor.py:839} INFO - DAG(s) dict_keys(['bashoperator']) retrieved from /opt/airflow/dags/1-bashoperator.py
[2023-09-25T07:49:37.611+0000] {logging_mixin.py:151} INFO - [2023-09-25T07:49:37.610+0000] {dag.py:2915} INFO - Sync 1 DAGs
[2023-09-25T07:49:37.640+0000] {logging_mixin.py:151} INFO - [2023-09-25T07:49:37.640+0000] {dag.py:3696} INFO - Setting next_dagrun for bashoperator to 2023-09-18T00:00:00+00:00, run_after=2023-09-19T00:00:00+00:00
[2023-09-25T07:49:37.678+0000] {processor.py:179} INFO - Processing /opt/airflow/dags/1-bashoperator.py took 0.208 seconds
[2023-09-25T07:50:08.583+0000] {processor.py:157} INFO - Started process (PID=472) to work on /opt/airflow/dags/1-bashoperator.py
[2023-09-25T07:50:08.584+0000] {processor.py:829} INFO - Processing file /opt/airflow/dags/1-bashoperator.py for tasks to queue
[2023-09-25T07:50:08.586+0000] {logging_mixin.py:151} INFO - [2023-09-25T07:50:08.585+0000] {dagbag.py:539} INFO - Filling up the DagBag from /opt/airflow/dags/1-bashoperator.py
[2023-09-25T07:50:08.646+0000] {processor.py:839} INFO - DAG(s) dict_keys(['bashoperator']) retrieved from /opt/airflow/dags/1-bashoperator.py
[2023-09-25T07:50:08.676+0000] {logging_mixin.py:151} INFO - [2023-09-25T07:50:08.676+0000] {dag.py:2915} INFO - Sync 1 DAGs
[2023-09-25T07:50:08.702+0000] {logging_mixin.py:151} INFO - [2023-09-25T07:50:08.701+0000] {dag.py:3696} INFO - Setting next_dagrun for bashoperator to 2023-09-18T00:00:00+00:00, run_after=2023-09-19T00:00:00+00:00
[2023-09-25T07:50:08.743+0000] {processor.py:179} INFO - Processing /opt/airflow/dags/1-bashoperator.py took 0.164 seconds
[2023-09-25T07:50:39.572+0000] {processor.py:157} INFO - Started process (PID=495) to work on /opt/airflow/dags/1-bashoperator.py
[2023-09-25T07:50:39.573+0000] {processor.py:829} INFO - Processing file /opt/airflow/dags/1-bashoperator.py for tasks to queue
[2023-09-25T07:50:39.575+0000] {logging_mixin.py:151} INFO - [2023-09-25T07:50:39.574+0000] {dagbag.py:539} INFO - Filling up the DagBag from /opt/airflow/dags/1-bashoperator.py
[2023-09-25T07:50:39.641+0000] {processor.py:839} INFO - DAG(s) dict_keys(['bashoperator']) retrieved from /opt/airflow/dags/1-bashoperator.py
[2023-09-25T07:50:39.676+0000] {logging_mixin.py:151} INFO - [2023-09-25T07:50:39.675+0000] {dag.py:2915} INFO - Sync 1 DAGs
[2023-09-25T07:50:39.706+0000] {logging_mixin.py:151} INFO - [2023-09-25T07:50:39.706+0000] {dag.py:3696} INFO - Setting next_dagrun for bashoperator to 2023-09-18T00:00:00+00:00, run_after=2023-09-19T00:00:00+00:00
[2023-09-25T07:50:39.734+0000] {processor.py:179} INFO - Processing /opt/airflow/dags/1-bashoperator.py took 0.166 seconds
[2023-09-25T07:51:10.435+0000] {processor.py:157} INFO - Started process (PID=517) to work on /opt/airflow/dags/1-bashoperator.py
[2023-09-25T07:51:10.436+0000] {processor.py:829} INFO - Processing file /opt/airflow/dags/1-bashoperator.py for tasks to queue
[2023-09-25T07:51:10.439+0000] {logging_mixin.py:151} INFO - [2023-09-25T07:51:10.438+0000] {dagbag.py:539} INFO - Filling up the DagBag from /opt/airflow/dags/1-bashoperator.py
[2023-09-25T07:51:10.512+0000] {processor.py:839} INFO - DAG(s) dict_keys(['bashoperator']) retrieved from /opt/airflow/dags/1-bashoperator.py
[2023-09-25T07:51:10.559+0000] {logging_mixin.py:151} INFO - [2023-09-25T07:51:10.558+0000] {dag.py:2915} INFO - Sync 1 DAGs
[2023-09-25T07:51:10.589+0000] {logging_mixin.py:151} INFO - [2023-09-25T07:51:10.589+0000] {dag.py:3696} INFO - Setting next_dagrun for bashoperator to 2023-09-18T00:00:00+00:00, run_after=2023-09-19T00:00:00+00:00
[2023-09-25T07:51:10.639+0000] {processor.py:179} INFO - Processing /opt/airflow/dags/1-bashoperator.py took 0.211 seconds
[2023-09-25T07:51:40.961+0000] {processor.py:157} INFO - Started process (PID=540) to work on /opt/airflow/dags/1-bashoperator.py
[2023-09-25T07:51:40.963+0000] {processor.py:829} INFO - Processing file /opt/airflow/dags/1-bashoperator.py for tasks to queue
[2023-09-25T07:51:40.965+0000] {logging_mixin.py:151} INFO - [2023-09-25T07:51:40.965+0000] {dagbag.py:539} INFO - Filling up the DagBag from /opt/airflow/dags/1-bashoperator.py
[2023-09-25T07:51:41.024+0000] {processor.py:839} INFO - DAG(s) dict_keys(['bashoperator']) retrieved from /opt/airflow/dags/1-bashoperator.py
[2023-09-25T07:51:41.054+0000] {logging_mixin.py:151} INFO - [2023-09-25T07:51:41.054+0000] {dag.py:2915} INFO - Sync 1 DAGs
[2023-09-25T07:51:41.089+0000] {logging_mixin.py:151} INFO - [2023-09-25T07:51:41.089+0000] {dag.py:3696} INFO - Setting next_dagrun for bashoperator to 2023-09-18T00:00:00+00:00, run_after=2023-09-19T00:00:00+00:00
[2023-09-25T07:51:41.130+0000] {processor.py:179} INFO - Processing /opt/airflow/dags/1-bashoperator.py took 0.174 seconds
[2023-09-25T07:52:11.270+0000] {processor.py:157} INFO - Started process (PID=562) to work on /opt/airflow/dags/1-bashoperator.py
[2023-09-25T07:52:11.271+0000] {processor.py:829} INFO - Processing file /opt/airflow/dags/1-bashoperator.py for tasks to queue
[2023-09-25T07:52:11.273+0000] {logging_mixin.py:151} INFO - [2023-09-25T07:52:11.273+0000] {dagbag.py:539} INFO - Filling up the DagBag from /opt/airflow/dags/1-bashoperator.py
[2023-09-25T07:52:11.322+0000] {processor.py:839} INFO - DAG(s) dict_keys(['bashoperator']) retrieved from /opt/airflow/dags/1-bashoperator.py
[2023-09-25T07:52:11.351+0000] {logging_mixin.py:151} INFO - [2023-09-25T07:52:11.351+0000] {dag.py:2915} INFO - Sync 1 DAGs
[2023-09-25T07:52:11.375+0000] {logging_mixin.py:151} INFO - [2023-09-25T07:52:11.375+0000] {dag.py:3696} INFO - Setting next_dagrun for bashoperator to 2023-09-18T00:00:00+00:00, run_after=2023-09-19T00:00:00+00:00
[2023-09-25T07:52:11.421+0000] {processor.py:179} INFO - Processing /opt/airflow/dags/1-bashoperator.py took 0.157 seconds
[2023-09-25T11:14:28.189+0000] {processor.py:157} INFO - Started process (PID=47) to work on /opt/airflow/dags/1-bashoperator.py
[2023-09-25T11:14:28.200+0000] {processor.py:829} INFO - Processing file /opt/airflow/dags/1-bashoperator.py for tasks to queue
[2023-09-25T11:14:28.204+0000] {logging_mixin.py:151} INFO - [2023-09-25T11:14:28.203+0000] {dagbag.py:539} INFO - Filling up the DagBag from /opt/airflow/dags/1-bashoperator.py
[2023-09-25T11:14:28.300+0000] {processor.py:839} INFO - DAG(s) dict_keys(['bashoperator']) retrieved from /opt/airflow/dags/1-bashoperator.py
[2023-09-25T11:14:31.766+0000] {logging_mixin.py:151} INFO - [2023-09-25T11:14:31.766+0000] {security.py:708} INFO - Not syncing DAG-level permissions for DAG 'DAG:bashoperator' as access control is unset.
[2023-09-25T11:14:31.767+0000] {logging_mixin.py:151} INFO - [2023-09-25T11:14:31.767+0000] {dag.py:2915} INFO - Sync 1 DAGs
[2023-09-25T11:14:31.821+0000] {logging_mixin.py:151} INFO - [2023-09-25T11:14:31.820+0000] {dag.py:3696} INFO - Setting next_dagrun for bashoperator to 2023-09-18T00:00:00+00:00, run_after=2023-09-19T00:00:00+00:00
[2023-09-25T11:14:31.871+0000] {processor.py:179} INFO - Processing /opt/airflow/dags/1-bashoperator.py took 3.698 seconds
[2023-09-25T11:15:02.640+0000] {processor.py:157} INFO - Started process (PID=70) to work on /opt/airflow/dags/1-bashoperator.py
[2023-09-25T11:15:02.641+0000] {processor.py:829} INFO - Processing file /opt/airflow/dags/1-bashoperator.py for tasks to queue
[2023-09-25T11:15:02.643+0000] {logging_mixin.py:151} INFO - [2023-09-25T11:15:02.642+0000] {dagbag.py:539} INFO - Filling up the DagBag from /opt/airflow/dags/1-bashoperator.py
[2023-09-25T11:15:02.688+0000] {processor.py:839} INFO - DAG(s) dict_keys(['bashoperator']) retrieved from /opt/airflow/dags/1-bashoperator.py
[2023-09-25T11:15:02.707+0000] {logging_mixin.py:151} INFO - [2023-09-25T11:15:02.707+0000] {dag.py:2915} INFO - Sync 1 DAGs
[2023-09-25T11:15:02.726+0000] {logging_mixin.py:151} INFO - [2023-09-25T11:15:02.726+0000] {dag.py:3696} INFO - Setting next_dagrun for bashoperator to 2023-09-18T00:00:00+00:00, run_after=2023-09-19T00:00:00+00:00
[2023-09-25T11:15:02.752+0000] {processor.py:179} INFO - Processing /opt/airflow/dags/1-bashoperator.py took 0.116 seconds
[2023-09-25T11:15:32.983+0000] {processor.py:157} INFO - Started process (PID=93) to work on /opt/airflow/dags/1-bashoperator.py
[2023-09-25T11:15:32.984+0000] {processor.py:829} INFO - Processing file /opt/airflow/dags/1-bashoperator.py for tasks to queue
[2023-09-25T11:15:32.986+0000] {logging_mixin.py:151} INFO - [2023-09-25T11:15:32.985+0000] {dagbag.py:539} INFO - Filling up the DagBag from /opt/airflow/dags/1-bashoperator.py
[2023-09-25T11:15:33.035+0000] {processor.py:839} INFO - DAG(s) dict_keys(['bashoperator']) retrieved from /opt/airflow/dags/1-bashoperator.py
[2023-09-25T11:15:33.057+0000] {logging_mixin.py:151} INFO - [2023-09-25T11:15:33.057+0000] {dag.py:2915} INFO - Sync 1 DAGs
[2023-09-25T11:15:33.083+0000] {logging_mixin.py:151} INFO - [2023-09-25T11:15:33.083+0000] {dag.py:3696} INFO - Setting next_dagrun for bashoperator to 2023-09-18T00:00:00+00:00, run_after=2023-09-19T00:00:00+00:00
[2023-09-25T11:15:33.111+0000] {processor.py:179} INFO - Processing /opt/airflow/dags/1-bashoperator.py took 0.133 seconds
[2023-09-25T11:16:04.009+0000] {processor.py:157} INFO - Started process (PID=116) to work on /opt/airflow/dags/1-bashoperator.py
[2023-09-25T11:16:04.010+0000] {processor.py:829} INFO - Processing file /opt/airflow/dags/1-bashoperator.py for tasks to queue
[2023-09-25T11:16:04.012+0000] {logging_mixin.py:151} INFO - [2023-09-25T11:16:04.011+0000] {dagbag.py:539} INFO - Filling up the DagBag from /opt/airflow/dags/1-bashoperator.py
[2023-09-25T11:16:04.058+0000] {processor.py:839} INFO - DAG(s) dict_keys(['bashoperator']) retrieved from /opt/airflow/dags/1-bashoperator.py
[2023-09-25T11:16:04.083+0000] {logging_mixin.py:151} INFO - [2023-09-25T11:16:04.083+0000] {dag.py:2915} INFO - Sync 1 DAGs
[2023-09-25T11:16:04.106+0000] {logging_mixin.py:151} INFO - [2023-09-25T11:16:04.105+0000] {dag.py:3696} INFO - Setting next_dagrun for bashoperator to 2023-09-18T00:00:00+00:00, run_after=2023-09-19T00:00:00+00:00
[2023-09-25T11:16:04.134+0000] {processor.py:179} INFO - Processing /opt/airflow/dags/1-bashoperator.py took 0.129 seconds
[2023-09-25T11:16:34.977+0000] {processor.py:157} INFO - Started process (PID=139) to work on /opt/airflow/dags/1-bashoperator.py
[2023-09-25T11:16:34.978+0000] {processor.py:829} INFO - Processing file /opt/airflow/dags/1-bashoperator.py for tasks to queue
[2023-09-25T11:16:34.980+0000] {logging_mixin.py:151} INFO - [2023-09-25T11:16:34.979+0000] {dagbag.py:539} INFO - Filling up the DagBag from /opt/airflow/dags/1-bashoperator.py
[2023-09-25T11:16:35.023+0000] {processor.py:839} INFO - DAG(s) dict_keys(['bashoperator']) retrieved from /opt/airflow/dags/1-bashoperator.py
[2023-09-25T11:16:35.050+0000] {logging_mixin.py:151} INFO - [2023-09-25T11:16:35.049+0000] {dag.py:2915} INFO - Sync 1 DAGs
[2023-09-25T11:16:35.167+0000] {logging_mixin.py:151} INFO - [2023-09-25T11:16:35.167+0000] {dag.py:3696} INFO - Setting next_dagrun for bashoperator to 2023-09-18T00:00:00+00:00, run_after=2023-09-19T00:00:00+00:00
[2023-09-25T11:16:35.194+0000] {processor.py:179} INFO - Processing /opt/airflow/dags/1-bashoperator.py took 0.222 seconds
[2023-09-25T11:17:06.082+0000] {processor.py:157} INFO - Started process (PID=162) to work on /opt/airflow/dags/1-bashoperator.py
[2023-09-25T11:17:06.083+0000] {processor.py:829} INFO - Processing file /opt/airflow/dags/1-bashoperator.py for tasks to queue
[2023-09-25T11:17:06.084+0000] {logging_mixin.py:151} INFO - [2023-09-25T11:17:06.084+0000] {dagbag.py:539} INFO - Filling up the DagBag from /opt/airflow/dags/1-bashoperator.py
[2023-09-25T11:17:06.131+0000] {processor.py:839} INFO - DAG(s) dict_keys(['bashoperator']) retrieved from /opt/airflow/dags/1-bashoperator.py
[2023-09-25T11:17:06.158+0000] {logging_mixin.py:151} INFO - [2023-09-25T11:17:06.158+0000] {dag.py:2915} INFO - Sync 1 DAGs
[2023-09-25T11:17:06.182+0000] {logging_mixin.py:151} INFO - [2023-09-25T11:17:06.182+0000] {dag.py:3696} INFO - Setting next_dagrun for bashoperator to 2023-09-18T00:00:00+00:00, run_after=2023-09-19T00:00:00+00:00
[2023-09-25T11:17:06.208+0000] {processor.py:179} INFO - Processing /opt/airflow/dags/1-bashoperator.py took 0.130 seconds
[2023-09-25T11:17:36.973+0000] {processor.py:157} INFO - Started process (PID=185) to work on /opt/airflow/dags/1-bashoperator.py
[2023-09-25T11:17:36.974+0000] {processor.py:829} INFO - Processing file /opt/airflow/dags/1-bashoperator.py for tasks to queue
[2023-09-25T11:17:36.976+0000] {logging_mixin.py:151} INFO - [2023-09-25T11:17:36.975+0000] {dagbag.py:539} INFO - Filling up the DagBag from /opt/airflow/dags/1-bashoperator.py
[2023-09-25T11:17:37.024+0000] {processor.py:839} INFO - DAG(s) dict_keys(['bashoperator']) retrieved from /opt/airflow/dags/1-bashoperator.py
[2023-09-25T11:17:37.047+0000] {logging_mixin.py:151} INFO - [2023-09-25T11:17:37.046+0000] {dag.py:2915} INFO - Sync 1 DAGs
[2023-09-25T11:17:37.069+0000] {logging_mixin.py:151} INFO - [2023-09-25T11:17:37.069+0000] {dag.py:3696} INFO - Setting next_dagrun for bashoperator to 2023-09-18T00:00:00+00:00, run_after=2023-09-19T00:00:00+00:00
[2023-09-25T11:17:37.098+0000] {processor.py:179} INFO - Processing /opt/airflow/dags/1-bashoperator.py took 0.132 seconds
[2023-09-25T11:18:07.825+0000] {processor.py:157} INFO - Started process (PID=213) to work on /opt/airflow/dags/1-bashoperator.py
[2023-09-25T11:18:07.827+0000] {processor.py:829} INFO - Processing file /opt/airflow/dags/1-bashoperator.py for tasks to queue
[2023-09-25T11:18:07.829+0000] {logging_mixin.py:151} INFO - [2023-09-25T11:18:07.829+0000] {dagbag.py:539} INFO - Filling up the DagBag from /opt/airflow/dags/1-bashoperator.py
[2023-09-25T11:18:07.889+0000] {processor.py:839} INFO - DAG(s) dict_keys(['bashoperator']) retrieved from /opt/airflow/dags/1-bashoperator.py
[2023-09-25T11:18:07.929+0000] {logging_mixin.py:151} INFO - [2023-09-25T11:18:07.928+0000] {dag.py:2915} INFO - Sync 1 DAGs
[2023-09-25T11:18:07.977+0000] {logging_mixin.py:151} INFO - [2023-09-25T11:18:07.977+0000] {dag.py:3696} INFO - Setting next_dagrun for bashoperator to 2023-09-18T00:00:00+00:00, run_after=2023-09-19T00:00:00+00:00
[2023-09-25T11:18:09.253+0000] {processor.py:179} INFO - Processing /opt/airflow/dags/1-bashoperator.py took 1.453 seconds
[2023-09-25T11:18:39.606+0000] {processor.py:157} INFO - Started process (PID=241) to work on /opt/airflow/dags/1-bashoperator.py
[2023-09-25T11:18:39.607+0000] {processor.py:829} INFO - Processing file /opt/airflow/dags/1-bashoperator.py for tasks to queue
[2023-09-25T11:18:39.609+0000] {logging_mixin.py:151} INFO - [2023-09-25T11:18:39.608+0000] {dagbag.py:539} INFO - Filling up the DagBag from /opt/airflow/dags/1-bashoperator.py
[2023-09-25T11:18:39.656+0000] {processor.py:839} INFO - DAG(s) dict_keys(['bashoperator']) retrieved from /opt/airflow/dags/1-bashoperator.py
[2023-09-25T11:18:39.680+0000] {logging_mixin.py:151} INFO - [2023-09-25T11:18:39.680+0000] {dag.py:2915} INFO - Sync 1 DAGs
[2023-09-25T11:18:39.711+0000] {logging_mixin.py:151} INFO - [2023-09-25T11:18:39.710+0000] {dag.py:3696} INFO - Setting next_dagrun for bashoperator to 2023-09-18T00:00:00+00:00, run_after=2023-09-19T00:00:00+00:00
[2023-09-25T11:18:39.748+0000] {processor.py:179} INFO - Processing /opt/airflow/dags/1-bashoperator.py took 0.147 seconds
[2023-09-25T11:19:10.694+0000] {processor.py:157} INFO - Started process (PID=264) to work on /opt/airflow/dags/1-bashoperator.py
[2023-09-25T11:19:10.695+0000] {processor.py:829} INFO - Processing file /opt/airflow/dags/1-bashoperator.py for tasks to queue
[2023-09-25T11:19:10.697+0000] {logging_mixin.py:151} INFO - [2023-09-25T11:19:10.697+0000] {dagbag.py:539} INFO - Filling up the DagBag from /opt/airflow/dags/1-bashoperator.py
[2023-09-25T11:19:10.751+0000] {processor.py:839} INFO - DAG(s) dict_keys(['bashoperator']) retrieved from /opt/airflow/dags/1-bashoperator.py
[2023-09-25T11:19:10.783+0000] {logging_mixin.py:151} INFO - [2023-09-25T11:19:10.782+0000] {dag.py:2915} INFO - Sync 1 DAGs
[2023-09-25T11:19:10.810+0000] {logging_mixin.py:151} INFO - [2023-09-25T11:19:10.810+0000] {dag.py:3696} INFO - Setting next_dagrun for bashoperator to 2023-09-18T00:00:00+00:00, run_after=2023-09-19T00:00:00+00:00
[2023-09-25T11:19:10.842+0000] {processor.py:179} INFO - Processing /opt/airflow/dags/1-bashoperator.py took 0.152 seconds
[2023-09-25T11:19:41.370+0000] {processor.py:157} INFO - Started process (PID=287) to work on /opt/airflow/dags/1-bashoperator.py
[2023-09-25T11:19:41.372+0000] {processor.py:829} INFO - Processing file /opt/airflow/dags/1-bashoperator.py for tasks to queue
[2023-09-25T11:19:41.375+0000] {logging_mixin.py:151} INFO - [2023-09-25T11:19:41.375+0000] {dagbag.py:539} INFO - Filling up the DagBag from /opt/airflow/dags/1-bashoperator.py
[2023-09-25T11:19:41.425+0000] {processor.py:839} INFO - DAG(s) dict_keys(['bashoperator']) retrieved from /opt/airflow/dags/1-bashoperator.py
[2023-09-25T11:19:41.448+0000] {logging_mixin.py:151} INFO - [2023-09-25T11:19:41.448+0000] {dag.py:2915} INFO - Sync 1 DAGs
[2023-09-25T11:19:41.470+0000] {logging_mixin.py:151} INFO - [2023-09-25T11:19:41.469+0000] {dag.py:3696} INFO - Setting next_dagrun for bashoperator to 2023-09-18T00:00:00+00:00, run_after=2023-09-19T00:00:00+00:00
[2023-09-25T11:19:41.501+0000] {processor.py:179} INFO - Processing /opt/airflow/dags/1-bashoperator.py took 0.136 seconds
[2023-09-25T11:20:12.308+0000] {processor.py:157} INFO - Started process (PID=317) to work on /opt/airflow/dags/1-bashoperator.py
[2023-09-25T11:20:12.310+0000] {processor.py:829} INFO - Processing file /opt/airflow/dags/1-bashoperator.py for tasks to queue
[2023-09-25T11:20:12.314+0000] {logging_mixin.py:151} INFO - [2023-09-25T11:20:12.313+0000] {dagbag.py:539} INFO - Filling up the DagBag from /opt/airflow/dags/1-bashoperator.py
[2023-09-25T11:20:12.372+0000] {processor.py:839} INFO - DAG(s) dict_keys(['bashoperator']) retrieved from /opt/airflow/dags/1-bashoperator.py
[2023-09-25T11:20:12.397+0000] {logging_mixin.py:151} INFO - [2023-09-25T11:20:12.397+0000] {dag.py:2915} INFO - Sync 1 DAGs
[2023-09-25T11:20:12.422+0000] {logging_mixin.py:151} INFO - [2023-09-25T11:20:12.422+0000] {dag.py:3696} INFO - Setting next_dagrun for bashoperator to 2023-09-18T00:00:00+00:00, run_after=2023-09-19T00:00:00+00:00
[2023-09-25T11:20:12.454+0000] {processor.py:179} INFO - Processing /opt/airflow/dags/1-bashoperator.py took 0.152 seconds
[2023-09-25T11:20:42.701+0000] {processor.py:157} INFO - Started process (PID=340) to work on /opt/airflow/dags/1-bashoperator.py
[2023-09-25T11:20:42.704+0000] {processor.py:829} INFO - Processing file /opt/airflow/dags/1-bashoperator.py for tasks to queue
[2023-09-25T11:20:42.706+0000] {logging_mixin.py:151} INFO - [2023-09-25T11:20:42.706+0000] {dagbag.py:539} INFO - Filling up the DagBag from /opt/airflow/dags/1-bashoperator.py
[2023-09-25T11:20:42.763+0000] {processor.py:839} INFO - DAG(s) dict_keys(['bashoperator']) retrieved from /opt/airflow/dags/1-bashoperator.py
[2023-09-25T11:20:42.798+0000] {logging_mixin.py:151} INFO - [2023-09-25T11:20:42.797+0000] {dag.py:2915} INFO - Sync 1 DAGs
[2023-09-25T11:20:42.850+0000] {logging_mixin.py:151} INFO - [2023-09-25T11:20:42.850+0000] {dag.py:3696} INFO - Setting next_dagrun for bashoperator to 2023-09-18T00:00:00+00:00, run_after=2023-09-19T00:00:00+00:00
[2023-09-25T11:20:42.885+0000] {processor.py:179} INFO - Processing /opt/airflow/dags/1-bashoperator.py took 0.190 seconds
[2023-09-25T11:21:13.155+0000] {processor.py:157} INFO - Started process (PID=363) to work on /opt/airflow/dags/1-bashoperator.py
[2023-09-25T11:21:13.157+0000] {processor.py:829} INFO - Processing file /opt/airflow/dags/1-bashoperator.py for tasks to queue
[2023-09-25T11:21:13.159+0000] {logging_mixin.py:151} INFO - [2023-09-25T11:21:13.159+0000] {dagbag.py:539} INFO - Filling up the DagBag from /opt/airflow/dags/1-bashoperator.py
[2023-09-25T11:21:13.215+0000] {processor.py:839} INFO - DAG(s) dict_keys(['bashoperator']) retrieved from /opt/airflow/dags/1-bashoperator.py
[2023-09-25T11:21:13.242+0000] {logging_mixin.py:151} INFO - [2023-09-25T11:21:13.241+0000] {dag.py:2915} INFO - Sync 1 DAGs
[2023-09-25T11:21:13.270+0000] {logging_mixin.py:151} INFO - [2023-09-25T11:21:13.270+0000] {dag.py:3696} INFO - Setting next_dagrun for bashoperator to 2023-09-18T00:00:00+00:00, run_after=2023-09-19T00:00:00+00:00
[2023-09-25T11:21:13.309+0000] {processor.py:179} INFO - Processing /opt/airflow/dags/1-bashoperator.py took 0.159 seconds
[2023-09-25T11:21:43.741+0000] {processor.py:157} INFO - Started process (PID=386) to work on /opt/airflow/dags/1-bashoperator.py
[2023-09-25T11:21:43.743+0000] {processor.py:829} INFO - Processing file /opt/airflow/dags/1-bashoperator.py for tasks to queue
[2023-09-25T11:21:43.745+0000] {logging_mixin.py:151} INFO - [2023-09-25T11:21:43.744+0000] {dagbag.py:539} INFO - Filling up the DagBag from /opt/airflow/dags/1-bashoperator.py
[2023-09-25T11:21:43.798+0000] {processor.py:839} INFO - DAG(s) dict_keys(['bashoperator']) retrieved from /opt/airflow/dags/1-bashoperator.py
[2023-09-25T11:21:43.823+0000] {logging_mixin.py:151} INFO - [2023-09-25T11:21:43.823+0000] {dag.py:2915} INFO - Sync 1 DAGs
[2023-09-25T11:21:43.852+0000] {logging_mixin.py:151} INFO - [2023-09-25T11:21:43.851+0000] {dag.py:3696} INFO - Setting next_dagrun for bashoperator to 2023-09-18T00:00:00+00:00, run_after=2023-09-19T00:00:00+00:00
[2023-09-25T11:21:43.887+0000] {processor.py:179} INFO - Processing /opt/airflow/dags/1-bashoperator.py took 0.149 seconds
[2023-09-25T11:22:14.434+0000] {processor.py:157} INFO - Started process (PID=409) to work on /opt/airflow/dags/1-bashoperator.py
[2023-09-25T11:22:14.435+0000] {processor.py:829} INFO - Processing file /opt/airflow/dags/1-bashoperator.py for tasks to queue
[2023-09-25T11:22:14.437+0000] {logging_mixin.py:151} INFO - [2023-09-25T11:22:14.437+0000] {dagbag.py:539} INFO - Filling up the DagBag from /opt/airflow/dags/1-bashoperator.py
[2023-09-25T11:22:14.487+0000] {processor.py:839} INFO - DAG(s) dict_keys(['bashoperator']) retrieved from /opt/airflow/dags/1-bashoperator.py
[2023-09-25T11:22:14.513+0000] {logging_mixin.py:151} INFO - [2023-09-25T11:22:14.513+0000] {dag.py:2915} INFO - Sync 1 DAGs
[2023-09-25T11:22:14.537+0000] {logging_mixin.py:151} INFO - [2023-09-25T11:22:14.536+0000] {dag.py:3696} INFO - Setting next_dagrun for bashoperator to 2023-09-18T00:00:00+00:00, run_after=2023-09-19T00:00:00+00:00
[2023-09-25T11:22:14.568+0000] {processor.py:179} INFO - Processing /opt/airflow/dags/1-bashoperator.py took 0.138 seconds
[2023-09-25T11:22:44.781+0000] {processor.py:157} INFO - Started process (PID=432) to work on /opt/airflow/dags/1-bashoperator.py
[2023-09-25T11:22:44.782+0000] {processor.py:829} INFO - Processing file /opt/airflow/dags/1-bashoperator.py for tasks to queue
[2023-09-25T11:22:44.784+0000] {logging_mixin.py:151} INFO - [2023-09-25T11:22:44.783+0000] {dagbag.py:539} INFO - Filling up the DagBag from /opt/airflow/dags/1-bashoperator.py
[2023-09-25T11:22:44.838+0000] {processor.py:839} INFO - DAG(s) dict_keys(['bashoperator']) retrieved from /opt/airflow/dags/1-bashoperator.py
[2023-09-25T11:22:44.869+0000] {logging_mixin.py:151} INFO - [2023-09-25T11:22:44.869+0000] {dag.py:2915} INFO - Sync 1 DAGs
[2023-09-25T11:22:44.894+0000] {logging_mixin.py:151} INFO - [2023-09-25T11:22:44.894+0000] {dag.py:3696} INFO - Setting next_dagrun for bashoperator to 2023-09-18T00:00:00+00:00, run_after=2023-09-19T00:00:00+00:00
[2023-09-25T11:22:44.927+0000] {processor.py:179} INFO - Processing /opt/airflow/dags/1-bashoperator.py took 0.152 seconds
[2023-09-25T11:23:15.273+0000] {processor.py:157} INFO - Started process (PID=455) to work on /opt/airflow/dags/1-bashoperator.py
[2023-09-25T11:23:15.275+0000] {processor.py:829} INFO - Processing file /opt/airflow/dags/1-bashoperator.py for tasks to queue
[2023-09-25T11:23:15.276+0000] {logging_mixin.py:151} INFO - [2023-09-25T11:23:15.276+0000] {dagbag.py:539} INFO - Filling up the DagBag from /opt/airflow/dags/1-bashoperator.py
[2023-09-25T11:23:15.330+0000] {processor.py:839} INFO - DAG(s) dict_keys(['bashoperator']) retrieved from /opt/airflow/dags/1-bashoperator.py
[2023-09-25T11:23:15.359+0000] {logging_mixin.py:151} INFO - [2023-09-25T11:23:15.359+0000] {dag.py:2915} INFO - Sync 1 DAGs
[2023-09-25T11:23:15.394+0000] {logging_mixin.py:151} INFO - [2023-09-25T11:23:15.394+0000] {dag.py:3696} INFO - Setting next_dagrun for bashoperator to 2023-09-18T00:00:00+00:00, run_after=2023-09-19T00:00:00+00:00
[2023-09-25T11:23:15.426+0000] {processor.py:179} INFO - Processing /opt/airflow/dags/1-bashoperator.py took 0.157 seconds
[2023-09-25T11:23:46.004+0000] {processor.py:157} INFO - Started process (PID=478) to work on /opt/airflow/dags/1-bashoperator.py
[2023-09-25T11:23:46.006+0000] {processor.py:829} INFO - Processing file /opt/airflow/dags/1-bashoperator.py for tasks to queue
[2023-09-25T11:23:46.007+0000] {logging_mixin.py:151} INFO - [2023-09-25T11:23:46.007+0000] {dagbag.py:539} INFO - Filling up the DagBag from /opt/airflow/dags/1-bashoperator.py
[2023-09-25T11:23:46.072+0000] {processor.py:839} INFO - DAG(s) dict_keys(['bashoperator']) retrieved from /opt/airflow/dags/1-bashoperator.py
[2023-09-25T11:23:46.095+0000] {logging_mixin.py:151} INFO - [2023-09-25T11:23:46.095+0000] {dag.py:2915} INFO - Sync 1 DAGs
[2023-09-25T11:23:46.118+0000] {logging_mixin.py:151} INFO - [2023-09-25T11:23:46.117+0000] {dag.py:3696} INFO - Setting next_dagrun for bashoperator to 2023-09-18T00:00:00+00:00, run_after=2023-09-19T00:00:00+00:00
[2023-09-25T11:23:46.143+0000] {processor.py:179} INFO - Processing /opt/airflow/dags/1-bashoperator.py took 0.146 seconds
[2023-09-25T11:24:16.981+0000] {processor.py:157} INFO - Started process (PID=501) to work on /opt/airflow/dags/1-bashoperator.py
[2023-09-25T11:24:16.982+0000] {processor.py:829} INFO - Processing file /opt/airflow/dags/1-bashoperator.py for tasks to queue
[2023-09-25T11:24:16.984+0000] {logging_mixin.py:151} INFO - [2023-09-25T11:24:16.984+0000] {dagbag.py:539} INFO - Filling up the DagBag from /opt/airflow/dags/1-bashoperator.py
[2023-09-25T11:24:17.030+0000] {processor.py:839} INFO - DAG(s) dict_keys(['bashoperator']) retrieved from /opt/airflow/dags/1-bashoperator.py
[2023-09-25T11:24:17.055+0000] {logging_mixin.py:151} INFO - [2023-09-25T11:24:17.054+0000] {dag.py:2915} INFO - Sync 1 DAGs
[2023-09-25T11:24:17.079+0000] {logging_mixin.py:151} INFO - [2023-09-25T11:24:17.079+0000] {dag.py:3696} INFO - Setting next_dagrun for bashoperator to 2023-09-18T00:00:00+00:00, run_after=2023-09-19T00:00:00+00:00
[2023-09-25T11:24:17.104+0000] {processor.py:179} INFO - Processing /opt/airflow/dags/1-bashoperator.py took 0.127 seconds
[2023-09-25T11:24:47.629+0000] {processor.py:157} INFO - Started process (PID=524) to work on /opt/airflow/dags/1-bashoperator.py
[2023-09-25T11:24:47.630+0000] {processor.py:829} INFO - Processing file /opt/airflow/dags/1-bashoperator.py for tasks to queue
[2023-09-25T11:24:47.632+0000] {logging_mixin.py:151} INFO - [2023-09-25T11:24:47.631+0000] {dagbag.py:539} INFO - Filling up the DagBag from /opt/airflow/dags/1-bashoperator.py
[2023-09-25T11:24:47.679+0000] {processor.py:839} INFO - DAG(s) dict_keys(['bashoperator']) retrieved from /opt/airflow/dags/1-bashoperator.py
[2023-09-25T11:24:47.702+0000] {logging_mixin.py:151} INFO - [2023-09-25T11:24:47.701+0000] {dag.py:2915} INFO - Sync 1 DAGs
[2023-09-25T11:24:47.723+0000] {logging_mixin.py:151} INFO - [2023-09-25T11:24:47.723+0000] {dag.py:3696} INFO - Setting next_dagrun for bashoperator to 2023-09-18T00:00:00+00:00, run_after=2023-09-19T00:00:00+00:00
[2023-09-25T11:24:47.747+0000] {processor.py:179} INFO - Processing /opt/airflow/dags/1-bashoperator.py took 0.122 seconds
