[2023-09-25T07:34:32.828+0000] {processor.py:157} INFO - Started process (PID=50) to work on /opt/airflow/dags/3-dependencies.py
[2023-09-25T07:34:32.830+0000] {processor.py:829} INFO - Processing file /opt/airflow/dags/3-dependencies.py for tasks to queue
[2023-09-25T07:34:32.834+0000] {logging_mixin.py:151} INFO - [2023-09-25T07:34:32.833+0000] {dagbag.py:539} INFO - Filling up the DagBag from /opt/airflow/dags/3-dependencies.py
[2023-09-25T07:34:32.927+0000] {processor.py:839} INFO - DAG(s) dict_keys(['dependencies']) retrieved from /opt/airflow/dags/3-dependencies.py
[2023-09-25T07:34:32.978+0000] {logging_mixin.py:151} INFO - [2023-09-25T07:34:32.978+0000] {dag.py:2915} INFO - Sync 1 DAGs
[2023-09-25T07:34:33.028+0000] {logging_mixin.py:151} INFO - [2023-09-25T07:34:33.028+0000] {dag.py:3696} INFO - Setting next_dagrun for dependencies to 2023-09-18T00:00:00+00:00, run_after=2023-09-18T00:00:00+00:00
[2023-09-25T07:34:33.059+0000] {processor.py:179} INFO - Processing /opt/airflow/dags/3-dependencies.py took 0.241 seconds
[2023-09-25T07:40:12.237+0000] {processor.py:157} INFO - Started process (PID=45) to work on /opt/airflow/dags/3-dependencies.py
[2023-09-25T07:40:12.253+0000] {processor.py:829} INFO - Processing file /opt/airflow/dags/3-dependencies.py for tasks to queue
[2023-09-25T07:40:12.270+0000] {logging_mixin.py:151} INFO - [2023-09-25T07:40:12.269+0000] {dagbag.py:539} INFO - Filling up the DagBag from /opt/airflow/dags/3-dependencies.py
[2023-09-25T07:40:12.396+0000] {processor.py:839} INFO - DAG(s) dict_keys(['dependencies']) retrieved from /opt/airflow/dags/3-dependencies.py
[2023-09-25T07:40:13.199+0000] {logging_mixin.py:151} INFO - [2023-09-25T07:40:13.199+0000] {security.py:708} INFO - Not syncing DAG-level permissions for DAG 'DAG:dependencies' as access control is unset.
[2023-09-25T07:40:13.203+0000] {logging_mixin.py:151} INFO - [2023-09-25T07:40:13.203+0000] {dag.py:2915} INFO - Sync 1 DAGs
[2023-09-25T07:40:13.308+0000] {logging_mixin.py:151} INFO - [2023-09-25T07:40:13.308+0000] {dag.py:3696} INFO - Setting next_dagrun for dependencies to 2023-09-18T00:00:00+00:00, run_after=2023-09-18T00:00:00+00:00
[2023-09-25T07:40:13.393+0000] {processor.py:179} INFO - Processing /opt/airflow/dags/3-dependencies.py took 1.161 seconds
[2023-09-25T07:40:44.275+0000] {processor.py:157} INFO - Started process (PID=67) to work on /opt/airflow/dags/3-dependencies.py
[2023-09-25T07:40:44.281+0000] {processor.py:829} INFO - Processing file /opt/airflow/dags/3-dependencies.py for tasks to queue
[2023-09-25T07:40:44.287+0000] {logging_mixin.py:151} INFO - [2023-09-25T07:40:44.286+0000] {dagbag.py:539} INFO - Filling up the DagBag from /opt/airflow/dags/3-dependencies.py
[2023-09-25T07:40:44.374+0000] {processor.py:839} INFO - DAG(s) dict_keys(['dependencies']) retrieved from /opt/airflow/dags/3-dependencies.py
[2023-09-25T07:40:44.431+0000] {logging_mixin.py:151} INFO - [2023-09-25T07:40:44.431+0000] {dag.py:2915} INFO - Sync 1 DAGs
[2023-09-25T07:40:44.470+0000] {logging_mixin.py:151} INFO - [2023-09-25T07:40:44.470+0000] {dag.py:3696} INFO - Setting next_dagrun for dependencies to 2023-09-18T00:00:00+00:00, run_after=2023-09-18T00:00:00+00:00
[2023-09-25T07:40:44.509+0000] {processor.py:179} INFO - Processing /opt/airflow/dags/3-dependencies.py took 0.245 seconds
[2023-09-25T07:41:14.743+0000] {processor.py:157} INFO - Started process (PID=89) to work on /opt/airflow/dags/3-dependencies.py
[2023-09-25T07:41:14.747+0000] {processor.py:829} INFO - Processing file /opt/airflow/dags/3-dependencies.py for tasks to queue
[2023-09-25T07:41:14.751+0000] {logging_mixin.py:151} INFO - [2023-09-25T07:41:14.750+0000] {dagbag.py:539} INFO - Filling up the DagBag from /opt/airflow/dags/3-dependencies.py
[2023-09-25T07:41:14.832+0000] {processor.py:839} INFO - DAG(s) dict_keys(['dependencies']) retrieved from /opt/airflow/dags/3-dependencies.py
[2023-09-25T07:41:14.880+0000] {logging_mixin.py:151} INFO - [2023-09-25T07:41:14.880+0000] {dag.py:2915} INFO - Sync 1 DAGs
[2023-09-25T07:41:14.925+0000] {logging_mixin.py:151} INFO - [2023-09-25T07:41:14.919+0000] {dag.py:3696} INFO - Setting next_dagrun for dependencies to 2023-09-18T00:00:00+00:00, run_after=2023-09-18T00:00:00+00:00
[2023-09-25T07:41:14.990+0000] {processor.py:179} INFO - Processing /opt/airflow/dags/3-dependencies.py took 0.265 seconds
[2023-09-25T07:41:45.270+0000] {processor.py:157} INFO - Started process (PID=111) to work on /opt/airflow/dags/3-dependencies.py
[2023-09-25T07:41:45.272+0000] {processor.py:829} INFO - Processing file /opt/airflow/dags/3-dependencies.py for tasks to queue
[2023-09-25T07:41:45.274+0000] {logging_mixin.py:151} INFO - [2023-09-25T07:41:45.274+0000] {dagbag.py:539} INFO - Filling up the DagBag from /opt/airflow/dags/3-dependencies.py
[2023-09-25T07:41:45.332+0000] {processor.py:839} INFO - DAG(s) dict_keys(['dependencies']) retrieved from /opt/airflow/dags/3-dependencies.py
[2023-09-25T07:41:45.363+0000] {logging_mixin.py:151} INFO - [2023-09-25T07:41:45.363+0000] {dag.py:2915} INFO - Sync 1 DAGs
[2023-09-25T07:41:45.398+0000] {logging_mixin.py:151} INFO - [2023-09-25T07:41:45.398+0000] {dag.py:3696} INFO - Setting next_dagrun for dependencies to 2023-09-18T00:00:00+00:00, run_after=2023-09-18T00:00:00+00:00
[2023-09-25T07:41:45.444+0000] {processor.py:179} INFO - Processing /opt/airflow/dags/3-dependencies.py took 0.182 seconds
[2023-09-25T07:42:15.836+0000] {processor.py:157} INFO - Started process (PID=133) to work on /opt/airflow/dags/3-dependencies.py
[2023-09-25T07:42:15.838+0000] {processor.py:829} INFO - Processing file /opt/airflow/dags/3-dependencies.py for tasks to queue
[2023-09-25T07:42:15.839+0000] {logging_mixin.py:151} INFO - [2023-09-25T07:42:15.839+0000] {dagbag.py:539} INFO - Filling up the DagBag from /opt/airflow/dags/3-dependencies.py
[2023-09-25T07:42:15.915+0000] {processor.py:839} INFO - DAG(s) dict_keys(['dependencies']) retrieved from /opt/airflow/dags/3-dependencies.py
[2023-09-25T07:42:15.945+0000] {logging_mixin.py:151} INFO - [2023-09-25T07:42:15.945+0000] {dag.py:2915} INFO - Sync 1 DAGs
[2023-09-25T07:42:15.968+0000] {logging_mixin.py:151} INFO - [2023-09-25T07:42:15.968+0000] {dag.py:3696} INFO - Setting next_dagrun for dependencies to 2023-09-18T00:00:00+00:00, run_after=2023-09-18T00:00:00+00:00
[2023-09-25T07:42:15.997+0000] {processor.py:179} INFO - Processing /opt/airflow/dags/3-dependencies.py took 0.164 seconds
[2023-09-25T07:42:46.223+0000] {processor.py:157} INFO - Started process (PID=163) to work on /opt/airflow/dags/3-dependencies.py
[2023-09-25T07:42:46.225+0000] {processor.py:829} INFO - Processing file /opt/airflow/dags/3-dependencies.py for tasks to queue
[2023-09-25T07:42:46.226+0000] {logging_mixin.py:151} INFO - [2023-09-25T07:42:46.226+0000] {dagbag.py:539} INFO - Filling up the DagBag from /opt/airflow/dags/3-dependencies.py
[2023-09-25T07:42:46.272+0000] {processor.py:839} INFO - DAG(s) dict_keys(['dependencies']) retrieved from /opt/airflow/dags/3-dependencies.py
[2023-09-25T07:42:46.297+0000] {logging_mixin.py:151} INFO - [2023-09-25T07:42:46.297+0000] {dag.py:2915} INFO - Sync 1 DAGs
[2023-09-25T07:42:46.320+0000] {logging_mixin.py:151} INFO - [2023-09-25T07:42:46.320+0000] {dag.py:3696} INFO - Setting next_dagrun for dependencies to 2023-09-18T00:00:00+00:00, run_after=2023-09-18T00:00:00+00:00
[2023-09-25T07:42:46.348+0000] {processor.py:179} INFO - Processing /opt/airflow/dags/3-dependencies.py took 0.128 seconds
[2023-09-25T07:43:17.071+0000] {processor.py:157} INFO - Started process (PID=185) to work on /opt/airflow/dags/3-dependencies.py
[2023-09-25T07:43:17.073+0000] {processor.py:829} INFO - Processing file /opt/airflow/dags/3-dependencies.py for tasks to queue
[2023-09-25T07:43:17.075+0000] {logging_mixin.py:151} INFO - [2023-09-25T07:43:17.074+0000] {dagbag.py:539} INFO - Filling up the DagBag from /opt/airflow/dags/3-dependencies.py
[2023-09-25T07:43:17.125+0000] {processor.py:839} INFO - DAG(s) dict_keys(['dependencies']) retrieved from /opt/airflow/dags/3-dependencies.py
[2023-09-25T07:43:17.151+0000] {logging_mixin.py:151} INFO - [2023-09-25T07:43:17.151+0000] {dag.py:2915} INFO - Sync 1 DAGs
[2023-09-25T07:43:17.177+0000] {logging_mixin.py:151} INFO - [2023-09-25T07:43:17.177+0000] {dag.py:3696} INFO - Setting next_dagrun for dependencies to 2023-09-18T00:00:00+00:00, run_after=2023-09-18T00:00:00+00:00
[2023-09-25T07:43:17.208+0000] {processor.py:179} INFO - Processing /opt/airflow/dags/3-dependencies.py took 0.142 seconds
[2023-09-25T07:43:47.499+0000] {processor.py:157} INFO - Started process (PID=207) to work on /opt/airflow/dags/3-dependencies.py
[2023-09-25T07:43:47.502+0000] {processor.py:829} INFO - Processing file /opt/airflow/dags/3-dependencies.py for tasks to queue
[2023-09-25T07:43:47.504+0000] {logging_mixin.py:151} INFO - [2023-09-25T07:43:47.503+0000] {dagbag.py:539} INFO - Filling up the DagBag from /opt/airflow/dags/3-dependencies.py
[2023-09-25T07:43:47.561+0000] {processor.py:839} INFO - DAG(s) dict_keys(['dependencies']) retrieved from /opt/airflow/dags/3-dependencies.py
[2023-09-25T07:43:47.593+0000] {logging_mixin.py:151} INFO - [2023-09-25T07:43:47.592+0000] {dag.py:2915} INFO - Sync 1 DAGs
[2023-09-25T07:43:47.622+0000] {logging_mixin.py:151} INFO - [2023-09-25T07:43:47.622+0000] {dag.py:3696} INFO - Setting next_dagrun for dependencies to 2023-09-18T00:00:00+00:00, run_after=2023-09-18T00:00:00+00:00
[2023-09-25T07:43:47.660+0000] {processor.py:179} INFO - Processing /opt/airflow/dags/3-dependencies.py took 0.165 seconds
[2023-09-25T07:44:17.893+0000] {processor.py:157} INFO - Started process (PID=229) to work on /opt/airflow/dags/3-dependencies.py
[2023-09-25T07:44:17.895+0000] {processor.py:829} INFO - Processing file /opt/airflow/dags/3-dependencies.py for tasks to queue
[2023-09-25T07:44:17.897+0000] {logging_mixin.py:151} INFO - [2023-09-25T07:44:17.897+0000] {dagbag.py:539} INFO - Filling up the DagBag from /opt/airflow/dags/3-dependencies.py
[2023-09-25T07:44:17.945+0000] {processor.py:839} INFO - DAG(s) dict_keys(['dependencies']) retrieved from /opt/airflow/dags/3-dependencies.py
[2023-09-25T07:44:17.971+0000] {logging_mixin.py:151} INFO - [2023-09-25T07:44:17.971+0000] {dag.py:2915} INFO - Sync 1 DAGs
[2023-09-25T07:44:17.997+0000] {logging_mixin.py:151} INFO - [2023-09-25T07:44:17.997+0000] {dag.py:3696} INFO - Setting next_dagrun for dependencies to 2023-09-18T00:00:00+00:00, run_after=2023-09-18T00:00:00+00:00
[2023-09-25T07:44:18.027+0000] {processor.py:179} INFO - Processing /opt/airflow/dags/3-dependencies.py took 0.141 seconds
[2023-09-25T07:44:55.301+0000] {processor.py:157} INFO - Started process (PID=251) to work on /opt/airflow/dags/3-dependencies.py
[2023-09-25T07:44:55.313+0000] {processor.py:829} INFO - Processing file /opt/airflow/dags/3-dependencies.py for tasks to queue
[2023-09-25T07:44:55.317+0000] {logging_mixin.py:151} INFO - [2023-09-25T07:44:55.316+0000] {dagbag.py:539} INFO - Filling up the DagBag from /opt/airflow/dags/3-dependencies.py
[2023-09-25T07:44:55.995+0000] {processor.py:839} INFO - DAG(s) dict_keys(['dependencies']) retrieved from /opt/airflow/dags/3-dependencies.py
[2023-09-25T07:44:56.573+0000] {logging_mixin.py:151} INFO - [2023-09-25T07:44:56.564+0000] {dag.py:2915} INFO - Sync 1 DAGs
[2023-09-25T07:44:57.317+0000] {logging_mixin.py:151} INFO - [2023-09-25T07:44:57.304+0000] {dag.py:3696} INFO - Setting next_dagrun for dependencies to 2023-09-18T00:00:00+00:00, run_after=2023-09-18T00:00:00+00:00
[2023-09-25T07:44:57.869+0000] {processor.py:179} INFO - Processing /opt/airflow/dags/3-dependencies.py took 2.583 seconds
[2023-09-25T07:45:28.472+0000] {processor.py:157} INFO - Started process (PID=273) to work on /opt/airflow/dags/3-dependencies.py
[2023-09-25T07:45:28.475+0000] {processor.py:829} INFO - Processing file /opt/airflow/dags/3-dependencies.py for tasks to queue
[2023-09-25T07:45:28.478+0000] {logging_mixin.py:151} INFO - [2023-09-25T07:45:28.477+0000] {dagbag.py:539} INFO - Filling up the DagBag from /opt/airflow/dags/3-dependencies.py
[2023-09-25T07:45:28.557+0000] {processor.py:839} INFO - DAG(s) dict_keys(['dependencies']) retrieved from /opt/airflow/dags/3-dependencies.py
[2023-09-25T07:45:28.615+0000] {logging_mixin.py:151} INFO - [2023-09-25T07:45:28.615+0000] {dag.py:2915} INFO - Sync 1 DAGs
[2023-09-25T07:45:28.683+0000] {logging_mixin.py:151} INFO - [2023-09-25T07:45:28.682+0000] {dag.py:3696} INFO - Setting next_dagrun for dependencies to 2023-09-18T00:00:00+00:00, run_after=2023-09-18T00:00:00+00:00
[2023-09-25T07:45:28.739+0000] {processor.py:179} INFO - Processing /opt/airflow/dags/3-dependencies.py took 0.279 seconds
[2023-09-25T07:45:59.799+0000] {processor.py:157} INFO - Started process (PID=295) to work on /opt/airflow/dags/3-dependencies.py
[2023-09-25T07:45:59.801+0000] {processor.py:829} INFO - Processing file /opt/airflow/dags/3-dependencies.py for tasks to queue
[2023-09-25T07:45:59.804+0000] {logging_mixin.py:151} INFO - [2023-09-25T07:45:59.804+0000] {dagbag.py:539} INFO - Filling up the DagBag from /opt/airflow/dags/3-dependencies.py
[2023-09-25T07:45:59.881+0000] {processor.py:839} INFO - DAG(s) dict_keys(['dependencies']) retrieved from /opt/airflow/dags/3-dependencies.py
[2023-09-25T07:45:59.927+0000] {logging_mixin.py:151} INFO - [2023-09-25T07:45:59.926+0000] {dag.py:2915} INFO - Sync 1 DAGs
[2023-09-25T07:45:59.976+0000] {logging_mixin.py:151} INFO - [2023-09-25T07:45:59.975+0000] {dag.py:3696} INFO - Setting next_dagrun for dependencies to 2023-09-18T00:00:00+00:00, run_after=2023-09-18T00:00:00+00:00
[2023-09-25T07:46:00.034+0000] {processor.py:179} INFO - Processing /opt/airflow/dags/3-dependencies.py took 0.243 seconds
[2023-09-25T07:46:30.298+0000] {processor.py:157} INFO - Started process (PID=317) to work on /opt/airflow/dags/3-dependencies.py
[2023-09-25T07:46:30.299+0000] {processor.py:829} INFO - Processing file /opt/airflow/dags/3-dependencies.py for tasks to queue
[2023-09-25T07:46:30.300+0000] {logging_mixin.py:151} INFO - [2023-09-25T07:46:30.300+0000] {dagbag.py:539} INFO - Filling up the DagBag from /opt/airflow/dags/3-dependencies.py
[2023-09-25T07:46:30.340+0000] {processor.py:839} INFO - DAG(s) dict_keys(['dependencies']) retrieved from /opt/airflow/dags/3-dependencies.py
[2023-09-25T07:46:30.372+0000] {logging_mixin.py:151} INFO - [2023-09-25T07:46:30.372+0000] {dag.py:2915} INFO - Sync 1 DAGs
[2023-09-25T07:46:30.399+0000] {logging_mixin.py:151} INFO - [2023-09-25T07:46:30.399+0000] {dag.py:3696} INFO - Setting next_dagrun for dependencies to 2023-09-18T00:00:00+00:00, run_after=2023-09-18T00:00:00+00:00
[2023-09-25T07:46:30.432+0000] {processor.py:179} INFO - Processing /opt/airflow/dags/3-dependencies.py took 0.138 seconds
[2023-09-25T07:47:00.946+0000] {processor.py:157} INFO - Started process (PID=339) to work on /opt/airflow/dags/3-dependencies.py
[2023-09-25T07:47:00.947+0000] {processor.py:829} INFO - Processing file /opt/airflow/dags/3-dependencies.py for tasks to queue
[2023-09-25T07:47:00.949+0000] {logging_mixin.py:151} INFO - [2023-09-25T07:47:00.949+0000] {dagbag.py:539} INFO - Filling up the DagBag from /opt/airflow/dags/3-dependencies.py
[2023-09-25T07:47:01.032+0000] {processor.py:839} INFO - DAG(s) dict_keys(['dependencies']) retrieved from /opt/airflow/dags/3-dependencies.py
[2023-09-25T07:47:01.068+0000] {logging_mixin.py:151} INFO - [2023-09-25T07:47:01.067+0000] {dag.py:2915} INFO - Sync 1 DAGs
[2023-09-25T07:47:01.097+0000] {logging_mixin.py:151} INFO - [2023-09-25T07:47:01.096+0000] {dag.py:3696} INFO - Setting next_dagrun for dependencies to 2023-09-18T00:00:00+00:00, run_after=2023-09-18T00:00:00+00:00
[2023-09-25T07:47:01.141+0000] {processor.py:179} INFO - Processing /opt/airflow/dags/3-dependencies.py took 0.199 seconds
[2023-09-25T07:47:31.680+0000] {processor.py:157} INFO - Started process (PID=361) to work on /opt/airflow/dags/3-dependencies.py
[2023-09-25T07:47:31.682+0000] {processor.py:829} INFO - Processing file /opt/airflow/dags/3-dependencies.py for tasks to queue
[2023-09-25T07:47:31.684+0000] {logging_mixin.py:151} INFO - [2023-09-25T07:47:31.684+0000] {dagbag.py:539} INFO - Filling up the DagBag from /opt/airflow/dags/3-dependencies.py
[2023-09-25T07:47:31.763+0000] {processor.py:839} INFO - DAG(s) dict_keys(['dependencies']) retrieved from /opt/airflow/dags/3-dependencies.py
[2023-09-25T07:47:31.809+0000] {logging_mixin.py:151} INFO - [2023-09-25T07:47:31.809+0000] {dag.py:2915} INFO - Sync 1 DAGs
[2023-09-25T07:47:31.860+0000] {logging_mixin.py:151} INFO - [2023-09-25T07:47:31.860+0000] {dag.py:3696} INFO - Setting next_dagrun for dependencies to 2023-09-18T00:00:00+00:00, run_after=2023-09-18T00:00:00+00:00
[2023-09-25T07:47:31.911+0000] {processor.py:179} INFO - Processing /opt/airflow/dags/3-dependencies.py took 0.239 seconds
[2023-09-25T07:48:02.270+0000] {processor.py:157} INFO - Started process (PID=383) to work on /opt/airflow/dags/3-dependencies.py
[2023-09-25T07:48:02.272+0000] {processor.py:829} INFO - Processing file /opt/airflow/dags/3-dependencies.py for tasks to queue
[2023-09-25T07:48:02.274+0000] {logging_mixin.py:151} INFO - [2023-09-25T07:48:02.274+0000] {dagbag.py:539} INFO - Filling up the DagBag from /opt/airflow/dags/3-dependencies.py
[2023-09-25T07:48:02.321+0000] {processor.py:839} INFO - DAG(s) dict_keys(['dependencies']) retrieved from /opt/airflow/dags/3-dependencies.py
[2023-09-25T07:48:02.351+0000] {logging_mixin.py:151} INFO - [2023-09-25T07:48:02.351+0000] {dag.py:2915} INFO - Sync 1 DAGs
[2023-09-25T07:48:02.383+0000] {logging_mixin.py:151} INFO - [2023-09-25T07:48:02.383+0000] {dag.py:3696} INFO - Setting next_dagrun for dependencies to 2023-09-18T00:00:00+00:00, run_after=2023-09-18T00:00:00+00:00
[2023-09-25T07:48:02.419+0000] {processor.py:179} INFO - Processing /opt/airflow/dags/3-dependencies.py took 0.154 seconds
[2023-09-25T07:48:32.645+0000] {processor.py:157} INFO - Started process (PID=405) to work on /opt/airflow/dags/3-dependencies.py
[2023-09-25T07:48:32.646+0000] {processor.py:829} INFO - Processing file /opt/airflow/dags/3-dependencies.py for tasks to queue
[2023-09-25T07:48:32.648+0000] {logging_mixin.py:151} INFO - [2023-09-25T07:48:32.647+0000] {dagbag.py:539} INFO - Filling up the DagBag from /opt/airflow/dags/3-dependencies.py
[2023-09-25T07:48:32.685+0000] {processor.py:839} INFO - DAG(s) dict_keys(['dependencies']) retrieved from /opt/airflow/dags/3-dependencies.py
[2023-09-25T07:48:32.715+0000] {logging_mixin.py:151} INFO - [2023-09-25T07:48:32.715+0000] {dag.py:2915} INFO - Sync 1 DAGs
[2023-09-25T07:48:32.737+0000] {logging_mixin.py:151} INFO - [2023-09-25T07:48:32.736+0000] {dag.py:3696} INFO - Setting next_dagrun for dependencies to 2023-09-18T00:00:00+00:00, run_after=2023-09-18T00:00:00+00:00
[2023-09-25T07:48:32.760+0000] {processor.py:179} INFO - Processing /opt/airflow/dags/3-dependencies.py took 0.118 seconds
[2023-09-25T07:49:03.677+0000] {processor.py:157} INFO - Started process (PID=427) to work on /opt/airflow/dags/3-dependencies.py
[2023-09-25T07:49:03.679+0000] {processor.py:829} INFO - Processing file /opt/airflow/dags/3-dependencies.py for tasks to queue
[2023-09-25T07:49:03.681+0000] {logging_mixin.py:151} INFO - [2023-09-25T07:49:03.681+0000] {dagbag.py:539} INFO - Filling up the DagBag from /opt/airflow/dags/3-dependencies.py
[2023-09-25T07:49:03.749+0000] {processor.py:839} INFO - DAG(s) dict_keys(['dependencies']) retrieved from /opt/airflow/dags/3-dependencies.py
[2023-09-25T07:49:03.773+0000] {logging_mixin.py:151} INFO - [2023-09-25T07:49:03.773+0000] {dag.py:2915} INFO - Sync 1 DAGs
[2023-09-25T07:49:03.801+0000] {logging_mixin.py:151} INFO - [2023-09-25T07:49:03.801+0000] {dag.py:3696} INFO - Setting next_dagrun for dependencies to 2023-09-18T00:00:00+00:00, run_after=2023-09-18T00:00:00+00:00
[2023-09-25T07:49:03.841+0000] {processor.py:179} INFO - Processing /opt/airflow/dags/3-dependencies.py took 0.172 seconds
[2023-09-25T07:49:34.920+0000] {processor.py:157} INFO - Started process (PID=449) to work on /opt/airflow/dags/3-dependencies.py
[2023-09-25T07:49:34.923+0000] {processor.py:829} INFO - Processing file /opt/airflow/dags/3-dependencies.py for tasks to queue
[2023-09-25T07:49:34.926+0000] {logging_mixin.py:151} INFO - [2023-09-25T07:49:34.925+0000] {dagbag.py:539} INFO - Filling up the DagBag from /opt/airflow/dags/3-dependencies.py
[2023-09-25T07:49:34.988+0000] {processor.py:839} INFO - DAG(s) dict_keys(['dependencies']) retrieved from /opt/airflow/dags/3-dependencies.py
[2023-09-25T07:49:35.020+0000] {logging_mixin.py:151} INFO - [2023-09-25T07:49:35.019+0000] {dag.py:2915} INFO - Sync 1 DAGs
[2023-09-25T07:49:35.054+0000] {logging_mixin.py:151} INFO - [2023-09-25T07:49:35.054+0000] {dag.py:3696} INFO - Setting next_dagrun for dependencies to 2023-09-18T00:00:00+00:00, run_after=2023-09-18T00:00:00+00:00
[2023-09-25T07:49:35.091+0000] {processor.py:179} INFO - Processing /opt/airflow/dags/3-dependencies.py took 0.182 seconds
[2023-09-25T07:50:05.342+0000] {processor.py:157} INFO - Started process (PID=471) to work on /opt/airflow/dags/3-dependencies.py
[2023-09-25T07:50:05.345+0000] {processor.py:829} INFO - Processing file /opt/airflow/dags/3-dependencies.py for tasks to queue
[2023-09-25T07:50:05.349+0000] {logging_mixin.py:151} INFO - [2023-09-25T07:50:05.348+0000] {dagbag.py:539} INFO - Filling up the DagBag from /opt/airflow/dags/3-dependencies.py
[2023-09-25T07:50:05.432+0000] {processor.py:839} INFO - DAG(s) dict_keys(['dependencies']) retrieved from /opt/airflow/dags/3-dependencies.py
[2023-09-25T07:50:05.481+0000] {logging_mixin.py:151} INFO - [2023-09-25T07:50:05.480+0000] {dag.py:2915} INFO - Sync 1 DAGs
[2023-09-25T07:50:05.516+0000] {logging_mixin.py:151} INFO - [2023-09-25T07:50:05.516+0000] {dag.py:3696} INFO - Setting next_dagrun for dependencies to 2023-09-18T00:00:00+00:00, run_after=2023-09-18T00:00:00+00:00
[2023-09-25T07:50:05.548+0000] {processor.py:179} INFO - Processing /opt/airflow/dags/3-dependencies.py took 0.215 seconds
[2023-09-25T07:50:36.245+0000] {processor.py:157} INFO - Started process (PID=494) to work on /opt/airflow/dags/3-dependencies.py
[2023-09-25T07:50:36.247+0000] {processor.py:829} INFO - Processing file /opt/airflow/dags/3-dependencies.py for tasks to queue
[2023-09-25T07:50:36.250+0000] {logging_mixin.py:151} INFO - [2023-09-25T07:50:36.249+0000] {dagbag.py:539} INFO - Filling up the DagBag from /opt/airflow/dags/3-dependencies.py
[2023-09-25T07:50:36.292+0000] {processor.py:839} INFO - DAG(s) dict_keys(['dependencies']) retrieved from /opt/airflow/dags/3-dependencies.py
[2023-09-25T07:50:36.318+0000] {logging_mixin.py:151} INFO - [2023-09-25T07:50:36.318+0000] {dag.py:2915} INFO - Sync 1 DAGs
[2023-09-25T07:50:36.339+0000] {logging_mixin.py:151} INFO - [2023-09-25T07:50:36.339+0000] {dag.py:3696} INFO - Setting next_dagrun for dependencies to 2023-09-18T00:00:00+00:00, run_after=2023-09-18T00:00:00+00:00
[2023-09-25T07:50:36.384+0000] {processor.py:179} INFO - Processing /opt/airflow/dags/3-dependencies.py took 0.145 seconds
[2023-09-25T07:51:07.073+0000] {processor.py:157} INFO - Started process (PID=516) to work on /opt/airflow/dags/3-dependencies.py
[2023-09-25T07:51:07.074+0000] {processor.py:829} INFO - Processing file /opt/airflow/dags/3-dependencies.py for tasks to queue
[2023-09-25T07:51:07.076+0000] {logging_mixin.py:151} INFO - [2023-09-25T07:51:07.076+0000] {dagbag.py:539} INFO - Filling up the DagBag from /opt/airflow/dags/3-dependencies.py
[2023-09-25T07:51:07.147+0000] {processor.py:839} INFO - DAG(s) dict_keys(['dependencies']) retrieved from /opt/airflow/dags/3-dependencies.py
[2023-09-25T07:51:07.178+0000] {logging_mixin.py:151} INFO - [2023-09-25T07:51:07.178+0000] {dag.py:2915} INFO - Sync 1 DAGs
[2023-09-25T07:51:07.202+0000] {logging_mixin.py:151} INFO - [2023-09-25T07:51:07.201+0000] {dag.py:3696} INFO - Setting next_dagrun for dependencies to 2023-09-18T00:00:00+00:00, run_after=2023-09-18T00:00:00+00:00
[2023-09-25T07:51:07.226+0000] {processor.py:179} INFO - Processing /opt/airflow/dags/3-dependencies.py took 0.158 seconds
[2023-09-25T07:51:37.483+0000] {processor.py:157} INFO - Started process (PID=539) to work on /opt/airflow/dags/3-dependencies.py
[2023-09-25T07:51:37.485+0000] {processor.py:829} INFO - Processing file /opt/airflow/dags/3-dependencies.py for tasks to queue
[2023-09-25T07:51:37.487+0000] {logging_mixin.py:151} INFO - [2023-09-25T07:51:37.487+0000] {dagbag.py:539} INFO - Filling up the DagBag from /opt/airflow/dags/3-dependencies.py
[2023-09-25T07:51:37.533+0000] {processor.py:839} INFO - DAG(s) dict_keys(['dependencies']) retrieved from /opt/airflow/dags/3-dependencies.py
[2023-09-25T07:51:37.608+0000] {logging_mixin.py:151} INFO - [2023-09-25T07:51:37.608+0000] {dag.py:2915} INFO - Sync 1 DAGs
[2023-09-25T07:51:37.636+0000] {logging_mixin.py:151} INFO - [2023-09-25T07:51:37.635+0000] {dag.py:3696} INFO - Setting next_dagrun for dependencies to 2023-09-18T00:00:00+00:00, run_after=2023-09-18T00:00:00+00:00
[2023-09-25T07:51:37.672+0000] {processor.py:179} INFO - Processing /opt/airflow/dags/3-dependencies.py took 0.193 seconds
[2023-09-25T07:52:07.978+0000] {processor.py:157} INFO - Started process (PID=561) to work on /opt/airflow/dags/3-dependencies.py
[2023-09-25T07:52:07.979+0000] {processor.py:829} INFO - Processing file /opt/airflow/dags/3-dependencies.py for tasks to queue
[2023-09-25T07:52:07.982+0000] {logging_mixin.py:151} INFO - [2023-09-25T07:52:07.981+0000] {dagbag.py:539} INFO - Filling up the DagBag from /opt/airflow/dags/3-dependencies.py
[2023-09-25T07:52:08.054+0000] {processor.py:839} INFO - DAG(s) dict_keys(['dependencies']) retrieved from /opt/airflow/dags/3-dependencies.py
[2023-09-25T07:52:08.090+0000] {logging_mixin.py:151} INFO - [2023-09-25T07:52:08.090+0000] {dag.py:2915} INFO - Sync 1 DAGs
[2023-09-25T07:52:08.118+0000] {logging_mixin.py:151} INFO - [2023-09-25T07:52:08.118+0000] {dag.py:3696} INFO - Setting next_dagrun for dependencies to 2023-09-18T00:00:00+00:00, run_after=2023-09-18T00:00:00+00:00
[2023-09-25T07:52:08.167+0000] {processor.py:179} INFO - Processing /opt/airflow/dags/3-dependencies.py took 0.194 seconds
[2023-09-25T07:52:38.811+0000] {processor.py:157} INFO - Started process (PID=583) to work on /opt/airflow/dags/3-dependencies.py
[2023-09-25T07:52:38.813+0000] {processor.py:829} INFO - Processing file /opt/airflow/dags/3-dependencies.py for tasks to queue
[2023-09-25T07:52:38.817+0000] {logging_mixin.py:151} INFO - [2023-09-25T07:52:38.816+0000] {dagbag.py:539} INFO - Filling up the DagBag from /opt/airflow/dags/3-dependencies.py
[2023-09-25T07:52:38.901+0000] {processor.py:839} INFO - DAG(s) dict_keys(['dependencies']) retrieved from /opt/airflow/dags/3-dependencies.py
[2023-09-25T07:52:38.950+0000] {logging_mixin.py:151} INFO - [2023-09-25T07:52:38.949+0000] {dag.py:2915} INFO - Sync 1 DAGs
[2023-09-25T07:52:39.003+0000] {logging_mixin.py:151} INFO - [2023-09-25T07:52:39.003+0000] {dag.py:3696} INFO - Setting next_dagrun for dependencies to 2023-09-18T00:00:00+00:00, run_after=2023-09-18T00:00:00+00:00
[2023-09-25T07:52:39.059+0000] {processor.py:179} INFO - Processing /opt/airflow/dags/3-dependencies.py took 0.256 seconds
[2023-09-25T11:14:27.250+0000] {processor.py:157} INFO - Started process (PID=46) to work on /opt/airflow/dags/3-dependencies.py
[2023-09-25T11:14:27.263+0000] {processor.py:829} INFO - Processing file /opt/airflow/dags/3-dependencies.py for tasks to queue
[2023-09-25T11:14:27.266+0000] {logging_mixin.py:151} INFO - [2023-09-25T11:14:27.265+0000] {dagbag.py:539} INFO - Filling up the DagBag from /opt/airflow/dags/3-dependencies.py
[2023-09-25T11:14:27.460+0000] {processor.py:839} INFO - DAG(s) dict_keys(['dependencies']) retrieved from /opt/airflow/dags/3-dependencies.py
[2023-09-25T11:14:30.723+0000] {logging_mixin.py:151} INFO - [2023-09-25T11:14:30.723+0000] {security.py:708} INFO - Not syncing DAG-level permissions for DAG 'DAG:dependencies' as access control is unset.
[2023-09-25T11:14:30.726+0000] {logging_mixin.py:151} INFO - [2023-09-25T11:14:30.725+0000] {dag.py:2915} INFO - Sync 1 DAGs
[2023-09-25T11:14:31.084+0000] {logging_mixin.py:151} INFO - [2023-09-25T11:14:31.076+0000] {dag.py:3696} INFO - Setting next_dagrun for dependencies to 2023-09-18T00:00:00+00:00, run_after=2023-09-18T00:00:00+00:00
[2023-09-25T11:14:31.313+0000] {processor.py:179} INFO - Processing /opt/airflow/dags/3-dependencies.py took 4.067 seconds
[2023-09-25T11:15:01.434+0000] {processor.py:157} INFO - Started process (PID=69) to work on /opt/airflow/dags/3-dependencies.py
[2023-09-25T11:15:01.436+0000] {processor.py:829} INFO - Processing file /opt/airflow/dags/3-dependencies.py for tasks to queue
[2023-09-25T11:15:01.437+0000] {logging_mixin.py:151} INFO - [2023-09-25T11:15:01.437+0000] {dagbag.py:539} INFO - Filling up the DagBag from /opt/airflow/dags/3-dependencies.py
[2023-09-25T11:15:01.480+0000] {processor.py:839} INFO - DAG(s) dict_keys(['dependencies']) retrieved from /opt/airflow/dags/3-dependencies.py
[2023-09-25T11:15:01.505+0000] {logging_mixin.py:151} INFO - [2023-09-25T11:15:01.505+0000] {dag.py:2915} INFO - Sync 1 DAGs
[2023-09-25T11:15:01.531+0000] {logging_mixin.py:151} INFO - [2023-09-25T11:15:01.531+0000] {dag.py:3696} INFO - Setting next_dagrun for dependencies to 2023-09-18T00:00:00+00:00, run_after=2023-09-18T00:00:00+00:00
[2023-09-25T11:15:01.563+0000] {processor.py:179} INFO - Processing /opt/airflow/dags/3-dependencies.py took 0.133 seconds
[2023-09-25T11:15:31.823+0000] {processor.py:157} INFO - Started process (PID=92) to work on /opt/airflow/dags/3-dependencies.py
[2023-09-25T11:15:31.824+0000] {processor.py:829} INFO - Processing file /opt/airflow/dags/3-dependencies.py for tasks to queue
[2023-09-25T11:15:31.825+0000] {logging_mixin.py:151} INFO - [2023-09-25T11:15:31.825+0000] {dagbag.py:539} INFO - Filling up the DagBag from /opt/airflow/dags/3-dependencies.py
[2023-09-25T11:15:31.865+0000] {processor.py:839} INFO - DAG(s) dict_keys(['dependencies']) retrieved from /opt/airflow/dags/3-dependencies.py
[2023-09-25T11:15:31.891+0000] {logging_mixin.py:151} INFO - [2023-09-25T11:15:31.891+0000] {dag.py:2915} INFO - Sync 1 DAGs
[2023-09-25T11:15:31.919+0000] {logging_mixin.py:151} INFO - [2023-09-25T11:15:31.919+0000] {dag.py:3696} INFO - Setting next_dagrun for dependencies to 2023-09-18T00:00:00+00:00, run_after=2023-09-18T00:00:00+00:00
[2023-09-25T11:15:31.962+0000] {processor.py:179} INFO - Processing /opt/airflow/dags/3-dependencies.py took 0.142 seconds
[2023-09-25T11:16:02.871+0000] {processor.py:157} INFO - Started process (PID=115) to work on /opt/airflow/dags/3-dependencies.py
[2023-09-25T11:16:02.872+0000] {processor.py:829} INFO - Processing file /opt/airflow/dags/3-dependencies.py for tasks to queue
[2023-09-25T11:16:02.873+0000] {logging_mixin.py:151} INFO - [2023-09-25T11:16:02.873+0000] {dagbag.py:539} INFO - Filling up the DagBag from /opt/airflow/dags/3-dependencies.py
[2023-09-25T11:16:02.913+0000] {processor.py:839} INFO - DAG(s) dict_keys(['dependencies']) retrieved from /opt/airflow/dags/3-dependencies.py
[2023-09-25T11:16:02.934+0000] {logging_mixin.py:151} INFO - [2023-09-25T11:16:02.933+0000] {dag.py:2915} INFO - Sync 1 DAGs
[2023-09-25T11:16:02.956+0000] {logging_mixin.py:151} INFO - [2023-09-25T11:16:02.956+0000] {dag.py:3696} INFO - Setting next_dagrun for dependencies to 2023-09-18T00:00:00+00:00, run_after=2023-09-18T00:00:00+00:00
[2023-09-25T11:16:02.980+0000] {processor.py:179} INFO - Processing /opt/airflow/dags/3-dependencies.py took 0.112 seconds
[2023-09-25T11:16:33.866+0000] {processor.py:157} INFO - Started process (PID=138) to work on /opt/airflow/dags/3-dependencies.py
[2023-09-25T11:16:33.867+0000] {processor.py:829} INFO - Processing file /opt/airflow/dags/3-dependencies.py for tasks to queue
[2023-09-25T11:16:33.868+0000] {logging_mixin.py:151} INFO - [2023-09-25T11:16:33.868+0000] {dagbag.py:539} INFO - Filling up the DagBag from /opt/airflow/dags/3-dependencies.py
[2023-09-25T11:16:33.911+0000] {processor.py:839} INFO - DAG(s) dict_keys(['dependencies']) retrieved from /opt/airflow/dags/3-dependencies.py
[2023-09-25T11:16:33.931+0000] {logging_mixin.py:151} INFO - [2023-09-25T11:16:33.931+0000] {dag.py:2915} INFO - Sync 1 DAGs
[2023-09-25T11:16:33.951+0000] {logging_mixin.py:151} INFO - [2023-09-25T11:16:33.951+0000] {dag.py:3696} INFO - Setting next_dagrun for dependencies to 2023-09-18T00:00:00+00:00, run_after=2023-09-18T00:00:00+00:00
[2023-09-25T11:16:33.977+0000] {processor.py:179} INFO - Processing /opt/airflow/dags/3-dependencies.py took 0.115 seconds
[2023-09-25T11:17:04.970+0000] {processor.py:157} INFO - Started process (PID=161) to work on /opt/airflow/dags/3-dependencies.py
[2023-09-25T11:17:04.972+0000] {processor.py:829} INFO - Processing file /opt/airflow/dags/3-dependencies.py for tasks to queue
[2023-09-25T11:17:04.973+0000] {logging_mixin.py:151} INFO - [2023-09-25T11:17:04.973+0000] {dagbag.py:539} INFO - Filling up the DagBag from /opt/airflow/dags/3-dependencies.py
[2023-09-25T11:17:05.014+0000] {processor.py:839} INFO - DAG(s) dict_keys(['dependencies']) retrieved from /opt/airflow/dags/3-dependencies.py
[2023-09-25T11:17:05.034+0000] {logging_mixin.py:151} INFO - [2023-09-25T11:17:05.034+0000] {dag.py:2915} INFO - Sync 1 DAGs
[2023-09-25T11:17:05.054+0000] {logging_mixin.py:151} INFO - [2023-09-25T11:17:05.054+0000] {dag.py:3696} INFO - Setting next_dagrun for dependencies to 2023-09-18T00:00:00+00:00, run_after=2023-09-18T00:00:00+00:00
[2023-09-25T11:17:05.076+0000] {processor.py:179} INFO - Processing /opt/airflow/dags/3-dependencies.py took 0.109 seconds
[2023-09-25T11:17:35.762+0000] {processor.py:157} INFO - Started process (PID=184) to work on /opt/airflow/dags/3-dependencies.py
[2023-09-25T11:17:35.763+0000] {processor.py:829} INFO - Processing file /opt/airflow/dags/3-dependencies.py for tasks to queue
[2023-09-25T11:17:35.766+0000] {logging_mixin.py:151} INFO - [2023-09-25T11:17:35.765+0000] {dagbag.py:539} INFO - Filling up the DagBag from /opt/airflow/dags/3-dependencies.py
[2023-09-25T11:17:35.804+0000] {processor.py:839} INFO - DAG(s) dict_keys(['dependencies']) retrieved from /opt/airflow/dags/3-dependencies.py
[2023-09-25T11:17:35.828+0000] {logging_mixin.py:151} INFO - [2023-09-25T11:17:35.828+0000] {dag.py:2915} INFO - Sync 1 DAGs
[2023-09-25T11:17:35.854+0000] {logging_mixin.py:151} INFO - [2023-09-25T11:17:35.854+0000] {dag.py:3696} INFO - Setting next_dagrun for dependencies to 2023-09-18T00:00:00+00:00, run_after=2023-09-18T00:00:00+00:00
[2023-09-25T11:17:35.881+0000] {processor.py:179} INFO - Processing /opt/airflow/dags/3-dependencies.py took 0.122 seconds
[2023-09-25T11:18:06.436+0000] {processor.py:157} INFO - Started process (PID=212) to work on /opt/airflow/dags/3-dependencies.py
[2023-09-25T11:18:06.439+0000] {processor.py:829} INFO - Processing file /opt/airflow/dags/3-dependencies.py for tasks to queue
[2023-09-25T11:18:06.441+0000] {logging_mixin.py:151} INFO - [2023-09-25T11:18:06.440+0000] {dagbag.py:539} INFO - Filling up the DagBag from /opt/airflow/dags/3-dependencies.py
[2023-09-25T11:18:06.534+0000] {processor.py:839} INFO - DAG(s) dict_keys(['dependencies']) retrieved from /opt/airflow/dags/3-dependencies.py
[2023-09-25T11:18:06.875+0000] {logging_mixin.py:151} INFO - [2023-09-25T11:18:06.874+0000] {dag.py:2915} INFO - Sync 1 DAGs
[2023-09-25T11:18:06.955+0000] {logging_mixin.py:151} INFO - [2023-09-25T11:18:06.952+0000] {dag.py:3696} INFO - Setting next_dagrun for dependencies to 2023-09-18T00:00:00+00:00, run_after=2023-09-18T00:00:00+00:00
[2023-09-25T11:18:07.015+0000] {processor.py:179} INFO - Processing /opt/airflow/dags/3-dependencies.py took 0.584 seconds
[2023-09-25T11:18:37.259+0000] {processor.py:157} INFO - Started process (PID=240) to work on /opt/airflow/dags/3-dependencies.py
[2023-09-25T11:18:37.260+0000] {processor.py:829} INFO - Processing file /opt/airflow/dags/3-dependencies.py for tasks to queue
[2023-09-25T11:18:37.261+0000] {logging_mixin.py:151} INFO - [2023-09-25T11:18:37.261+0000] {dagbag.py:539} INFO - Filling up the DagBag from /opt/airflow/dags/3-dependencies.py
[2023-09-25T11:18:37.309+0000] {processor.py:839} INFO - DAG(s) dict_keys(['dependencies']) retrieved from /opt/airflow/dags/3-dependencies.py
[2023-09-25T11:18:37.337+0000] {logging_mixin.py:151} INFO - [2023-09-25T11:18:37.337+0000] {dag.py:2915} INFO - Sync 1 DAGs
[2023-09-25T11:18:37.384+0000] {logging_mixin.py:151} INFO - [2023-09-25T11:18:37.384+0000] {dag.py:3696} INFO - Setting next_dagrun for dependencies to 2023-09-18T00:00:00+00:00, run_after=2023-09-18T00:00:00+00:00
[2023-09-25T11:18:37.446+0000] {processor.py:179} INFO - Processing /opt/airflow/dags/3-dependencies.py took 0.191 seconds
[2023-09-25T11:19:08.522+0000] {processor.py:157} INFO - Started process (PID=263) to work on /opt/airflow/dags/3-dependencies.py
[2023-09-25T11:19:08.523+0000] {processor.py:829} INFO - Processing file /opt/airflow/dags/3-dependencies.py for tasks to queue
[2023-09-25T11:19:08.525+0000] {logging_mixin.py:151} INFO - [2023-09-25T11:19:08.524+0000] {dagbag.py:539} INFO - Filling up the DagBag from /opt/airflow/dags/3-dependencies.py
[2023-09-25T11:19:08.569+0000] {processor.py:839} INFO - DAG(s) dict_keys(['dependencies']) retrieved from /opt/airflow/dags/3-dependencies.py
[2023-09-25T11:19:08.593+0000] {logging_mixin.py:151} INFO - [2023-09-25T11:19:08.593+0000] {dag.py:2915} INFO - Sync 1 DAGs
[2023-09-25T11:19:08.617+0000] {logging_mixin.py:151} INFO - [2023-09-25T11:19:08.617+0000] {dag.py:3696} INFO - Setting next_dagrun for dependencies to 2023-09-18T00:00:00+00:00, run_after=2023-09-18T00:00:00+00:00
[2023-09-25T11:19:08.641+0000] {processor.py:179} INFO - Processing /opt/airflow/dags/3-dependencies.py took 0.124 seconds
[2023-09-25T11:19:39.081+0000] {processor.py:157} INFO - Started process (PID=286) to work on /opt/airflow/dags/3-dependencies.py
[2023-09-25T11:19:39.083+0000] {processor.py:829} INFO - Processing file /opt/airflow/dags/3-dependencies.py for tasks to queue
[2023-09-25T11:19:39.084+0000] {logging_mixin.py:151} INFO - [2023-09-25T11:19:39.084+0000] {dagbag.py:539} INFO - Filling up the DagBag from /opt/airflow/dags/3-dependencies.py
[2023-09-25T11:19:39.125+0000] {processor.py:839} INFO - DAG(s) dict_keys(['dependencies']) retrieved from /opt/airflow/dags/3-dependencies.py
[2023-09-25T11:19:39.149+0000] {logging_mixin.py:151} INFO - [2023-09-25T11:19:39.149+0000] {dag.py:2915} INFO - Sync 1 DAGs
[2023-09-25T11:19:39.176+0000] {logging_mixin.py:151} INFO - [2023-09-25T11:19:39.176+0000] {dag.py:3696} INFO - Setting next_dagrun for dependencies to 2023-09-18T00:00:00+00:00, run_after=2023-09-18T00:00:00+00:00
[2023-09-25T11:19:39.209+0000] {processor.py:179} INFO - Processing /opt/airflow/dags/3-dependencies.py took 0.131 seconds
[2023-09-25T11:20:09.995+0000] {processor.py:157} INFO - Started process (PID=309) to work on /opt/airflow/dags/3-dependencies.py
[2023-09-25T11:20:09.997+0000] {processor.py:829} INFO - Processing file /opt/airflow/dags/3-dependencies.py for tasks to queue
[2023-09-25T11:20:10.001+0000] {logging_mixin.py:151} INFO - [2023-09-25T11:20:10.000+0000] {dagbag.py:539} INFO - Filling up the DagBag from /opt/airflow/dags/3-dependencies.py
[2023-09-25T11:20:10.046+0000] {processor.py:839} INFO - DAG(s) dict_keys(['dependencies']) retrieved from /opt/airflow/dags/3-dependencies.py
[2023-09-25T11:20:10.080+0000] {logging_mixin.py:151} INFO - [2023-09-25T11:20:10.080+0000] {dag.py:2915} INFO - Sync 1 DAGs
[2023-09-25T11:20:10.123+0000] {logging_mixin.py:151} INFO - [2023-09-25T11:20:10.122+0000] {dag.py:3696} INFO - Setting next_dagrun for dependencies to 2023-09-18T00:00:00+00:00, run_after=2023-09-18T00:00:00+00:00
[2023-09-25T11:20:10.155+0000] {processor.py:179} INFO - Processing /opt/airflow/dags/3-dependencies.py took 0.168 seconds
[2023-09-25T11:20:40.563+0000] {processor.py:157} INFO - Started process (PID=332) to work on /opt/airflow/dags/3-dependencies.py
[2023-09-25T11:20:40.564+0000] {processor.py:829} INFO - Processing file /opt/airflow/dags/3-dependencies.py for tasks to queue
[2023-09-25T11:20:40.565+0000] {logging_mixin.py:151} INFO - [2023-09-25T11:20:40.565+0000] {dagbag.py:539} INFO - Filling up the DagBag from /opt/airflow/dags/3-dependencies.py
[2023-09-25T11:20:40.608+0000] {processor.py:839} INFO - DAG(s) dict_keys(['dependencies']) retrieved from /opt/airflow/dags/3-dependencies.py
[2023-09-25T11:20:40.632+0000] {logging_mixin.py:151} INFO - [2023-09-25T11:20:40.632+0000] {dag.py:2915} INFO - Sync 1 DAGs
[2023-09-25T11:20:40.661+0000] {logging_mixin.py:151} INFO - [2023-09-25T11:20:40.661+0000] {dag.py:3696} INFO - Setting next_dagrun for dependencies to 2023-09-18T00:00:00+00:00, run_after=2023-09-18T00:00:00+00:00
[2023-09-25T11:20:40.698+0000] {processor.py:179} INFO - Processing /opt/airflow/dags/3-dependencies.py took 0.139 seconds
[2023-09-25T11:21:11.025+0000] {processor.py:157} INFO - Started process (PID=355) to work on /opt/airflow/dags/3-dependencies.py
[2023-09-25T11:21:11.027+0000] {processor.py:829} INFO - Processing file /opt/airflow/dags/3-dependencies.py for tasks to queue
[2023-09-25T11:21:11.029+0000] {logging_mixin.py:151} INFO - [2023-09-25T11:21:11.029+0000] {dagbag.py:539} INFO - Filling up the DagBag from /opt/airflow/dags/3-dependencies.py
[2023-09-25T11:21:11.075+0000] {processor.py:839} INFO - DAG(s) dict_keys(['dependencies']) retrieved from /opt/airflow/dags/3-dependencies.py
[2023-09-25T11:21:11.101+0000] {logging_mixin.py:151} INFO - [2023-09-25T11:21:11.100+0000] {dag.py:2915} INFO - Sync 1 DAGs
[2023-09-25T11:21:11.124+0000] {logging_mixin.py:151} INFO - [2023-09-25T11:21:11.124+0000] {dag.py:3696} INFO - Setting next_dagrun for dependencies to 2023-09-18T00:00:00+00:00, run_after=2023-09-18T00:00:00+00:00
[2023-09-25T11:21:11.154+0000] {processor.py:179} INFO - Processing /opt/airflow/dags/3-dependencies.py took 0.133 seconds
[2023-09-25T11:21:41.608+0000] {processor.py:157} INFO - Started process (PID=378) to work on /opt/airflow/dags/3-dependencies.py
[2023-09-25T11:21:41.609+0000] {processor.py:829} INFO - Processing file /opt/airflow/dags/3-dependencies.py for tasks to queue
[2023-09-25T11:21:41.610+0000] {logging_mixin.py:151} INFO - [2023-09-25T11:21:41.610+0000] {dagbag.py:539} INFO - Filling up the DagBag from /opt/airflow/dags/3-dependencies.py
[2023-09-25T11:21:41.656+0000] {processor.py:839} INFO - DAG(s) dict_keys(['dependencies']) retrieved from /opt/airflow/dags/3-dependencies.py
[2023-09-25T11:21:41.680+0000] {logging_mixin.py:151} INFO - [2023-09-25T11:21:41.680+0000] {dag.py:2915} INFO - Sync 1 DAGs
[2023-09-25T11:21:41.706+0000] {logging_mixin.py:151} INFO - [2023-09-25T11:21:41.705+0000] {dag.py:3696} INFO - Setting next_dagrun for dependencies to 2023-09-18T00:00:00+00:00, run_after=2023-09-18T00:00:00+00:00
[2023-09-25T11:21:41.738+0000] {processor.py:179} INFO - Processing /opt/airflow/dags/3-dependencies.py took 0.134 seconds
[2023-09-25T11:22:12.235+0000] {processor.py:157} INFO - Started process (PID=401) to work on /opt/airflow/dags/3-dependencies.py
[2023-09-25T11:22:12.237+0000] {processor.py:829} INFO - Processing file /opt/airflow/dags/3-dependencies.py for tasks to queue
[2023-09-25T11:22:12.239+0000] {logging_mixin.py:151} INFO - [2023-09-25T11:22:12.238+0000] {dagbag.py:539} INFO - Filling up the DagBag from /opt/airflow/dags/3-dependencies.py
[2023-09-25T11:22:12.299+0000] {processor.py:839} INFO - DAG(s) dict_keys(['dependencies']) retrieved from /opt/airflow/dags/3-dependencies.py
[2023-09-25T11:22:12.327+0000] {logging_mixin.py:151} INFO - [2023-09-25T11:22:12.327+0000] {dag.py:2915} INFO - Sync 1 DAGs
[2023-09-25T11:22:12.353+0000] {logging_mixin.py:151} INFO - [2023-09-25T11:22:12.353+0000] {dag.py:3696} INFO - Setting next_dagrun for dependencies to 2023-09-18T00:00:00+00:00, run_after=2023-09-18T00:00:00+00:00
[2023-09-25T11:22:12.393+0000] {processor.py:179} INFO - Processing /opt/airflow/dags/3-dependencies.py took 0.161 seconds
[2023-09-25T11:22:42.592+0000] {processor.py:157} INFO - Started process (PID=431) to work on /opt/airflow/dags/3-dependencies.py
[2023-09-25T11:22:42.593+0000] {processor.py:829} INFO - Processing file /opt/airflow/dags/3-dependencies.py for tasks to queue
[2023-09-25T11:22:42.595+0000] {logging_mixin.py:151} INFO - [2023-09-25T11:22:42.595+0000] {dagbag.py:539} INFO - Filling up the DagBag from /opt/airflow/dags/3-dependencies.py
[2023-09-25T11:22:42.641+0000] {processor.py:839} INFO - DAG(s) dict_keys(['dependencies']) retrieved from /opt/airflow/dags/3-dependencies.py
[2023-09-25T11:22:42.664+0000] {logging_mixin.py:151} INFO - [2023-09-25T11:22:42.664+0000] {dag.py:2915} INFO - Sync 1 DAGs
[2023-09-25T11:22:42.688+0000] {logging_mixin.py:151} INFO - [2023-09-25T11:22:42.688+0000] {dag.py:3696} INFO - Setting next_dagrun for dependencies to 2023-09-18T00:00:00+00:00, run_after=2023-09-18T00:00:00+00:00
[2023-09-25T11:22:42.719+0000] {processor.py:179} INFO - Processing /opt/airflow/dags/3-dependencies.py took 0.131 seconds
[2023-09-25T11:23:13.105+0000] {processor.py:157} INFO - Started process (PID=454) to work on /opt/airflow/dags/3-dependencies.py
[2023-09-25T11:23:13.107+0000] {processor.py:829} INFO - Processing file /opt/airflow/dags/3-dependencies.py for tasks to queue
[2023-09-25T11:23:13.109+0000] {logging_mixin.py:151} INFO - [2023-09-25T11:23:13.108+0000] {dagbag.py:539} INFO - Filling up the DagBag from /opt/airflow/dags/3-dependencies.py
[2023-09-25T11:23:13.156+0000] {processor.py:839} INFO - DAG(s) dict_keys(['dependencies']) retrieved from /opt/airflow/dags/3-dependencies.py
[2023-09-25T11:23:13.178+0000] {logging_mixin.py:151} INFO - [2023-09-25T11:23:13.178+0000] {dag.py:2915} INFO - Sync 1 DAGs
[2023-09-25T11:23:13.202+0000] {logging_mixin.py:151} INFO - [2023-09-25T11:23:13.202+0000] {dag.py:3696} INFO - Setting next_dagrun for dependencies to 2023-09-18T00:00:00+00:00, run_after=2023-09-18T00:00:00+00:00
[2023-09-25T11:23:13.232+0000] {processor.py:179} INFO - Processing /opt/airflow/dags/3-dependencies.py took 0.131 seconds
[2023-09-25T11:23:43.687+0000] {processor.py:157} INFO - Started process (PID=477) to work on /opt/airflow/dags/3-dependencies.py
[2023-09-25T11:23:43.688+0000] {processor.py:829} INFO - Processing file /opt/airflow/dags/3-dependencies.py for tasks to queue
[2023-09-25T11:23:43.690+0000] {logging_mixin.py:151} INFO - [2023-09-25T11:23:43.690+0000] {dagbag.py:539} INFO - Filling up the DagBag from /opt/airflow/dags/3-dependencies.py
[2023-09-25T11:23:43.738+0000] {processor.py:839} INFO - DAG(s) dict_keys(['dependencies']) retrieved from /opt/airflow/dags/3-dependencies.py
[2023-09-25T11:23:43.765+0000] {logging_mixin.py:151} INFO - [2023-09-25T11:23:43.765+0000] {dag.py:2915} INFO - Sync 1 DAGs
[2023-09-25T11:23:43.794+0000] {logging_mixin.py:151} INFO - [2023-09-25T11:23:43.793+0000] {dag.py:3696} INFO - Setting next_dagrun for dependencies to 2023-09-18T00:00:00+00:00, run_after=2023-09-18T00:00:00+00:00
[2023-09-25T11:23:43.830+0000] {processor.py:179} INFO - Processing /opt/airflow/dags/3-dependencies.py took 0.147 seconds
[2023-09-25T11:24:14.824+0000] {processor.py:157} INFO - Started process (PID=500) to work on /opt/airflow/dags/3-dependencies.py
[2023-09-25T11:24:14.825+0000] {processor.py:829} INFO - Processing file /opt/airflow/dags/3-dependencies.py for tasks to queue
[2023-09-25T11:24:14.827+0000] {logging_mixin.py:151} INFO - [2023-09-25T11:24:14.826+0000] {dagbag.py:539} INFO - Filling up the DagBag from /opt/airflow/dags/3-dependencies.py
[2023-09-25T11:24:14.865+0000] {processor.py:839} INFO - DAG(s) dict_keys(['dependencies']) retrieved from /opt/airflow/dags/3-dependencies.py
[2023-09-25T11:24:14.886+0000] {logging_mixin.py:151} INFO - [2023-09-25T11:24:14.886+0000] {dag.py:2915} INFO - Sync 1 DAGs
[2023-09-25T11:24:14.907+0000] {logging_mixin.py:151} INFO - [2023-09-25T11:24:14.907+0000] {dag.py:3696} INFO - Setting next_dagrun for dependencies to 2023-09-18T00:00:00+00:00, run_after=2023-09-18T00:00:00+00:00
[2023-09-25T11:24:14.934+0000] {processor.py:179} INFO - Processing /opt/airflow/dags/3-dependencies.py took 0.113 seconds
[2023-09-25T11:24:45.318+0000] {processor.py:157} INFO - Started process (PID=523) to work on /opt/airflow/dags/3-dependencies.py
[2023-09-25T11:24:45.319+0000] {processor.py:829} INFO - Processing file /opt/airflow/dags/3-dependencies.py for tasks to queue
[2023-09-25T11:24:45.321+0000] {logging_mixin.py:151} INFO - [2023-09-25T11:24:45.320+0000] {dagbag.py:539} INFO - Filling up the DagBag from /opt/airflow/dags/3-dependencies.py
[2023-09-25T11:24:45.361+0000] {processor.py:839} INFO - DAG(s) dict_keys(['dependencies']) retrieved from /opt/airflow/dags/3-dependencies.py
[2023-09-25T11:24:45.388+0000] {logging_mixin.py:151} INFO - [2023-09-25T11:24:45.388+0000] {dag.py:2915} INFO - Sync 1 DAGs
[2023-09-25T11:24:45.424+0000] {logging_mixin.py:151} INFO - [2023-09-25T11:24:45.423+0000] {dag.py:3696} INFO - Setting next_dagrun for dependencies to 2023-09-18T00:00:00+00:00, run_after=2023-09-18T00:00:00+00:00
[2023-09-25T11:24:45.449+0000] {processor.py:179} INFO - Processing /opt/airflow/dags/3-dependencies.py took 0.134 seconds
[2023-09-25T11:25:15.905+0000] {processor.py:157} INFO - Started process (PID=546) to work on /opt/airflow/dags/3-dependencies.py
[2023-09-25T11:25:15.906+0000] {processor.py:829} INFO - Processing file /opt/airflow/dags/3-dependencies.py for tasks to queue
[2023-09-25T11:25:15.908+0000] {logging_mixin.py:151} INFO - [2023-09-25T11:25:15.908+0000] {dagbag.py:539} INFO - Filling up the DagBag from /opt/airflow/dags/3-dependencies.py
[2023-09-25T11:25:15.988+0000] {processor.py:839} INFO - DAG(s) dict_keys(['dependencies']) retrieved from /opt/airflow/dags/3-dependencies.py
[2023-09-25T11:25:16.079+0000] {logging_mixin.py:151} INFO - [2023-09-25T11:25:16.078+0000] {dag.py:2915} INFO - Sync 1 DAGs
[2023-09-25T11:25:16.171+0000] {logging_mixin.py:151} INFO - [2023-09-25T11:25:16.170+0000] {dag.py:3696} INFO - Setting next_dagrun for dependencies to 2023-09-18T00:00:00+00:00, run_after=2023-09-18T00:00:00+00:00
[2023-09-25T11:25:16.271+0000] {processor.py:179} INFO - Processing /opt/airflow/dags/3-dependencies.py took 0.372 seconds
