[2023-09-25T07:34:32.810+0000] {processor.py:157} INFO - Started process (PID=49) to work on /opt/airflow/dags/4-customoperator.py
[2023-09-25T07:34:32.813+0000] {processor.py:829} INFO - Processing file /opt/airflow/dags/4-customoperator.py for tasks to queue
[2023-09-25T07:34:32.817+0000] {logging_mixin.py:151} INFO - [2023-09-25T07:34:32.816+0000] {dagbag.py:539} INFO - Filling up the DagBag from /opt/airflow/dags/4-customoperator.py
[2023-09-25T07:34:32.946+0000] {processor.py:839} INFO - DAG(s) dict_keys(['customoperator']) retrieved from /opt/airflow/dags/4-customoperator.py
[2023-09-25T07:34:32.988+0000] {logging_mixin.py:151} INFO - [2023-09-25T07:34:32.987+0000] {dag.py:2915} INFO - Sync 1 DAGs
[2023-09-25T07:34:33.029+0000] {logging_mixin.py:151} INFO - [2023-09-25T07:34:33.029+0000] {dag.py:3696} INFO - Setting next_dagrun for customoperator to 2023-09-18T00:00:00+00:00, run_after=2023-09-19T00:00:00+00:00
[2023-09-25T07:34:33.061+0000] {processor.py:179} INFO - Processing /opt/airflow/dags/4-customoperator.py took 0.262 seconds
[2023-09-25T07:40:11.324+0000] {processor.py:157} INFO - Started process (PID=44) to work on /opt/airflow/dags/4-customoperator.py
[2023-09-25T07:40:11.336+0000] {processor.py:829} INFO - Processing file /opt/airflow/dags/4-customoperator.py for tasks to queue
[2023-09-25T07:40:11.340+0000] {logging_mixin.py:151} INFO - [2023-09-25T07:40:11.338+0000] {dagbag.py:539} INFO - Filling up the DagBag from /opt/airflow/dags/4-customoperator.py
[2023-09-25T07:40:11.432+0000] {processor.py:839} INFO - DAG(s) dict_keys(['customoperator']) retrieved from /opt/airflow/dags/4-customoperator.py
[2023-09-25T07:40:12.255+0000] {logging_mixin.py:151} INFO - [2023-09-25T07:40:12.255+0000] {security.py:708} INFO - Not syncing DAG-level permissions for DAG 'DAG:customoperator' as access control is unset.
[2023-09-25T07:40:12.271+0000] {logging_mixin.py:151} INFO - [2023-09-25T07:40:12.270+0000] {dag.py:2915} INFO - Sync 1 DAGs
[2023-09-25T07:40:12.324+0000] {logging_mixin.py:151} INFO - [2023-09-25T07:40:12.323+0000] {dag.py:3696} INFO - Setting next_dagrun for customoperator to 2023-09-18T00:00:00+00:00, run_after=2023-09-19T00:00:00+00:00
[2023-09-25T07:40:12.385+0000] {processor.py:179} INFO - Processing /opt/airflow/dags/4-customoperator.py took 1.075 seconds
[2023-09-25T07:40:43.076+0000] {processor.py:157} INFO - Started process (PID=66) to work on /opt/airflow/dags/4-customoperator.py
[2023-09-25T07:40:43.094+0000] {processor.py:829} INFO - Processing file /opt/airflow/dags/4-customoperator.py for tasks to queue
[2023-09-25T07:40:43.097+0000] {logging_mixin.py:151} INFO - [2023-09-25T07:40:43.096+0000] {dagbag.py:539} INFO - Filling up the DagBag from /opt/airflow/dags/4-customoperator.py
[2023-09-25T07:40:43.183+0000] {processor.py:839} INFO - DAG(s) dict_keys(['customoperator']) retrieved from /opt/airflow/dags/4-customoperator.py
[2023-09-25T07:40:43.231+0000] {logging_mixin.py:151} INFO - [2023-09-25T07:40:43.230+0000] {dag.py:2915} INFO - Sync 1 DAGs
[2023-09-25T07:40:43.294+0000] {logging_mixin.py:151} INFO - [2023-09-25T07:40:43.294+0000] {dag.py:3696} INFO - Setting next_dagrun for customoperator to 2023-09-18T00:00:00+00:00, run_after=2023-09-19T00:00:00+00:00
[2023-09-25T07:40:43.343+0000] {processor.py:179} INFO - Processing /opt/airflow/dags/4-customoperator.py took 0.275 seconds
[2023-09-25T07:41:13.592+0000] {processor.py:157} INFO - Started process (PID=88) to work on /opt/airflow/dags/4-customoperator.py
[2023-09-25T07:41:13.594+0000] {processor.py:829} INFO - Processing file /opt/airflow/dags/4-customoperator.py for tasks to queue
[2023-09-25T07:41:13.596+0000] {logging_mixin.py:151} INFO - [2023-09-25T07:41:13.595+0000] {dagbag.py:539} INFO - Filling up the DagBag from /opt/airflow/dags/4-customoperator.py
[2023-09-25T07:41:13.654+0000] {processor.py:839} INFO - DAG(s) dict_keys(['customoperator']) retrieved from /opt/airflow/dags/4-customoperator.py
[2023-09-25T07:41:13.676+0000] {logging_mixin.py:151} INFO - [2023-09-25T07:41:13.676+0000] {dag.py:2915} INFO - Sync 1 DAGs
[2023-09-25T07:41:13.700+0000] {logging_mixin.py:151} INFO - [2023-09-25T07:41:13.699+0000] {dag.py:3696} INFO - Setting next_dagrun for customoperator to 2023-09-18T00:00:00+00:00, run_after=2023-09-19T00:00:00+00:00
[2023-09-25T07:41:13.725+0000] {processor.py:179} INFO - Processing /opt/airflow/dags/4-customoperator.py took 0.137 seconds
[2023-09-25T07:41:44.152+0000] {processor.py:157} INFO - Started process (PID=110) to work on /opt/airflow/dags/4-customoperator.py
[2023-09-25T07:41:44.153+0000] {processor.py:829} INFO - Processing file /opt/airflow/dags/4-customoperator.py for tasks to queue
[2023-09-25T07:41:44.155+0000] {logging_mixin.py:151} INFO - [2023-09-25T07:41:44.154+0000] {dagbag.py:539} INFO - Filling up the DagBag from /opt/airflow/dags/4-customoperator.py
[2023-09-25T07:41:44.238+0000] {processor.py:839} INFO - DAG(s) dict_keys(['customoperator']) retrieved from /opt/airflow/dags/4-customoperator.py
[2023-09-25T07:41:44.264+0000] {logging_mixin.py:151} INFO - [2023-09-25T07:41:44.264+0000] {dag.py:2915} INFO - Sync 1 DAGs
[2023-09-25T07:41:44.290+0000] {logging_mixin.py:151} INFO - [2023-09-25T07:41:44.290+0000] {dag.py:3696} INFO - Setting next_dagrun for customoperator to 2023-09-18T00:00:00+00:00, run_after=2023-09-19T00:00:00+00:00
[2023-09-25T07:41:44.314+0000] {processor.py:179} INFO - Processing /opt/airflow/dags/4-customoperator.py took 0.167 seconds
[2023-09-25T07:42:14.736+0000] {processor.py:157} INFO - Started process (PID=132) to work on /opt/airflow/dags/4-customoperator.py
[2023-09-25T07:42:14.737+0000] {processor.py:829} INFO - Processing file /opt/airflow/dags/4-customoperator.py for tasks to queue
[2023-09-25T07:42:14.738+0000] {logging_mixin.py:151} INFO - [2023-09-25T07:42:14.738+0000] {dagbag.py:539} INFO - Filling up the DagBag from /opt/airflow/dags/4-customoperator.py
[2023-09-25T07:42:14.789+0000] {processor.py:839} INFO - DAG(s) dict_keys(['customoperator']) retrieved from /opt/airflow/dags/4-customoperator.py
[2023-09-25T07:42:14.811+0000] {logging_mixin.py:151} INFO - [2023-09-25T07:42:14.811+0000] {dag.py:2915} INFO - Sync 1 DAGs
[2023-09-25T07:42:14.841+0000] {logging_mixin.py:151} INFO - [2023-09-25T07:42:14.841+0000] {dag.py:3696} INFO - Setting next_dagrun for customoperator to 2023-09-18T00:00:00+00:00, run_after=2023-09-19T00:00:00+00:00
[2023-09-25T07:42:14.892+0000] {processor.py:179} INFO - Processing /opt/airflow/dags/4-customoperator.py took 0.160 seconds
[2023-09-25T07:42:45.131+0000] {processor.py:157} INFO - Started process (PID=155) to work on /opt/airflow/dags/4-customoperator.py
[2023-09-25T07:42:45.132+0000] {processor.py:829} INFO - Processing file /opt/airflow/dags/4-customoperator.py for tasks to queue
[2023-09-25T07:42:45.134+0000] {logging_mixin.py:151} INFO - [2023-09-25T07:42:45.134+0000] {dagbag.py:539} INFO - Filling up the DagBag from /opt/airflow/dags/4-customoperator.py
[2023-09-25T07:42:45.194+0000] {processor.py:839} INFO - DAG(s) dict_keys(['customoperator']) retrieved from /opt/airflow/dags/4-customoperator.py
[2023-09-25T07:42:45.221+0000] {logging_mixin.py:151} INFO - [2023-09-25T07:42:45.220+0000] {dag.py:2915} INFO - Sync 1 DAGs
[2023-09-25T07:42:45.246+0000] {logging_mixin.py:151} INFO - [2023-09-25T07:42:45.246+0000] {dag.py:3696} INFO - Setting next_dagrun for customoperator to 2023-09-18T00:00:00+00:00, run_after=2023-09-19T00:00:00+00:00
[2023-09-25T07:42:45.272+0000] {processor.py:179} INFO - Processing /opt/airflow/dags/4-customoperator.py took 0.145 seconds
[2023-09-25T07:43:15.942+0000] {processor.py:157} INFO - Started process (PID=177) to work on /opt/airflow/dags/4-customoperator.py
[2023-09-25T07:43:15.944+0000] {processor.py:829} INFO - Processing file /opt/airflow/dags/4-customoperator.py for tasks to queue
[2023-09-25T07:43:15.946+0000] {logging_mixin.py:151} INFO - [2023-09-25T07:43:15.945+0000] {dagbag.py:539} INFO - Filling up the DagBag from /opt/airflow/dags/4-customoperator.py
[2023-09-25T07:43:16.000+0000] {processor.py:839} INFO - DAG(s) dict_keys(['customoperator']) retrieved from /opt/airflow/dags/4-customoperator.py
[2023-09-25T07:43:16.028+0000] {logging_mixin.py:151} INFO - [2023-09-25T07:43:16.028+0000] {dag.py:2915} INFO - Sync 1 DAGs
[2023-09-25T07:43:16.056+0000] {logging_mixin.py:151} INFO - [2023-09-25T07:43:16.055+0000] {dag.py:3696} INFO - Setting next_dagrun for customoperator to 2023-09-18T00:00:00+00:00, run_after=2023-09-19T00:00:00+00:00
[2023-09-25T07:43:16.167+0000] {processor.py:179} INFO - Processing /opt/airflow/dags/4-customoperator.py took 0.229 seconds
[2023-09-25T07:43:47.079+0000] {processor.py:157} INFO - Started process (PID=206) to work on /opt/airflow/dags/4-customoperator.py
[2023-09-25T07:43:47.080+0000] {processor.py:829} INFO - Processing file /opt/airflow/dags/4-customoperator.py for tasks to queue
[2023-09-25T07:43:47.082+0000] {logging_mixin.py:151} INFO - [2023-09-25T07:43:47.081+0000] {dagbag.py:539} INFO - Filling up the DagBag from /opt/airflow/dags/4-customoperator.py
[2023-09-25T07:43:47.193+0000] {processor.py:839} INFO - DAG(s) dict_keys(['customoperator']) retrieved from /opt/airflow/dags/4-customoperator.py
[2023-09-25T07:43:47.251+0000] {logging_mixin.py:151} INFO - [2023-09-25T07:43:47.250+0000] {dag.py:2915} INFO - Sync 1 DAGs
[2023-09-25T07:43:47.309+0000] {logging_mixin.py:151} INFO - [2023-09-25T07:43:47.309+0000] {dag.py:3696} INFO - Setting next_dagrun for customoperator to 2023-09-18T00:00:00+00:00, run_after=2023-09-19T00:00:00+00:00
[2023-09-25T07:43:47.352+0000] {processor.py:179} INFO - Processing /opt/airflow/dags/4-customoperator.py took 0.277 seconds
[2023-09-25T07:44:17.538+0000] {processor.py:157} INFO - Started process (PID=228) to work on /opt/airflow/dags/4-customoperator.py
[2023-09-25T07:44:17.540+0000] {processor.py:829} INFO - Processing file /opt/airflow/dags/4-customoperator.py for tasks to queue
[2023-09-25T07:44:17.543+0000] {logging_mixin.py:151} INFO - [2023-09-25T07:44:17.542+0000] {dagbag.py:539} INFO - Filling up the DagBag from /opt/airflow/dags/4-customoperator.py
[2023-09-25T07:44:17.635+0000] {processor.py:839} INFO - DAG(s) dict_keys(['customoperator']) retrieved from /opt/airflow/dags/4-customoperator.py
[2023-09-25T07:44:17.671+0000] {logging_mixin.py:151} INFO - [2023-09-25T07:44:17.671+0000] {dag.py:2915} INFO - Sync 1 DAGs
[2023-09-25T07:44:17.693+0000] {logging_mixin.py:151} INFO - [2023-09-25T07:44:17.692+0000] {dag.py:3696} INFO - Setting next_dagrun for customoperator to 2023-09-18T00:00:00+00:00, run_after=2023-09-19T00:00:00+00:00
[2023-09-25T07:44:17.733+0000] {processor.py:179} INFO - Processing /opt/airflow/dags/4-customoperator.py took 0.202 seconds
[2023-09-25T07:44:55.082+0000] {processor.py:157} INFO - Started process (PID=250) to work on /opt/airflow/dags/4-customoperator.py
[2023-09-25T07:44:55.091+0000] {processor.py:829} INFO - Processing file /opt/airflow/dags/4-customoperator.py for tasks to queue
[2023-09-25T07:44:55.095+0000] {logging_mixin.py:151} INFO - [2023-09-25T07:44:55.094+0000] {dagbag.py:539} INFO - Filling up the DagBag from /opt/airflow/dags/4-customoperator.py
[2023-09-25T07:44:55.206+0000] {processor.py:839} INFO - DAG(s) dict_keys(['customoperator']) retrieved from /opt/airflow/dags/4-customoperator.py
[2023-09-25T07:44:55.285+0000] {logging_mixin.py:151} INFO - [2023-09-25T07:44:55.283+0000] {dag.py:2915} INFO - Sync 1 DAGs
[2023-09-25T07:44:55.555+0000] {logging_mixin.py:151} INFO - [2023-09-25T07:44:55.553+0000] {dag.py:3696} INFO - Setting next_dagrun for customoperator to 2023-09-18T00:00:00+00:00, run_after=2023-09-19T00:00:00+00:00
[2023-09-25T07:44:56.082+0000] {processor.py:179} INFO - Processing /opt/airflow/dags/4-customoperator.py took 1.007 seconds
[2023-09-25T07:45:27.050+0000] {processor.py:157} INFO - Started process (PID=272) to work on /opt/airflow/dags/4-customoperator.py
[2023-09-25T07:45:27.052+0000] {processor.py:829} INFO - Processing file /opt/airflow/dags/4-customoperator.py for tasks to queue
[2023-09-25T07:45:27.056+0000] {logging_mixin.py:151} INFO - [2023-09-25T07:45:27.055+0000] {dagbag.py:539} INFO - Filling up the DagBag from /opt/airflow/dags/4-customoperator.py
[2023-09-25T07:45:27.159+0000] {processor.py:839} INFO - DAG(s) dict_keys(['customoperator']) retrieved from /opt/airflow/dags/4-customoperator.py
[2023-09-25T07:45:27.184+0000] {logging_mixin.py:151} INFO - [2023-09-25T07:45:27.184+0000] {dag.py:2915} INFO - Sync 1 DAGs
[2023-09-25T07:45:27.205+0000] {logging_mixin.py:151} INFO - [2023-09-25T07:45:27.205+0000] {dag.py:3696} INFO - Setting next_dagrun for customoperator to 2023-09-18T00:00:00+00:00, run_after=2023-09-19T00:00:00+00:00
[2023-09-25T07:45:27.255+0000] {processor.py:179} INFO - Processing /opt/airflow/dags/4-customoperator.py took 0.214 seconds
[2023-09-25T07:45:57.424+0000] {processor.py:157} INFO - Started process (PID=294) to work on /opt/airflow/dags/4-customoperator.py
[2023-09-25T07:45:57.425+0000] {processor.py:829} INFO - Processing file /opt/airflow/dags/4-customoperator.py for tasks to queue
[2023-09-25T07:45:57.427+0000] {logging_mixin.py:151} INFO - [2023-09-25T07:45:57.426+0000] {dagbag.py:539} INFO - Filling up the DagBag from /opt/airflow/dags/4-customoperator.py
[2023-09-25T07:45:57.481+0000] {processor.py:839} INFO - DAG(s) dict_keys(['customoperator']) retrieved from /opt/airflow/dags/4-customoperator.py
[2023-09-25T07:45:57.528+0000] {logging_mixin.py:151} INFO - [2023-09-25T07:45:57.528+0000] {dag.py:2915} INFO - Sync 1 DAGs
[2023-09-25T07:45:57.571+0000] {logging_mixin.py:151} INFO - [2023-09-25T07:45:57.571+0000] {dag.py:3696} INFO - Setting next_dagrun for customoperator to 2023-09-18T00:00:00+00:00, run_after=2023-09-19T00:00:00+00:00
[2023-09-25T07:45:57.606+0000] {processor.py:179} INFO - Processing /opt/airflow/dags/4-customoperator.py took 0.188 seconds
[2023-09-25T07:46:27.956+0000] {processor.py:157} INFO - Started process (PID=316) to work on /opt/airflow/dags/4-customoperator.py
[2023-09-25T07:46:27.958+0000] {processor.py:829} INFO - Processing file /opt/airflow/dags/4-customoperator.py for tasks to queue
[2023-09-25T07:46:27.960+0000] {logging_mixin.py:151} INFO - [2023-09-25T07:46:27.959+0000] {dagbag.py:539} INFO - Filling up the DagBag from /opt/airflow/dags/4-customoperator.py
[2023-09-25T07:46:28.061+0000] {processor.py:839} INFO - DAG(s) dict_keys(['customoperator']) retrieved from /opt/airflow/dags/4-customoperator.py
[2023-09-25T07:46:28.102+0000] {logging_mixin.py:151} INFO - [2023-09-25T07:46:28.101+0000] {dag.py:2915} INFO - Sync 1 DAGs
[2023-09-25T07:46:28.135+0000] {logging_mixin.py:151} INFO - [2023-09-25T07:46:28.135+0000] {dag.py:3696} INFO - Setting next_dagrun for customoperator to 2023-09-18T00:00:00+00:00, run_after=2023-09-19T00:00:00+00:00
[2023-09-25T07:46:28.159+0000] {processor.py:179} INFO - Processing /opt/airflow/dags/4-customoperator.py took 0.208 seconds
[2023-09-25T07:46:58.492+0000] {processor.py:157} INFO - Started process (PID=338) to work on /opt/airflow/dags/4-customoperator.py
[2023-09-25T07:46:58.494+0000] {processor.py:829} INFO - Processing file /opt/airflow/dags/4-customoperator.py for tasks to queue
[2023-09-25T07:46:58.497+0000] {logging_mixin.py:151} INFO - [2023-09-25T07:46:58.496+0000] {dagbag.py:539} INFO - Filling up the DagBag from /opt/airflow/dags/4-customoperator.py
[2023-09-25T07:46:58.599+0000] {processor.py:839} INFO - DAG(s) dict_keys(['customoperator']) retrieved from /opt/airflow/dags/4-customoperator.py
[2023-09-25T07:46:58.641+0000] {logging_mixin.py:151} INFO - [2023-09-25T07:46:58.641+0000] {dag.py:2915} INFO - Sync 1 DAGs
[2023-09-25T07:46:58.686+0000] {logging_mixin.py:151} INFO - [2023-09-25T07:46:58.686+0000] {dag.py:3696} INFO - Setting next_dagrun for customoperator to 2023-09-18T00:00:00+00:00, run_after=2023-09-19T00:00:00+00:00
[2023-09-25T07:46:58.735+0000] {processor.py:179} INFO - Processing /opt/airflow/dags/4-customoperator.py took 0.252 seconds
[2023-09-25T07:47:29.106+0000] {processor.py:157} INFO - Started process (PID=360) to work on /opt/airflow/dags/4-customoperator.py
[2023-09-25T07:47:29.107+0000] {processor.py:829} INFO - Processing file /opt/airflow/dags/4-customoperator.py for tasks to queue
[2023-09-25T07:47:29.109+0000] {logging_mixin.py:151} INFO - [2023-09-25T07:47:29.109+0000] {dagbag.py:539} INFO - Filling up the DagBag from /opt/airflow/dags/4-customoperator.py
[2023-09-25T07:47:29.189+0000] {processor.py:839} INFO - DAG(s) dict_keys(['customoperator']) retrieved from /opt/airflow/dags/4-customoperator.py
[2023-09-25T07:47:29.230+0000] {logging_mixin.py:151} INFO - [2023-09-25T07:47:29.230+0000] {dag.py:2915} INFO - Sync 1 DAGs
[2023-09-25T07:47:29.273+0000] {logging_mixin.py:151} INFO - [2023-09-25T07:47:29.273+0000] {dag.py:3696} INFO - Setting next_dagrun for customoperator to 2023-09-18T00:00:00+00:00, run_after=2023-09-19T00:00:00+00:00
[2023-09-25T07:47:29.333+0000] {processor.py:179} INFO - Processing /opt/airflow/dags/4-customoperator.py took 0.232 seconds
[2023-09-25T07:47:59.868+0000] {processor.py:157} INFO - Started process (PID=382) to work on /opt/airflow/dags/4-customoperator.py
[2023-09-25T07:47:59.871+0000] {processor.py:829} INFO - Processing file /opt/airflow/dags/4-customoperator.py for tasks to queue
[2023-09-25T07:47:59.874+0000] {logging_mixin.py:151} INFO - [2023-09-25T07:47:59.874+0000] {dagbag.py:539} INFO - Filling up the DagBag from /opt/airflow/dags/4-customoperator.py
[2023-09-25T07:48:00.018+0000] {processor.py:839} INFO - DAG(s) dict_keys(['customoperator']) retrieved from /opt/airflow/dags/4-customoperator.py
[2023-09-25T07:48:00.085+0000] {logging_mixin.py:151} INFO - [2023-09-25T07:48:00.085+0000] {dag.py:2915} INFO - Sync 1 DAGs
[2023-09-25T07:48:00.120+0000] {logging_mixin.py:151} INFO - [2023-09-25T07:48:00.119+0000] {dag.py:3696} INFO - Setting next_dagrun for customoperator to 2023-09-18T00:00:00+00:00, run_after=2023-09-19T00:00:00+00:00
[2023-09-25T07:48:00.171+0000] {processor.py:179} INFO - Processing /opt/airflow/dags/4-customoperator.py took 0.314 seconds
[2023-09-25T07:48:30.532+0000] {processor.py:157} INFO - Started process (PID=404) to work on /opt/airflow/dags/4-customoperator.py
[2023-09-25T07:48:30.534+0000] {processor.py:829} INFO - Processing file /opt/airflow/dags/4-customoperator.py for tasks to queue
[2023-09-25T07:48:30.536+0000] {logging_mixin.py:151} INFO - [2023-09-25T07:48:30.536+0000] {dagbag.py:539} INFO - Filling up the DagBag from /opt/airflow/dags/4-customoperator.py
[2023-09-25T07:48:30.625+0000] {processor.py:839} INFO - DAG(s) dict_keys(['customoperator']) retrieved from /opt/airflow/dags/4-customoperator.py
[2023-09-25T07:48:30.665+0000] {logging_mixin.py:151} INFO - [2023-09-25T07:48:30.665+0000] {dag.py:2915} INFO - Sync 1 DAGs
[2023-09-25T07:48:30.709+0000] {logging_mixin.py:151} INFO - [2023-09-25T07:48:30.709+0000] {dag.py:3696} INFO - Setting next_dagrun for customoperator to 2023-09-18T00:00:00+00:00, run_after=2023-09-19T00:00:00+00:00
[2023-09-25T07:48:30.760+0000] {processor.py:179} INFO - Processing /opt/airflow/dags/4-customoperator.py took 0.233 seconds
[2023-09-25T07:49:01.428+0000] {processor.py:157} INFO - Started process (PID=426) to work on /opt/airflow/dags/4-customoperator.py
[2023-09-25T07:49:01.430+0000] {processor.py:829} INFO - Processing file /opt/airflow/dags/4-customoperator.py for tasks to queue
[2023-09-25T07:49:01.433+0000] {logging_mixin.py:151} INFO - [2023-09-25T07:49:01.432+0000] {dagbag.py:539} INFO - Filling up the DagBag from /opt/airflow/dags/4-customoperator.py
[2023-09-25T07:49:01.542+0000] {processor.py:839} INFO - DAG(s) dict_keys(['customoperator']) retrieved from /opt/airflow/dags/4-customoperator.py
[2023-09-25T07:49:01.587+0000] {logging_mixin.py:151} INFO - [2023-09-25T07:49:01.586+0000] {dag.py:2915} INFO - Sync 1 DAGs
[2023-09-25T07:49:01.618+0000] {logging_mixin.py:151} INFO - [2023-09-25T07:49:01.618+0000] {dag.py:3696} INFO - Setting next_dagrun for customoperator to 2023-09-18T00:00:00+00:00, run_after=2023-09-19T00:00:00+00:00
[2023-09-25T07:49:01.656+0000] {processor.py:179} INFO - Processing /opt/airflow/dags/4-customoperator.py took 0.236 seconds
[2023-09-25T07:49:32.561+0000] {processor.py:157} INFO - Started process (PID=448) to work on /opt/airflow/dags/4-customoperator.py
[2023-09-25T07:49:32.567+0000] {processor.py:829} INFO - Processing file /opt/airflow/dags/4-customoperator.py for tasks to queue
[2023-09-25T07:49:32.571+0000] {logging_mixin.py:151} INFO - [2023-09-25T07:49:32.570+0000] {dagbag.py:539} INFO - Filling up the DagBag from /opt/airflow/dags/4-customoperator.py
[2023-09-25T07:49:32.655+0000] {processor.py:839} INFO - DAG(s) dict_keys(['customoperator']) retrieved from /opt/airflow/dags/4-customoperator.py
[2023-09-25T07:49:32.690+0000] {logging_mixin.py:151} INFO - [2023-09-25T07:49:32.689+0000] {dag.py:2915} INFO - Sync 1 DAGs
[2023-09-25T07:49:32.722+0000] {logging_mixin.py:151} INFO - [2023-09-25T07:49:32.721+0000] {dag.py:3696} INFO - Setting next_dagrun for customoperator to 2023-09-18T00:00:00+00:00, run_after=2023-09-19T00:00:00+00:00
[2023-09-25T07:49:32.750+0000] {processor.py:179} INFO - Processing /opt/airflow/dags/4-customoperator.py took 0.199 seconds
[2023-09-25T07:50:03.146+0000] {processor.py:157} INFO - Started process (PID=470) to work on /opt/airflow/dags/4-customoperator.py
[2023-09-25T07:50:03.150+0000] {processor.py:829} INFO - Processing file /opt/airflow/dags/4-customoperator.py for tasks to queue
[2023-09-25T07:50:03.155+0000] {logging_mixin.py:151} INFO - [2023-09-25T07:50:03.154+0000] {dagbag.py:539} INFO - Filling up the DagBag from /opt/airflow/dags/4-customoperator.py
[2023-09-25T07:50:03.277+0000] {processor.py:839} INFO - DAG(s) dict_keys(['customoperator']) retrieved from /opt/airflow/dags/4-customoperator.py
[2023-09-25T07:50:03.340+0000] {logging_mixin.py:151} INFO - [2023-09-25T07:50:03.339+0000] {dag.py:2915} INFO - Sync 1 DAGs
[2023-09-25T07:50:03.411+0000] {logging_mixin.py:151} INFO - [2023-09-25T07:50:03.410+0000] {dag.py:3696} INFO - Setting next_dagrun for customoperator to 2023-09-18T00:00:00+00:00, run_after=2023-09-19T00:00:00+00:00
[2023-09-25T07:50:03.476+0000] {processor.py:179} INFO - Processing /opt/airflow/dags/4-customoperator.py took 0.342 seconds
[2023-09-25T07:50:33.829+0000] {processor.py:157} INFO - Started process (PID=493) to work on /opt/airflow/dags/4-customoperator.py
[2023-09-25T07:50:33.830+0000] {processor.py:829} INFO - Processing file /opt/airflow/dags/4-customoperator.py for tasks to queue
[2023-09-25T07:50:33.832+0000] {logging_mixin.py:151} INFO - [2023-09-25T07:50:33.832+0000] {dagbag.py:539} INFO - Filling up the DagBag from /opt/airflow/dags/4-customoperator.py
[2023-09-25T07:50:33.892+0000] {processor.py:839} INFO - DAG(s) dict_keys(['customoperator']) retrieved from /opt/airflow/dags/4-customoperator.py
[2023-09-25T07:50:33.915+0000] {logging_mixin.py:151} INFO - [2023-09-25T07:50:33.915+0000] {dag.py:2915} INFO - Sync 1 DAGs
[2023-09-25T07:50:33.939+0000] {logging_mixin.py:151} INFO - [2023-09-25T07:50:33.939+0000] {dag.py:3696} INFO - Setting next_dagrun for customoperator to 2023-09-18T00:00:00+00:00, run_after=2023-09-19T00:00:00+00:00
[2023-09-25T07:50:33.963+0000] {processor.py:179} INFO - Processing /opt/airflow/dags/4-customoperator.py took 0.138 seconds
[2023-09-25T07:51:04.700+0000] {processor.py:157} INFO - Started process (PID=515) to work on /opt/airflow/dags/4-customoperator.py
[2023-09-25T07:51:04.702+0000] {processor.py:829} INFO - Processing file /opt/airflow/dags/4-customoperator.py for tasks to queue
[2023-09-25T07:51:04.707+0000] {logging_mixin.py:151} INFO - [2023-09-25T07:51:04.706+0000] {dagbag.py:539} INFO - Filling up the DagBag from /opt/airflow/dags/4-customoperator.py
[2023-09-25T07:51:04.819+0000] {processor.py:839} INFO - DAG(s) dict_keys(['customoperator']) retrieved from /opt/airflow/dags/4-customoperator.py
[2023-09-25T07:51:04.854+0000] {logging_mixin.py:151} INFO - [2023-09-25T07:51:04.853+0000] {dag.py:2915} INFO - Sync 1 DAGs
[2023-09-25T07:51:04.878+0000] {logging_mixin.py:151} INFO - [2023-09-25T07:51:04.878+0000] {dag.py:3696} INFO - Setting next_dagrun for customoperator to 2023-09-18T00:00:00+00:00, run_after=2023-09-19T00:00:00+00:00
[2023-09-25T07:51:04.903+0000] {processor.py:179} INFO - Processing /opt/airflow/dags/4-customoperator.py took 0.212 seconds
[2023-09-25T07:51:35.353+0000] {processor.py:157} INFO - Started process (PID=538) to work on /opt/airflow/dags/4-customoperator.py
[2023-09-25T07:51:35.355+0000] {processor.py:829} INFO - Processing file /opt/airflow/dags/4-customoperator.py for tasks to queue
[2023-09-25T07:51:35.357+0000] {logging_mixin.py:151} INFO - [2023-09-25T07:51:35.356+0000] {dagbag.py:539} INFO - Filling up the DagBag from /opt/airflow/dags/4-customoperator.py
[2023-09-25T07:51:35.410+0000] {processor.py:839} INFO - DAG(s) dict_keys(['customoperator']) retrieved from /opt/airflow/dags/4-customoperator.py
[2023-09-25T07:51:35.440+0000] {logging_mixin.py:151} INFO - [2023-09-25T07:51:35.440+0000] {dag.py:2915} INFO - Sync 1 DAGs
[2023-09-25T07:51:35.470+0000] {logging_mixin.py:151} INFO - [2023-09-25T07:51:35.470+0000] {dag.py:3696} INFO - Setting next_dagrun for customoperator to 2023-09-18T00:00:00+00:00, run_after=2023-09-19T00:00:00+00:00
[2023-09-25T07:51:35.494+0000] {processor.py:179} INFO - Processing /opt/airflow/dags/4-customoperator.py took 0.144 seconds
[2023-09-25T07:52:05.839+0000] {processor.py:157} INFO - Started process (PID=560) to work on /opt/airflow/dags/4-customoperator.py
[2023-09-25T07:52:05.841+0000] {processor.py:829} INFO - Processing file /opt/airflow/dags/4-customoperator.py for tasks to queue
[2023-09-25T07:52:05.844+0000] {logging_mixin.py:151} INFO - [2023-09-25T07:52:05.843+0000] {dagbag.py:539} INFO - Filling up the DagBag from /opt/airflow/dags/4-customoperator.py
[2023-09-25T07:52:05.947+0000] {processor.py:839} INFO - DAG(s) dict_keys(['customoperator']) retrieved from /opt/airflow/dags/4-customoperator.py
[2023-09-25T07:52:05.980+0000] {logging_mixin.py:151} INFO - [2023-09-25T07:52:05.980+0000] {dag.py:2915} INFO - Sync 1 DAGs
[2023-09-25T07:52:06.005+0000] {logging_mixin.py:151} INFO - [2023-09-25T07:52:06.005+0000] {dag.py:3696} INFO - Setting next_dagrun for customoperator to 2023-09-18T00:00:00+00:00, run_after=2023-09-19T00:00:00+00:00
[2023-09-25T07:52:06.050+0000] {processor.py:179} INFO - Processing /opt/airflow/dags/4-customoperator.py took 0.219 seconds
[2023-09-25T07:52:36.499+0000] {processor.py:157} INFO - Started process (PID=582) to work on /opt/airflow/dags/4-customoperator.py
[2023-09-25T07:52:36.500+0000] {processor.py:829} INFO - Processing file /opt/airflow/dags/4-customoperator.py for tasks to queue
[2023-09-25T07:52:36.502+0000] {logging_mixin.py:151} INFO - [2023-09-25T07:52:36.502+0000] {dagbag.py:539} INFO - Filling up the DagBag from /opt/airflow/dags/4-customoperator.py
[2023-09-25T07:52:36.578+0000] {processor.py:839} INFO - DAG(s) dict_keys(['customoperator']) retrieved from /opt/airflow/dags/4-customoperator.py
[2023-09-25T07:52:36.616+0000] {logging_mixin.py:151} INFO - [2023-09-25T07:52:36.616+0000] {dag.py:2915} INFO - Sync 1 DAGs
[2023-09-25T07:52:36.643+0000] {logging_mixin.py:151} INFO - [2023-09-25T07:52:36.643+0000] {dag.py:3696} INFO - Setting next_dagrun for customoperator to 2023-09-18T00:00:00+00:00, run_after=2023-09-19T00:00:00+00:00
[2023-09-25T07:52:36.669+0000] {processor.py:179} INFO - Processing /opt/airflow/dags/4-customoperator.py took 0.175 seconds
[2023-09-25T11:14:26.716+0000] {processor.py:157} INFO - Started process (PID=45) to work on /opt/airflow/dags/4-customoperator.py
[2023-09-25T11:14:26.723+0000] {processor.py:829} INFO - Processing file /opt/airflow/dags/4-customoperator.py for tasks to queue
[2023-09-25T11:14:26.725+0000] {logging_mixin.py:151} INFO - [2023-09-25T11:14:26.725+0000] {dagbag.py:539} INFO - Filling up the DagBag from /opt/airflow/dags/4-customoperator.py
[2023-09-25T11:14:26.809+0000] {processor.py:839} INFO - DAG(s) dict_keys(['customoperator']) retrieved from /opt/airflow/dags/4-customoperator.py
[2023-09-25T11:14:27.829+0000] {logging_mixin.py:151} INFO - [2023-09-25T11:14:27.828+0000] {security.py:708} INFO - Not syncing DAG-level permissions for DAG 'DAG:customoperator' as access control is unset.
[2023-09-25T11:14:27.831+0000] {logging_mixin.py:151} INFO - [2023-09-25T11:14:27.830+0000] {dag.py:2915} INFO - Sync 1 DAGs
[2023-09-25T11:14:27.890+0000] {logging_mixin.py:151} INFO - [2023-09-25T11:14:27.890+0000] {dag.py:3696} INFO - Setting next_dagrun for customoperator to 2023-09-18T00:00:00+00:00, run_after=2023-09-19T00:00:00+00:00
[2023-09-25T11:14:27.965+0000] {processor.py:179} INFO - Processing /opt/airflow/dags/4-customoperator.py took 1.252 seconds
[2023-09-25T11:14:58.275+0000] {processor.py:157} INFO - Started process (PID=68) to work on /opt/airflow/dags/4-customoperator.py
[2023-09-25T11:14:58.278+0000] {processor.py:829} INFO - Processing file /opt/airflow/dags/4-customoperator.py for tasks to queue
[2023-09-25T11:14:58.280+0000] {logging_mixin.py:151} INFO - [2023-09-25T11:14:58.279+0000] {dagbag.py:539} INFO - Filling up the DagBag from /opt/airflow/dags/4-customoperator.py
[2023-09-25T11:14:58.336+0000] {processor.py:839} INFO - DAG(s) dict_keys(['customoperator']) retrieved from /opt/airflow/dags/4-customoperator.py
[2023-09-25T11:14:58.358+0000] {logging_mixin.py:151} INFO - [2023-09-25T11:14:58.358+0000] {dag.py:2915} INFO - Sync 1 DAGs
[2023-09-25T11:14:58.377+0000] {logging_mixin.py:151} INFO - [2023-09-25T11:14:58.377+0000] {dag.py:3696} INFO - Setting next_dagrun for customoperator to 2023-09-18T00:00:00+00:00, run_after=2023-09-19T00:00:00+00:00
[2023-09-25T11:14:58.405+0000] {processor.py:179} INFO - Processing /opt/airflow/dags/4-customoperator.py took 0.133 seconds
[2023-09-25T11:15:28.656+0000] {processor.py:157} INFO - Started process (PID=91) to work on /opt/airflow/dags/4-customoperator.py
[2023-09-25T11:15:28.657+0000] {processor.py:829} INFO - Processing file /opt/airflow/dags/4-customoperator.py for tasks to queue
[2023-09-25T11:15:28.658+0000] {logging_mixin.py:151} INFO - [2023-09-25T11:15:28.658+0000] {dagbag.py:539} INFO - Filling up the DagBag from /opt/airflow/dags/4-customoperator.py
[2023-09-25T11:15:28.715+0000] {processor.py:839} INFO - DAG(s) dict_keys(['customoperator']) retrieved from /opt/airflow/dags/4-customoperator.py
[2023-09-25T11:15:28.736+0000] {logging_mixin.py:151} INFO - [2023-09-25T11:15:28.736+0000] {dag.py:2915} INFO - Sync 1 DAGs
[2023-09-25T11:15:28.757+0000] {logging_mixin.py:151} INFO - [2023-09-25T11:15:28.757+0000] {dag.py:3696} INFO - Setting next_dagrun for customoperator to 2023-09-18T00:00:00+00:00, run_after=2023-09-19T00:00:00+00:00
[2023-09-25T11:15:28.789+0000] {processor.py:179} INFO - Processing /opt/airflow/dags/4-customoperator.py took 0.137 seconds
[2023-09-25T11:15:59.557+0000] {processor.py:157} INFO - Started process (PID=114) to work on /opt/airflow/dags/4-customoperator.py
[2023-09-25T11:15:59.558+0000] {processor.py:829} INFO - Processing file /opt/airflow/dags/4-customoperator.py for tasks to queue
[2023-09-25T11:15:59.559+0000] {logging_mixin.py:151} INFO - [2023-09-25T11:15:59.559+0000] {dagbag.py:539} INFO - Filling up the DagBag from /opt/airflow/dags/4-customoperator.py
[2023-09-25T11:15:59.610+0000] {processor.py:839} INFO - DAG(s) dict_keys(['customoperator']) retrieved from /opt/airflow/dags/4-customoperator.py
[2023-09-25T11:15:59.632+0000] {logging_mixin.py:151} INFO - [2023-09-25T11:15:59.632+0000] {dag.py:2915} INFO - Sync 1 DAGs
[2023-09-25T11:15:59.658+0000] {logging_mixin.py:151} INFO - [2023-09-25T11:15:59.658+0000] {dag.py:3696} INFO - Setting next_dagrun for customoperator to 2023-09-18T00:00:00+00:00, run_after=2023-09-19T00:00:00+00:00
[2023-09-25T11:15:59.684+0000] {processor.py:179} INFO - Processing /opt/airflow/dags/4-customoperator.py took 0.131 seconds
[2023-09-25T11:16:30.517+0000] {processor.py:157} INFO - Started process (PID=137) to work on /opt/airflow/dags/4-customoperator.py
[2023-09-25T11:16:30.518+0000] {processor.py:829} INFO - Processing file /opt/airflow/dags/4-customoperator.py for tasks to queue
[2023-09-25T11:16:30.520+0000] {logging_mixin.py:151} INFO - [2023-09-25T11:16:30.520+0000] {dagbag.py:539} INFO - Filling up the DagBag from /opt/airflow/dags/4-customoperator.py
[2023-09-25T11:16:30.570+0000] {processor.py:839} INFO - DAG(s) dict_keys(['customoperator']) retrieved from /opt/airflow/dags/4-customoperator.py
[2023-09-25T11:16:30.591+0000] {logging_mixin.py:151} INFO - [2023-09-25T11:16:30.591+0000] {dag.py:2915} INFO - Sync 1 DAGs
[2023-09-25T11:16:30.616+0000] {logging_mixin.py:151} INFO - [2023-09-25T11:16:30.616+0000] {dag.py:3696} INFO - Setting next_dagrun for customoperator to 2023-09-18T00:00:00+00:00, run_after=2023-09-19T00:00:00+00:00
[2023-09-25T11:16:30.650+0000] {processor.py:179} INFO - Processing /opt/airflow/dags/4-customoperator.py took 0.136 seconds
[2023-09-25T11:17:01.582+0000] {processor.py:157} INFO - Started process (PID=160) to work on /opt/airflow/dags/4-customoperator.py
[2023-09-25T11:17:01.583+0000] {processor.py:829} INFO - Processing file /opt/airflow/dags/4-customoperator.py for tasks to queue
[2023-09-25T11:17:01.584+0000] {logging_mixin.py:151} INFO - [2023-09-25T11:17:01.584+0000] {dagbag.py:539} INFO - Filling up the DagBag from /opt/airflow/dags/4-customoperator.py
[2023-09-25T11:17:01.647+0000] {processor.py:839} INFO - DAG(s) dict_keys(['customoperator']) retrieved from /opt/airflow/dags/4-customoperator.py
[2023-09-25T11:17:01.672+0000] {logging_mixin.py:151} INFO - [2023-09-25T11:17:01.671+0000] {dag.py:2915} INFO - Sync 1 DAGs
[2023-09-25T11:17:01.710+0000] {logging_mixin.py:151} INFO - [2023-09-25T11:17:01.710+0000] {dag.py:3696} INFO - Setting next_dagrun for customoperator to 2023-09-18T00:00:00+00:00, run_after=2023-09-19T00:00:00+00:00
[2023-09-25T11:17:01.734+0000] {processor.py:179} INFO - Processing /opt/airflow/dags/4-customoperator.py took 0.155 seconds
[2023-09-25T11:17:32.570+0000] {processor.py:157} INFO - Started process (PID=183) to work on /opt/airflow/dags/4-customoperator.py
[2023-09-25T11:17:32.571+0000] {processor.py:829} INFO - Processing file /opt/airflow/dags/4-customoperator.py for tasks to queue
[2023-09-25T11:17:32.572+0000] {logging_mixin.py:151} INFO - [2023-09-25T11:17:32.572+0000] {dagbag.py:539} INFO - Filling up the DagBag from /opt/airflow/dags/4-customoperator.py
[2023-09-25T11:17:32.629+0000] {processor.py:839} INFO - DAG(s) dict_keys(['customoperator']) retrieved from /opt/airflow/dags/4-customoperator.py
[2023-09-25T11:17:32.649+0000] {logging_mixin.py:151} INFO - [2023-09-25T11:17:32.649+0000] {dag.py:2915} INFO - Sync 1 DAGs
[2023-09-25T11:17:32.671+0000] {logging_mixin.py:151} INFO - [2023-09-25T11:17:32.671+0000] {dag.py:3696} INFO - Setting next_dagrun for customoperator to 2023-09-18T00:00:00+00:00, run_after=2023-09-19T00:00:00+00:00
[2023-09-25T11:17:32.695+0000] {processor.py:179} INFO - Processing /opt/airflow/dags/4-customoperator.py took 0.129 seconds
[2023-09-25T11:18:03.181+0000] {processor.py:157} INFO - Started process (PID=206) to work on /opt/airflow/dags/4-customoperator.py
[2023-09-25T11:18:03.185+0000] {processor.py:829} INFO - Processing file /opt/airflow/dags/4-customoperator.py for tasks to queue
[2023-09-25T11:18:03.187+0000] {logging_mixin.py:151} INFO - [2023-09-25T11:18:03.186+0000] {dagbag.py:539} INFO - Filling up the DagBag from /opt/airflow/dags/4-customoperator.py
[2023-09-25T11:18:03.705+0000] {processor.py:839} INFO - DAG(s) dict_keys(['customoperator']) retrieved from /opt/airflow/dags/4-customoperator.py
[2023-09-25T11:18:03.819+0000] {logging_mixin.py:151} INFO - [2023-09-25T11:18:03.819+0000] {dag.py:2915} INFO - Sync 1 DAGs
[2023-09-25T11:18:04.226+0000] {logging_mixin.py:151} INFO - [2023-09-25T11:18:04.223+0000] {dag.py:3696} INFO - Setting next_dagrun for customoperator to 2023-09-18T00:00:00+00:00, run_after=2023-09-19T00:00:00+00:00
[2023-09-25T11:18:04.283+0000] {processor.py:179} INFO - Processing /opt/airflow/dags/4-customoperator.py took 1.194 seconds
[2023-09-25T11:18:35.143+0000] {processor.py:157} INFO - Started process (PID=239) to work on /opt/airflow/dags/4-customoperator.py
[2023-09-25T11:18:35.145+0000] {processor.py:829} INFO - Processing file /opt/airflow/dags/4-customoperator.py for tasks to queue
[2023-09-25T11:18:35.146+0000] {logging_mixin.py:151} INFO - [2023-09-25T11:18:35.146+0000] {dagbag.py:539} INFO - Filling up the DagBag from /opt/airflow/dags/4-customoperator.py
[2023-09-25T11:18:35.206+0000] {processor.py:839} INFO - DAG(s) dict_keys(['customoperator']) retrieved from /opt/airflow/dags/4-customoperator.py
[2023-09-25T11:18:35.228+0000] {logging_mixin.py:151} INFO - [2023-09-25T11:18:35.228+0000] {dag.py:2915} INFO - Sync 1 DAGs
[2023-09-25T11:18:35.254+0000] {logging_mixin.py:151} INFO - [2023-09-25T11:18:35.254+0000] {dag.py:3696} INFO - Setting next_dagrun for customoperator to 2023-09-18T00:00:00+00:00, run_after=2023-09-19T00:00:00+00:00
[2023-09-25T11:18:35.289+0000] {processor.py:179} INFO - Processing /opt/airflow/dags/4-customoperator.py took 0.149 seconds
[2023-09-25T11:19:06.199+0000] {processor.py:157} INFO - Started process (PID=262) to work on /opt/airflow/dags/4-customoperator.py
[2023-09-25T11:19:06.200+0000] {processor.py:829} INFO - Processing file /opt/airflow/dags/4-customoperator.py for tasks to queue
[2023-09-25T11:19:06.201+0000] {logging_mixin.py:151} INFO - [2023-09-25T11:19:06.201+0000] {dagbag.py:539} INFO - Filling up the DagBag from /opt/airflow/dags/4-customoperator.py
[2023-09-25T11:19:06.261+0000] {processor.py:839} INFO - DAG(s) dict_keys(['customoperator']) retrieved from /opt/airflow/dags/4-customoperator.py
[2023-09-25T11:19:06.285+0000] {logging_mixin.py:151} INFO - [2023-09-25T11:19:06.284+0000] {dag.py:2915} INFO - Sync 1 DAGs
[2023-09-25T11:19:06.311+0000] {logging_mixin.py:151} INFO - [2023-09-25T11:19:06.310+0000] {dag.py:3696} INFO - Setting next_dagrun for customoperator to 2023-09-18T00:00:00+00:00, run_after=2023-09-19T00:00:00+00:00
[2023-09-25T11:19:06.348+0000] {processor.py:179} INFO - Processing /opt/airflow/dags/4-customoperator.py took 0.153 seconds
[2023-09-25T11:19:36.948+0000] {processor.py:157} INFO - Started process (PID=285) to work on /opt/airflow/dags/4-customoperator.py
[2023-09-25T11:19:36.949+0000] {processor.py:829} INFO - Processing file /opt/airflow/dags/4-customoperator.py for tasks to queue
[2023-09-25T11:19:36.951+0000] {logging_mixin.py:151} INFO - [2023-09-25T11:19:36.950+0000] {dagbag.py:539} INFO - Filling up the DagBag from /opt/airflow/dags/4-customoperator.py
[2023-09-25T11:19:37.007+0000] {processor.py:839} INFO - DAG(s) dict_keys(['customoperator']) retrieved from /opt/airflow/dags/4-customoperator.py
[2023-09-25T11:19:37.029+0000] {logging_mixin.py:151} INFO - [2023-09-25T11:19:37.029+0000] {dag.py:2915} INFO - Sync 1 DAGs
[2023-09-25T11:19:37.053+0000] {logging_mixin.py:151} INFO - [2023-09-25T11:19:37.053+0000] {dag.py:3696} INFO - Setting next_dagrun for customoperator to 2023-09-18T00:00:00+00:00, run_after=2023-09-19T00:00:00+00:00
[2023-09-25T11:19:37.090+0000] {processor.py:179} INFO - Processing /opt/airflow/dags/4-customoperator.py took 0.145 seconds
[2023-09-25T11:20:07.846+0000] {processor.py:157} INFO - Started process (PID=308) to work on /opt/airflow/dags/4-customoperator.py
[2023-09-25T11:20:07.847+0000] {processor.py:829} INFO - Processing file /opt/airflow/dags/4-customoperator.py for tasks to queue
[2023-09-25T11:20:07.850+0000] {logging_mixin.py:151} INFO - [2023-09-25T11:20:07.850+0000] {dagbag.py:539} INFO - Filling up the DagBag from /opt/airflow/dags/4-customoperator.py
[2023-09-25T11:20:07.907+0000] {processor.py:839} INFO - DAG(s) dict_keys(['customoperator']) retrieved from /opt/airflow/dags/4-customoperator.py
[2023-09-25T11:20:07.931+0000] {logging_mixin.py:151} INFO - [2023-09-25T11:20:07.930+0000] {dag.py:2915} INFO - Sync 1 DAGs
[2023-09-25T11:20:07.955+0000] {logging_mixin.py:151} INFO - [2023-09-25T11:20:07.955+0000] {dag.py:3696} INFO - Setting next_dagrun for customoperator to 2023-09-18T00:00:00+00:00, run_after=2023-09-19T00:00:00+00:00
[2023-09-25T11:20:07.992+0000] {processor.py:179} INFO - Processing /opt/airflow/dags/4-customoperator.py took 0.150 seconds
[2023-09-25T11:20:38.443+0000] {processor.py:157} INFO - Started process (PID=331) to work on /opt/airflow/dags/4-customoperator.py
[2023-09-25T11:20:38.444+0000] {processor.py:829} INFO - Processing file /opt/airflow/dags/4-customoperator.py for tasks to queue
[2023-09-25T11:20:38.445+0000] {logging_mixin.py:151} INFO - [2023-09-25T11:20:38.445+0000] {dagbag.py:539} INFO - Filling up the DagBag from /opt/airflow/dags/4-customoperator.py
[2023-09-25T11:20:38.509+0000] {processor.py:839} INFO - DAG(s) dict_keys(['customoperator']) retrieved from /opt/airflow/dags/4-customoperator.py
[2023-09-25T11:20:38.535+0000] {logging_mixin.py:151} INFO - [2023-09-25T11:20:38.534+0000] {dag.py:2915} INFO - Sync 1 DAGs
[2023-09-25T11:20:38.560+0000] {logging_mixin.py:151} INFO - [2023-09-25T11:20:38.560+0000] {dag.py:3696} INFO - Setting next_dagrun for customoperator to 2023-09-18T00:00:00+00:00, run_after=2023-09-19T00:00:00+00:00
[2023-09-25T11:20:38.583+0000] {processor.py:179} INFO - Processing /opt/airflow/dags/4-customoperator.py took 0.144 seconds
[2023-09-25T11:21:08.920+0000] {processor.py:157} INFO - Started process (PID=354) to work on /opt/airflow/dags/4-customoperator.py
[2023-09-25T11:21:08.921+0000] {processor.py:829} INFO - Processing file /opt/airflow/dags/4-customoperator.py for tasks to queue
[2023-09-25T11:21:08.922+0000] {logging_mixin.py:151} INFO - [2023-09-25T11:21:08.922+0000] {dagbag.py:539} INFO - Filling up the DagBag from /opt/airflow/dags/4-customoperator.py
[2023-09-25T11:21:08.983+0000] {processor.py:839} INFO - DAG(s) dict_keys(['customoperator']) retrieved from /opt/airflow/dags/4-customoperator.py
[2023-09-25T11:21:09.008+0000] {logging_mixin.py:151} INFO - [2023-09-25T11:21:09.008+0000] {dag.py:2915} INFO - Sync 1 DAGs
[2023-09-25T11:21:09.035+0000] {logging_mixin.py:151} INFO - [2023-09-25T11:21:09.035+0000] {dag.py:3696} INFO - Setting next_dagrun for customoperator to 2023-09-18T00:00:00+00:00, run_after=2023-09-19T00:00:00+00:00
[2023-09-25T11:21:09.073+0000] {processor.py:179} INFO - Processing /opt/airflow/dags/4-customoperator.py took 0.156 seconds
[2023-09-25T11:21:39.483+0000] {processor.py:157} INFO - Started process (PID=377) to work on /opt/airflow/dags/4-customoperator.py
[2023-09-25T11:21:39.484+0000] {processor.py:829} INFO - Processing file /opt/airflow/dags/4-customoperator.py for tasks to queue
[2023-09-25T11:21:39.486+0000] {logging_mixin.py:151} INFO - [2023-09-25T11:21:39.486+0000] {dagbag.py:539} INFO - Filling up the DagBag from /opt/airflow/dags/4-customoperator.py
[2023-09-25T11:21:39.540+0000] {processor.py:839} INFO - DAG(s) dict_keys(['customoperator']) retrieved from /opt/airflow/dags/4-customoperator.py
[2023-09-25T11:21:39.563+0000] {logging_mixin.py:151} INFO - [2023-09-25T11:21:39.563+0000] {dag.py:2915} INFO - Sync 1 DAGs
[2023-09-25T11:21:39.588+0000] {logging_mixin.py:151} INFO - [2023-09-25T11:21:39.588+0000] {dag.py:3696} INFO - Setting next_dagrun for customoperator to 2023-09-18T00:00:00+00:00, run_after=2023-09-19T00:00:00+00:00
[2023-09-25T11:21:39.621+0000] {processor.py:179} INFO - Processing /opt/airflow/dags/4-customoperator.py took 0.143 seconds
[2023-09-25T11:22:09.902+0000] {processor.py:157} INFO - Started process (PID=400) to work on /opt/airflow/dags/4-customoperator.py
[2023-09-25T11:22:09.903+0000] {processor.py:829} INFO - Processing file /opt/airflow/dags/4-customoperator.py for tasks to queue
[2023-09-25T11:22:09.905+0000] {logging_mixin.py:151} INFO - [2023-09-25T11:22:09.905+0000] {dagbag.py:539} INFO - Filling up the DagBag from /opt/airflow/dags/4-customoperator.py
[2023-09-25T11:22:09.984+0000] {processor.py:839} INFO - DAG(s) dict_keys(['customoperator']) retrieved from /opt/airflow/dags/4-customoperator.py
[2023-09-25T11:22:10.010+0000] {logging_mixin.py:151} INFO - [2023-09-25T11:22:10.009+0000] {dag.py:2915} INFO - Sync 1 DAGs
[2023-09-25T11:22:10.046+0000] {logging_mixin.py:151} INFO - [2023-09-25T11:22:10.045+0000] {dag.py:3696} INFO - Setting next_dagrun for customoperator to 2023-09-18T00:00:00+00:00, run_after=2023-09-19T00:00:00+00:00
[2023-09-25T11:22:10.075+0000] {processor.py:179} INFO - Processing /opt/airflow/dags/4-customoperator.py took 0.178 seconds
[2023-09-25T11:22:40.275+0000] {processor.py:157} INFO - Started process (PID=423) to work on /opt/airflow/dags/4-customoperator.py
[2023-09-25T11:22:40.276+0000] {processor.py:829} INFO - Processing file /opt/airflow/dags/4-customoperator.py for tasks to queue
[2023-09-25T11:22:40.277+0000] {logging_mixin.py:151} INFO - [2023-09-25T11:22:40.277+0000] {dagbag.py:539} INFO - Filling up the DagBag from /opt/airflow/dags/4-customoperator.py
[2023-09-25T11:22:40.344+0000] {processor.py:839} INFO - DAG(s) dict_keys(['customoperator']) retrieved from /opt/airflow/dags/4-customoperator.py
[2023-09-25T11:22:40.367+0000] {logging_mixin.py:151} INFO - [2023-09-25T11:22:40.367+0000] {dag.py:2915} INFO - Sync 1 DAGs
[2023-09-25T11:22:40.393+0000] {logging_mixin.py:151} INFO - [2023-09-25T11:22:40.393+0000] {dag.py:3696} INFO - Setting next_dagrun for customoperator to 2023-09-18T00:00:00+00:00, run_after=2023-09-19T00:00:00+00:00
[2023-09-25T11:22:40.428+0000] {processor.py:179} INFO - Processing /opt/airflow/dags/4-customoperator.py took 0.158 seconds
[2023-09-25T11:23:10.809+0000] {processor.py:157} INFO - Started process (PID=446) to work on /opt/airflow/dags/4-customoperator.py
[2023-09-25T11:23:10.810+0000] {processor.py:829} INFO - Processing file /opt/airflow/dags/4-customoperator.py for tasks to queue
[2023-09-25T11:23:10.811+0000] {logging_mixin.py:151} INFO - [2023-09-25T11:23:10.811+0000] {dagbag.py:539} INFO - Filling up the DagBag from /opt/airflow/dags/4-customoperator.py
[2023-09-25T11:23:10.871+0000] {processor.py:839} INFO - DAG(s) dict_keys(['customoperator']) retrieved from /opt/airflow/dags/4-customoperator.py
[2023-09-25T11:23:10.894+0000] {logging_mixin.py:151} INFO - [2023-09-25T11:23:10.894+0000] {dag.py:2915} INFO - Sync 1 DAGs
[2023-09-25T11:23:10.927+0000] {logging_mixin.py:151} INFO - [2023-09-25T11:23:10.926+0000] {dag.py:3696} INFO - Setting next_dagrun for customoperator to 2023-09-18T00:00:00+00:00, run_after=2023-09-19T00:00:00+00:00
[2023-09-25T11:23:10.961+0000] {processor.py:179} INFO - Processing /opt/airflow/dags/4-customoperator.py took 0.156 seconds
[2023-09-25T11:23:41.561+0000] {processor.py:157} INFO - Started process (PID=469) to work on /opt/airflow/dags/4-customoperator.py
[2023-09-25T11:23:41.563+0000] {processor.py:829} INFO - Processing file /opt/airflow/dags/4-customoperator.py for tasks to queue
[2023-09-25T11:23:41.564+0000] {logging_mixin.py:151} INFO - [2023-09-25T11:23:41.564+0000] {dagbag.py:539} INFO - Filling up the DagBag from /opt/airflow/dags/4-customoperator.py
[2023-09-25T11:23:41.614+0000] {processor.py:839} INFO - DAG(s) dict_keys(['customoperator']) retrieved from /opt/airflow/dags/4-customoperator.py
[2023-09-25T11:23:41.635+0000] {logging_mixin.py:151} INFO - [2023-09-25T11:23:41.634+0000] {dag.py:2915} INFO - Sync 1 DAGs
[2023-09-25T11:23:41.661+0000] {logging_mixin.py:151} INFO - [2023-09-25T11:23:41.661+0000] {dag.py:3696} INFO - Setting next_dagrun for customoperator to 2023-09-18T00:00:00+00:00, run_after=2023-09-19T00:00:00+00:00
[2023-09-25T11:23:41.684+0000] {processor.py:179} INFO - Processing /opt/airflow/dags/4-customoperator.py took 0.126 seconds
[2023-09-25T11:24:12.555+0000] {processor.py:157} INFO - Started process (PID=492) to work on /opt/airflow/dags/4-customoperator.py
[2023-09-25T11:24:12.556+0000] {processor.py:829} INFO - Processing file /opt/airflow/dags/4-customoperator.py for tasks to queue
[2023-09-25T11:24:12.557+0000] {logging_mixin.py:151} INFO - [2023-09-25T11:24:12.557+0000] {dagbag.py:539} INFO - Filling up the DagBag from /opt/airflow/dags/4-customoperator.py
[2023-09-25T11:24:12.614+0000] {processor.py:839} INFO - DAG(s) dict_keys(['customoperator']) retrieved from /opt/airflow/dags/4-customoperator.py
[2023-09-25T11:24:12.639+0000] {logging_mixin.py:151} INFO - [2023-09-25T11:24:12.639+0000] {dag.py:2915} INFO - Sync 1 DAGs
[2023-09-25T11:24:12.664+0000] {logging_mixin.py:151} INFO - [2023-09-25T11:24:12.664+0000] {dag.py:3696} INFO - Setting next_dagrun for customoperator to 2023-09-18T00:00:00+00:00, run_after=2023-09-19T00:00:00+00:00
[2023-09-25T11:24:12.686+0000] {processor.py:179} INFO - Processing /opt/airflow/dags/4-customoperator.py took 0.134 seconds
[2023-09-25T11:24:43.181+0000] {processor.py:157} INFO - Started process (PID=522) to work on /opt/airflow/dags/4-customoperator.py
[2023-09-25T11:24:43.182+0000] {processor.py:829} INFO - Processing file /opt/airflow/dags/4-customoperator.py for tasks to queue
[2023-09-25T11:24:43.183+0000] {logging_mixin.py:151} INFO - [2023-09-25T11:24:43.183+0000] {dagbag.py:539} INFO - Filling up the DagBag from /opt/airflow/dags/4-customoperator.py
[2023-09-25T11:24:43.234+0000] {processor.py:839} INFO - DAG(s) dict_keys(['customoperator']) retrieved from /opt/airflow/dags/4-customoperator.py
[2023-09-25T11:24:43.256+0000] {logging_mixin.py:151} INFO - [2023-09-25T11:24:43.256+0000] {dag.py:2915} INFO - Sync 1 DAGs
[2023-09-25T11:24:43.278+0000] {logging_mixin.py:151} INFO - [2023-09-25T11:24:43.277+0000] {dag.py:3696} INFO - Setting next_dagrun for customoperator to 2023-09-18T00:00:00+00:00, run_after=2023-09-19T00:00:00+00:00
[2023-09-25T11:24:43.307+0000] {processor.py:179} INFO - Processing /opt/airflow/dags/4-customoperator.py took 0.130 seconds
[2023-09-25T11:25:13.614+0000] {processor.py:157} INFO - Started process (PID=545) to work on /opt/airflow/dags/4-customoperator.py
[2023-09-25T11:25:13.615+0000] {processor.py:829} INFO - Processing file /opt/airflow/dags/4-customoperator.py for tasks to queue
[2023-09-25T11:25:13.616+0000] {logging_mixin.py:151} INFO - [2023-09-25T11:25:13.616+0000] {dagbag.py:539} INFO - Filling up the DagBag from /opt/airflow/dags/4-customoperator.py
[2023-09-25T11:25:13.670+0000] {processor.py:839} INFO - DAG(s) dict_keys(['customoperator']) retrieved from /opt/airflow/dags/4-customoperator.py
[2023-09-25T11:25:13.693+0000] {logging_mixin.py:151} INFO - [2023-09-25T11:25:13.693+0000] {dag.py:2915} INFO - Sync 1 DAGs
[2023-09-25T11:25:13.722+0000] {logging_mixin.py:151} INFO - [2023-09-25T11:25:13.721+0000] {dag.py:3696} INFO - Setting next_dagrun for customoperator to 2023-09-18T00:00:00+00:00, run_after=2023-09-19T00:00:00+00:00
[2023-09-25T11:25:13.745+0000] {processor.py:179} INFO - Processing /opt/airflow/dags/4-customoperator.py took 0.134 seconds
