[2023-09-25T07:34:32.382+0000] {processor.py:157} INFO - Started process (PID=48) to work on /opt/airflow/dags/5.1-orchestration.py
[2023-09-25T07:34:32.384+0000] {processor.py:829} INFO - Processing file /opt/airflow/dags/5.1-orchestration.py for tasks to queue
[2023-09-25T07:34:32.387+0000] {logging_mixin.py:151} INFO - [2023-09-25T07:34:32.387+0000] {dagbag.py:539} INFO - Filling up the DagBag from /opt/airflow/dags/5.1-orchestration.py
[2023-09-25T07:34:32.494+0000] {processor.py:839} INFO - DAG(s) dict_keys(['5.1-orchestration']) retrieved from /opt/airflow/dags/5.1-orchestration.py
[2023-09-25T07:34:32.589+0000] {logging_mixin.py:151} INFO - [2023-09-25T07:34:32.589+0000] {dag.py:2915} INFO - Sync 1 DAGs
[2023-09-25T07:34:32.638+0000] {logging_mixin.py:151} INFO - [2023-09-25T07:34:32.637+0000] {dag.py:3696} INFO - Setting next_dagrun for 5.1-orchestration to 2023-09-01T00:00:00+00:00, run_after=2023-09-02T00:00:00+00:00
[2023-09-25T07:34:32.687+0000] {processor.py:179} INFO - Processing /opt/airflow/dags/5.1-orchestration.py took 0.315 seconds
[2023-09-25T07:40:11.147+0000] {processor.py:157} INFO - Started process (PID=43) to work on /opt/airflow/dags/5.1-orchestration.py
[2023-09-25T07:40:11.160+0000] {processor.py:829} INFO - Processing file /opt/airflow/dags/5.1-orchestration.py for tasks to queue
[2023-09-25T07:40:11.162+0000] {logging_mixin.py:151} INFO - [2023-09-25T07:40:11.162+0000] {dagbag.py:539} INFO - Filling up the DagBag from /opt/airflow/dags/5.1-orchestration.py
[2023-09-25T07:40:11.227+0000] {processor.py:839} INFO - DAG(s) dict_keys(['5.1-orchestration']) retrieved from /opt/airflow/dags/5.1-orchestration.py
[2023-09-25T07:40:11.891+0000] {logging_mixin.py:151} INFO - [2023-09-25T07:40:11.890+0000] {security.py:708} INFO - Not syncing DAG-level permissions for DAG 'DAG:5.1-orchestration' as access control is unset.
[2023-09-25T07:40:11.893+0000] {logging_mixin.py:151} INFO - [2023-09-25T07:40:11.893+0000] {dag.py:2915} INFO - Sync 1 DAGs
[2023-09-25T07:40:11.970+0000] {logging_mixin.py:151} INFO - [2023-09-25T07:40:11.969+0000] {dag.py:3696} INFO - Setting next_dagrun for 5.1-orchestration to 2023-09-01T00:00:00+00:00, run_after=2023-09-02T00:00:00+00:00
[2023-09-25T07:40:12.034+0000] {processor.py:179} INFO - Processing /opt/airflow/dags/5.1-orchestration.py took 0.893 seconds
[2023-09-25T07:40:43.058+0000] {processor.py:157} INFO - Started process (PID=65) to work on /opt/airflow/dags/5.1-orchestration.py
[2023-09-25T07:40:43.084+0000] {processor.py:829} INFO - Processing file /opt/airflow/dags/5.1-orchestration.py for tasks to queue
[2023-09-25T07:40:43.086+0000] {logging_mixin.py:151} INFO - [2023-09-25T07:40:43.086+0000] {dagbag.py:539} INFO - Filling up the DagBag from /opt/airflow/dags/5.1-orchestration.py
[2023-09-25T07:40:43.156+0000] {processor.py:839} INFO - DAG(s) dict_keys(['5.1-orchestration']) retrieved from /opt/airflow/dags/5.1-orchestration.py
[2023-09-25T07:40:43.210+0000] {logging_mixin.py:151} INFO - [2023-09-25T07:40:43.209+0000] {dag.py:2915} INFO - Sync 1 DAGs
[2023-09-25T07:40:43.270+0000] {logging_mixin.py:151} INFO - [2023-09-25T07:40:43.270+0000] {dag.py:3696} INFO - Setting next_dagrun for 5.1-orchestration to 2023-09-01T00:00:00+00:00, run_after=2023-09-02T00:00:00+00:00
[2023-09-25T07:40:43.318+0000] {processor.py:179} INFO - Processing /opt/airflow/dags/5.1-orchestration.py took 0.276 seconds
[2023-09-25T07:41:13.578+0000] {processor.py:157} INFO - Started process (PID=87) to work on /opt/airflow/dags/5.1-orchestration.py
[2023-09-25T07:41:13.579+0000] {processor.py:829} INFO - Processing file /opt/airflow/dags/5.1-orchestration.py for tasks to queue
[2023-09-25T07:41:13.582+0000] {logging_mixin.py:151} INFO - [2023-09-25T07:41:13.581+0000] {dagbag.py:539} INFO - Filling up the DagBag from /opt/airflow/dags/5.1-orchestration.py
[2023-09-25T07:41:13.634+0000] {processor.py:839} INFO - DAG(s) dict_keys(['5.1-orchestration']) retrieved from /opt/airflow/dags/5.1-orchestration.py
[2023-09-25T07:41:13.660+0000] {logging_mixin.py:151} INFO - [2023-09-25T07:41:13.659+0000] {dag.py:2915} INFO - Sync 1 DAGs
[2023-09-25T07:41:13.683+0000] {logging_mixin.py:151} INFO - [2023-09-25T07:41:13.683+0000] {dag.py:3696} INFO - Setting next_dagrun for 5.1-orchestration to 2023-09-01T00:00:00+00:00, run_after=2023-09-02T00:00:00+00:00
[2023-09-25T07:41:13.713+0000] {processor.py:179} INFO - Processing /opt/airflow/dags/5.1-orchestration.py took 0.140 seconds
[2023-09-25T07:41:44.142+0000] {processor.py:157} INFO - Started process (PID=109) to work on /opt/airflow/dags/5.1-orchestration.py
[2023-09-25T07:41:44.144+0000] {processor.py:829} INFO - Processing file /opt/airflow/dags/5.1-orchestration.py for tasks to queue
[2023-09-25T07:41:44.145+0000] {logging_mixin.py:151} INFO - [2023-09-25T07:41:44.145+0000] {dagbag.py:539} INFO - Filling up the DagBag from /opt/airflow/dags/5.1-orchestration.py
[2023-09-25T07:41:44.216+0000] {processor.py:839} INFO - DAG(s) dict_keys(['5.1-orchestration']) retrieved from /opt/airflow/dags/5.1-orchestration.py
[2023-09-25T07:41:44.253+0000] {logging_mixin.py:151} INFO - [2023-09-25T07:41:44.252+0000] {dag.py:2915} INFO - Sync 1 DAGs
[2023-09-25T07:41:44.281+0000] {logging_mixin.py:151} INFO - [2023-09-25T07:41:44.281+0000] {dag.py:3696} INFO - Setting next_dagrun for 5.1-orchestration to 2023-09-01T00:00:00+00:00, run_after=2023-09-02T00:00:00+00:00
[2023-09-25T07:41:44.307+0000] {processor.py:179} INFO - Processing /opt/airflow/dags/5.1-orchestration.py took 0.170 seconds
[2023-09-25T07:42:14.526+0000] {processor.py:157} INFO - Started process (PID=131) to work on /opt/airflow/dags/5.1-orchestration.py
[2023-09-25T07:42:14.527+0000] {processor.py:829} INFO - Processing file /opt/airflow/dags/5.1-orchestration.py for tasks to queue
[2023-09-25T07:42:14.529+0000] {logging_mixin.py:151} INFO - [2023-09-25T07:42:14.529+0000] {dagbag.py:539} INFO - Filling up the DagBag from /opt/airflow/dags/5.1-orchestration.py
[2023-09-25T07:42:14.609+0000] {processor.py:839} INFO - DAG(s) dict_keys(['5.1-orchestration']) retrieved from /opt/airflow/dags/5.1-orchestration.py
[2023-09-25T07:42:14.638+0000] {logging_mixin.py:151} INFO - [2023-09-25T07:42:14.638+0000] {dag.py:2915} INFO - Sync 1 DAGs
[2023-09-25T07:42:14.665+0000] {logging_mixin.py:151} INFO - [2023-09-25T07:42:14.665+0000] {dag.py:3696} INFO - Setting next_dagrun for 5.1-orchestration to 2023-09-01T00:00:00+00:00, run_after=2023-09-02T00:00:00+00:00
[2023-09-25T07:42:14.697+0000] {processor.py:179} INFO - Processing /opt/airflow/dags/5.1-orchestration.py took 0.175 seconds
[2023-09-25T07:42:45.121+0000] {processor.py:157} INFO - Started process (PID=154) to work on /opt/airflow/dags/5.1-orchestration.py
[2023-09-25T07:42:45.122+0000] {processor.py:829} INFO - Processing file /opt/airflow/dags/5.1-orchestration.py for tasks to queue
[2023-09-25T07:42:45.124+0000] {logging_mixin.py:151} INFO - [2023-09-25T07:42:45.124+0000] {dagbag.py:539} INFO - Filling up the DagBag from /opt/airflow/dags/5.1-orchestration.py
[2023-09-25T07:42:45.182+0000] {processor.py:839} INFO - DAG(s) dict_keys(['5.1-orchestration']) retrieved from /opt/airflow/dags/5.1-orchestration.py
[2023-09-25T07:42:45.214+0000] {logging_mixin.py:151} INFO - [2023-09-25T07:42:45.214+0000] {dag.py:2915} INFO - Sync 1 DAGs
[2023-09-25T07:42:45.241+0000] {logging_mixin.py:151} INFO - [2023-09-25T07:42:45.241+0000] {dag.py:3696} INFO - Setting next_dagrun for 5.1-orchestration to 2023-09-01T00:00:00+00:00, run_after=2023-09-02T00:00:00+00:00
[2023-09-25T07:42:45.270+0000] {processor.py:179} INFO - Processing /opt/airflow/dags/5.1-orchestration.py took 0.154 seconds
[2023-09-25T07:43:15.930+0000] {processor.py:157} INFO - Started process (PID=176) to work on /opt/airflow/dags/5.1-orchestration.py
[2023-09-25T07:43:15.931+0000] {processor.py:829} INFO - Processing file /opt/airflow/dags/5.1-orchestration.py for tasks to queue
[2023-09-25T07:43:15.933+0000] {logging_mixin.py:151} INFO - [2023-09-25T07:43:15.932+0000] {dagbag.py:539} INFO - Filling up the DagBag from /opt/airflow/dags/5.1-orchestration.py
[2023-09-25T07:43:15.982+0000] {processor.py:839} INFO - DAG(s) dict_keys(['5.1-orchestration']) retrieved from /opt/airflow/dags/5.1-orchestration.py
[2023-09-25T07:43:16.010+0000] {logging_mixin.py:151} INFO - [2023-09-25T07:43:16.009+0000] {dag.py:2915} INFO - Sync 1 DAGs
[2023-09-25T07:43:16.038+0000] {logging_mixin.py:151} INFO - [2023-09-25T07:43:16.038+0000] {dag.py:3696} INFO - Setting next_dagrun for 5.1-orchestration to 2023-09-01T00:00:00+00:00, run_after=2023-09-02T00:00:00+00:00
[2023-09-25T07:43:16.095+0000] {processor.py:179} INFO - Processing /opt/airflow/dags/5.1-orchestration.py took 0.169 seconds
[2023-09-25T07:43:46.706+0000] {processor.py:157} INFO - Started process (PID=205) to work on /opt/airflow/dags/5.1-orchestration.py
[2023-09-25T07:43:46.708+0000] {processor.py:829} INFO - Processing file /opt/airflow/dags/5.1-orchestration.py for tasks to queue
[2023-09-25T07:43:46.712+0000] {logging_mixin.py:151} INFO - [2023-09-25T07:43:46.711+0000] {dagbag.py:539} INFO - Filling up the DagBag from /opt/airflow/dags/5.1-orchestration.py
[2023-09-25T07:43:46.805+0000] {processor.py:839} INFO - DAG(s) dict_keys(['5.1-orchestration']) retrieved from /opt/airflow/dags/5.1-orchestration.py
[2023-09-25T07:43:46.866+0000] {logging_mixin.py:151} INFO - [2023-09-25T07:43:46.865+0000] {dag.py:2915} INFO - Sync 1 DAGs
[2023-09-25T07:43:46.927+0000] {logging_mixin.py:151} INFO - [2023-09-25T07:43:46.927+0000] {dag.py:3696} INFO - Setting next_dagrun for 5.1-orchestration to 2023-09-01T00:00:00+00:00, run_after=2023-09-02T00:00:00+00:00
[2023-09-25T07:43:46.988+0000] {processor.py:179} INFO - Processing /opt/airflow/dags/5.1-orchestration.py took 0.290 seconds
[2023-09-25T07:44:17.177+0000] {processor.py:157} INFO - Started process (PID=227) to work on /opt/airflow/dags/5.1-orchestration.py
[2023-09-25T07:44:17.179+0000] {processor.py:829} INFO - Processing file /opt/airflow/dags/5.1-orchestration.py for tasks to queue
[2023-09-25T07:44:17.183+0000] {logging_mixin.py:151} INFO - [2023-09-25T07:44:17.182+0000] {dagbag.py:539} INFO - Filling up the DagBag from /opt/airflow/dags/5.1-orchestration.py
[2023-09-25T07:44:17.270+0000] {processor.py:839} INFO - DAG(s) dict_keys(['5.1-orchestration']) retrieved from /opt/airflow/dags/5.1-orchestration.py
[2023-09-25T07:44:17.303+0000] {logging_mixin.py:151} INFO - [2023-09-25T07:44:17.302+0000] {dag.py:2915} INFO - Sync 1 DAGs
[2023-09-25T07:44:17.336+0000] {logging_mixin.py:151} INFO - [2023-09-25T07:44:17.336+0000] {dag.py:3696} INFO - Setting next_dagrun for 5.1-orchestration to 2023-09-01T00:00:00+00:00, run_after=2023-09-02T00:00:00+00:00
[2023-09-25T07:44:17.376+0000] {processor.py:179} INFO - Processing /opt/airflow/dags/5.1-orchestration.py took 0.205 seconds
[2023-09-25T07:44:54.869+0000] {processor.py:157} INFO - Started process (PID=249) to work on /opt/airflow/dags/5.1-orchestration.py
[2023-09-25T07:44:54.883+0000] {processor.py:829} INFO - Processing file /opt/airflow/dags/5.1-orchestration.py for tasks to queue
[2023-09-25T07:44:54.885+0000] {logging_mixin.py:151} INFO - [2023-09-25T07:44:54.885+0000] {dagbag.py:539} INFO - Filling up the DagBag from /opt/airflow/dags/5.1-orchestration.py
[2023-09-25T07:44:54.976+0000] {processor.py:839} INFO - DAG(s) dict_keys(['5.1-orchestration']) retrieved from /opt/airflow/dags/5.1-orchestration.py
[2023-09-25T07:44:55.025+0000] {logging_mixin.py:151} INFO - [2023-09-25T07:44:55.024+0000] {dag.py:2915} INFO - Sync 1 DAGs
[2023-09-25T07:44:55.096+0000] {logging_mixin.py:151} INFO - [2023-09-25T07:44:55.095+0000] {dag.py:3696} INFO - Setting next_dagrun for 5.1-orchestration to 2023-09-01T00:00:00+00:00, run_after=2023-09-02T00:00:00+00:00
[2023-09-25T07:44:55.171+0000] {processor.py:179} INFO - Processing /opt/airflow/dags/5.1-orchestration.py took 0.337 seconds
[2023-09-25T07:45:25.838+0000] {processor.py:157} INFO - Started process (PID=271) to work on /opt/airflow/dags/5.1-orchestration.py
[2023-09-25T07:45:25.840+0000] {processor.py:829} INFO - Processing file /opt/airflow/dags/5.1-orchestration.py for tasks to queue
[2023-09-25T07:45:25.841+0000] {logging_mixin.py:151} INFO - [2023-09-25T07:45:25.841+0000] {dagbag.py:539} INFO - Filling up the DagBag from /opt/airflow/dags/5.1-orchestration.py
[2023-09-25T07:45:25.887+0000] {processor.py:839} INFO - DAG(s) dict_keys(['5.1-orchestration']) retrieved from /opt/airflow/dags/5.1-orchestration.py
[2023-09-25T07:45:25.920+0000] {logging_mixin.py:151} INFO - [2023-09-25T07:45:25.919+0000] {dag.py:2915} INFO - Sync 1 DAGs
[2023-09-25T07:45:25.944+0000] {logging_mixin.py:151} INFO - [2023-09-25T07:45:25.944+0000] {dag.py:3696} INFO - Setting next_dagrun for 5.1-orchestration to 2023-09-01T00:00:00+00:00, run_after=2023-09-02T00:00:00+00:00
[2023-09-25T07:45:25.993+0000] {processor.py:179} INFO - Processing /opt/airflow/dags/5.1-orchestration.py took 0.160 seconds
[2023-09-25T07:45:56.357+0000] {processor.py:157} INFO - Started process (PID=293) to work on /opt/airflow/dags/5.1-orchestration.py
[2023-09-25T07:45:56.358+0000] {processor.py:829} INFO - Processing file /opt/airflow/dags/5.1-orchestration.py for tasks to queue
[2023-09-25T07:45:56.360+0000] {logging_mixin.py:151} INFO - [2023-09-25T07:45:56.360+0000] {dagbag.py:539} INFO - Filling up the DagBag from /opt/airflow/dags/5.1-orchestration.py
[2023-09-25T07:45:56.406+0000] {processor.py:839} INFO - DAG(s) dict_keys(['5.1-orchestration']) retrieved from /opt/airflow/dags/5.1-orchestration.py
[2023-09-25T07:45:56.437+0000] {logging_mixin.py:151} INFO - [2023-09-25T07:45:56.436+0000] {dag.py:2915} INFO - Sync 1 DAGs
[2023-09-25T07:45:56.469+0000] {logging_mixin.py:151} INFO - [2023-09-25T07:45:56.469+0000] {dag.py:3696} INFO - Setting next_dagrun for 5.1-orchestration to 2023-09-01T00:00:00+00:00, run_after=2023-09-02T00:00:00+00:00
[2023-09-25T07:45:56.499+0000] {processor.py:179} INFO - Processing /opt/airflow/dags/5.1-orchestration.py took 0.147 seconds
[2023-09-25T07:46:26.886+0000] {processor.py:157} INFO - Started process (PID=315) to work on /opt/airflow/dags/5.1-orchestration.py
[2023-09-25T07:46:26.888+0000] {processor.py:829} INFO - Processing file /opt/airflow/dags/5.1-orchestration.py for tasks to queue
[2023-09-25T07:46:26.891+0000] {logging_mixin.py:151} INFO - [2023-09-25T07:46:26.891+0000] {dagbag.py:539} INFO - Filling up the DagBag from /opt/airflow/dags/5.1-orchestration.py
[2023-09-25T07:46:26.977+0000] {processor.py:839} INFO - DAG(s) dict_keys(['5.1-orchestration']) retrieved from /opt/airflow/dags/5.1-orchestration.py
[2023-09-25T07:46:27.006+0000] {logging_mixin.py:151} INFO - [2023-09-25T07:46:27.005+0000] {dag.py:2915} INFO - Sync 1 DAGs
[2023-09-25T07:46:27.031+0000] {logging_mixin.py:151} INFO - [2023-09-25T07:46:27.031+0000] {dag.py:3696} INFO - Setting next_dagrun for 5.1-orchestration to 2023-09-01T00:00:00+00:00, run_after=2023-09-02T00:00:00+00:00
[2023-09-25T07:46:27.077+0000] {processor.py:179} INFO - Processing /opt/airflow/dags/5.1-orchestration.py took 0.198 seconds
[2023-09-25T07:46:57.382+0000] {processor.py:157} INFO - Started process (PID=337) to work on /opt/airflow/dags/5.1-orchestration.py
[2023-09-25T07:46:57.384+0000] {processor.py:829} INFO - Processing file /opt/airflow/dags/5.1-orchestration.py for tasks to queue
[2023-09-25T07:46:57.386+0000] {logging_mixin.py:151} INFO - [2023-09-25T07:46:57.385+0000] {dagbag.py:539} INFO - Filling up the DagBag from /opt/airflow/dags/5.1-orchestration.py
[2023-09-25T07:46:57.447+0000] {processor.py:839} INFO - DAG(s) dict_keys(['5.1-orchestration']) retrieved from /opt/airflow/dags/5.1-orchestration.py
[2023-09-25T07:46:57.476+0000] {logging_mixin.py:151} INFO - [2023-09-25T07:46:57.476+0000] {dag.py:2915} INFO - Sync 1 DAGs
[2023-09-25T07:46:57.531+0000] {logging_mixin.py:151} INFO - [2023-09-25T07:46:57.531+0000] {dag.py:3696} INFO - Setting next_dagrun for 5.1-orchestration to 2023-09-01T00:00:00+00:00, run_after=2023-09-02T00:00:00+00:00
[2023-09-25T07:46:57.578+0000] {processor.py:179} INFO - Processing /opt/airflow/dags/5.1-orchestration.py took 0.202 seconds
[2023-09-25T07:47:28.053+0000] {processor.py:157} INFO - Started process (PID=359) to work on /opt/airflow/dags/5.1-orchestration.py
[2023-09-25T07:47:28.055+0000] {processor.py:829} INFO - Processing file /opt/airflow/dags/5.1-orchestration.py for tasks to queue
[2023-09-25T07:47:28.059+0000] {logging_mixin.py:151} INFO - [2023-09-25T07:47:28.058+0000] {dagbag.py:539} INFO - Filling up the DagBag from /opt/airflow/dags/5.1-orchestration.py
[2023-09-25T07:47:28.141+0000] {processor.py:839} INFO - DAG(s) dict_keys(['5.1-orchestration']) retrieved from /opt/airflow/dags/5.1-orchestration.py
[2023-09-25T07:47:28.183+0000] {logging_mixin.py:151} INFO - [2023-09-25T07:47:28.182+0000] {dag.py:2915} INFO - Sync 1 DAGs
[2023-09-25T07:47:28.230+0000] {logging_mixin.py:151} INFO - [2023-09-25T07:47:28.230+0000] {dag.py:3696} INFO - Setting next_dagrun for 5.1-orchestration to 2023-09-01T00:00:00+00:00, run_after=2023-09-02T00:00:00+00:00
[2023-09-25T07:47:28.277+0000] {processor.py:179} INFO - Processing /opt/airflow/dags/5.1-orchestration.py took 0.236 seconds
[2023-09-25T07:47:58.708+0000] {processor.py:157} INFO - Started process (PID=381) to work on /opt/airflow/dags/5.1-orchestration.py
[2023-09-25T07:47:58.710+0000] {processor.py:829} INFO - Processing file /opt/airflow/dags/5.1-orchestration.py for tasks to queue
[2023-09-25T07:47:58.713+0000] {logging_mixin.py:151} INFO - [2023-09-25T07:47:58.712+0000] {dagbag.py:539} INFO - Filling up the DagBag from /opt/airflow/dags/5.1-orchestration.py
[2023-09-25T07:47:58.789+0000] {processor.py:839} INFO - DAG(s) dict_keys(['5.1-orchestration']) retrieved from /opt/airflow/dags/5.1-orchestration.py
[2023-09-25T07:47:58.818+0000] {logging_mixin.py:151} INFO - [2023-09-25T07:47:58.818+0000] {dag.py:2915} INFO - Sync 1 DAGs
[2023-09-25T07:47:58.845+0000] {logging_mixin.py:151} INFO - [2023-09-25T07:47:58.844+0000] {dag.py:3696} INFO - Setting next_dagrun for 5.1-orchestration to 2023-09-01T00:00:00+00:00, run_after=2023-09-02T00:00:00+00:00
[2023-09-25T07:47:58.876+0000] {processor.py:179} INFO - Processing /opt/airflow/dags/5.1-orchestration.py took 0.176 seconds
[2023-09-25T07:48:29.101+0000] {processor.py:157} INFO - Started process (PID=403) to work on /opt/airflow/dags/5.1-orchestration.py
[2023-09-25T07:48:29.103+0000] {processor.py:829} INFO - Processing file /opt/airflow/dags/5.1-orchestration.py for tasks to queue
[2023-09-25T07:48:29.106+0000] {logging_mixin.py:151} INFO - [2023-09-25T07:48:29.105+0000] {dagbag.py:539} INFO - Filling up the DagBag from /opt/airflow/dags/5.1-orchestration.py
[2023-09-25T07:48:29.181+0000] {processor.py:839} INFO - DAG(s) dict_keys(['5.1-orchestration']) retrieved from /opt/airflow/dags/5.1-orchestration.py
[2023-09-25T07:48:29.203+0000] {logging_mixin.py:151} INFO - [2023-09-25T07:48:29.203+0000] {dag.py:2915} INFO - Sync 1 DAGs
[2023-09-25T07:48:29.225+0000] {logging_mixin.py:151} INFO - [2023-09-25T07:48:29.225+0000] {dag.py:3696} INFO - Setting next_dagrun for 5.1-orchestration to 2023-09-01T00:00:00+00:00, run_after=2023-09-02T00:00:00+00:00
[2023-09-25T07:48:29.264+0000] {processor.py:179} INFO - Processing /opt/airflow/dags/5.1-orchestration.py took 0.170 seconds
[2023-09-25T07:49:00.262+0000] {processor.py:157} INFO - Started process (PID=425) to work on /opt/airflow/dags/5.1-orchestration.py
[2023-09-25T07:49:00.264+0000] {processor.py:829} INFO - Processing file /opt/airflow/dags/5.1-orchestration.py for tasks to queue
[2023-09-25T07:49:00.266+0000] {logging_mixin.py:151} INFO - [2023-09-25T07:49:00.265+0000] {dagbag.py:539} INFO - Filling up the DagBag from /opt/airflow/dags/5.1-orchestration.py
[2023-09-25T07:49:00.313+0000] {processor.py:839} INFO - DAG(s) dict_keys(['5.1-orchestration']) retrieved from /opt/airflow/dags/5.1-orchestration.py
[2023-09-25T07:49:00.336+0000] {logging_mixin.py:151} INFO - [2023-09-25T07:49:00.336+0000] {dag.py:2915} INFO - Sync 1 DAGs
[2023-09-25T07:49:00.359+0000] {logging_mixin.py:151} INFO - [2023-09-25T07:49:00.359+0000] {dag.py:3696} INFO - Setting next_dagrun for 5.1-orchestration to 2023-09-01T00:00:00+00:00, run_after=2023-09-02T00:00:00+00:00
[2023-09-25T07:49:00.383+0000] {processor.py:179} INFO - Processing /opt/airflow/dags/5.1-orchestration.py took 0.125 seconds
[2023-09-25T07:49:31.416+0000] {processor.py:157} INFO - Started process (PID=447) to work on /opt/airflow/dags/5.1-orchestration.py
[2023-09-25T07:49:31.418+0000] {processor.py:829} INFO - Processing file /opt/airflow/dags/5.1-orchestration.py for tasks to queue
[2023-09-25T07:49:31.424+0000] {logging_mixin.py:151} INFO - [2023-09-25T07:49:31.423+0000] {dagbag.py:539} INFO - Filling up the DagBag from /opt/airflow/dags/5.1-orchestration.py
[2023-09-25T07:49:31.508+0000] {processor.py:839} INFO - DAG(s) dict_keys(['5.1-orchestration']) retrieved from /opt/airflow/dags/5.1-orchestration.py
[2023-09-25T07:49:31.542+0000] {logging_mixin.py:151} INFO - [2023-09-25T07:49:31.542+0000] {dag.py:2915} INFO - Sync 1 DAGs
[2023-09-25T07:49:31.574+0000] {logging_mixin.py:151} INFO - [2023-09-25T07:49:31.574+0000] {dag.py:3696} INFO - Setting next_dagrun for 5.1-orchestration to 2023-09-01T00:00:00+00:00, run_after=2023-09-02T00:00:00+00:00
[2023-09-25T07:49:31.608+0000] {processor.py:179} INFO - Processing /opt/airflow/dags/5.1-orchestration.py took 0.200 seconds
[2023-09-25T07:50:02.705+0000] {processor.py:157} INFO - Started process (PID=469) to work on /opt/airflow/dags/5.1-orchestration.py
[2023-09-25T07:50:02.707+0000] {processor.py:829} INFO - Processing file /opt/airflow/dags/5.1-orchestration.py for tasks to queue
[2023-09-25T07:50:02.709+0000] {logging_mixin.py:151} INFO - [2023-09-25T07:50:02.709+0000] {dagbag.py:539} INFO - Filling up the DagBag from /opt/airflow/dags/5.1-orchestration.py
[2023-09-25T07:50:02.790+0000] {processor.py:839} INFO - DAG(s) dict_keys(['5.1-orchestration']) retrieved from /opt/airflow/dags/5.1-orchestration.py
[2023-09-25T07:50:02.838+0000] {logging_mixin.py:151} INFO - [2023-09-25T07:50:02.838+0000] {dag.py:2915} INFO - Sync 1 DAGs
[2023-09-25T07:50:02.897+0000] {logging_mixin.py:151} INFO - [2023-09-25T07:50:02.896+0000] {dag.py:3696} INFO - Setting next_dagrun for 5.1-orchestration to 2023-09-01T00:00:00+00:00, run_after=2023-09-02T00:00:00+00:00
[2023-09-25T07:50:02.953+0000] {processor.py:179} INFO - Processing /opt/airflow/dags/5.1-orchestration.py took 0.257 seconds
[2023-09-25T07:50:33.819+0000] {processor.py:157} INFO - Started process (PID=492) to work on /opt/airflow/dags/5.1-orchestration.py
[2023-09-25T07:50:33.820+0000] {processor.py:829} INFO - Processing file /opt/airflow/dags/5.1-orchestration.py for tasks to queue
[2023-09-25T07:50:33.822+0000] {logging_mixin.py:151} INFO - [2023-09-25T07:50:33.822+0000] {dagbag.py:539} INFO - Filling up the DagBag from /opt/airflow/dags/5.1-orchestration.py
[2023-09-25T07:50:33.873+0000] {processor.py:839} INFO - DAG(s) dict_keys(['5.1-orchestration']) retrieved from /opt/airflow/dags/5.1-orchestration.py
[2023-09-25T07:50:33.902+0000] {logging_mixin.py:151} INFO - [2023-09-25T07:50:33.902+0000] {dag.py:2915} INFO - Sync 1 DAGs
[2023-09-25T07:50:33.927+0000] {logging_mixin.py:151} INFO - [2023-09-25T07:50:33.927+0000] {dag.py:3696} INFO - Setting next_dagrun for 5.1-orchestration to 2023-09-01T00:00:00+00:00, run_after=2023-09-02T00:00:00+00:00
[2023-09-25T07:50:33.951+0000] {processor.py:179} INFO - Processing /opt/airflow/dags/5.1-orchestration.py took 0.136 seconds
[2023-09-25T07:51:04.680+0000] {processor.py:157} INFO - Started process (PID=514) to work on /opt/airflow/dags/5.1-orchestration.py
[2023-09-25T07:51:04.682+0000] {processor.py:829} INFO - Processing file /opt/airflow/dags/5.1-orchestration.py for tasks to queue
[2023-09-25T07:51:04.685+0000] {logging_mixin.py:151} INFO - [2023-09-25T07:51:04.685+0000] {dagbag.py:539} INFO - Filling up the DagBag from /opt/airflow/dags/5.1-orchestration.py
[2023-09-25T07:51:04.798+0000] {processor.py:839} INFO - DAG(s) dict_keys(['5.1-orchestration']) retrieved from /opt/airflow/dags/5.1-orchestration.py
[2023-09-25T07:51:04.840+0000] {logging_mixin.py:151} INFO - [2023-09-25T07:51:04.840+0000] {dag.py:2915} INFO - Sync 1 DAGs
[2023-09-25T07:51:04.872+0000] {logging_mixin.py:151} INFO - [2023-09-25T07:51:04.872+0000] {dag.py:3696} INFO - Setting next_dagrun for 5.1-orchestration to 2023-09-01T00:00:00+00:00, run_after=2023-09-02T00:00:00+00:00
[2023-09-25T07:51:04.896+0000] {processor.py:179} INFO - Processing /opt/airflow/dags/5.1-orchestration.py took 0.224 seconds
[2023-09-25T07:51:35.047+0000] {processor.py:157} INFO - Started process (PID=537) to work on /opt/airflow/dags/5.1-orchestration.py
[2023-09-25T07:51:35.049+0000] {processor.py:829} INFO - Processing file /opt/airflow/dags/5.1-orchestration.py for tasks to queue
[2023-09-25T07:51:35.052+0000] {logging_mixin.py:151} INFO - [2023-09-25T07:51:35.051+0000] {dagbag.py:539} INFO - Filling up the DagBag from /opt/airflow/dags/5.1-orchestration.py
[2023-09-25T07:51:35.129+0000] {processor.py:839} INFO - DAG(s) dict_keys(['5.1-orchestration']) retrieved from /opt/airflow/dags/5.1-orchestration.py
[2023-09-25T07:51:35.176+0000] {logging_mixin.py:151} INFO - [2023-09-25T07:51:35.175+0000] {dag.py:2915} INFO - Sync 1 DAGs
[2023-09-25T07:51:35.221+0000] {logging_mixin.py:151} INFO - [2023-09-25T07:51:35.220+0000] {dag.py:3696} INFO - Setting next_dagrun for 5.1-orchestration to 2023-09-01T00:00:00+00:00, run_after=2023-09-02T00:00:00+00:00
[2023-09-25T07:51:35.255+0000] {processor.py:179} INFO - Processing /opt/airflow/dags/5.1-orchestration.py took 0.215 seconds
[2023-09-25T07:52:05.541+0000] {processor.py:157} INFO - Started process (PID=559) to work on /opt/airflow/dags/5.1-orchestration.py
[2023-09-25T07:52:05.542+0000] {processor.py:829} INFO - Processing file /opt/airflow/dags/5.1-orchestration.py for tasks to queue
[2023-09-25T07:52:05.544+0000] {logging_mixin.py:151} INFO - [2023-09-25T07:52:05.543+0000] {dagbag.py:539} INFO - Filling up the DagBag from /opt/airflow/dags/5.1-orchestration.py
[2023-09-25T07:52:05.591+0000] {processor.py:839} INFO - DAG(s) dict_keys(['5.1-orchestration']) retrieved from /opt/airflow/dags/5.1-orchestration.py
[2023-09-25T07:52:05.619+0000] {logging_mixin.py:151} INFO - [2023-09-25T07:52:05.619+0000] {dag.py:2915} INFO - Sync 1 DAGs
[2023-09-25T07:52:05.655+0000] {logging_mixin.py:151} INFO - [2023-09-25T07:52:05.655+0000] {dag.py:3696} INFO - Setting next_dagrun for 5.1-orchestration to 2023-09-01T00:00:00+00:00, run_after=2023-09-02T00:00:00+00:00
[2023-09-25T07:52:05.681+0000] {processor.py:179} INFO - Processing /opt/airflow/dags/5.1-orchestration.py took 0.143 seconds
[2023-09-25T07:52:36.488+0000] {processor.py:157} INFO - Started process (PID=581) to work on /opt/airflow/dags/5.1-orchestration.py
[2023-09-25T07:52:36.490+0000] {processor.py:829} INFO - Processing file /opt/airflow/dags/5.1-orchestration.py for tasks to queue
[2023-09-25T07:52:36.492+0000] {logging_mixin.py:151} INFO - [2023-09-25T07:52:36.492+0000] {dagbag.py:539} INFO - Filling up the DagBag from /opt/airflow/dags/5.1-orchestration.py
[2023-09-25T07:52:36.560+0000] {processor.py:839} INFO - DAG(s) dict_keys(['5.1-orchestration']) retrieved from /opt/airflow/dags/5.1-orchestration.py
[2023-09-25T07:52:36.607+0000] {logging_mixin.py:151} INFO - [2023-09-25T07:52:36.607+0000] {dag.py:2915} INFO - Sync 1 DAGs
[2023-09-25T07:52:36.638+0000] {logging_mixin.py:151} INFO - [2023-09-25T07:52:36.638+0000] {dag.py:3696} INFO - Setting next_dagrun for 5.1-orchestration to 2023-09-01T00:00:00+00:00, run_after=2023-09-02T00:00:00+00:00
[2023-09-25T07:52:36.665+0000] {processor.py:179} INFO - Processing /opt/airflow/dags/5.1-orchestration.py took 0.181 seconds
[2023-09-25T11:14:26.362+0000] {processor.py:157} INFO - Started process (PID=44) to work on /opt/airflow/dags/5.1-orchestration.py
[2023-09-25T11:14:26.370+0000] {processor.py:829} INFO - Processing file /opt/airflow/dags/5.1-orchestration.py for tasks to queue
[2023-09-25T11:14:26.373+0000] {logging_mixin.py:151} INFO - [2023-09-25T11:14:26.372+0000] {dagbag.py:539} INFO - Filling up the DagBag from /opt/airflow/dags/5.1-orchestration.py
[2023-09-25T11:14:26.440+0000] {processor.py:839} INFO - DAG(s) dict_keys(['5.1-orchestration']) retrieved from /opt/airflow/dags/5.1-orchestration.py
[2023-09-25T11:14:26.991+0000] {logging_mixin.py:151} INFO - [2023-09-25T11:14:26.991+0000] {security.py:708} INFO - Not syncing DAG-level permissions for DAG 'DAG:5.1-orchestration' as access control is unset.
[2023-09-25T11:14:26.992+0000] {logging_mixin.py:151} INFO - [2023-09-25T11:14:26.992+0000] {dag.py:2915} INFO - Sync 1 DAGs
[2023-09-25T11:14:27.039+0000] {logging_mixin.py:151} INFO - [2023-09-25T11:14:27.038+0000] {dag.py:3696} INFO - Setting next_dagrun for 5.1-orchestration to 2023-09-01T00:00:00+00:00, run_after=2023-09-02T00:00:00+00:00
[2023-09-25T11:14:27.089+0000] {processor.py:179} INFO - Processing /opt/airflow/dags/5.1-orchestration.py took 0.732 seconds
[2023-09-25T11:14:57.210+0000] {processor.py:157} INFO - Started process (PID=67) to work on /opt/airflow/dags/5.1-orchestration.py
[2023-09-25T11:14:57.215+0000] {processor.py:829} INFO - Processing file /opt/airflow/dags/5.1-orchestration.py for tasks to queue
[2023-09-25T11:14:57.216+0000] {logging_mixin.py:151} INFO - [2023-09-25T11:14:57.216+0000] {dagbag.py:539} INFO - Filling up the DagBag from /opt/airflow/dags/5.1-orchestration.py
[2023-09-25T11:14:57.256+0000] {processor.py:839} INFO - DAG(s) dict_keys(['5.1-orchestration']) retrieved from /opt/airflow/dags/5.1-orchestration.py
[2023-09-25T11:14:57.278+0000] {logging_mixin.py:151} INFO - [2023-09-25T11:14:57.278+0000] {dag.py:2915} INFO - Sync 1 DAGs
[2023-09-25T11:14:57.298+0000] {logging_mixin.py:151} INFO - [2023-09-25T11:14:57.298+0000] {dag.py:3696} INFO - Setting next_dagrun for 5.1-orchestration to 2023-09-01T00:00:00+00:00, run_after=2023-09-02T00:00:00+00:00
[2023-09-25T11:14:57.325+0000] {processor.py:179} INFO - Processing /opt/airflow/dags/5.1-orchestration.py took 0.118 seconds
[2023-09-25T11:15:27.588+0000] {processor.py:157} INFO - Started process (PID=90) to work on /opt/airflow/dags/5.1-orchestration.py
[2023-09-25T11:15:27.589+0000] {processor.py:829} INFO - Processing file /opt/airflow/dags/5.1-orchestration.py for tasks to queue
[2023-09-25T11:15:27.591+0000] {logging_mixin.py:151} INFO - [2023-09-25T11:15:27.590+0000] {dagbag.py:539} INFO - Filling up the DagBag from /opt/airflow/dags/5.1-orchestration.py
[2023-09-25T11:15:27.631+0000] {processor.py:839} INFO - DAG(s) dict_keys(['5.1-orchestration']) retrieved from /opt/airflow/dags/5.1-orchestration.py
[2023-09-25T11:15:27.653+0000] {logging_mixin.py:151} INFO - [2023-09-25T11:15:27.653+0000] {dag.py:2915} INFO - Sync 1 DAGs
[2023-09-25T11:15:27.673+0000] {logging_mixin.py:151} INFO - [2023-09-25T11:15:27.673+0000] {dag.py:3696} INFO - Setting next_dagrun for 5.1-orchestration to 2023-09-01T00:00:00+00:00, run_after=2023-09-02T00:00:00+00:00
[2023-09-25T11:15:27.700+0000] {processor.py:179} INFO - Processing /opt/airflow/dags/5.1-orchestration.py took 0.117 seconds
[2023-09-25T11:15:58.465+0000] {processor.py:157} INFO - Started process (PID=113) to work on /opt/airflow/dags/5.1-orchestration.py
[2023-09-25T11:15:58.466+0000] {processor.py:829} INFO - Processing file /opt/airflow/dags/5.1-orchestration.py for tasks to queue
[2023-09-25T11:15:58.468+0000] {logging_mixin.py:151} INFO - [2023-09-25T11:15:58.467+0000] {dagbag.py:539} INFO - Filling up the DagBag from /opt/airflow/dags/5.1-orchestration.py
[2023-09-25T11:15:58.509+0000] {processor.py:839} INFO - DAG(s) dict_keys(['5.1-orchestration']) retrieved from /opt/airflow/dags/5.1-orchestration.py
[2023-09-25T11:15:58.532+0000] {logging_mixin.py:151} INFO - [2023-09-25T11:15:58.532+0000] {dag.py:2915} INFO - Sync 1 DAGs
[2023-09-25T11:15:58.561+0000] {logging_mixin.py:151} INFO - [2023-09-25T11:15:58.560+0000] {dag.py:3696} INFO - Setting next_dagrun for 5.1-orchestration to 2023-09-01T00:00:00+00:00, run_after=2023-09-02T00:00:00+00:00
[2023-09-25T11:15:58.583+0000] {processor.py:179} INFO - Processing /opt/airflow/dags/5.1-orchestration.py took 0.122 seconds
[2023-09-25T11:16:29.440+0000] {processor.py:157} INFO - Started process (PID=136) to work on /opt/airflow/dags/5.1-orchestration.py
[2023-09-25T11:16:29.441+0000] {processor.py:829} INFO - Processing file /opt/airflow/dags/5.1-orchestration.py for tasks to queue
[2023-09-25T11:16:29.442+0000] {logging_mixin.py:151} INFO - [2023-09-25T11:16:29.442+0000] {dagbag.py:539} INFO - Filling up the DagBag from /opt/airflow/dags/5.1-orchestration.py
[2023-09-25T11:16:29.484+0000] {processor.py:839} INFO - DAG(s) dict_keys(['5.1-orchestration']) retrieved from /opt/airflow/dags/5.1-orchestration.py
[2023-09-25T11:16:29.505+0000] {logging_mixin.py:151} INFO - [2023-09-25T11:16:29.505+0000] {dag.py:2915} INFO - Sync 1 DAGs
[2023-09-25T11:16:29.527+0000] {logging_mixin.py:151} INFO - [2023-09-25T11:16:29.527+0000] {dag.py:3696} INFO - Setting next_dagrun for 5.1-orchestration to 2023-09-01T00:00:00+00:00, run_after=2023-09-02T00:00:00+00:00
[2023-09-25T11:16:29.555+0000] {processor.py:179} INFO - Processing /opt/airflow/dags/5.1-orchestration.py took 0.118 seconds
[2023-09-25T11:17:00.493+0000] {processor.py:157} INFO - Started process (PID=159) to work on /opt/airflow/dags/5.1-orchestration.py
[2023-09-25T11:17:00.494+0000] {processor.py:829} INFO - Processing file /opt/airflow/dags/5.1-orchestration.py for tasks to queue
[2023-09-25T11:17:00.495+0000] {logging_mixin.py:151} INFO - [2023-09-25T11:17:00.495+0000] {dagbag.py:539} INFO - Filling up the DagBag from /opt/airflow/dags/5.1-orchestration.py
[2023-09-25T11:17:00.539+0000] {processor.py:839} INFO - DAG(s) dict_keys(['5.1-orchestration']) retrieved from /opt/airflow/dags/5.1-orchestration.py
[2023-09-25T11:17:00.560+0000] {logging_mixin.py:151} INFO - [2023-09-25T11:17:00.560+0000] {dag.py:2915} INFO - Sync 1 DAGs
[2023-09-25T11:17:00.581+0000] {logging_mixin.py:151} INFO - [2023-09-25T11:17:00.581+0000] {dag.py:3696} INFO - Setting next_dagrun for 5.1-orchestration to 2023-09-01T00:00:00+00:00, run_after=2023-09-02T00:00:00+00:00
[2023-09-25T11:17:00.607+0000] {processor.py:179} INFO - Processing /opt/airflow/dags/5.1-orchestration.py took 0.118 seconds
[2023-09-25T11:17:31.506+0000] {processor.py:157} INFO - Started process (PID=182) to work on /opt/airflow/dags/5.1-orchestration.py
[2023-09-25T11:17:31.507+0000] {processor.py:829} INFO - Processing file /opt/airflow/dags/5.1-orchestration.py for tasks to queue
[2023-09-25T11:17:31.509+0000] {logging_mixin.py:151} INFO - [2023-09-25T11:17:31.508+0000] {dagbag.py:539} INFO - Filling up the DagBag from /opt/airflow/dags/5.1-orchestration.py
[2023-09-25T11:17:31.552+0000] {processor.py:839} INFO - DAG(s) dict_keys(['5.1-orchestration']) retrieved from /opt/airflow/dags/5.1-orchestration.py
[2023-09-25T11:17:31.573+0000] {logging_mixin.py:151} INFO - [2023-09-25T11:17:31.573+0000] {dag.py:2915} INFO - Sync 1 DAGs
[2023-09-25T11:17:31.594+0000] {logging_mixin.py:151} INFO - [2023-09-25T11:17:31.593+0000] {dag.py:3696} INFO - Setting next_dagrun for 5.1-orchestration to 2023-09-01T00:00:00+00:00, run_after=2023-09-02T00:00:00+00:00
[2023-09-25T11:17:31.621+0000] {processor.py:179} INFO - Processing /opt/airflow/dags/5.1-orchestration.py took 0.117 seconds
[2023-09-25T11:18:02.602+0000] {processor.py:157} INFO - Started process (PID=205) to work on /opt/airflow/dags/5.1-orchestration.py
[2023-09-25T11:18:02.604+0000] {processor.py:829} INFO - Processing file /opt/airflow/dags/5.1-orchestration.py for tasks to queue
[2023-09-25T11:18:02.608+0000] {logging_mixin.py:151} INFO - [2023-09-25T11:18:02.607+0000] {dagbag.py:539} INFO - Filling up the DagBag from /opt/airflow/dags/5.1-orchestration.py
[2023-09-25T11:18:02.675+0000] {processor.py:839} INFO - DAG(s) dict_keys(['5.1-orchestration']) retrieved from /opt/airflow/dags/5.1-orchestration.py
[2023-09-25T11:18:02.713+0000] {logging_mixin.py:151} INFO - [2023-09-25T11:18:02.713+0000] {dag.py:2915} INFO - Sync 1 DAGs
[2023-09-25T11:18:02.775+0000] {logging_mixin.py:151} INFO - [2023-09-25T11:18:02.774+0000] {dag.py:3696} INFO - Setting next_dagrun for 5.1-orchestration to 2023-09-01T00:00:00+00:00, run_after=2023-09-02T00:00:00+00:00
[2023-09-25T11:18:02.822+0000] {processor.py:179} INFO - Processing /opt/airflow/dags/5.1-orchestration.py took 0.230 seconds
[2023-09-25T11:18:33.016+0000] {processor.py:157} INFO - Started process (PID=238) to work on /opt/airflow/dags/5.1-orchestration.py
[2023-09-25T11:18:33.017+0000] {processor.py:829} INFO - Processing file /opt/airflow/dags/5.1-orchestration.py for tasks to queue
[2023-09-25T11:18:33.018+0000] {logging_mixin.py:151} INFO - [2023-09-25T11:18:33.018+0000] {dagbag.py:539} INFO - Filling up the DagBag from /opt/airflow/dags/5.1-orchestration.py
[2023-09-25T11:18:33.060+0000] {processor.py:839} INFO - DAG(s) dict_keys(['5.1-orchestration']) retrieved from /opt/airflow/dags/5.1-orchestration.py
[2023-09-25T11:18:33.086+0000] {logging_mixin.py:151} INFO - [2023-09-25T11:18:33.085+0000] {dag.py:2915} INFO - Sync 1 DAGs
[2023-09-25T11:18:33.123+0000] {logging_mixin.py:151} INFO - [2023-09-25T11:18:33.123+0000] {dag.py:3696} INFO - Setting next_dagrun for 5.1-orchestration to 2023-09-01T00:00:00+00:00, run_after=2023-09-02T00:00:00+00:00
[2023-09-25T11:18:33.155+0000] {processor.py:179} INFO - Processing /opt/airflow/dags/5.1-orchestration.py took 0.142 seconds
[2023-09-25T11:19:04.066+0000] {processor.py:157} INFO - Started process (PID=261) to work on /opt/airflow/dags/5.1-orchestration.py
[2023-09-25T11:19:04.067+0000] {processor.py:829} INFO - Processing file /opt/airflow/dags/5.1-orchestration.py for tasks to queue
[2023-09-25T11:19:04.068+0000] {logging_mixin.py:151} INFO - [2023-09-25T11:19:04.068+0000] {dagbag.py:539} INFO - Filling up the DagBag from /opt/airflow/dags/5.1-orchestration.py
[2023-09-25T11:19:04.116+0000] {processor.py:839} INFO - DAG(s) dict_keys(['5.1-orchestration']) retrieved from /opt/airflow/dags/5.1-orchestration.py
[2023-09-25T11:19:04.140+0000] {logging_mixin.py:151} INFO - [2023-09-25T11:19:04.140+0000] {dag.py:2915} INFO - Sync 1 DAGs
[2023-09-25T11:19:04.170+0000] {logging_mixin.py:151} INFO - [2023-09-25T11:19:04.170+0000] {dag.py:3696} INFO - Setting next_dagrun for 5.1-orchestration to 2023-09-01T00:00:00+00:00, run_after=2023-09-02T00:00:00+00:00
[2023-09-25T11:19:04.202+0000] {processor.py:179} INFO - Processing /opt/airflow/dags/5.1-orchestration.py took 0.140 seconds
[2023-09-25T11:19:34.827+0000] {processor.py:157} INFO - Started process (PID=284) to work on /opt/airflow/dags/5.1-orchestration.py
[2023-09-25T11:19:34.829+0000] {processor.py:829} INFO - Processing file /opt/airflow/dags/5.1-orchestration.py for tasks to queue
[2023-09-25T11:19:34.830+0000] {logging_mixin.py:151} INFO - [2023-09-25T11:19:34.830+0000] {dagbag.py:539} INFO - Filling up the DagBag from /opt/airflow/dags/5.1-orchestration.py
[2023-09-25T11:19:34.874+0000] {processor.py:839} INFO - DAG(s) dict_keys(['5.1-orchestration']) retrieved from /opt/airflow/dags/5.1-orchestration.py
[2023-09-25T11:19:34.900+0000] {logging_mixin.py:151} INFO - [2023-09-25T11:19:34.900+0000] {dag.py:2915} INFO - Sync 1 DAGs
[2023-09-25T11:19:34.921+0000] {logging_mixin.py:151} INFO - [2023-09-25T11:19:34.921+0000] {dag.py:3696} INFO - Setting next_dagrun for 5.1-orchestration to 2023-09-01T00:00:00+00:00, run_after=2023-09-02T00:00:00+00:00
[2023-09-25T11:19:34.951+0000] {processor.py:179} INFO - Processing /opt/airflow/dags/5.1-orchestration.py took 0.127 seconds
[2023-09-25T11:20:05.712+0000] {processor.py:157} INFO - Started process (PID=307) to work on /opt/airflow/dags/5.1-orchestration.py
[2023-09-25T11:20:05.713+0000] {processor.py:829} INFO - Processing file /opt/airflow/dags/5.1-orchestration.py for tasks to queue
[2023-09-25T11:20:05.714+0000] {logging_mixin.py:151} INFO - [2023-09-25T11:20:05.714+0000] {dagbag.py:539} INFO - Filling up the DagBag from /opt/airflow/dags/5.1-orchestration.py
[2023-09-25T11:20:05.766+0000] {processor.py:839} INFO - DAG(s) dict_keys(['5.1-orchestration']) retrieved from /opt/airflow/dags/5.1-orchestration.py
[2023-09-25T11:20:05.789+0000] {logging_mixin.py:151} INFO - [2023-09-25T11:20:05.789+0000] {dag.py:2915} INFO - Sync 1 DAGs
[2023-09-25T11:20:05.814+0000] {logging_mixin.py:151} INFO - [2023-09-25T11:20:05.814+0000] {dag.py:3696} INFO - Setting next_dagrun for 5.1-orchestration to 2023-09-01T00:00:00+00:00, run_after=2023-09-02T00:00:00+00:00
[2023-09-25T11:20:05.840+0000] {processor.py:179} INFO - Processing /opt/airflow/dags/5.1-orchestration.py took 0.131 seconds
[2023-09-25T11:20:36.312+0000] {processor.py:157} INFO - Started process (PID=330) to work on /opt/airflow/dags/5.1-orchestration.py
[2023-09-25T11:20:36.313+0000] {processor.py:829} INFO - Processing file /opt/airflow/dags/5.1-orchestration.py for tasks to queue
[2023-09-25T11:20:36.315+0000] {logging_mixin.py:151} INFO - [2023-09-25T11:20:36.315+0000] {dagbag.py:539} INFO - Filling up the DagBag from /opt/airflow/dags/5.1-orchestration.py
[2023-09-25T11:20:36.365+0000] {processor.py:839} INFO - DAG(s) dict_keys(['5.1-orchestration']) retrieved from /opt/airflow/dags/5.1-orchestration.py
[2023-09-25T11:20:36.402+0000] {logging_mixin.py:151} INFO - [2023-09-25T11:20:36.402+0000] {dag.py:2915} INFO - Sync 1 DAGs
[2023-09-25T11:20:36.436+0000] {logging_mixin.py:151} INFO - [2023-09-25T11:20:36.436+0000] {dag.py:3696} INFO - Setting next_dagrun for 5.1-orchestration to 2023-09-01T00:00:00+00:00, run_after=2023-09-02T00:00:00+00:00
[2023-09-25T11:20:36.486+0000] {processor.py:179} INFO - Processing /opt/airflow/dags/5.1-orchestration.py took 0.178 seconds
[2023-09-25T11:21:06.804+0000] {processor.py:157} INFO - Started process (PID=353) to work on /opt/airflow/dags/5.1-orchestration.py
[2023-09-25T11:21:06.805+0000] {processor.py:829} INFO - Processing file /opt/airflow/dags/5.1-orchestration.py for tasks to queue
[2023-09-25T11:21:06.807+0000] {logging_mixin.py:151} INFO - [2023-09-25T11:21:06.806+0000] {dagbag.py:539} INFO - Filling up the DagBag from /opt/airflow/dags/5.1-orchestration.py
[2023-09-25T11:21:06.874+0000] {processor.py:839} INFO - DAG(s) dict_keys(['5.1-orchestration']) retrieved from /opt/airflow/dags/5.1-orchestration.py
[2023-09-25T11:21:06.900+0000] {logging_mixin.py:151} INFO - [2023-09-25T11:21:06.900+0000] {dag.py:2915} INFO - Sync 1 DAGs
[2023-09-25T11:21:06.930+0000] {logging_mixin.py:151} INFO - [2023-09-25T11:21:06.930+0000] {dag.py:3696} INFO - Setting next_dagrun for 5.1-orchestration to 2023-09-01T00:00:00+00:00, run_after=2023-09-02T00:00:00+00:00
[2023-09-25T11:21:06.956+0000] {processor.py:179} INFO - Processing /opt/airflow/dags/5.1-orchestration.py took 0.155 seconds
[2023-09-25T11:21:37.366+0000] {processor.py:157} INFO - Started process (PID=376) to work on /opt/airflow/dags/5.1-orchestration.py
[2023-09-25T11:21:37.367+0000] {processor.py:829} INFO - Processing file /opt/airflow/dags/5.1-orchestration.py for tasks to queue
[2023-09-25T11:21:37.368+0000] {logging_mixin.py:151} INFO - [2023-09-25T11:21:37.368+0000] {dagbag.py:539} INFO - Filling up the DagBag from /opt/airflow/dags/5.1-orchestration.py
[2023-09-25T11:21:37.417+0000] {processor.py:839} INFO - DAG(s) dict_keys(['5.1-orchestration']) retrieved from /opt/airflow/dags/5.1-orchestration.py
[2023-09-25T11:21:37.440+0000] {logging_mixin.py:151} INFO - [2023-09-25T11:21:37.440+0000] {dag.py:2915} INFO - Sync 1 DAGs
[2023-09-25T11:21:37.464+0000] {logging_mixin.py:151} INFO - [2023-09-25T11:21:37.464+0000] {dag.py:3696} INFO - Setting next_dagrun for 5.1-orchestration to 2023-09-01T00:00:00+00:00, run_after=2023-09-02T00:00:00+00:00
[2023-09-25T11:21:37.490+0000] {processor.py:179} INFO - Processing /opt/airflow/dags/5.1-orchestration.py took 0.127 seconds
[2023-09-25T11:22:07.771+0000] {processor.py:157} INFO - Started process (PID=399) to work on /opt/airflow/dags/5.1-orchestration.py
[2023-09-25T11:22:07.772+0000] {processor.py:829} INFO - Processing file /opt/airflow/dags/5.1-orchestration.py for tasks to queue
[2023-09-25T11:22:07.773+0000] {logging_mixin.py:151} INFO - [2023-09-25T11:22:07.773+0000] {dagbag.py:539} INFO - Filling up the DagBag from /opt/airflow/dags/5.1-orchestration.py
[2023-09-25T11:22:07.822+0000] {processor.py:839} INFO - DAG(s) dict_keys(['5.1-orchestration']) retrieved from /opt/airflow/dags/5.1-orchestration.py
[2023-09-25T11:22:07.847+0000] {logging_mixin.py:151} INFO - [2023-09-25T11:22:07.847+0000] {dag.py:2915} INFO - Sync 1 DAGs
[2023-09-25T11:22:07.870+0000] {logging_mixin.py:151} INFO - [2023-09-25T11:22:07.870+0000] {dag.py:3696} INFO - Setting next_dagrun for 5.1-orchestration to 2023-09-01T00:00:00+00:00, run_after=2023-09-02T00:00:00+00:00
[2023-09-25T11:22:07.904+0000] {processor.py:179} INFO - Processing /opt/airflow/dags/5.1-orchestration.py took 0.137 seconds
[2023-09-25T11:22:38.146+0000] {processor.py:157} INFO - Started process (PID=422) to work on /opt/airflow/dags/5.1-orchestration.py
[2023-09-25T11:22:38.148+0000] {processor.py:829} INFO - Processing file /opt/airflow/dags/5.1-orchestration.py for tasks to queue
[2023-09-25T11:22:38.149+0000] {logging_mixin.py:151} INFO - [2023-09-25T11:22:38.149+0000] {dagbag.py:539} INFO - Filling up the DagBag from /opt/airflow/dags/5.1-orchestration.py
[2023-09-25T11:22:38.202+0000] {processor.py:839} INFO - DAG(s) dict_keys(['5.1-orchestration']) retrieved from /opt/airflow/dags/5.1-orchestration.py
[2023-09-25T11:22:38.228+0000] {logging_mixin.py:151} INFO - [2023-09-25T11:22:38.228+0000] {dag.py:2915} INFO - Sync 1 DAGs
[2023-09-25T11:22:38.253+0000] {logging_mixin.py:151} INFO - [2023-09-25T11:22:38.253+0000] {dag.py:3696} INFO - Setting next_dagrun for 5.1-orchestration to 2023-09-01T00:00:00+00:00, run_after=2023-09-02T00:00:00+00:00
[2023-09-25T11:22:38.281+0000] {processor.py:179} INFO - Processing /opt/airflow/dags/5.1-orchestration.py took 0.140 seconds
[2023-09-25T11:23:08.661+0000] {processor.py:157} INFO - Started process (PID=445) to work on /opt/airflow/dags/5.1-orchestration.py
[2023-09-25T11:23:08.662+0000] {processor.py:829} INFO - Processing file /opt/airflow/dags/5.1-orchestration.py for tasks to queue
[2023-09-25T11:23:08.664+0000] {logging_mixin.py:151} INFO - [2023-09-25T11:23:08.663+0000] {dagbag.py:539} INFO - Filling up the DagBag from /opt/airflow/dags/5.1-orchestration.py
[2023-09-25T11:23:08.722+0000] {processor.py:839} INFO - DAG(s) dict_keys(['5.1-orchestration']) retrieved from /opt/airflow/dags/5.1-orchestration.py
[2023-09-25T11:23:08.748+0000] {logging_mixin.py:151} INFO - [2023-09-25T11:23:08.748+0000] {dag.py:2915} INFO - Sync 1 DAGs
[2023-09-25T11:23:08.777+0000] {logging_mixin.py:151} INFO - [2023-09-25T11:23:08.777+0000] {dag.py:3696} INFO - Setting next_dagrun for 5.1-orchestration to 2023-09-01T00:00:00+00:00, run_after=2023-09-02T00:00:00+00:00
[2023-09-25T11:23:08.801+0000] {processor.py:179} INFO - Processing /opt/airflow/dags/5.1-orchestration.py took 0.145 seconds
[2023-09-25T11:23:39.433+0000] {processor.py:157} INFO - Started process (PID=468) to work on /opt/airflow/dags/5.1-orchestration.py
[2023-09-25T11:23:39.434+0000] {processor.py:829} INFO - Processing file /opt/airflow/dags/5.1-orchestration.py for tasks to queue
[2023-09-25T11:23:39.436+0000] {logging_mixin.py:151} INFO - [2023-09-25T11:23:39.436+0000] {dagbag.py:539} INFO - Filling up the DagBag from /opt/airflow/dags/5.1-orchestration.py
[2023-09-25T11:23:39.487+0000] {processor.py:839} INFO - DAG(s) dict_keys(['5.1-orchestration']) retrieved from /opt/airflow/dags/5.1-orchestration.py
[2023-09-25T11:23:39.524+0000] {logging_mixin.py:151} INFO - [2023-09-25T11:23:39.524+0000] {dag.py:2915} INFO - Sync 1 DAGs
[2023-09-25T11:23:39.560+0000] {logging_mixin.py:151} INFO - [2023-09-25T11:23:39.560+0000] {dag.py:3696} INFO - Setting next_dagrun for 5.1-orchestration to 2023-09-01T00:00:00+00:00, run_after=2023-09-02T00:00:00+00:00
[2023-09-25T11:23:39.601+0000] {processor.py:179} INFO - Processing /opt/airflow/dags/5.1-orchestration.py took 0.173 seconds
[2023-09-25T11:24:10.394+0000] {processor.py:157} INFO - Started process (PID=491) to work on /opt/airflow/dags/5.1-orchestration.py
[2023-09-25T11:24:10.396+0000] {processor.py:829} INFO - Processing file /opt/airflow/dags/5.1-orchestration.py for tasks to queue
[2023-09-25T11:24:10.397+0000] {logging_mixin.py:151} INFO - [2023-09-25T11:24:10.397+0000] {dagbag.py:539} INFO - Filling up the DagBag from /opt/airflow/dags/5.1-orchestration.py
[2023-09-25T11:24:10.442+0000] {processor.py:839} INFO - DAG(s) dict_keys(['5.1-orchestration']) retrieved from /opt/airflow/dags/5.1-orchestration.py
[2023-09-25T11:24:10.464+0000] {logging_mixin.py:151} INFO - [2023-09-25T11:24:10.463+0000] {dag.py:2915} INFO - Sync 1 DAGs
[2023-09-25T11:24:10.485+0000] {logging_mixin.py:151} INFO - [2023-09-25T11:24:10.485+0000] {dag.py:3696} INFO - Setting next_dagrun for 5.1-orchestration to 2023-09-01T00:00:00+00:00, run_after=2023-09-02T00:00:00+00:00
[2023-09-25T11:24:10.512+0000] {processor.py:179} INFO - Processing /opt/airflow/dags/5.1-orchestration.py took 0.122 seconds
[2023-09-25T11:24:41.063+0000] {processor.py:157} INFO - Started process (PID=514) to work on /opt/airflow/dags/5.1-orchestration.py
[2023-09-25T11:24:41.064+0000] {processor.py:829} INFO - Processing file /opt/airflow/dags/5.1-orchestration.py for tasks to queue
[2023-09-25T11:24:41.066+0000] {logging_mixin.py:151} INFO - [2023-09-25T11:24:41.065+0000] {dagbag.py:539} INFO - Filling up the DagBag from /opt/airflow/dags/5.1-orchestration.py
[2023-09-25T11:24:41.115+0000] {processor.py:839} INFO - DAG(s) dict_keys(['5.1-orchestration']) retrieved from /opt/airflow/dags/5.1-orchestration.py
[2023-09-25T11:24:41.136+0000] {logging_mixin.py:151} INFO - [2023-09-25T11:24:41.136+0000] {dag.py:2915} INFO - Sync 1 DAGs
[2023-09-25T11:24:41.158+0000] {logging_mixin.py:151} INFO - [2023-09-25T11:24:41.158+0000] {dag.py:3696} INFO - Setting next_dagrun for 5.1-orchestration to 2023-09-01T00:00:00+00:00, run_after=2023-09-02T00:00:00+00:00
[2023-09-25T11:24:41.186+0000] {processor.py:179} INFO - Processing /opt/airflow/dags/5.1-orchestration.py took 0.126 seconds
[2023-09-25T11:25:11.467+0000] {processor.py:157} INFO - Started process (PID=537) to work on /opt/airflow/dags/5.1-orchestration.py
[2023-09-25T11:25:11.468+0000] {processor.py:829} INFO - Processing file /opt/airflow/dags/5.1-orchestration.py for tasks to queue
[2023-09-25T11:25:11.470+0000] {logging_mixin.py:151} INFO - [2023-09-25T11:25:11.469+0000] {dagbag.py:539} INFO - Filling up the DagBag from /opt/airflow/dags/5.1-orchestration.py
[2023-09-25T11:25:11.516+0000] {processor.py:839} INFO - DAG(s) dict_keys(['5.1-orchestration']) retrieved from /opt/airflow/dags/5.1-orchestration.py
[2023-09-25T11:25:11.540+0000] {logging_mixin.py:151} INFO - [2023-09-25T11:25:11.540+0000] {dag.py:2915} INFO - Sync 1 DAGs
[2023-09-25T11:25:11.566+0000] {logging_mixin.py:151} INFO - [2023-09-25T11:25:11.566+0000] {dag.py:3696} INFO - Setting next_dagrun for 5.1-orchestration to 2023-09-01T00:00:00+00:00, run_after=2023-09-02T00:00:00+00:00
[2023-09-25T11:25:11.591+0000] {processor.py:179} INFO - Processing /opt/airflow/dags/5.1-orchestration.py took 0.127 seconds
