[2023-09-25T07:34:31.914+0000] {processor.py:157} INFO - Started process (PID=47) to work on /opt/airflow/dags/5.2-orchestration.py
[2023-09-25T07:34:31.915+0000] {processor.py:829} INFO - Processing file /opt/airflow/dags/5.2-orchestration.py for tasks to queue
[2023-09-25T07:34:31.918+0000] {logging_mixin.py:151} INFO - [2023-09-25T07:34:31.917+0000] {dagbag.py:539} INFO - Filling up the DagBag from /opt/airflow/dags/5.2-orchestration.py
[2023-09-25T07:34:31.987+0000] {processor.py:839} INFO - DAG(s) dict_keys(['5.2-orchestration']) retrieved from /opt/airflow/dags/5.2-orchestration.py
[2023-09-25T07:34:32.131+0000] {logging_mixin.py:151} INFO - [2023-09-25T07:34:32.131+0000] {dag.py:2915} INFO - Sync 1 DAGs
[2023-09-25T07:34:32.223+0000] {logging_mixin.py:151} INFO - [2023-09-25T07:34:32.223+0000] {dag.py:3696} INFO - Setting next_dagrun for 5.2-orchestration to 2023-09-04T07:00:00+00:00, run_after=2023-09-11T07:00:00+00:00
[2023-09-25T07:34:32.287+0000] {processor.py:179} INFO - Processing /opt/airflow/dags/5.2-orchestration.py took 0.378 seconds
[2023-09-25T07:40:10.482+0000] {processor.py:157} INFO - Started process (PID=42) to work on /opt/airflow/dags/5.2-orchestration.py
[2023-09-25T07:40:10.490+0000] {processor.py:829} INFO - Processing file /opt/airflow/dags/5.2-orchestration.py for tasks to queue
[2023-09-25T07:40:10.493+0000] {logging_mixin.py:151} INFO - [2023-09-25T07:40:10.492+0000] {dagbag.py:539} INFO - Filling up the DagBag from /opt/airflow/dags/5.2-orchestration.py
[2023-09-25T07:40:10.635+0000] {processor.py:839} INFO - DAG(s) dict_keys(['5.2-orchestration']) retrieved from /opt/airflow/dags/5.2-orchestration.py
[2023-09-25T07:40:11.157+0000] {logging_mixin.py:151} INFO - [2023-09-25T07:40:11.156+0000] {security.py:708} INFO - Not syncing DAG-level permissions for DAG 'DAG:5.2-orchestration' as access control is unset.
[2023-09-25T07:40:11.158+0000] {logging_mixin.py:151} INFO - [2023-09-25T07:40:11.158+0000] {dag.py:2915} INFO - Sync 1 DAGs
[2023-09-25T07:40:11.207+0000] {logging_mixin.py:151} INFO - [2023-09-25T07:40:11.206+0000] {dag.py:3696} INFO - Setting next_dagrun for 5.2-orchestration to 2023-09-04T07:00:00+00:00, run_after=2023-09-11T07:00:00+00:00
[2023-09-25T07:40:11.242+0000] {processor.py:179} INFO - Processing /opt/airflow/dags/5.2-orchestration.py took 0.765 seconds
[2023-09-25T07:40:41.625+0000] {processor.py:157} INFO - Started process (PID=64) to work on /opt/airflow/dags/5.2-orchestration.py
[2023-09-25T07:40:41.631+0000] {processor.py:829} INFO - Processing file /opt/airflow/dags/5.2-orchestration.py for tasks to queue
[2023-09-25T07:40:41.632+0000] {logging_mixin.py:151} INFO - [2023-09-25T07:40:41.632+0000] {dagbag.py:539} INFO - Filling up the DagBag from /opt/airflow/dags/5.2-orchestration.py
[2023-09-25T07:40:41.697+0000] {processor.py:839} INFO - DAG(s) dict_keys(['5.2-orchestration']) retrieved from /opt/airflow/dags/5.2-orchestration.py
[2023-09-25T07:40:41.729+0000] {logging_mixin.py:151} INFO - [2023-09-25T07:40:41.728+0000] {dag.py:2915} INFO - Sync 1 DAGs
[2023-09-25T07:40:41.779+0000] {logging_mixin.py:151} INFO - [2023-09-25T07:40:41.779+0000] {dag.py:3696} INFO - Setting next_dagrun for 5.2-orchestration to 2023-09-04T07:00:00+00:00, run_after=2023-09-11T07:00:00+00:00
[2023-09-25T07:40:41.832+0000] {processor.py:179} INFO - Processing /opt/airflow/dags/5.2-orchestration.py took 0.212 seconds
[2023-09-25T07:41:12.234+0000] {processor.py:157} INFO - Started process (PID=86) to work on /opt/airflow/dags/5.2-orchestration.py
[2023-09-25T07:41:12.236+0000] {processor.py:829} INFO - Processing file /opt/airflow/dags/5.2-orchestration.py for tasks to queue
[2023-09-25T07:41:12.237+0000] {logging_mixin.py:151} INFO - [2023-09-25T07:41:12.237+0000] {dagbag.py:539} INFO - Filling up the DagBag from /opt/airflow/dags/5.2-orchestration.py
[2023-09-25T07:41:12.278+0000] {processor.py:839} INFO - DAG(s) dict_keys(['5.2-orchestration']) retrieved from /opt/airflow/dags/5.2-orchestration.py
[2023-09-25T07:41:12.308+0000] {logging_mixin.py:151} INFO - [2023-09-25T07:41:12.307+0000] {dag.py:2915} INFO - Sync 1 DAGs
[2023-09-25T07:41:12.335+0000] {logging_mixin.py:151} INFO - [2023-09-25T07:41:12.334+0000] {dag.py:3696} INFO - Setting next_dagrun for 5.2-orchestration to 2023-09-04T07:00:00+00:00, run_after=2023-09-11T07:00:00+00:00
[2023-09-25T07:41:12.360+0000] {processor.py:179} INFO - Processing /opt/airflow/dags/5.2-orchestration.py took 0.130 seconds
[2023-09-25T07:41:42.729+0000] {processor.py:157} INFO - Started process (PID=108) to work on /opt/airflow/dags/5.2-orchestration.py
[2023-09-25T07:41:42.732+0000] {processor.py:829} INFO - Processing file /opt/airflow/dags/5.2-orchestration.py for tasks to queue
[2023-09-25T07:41:42.734+0000] {logging_mixin.py:151} INFO - [2023-09-25T07:41:42.734+0000] {dagbag.py:539} INFO - Filling up the DagBag from /opt/airflow/dags/5.2-orchestration.py
[2023-09-25T07:41:42.815+0000] {processor.py:839} INFO - DAG(s) dict_keys(['5.2-orchestration']) retrieved from /opt/airflow/dags/5.2-orchestration.py
[2023-09-25T07:41:42.844+0000] {logging_mixin.py:151} INFO - [2023-09-25T07:41:42.844+0000] {dag.py:2915} INFO - Sync 1 DAGs
[2023-09-25T07:41:42.874+0000] {logging_mixin.py:151} INFO - [2023-09-25T07:41:42.874+0000] {dag.py:3696} INFO - Setting next_dagrun for 5.2-orchestration to 2023-09-04T07:00:00+00:00, run_after=2023-09-11T07:00:00+00:00
[2023-09-25T07:41:42.919+0000] {processor.py:179} INFO - Processing /opt/airflow/dags/5.2-orchestration.py took 0.198 seconds
[2023-09-25T07:42:13.398+0000] {processor.py:157} INFO - Started process (PID=130) to work on /opt/airflow/dags/5.2-orchestration.py
[2023-09-25T07:42:13.400+0000] {processor.py:829} INFO - Processing file /opt/airflow/dags/5.2-orchestration.py for tasks to queue
[2023-09-25T07:42:13.403+0000] {logging_mixin.py:151} INFO - [2023-09-25T07:42:13.402+0000] {dagbag.py:539} INFO - Filling up the DagBag from /opt/airflow/dags/5.2-orchestration.py
[2023-09-25T07:42:13.492+0000] {processor.py:839} INFO - DAG(s) dict_keys(['5.2-orchestration']) retrieved from /opt/airflow/dags/5.2-orchestration.py
[2023-09-25T07:42:13.514+0000] {logging_mixin.py:151} INFO - [2023-09-25T07:42:13.514+0000] {dag.py:2915} INFO - Sync 1 DAGs
[2023-09-25T07:42:13.541+0000] {logging_mixin.py:151} INFO - [2023-09-25T07:42:13.540+0000] {dag.py:3696} INFO - Setting next_dagrun for 5.2-orchestration to 2023-09-04T07:00:00+00:00, run_after=2023-09-11T07:00:00+00:00
[2023-09-25T07:42:13.587+0000] {processor.py:179} INFO - Processing /opt/airflow/dags/5.2-orchestration.py took 0.197 seconds
[2023-09-25T07:42:44.048+0000] {processor.py:157} INFO - Started process (PID=153) to work on /opt/airflow/dags/5.2-orchestration.py
[2023-09-25T07:42:44.050+0000] {processor.py:829} INFO - Processing file /opt/airflow/dags/5.2-orchestration.py for tasks to queue
[2023-09-25T07:42:44.053+0000] {logging_mixin.py:151} INFO - [2023-09-25T07:42:44.052+0000] {dagbag.py:539} INFO - Filling up the DagBag from /opt/airflow/dags/5.2-orchestration.py
[2023-09-25T07:42:44.135+0000] {processor.py:839} INFO - DAG(s) dict_keys(['5.2-orchestration']) retrieved from /opt/airflow/dags/5.2-orchestration.py
[2023-09-25T07:42:44.183+0000] {logging_mixin.py:151} INFO - [2023-09-25T07:42:44.183+0000] {dag.py:2915} INFO - Sync 1 DAGs
[2023-09-25T07:42:44.219+0000] {logging_mixin.py:151} INFO - [2023-09-25T07:42:44.219+0000] {dag.py:3696} INFO - Setting next_dagrun for 5.2-orchestration to 2023-09-04T07:00:00+00:00, run_after=2023-09-11T07:00:00+00:00
[2023-09-25T07:42:44.242+0000] {processor.py:179} INFO - Processing /opt/airflow/dags/5.2-orchestration.py took 0.203 seconds
[2023-09-25T07:43:14.856+0000] {processor.py:157} INFO - Started process (PID=175) to work on /opt/airflow/dags/5.2-orchestration.py
[2023-09-25T07:43:14.858+0000] {processor.py:829} INFO - Processing file /opt/airflow/dags/5.2-orchestration.py for tasks to queue
[2023-09-25T07:43:14.860+0000] {logging_mixin.py:151} INFO - [2023-09-25T07:43:14.859+0000] {dagbag.py:539} INFO - Filling up the DagBag from /opt/airflow/dags/5.2-orchestration.py
[2023-09-25T07:43:14.929+0000] {processor.py:839} INFO - DAG(s) dict_keys(['5.2-orchestration']) retrieved from /opt/airflow/dags/5.2-orchestration.py
[2023-09-25T07:43:14.961+0000] {logging_mixin.py:151} INFO - [2023-09-25T07:43:14.961+0000] {dag.py:2915} INFO - Sync 1 DAGs
[2023-09-25T07:43:15.015+0000] {logging_mixin.py:151} INFO - [2023-09-25T07:43:15.015+0000] {dag.py:3696} INFO - Setting next_dagrun for 5.2-orchestration to 2023-09-04T07:00:00+00:00, run_after=2023-09-11T07:00:00+00:00
[2023-09-25T07:43:15.065+0000] {processor.py:179} INFO - Processing /opt/airflow/dags/5.2-orchestration.py took 0.215 seconds
[2023-09-25T07:43:46.055+0000] {processor.py:157} INFO - Started process (PID=197) to work on /opt/airflow/dags/5.2-orchestration.py
[2023-09-25T07:43:46.057+0000] {processor.py:829} INFO - Processing file /opt/airflow/dags/5.2-orchestration.py for tasks to queue
[2023-09-25T07:43:46.061+0000] {logging_mixin.py:151} INFO - [2023-09-25T07:43:46.060+0000] {dagbag.py:539} INFO - Filling up the DagBag from /opt/airflow/dags/5.2-orchestration.py
[2023-09-25T07:43:46.176+0000] {processor.py:839} INFO - DAG(s) dict_keys(['5.2-orchestration']) retrieved from /opt/airflow/dags/5.2-orchestration.py
[2023-09-25T07:43:46.298+0000] {logging_mixin.py:151} INFO - [2023-09-25T07:43:46.297+0000] {dag.py:2915} INFO - Sync 1 DAGs
[2023-09-25T07:43:46.415+0000] {logging_mixin.py:151} INFO - [2023-09-25T07:43:46.414+0000] {dag.py:3696} INFO - Setting next_dagrun for 5.2-orchestration to 2023-09-04T07:00:00+00:00, run_after=2023-09-11T07:00:00+00:00
[2023-09-25T07:43:46.465+0000] {processor.py:179} INFO - Processing /opt/airflow/dags/5.2-orchestration.py took 0.419 seconds
[2023-09-25T07:44:16.869+0000] {processor.py:157} INFO - Started process (PID=226) to work on /opt/airflow/dags/5.2-orchestration.py
[2023-09-25T07:44:16.871+0000] {processor.py:829} INFO - Processing file /opt/airflow/dags/5.2-orchestration.py for tasks to queue
[2023-09-25T07:44:16.875+0000] {logging_mixin.py:151} INFO - [2023-09-25T07:44:16.874+0000] {dagbag.py:539} INFO - Filling up the DagBag from /opt/airflow/dags/5.2-orchestration.py
[2023-09-25T07:44:16.969+0000] {processor.py:839} INFO - DAG(s) dict_keys(['5.2-orchestration']) retrieved from /opt/airflow/dags/5.2-orchestration.py
[2023-09-25T07:44:17.018+0000] {logging_mixin.py:151} INFO - [2023-09-25T07:44:17.017+0000] {dag.py:2915} INFO - Sync 1 DAGs
[2023-09-25T07:44:17.074+0000] {logging_mixin.py:151} INFO - [2023-09-25T07:44:17.074+0000] {dag.py:3696} INFO - Setting next_dagrun for 5.2-orchestration to 2023-09-04T07:00:00+00:00, run_after=2023-09-11T07:00:00+00:00
[2023-09-25T07:44:17.128+0000] {processor.py:179} INFO - Processing /opt/airflow/dags/5.2-orchestration.py took 0.272 seconds
[2023-09-25T07:44:54.565+0000] {processor.py:157} INFO - Started process (PID=248) to work on /opt/airflow/dags/5.2-orchestration.py
[2023-09-25T07:44:54.575+0000] {processor.py:829} INFO - Processing file /opt/airflow/dags/5.2-orchestration.py for tasks to queue
[2023-09-25T07:44:54.579+0000] {logging_mixin.py:151} INFO - [2023-09-25T07:44:54.578+0000] {dagbag.py:539} INFO - Filling up the DagBag from /opt/airflow/dags/5.2-orchestration.py
[2023-09-25T07:44:54.715+0000] {processor.py:839} INFO - DAG(s) dict_keys(['5.2-orchestration']) retrieved from /opt/airflow/dags/5.2-orchestration.py
[2023-09-25T07:44:54.821+0000] {logging_mixin.py:151} INFO - [2023-09-25T07:44:54.821+0000] {dag.py:2915} INFO - Sync 1 DAGs
[2023-09-25T07:44:54.932+0000] {logging_mixin.py:151} INFO - [2023-09-25T07:44:54.931+0000] {dag.py:3696} INFO - Setting next_dagrun for 5.2-orchestration to 2023-09-04T07:00:00+00:00, run_after=2023-09-11T07:00:00+00:00
[2023-09-25T07:44:54.987+0000] {processor.py:179} INFO - Processing /opt/airflow/dags/5.2-orchestration.py took 0.433 seconds
[2023-09-25T07:45:25.723+0000] {processor.py:157} INFO - Started process (PID=270) to work on /opt/airflow/dags/5.2-orchestration.py
[2023-09-25T07:45:25.726+0000] {processor.py:829} INFO - Processing file /opt/airflow/dags/5.2-orchestration.py for tasks to queue
[2023-09-25T07:45:25.728+0000] {logging_mixin.py:151} INFO - [2023-09-25T07:45:25.728+0000] {dagbag.py:539} INFO - Filling up the DagBag from /opt/airflow/dags/5.2-orchestration.py
[2023-09-25T07:45:25.774+0000] {processor.py:839} INFO - DAG(s) dict_keys(['5.2-orchestration']) retrieved from /opt/airflow/dags/5.2-orchestration.py
[2023-09-25T07:45:25.807+0000] {logging_mixin.py:151} INFO - [2023-09-25T07:45:25.806+0000] {dag.py:2915} INFO - Sync 1 DAGs
[2023-09-25T07:45:25.846+0000] {logging_mixin.py:151} INFO - [2023-09-25T07:45:25.846+0000] {dag.py:3696} INFO - Setting next_dagrun for 5.2-orchestration to 2023-09-04T07:00:00+00:00, run_after=2023-09-11T07:00:00+00:00
[2023-09-25T07:45:25.881+0000] {processor.py:179} INFO - Processing /opt/airflow/dags/5.2-orchestration.py took 0.163 seconds
[2023-09-25T07:45:56.345+0000] {processor.py:157} INFO - Started process (PID=292) to work on /opt/airflow/dags/5.2-orchestration.py
[2023-09-25T07:45:56.346+0000] {processor.py:829} INFO - Processing file /opt/airflow/dags/5.2-orchestration.py for tasks to queue
[2023-09-25T07:45:56.348+0000] {logging_mixin.py:151} INFO - [2023-09-25T07:45:56.348+0000] {dagbag.py:539} INFO - Filling up the DagBag from /opt/airflow/dags/5.2-orchestration.py
[2023-09-25T07:45:56.396+0000] {processor.py:839} INFO - DAG(s) dict_keys(['5.2-orchestration']) retrieved from /opt/airflow/dags/5.2-orchestration.py
[2023-09-25T07:45:56.424+0000] {logging_mixin.py:151} INFO - [2023-09-25T07:45:56.424+0000] {dag.py:2915} INFO - Sync 1 DAGs
[2023-09-25T07:45:56.458+0000] {logging_mixin.py:151} INFO - [2023-09-25T07:45:56.458+0000] {dag.py:3696} INFO - Setting next_dagrun for 5.2-orchestration to 2023-09-04T07:00:00+00:00, run_after=2023-09-11T07:00:00+00:00
[2023-09-25T07:45:56.491+0000] {processor.py:179} INFO - Processing /opt/airflow/dags/5.2-orchestration.py took 0.150 seconds
[2023-09-25T07:46:26.654+0000] {processor.py:157} INFO - Started process (PID=314) to work on /opt/airflow/dags/5.2-orchestration.py
[2023-09-25T07:46:26.655+0000] {processor.py:829} INFO - Processing file /opt/airflow/dags/5.2-orchestration.py for tasks to queue
[2023-09-25T07:46:26.657+0000] {logging_mixin.py:151} INFO - [2023-09-25T07:46:26.657+0000] {dagbag.py:539} INFO - Filling up the DagBag from /opt/airflow/dags/5.2-orchestration.py
[2023-09-25T07:46:26.711+0000] {processor.py:839} INFO - DAG(s) dict_keys(['5.2-orchestration']) retrieved from /opt/airflow/dags/5.2-orchestration.py
[2023-09-25T07:46:26.736+0000] {logging_mixin.py:151} INFO - [2023-09-25T07:46:26.736+0000] {dag.py:2915} INFO - Sync 1 DAGs
[2023-09-25T07:46:26.763+0000] {logging_mixin.py:151} INFO - [2023-09-25T07:46:26.763+0000] {dag.py:3696} INFO - Setting next_dagrun for 5.2-orchestration to 2023-09-04T07:00:00+00:00, run_after=2023-09-11T07:00:00+00:00
[2023-09-25T07:46:26.793+0000] {processor.py:179} INFO - Processing /opt/airflow/dags/5.2-orchestration.py took 0.145 seconds
[2023-09-25T07:46:57.127+0000] {processor.py:157} INFO - Started process (PID=336) to work on /opt/airflow/dags/5.2-orchestration.py
[2023-09-25T07:46:57.128+0000] {processor.py:829} INFO - Processing file /opt/airflow/dags/5.2-orchestration.py for tasks to queue
[2023-09-25T07:46:57.131+0000] {logging_mixin.py:151} INFO - [2023-09-25T07:46:57.130+0000] {dagbag.py:539} INFO - Filling up the DagBag from /opt/airflow/dags/5.2-orchestration.py
[2023-09-25T07:46:57.179+0000] {processor.py:839} INFO - DAG(s) dict_keys(['5.2-orchestration']) retrieved from /opt/airflow/dags/5.2-orchestration.py
[2023-09-25T07:46:57.202+0000] {logging_mixin.py:151} INFO - [2023-09-25T07:46:57.202+0000] {dag.py:2915} INFO - Sync 1 DAGs
[2023-09-25T07:46:57.226+0000] {logging_mixin.py:151} INFO - [2023-09-25T07:46:57.226+0000] {dag.py:3696} INFO - Setting next_dagrun for 5.2-orchestration to 2023-09-04T07:00:00+00:00, run_after=2023-09-11T07:00:00+00:00
[2023-09-25T07:46:57.252+0000] {processor.py:179} INFO - Processing /opt/airflow/dags/5.2-orchestration.py took 0.132 seconds
[2023-09-25T07:47:27.801+0000] {processor.py:157} INFO - Started process (PID=358) to work on /opt/airflow/dags/5.2-orchestration.py
[2023-09-25T07:47:27.802+0000] {processor.py:829} INFO - Processing file /opt/airflow/dags/5.2-orchestration.py for tasks to queue
[2023-09-25T07:47:27.804+0000] {logging_mixin.py:151} INFO - [2023-09-25T07:47:27.804+0000] {dagbag.py:539} INFO - Filling up the DagBag from /opt/airflow/dags/5.2-orchestration.py
[2023-09-25T07:47:27.881+0000] {processor.py:839} INFO - DAG(s) dict_keys(['5.2-orchestration']) retrieved from /opt/airflow/dags/5.2-orchestration.py
[2023-09-25T07:47:27.910+0000] {logging_mixin.py:151} INFO - [2023-09-25T07:47:27.910+0000] {dag.py:2915} INFO - Sync 1 DAGs
[2023-09-25T07:47:27.938+0000] {logging_mixin.py:151} INFO - [2023-09-25T07:47:27.938+0000] {dag.py:3696} INFO - Setting next_dagrun for 5.2-orchestration to 2023-09-04T07:00:00+00:00, run_after=2023-09-11T07:00:00+00:00
[2023-09-25T07:47:27.964+0000] {processor.py:179} INFO - Processing /opt/airflow/dags/5.2-orchestration.py took 0.170 seconds
[2023-09-25T07:47:58.318+0000] {processor.py:157} INFO - Started process (PID=380) to work on /opt/airflow/dags/5.2-orchestration.py
[2023-09-25T07:47:58.321+0000] {processor.py:829} INFO - Processing file /opt/airflow/dags/5.2-orchestration.py for tasks to queue
[2023-09-25T07:47:58.325+0000] {logging_mixin.py:151} INFO - [2023-09-25T07:47:58.324+0000] {dagbag.py:539} INFO - Filling up the DagBag from /opt/airflow/dags/5.2-orchestration.py
[2023-09-25T07:47:58.418+0000] {processor.py:839} INFO - DAG(s) dict_keys(['5.2-orchestration']) retrieved from /opt/airflow/dags/5.2-orchestration.py
[2023-09-25T07:47:58.478+0000] {logging_mixin.py:151} INFO - [2023-09-25T07:47:58.478+0000] {dag.py:2915} INFO - Sync 1 DAGs
[2023-09-25T07:47:58.530+0000] {logging_mixin.py:151} INFO - [2023-09-25T07:47:58.530+0000] {dag.py:3696} INFO - Setting next_dagrun for 5.2-orchestration to 2023-09-04T07:00:00+00:00, run_after=2023-09-11T07:00:00+00:00
[2023-09-25T07:47:58.571+0000] {processor.py:179} INFO - Processing /opt/airflow/dags/5.2-orchestration.py took 0.264 seconds
[2023-09-25T07:48:28.843+0000] {processor.py:157} INFO - Started process (PID=402) to work on /opt/airflow/dags/5.2-orchestration.py
[2023-09-25T07:48:28.845+0000] {processor.py:829} INFO - Processing file /opt/airflow/dags/5.2-orchestration.py for tasks to queue
[2023-09-25T07:48:28.847+0000] {logging_mixin.py:151} INFO - [2023-09-25T07:48:28.847+0000] {dagbag.py:539} INFO - Filling up the DagBag from /opt/airflow/dags/5.2-orchestration.py
[2023-09-25T07:48:28.926+0000] {processor.py:839} INFO - DAG(s) dict_keys(['5.2-orchestration']) retrieved from /opt/airflow/dags/5.2-orchestration.py
[2023-09-25T07:48:28.952+0000] {logging_mixin.py:151} INFO - [2023-09-25T07:48:28.952+0000] {dag.py:2915} INFO - Sync 1 DAGs
[2023-09-25T07:48:28.975+0000] {logging_mixin.py:151} INFO - [2023-09-25T07:48:28.974+0000] {dag.py:3696} INFO - Setting next_dagrun for 5.2-orchestration to 2023-09-04T07:00:00+00:00, run_after=2023-09-11T07:00:00+00:00
[2023-09-25T07:48:28.999+0000] {processor.py:179} INFO - Processing /opt/airflow/dags/5.2-orchestration.py took 0.162 seconds
[2023-09-25T07:49:00.251+0000] {processor.py:157} INFO - Started process (PID=424) to work on /opt/airflow/dags/5.2-orchestration.py
[2023-09-25T07:49:00.253+0000] {processor.py:829} INFO - Processing file /opt/airflow/dags/5.2-orchestration.py for tasks to queue
[2023-09-25T07:49:00.255+0000] {logging_mixin.py:151} INFO - [2023-09-25T07:49:00.255+0000] {dagbag.py:539} INFO - Filling up the DagBag from /opt/airflow/dags/5.2-orchestration.py
[2023-09-25T07:49:00.305+0000] {processor.py:839} INFO - DAG(s) dict_keys(['5.2-orchestration']) retrieved from /opt/airflow/dags/5.2-orchestration.py
[2023-09-25T07:49:00.328+0000] {logging_mixin.py:151} INFO - [2023-09-25T07:49:00.328+0000] {dag.py:2915} INFO - Sync 1 DAGs
[2023-09-25T07:49:00.351+0000] {logging_mixin.py:151} INFO - [2023-09-25T07:49:00.351+0000] {dag.py:3696} INFO - Setting next_dagrun for 5.2-orchestration to 2023-09-04T07:00:00+00:00, run_after=2023-09-11T07:00:00+00:00
[2023-09-25T07:49:00.379+0000] {processor.py:179} INFO - Processing /opt/airflow/dags/5.2-orchestration.py took 0.134 seconds
[2023-09-25T07:49:31.129+0000] {processor.py:157} INFO - Started process (PID=446) to work on /opt/airflow/dags/5.2-orchestration.py
[2023-09-25T07:49:31.131+0000] {processor.py:829} INFO - Processing file /opt/airflow/dags/5.2-orchestration.py for tasks to queue
[2023-09-25T07:49:31.134+0000] {logging_mixin.py:151} INFO - [2023-09-25T07:49:31.133+0000] {dagbag.py:539} INFO - Filling up the DagBag from /opt/airflow/dags/5.2-orchestration.py
[2023-09-25T07:49:31.214+0000] {processor.py:839} INFO - DAG(s) dict_keys(['5.2-orchestration']) retrieved from /opt/airflow/dags/5.2-orchestration.py
[2023-09-25T07:49:31.247+0000] {logging_mixin.py:151} INFO - [2023-09-25T07:49:31.247+0000] {dag.py:2915} INFO - Sync 1 DAGs
[2023-09-25T07:49:31.282+0000] {logging_mixin.py:151} INFO - [2023-09-25T07:49:31.282+0000] {dag.py:3696} INFO - Setting next_dagrun for 5.2-orchestration to 2023-09-04T07:00:00+00:00, run_after=2023-09-11T07:00:00+00:00
[2023-09-25T07:49:31.316+0000] {processor.py:179} INFO - Processing /opt/airflow/dags/5.2-orchestration.py took 0.195 seconds
[2023-09-25T07:50:02.202+0000] {processor.py:157} INFO - Started process (PID=468) to work on /opt/airflow/dags/5.2-orchestration.py
[2023-09-25T07:50:02.204+0000] {processor.py:829} INFO - Processing file /opt/airflow/dags/5.2-orchestration.py for tasks to queue
[2023-09-25T07:50:02.208+0000] {logging_mixin.py:151} INFO - [2023-09-25T07:50:02.207+0000] {dagbag.py:539} INFO - Filling up the DagBag from /opt/airflow/dags/5.2-orchestration.py
[2023-09-25T07:50:02.297+0000] {processor.py:839} INFO - DAG(s) dict_keys(['5.2-orchestration']) retrieved from /opt/airflow/dags/5.2-orchestration.py
[2023-09-25T07:50:02.369+0000] {logging_mixin.py:151} INFO - [2023-09-25T07:50:02.367+0000] {dag.py:2915} INFO - Sync 1 DAGs
[2023-09-25T07:50:02.440+0000] {logging_mixin.py:151} INFO - [2023-09-25T07:50:02.439+0000] {dag.py:3696} INFO - Setting next_dagrun for 5.2-orchestration to 2023-09-04T07:00:00+00:00, run_after=2023-09-11T07:00:00+00:00
[2023-09-25T07:50:02.510+0000] {processor.py:179} INFO - Processing /opt/airflow/dags/5.2-orchestration.py took 0.318 seconds
[2023-09-25T07:50:32.670+0000] {processor.py:157} INFO - Started process (PID=491) to work on /opt/airflow/dags/5.2-orchestration.py
[2023-09-25T07:50:32.671+0000] {processor.py:829} INFO - Processing file /opt/airflow/dags/5.2-orchestration.py for tasks to queue
[2023-09-25T07:50:32.673+0000] {logging_mixin.py:151} INFO - [2023-09-25T07:50:32.672+0000] {dagbag.py:539} INFO - Filling up the DagBag from /opt/airflow/dags/5.2-orchestration.py
[2023-09-25T07:50:32.721+0000] {processor.py:839} INFO - DAG(s) dict_keys(['5.2-orchestration']) retrieved from /opt/airflow/dags/5.2-orchestration.py
[2023-09-25T07:50:32.746+0000] {logging_mixin.py:151} INFO - [2023-09-25T07:50:32.745+0000] {dag.py:2915} INFO - Sync 1 DAGs
[2023-09-25T07:50:32.772+0000] {logging_mixin.py:151} INFO - [2023-09-25T07:50:32.772+0000] {dag.py:3696} INFO - Setting next_dagrun for 5.2-orchestration to 2023-09-04T07:00:00+00:00, run_after=2023-09-11T07:00:00+00:00
[2023-09-25T07:50:32.810+0000] {processor.py:179} INFO - Processing /opt/airflow/dags/5.2-orchestration.py took 0.144 seconds
[2023-09-25T07:51:03.515+0000] {processor.py:157} INFO - Started process (PID=513) to work on /opt/airflow/dags/5.2-orchestration.py
[2023-09-25T07:51:03.517+0000] {processor.py:829} INFO - Processing file /opt/airflow/dags/5.2-orchestration.py for tasks to queue
[2023-09-25T07:51:03.521+0000] {logging_mixin.py:151} INFO - [2023-09-25T07:51:03.520+0000] {dagbag.py:539} INFO - Filling up the DagBag from /opt/airflow/dags/5.2-orchestration.py
[2023-09-25T07:51:03.606+0000] {processor.py:839} INFO - DAG(s) dict_keys(['5.2-orchestration']) retrieved from /opt/airflow/dags/5.2-orchestration.py
[2023-09-25T07:51:03.636+0000] {logging_mixin.py:151} INFO - [2023-09-25T07:51:03.635+0000] {dag.py:2915} INFO - Sync 1 DAGs
[2023-09-25T07:51:03.666+0000] {logging_mixin.py:151} INFO - [2023-09-25T07:51:03.666+0000] {dag.py:3696} INFO - Setting next_dagrun for 5.2-orchestration to 2023-09-04T07:00:00+00:00, run_after=2023-09-11T07:00:00+00:00
[2023-09-25T07:51:03.694+0000] {processor.py:179} INFO - Processing /opt/airflow/dags/5.2-orchestration.py took 0.187 seconds
[2023-09-25T07:51:33.957+0000] {processor.py:157} INFO - Started process (PID=536) to work on /opt/airflow/dags/5.2-orchestration.py
[2023-09-25T07:51:33.959+0000] {processor.py:829} INFO - Processing file /opt/airflow/dags/5.2-orchestration.py for tasks to queue
[2023-09-25T07:51:33.962+0000] {logging_mixin.py:151} INFO - [2023-09-25T07:51:33.961+0000] {dagbag.py:539} INFO - Filling up the DagBag from /opt/airflow/dags/5.2-orchestration.py
[2023-09-25T07:51:34.029+0000] {processor.py:839} INFO - DAG(s) dict_keys(['5.2-orchestration']) retrieved from /opt/airflow/dags/5.2-orchestration.py
[2023-09-25T07:51:34.073+0000] {logging_mixin.py:151} INFO - [2023-09-25T07:51:34.073+0000] {dag.py:2915} INFO - Sync 1 DAGs
[2023-09-25T07:51:34.105+0000] {logging_mixin.py:151} INFO - [2023-09-25T07:51:34.105+0000] {dag.py:3696} INFO - Setting next_dagrun for 5.2-orchestration to 2023-09-04T07:00:00+00:00, run_after=2023-09-11T07:00:00+00:00
[2023-09-25T07:51:34.161+0000] {processor.py:179} INFO - Processing /opt/airflow/dags/5.2-orchestration.py took 0.211 seconds
[2023-09-25T07:52:04.453+0000] {processor.py:157} INFO - Started process (PID=558) to work on /opt/airflow/dags/5.2-orchestration.py
[2023-09-25T07:52:04.454+0000] {processor.py:829} INFO - Processing file /opt/airflow/dags/5.2-orchestration.py for tasks to queue
[2023-09-25T07:52:04.455+0000] {logging_mixin.py:151} INFO - [2023-09-25T07:52:04.455+0000] {dagbag.py:539} INFO - Filling up the DagBag from /opt/airflow/dags/5.2-orchestration.py
[2023-09-25T07:52:04.514+0000] {processor.py:839} INFO - DAG(s) dict_keys(['5.2-orchestration']) retrieved from /opt/airflow/dags/5.2-orchestration.py
[2023-09-25T07:52:04.564+0000] {logging_mixin.py:151} INFO - [2023-09-25T07:52:04.564+0000] {dag.py:2915} INFO - Sync 1 DAGs
[2023-09-25T07:52:04.617+0000] {logging_mixin.py:151} INFO - [2023-09-25T07:52:04.616+0000] {dag.py:3696} INFO - Setting next_dagrun for 5.2-orchestration to 2023-09-04T07:00:00+00:00, run_after=2023-09-11T07:00:00+00:00
[2023-09-25T07:52:04.665+0000] {processor.py:179} INFO - Processing /opt/airflow/dags/5.2-orchestration.py took 0.215 seconds
[2023-09-25T07:52:35.366+0000] {processor.py:157} INFO - Started process (PID=580) to work on /opt/airflow/dags/5.2-orchestration.py
[2023-09-25T07:52:35.367+0000] {processor.py:829} INFO - Processing file /opt/airflow/dags/5.2-orchestration.py for tasks to queue
[2023-09-25T07:52:35.368+0000] {logging_mixin.py:151} INFO - [2023-09-25T07:52:35.368+0000] {dagbag.py:539} INFO - Filling up the DagBag from /opt/airflow/dags/5.2-orchestration.py
[2023-09-25T07:52:35.429+0000] {processor.py:839} INFO - DAG(s) dict_keys(['5.2-orchestration']) retrieved from /opt/airflow/dags/5.2-orchestration.py
[2023-09-25T07:52:35.458+0000] {logging_mixin.py:151} INFO - [2023-09-25T07:52:35.458+0000] {dag.py:2915} INFO - Sync 1 DAGs
[2023-09-25T07:52:35.484+0000] {logging_mixin.py:151} INFO - [2023-09-25T07:52:35.484+0000] {dag.py:3696} INFO - Setting next_dagrun for 5.2-orchestration to 2023-09-04T07:00:00+00:00, run_after=2023-09-11T07:00:00+00:00
[2023-09-25T07:52:35.523+0000] {processor.py:179} INFO - Processing /opt/airflow/dags/5.2-orchestration.py took 0.161 seconds
[2023-09-25T11:14:26.011+0000] {processor.py:157} INFO - Started process (PID=43) to work on /opt/airflow/dags/5.2-orchestration.py
[2023-09-25T11:14:26.013+0000] {processor.py:829} INFO - Processing file /opt/airflow/dags/5.2-orchestration.py for tasks to queue
[2023-09-25T11:14:26.015+0000] {logging_mixin.py:151} INFO - [2023-09-25T11:14:26.015+0000] {dagbag.py:539} INFO - Filling up the DagBag from /opt/airflow/dags/5.2-orchestration.py
[2023-09-25T11:14:26.067+0000] {processor.py:839} INFO - DAG(s) dict_keys(['5.2-orchestration']) retrieved from /opt/airflow/dags/5.2-orchestration.py
[2023-09-25T11:14:26.537+0000] {logging_mixin.py:151} INFO - [2023-09-25T11:14:26.537+0000] {security.py:708} INFO - Not syncing DAG-level permissions for DAG 'DAG:5.2-orchestration' as access control is unset.
[2023-09-25T11:14:26.539+0000] {logging_mixin.py:151} INFO - [2023-09-25T11:14:26.539+0000] {dag.py:2915} INFO - Sync 1 DAGs
[2023-09-25T11:14:26.583+0000] {logging_mixin.py:151} INFO - [2023-09-25T11:14:26.582+0000] {dag.py:3696} INFO - Setting next_dagrun for 5.2-orchestration to 2023-09-04T07:00:00+00:00, run_after=2023-09-11T07:00:00+00:00
[2023-09-25T11:14:26.621+0000] {processor.py:179} INFO - Processing /opt/airflow/dags/5.2-orchestration.py took 0.614 seconds
[2023-09-25T11:14:56.979+0000] {processor.py:157} INFO - Started process (PID=66) to work on /opt/airflow/dags/5.2-orchestration.py
[2023-09-25T11:14:56.984+0000] {processor.py:829} INFO - Processing file /opt/airflow/dags/5.2-orchestration.py for tasks to queue
[2023-09-25T11:14:56.985+0000] {logging_mixin.py:151} INFO - [2023-09-25T11:14:56.985+0000] {dagbag.py:539} INFO - Filling up the DagBag from /opt/airflow/dags/5.2-orchestration.py
[2023-09-25T11:14:57.029+0000] {processor.py:839} INFO - DAG(s) dict_keys(['5.2-orchestration']) retrieved from /opt/airflow/dags/5.2-orchestration.py
[2023-09-25T11:14:57.050+0000] {logging_mixin.py:151} INFO - [2023-09-25T11:14:57.050+0000] {dag.py:2915} INFO - Sync 1 DAGs
[2023-09-25T11:14:57.071+0000] {logging_mixin.py:151} INFO - [2023-09-25T11:14:57.071+0000] {dag.py:3696} INFO - Setting next_dagrun for 5.2-orchestration to 2023-09-04T07:00:00+00:00, run_after=2023-09-11T07:00:00+00:00
[2023-09-25T11:14:57.098+0000] {processor.py:179} INFO - Processing /opt/airflow/dags/5.2-orchestration.py took 0.123 seconds
[2023-09-25T11:15:27.373+0000] {processor.py:157} INFO - Started process (PID=89) to work on /opt/airflow/dags/5.2-orchestration.py
[2023-09-25T11:15:27.374+0000] {processor.py:829} INFO - Processing file /opt/airflow/dags/5.2-orchestration.py for tasks to queue
[2023-09-25T11:15:27.377+0000] {logging_mixin.py:151} INFO - [2023-09-25T11:15:27.376+0000] {dagbag.py:539} INFO - Filling up the DagBag from /opt/airflow/dags/5.2-orchestration.py
[2023-09-25T11:15:27.427+0000] {processor.py:839} INFO - DAG(s) dict_keys(['5.2-orchestration']) retrieved from /opt/airflow/dags/5.2-orchestration.py
[2023-09-25T11:15:27.455+0000] {logging_mixin.py:151} INFO - [2023-09-25T11:15:27.455+0000] {dag.py:2915} INFO - Sync 1 DAGs
[2023-09-25T11:15:27.479+0000] {logging_mixin.py:151} INFO - [2023-09-25T11:15:27.479+0000] {dag.py:3696} INFO - Setting next_dagrun for 5.2-orchestration to 2023-09-04T07:00:00+00:00, run_after=2023-09-11T07:00:00+00:00
[2023-09-25T11:15:27.503+0000] {processor.py:179} INFO - Processing /opt/airflow/dags/5.2-orchestration.py took 0.135 seconds
[2023-09-25T11:15:58.283+0000] {processor.py:157} INFO - Started process (PID=112) to work on /opt/airflow/dags/5.2-orchestration.py
[2023-09-25T11:15:58.284+0000] {processor.py:829} INFO - Processing file /opt/airflow/dags/5.2-orchestration.py for tasks to queue
[2023-09-25T11:15:58.285+0000] {logging_mixin.py:151} INFO - [2023-09-25T11:15:58.285+0000] {dagbag.py:539} INFO - Filling up the DagBag from /opt/airflow/dags/5.2-orchestration.py
[2023-09-25T11:15:58.331+0000] {processor.py:839} INFO - DAG(s) dict_keys(['5.2-orchestration']) retrieved from /opt/airflow/dags/5.2-orchestration.py
[2023-09-25T11:15:58.354+0000] {logging_mixin.py:151} INFO - [2023-09-25T11:15:58.354+0000] {dag.py:2915} INFO - Sync 1 DAGs
[2023-09-25T11:15:58.378+0000] {logging_mixin.py:151} INFO - [2023-09-25T11:15:58.378+0000] {dag.py:3696} INFO - Setting next_dagrun for 5.2-orchestration to 2023-09-04T07:00:00+00:00, run_after=2023-09-11T07:00:00+00:00
[2023-09-25T11:15:58.402+0000] {processor.py:179} INFO - Processing /opt/airflow/dags/5.2-orchestration.py took 0.124 seconds
[2023-09-25T11:16:29.264+0000] {processor.py:157} INFO - Started process (PID=135) to work on /opt/airflow/dags/5.2-orchestration.py
[2023-09-25T11:16:29.265+0000] {processor.py:829} INFO - Processing file /opt/airflow/dags/5.2-orchestration.py for tasks to queue
[2023-09-25T11:16:29.267+0000] {logging_mixin.py:151} INFO - [2023-09-25T11:16:29.266+0000] {dagbag.py:539} INFO - Filling up the DagBag from /opt/airflow/dags/5.2-orchestration.py
[2023-09-25T11:16:29.312+0000] {processor.py:839} INFO - DAG(s) dict_keys(['5.2-orchestration']) retrieved from /opt/airflow/dags/5.2-orchestration.py
[2023-09-25T11:16:29.335+0000] {logging_mixin.py:151} INFO - [2023-09-25T11:16:29.334+0000] {dag.py:2915} INFO - Sync 1 DAGs
[2023-09-25T11:16:29.357+0000] {logging_mixin.py:151} INFO - [2023-09-25T11:16:29.356+0000] {dag.py:3696} INFO - Setting next_dagrun for 5.2-orchestration to 2023-09-04T07:00:00+00:00, run_after=2023-09-11T07:00:00+00:00
[2023-09-25T11:16:29.380+0000] {processor.py:179} INFO - Processing /opt/airflow/dags/5.2-orchestration.py took 0.119 seconds
[2023-09-25T11:17:00.311+0000] {processor.py:157} INFO - Started process (PID=158) to work on /opt/airflow/dags/5.2-orchestration.py
[2023-09-25T11:17:00.312+0000] {processor.py:829} INFO - Processing file /opt/airflow/dags/5.2-orchestration.py for tasks to queue
[2023-09-25T11:17:00.314+0000] {logging_mixin.py:151} INFO - [2023-09-25T11:17:00.313+0000] {dagbag.py:539} INFO - Filling up the DagBag from /opt/airflow/dags/5.2-orchestration.py
[2023-09-25T11:17:00.361+0000] {processor.py:839} INFO - DAG(s) dict_keys(['5.2-orchestration']) retrieved from /opt/airflow/dags/5.2-orchestration.py
[2023-09-25T11:17:00.384+0000] {logging_mixin.py:151} INFO - [2023-09-25T11:17:00.384+0000] {dag.py:2915} INFO - Sync 1 DAGs
[2023-09-25T11:17:00.406+0000] {logging_mixin.py:151} INFO - [2023-09-25T11:17:00.406+0000] {dag.py:3696} INFO - Setting next_dagrun for 5.2-orchestration to 2023-09-04T07:00:00+00:00, run_after=2023-09-11T07:00:00+00:00
[2023-09-25T11:17:00.431+0000] {processor.py:179} INFO - Processing /opt/airflow/dags/5.2-orchestration.py took 0.123 seconds
[2023-09-25T11:17:31.335+0000] {processor.py:157} INFO - Started process (PID=181) to work on /opt/airflow/dags/5.2-orchestration.py
[2023-09-25T11:17:31.336+0000] {processor.py:829} INFO - Processing file /opt/airflow/dags/5.2-orchestration.py for tasks to queue
[2023-09-25T11:17:31.337+0000] {logging_mixin.py:151} INFO - [2023-09-25T11:17:31.337+0000] {dagbag.py:539} INFO - Filling up the DagBag from /opt/airflow/dags/5.2-orchestration.py
[2023-09-25T11:17:31.381+0000] {processor.py:839} INFO - DAG(s) dict_keys(['5.2-orchestration']) retrieved from /opt/airflow/dags/5.2-orchestration.py
[2023-09-25T11:17:31.402+0000] {logging_mixin.py:151} INFO - [2023-09-25T11:17:31.402+0000] {dag.py:2915} INFO - Sync 1 DAGs
[2023-09-25T11:17:31.426+0000] {logging_mixin.py:151} INFO - [2023-09-25T11:17:31.426+0000] {dag.py:3696} INFO - Setting next_dagrun for 5.2-orchestration to 2023-09-04T07:00:00+00:00, run_after=2023-09-11T07:00:00+00:00
[2023-09-25T11:17:31.450+0000] {processor.py:179} INFO - Processing /opt/airflow/dags/5.2-orchestration.py took 0.119 seconds
[2023-09-25T11:18:02.223+0000] {processor.py:157} INFO - Started process (PID=204) to work on /opt/airflow/dags/5.2-orchestration.py
[2023-09-25T11:18:02.226+0000] {processor.py:829} INFO - Processing file /opt/airflow/dags/5.2-orchestration.py for tasks to queue
[2023-09-25T11:18:02.230+0000] {logging_mixin.py:151} INFO - [2023-09-25T11:18:02.229+0000] {dagbag.py:539} INFO - Filling up the DagBag from /opt/airflow/dags/5.2-orchestration.py
[2023-09-25T11:18:02.318+0000] {processor.py:839} INFO - DAG(s) dict_keys(['5.2-orchestration']) retrieved from /opt/airflow/dags/5.2-orchestration.py
[2023-09-25T11:18:02.368+0000] {logging_mixin.py:151} INFO - [2023-09-25T11:18:02.367+0000] {dag.py:2915} INFO - Sync 1 DAGs
[2023-09-25T11:18:02.410+0000] {logging_mixin.py:151} INFO - [2023-09-25T11:18:02.409+0000] {dag.py:3696} INFO - Setting next_dagrun for 5.2-orchestration to 2023-09-04T07:00:00+00:00, run_after=2023-09-11T07:00:00+00:00
[2023-09-25T11:18:02.450+0000] {processor.py:179} INFO - Processing /opt/airflow/dags/5.2-orchestration.py took 0.236 seconds
[2023-09-25T11:18:32.784+0000] {processor.py:157} INFO - Started process (PID=237) to work on /opt/airflow/dags/5.2-orchestration.py
[2023-09-25T11:18:32.786+0000] {processor.py:829} INFO - Processing file /opt/airflow/dags/5.2-orchestration.py for tasks to queue
[2023-09-25T11:18:32.787+0000] {logging_mixin.py:151} INFO - [2023-09-25T11:18:32.787+0000] {dagbag.py:539} INFO - Filling up the DagBag from /opt/airflow/dags/5.2-orchestration.py
[2023-09-25T11:18:32.837+0000] {processor.py:839} INFO - DAG(s) dict_keys(['5.2-orchestration']) retrieved from /opt/airflow/dags/5.2-orchestration.py
[2023-09-25T11:18:32.864+0000] {logging_mixin.py:151} INFO - [2023-09-25T11:18:32.863+0000] {dag.py:2915} INFO - Sync 1 DAGs
[2023-09-25T11:18:32.904+0000] {logging_mixin.py:151} INFO - [2023-09-25T11:18:32.904+0000] {dag.py:3696} INFO - Setting next_dagrun for 5.2-orchestration to 2023-09-04T07:00:00+00:00, run_after=2023-09-11T07:00:00+00:00
[2023-09-25T11:18:32.934+0000] {processor.py:179} INFO - Processing /opt/airflow/dags/5.2-orchestration.py took 0.154 seconds
[2023-09-25T11:19:03.846+0000] {processor.py:157} INFO - Started process (PID=260) to work on /opt/airflow/dags/5.2-orchestration.py
[2023-09-25T11:19:03.848+0000] {processor.py:829} INFO - Processing file /opt/airflow/dags/5.2-orchestration.py for tasks to queue
[2023-09-25T11:19:03.850+0000] {logging_mixin.py:151} INFO - [2023-09-25T11:19:03.850+0000] {dagbag.py:539} INFO - Filling up the DagBag from /opt/airflow/dags/5.2-orchestration.py
[2023-09-25T11:19:03.905+0000] {processor.py:839} INFO - DAG(s) dict_keys(['5.2-orchestration']) retrieved from /opt/airflow/dags/5.2-orchestration.py
[2023-09-25T11:19:03.936+0000] {logging_mixin.py:151} INFO - [2023-09-25T11:19:03.935+0000] {dag.py:2915} INFO - Sync 1 DAGs
[2023-09-25T11:19:03.971+0000] {logging_mixin.py:151} INFO - [2023-09-25T11:19:03.970+0000] {dag.py:3696} INFO - Setting next_dagrun for 5.2-orchestration to 2023-09-04T07:00:00+00:00, run_after=2023-09-11T07:00:00+00:00
[2023-09-25T11:19:04.002+0000] {processor.py:179} INFO - Processing /opt/airflow/dags/5.2-orchestration.py took 0.163 seconds
[2023-09-25T11:19:34.595+0000] {processor.py:157} INFO - Started process (PID=283) to work on /opt/airflow/dags/5.2-orchestration.py
[2023-09-25T11:19:34.596+0000] {processor.py:829} INFO - Processing file /opt/airflow/dags/5.2-orchestration.py for tasks to queue
[2023-09-25T11:19:34.597+0000] {logging_mixin.py:151} INFO - [2023-09-25T11:19:34.597+0000] {dagbag.py:539} INFO - Filling up the DagBag from /opt/airflow/dags/5.2-orchestration.py
[2023-09-25T11:19:34.647+0000] {processor.py:839} INFO - DAG(s) dict_keys(['5.2-orchestration']) retrieved from /opt/airflow/dags/5.2-orchestration.py
[2023-09-25T11:19:34.670+0000] {logging_mixin.py:151} INFO - [2023-09-25T11:19:34.670+0000] {dag.py:2915} INFO - Sync 1 DAGs
[2023-09-25T11:19:34.695+0000] {logging_mixin.py:151} INFO - [2023-09-25T11:19:34.695+0000] {dag.py:3696} INFO - Setting next_dagrun for 5.2-orchestration to 2023-09-04T07:00:00+00:00, run_after=2023-09-11T07:00:00+00:00
[2023-09-25T11:19:34.726+0000] {processor.py:179} INFO - Processing /opt/airflow/dags/5.2-orchestration.py took 0.135 seconds
[2023-09-25T11:20:05.472+0000] {processor.py:157} INFO - Started process (PID=306) to work on /opt/airflow/dags/5.2-orchestration.py
[2023-09-25T11:20:05.473+0000] {processor.py:829} INFO - Processing file /opt/airflow/dags/5.2-orchestration.py for tasks to queue
[2023-09-25T11:20:05.475+0000] {logging_mixin.py:151} INFO - [2023-09-25T11:20:05.475+0000] {dagbag.py:539} INFO - Filling up the DagBag from /opt/airflow/dags/5.2-orchestration.py
[2023-09-25T11:20:05.528+0000] {processor.py:839} INFO - DAG(s) dict_keys(['5.2-orchestration']) retrieved from /opt/airflow/dags/5.2-orchestration.py
[2023-09-25T11:20:05.552+0000] {logging_mixin.py:151} INFO - [2023-09-25T11:20:05.552+0000] {dag.py:2915} INFO - Sync 1 DAGs
[2023-09-25T11:20:05.579+0000] {logging_mixin.py:151} INFO - [2023-09-25T11:20:05.578+0000] {dag.py:3696} INFO - Setting next_dagrun for 5.2-orchestration to 2023-09-04T07:00:00+00:00, run_after=2023-09-11T07:00:00+00:00
[2023-09-25T11:20:05.605+0000] {processor.py:179} INFO - Processing /opt/airflow/dags/5.2-orchestration.py took 0.137 seconds
[2023-09-25T11:20:36.062+0000] {processor.py:157} INFO - Started process (PID=329) to work on /opt/airflow/dags/5.2-orchestration.py
[2023-09-25T11:20:36.063+0000] {processor.py:829} INFO - Processing file /opt/airflow/dags/5.2-orchestration.py for tasks to queue
[2023-09-25T11:20:36.064+0000] {logging_mixin.py:151} INFO - [2023-09-25T11:20:36.064+0000] {dagbag.py:539} INFO - Filling up the DagBag from /opt/airflow/dags/5.2-orchestration.py
[2023-09-25T11:20:36.112+0000] {processor.py:839} INFO - DAG(s) dict_keys(['5.2-orchestration']) retrieved from /opt/airflow/dags/5.2-orchestration.py
[2023-09-25T11:20:36.143+0000] {logging_mixin.py:151} INFO - [2023-09-25T11:20:36.143+0000] {dag.py:2915} INFO - Sync 1 DAGs
[2023-09-25T11:20:36.171+0000] {logging_mixin.py:151} INFO - [2023-09-25T11:20:36.171+0000] {dag.py:3696} INFO - Setting next_dagrun for 5.2-orchestration to 2023-09-04T07:00:00+00:00, run_after=2023-09-11T07:00:00+00:00
[2023-09-25T11:20:36.203+0000] {processor.py:179} INFO - Processing /opt/airflow/dags/5.2-orchestration.py took 0.146 seconds
[2023-09-25T11:21:06.550+0000] {processor.py:157} INFO - Started process (PID=352) to work on /opt/airflow/dags/5.2-orchestration.py
[2023-09-25T11:21:06.551+0000] {processor.py:829} INFO - Processing file /opt/airflow/dags/5.2-orchestration.py for tasks to queue
[2023-09-25T11:21:06.553+0000] {logging_mixin.py:151} INFO - [2023-09-25T11:21:06.552+0000] {dagbag.py:539} INFO - Filling up the DagBag from /opt/airflow/dags/5.2-orchestration.py
[2023-09-25T11:21:06.603+0000] {processor.py:839} INFO - DAG(s) dict_keys(['5.2-orchestration']) retrieved from /opt/airflow/dags/5.2-orchestration.py
[2023-09-25T11:21:06.627+0000] {logging_mixin.py:151} INFO - [2023-09-25T11:21:06.627+0000] {dag.py:2915} INFO - Sync 1 DAGs
[2023-09-25T11:21:06.654+0000] {logging_mixin.py:151} INFO - [2023-09-25T11:21:06.653+0000] {dag.py:3696} INFO - Setting next_dagrun for 5.2-orchestration to 2023-09-04T07:00:00+00:00, run_after=2023-09-11T07:00:00+00:00
[2023-09-25T11:21:06.687+0000] {processor.py:179} INFO - Processing /opt/airflow/dags/5.2-orchestration.py took 0.140 seconds
[2023-09-25T11:21:37.040+0000] {processor.py:157} INFO - Started process (PID=375) to work on /opt/airflow/dags/5.2-orchestration.py
[2023-09-25T11:21:37.041+0000] {processor.py:829} INFO - Processing file /opt/airflow/dags/5.2-orchestration.py for tasks to queue
[2023-09-25T11:21:37.042+0000] {logging_mixin.py:151} INFO - [2023-09-25T11:21:37.042+0000] {dagbag.py:539} INFO - Filling up the DagBag from /opt/airflow/dags/5.2-orchestration.py
[2023-09-25T11:21:37.092+0000] {processor.py:839} INFO - DAG(s) dict_keys(['5.2-orchestration']) retrieved from /opt/airflow/dags/5.2-orchestration.py
[2023-09-25T11:21:37.119+0000] {logging_mixin.py:151} INFO - [2023-09-25T11:21:37.118+0000] {dag.py:2915} INFO - Sync 1 DAGs
[2023-09-25T11:21:37.144+0000] {logging_mixin.py:151} INFO - [2023-09-25T11:21:37.143+0000] {dag.py:3696} INFO - Setting next_dagrun for 5.2-orchestration to 2023-09-04T07:00:00+00:00, run_after=2023-09-11T07:00:00+00:00
[2023-09-25T11:21:37.172+0000] {processor.py:179} INFO - Processing /opt/airflow/dags/5.2-orchestration.py took 0.136 seconds
[2023-09-25T11:22:07.487+0000] {processor.py:157} INFO - Started process (PID=398) to work on /opt/airflow/dags/5.2-orchestration.py
[2023-09-25T11:22:07.489+0000] {processor.py:829} INFO - Processing file /opt/airflow/dags/5.2-orchestration.py for tasks to queue
[2023-09-25T11:22:07.490+0000] {logging_mixin.py:151} INFO - [2023-09-25T11:22:07.490+0000] {dagbag.py:539} INFO - Filling up the DagBag from /opt/airflow/dags/5.2-orchestration.py
[2023-09-25T11:22:07.543+0000] {processor.py:839} INFO - DAG(s) dict_keys(['5.2-orchestration']) retrieved from /opt/airflow/dags/5.2-orchestration.py
[2023-09-25T11:22:07.568+0000] {logging_mixin.py:151} INFO - [2023-09-25T11:22:07.568+0000] {dag.py:2915} INFO - Sync 1 DAGs
[2023-09-25T11:22:07.596+0000] {logging_mixin.py:151} INFO - [2023-09-25T11:22:07.596+0000] {dag.py:3696} INFO - Setting next_dagrun for 5.2-orchestration to 2023-09-04T07:00:00+00:00, run_after=2023-09-11T07:00:00+00:00
[2023-09-25T11:22:07.628+0000] {processor.py:179} INFO - Processing /opt/airflow/dags/5.2-orchestration.py took 0.144 seconds
[2023-09-25T11:22:38.136+0000] {processor.py:157} INFO - Started process (PID=421) to work on /opt/airflow/dags/5.2-orchestration.py
[2023-09-25T11:22:38.138+0000] {processor.py:829} INFO - Processing file /opt/airflow/dags/5.2-orchestration.py for tasks to queue
[2023-09-25T11:22:38.139+0000] {logging_mixin.py:151} INFO - [2023-09-25T11:22:38.139+0000] {dagbag.py:539} INFO - Filling up the DagBag from /opt/airflow/dags/5.2-orchestration.py
[2023-09-25T11:22:38.195+0000] {processor.py:839} INFO - DAG(s) dict_keys(['5.2-orchestration']) retrieved from /opt/airflow/dags/5.2-orchestration.py
[2023-09-25T11:22:38.221+0000] {logging_mixin.py:151} INFO - [2023-09-25T11:22:38.221+0000] {dag.py:2915} INFO - Sync 1 DAGs
[2023-09-25T11:22:38.248+0000] {logging_mixin.py:151} INFO - [2023-09-25T11:22:38.247+0000] {dag.py:3696} INFO - Setting next_dagrun for 5.2-orchestration to 2023-09-04T07:00:00+00:00, run_after=2023-09-11T07:00:00+00:00
[2023-09-25T11:22:38.274+0000] {processor.py:179} INFO - Processing /opt/airflow/dags/5.2-orchestration.py took 0.143 seconds
[2023-09-25T11:23:08.651+0000] {processor.py:157} INFO - Started process (PID=444) to work on /opt/airflow/dags/5.2-orchestration.py
[2023-09-25T11:23:08.653+0000] {processor.py:829} INFO - Processing file /opt/airflow/dags/5.2-orchestration.py for tasks to queue
[2023-09-25T11:23:08.654+0000] {logging_mixin.py:151} INFO - [2023-09-25T11:23:08.654+0000] {dagbag.py:539} INFO - Filling up the DagBag from /opt/airflow/dags/5.2-orchestration.py
[2023-09-25T11:23:08.712+0000] {processor.py:839} INFO - DAG(s) dict_keys(['5.2-orchestration']) retrieved from /opt/airflow/dags/5.2-orchestration.py
[2023-09-25T11:23:08.738+0000] {logging_mixin.py:151} INFO - [2023-09-25T11:23:08.738+0000] {dag.py:2915} INFO - Sync 1 DAGs
[2023-09-25T11:23:08.765+0000] {logging_mixin.py:151} INFO - [2023-09-25T11:23:08.765+0000] {dag.py:3696} INFO - Setting next_dagrun for 5.2-orchestration to 2023-09-04T07:00:00+00:00, run_after=2023-09-11T07:00:00+00:00
[2023-09-25T11:23:08.791+0000] {processor.py:179} INFO - Processing /opt/airflow/dags/5.2-orchestration.py took 0.143 seconds
[2023-09-25T11:23:39.427+0000] {processor.py:157} INFO - Started process (PID=467) to work on /opt/airflow/dags/5.2-orchestration.py
[2023-09-25T11:23:39.428+0000] {processor.py:829} INFO - Processing file /opt/airflow/dags/5.2-orchestration.py for tasks to queue
[2023-09-25T11:23:39.430+0000] {logging_mixin.py:151} INFO - [2023-09-25T11:23:39.430+0000] {dagbag.py:539} INFO - Filling up the DagBag from /opt/airflow/dags/5.2-orchestration.py
[2023-09-25T11:23:39.484+0000] {processor.py:839} INFO - DAG(s) dict_keys(['5.2-orchestration']) retrieved from /opt/airflow/dags/5.2-orchestration.py
[2023-09-25T11:23:39.515+0000] {logging_mixin.py:151} INFO - [2023-09-25T11:23:39.515+0000] {dag.py:2915} INFO - Sync 1 DAGs
[2023-09-25T11:23:39.553+0000] {logging_mixin.py:151} INFO - [2023-09-25T11:23:39.553+0000] {dag.py:3696} INFO - Setting next_dagrun for 5.2-orchestration to 2023-09-04T07:00:00+00:00, run_after=2023-09-11T07:00:00+00:00
[2023-09-25T11:23:39.591+0000] {processor.py:179} INFO - Processing /opt/airflow/dags/5.2-orchestration.py took 0.169 seconds
[2023-09-25T11:24:10.207+0000] {processor.py:157} INFO - Started process (PID=490) to work on /opt/airflow/dags/5.2-orchestration.py
[2023-09-25T11:24:10.208+0000] {processor.py:829} INFO - Processing file /opt/airflow/dags/5.2-orchestration.py for tasks to queue
[2023-09-25T11:24:10.209+0000] {logging_mixin.py:151} INFO - [2023-09-25T11:24:10.209+0000] {dagbag.py:539} INFO - Filling up the DagBag from /opt/airflow/dags/5.2-orchestration.py
[2023-09-25T11:24:10.256+0000] {processor.py:839} INFO - DAG(s) dict_keys(['5.2-orchestration']) retrieved from /opt/airflow/dags/5.2-orchestration.py
[2023-09-25T11:24:10.284+0000] {logging_mixin.py:151} INFO - [2023-09-25T11:24:10.283+0000] {dag.py:2915} INFO - Sync 1 DAGs
[2023-09-25T11:24:10.309+0000] {logging_mixin.py:151} INFO - [2023-09-25T11:24:10.308+0000] {dag.py:3696} INFO - Setting next_dagrun for 5.2-orchestration to 2023-09-04T07:00:00+00:00, run_after=2023-09-11T07:00:00+00:00
[2023-09-25T11:24:10.334+0000] {processor.py:179} INFO - Processing /opt/airflow/dags/5.2-orchestration.py took 0.132 seconds
[2023-09-25T11:24:41.054+0000] {processor.py:157} INFO - Started process (PID=513) to work on /opt/airflow/dags/5.2-orchestration.py
[2023-09-25T11:24:41.055+0000] {processor.py:829} INFO - Processing file /opt/airflow/dags/5.2-orchestration.py for tasks to queue
[2023-09-25T11:24:41.056+0000] {logging_mixin.py:151} INFO - [2023-09-25T11:24:41.056+0000] {dagbag.py:539} INFO - Filling up the DagBag from /opt/airflow/dags/5.2-orchestration.py
[2023-09-25T11:24:41.107+0000] {processor.py:839} INFO - DAG(s) dict_keys(['5.2-orchestration']) retrieved from /opt/airflow/dags/5.2-orchestration.py
[2023-09-25T11:24:41.130+0000] {logging_mixin.py:151} INFO - [2023-09-25T11:24:41.130+0000] {dag.py:2915} INFO - Sync 1 DAGs
[2023-09-25T11:24:41.153+0000] {logging_mixin.py:151} INFO - [2023-09-25T11:24:41.153+0000] {dag.py:3696} INFO - Setting next_dagrun for 5.2-orchestration to 2023-09-04T07:00:00+00:00, run_after=2023-09-11T07:00:00+00:00
[2023-09-25T11:24:41.180+0000] {processor.py:179} INFO - Processing /opt/airflow/dags/5.2-orchestration.py took 0.130 seconds
[2023-09-25T11:25:11.456+0000] {processor.py:157} INFO - Started process (PID=536) to work on /opt/airflow/dags/5.2-orchestration.py
[2023-09-25T11:25:11.457+0000] {processor.py:829} INFO - Processing file /opt/airflow/dags/5.2-orchestration.py for tasks to queue
[2023-09-25T11:25:11.459+0000] {logging_mixin.py:151} INFO - [2023-09-25T11:25:11.459+0000] {dagbag.py:539} INFO - Filling up the DagBag from /opt/airflow/dags/5.2-orchestration.py
[2023-09-25T11:25:11.505+0000] {processor.py:839} INFO - DAG(s) dict_keys(['5.2-orchestration']) retrieved from /opt/airflow/dags/5.2-orchestration.py
[2023-09-25T11:25:11.529+0000] {logging_mixin.py:151} INFO - [2023-09-25T11:25:11.529+0000] {dag.py:2915} INFO - Sync 1 DAGs
[2023-09-25T11:25:11.553+0000] {logging_mixin.py:151} INFO - [2023-09-25T11:25:11.552+0000] {dag.py:3696} INFO - Setting next_dagrun for 5.2-orchestration to 2023-09-04T07:00:00+00:00, run_after=2023-09-11T07:00:00+00:00
[2023-09-25T11:25:11.576+0000] {processor.py:179} INFO - Processing /opt/airflow/dags/5.2-orchestration.py took 0.124 seconds
