[2023-09-25T07:34:29.264+0000] {processor.py:157} INFO - Started process (PID=46) to work on /opt/airflow/dags/5.3-orchestration.py
[2023-09-25T07:34:29.267+0000] {processor.py:829} INFO - Processing file /opt/airflow/dags/5.3-orchestration.py for tasks to queue
[2023-09-25T07:34:29.279+0000] {logging_mixin.py:151} INFO - [2023-09-25T07:34:29.271+0000] {dagbag.py:539} INFO - Filling up the DagBag from /opt/airflow/dags/5.3-orchestration.py
[2023-09-25T07:34:29.862+0000] {processor.py:839} INFO - DAG(s) dict_keys(['5.3-orchestration']) retrieved from /opt/airflow/dags/5.3-orchestration.py
[2023-09-25T07:34:31.722+0000] {logging_mixin.py:151} INFO - [2023-09-25T07:34:31.712+0000] {dag.py:2915} INFO - Sync 1 DAGs
[2023-09-25T07:34:31.794+0000] {logging_mixin.py:151} INFO - [2023-09-25T07:34:31.793+0000] {dag.py:3696} INFO - Setting next_dagrun for 5.3-orchestration to 2023-08-01T00:00:00+00:00, run_after=2023-09-01T00:00:00+00:00
[2023-09-25T07:34:31.834+0000] {processor.py:179} INFO - Processing /opt/airflow/dags/5.3-orchestration.py took 2.579 seconds
[2023-09-25T07:40:10.301+0000] {processor.py:157} INFO - Started process (PID=41) to work on /opt/airflow/dags/5.3-orchestration.py
[2023-09-25T07:40:10.314+0000] {processor.py:829} INFO - Processing file /opt/airflow/dags/5.3-orchestration.py for tasks to queue
[2023-09-25T07:40:10.316+0000] {logging_mixin.py:151} INFO - [2023-09-25T07:40:10.316+0000] {dagbag.py:539} INFO - Filling up the DagBag from /opt/airflow/dags/5.3-orchestration.py
[2023-09-25T07:40:10.432+0000] {processor.py:839} INFO - DAG(s) dict_keys(['5.3-orchestration']) retrieved from /opt/airflow/dags/5.3-orchestration.py
[2023-09-25T07:40:10.977+0000] {logging_mixin.py:151} INFO - [2023-09-25T07:40:10.977+0000] {security.py:708} INFO - Not syncing DAG-level permissions for DAG 'DAG:5.3-orchestration' as access control is unset.
[2023-09-25T07:40:10.979+0000] {logging_mixin.py:151} INFO - [2023-09-25T07:40:10.979+0000] {dag.py:2915} INFO - Sync 1 DAGs
[2023-09-25T07:40:11.029+0000] {logging_mixin.py:151} INFO - [2023-09-25T07:40:11.029+0000] {dag.py:3696} INFO - Setting next_dagrun for 5.3-orchestration to 2023-08-01T00:00:00+00:00, run_after=2023-09-01T00:00:00+00:00
[2023-09-25T07:40:11.076+0000] {processor.py:179} INFO - Processing /opt/airflow/dags/5.3-orchestration.py took 0.780 seconds
[2023-09-25T07:40:41.525+0000] {processor.py:157} INFO - Started process (PID=63) to work on /opt/airflow/dags/5.3-orchestration.py
[2023-09-25T07:40:41.532+0000] {processor.py:829} INFO - Processing file /opt/airflow/dags/5.3-orchestration.py for tasks to queue
[2023-09-25T07:40:41.539+0000] {logging_mixin.py:151} INFO - [2023-09-25T07:40:41.538+0000] {dagbag.py:539} INFO - Filling up the DagBag from /opt/airflow/dags/5.3-orchestration.py
[2023-09-25T07:40:41.634+0000] {processor.py:839} INFO - DAG(s) dict_keys(['5.3-orchestration']) retrieved from /opt/airflow/dags/5.3-orchestration.py
[2023-09-25T07:40:41.685+0000] {logging_mixin.py:151} INFO - [2023-09-25T07:40:41.684+0000] {dag.py:2915} INFO - Sync 1 DAGs
[2023-09-25T07:40:41.720+0000] {logging_mixin.py:151} INFO - [2023-09-25T07:40:41.719+0000] {dag.py:3696} INFO - Setting next_dagrun for 5.3-orchestration to 2023-08-01T00:00:00+00:00, run_after=2023-09-01T00:00:00+00:00
[2023-09-25T07:40:41.751+0000] {processor.py:179} INFO - Processing /opt/airflow/dags/5.3-orchestration.py took 0.236 seconds
[2023-09-25T07:41:11.972+0000] {processor.py:157} INFO - Started process (PID=85) to work on /opt/airflow/dags/5.3-orchestration.py
[2023-09-25T07:41:11.974+0000] {processor.py:829} INFO - Processing file /opt/airflow/dags/5.3-orchestration.py for tasks to queue
[2023-09-25T07:41:11.977+0000] {logging_mixin.py:151} INFO - [2023-09-25T07:41:11.977+0000] {dagbag.py:539} INFO - Filling up the DagBag from /opt/airflow/dags/5.3-orchestration.py
[2023-09-25T07:41:12.052+0000] {processor.py:839} INFO - DAG(s) dict_keys(['5.3-orchestration']) retrieved from /opt/airflow/dags/5.3-orchestration.py
[2023-09-25T07:41:12.098+0000] {logging_mixin.py:151} INFO - [2023-09-25T07:41:12.098+0000] {dag.py:2915} INFO - Sync 1 DAGs
[2023-09-25T07:41:12.121+0000] {logging_mixin.py:151} INFO - [2023-09-25T07:41:12.121+0000] {dag.py:3696} INFO - Setting next_dagrun for 5.3-orchestration to 2023-08-01T00:00:00+00:00, run_after=2023-09-01T00:00:00+00:00
[2023-09-25T07:41:12.156+0000] {processor.py:179} INFO - Processing /opt/airflow/dags/5.3-orchestration.py took 0.192 seconds
[2023-09-25T07:41:42.435+0000] {processor.py:157} INFO - Started process (PID=107) to work on /opt/airflow/dags/5.3-orchestration.py
[2023-09-25T07:41:42.436+0000] {processor.py:829} INFO - Processing file /opt/airflow/dags/5.3-orchestration.py for tasks to queue
[2023-09-25T07:41:42.438+0000] {logging_mixin.py:151} INFO - [2023-09-25T07:41:42.438+0000] {dagbag.py:539} INFO - Filling up the DagBag from /opt/airflow/dags/5.3-orchestration.py
[2023-09-25T07:41:42.489+0000] {processor.py:839} INFO - DAG(s) dict_keys(['5.3-orchestration']) retrieved from /opt/airflow/dags/5.3-orchestration.py
[2023-09-25T07:41:42.516+0000] {logging_mixin.py:151} INFO - [2023-09-25T07:41:42.516+0000] {dag.py:2915} INFO - Sync 1 DAGs
[2023-09-25T07:41:42.546+0000] {logging_mixin.py:151} INFO - [2023-09-25T07:41:42.546+0000] {dag.py:3696} INFO - Setting next_dagrun for 5.3-orchestration to 2023-08-01T00:00:00+00:00, run_after=2023-09-01T00:00:00+00:00
[2023-09-25T07:41:42.573+0000] {processor.py:179} INFO - Processing /opt/airflow/dags/5.3-orchestration.py took 0.141 seconds
[2023-09-25T07:42:13.087+0000] {processor.py:157} INFO - Started process (PID=129) to work on /opt/airflow/dags/5.3-orchestration.py
[2023-09-25T07:42:13.088+0000] {processor.py:829} INFO - Processing file /opt/airflow/dags/5.3-orchestration.py for tasks to queue
[2023-09-25T07:42:13.090+0000] {logging_mixin.py:151} INFO - [2023-09-25T07:42:13.090+0000] {dagbag.py:539} INFO - Filling up the DagBag from /opt/airflow/dags/5.3-orchestration.py
[2023-09-25T07:42:13.167+0000] {processor.py:839} INFO - DAG(s) dict_keys(['5.3-orchestration']) retrieved from /opt/airflow/dags/5.3-orchestration.py
[2023-09-25T07:42:13.206+0000] {logging_mixin.py:151} INFO - [2023-09-25T07:42:13.206+0000] {dag.py:2915} INFO - Sync 1 DAGs
[2023-09-25T07:42:13.229+0000] {logging_mixin.py:151} INFO - [2023-09-25T07:42:13.229+0000] {dag.py:3696} INFO - Setting next_dagrun for 5.3-orchestration to 2023-08-01T00:00:00+00:00, run_after=2023-09-01T00:00:00+00:00
[2023-09-25T07:42:13.254+0000] {processor.py:179} INFO - Processing /opt/airflow/dags/5.3-orchestration.py took 0.171 seconds
[2023-09-25T07:42:43.692+0000] {processor.py:157} INFO - Started process (PID=152) to work on /opt/airflow/dags/5.3-orchestration.py
[2023-09-25T07:42:43.694+0000] {processor.py:829} INFO - Processing file /opt/airflow/dags/5.3-orchestration.py for tasks to queue
[2023-09-25T07:42:43.698+0000] {logging_mixin.py:151} INFO - [2023-09-25T07:42:43.697+0000] {dagbag.py:539} INFO - Filling up the DagBag from /opt/airflow/dags/5.3-orchestration.py
[2023-09-25T07:42:43.773+0000] {processor.py:839} INFO - DAG(s) dict_keys(['5.3-orchestration']) retrieved from /opt/airflow/dags/5.3-orchestration.py
[2023-09-25T07:42:43.821+0000] {logging_mixin.py:151} INFO - [2023-09-25T07:42:43.821+0000] {dag.py:2915} INFO - Sync 1 DAGs
[2023-09-25T07:42:43.865+0000] {logging_mixin.py:151} INFO - [2023-09-25T07:42:43.864+0000] {dag.py:3696} INFO - Setting next_dagrun for 5.3-orchestration to 2023-08-01T00:00:00+00:00, run_after=2023-09-01T00:00:00+00:00
[2023-09-25T07:42:43.918+0000] {processor.py:179} INFO - Processing /opt/airflow/dags/5.3-orchestration.py took 0.234 seconds
[2023-09-25T07:43:14.516+0000] {processor.py:157} INFO - Started process (PID=174) to work on /opt/airflow/dags/5.3-orchestration.py
[2023-09-25T07:43:14.518+0000] {processor.py:829} INFO - Processing file /opt/airflow/dags/5.3-orchestration.py for tasks to queue
[2023-09-25T07:43:14.521+0000] {logging_mixin.py:151} INFO - [2023-09-25T07:43:14.521+0000] {dagbag.py:539} INFO - Filling up the DagBag from /opt/airflow/dags/5.3-orchestration.py
[2023-09-25T07:43:14.606+0000] {processor.py:839} INFO - DAG(s) dict_keys(['5.3-orchestration']) retrieved from /opt/airflow/dags/5.3-orchestration.py
[2023-09-25T07:43:14.639+0000] {logging_mixin.py:151} INFO - [2023-09-25T07:43:14.639+0000] {dag.py:2915} INFO - Sync 1 DAGs
[2023-09-25T07:43:14.684+0000] {logging_mixin.py:151} INFO - [2023-09-25T07:43:14.683+0000] {dag.py:3696} INFO - Setting next_dagrun for 5.3-orchestration to 2023-08-01T00:00:00+00:00, run_after=2023-09-01T00:00:00+00:00
[2023-09-25T07:43:14.728+0000] {processor.py:179} INFO - Processing /opt/airflow/dags/5.3-orchestration.py took 0.221 seconds
[2023-09-25T07:43:45.547+0000] {processor.py:157} INFO - Started process (PID=196) to work on /opt/airflow/dags/5.3-orchestration.py
[2023-09-25T07:43:45.549+0000] {processor.py:829} INFO - Processing file /opt/airflow/dags/5.3-orchestration.py for tasks to queue
[2023-09-25T07:43:45.551+0000] {logging_mixin.py:151} INFO - [2023-09-25T07:43:45.551+0000] {dagbag.py:539} INFO - Filling up the DagBag from /opt/airflow/dags/5.3-orchestration.py
[2023-09-25T07:43:45.607+0000] {processor.py:839} INFO - DAG(s) dict_keys(['5.3-orchestration']) retrieved from /opt/airflow/dags/5.3-orchestration.py
[2023-09-25T07:43:45.635+0000] {logging_mixin.py:151} INFO - [2023-09-25T07:43:45.635+0000] {dag.py:2915} INFO - Sync 1 DAGs
[2023-09-25T07:43:45.663+0000] {logging_mixin.py:151} INFO - [2023-09-25T07:43:45.663+0000] {dag.py:3696} INFO - Setting next_dagrun for 5.3-orchestration to 2023-08-01T00:00:00+00:00, run_after=2023-09-01T00:00:00+00:00
[2023-09-25T07:43:45.825+0000] {processor.py:179} INFO - Processing /opt/airflow/dags/5.3-orchestration.py took 0.285 seconds
[2023-09-25T07:44:16.785+0000] {processor.py:157} INFO - Started process (PID=225) to work on /opt/airflow/dags/5.3-orchestration.py
[2023-09-25T07:44:16.786+0000] {processor.py:829} INFO - Processing file /opt/airflow/dags/5.3-orchestration.py for tasks to queue
[2023-09-25T07:44:16.788+0000] {logging_mixin.py:151} INFO - [2023-09-25T07:44:16.788+0000] {dagbag.py:539} INFO - Filling up the DagBag from /opt/airflow/dags/5.3-orchestration.py
[2023-09-25T07:44:16.866+0000] {processor.py:839} INFO - DAG(s) dict_keys(['5.3-orchestration']) retrieved from /opt/airflow/dags/5.3-orchestration.py
[2023-09-25T07:44:16.923+0000] {logging_mixin.py:151} INFO - [2023-09-25T07:44:16.923+0000] {dag.py:2915} INFO - Sync 1 DAGs
[2023-09-25T07:44:16.983+0000] {logging_mixin.py:151} INFO - [2023-09-25T07:44:16.982+0000] {dag.py:3696} INFO - Setting next_dagrun for 5.3-orchestration to 2023-08-01T00:00:00+00:00, run_after=2023-09-01T00:00:00+00:00
[2023-09-25T07:44:17.029+0000] {processor.py:179} INFO - Processing /opt/airflow/dags/5.3-orchestration.py took 0.248 seconds
[2023-09-25T07:44:54.341+0000] {processor.py:157} INFO - Started process (PID=247) to work on /opt/airflow/dags/5.3-orchestration.py
[2023-09-25T07:44:54.354+0000] {processor.py:829} INFO - Processing file /opt/airflow/dags/5.3-orchestration.py for tasks to queue
[2023-09-25T07:44:54.357+0000] {logging_mixin.py:151} INFO - [2023-09-25T07:44:54.356+0000] {dagbag.py:539} INFO - Filling up the DagBag from /opt/airflow/dags/5.3-orchestration.py
[2023-09-25T07:44:54.440+0000] {processor.py:839} INFO - DAG(s) dict_keys(['5.3-orchestration']) retrieved from /opt/airflow/dags/5.3-orchestration.py
[2023-09-25T07:44:54.506+0000] {logging_mixin.py:151} INFO - [2023-09-25T07:44:54.505+0000] {dag.py:2915} INFO - Sync 1 DAGs
[2023-09-25T07:44:54.579+0000] {logging_mixin.py:151} INFO - [2023-09-25T07:44:54.579+0000] {dag.py:3696} INFO - Setting next_dagrun for 5.3-orchestration to 2023-08-01T00:00:00+00:00, run_after=2023-09-01T00:00:00+00:00
[2023-09-25T07:44:54.641+0000] {processor.py:179} INFO - Processing /opt/airflow/dags/5.3-orchestration.py took 0.317 seconds
[2023-09-25T07:45:25.575+0000] {processor.py:157} INFO - Started process (PID=269) to work on /opt/airflow/dags/5.3-orchestration.py
[2023-09-25T07:45:25.576+0000] {processor.py:829} INFO - Processing file /opt/airflow/dags/5.3-orchestration.py for tasks to queue
[2023-09-25T07:45:25.578+0000] {logging_mixin.py:151} INFO - [2023-09-25T07:45:25.578+0000] {dagbag.py:539} INFO - Filling up the DagBag from /opt/airflow/dags/5.3-orchestration.py
[2023-09-25T07:45:25.653+0000] {processor.py:839} INFO - DAG(s) dict_keys(['5.3-orchestration']) retrieved from /opt/airflow/dags/5.3-orchestration.py
[2023-09-25T07:45:25.695+0000] {logging_mixin.py:151} INFO - [2023-09-25T07:45:25.695+0000] {dag.py:2915} INFO - Sync 1 DAGs
[2023-09-25T07:45:25.743+0000] {logging_mixin.py:151} INFO - [2023-09-25T07:45:25.742+0000] {dag.py:3696} INFO - Setting next_dagrun for 5.3-orchestration to 2023-08-01T00:00:00+00:00, run_after=2023-09-01T00:00:00+00:00
[2023-09-25T07:45:25.778+0000] {processor.py:179} INFO - Processing /opt/airflow/dags/5.3-orchestration.py took 0.217 seconds
[2023-09-25T07:45:56.095+0000] {processor.py:157} INFO - Started process (PID=291) to work on /opt/airflow/dags/5.3-orchestration.py
[2023-09-25T07:45:56.096+0000] {processor.py:829} INFO - Processing file /opt/airflow/dags/5.3-orchestration.py for tasks to queue
[2023-09-25T07:45:56.097+0000] {logging_mixin.py:151} INFO - [2023-09-25T07:45:56.097+0000] {dagbag.py:539} INFO - Filling up the DagBag from /opt/airflow/dags/5.3-orchestration.py
[2023-09-25T07:45:56.143+0000] {processor.py:839} INFO - DAG(s) dict_keys(['5.3-orchestration']) retrieved from /opt/airflow/dags/5.3-orchestration.py
[2023-09-25T07:45:56.170+0000] {logging_mixin.py:151} INFO - [2023-09-25T07:45:56.169+0000] {dag.py:2915} INFO - Sync 1 DAGs
[2023-09-25T07:45:56.215+0000] {logging_mixin.py:151} INFO - [2023-09-25T07:45:56.215+0000] {dag.py:3696} INFO - Setting next_dagrun for 5.3-orchestration to 2023-08-01T00:00:00+00:00, run_after=2023-09-01T00:00:00+00:00
[2023-09-25T07:45:56.242+0000] {processor.py:179} INFO - Processing /opt/airflow/dags/5.3-orchestration.py took 0.152 seconds
[2023-09-25T07:46:26.643+0000] {processor.py:157} INFO - Started process (PID=313) to work on /opt/airflow/dags/5.3-orchestration.py
[2023-09-25T07:46:26.645+0000] {processor.py:829} INFO - Processing file /opt/airflow/dags/5.3-orchestration.py for tasks to queue
[2023-09-25T07:46:26.646+0000] {logging_mixin.py:151} INFO - [2023-09-25T07:46:26.646+0000] {dagbag.py:539} INFO - Filling up the DagBag from /opt/airflow/dags/5.3-orchestration.py
[2023-09-25T07:46:26.703+0000] {processor.py:839} INFO - DAG(s) dict_keys(['5.3-orchestration']) retrieved from /opt/airflow/dags/5.3-orchestration.py
[2023-09-25T07:46:26.729+0000] {logging_mixin.py:151} INFO - [2023-09-25T07:46:26.729+0000] {dag.py:2915} INFO - Sync 1 DAGs
[2023-09-25T07:46:26.756+0000] {logging_mixin.py:151} INFO - [2023-09-25T07:46:26.756+0000] {dag.py:3696} INFO - Setting next_dagrun for 5.3-orchestration to 2023-08-01T00:00:00+00:00, run_after=2023-09-01T00:00:00+00:00
[2023-09-25T07:46:26.783+0000] {processor.py:179} INFO - Processing /opt/airflow/dags/5.3-orchestration.py took 0.147 seconds
[2023-09-25T07:46:57.111+0000] {processor.py:157} INFO - Started process (PID=335) to work on /opt/airflow/dags/5.3-orchestration.py
[2023-09-25T07:46:57.113+0000] {processor.py:829} INFO - Processing file /opt/airflow/dags/5.3-orchestration.py for tasks to queue
[2023-09-25T07:46:57.115+0000] {logging_mixin.py:151} INFO - [2023-09-25T07:46:57.114+0000] {dagbag.py:539} INFO - Filling up the DagBag from /opt/airflow/dags/5.3-orchestration.py
[2023-09-25T07:46:57.169+0000] {processor.py:839} INFO - DAG(s) dict_keys(['5.3-orchestration']) retrieved from /opt/airflow/dags/5.3-orchestration.py
[2023-09-25T07:46:57.192+0000] {logging_mixin.py:151} INFO - [2023-09-25T07:46:57.192+0000] {dag.py:2915} INFO - Sync 1 DAGs
[2023-09-25T07:46:57.217+0000] {logging_mixin.py:151} INFO - [2023-09-25T07:46:57.217+0000] {dag.py:3696} INFO - Setting next_dagrun for 5.3-orchestration to 2023-08-01T00:00:00+00:00, run_after=2023-09-01T00:00:00+00:00
[2023-09-25T07:46:57.246+0000] {processor.py:179} INFO - Processing /opt/airflow/dags/5.3-orchestration.py took 0.140 seconds
[2023-09-25T07:47:27.786+0000] {processor.py:157} INFO - Started process (PID=357) to work on /opt/airflow/dags/5.3-orchestration.py
[2023-09-25T07:47:27.788+0000] {processor.py:829} INFO - Processing file /opt/airflow/dags/5.3-orchestration.py for tasks to queue
[2023-09-25T07:47:27.791+0000] {logging_mixin.py:151} INFO - [2023-09-25T07:47:27.791+0000] {dagbag.py:539} INFO - Filling up the DagBag from /opt/airflow/dags/5.3-orchestration.py
[2023-09-25T07:47:27.866+0000] {processor.py:839} INFO - DAG(s) dict_keys(['5.3-orchestration']) retrieved from /opt/airflow/dags/5.3-orchestration.py
[2023-09-25T07:47:27.899+0000] {logging_mixin.py:151} INFO - [2023-09-25T07:47:27.899+0000] {dag.py:2915} INFO - Sync 1 DAGs
[2023-09-25T07:47:27.929+0000] {logging_mixin.py:151} INFO - [2023-09-25T07:47:27.929+0000] {dag.py:3696} INFO - Setting next_dagrun for 5.3-orchestration to 2023-08-01T00:00:00+00:00, run_after=2023-09-01T00:00:00+00:00
[2023-09-25T07:47:27.954+0000] {processor.py:179} INFO - Processing /opt/airflow/dags/5.3-orchestration.py took 0.173 seconds
[2023-09-25T07:47:58.294+0000] {processor.py:157} INFO - Started process (PID=379) to work on /opt/airflow/dags/5.3-orchestration.py
[2023-09-25T07:47:58.296+0000] {processor.py:829} INFO - Processing file /opt/airflow/dags/5.3-orchestration.py for tasks to queue
[2023-09-25T07:47:58.302+0000] {logging_mixin.py:151} INFO - [2023-09-25T07:47:58.300+0000] {dagbag.py:539} INFO - Filling up the DagBag from /opt/airflow/dags/5.3-orchestration.py
[2023-09-25T07:47:58.404+0000] {processor.py:839} INFO - DAG(s) dict_keys(['5.3-orchestration']) retrieved from /opt/airflow/dags/5.3-orchestration.py
[2023-09-25T07:47:58.463+0000] {logging_mixin.py:151} INFO - [2023-09-25T07:47:58.462+0000] {dag.py:2915} INFO - Sync 1 DAGs
[2023-09-25T07:47:58.522+0000] {logging_mixin.py:151} INFO - [2023-09-25T07:47:58.522+0000] {dag.py:3696} INFO - Setting next_dagrun for 5.3-orchestration to 2023-08-01T00:00:00+00:00, run_after=2023-09-01T00:00:00+00:00
[2023-09-25T07:47:58.560+0000] {processor.py:179} INFO - Processing /opt/airflow/dags/5.3-orchestration.py took 0.272 seconds
[2023-09-25T07:48:28.828+0000] {processor.py:157} INFO - Started process (PID=401) to work on /opt/airflow/dags/5.3-orchestration.py
[2023-09-25T07:48:28.830+0000] {processor.py:829} INFO - Processing file /opt/airflow/dags/5.3-orchestration.py for tasks to queue
[2023-09-25T07:48:28.832+0000] {logging_mixin.py:151} INFO - [2023-09-25T07:48:28.831+0000] {dagbag.py:539} INFO - Filling up the DagBag from /opt/airflow/dags/5.3-orchestration.py
[2023-09-25T07:48:28.912+0000] {processor.py:839} INFO - DAG(s) dict_keys(['5.3-orchestration']) retrieved from /opt/airflow/dags/5.3-orchestration.py
[2023-09-25T07:48:28.941+0000] {logging_mixin.py:151} INFO - [2023-09-25T07:48:28.941+0000] {dag.py:2915} INFO - Sync 1 DAGs
[2023-09-25T07:48:28.965+0000] {logging_mixin.py:151} INFO - [2023-09-25T07:48:28.965+0000] {dag.py:3696} INFO - Setting next_dagrun for 5.3-orchestration to 2023-08-01T00:00:00+00:00, run_after=2023-09-01T00:00:00+00:00
[2023-09-25T07:48:28.993+0000] {processor.py:179} INFO - Processing /opt/airflow/dags/5.3-orchestration.py took 0.171 seconds
[2023-09-25T07:49:00.010+0000] {processor.py:157} INFO - Started process (PID=423) to work on /opt/airflow/dags/5.3-orchestration.py
[2023-09-25T07:49:00.012+0000] {processor.py:829} INFO - Processing file /opt/airflow/dags/5.3-orchestration.py for tasks to queue
[2023-09-25T07:49:00.015+0000] {logging_mixin.py:151} INFO - [2023-09-25T07:49:00.014+0000] {dagbag.py:539} INFO - Filling up the DagBag from /opt/airflow/dags/5.3-orchestration.py
[2023-09-25T07:49:00.062+0000] {processor.py:839} INFO - DAG(s) dict_keys(['5.3-orchestration']) retrieved from /opt/airflow/dags/5.3-orchestration.py
[2023-09-25T07:49:00.087+0000] {logging_mixin.py:151} INFO - [2023-09-25T07:49:00.087+0000] {dag.py:2915} INFO - Sync 1 DAGs
[2023-09-25T07:49:00.110+0000] {logging_mixin.py:151} INFO - [2023-09-25T07:49:00.110+0000] {dag.py:3696} INFO - Setting next_dagrun for 5.3-orchestration to 2023-08-01T00:00:00+00:00, run_after=2023-09-01T00:00:00+00:00
[2023-09-25T07:49:00.140+0000] {processor.py:179} INFO - Processing /opt/airflow/dags/5.3-orchestration.py took 0.134 seconds
[2023-09-25T07:49:30.879+0000] {processor.py:157} INFO - Started process (PID=445) to work on /opt/airflow/dags/5.3-orchestration.py
[2023-09-25T07:49:30.881+0000] {processor.py:829} INFO - Processing file /opt/airflow/dags/5.3-orchestration.py for tasks to queue
[2023-09-25T07:49:30.884+0000] {logging_mixin.py:151} INFO - [2023-09-25T07:49:30.883+0000] {dagbag.py:539} INFO - Filling up the DagBag from /opt/airflow/dags/5.3-orchestration.py
[2023-09-25T07:49:30.964+0000] {processor.py:839} INFO - DAG(s) dict_keys(['5.3-orchestration']) retrieved from /opt/airflow/dags/5.3-orchestration.py
[2023-09-25T07:49:30.986+0000] {logging_mixin.py:151} INFO - [2023-09-25T07:49:30.986+0000] {dag.py:2915} INFO - Sync 1 DAGs
[2023-09-25T07:49:31.010+0000] {logging_mixin.py:151} INFO - [2023-09-25T07:49:31.010+0000] {dag.py:3696} INFO - Setting next_dagrun for 5.3-orchestration to 2023-08-01T00:00:00+00:00, run_after=2023-09-01T00:00:00+00:00
[2023-09-25T07:49:31.033+0000] {processor.py:179} INFO - Processing /opt/airflow/dags/5.3-orchestration.py took 0.160 seconds
[2023-09-25T07:50:01.815+0000] {processor.py:157} INFO - Started process (PID=467) to work on /opt/airflow/dags/5.3-orchestration.py
[2023-09-25T07:50:01.819+0000] {processor.py:829} INFO - Processing file /opt/airflow/dags/5.3-orchestration.py for tasks to queue
[2023-09-25T07:50:01.823+0000] {logging_mixin.py:151} INFO - [2023-09-25T07:50:01.822+0000] {dagbag.py:539} INFO - Filling up the DagBag from /opt/airflow/dags/5.3-orchestration.py
[2023-09-25T07:50:01.930+0000] {processor.py:839} INFO - DAG(s) dict_keys(['5.3-orchestration']) retrieved from /opt/airflow/dags/5.3-orchestration.py
[2023-09-25T07:50:01.995+0000] {logging_mixin.py:151} INFO - [2023-09-25T07:50:01.994+0000] {dag.py:2915} INFO - Sync 1 DAGs
[2023-09-25T07:50:02.048+0000] {logging_mixin.py:151} INFO - [2023-09-25T07:50:02.048+0000] {dag.py:3696} INFO - Setting next_dagrun for 5.3-orchestration to 2023-08-01T00:00:00+00:00, run_after=2023-09-01T00:00:00+00:00
[2023-09-25T07:50:02.095+0000] {processor.py:179} INFO - Processing /opt/airflow/dags/5.3-orchestration.py took 0.286 seconds
[2023-09-25T07:50:32.447+0000] {processor.py:157} INFO - Started process (PID=490) to work on /opt/airflow/dags/5.3-orchestration.py
[2023-09-25T07:50:32.449+0000] {processor.py:829} INFO - Processing file /opt/airflow/dags/5.3-orchestration.py for tasks to queue
[2023-09-25T07:50:32.450+0000] {logging_mixin.py:151} INFO - [2023-09-25T07:50:32.450+0000] {dagbag.py:539} INFO - Filling up the DagBag from /opt/airflow/dags/5.3-orchestration.py
[2023-09-25T07:50:32.500+0000] {processor.py:839} INFO - DAG(s) dict_keys(['5.3-orchestration']) retrieved from /opt/airflow/dags/5.3-orchestration.py
[2023-09-25T07:50:32.524+0000] {logging_mixin.py:151} INFO - [2023-09-25T07:50:32.524+0000] {dag.py:2915} INFO - Sync 1 DAGs
[2023-09-25T07:50:32.547+0000] {logging_mixin.py:151} INFO - [2023-09-25T07:50:32.547+0000] {dag.py:3696} INFO - Setting next_dagrun for 5.3-orchestration to 2023-08-01T00:00:00+00:00, run_after=2023-09-01T00:00:00+00:00
[2023-09-25T07:50:32.574+0000] {processor.py:179} INFO - Processing /opt/airflow/dags/5.3-orchestration.py took 0.131 seconds
[2023-09-25T07:51:03.139+0000] {processor.py:157} INFO - Started process (PID=512) to work on /opt/airflow/dags/5.3-orchestration.py
[2023-09-25T07:51:03.141+0000] {processor.py:829} INFO - Processing file /opt/airflow/dags/5.3-orchestration.py for tasks to queue
[2023-09-25T07:51:03.144+0000] {logging_mixin.py:151} INFO - [2023-09-25T07:51:03.143+0000] {dagbag.py:539} INFO - Filling up the DagBag from /opt/airflow/dags/5.3-orchestration.py
[2023-09-25T07:51:03.241+0000] {processor.py:839} INFO - DAG(s) dict_keys(['5.3-orchestration']) retrieved from /opt/airflow/dags/5.3-orchestration.py
[2023-09-25T07:51:03.297+0000] {logging_mixin.py:151} INFO - [2023-09-25T07:51:03.297+0000] {dag.py:2915} INFO - Sync 1 DAGs
[2023-09-25T07:51:03.358+0000] {logging_mixin.py:151} INFO - [2023-09-25T07:51:03.357+0000] {dag.py:3696} INFO - Setting next_dagrun for 5.3-orchestration to 2023-08-01T00:00:00+00:00, run_after=2023-09-01T00:00:00+00:00
[2023-09-25T07:51:03.410+0000] {processor.py:179} INFO - Processing /opt/airflow/dags/5.3-orchestration.py took 0.279 seconds
[2023-09-25T07:51:33.735+0000] {processor.py:157} INFO - Started process (PID=535) to work on /opt/airflow/dags/5.3-orchestration.py
[2023-09-25T07:51:33.736+0000] {processor.py:829} INFO - Processing file /opt/airflow/dags/5.3-orchestration.py for tasks to queue
[2023-09-25T07:51:33.738+0000] {logging_mixin.py:151} INFO - [2023-09-25T07:51:33.737+0000] {dagbag.py:539} INFO - Filling up the DagBag from /opt/airflow/dags/5.3-orchestration.py
[2023-09-25T07:51:33.788+0000] {processor.py:839} INFO - DAG(s) dict_keys(['5.3-orchestration']) retrieved from /opt/airflow/dags/5.3-orchestration.py
[2023-09-25T07:51:33.811+0000] {logging_mixin.py:151} INFO - [2023-09-25T07:51:33.811+0000] {dag.py:2915} INFO - Sync 1 DAGs
[2023-09-25T07:51:33.838+0000] {logging_mixin.py:151} INFO - [2023-09-25T07:51:33.838+0000] {dag.py:3696} INFO - Setting next_dagrun for 5.3-orchestration to 2023-08-01T00:00:00+00:00, run_after=2023-09-01T00:00:00+00:00
[2023-09-25T07:51:33.862+0000] {processor.py:179} INFO - Processing /opt/airflow/dags/5.3-orchestration.py took 0.131 seconds
[2023-09-25T07:52:04.261+0000] {processor.py:157} INFO - Started process (PID=557) to work on /opt/airflow/dags/5.3-orchestration.py
[2023-09-25T07:52:04.263+0000] {processor.py:829} INFO - Processing file /opt/airflow/dags/5.3-orchestration.py for tasks to queue
[2023-09-25T07:52:04.265+0000] {logging_mixin.py:151} INFO - [2023-09-25T07:52:04.264+0000] {dagbag.py:539} INFO - Filling up the DagBag from /opt/airflow/dags/5.3-orchestration.py
[2023-09-25T07:52:04.317+0000] {processor.py:839} INFO - DAG(s) dict_keys(['5.3-orchestration']) retrieved from /opt/airflow/dags/5.3-orchestration.py
[2023-09-25T07:52:04.342+0000] {logging_mixin.py:151} INFO - [2023-09-25T07:52:04.342+0000] {dag.py:2915} INFO - Sync 1 DAGs
[2023-09-25T07:52:04.367+0000] {logging_mixin.py:151} INFO - [2023-09-25T07:52:04.367+0000] {dag.py:3696} INFO - Setting next_dagrun for 5.3-orchestration to 2023-08-01T00:00:00+00:00, run_after=2023-09-01T00:00:00+00:00
[2023-09-25T07:52:04.393+0000] {processor.py:179} INFO - Processing /opt/airflow/dags/5.3-orchestration.py took 0.137 seconds
[2023-09-25T07:52:34.992+0000] {processor.py:157} INFO - Started process (PID=579) to work on /opt/airflow/dags/5.3-orchestration.py
[2023-09-25T07:52:34.998+0000] {processor.py:829} INFO - Processing file /opt/airflow/dags/5.3-orchestration.py for tasks to queue
[2023-09-25T07:52:35.002+0000] {logging_mixin.py:151} INFO - [2023-09-25T07:52:35.001+0000] {dagbag.py:539} INFO - Filling up the DagBag from /opt/airflow/dags/5.3-orchestration.py
[2023-09-25T07:52:35.090+0000] {processor.py:839} INFO - DAG(s) dict_keys(['5.3-orchestration']) retrieved from /opt/airflow/dags/5.3-orchestration.py
[2023-09-25T07:52:35.142+0000] {logging_mixin.py:151} INFO - [2023-09-25T07:52:35.142+0000] {dag.py:2915} INFO - Sync 1 DAGs
[2023-09-25T07:52:35.190+0000] {logging_mixin.py:151} INFO - [2023-09-25T07:52:35.190+0000] {dag.py:3696} INFO - Setting next_dagrun for 5.3-orchestration to 2023-08-01T00:00:00+00:00, run_after=2023-09-01T00:00:00+00:00
[2023-09-25T07:52:35.234+0000] {processor.py:179} INFO - Processing /opt/airflow/dags/5.3-orchestration.py took 0.254 seconds
[2023-09-25T11:14:25.675+0000] {processor.py:157} INFO - Started process (PID=42) to work on /opt/airflow/dags/5.3-orchestration.py
[2023-09-25T11:14:25.677+0000] {processor.py:829} INFO - Processing file /opt/airflow/dags/5.3-orchestration.py for tasks to queue
[2023-09-25T11:14:25.679+0000] {logging_mixin.py:151} INFO - [2023-09-25T11:14:25.678+0000] {dagbag.py:539} INFO - Filling up the DagBag from /opt/airflow/dags/5.3-orchestration.py
[2023-09-25T11:14:25.743+0000] {processor.py:839} INFO - DAG(s) dict_keys(['5.3-orchestration']) retrieved from /opt/airflow/dags/5.3-orchestration.py
[2023-09-25T11:14:26.171+0000] {logging_mixin.py:151} INFO - [2023-09-25T11:14:26.171+0000] {security.py:708} INFO - Not syncing DAG-level permissions for DAG 'DAG:5.3-orchestration' as access control is unset.
[2023-09-25T11:14:26.173+0000] {logging_mixin.py:151} INFO - [2023-09-25T11:14:26.172+0000] {dag.py:2915} INFO - Sync 1 DAGs
[2023-09-25T11:14:26.216+0000] {logging_mixin.py:151} INFO - [2023-09-25T11:14:26.215+0000] {dag.py:3696} INFO - Setting next_dagrun for 5.3-orchestration to 2023-08-01T00:00:00+00:00, run_after=2023-09-01T00:00:00+00:00
[2023-09-25T11:14:26.258+0000] {processor.py:179} INFO - Processing /opt/airflow/dags/5.3-orchestration.py took 0.590 seconds
[2023-09-25T11:14:56.740+0000] {processor.py:157} INFO - Started process (PID=65) to work on /opt/airflow/dags/5.3-orchestration.py
[2023-09-25T11:14:56.753+0000] {processor.py:829} INFO - Processing file /opt/airflow/dags/5.3-orchestration.py for tasks to queue
[2023-09-25T11:14:56.754+0000] {logging_mixin.py:151} INFO - [2023-09-25T11:14:56.754+0000] {dagbag.py:539} INFO - Filling up the DagBag from /opt/airflow/dags/5.3-orchestration.py
[2023-09-25T11:14:56.803+0000] {processor.py:839} INFO - DAG(s) dict_keys(['5.3-orchestration']) retrieved from /opt/airflow/dags/5.3-orchestration.py
[2023-09-25T11:14:56.826+0000] {logging_mixin.py:151} INFO - [2023-09-25T11:14:56.826+0000] {dag.py:2915} INFO - Sync 1 DAGs
[2023-09-25T11:14:56.854+0000] {logging_mixin.py:151} INFO - [2023-09-25T11:14:56.854+0000] {dag.py:3696} INFO - Setting next_dagrun for 5.3-orchestration to 2023-08-01T00:00:00+00:00, run_after=2023-09-01T00:00:00+00:00
[2023-09-25T11:14:56.877+0000] {processor.py:179} INFO - Processing /opt/airflow/dags/5.3-orchestration.py took 0.140 seconds
[2023-09-25T11:15:27.352+0000] {processor.py:157} INFO - Started process (PID=88) to work on /opt/airflow/dags/5.3-orchestration.py
[2023-09-25T11:15:27.353+0000] {processor.py:829} INFO - Processing file /opt/airflow/dags/5.3-orchestration.py for tasks to queue
[2023-09-25T11:15:27.356+0000] {logging_mixin.py:151} INFO - [2023-09-25T11:15:27.356+0000] {dagbag.py:539} INFO - Filling up the DagBag from /opt/airflow/dags/5.3-orchestration.py
[2023-09-25T11:15:27.413+0000] {processor.py:839} INFO - DAG(s) dict_keys(['5.3-orchestration']) retrieved from /opt/airflow/dags/5.3-orchestration.py
[2023-09-25T11:15:27.438+0000] {logging_mixin.py:151} INFO - [2023-09-25T11:15:27.438+0000] {dag.py:2915} INFO - Sync 1 DAGs
[2023-09-25T11:15:27.467+0000] {logging_mixin.py:151} INFO - [2023-09-25T11:15:27.467+0000] {dag.py:3696} INFO - Setting next_dagrun for 5.3-orchestration to 2023-08-01T00:00:00+00:00, run_after=2023-09-01T00:00:00+00:00
[2023-09-25T11:15:27.490+0000] {processor.py:179} INFO - Processing /opt/airflow/dags/5.3-orchestration.py took 0.145 seconds
[2023-09-25T11:15:58.274+0000] {processor.py:157} INFO - Started process (PID=111) to work on /opt/airflow/dags/5.3-orchestration.py
[2023-09-25T11:15:58.275+0000] {processor.py:829} INFO - Processing file /opt/airflow/dags/5.3-orchestration.py for tasks to queue
[2023-09-25T11:15:58.278+0000] {logging_mixin.py:151} INFO - [2023-09-25T11:15:58.277+0000] {dagbag.py:539} INFO - Filling up the DagBag from /opt/airflow/dags/5.3-orchestration.py
[2023-09-25T11:15:58.324+0000] {processor.py:839} INFO - DAG(s) dict_keys(['5.3-orchestration']) retrieved from /opt/airflow/dags/5.3-orchestration.py
[2023-09-25T11:15:58.347+0000] {logging_mixin.py:151} INFO - [2023-09-25T11:15:58.347+0000] {dag.py:2915} INFO - Sync 1 DAGs
[2023-09-25T11:15:58.371+0000] {logging_mixin.py:151} INFO - [2023-09-25T11:15:58.371+0000] {dag.py:3696} INFO - Setting next_dagrun for 5.3-orchestration to 2023-08-01T00:00:00+00:00, run_after=2023-09-01T00:00:00+00:00
[2023-09-25T11:15:58.399+0000] {processor.py:179} INFO - Processing /opt/airflow/dags/5.3-orchestration.py took 0.129 seconds
[2023-09-25T11:16:29.257+0000] {processor.py:157} INFO - Started process (PID=134) to work on /opt/airflow/dags/5.3-orchestration.py
[2023-09-25T11:16:29.258+0000] {processor.py:829} INFO - Processing file /opt/airflow/dags/5.3-orchestration.py for tasks to queue
[2023-09-25T11:16:29.260+0000] {logging_mixin.py:151} INFO - [2023-09-25T11:16:29.259+0000] {dagbag.py:539} INFO - Filling up the DagBag from /opt/airflow/dags/5.3-orchestration.py
[2023-09-25T11:16:29.308+0000] {processor.py:839} INFO - DAG(s) dict_keys(['5.3-orchestration']) retrieved from /opt/airflow/dags/5.3-orchestration.py
[2023-09-25T11:16:29.330+0000] {logging_mixin.py:151} INFO - [2023-09-25T11:16:29.329+0000] {dag.py:2915} INFO - Sync 1 DAGs
[2023-09-25T11:16:29.353+0000] {logging_mixin.py:151} INFO - [2023-09-25T11:16:29.353+0000] {dag.py:3696} INFO - Setting next_dagrun for 5.3-orchestration to 2023-08-01T00:00:00+00:00, run_after=2023-09-01T00:00:00+00:00
[2023-09-25T11:16:29.376+0000] {processor.py:179} INFO - Processing /opt/airflow/dags/5.3-orchestration.py took 0.124 seconds
[2023-09-25T11:17:00.302+0000] {processor.py:157} INFO - Started process (PID=157) to work on /opt/airflow/dags/5.3-orchestration.py
[2023-09-25T11:17:00.303+0000] {processor.py:829} INFO - Processing file /opt/airflow/dags/5.3-orchestration.py for tasks to queue
[2023-09-25T11:17:00.304+0000] {logging_mixin.py:151} INFO - [2023-09-25T11:17:00.304+0000] {dagbag.py:539} INFO - Filling up the DagBag from /opt/airflow/dags/5.3-orchestration.py
[2023-09-25T11:17:00.353+0000] {processor.py:839} INFO - DAG(s) dict_keys(['5.3-orchestration']) retrieved from /opt/airflow/dags/5.3-orchestration.py
[2023-09-25T11:17:00.376+0000] {logging_mixin.py:151} INFO - [2023-09-25T11:17:00.376+0000] {dag.py:2915} INFO - Sync 1 DAGs
[2023-09-25T11:17:00.400+0000] {logging_mixin.py:151} INFO - [2023-09-25T11:17:00.399+0000] {dag.py:3696} INFO - Setting next_dagrun for 5.3-orchestration to 2023-08-01T00:00:00+00:00, run_after=2023-09-01T00:00:00+00:00
[2023-09-25T11:17:00.427+0000] {processor.py:179} INFO - Processing /opt/airflow/dags/5.3-orchestration.py took 0.129 seconds
[2023-09-25T11:17:31.326+0000] {processor.py:157} INFO - Started process (PID=180) to work on /opt/airflow/dags/5.3-orchestration.py
[2023-09-25T11:17:31.327+0000] {processor.py:829} INFO - Processing file /opt/airflow/dags/5.3-orchestration.py for tasks to queue
[2023-09-25T11:17:31.328+0000] {logging_mixin.py:151} INFO - [2023-09-25T11:17:31.328+0000] {dagbag.py:539} INFO - Filling up the DagBag from /opt/airflow/dags/5.3-orchestration.py
[2023-09-25T11:17:31.371+0000] {processor.py:839} INFO - DAG(s) dict_keys(['5.3-orchestration']) retrieved from /opt/airflow/dags/5.3-orchestration.py
[2023-09-25T11:17:31.394+0000] {logging_mixin.py:151} INFO - [2023-09-25T11:17:31.394+0000] {dag.py:2915} INFO - Sync 1 DAGs
[2023-09-25T11:17:31.416+0000] {logging_mixin.py:151} INFO - [2023-09-25T11:17:31.416+0000] {dag.py:3696} INFO - Setting next_dagrun for 5.3-orchestration to 2023-08-01T00:00:00+00:00, run_after=2023-09-01T00:00:00+00:00
[2023-09-25T11:17:31.441+0000] {processor.py:179} INFO - Processing /opt/airflow/dags/5.3-orchestration.py took 0.119 seconds
[2023-09-25T11:18:02.205+0000] {processor.py:157} INFO - Started process (PID=203) to work on /opt/airflow/dags/5.3-orchestration.py
[2023-09-25T11:18:02.207+0000] {processor.py:829} INFO - Processing file /opt/airflow/dags/5.3-orchestration.py for tasks to queue
[2023-09-25T11:18:02.215+0000] {logging_mixin.py:151} INFO - [2023-09-25T11:18:02.214+0000] {dagbag.py:539} INFO - Filling up the DagBag from /opt/airflow/dags/5.3-orchestration.py
[2023-09-25T11:18:02.313+0000] {processor.py:839} INFO - DAG(s) dict_keys(['5.3-orchestration']) retrieved from /opt/airflow/dags/5.3-orchestration.py
[2023-09-25T11:18:02.366+0000] {logging_mixin.py:151} INFO - [2023-09-25T11:18:02.366+0000] {dag.py:2915} INFO - Sync 1 DAGs
[2023-09-25T11:18:02.419+0000] {logging_mixin.py:151} INFO - [2023-09-25T11:18:02.418+0000] {dag.py:3696} INFO - Setting next_dagrun for 5.3-orchestration to 2023-08-01T00:00:00+00:00, run_after=2023-09-01T00:00:00+00:00
[2023-09-25T11:18:02.464+0000] {processor.py:179} INFO - Processing /opt/airflow/dags/5.3-orchestration.py took 0.273 seconds
[2023-09-25T11:18:32.773+0000] {processor.py:157} INFO - Started process (PID=236) to work on /opt/airflow/dags/5.3-orchestration.py
[2023-09-25T11:18:32.774+0000] {processor.py:829} INFO - Processing file /opt/airflow/dags/5.3-orchestration.py for tasks to queue
[2023-09-25T11:18:32.776+0000] {logging_mixin.py:151} INFO - [2023-09-25T11:18:32.775+0000] {dagbag.py:539} INFO - Filling up the DagBag from /opt/airflow/dags/5.3-orchestration.py
[2023-09-25T11:18:32.827+0000] {processor.py:839} INFO - DAG(s) dict_keys(['5.3-orchestration']) retrieved from /opt/airflow/dags/5.3-orchestration.py
[2023-09-25T11:18:32.854+0000] {logging_mixin.py:151} INFO - [2023-09-25T11:18:32.854+0000] {dag.py:2915} INFO - Sync 1 DAGs
[2023-09-25T11:18:32.884+0000] {logging_mixin.py:151} INFO - [2023-09-25T11:18:32.884+0000] {dag.py:3696} INFO - Setting next_dagrun for 5.3-orchestration to 2023-08-01T00:00:00+00:00, run_after=2023-09-01T00:00:00+00:00
[2023-09-25T11:18:32.916+0000] {processor.py:179} INFO - Processing /opt/airflow/dags/5.3-orchestration.py took 0.148 seconds
[2023-09-25T11:19:03.831+0000] {processor.py:157} INFO - Started process (PID=259) to work on /opt/airflow/dags/5.3-orchestration.py
[2023-09-25T11:19:03.833+0000] {processor.py:829} INFO - Processing file /opt/airflow/dags/5.3-orchestration.py for tasks to queue
[2023-09-25T11:19:03.834+0000] {logging_mixin.py:151} INFO - [2023-09-25T11:19:03.834+0000] {dagbag.py:539} INFO - Filling up the DagBag from /opt/airflow/dags/5.3-orchestration.py
[2023-09-25T11:19:03.894+0000] {processor.py:839} INFO - DAG(s) dict_keys(['5.3-orchestration']) retrieved from /opt/airflow/dags/5.3-orchestration.py
[2023-09-25T11:19:03.926+0000] {logging_mixin.py:151} INFO - [2023-09-25T11:19:03.926+0000] {dag.py:2915} INFO - Sync 1 DAGs
[2023-09-25T11:19:03.955+0000] {logging_mixin.py:151} INFO - [2023-09-25T11:19:03.955+0000] {dag.py:3696} INFO - Setting next_dagrun for 5.3-orchestration to 2023-08-01T00:00:00+00:00, run_after=2023-09-01T00:00:00+00:00
[2023-09-25T11:19:03.990+0000] {processor.py:179} INFO - Processing /opt/airflow/dags/5.3-orchestration.py took 0.163 seconds
[2023-09-25T11:19:34.585+0000] {processor.py:157} INFO - Started process (PID=282) to work on /opt/airflow/dags/5.3-orchestration.py
[2023-09-25T11:19:34.587+0000] {processor.py:829} INFO - Processing file /opt/airflow/dags/5.3-orchestration.py for tasks to queue
[2023-09-25T11:19:34.588+0000] {logging_mixin.py:151} INFO - [2023-09-25T11:19:34.588+0000] {dagbag.py:539} INFO - Filling up the DagBag from /opt/airflow/dags/5.3-orchestration.py
[2023-09-25T11:19:34.637+0000] {processor.py:839} INFO - DAG(s) dict_keys(['5.3-orchestration']) retrieved from /opt/airflow/dags/5.3-orchestration.py
[2023-09-25T11:19:34.662+0000] {logging_mixin.py:151} INFO - [2023-09-25T11:19:34.662+0000] {dag.py:2915} INFO - Sync 1 DAGs
[2023-09-25T11:19:34.688+0000] {logging_mixin.py:151} INFO - [2023-09-25T11:19:34.687+0000] {dag.py:3696} INFO - Setting next_dagrun for 5.3-orchestration to 2023-08-01T00:00:00+00:00, run_after=2023-09-01T00:00:00+00:00
[2023-09-25T11:19:34.720+0000] {processor.py:179} INFO - Processing /opt/airflow/dags/5.3-orchestration.py took 0.139 seconds
[2023-09-25T11:20:05.459+0000] {processor.py:157} INFO - Started process (PID=305) to work on /opt/airflow/dags/5.3-orchestration.py
[2023-09-25T11:20:05.460+0000] {processor.py:829} INFO - Processing file /opt/airflow/dags/5.3-orchestration.py for tasks to queue
[2023-09-25T11:20:05.462+0000] {logging_mixin.py:151} INFO - [2023-09-25T11:20:05.461+0000] {dagbag.py:539} INFO - Filling up the DagBag from /opt/airflow/dags/5.3-orchestration.py
[2023-09-25T11:20:05.516+0000] {processor.py:839} INFO - DAG(s) dict_keys(['5.3-orchestration']) retrieved from /opt/airflow/dags/5.3-orchestration.py
[2023-09-25T11:20:05.541+0000] {logging_mixin.py:151} INFO - [2023-09-25T11:20:05.541+0000] {dag.py:2915} INFO - Sync 1 DAGs
[2023-09-25T11:20:05.566+0000] {logging_mixin.py:151} INFO - [2023-09-25T11:20:05.565+0000] {dag.py:3696} INFO - Setting next_dagrun for 5.3-orchestration to 2023-08-01T00:00:00+00:00, run_after=2023-09-01T00:00:00+00:00
[2023-09-25T11:20:05.598+0000] {processor.py:179} INFO - Processing /opt/airflow/dags/5.3-orchestration.py took 0.143 seconds
[2023-09-25T11:20:35.837+0000] {processor.py:157} INFO - Started process (PID=328) to work on /opt/airflow/dags/5.3-orchestration.py
[2023-09-25T11:20:35.839+0000] {processor.py:829} INFO - Processing file /opt/airflow/dags/5.3-orchestration.py for tasks to queue
[2023-09-25T11:20:35.840+0000] {logging_mixin.py:151} INFO - [2023-09-25T11:20:35.840+0000] {dagbag.py:539} INFO - Filling up the DagBag from /opt/airflow/dags/5.3-orchestration.py
[2023-09-25T11:20:35.899+0000] {processor.py:839} INFO - DAG(s) dict_keys(['5.3-orchestration']) retrieved from /opt/airflow/dags/5.3-orchestration.py
[2023-09-25T11:20:35.930+0000] {logging_mixin.py:151} INFO - [2023-09-25T11:20:35.930+0000] {dag.py:2915} INFO - Sync 1 DAGs
[2023-09-25T11:20:35.966+0000] {logging_mixin.py:151} INFO - [2023-09-25T11:20:35.966+0000] {dag.py:3696} INFO - Setting next_dagrun for 5.3-orchestration to 2023-08-01T00:00:00+00:00, run_after=2023-09-01T00:00:00+00:00
[2023-09-25T11:20:35.993+0000] {processor.py:179} INFO - Processing /opt/airflow/dags/5.3-orchestration.py took 0.159 seconds
[2023-09-25T11:21:06.295+0000] {processor.py:157} INFO - Started process (PID=351) to work on /opt/airflow/dags/5.3-orchestration.py
[2023-09-25T11:21:06.296+0000] {processor.py:829} INFO - Processing file /opt/airflow/dags/5.3-orchestration.py for tasks to queue
[2023-09-25T11:21:06.298+0000] {logging_mixin.py:151} INFO - [2023-09-25T11:21:06.297+0000] {dagbag.py:539} INFO - Filling up the DagBag from /opt/airflow/dags/5.3-orchestration.py
[2023-09-25T11:21:06.352+0000] {processor.py:839} INFO - DAG(s) dict_keys(['5.3-orchestration']) retrieved from /opt/airflow/dags/5.3-orchestration.py
[2023-09-25T11:21:06.377+0000] {logging_mixin.py:151} INFO - [2023-09-25T11:21:06.377+0000] {dag.py:2915} INFO - Sync 1 DAGs
[2023-09-25T11:21:06.405+0000] {logging_mixin.py:151} INFO - [2023-09-25T11:21:06.405+0000] {dag.py:3696} INFO - Setting next_dagrun for 5.3-orchestration to 2023-08-01T00:00:00+00:00, run_after=2023-09-01T00:00:00+00:00
[2023-09-25T11:21:06.435+0000] {processor.py:179} INFO - Processing /opt/airflow/dags/5.3-orchestration.py took 0.143 seconds
[2023-09-25T11:21:36.798+0000] {processor.py:157} INFO - Started process (PID=374) to work on /opt/airflow/dags/5.3-orchestration.py
[2023-09-25T11:21:36.799+0000] {processor.py:829} INFO - Processing file /opt/airflow/dags/5.3-orchestration.py for tasks to queue
[2023-09-25T11:21:36.800+0000] {logging_mixin.py:151} INFO - [2023-09-25T11:21:36.800+0000] {dagbag.py:539} INFO - Filling up the DagBag from /opt/airflow/dags/5.3-orchestration.py
[2023-09-25T11:21:36.856+0000] {processor.py:839} INFO - DAG(s) dict_keys(['5.3-orchestration']) retrieved from /opt/airflow/dags/5.3-orchestration.py
[2023-09-25T11:21:36.883+0000] {logging_mixin.py:151} INFO - [2023-09-25T11:21:36.883+0000] {dag.py:2915} INFO - Sync 1 DAGs
[2023-09-25T11:21:36.909+0000] {logging_mixin.py:151} INFO - [2023-09-25T11:21:36.909+0000] {dag.py:3696} INFO - Setting next_dagrun for 5.3-orchestration to 2023-08-01T00:00:00+00:00, run_after=2023-09-01T00:00:00+00:00
[2023-09-25T11:21:36.936+0000] {processor.py:179} INFO - Processing /opt/airflow/dags/5.3-orchestration.py took 0.142 seconds
[2023-09-25T11:22:07.245+0000] {processor.py:157} INFO - Started process (PID=397) to work on /opt/airflow/dags/5.3-orchestration.py
[2023-09-25T11:22:07.247+0000] {processor.py:829} INFO - Processing file /opt/airflow/dags/5.3-orchestration.py for tasks to queue
[2023-09-25T11:22:07.249+0000] {logging_mixin.py:151} INFO - [2023-09-25T11:22:07.248+0000] {dagbag.py:539} INFO - Filling up the DagBag from /opt/airflow/dags/5.3-orchestration.py
[2023-09-25T11:22:07.300+0000] {processor.py:839} INFO - DAG(s) dict_keys(['5.3-orchestration']) retrieved from /opt/airflow/dags/5.3-orchestration.py
[2023-09-25T11:22:07.325+0000] {logging_mixin.py:151} INFO - [2023-09-25T11:22:07.325+0000] {dag.py:2915} INFO - Sync 1 DAGs
[2023-09-25T11:22:07.354+0000] {logging_mixin.py:151} INFO - [2023-09-25T11:22:07.354+0000] {dag.py:3696} INFO - Setting next_dagrun for 5.3-orchestration to 2023-08-01T00:00:00+00:00, run_after=2023-09-01T00:00:00+00:00
[2023-09-25T11:22:07.382+0000] {processor.py:179} INFO - Processing /opt/airflow/dags/5.3-orchestration.py took 0.143 seconds
[2023-09-25T11:22:37.872+0000] {processor.py:157} INFO - Started process (PID=420) to work on /opt/airflow/dags/5.3-orchestration.py
[2023-09-25T11:22:37.873+0000] {processor.py:829} INFO - Processing file /opt/airflow/dags/5.3-orchestration.py for tasks to queue
[2023-09-25T11:22:37.875+0000] {logging_mixin.py:151} INFO - [2023-09-25T11:22:37.874+0000] {dagbag.py:539} INFO - Filling up the DagBag from /opt/airflow/dags/5.3-orchestration.py
[2023-09-25T11:22:37.929+0000] {processor.py:839} INFO - DAG(s) dict_keys(['5.3-orchestration']) retrieved from /opt/airflow/dags/5.3-orchestration.py
[2023-09-25T11:22:37.954+0000] {logging_mixin.py:151} INFO - [2023-09-25T11:22:37.954+0000] {dag.py:2915} INFO - Sync 1 DAGs
[2023-09-25T11:22:37.986+0000] {logging_mixin.py:151} INFO - [2023-09-25T11:22:37.985+0000] {dag.py:3696} INFO - Setting next_dagrun for 5.3-orchestration to 2023-08-01T00:00:00+00:00, run_after=2023-09-01T00:00:00+00:00
[2023-09-25T11:22:38.019+0000] {processor.py:179} INFO - Processing /opt/airflow/dags/5.3-orchestration.py took 0.150 seconds
[2023-09-25T11:23:08.399+0000] {processor.py:157} INFO - Started process (PID=443) to work on /opt/airflow/dags/5.3-orchestration.py
[2023-09-25T11:23:08.400+0000] {processor.py:829} INFO - Processing file /opt/airflow/dags/5.3-orchestration.py for tasks to queue
[2023-09-25T11:23:08.401+0000] {logging_mixin.py:151} INFO - [2023-09-25T11:23:08.401+0000] {dagbag.py:539} INFO - Filling up the DagBag from /opt/airflow/dags/5.3-orchestration.py
[2023-09-25T11:23:08.446+0000] {processor.py:839} INFO - DAG(s) dict_keys(['5.3-orchestration']) retrieved from /opt/airflow/dags/5.3-orchestration.py
[2023-09-25T11:23:08.472+0000] {logging_mixin.py:151} INFO - [2023-09-25T11:23:08.472+0000] {dag.py:2915} INFO - Sync 1 DAGs
[2023-09-25T11:23:08.498+0000] {logging_mixin.py:151} INFO - [2023-09-25T11:23:08.498+0000] {dag.py:3696} INFO - Setting next_dagrun for 5.3-orchestration to 2023-08-01T00:00:00+00:00, run_after=2023-09-01T00:00:00+00:00
[2023-09-25T11:23:08.529+0000] {processor.py:179} INFO - Processing /opt/airflow/dags/5.3-orchestration.py took 0.133 seconds
[2023-09-25T11:23:39.097+0000] {processor.py:157} INFO - Started process (PID=466) to work on /opt/airflow/dags/5.3-orchestration.py
[2023-09-25T11:23:39.098+0000] {processor.py:829} INFO - Processing file /opt/airflow/dags/5.3-orchestration.py for tasks to queue
[2023-09-25T11:23:39.100+0000] {logging_mixin.py:151} INFO - [2023-09-25T11:23:39.099+0000] {dagbag.py:539} INFO - Filling up the DagBag from /opt/airflow/dags/5.3-orchestration.py
[2023-09-25T11:23:39.156+0000] {processor.py:839} INFO - DAG(s) dict_keys(['5.3-orchestration']) retrieved from /opt/airflow/dags/5.3-orchestration.py
[2023-09-25T11:23:39.179+0000] {logging_mixin.py:151} INFO - [2023-09-25T11:23:39.179+0000] {dag.py:2915} INFO - Sync 1 DAGs
[2023-09-25T11:23:39.205+0000] {logging_mixin.py:151} INFO - [2023-09-25T11:23:39.205+0000] {dag.py:3696} INFO - Setting next_dagrun for 5.3-orchestration to 2023-08-01T00:00:00+00:00, run_after=2023-09-01T00:00:00+00:00
[2023-09-25T11:23:39.351+0000] {processor.py:179} INFO - Processing /opt/airflow/dags/5.3-orchestration.py took 0.258 seconds
[2023-09-25T11:24:10.197+0000] {processor.py:157} INFO - Started process (PID=489) to work on /opt/airflow/dags/5.3-orchestration.py
[2023-09-25T11:24:10.198+0000] {processor.py:829} INFO - Processing file /opt/airflow/dags/5.3-orchestration.py for tasks to queue
[2023-09-25T11:24:10.200+0000] {logging_mixin.py:151} INFO - [2023-09-25T11:24:10.199+0000] {dagbag.py:539} INFO - Filling up the DagBag from /opt/airflow/dags/5.3-orchestration.py
[2023-09-25T11:24:10.248+0000] {processor.py:839} INFO - DAG(s) dict_keys(['5.3-orchestration']) retrieved from /opt/airflow/dags/5.3-orchestration.py
[2023-09-25T11:24:10.274+0000] {logging_mixin.py:151} INFO - [2023-09-25T11:24:10.274+0000] {dag.py:2915} INFO - Sync 1 DAGs
[2023-09-25T11:24:10.302+0000] {logging_mixin.py:151} INFO - [2023-09-25T11:24:10.301+0000] {dag.py:3696} INFO - Setting next_dagrun for 5.3-orchestration to 2023-08-01T00:00:00+00:00, run_after=2023-09-01T00:00:00+00:00
[2023-09-25T11:24:10.326+0000] {processor.py:179} INFO - Processing /opt/airflow/dags/5.3-orchestration.py took 0.133 seconds
[2023-09-25T11:24:40.868+0000] {processor.py:157} INFO - Started process (PID=512) to work on /opt/airflow/dags/5.3-orchestration.py
[2023-09-25T11:24:40.869+0000] {processor.py:829} INFO - Processing file /opt/airflow/dags/5.3-orchestration.py for tasks to queue
[2023-09-25T11:24:40.870+0000] {logging_mixin.py:151} INFO - [2023-09-25T11:24:40.870+0000] {dagbag.py:539} INFO - Filling up the DagBag from /opt/airflow/dags/5.3-orchestration.py
[2023-09-25T11:24:40.914+0000] {processor.py:839} INFO - DAG(s) dict_keys(['5.3-orchestration']) retrieved from /opt/airflow/dags/5.3-orchestration.py
[2023-09-25T11:24:40.937+0000] {logging_mixin.py:151} INFO - [2023-09-25T11:24:40.936+0000] {dag.py:2915} INFO - Sync 1 DAGs
[2023-09-25T11:24:40.959+0000] {logging_mixin.py:151} INFO - [2023-09-25T11:24:40.958+0000] {dag.py:3696} INFO - Setting next_dagrun for 5.3-orchestration to 2023-08-01T00:00:00+00:00, run_after=2023-09-01T00:00:00+00:00
[2023-09-25T11:24:40.985+0000] {processor.py:179} INFO - Processing /opt/airflow/dags/5.3-orchestration.py took 0.121 seconds
[2023-09-25T11:25:11.237+0000] {processor.py:157} INFO - Started process (PID=535) to work on /opt/airflow/dags/5.3-orchestration.py
[2023-09-25T11:25:11.238+0000] {processor.py:829} INFO - Processing file /opt/airflow/dags/5.3-orchestration.py for tasks to queue
[2023-09-25T11:25:11.239+0000] {logging_mixin.py:151} INFO - [2023-09-25T11:25:11.239+0000] {dagbag.py:539} INFO - Filling up the DagBag from /opt/airflow/dags/5.3-orchestration.py
[2023-09-25T11:25:11.285+0000] {processor.py:839} INFO - DAG(s) dict_keys(['5.3-orchestration']) retrieved from /opt/airflow/dags/5.3-orchestration.py
[2023-09-25T11:25:11.306+0000] {logging_mixin.py:151} INFO - [2023-09-25T11:25:11.306+0000] {dag.py:2915} INFO - Sync 1 DAGs
[2023-09-25T11:25:11.328+0000] {logging_mixin.py:151} INFO - [2023-09-25T11:25:11.327+0000] {dag.py:3696} INFO - Setting next_dagrun for 5.3-orchestration to 2023-08-01T00:00:00+00:00, run_after=2023-09-01T00:00:00+00:00
[2023-09-25T11:25:11.355+0000] {processor.py:179} INFO - Processing /opt/airflow/dags/5.3-orchestration.py took 0.122 seconds
