[2023-09-25T07:34:29.266+0000] {processor.py:157} INFO - Started process (PID=45) to work on /opt/airflow/dags/6.1-monitoring.py
[2023-09-25T07:34:29.268+0000] {processor.py:829} INFO - Processing file /opt/airflow/dags/6.1-monitoring.py for tasks to queue
[2023-09-25T07:34:29.279+0000] {logging_mixin.py:151} INFO - [2023-09-25T07:34:29.271+0000] {dagbag.py:539} INFO - Filling up the DagBag from /opt/airflow/dags/6.1-monitoring.py
[2023-09-25T07:34:29.863+0000] {processor.py:839} INFO - DAG(s) dict_keys(['6.1-monitoring']) retrieved from /opt/airflow/dags/6.1-monitoring.py
[2023-09-25T07:34:31.722+0000] {logging_mixin.py:151} INFO - [2023-09-25T07:34:31.711+0000] {dag.py:2915} INFO - Sync 1 DAGs
[2023-09-25T07:34:31.799+0000] {logging_mixin.py:151} INFO - [2023-09-25T07:34:31.796+0000] {dag.py:3696} INFO - Setting next_dagrun for 6.1-monitoring to 2023-09-01T00:00:00+00:00, run_after=2023-09-02T00:00:00+00:00
[2023-09-25T07:34:31.834+0000] {processor.py:179} INFO - Processing /opt/airflow/dags/6.1-monitoring.py took 2.619 seconds
[2023-09-25T07:40:09.730+0000] {processor.py:157} INFO - Started process (PID=40) to work on /opt/airflow/dags/6.1-monitoring.py
[2023-09-25T07:40:09.742+0000] {processor.py:829} INFO - Processing file /opt/airflow/dags/6.1-monitoring.py for tasks to queue
[2023-09-25T07:40:09.744+0000] {logging_mixin.py:151} INFO - [2023-09-25T07:40:09.744+0000] {dagbag.py:539} INFO - Filling up the DagBag from /opt/airflow/dags/6.1-monitoring.py
[2023-09-25T07:40:09.821+0000] {processor.py:839} INFO - DAG(s) dict_keys(['6.1-monitoring']) retrieved from /opt/airflow/dags/6.1-monitoring.py
[2023-09-25T07:40:10.271+0000] {logging_mixin.py:151} INFO - [2023-09-25T07:40:10.270+0000] {security.py:708} INFO - Not syncing DAG-level permissions for DAG 'DAG:6.1-monitoring' as access control is unset.
[2023-09-25T07:40:10.273+0000] {logging_mixin.py:151} INFO - [2023-09-25T07:40:10.272+0000] {dag.py:2915} INFO - Sync 1 DAGs
[2023-09-25T07:40:10.312+0000] {logging_mixin.py:151} INFO - [2023-09-25T07:40:10.312+0000] {dag.py:3696} INFO - Setting next_dagrun for 6.1-monitoring to 2023-09-01T00:00:00+00:00, run_after=2023-09-02T00:00:00+00:00
[2023-09-25T07:40:10.394+0000] {processor.py:179} INFO - Processing /opt/airflow/dags/6.1-monitoring.py took 0.670 seconds
[2023-09-25T07:40:41.108+0000] {processor.py:157} INFO - Started process (PID=62) to work on /opt/airflow/dags/6.1-monitoring.py
[2023-09-25T07:40:41.114+0000] {processor.py:829} INFO - Processing file /opt/airflow/dags/6.1-monitoring.py for tasks to queue
[2023-09-25T07:40:41.117+0000] {logging_mixin.py:151} INFO - [2023-09-25T07:40:41.117+0000] {dagbag.py:539} INFO - Filling up the DagBag from /opt/airflow/dags/6.1-monitoring.py
[2023-09-25T07:40:41.216+0000] {processor.py:839} INFO - DAG(s) dict_keys(['6.1-monitoring']) retrieved from /opt/airflow/dags/6.1-monitoring.py
[2023-09-25T07:40:41.297+0000] {logging_mixin.py:151} INFO - [2023-09-25T07:40:41.297+0000] {dag.py:2915} INFO - Sync 1 DAGs
[2023-09-25T07:40:41.408+0000] {logging_mixin.py:151} INFO - [2023-09-25T07:40:41.408+0000] {dag.py:3696} INFO - Setting next_dagrun for 6.1-monitoring to 2023-09-01T00:00:00+00:00, run_after=2023-09-02T00:00:00+00:00
[2023-09-25T07:40:41.484+0000] {processor.py:179} INFO - Processing /opt/airflow/dags/6.1-monitoring.py took 0.387 seconds
[2023-09-25T07:41:11.741+0000] {processor.py:157} INFO - Started process (PID=84) to work on /opt/airflow/dags/6.1-monitoring.py
[2023-09-25T07:41:11.742+0000] {processor.py:829} INFO - Processing file /opt/airflow/dags/6.1-monitoring.py for tasks to queue
[2023-09-25T07:41:11.744+0000] {logging_mixin.py:151} INFO - [2023-09-25T07:41:11.743+0000] {dagbag.py:539} INFO - Filling up the DagBag from /opt/airflow/dags/6.1-monitoring.py
[2023-09-25T07:41:11.791+0000] {processor.py:839} INFO - DAG(s) dict_keys(['6.1-monitoring']) retrieved from /opt/airflow/dags/6.1-monitoring.py
[2023-09-25T07:41:11.817+0000] {logging_mixin.py:151} INFO - [2023-09-25T07:41:11.817+0000] {dag.py:2915} INFO - Sync 1 DAGs
[2023-09-25T07:41:11.842+0000] {logging_mixin.py:151} INFO - [2023-09-25T07:41:11.842+0000] {dag.py:3696} INFO - Setting next_dagrun for 6.1-monitoring to 2023-09-01T00:00:00+00:00, run_after=2023-09-02T00:00:00+00:00
[2023-09-25T07:41:11.868+0000] {processor.py:179} INFO - Processing /opt/airflow/dags/6.1-monitoring.py took 0.131 seconds
[2023-09-25T07:41:42.224+0000] {processor.py:157} INFO - Started process (PID=106) to work on /opt/airflow/dags/6.1-monitoring.py
[2023-09-25T07:41:42.225+0000] {processor.py:829} INFO - Processing file /opt/airflow/dags/6.1-monitoring.py for tasks to queue
[2023-09-25T07:41:42.228+0000] {logging_mixin.py:151} INFO - [2023-09-25T07:41:42.227+0000] {dagbag.py:539} INFO - Filling up the DagBag from /opt/airflow/dags/6.1-monitoring.py
[2023-09-25T07:41:42.276+0000] {processor.py:839} INFO - DAG(s) dict_keys(['6.1-monitoring']) retrieved from /opt/airflow/dags/6.1-monitoring.py
[2023-09-25T07:41:42.302+0000] {logging_mixin.py:151} INFO - [2023-09-25T07:41:42.302+0000] {dag.py:2915} INFO - Sync 1 DAGs
[2023-09-25T07:41:42.333+0000] {logging_mixin.py:151} INFO - [2023-09-25T07:41:42.333+0000] {dag.py:3696} INFO - Setting next_dagrun for 6.1-monitoring to 2023-09-01T00:00:00+00:00, run_after=2023-09-02T00:00:00+00:00
[2023-09-25T07:41:42.367+0000] {processor.py:179} INFO - Processing /opt/airflow/dags/6.1-monitoring.py took 0.152 seconds
[2023-09-25T07:42:12.907+0000] {processor.py:157} INFO - Started process (PID=128) to work on /opt/airflow/dags/6.1-monitoring.py
[2023-09-25T07:42:12.908+0000] {processor.py:829} INFO - Processing file /opt/airflow/dags/6.1-monitoring.py for tasks to queue
[2023-09-25T07:42:12.910+0000] {logging_mixin.py:151} INFO - [2023-09-25T07:42:12.910+0000] {dagbag.py:539} INFO - Filling up the DagBag from /opt/airflow/dags/6.1-monitoring.py
[2023-09-25T07:42:12.955+0000] {processor.py:839} INFO - DAG(s) dict_keys(['6.1-monitoring']) retrieved from /opt/airflow/dags/6.1-monitoring.py
[2023-09-25T07:42:12.978+0000] {logging_mixin.py:151} INFO - [2023-09-25T07:42:12.978+0000] {dag.py:2915} INFO - Sync 1 DAGs
[2023-09-25T07:42:13.002+0000] {logging_mixin.py:151} INFO - [2023-09-25T07:42:13.002+0000] {dag.py:3696} INFO - Setting next_dagrun for 6.1-monitoring to 2023-09-01T00:00:00+00:00, run_after=2023-09-02T00:00:00+00:00
[2023-09-25T07:42:13.026+0000] {processor.py:179} INFO - Processing /opt/airflow/dags/6.1-monitoring.py took 0.123 seconds
[2023-09-25T07:42:43.456+0000] {processor.py:157} INFO - Started process (PID=151) to work on /opt/airflow/dags/6.1-monitoring.py
[2023-09-25T07:42:43.458+0000] {processor.py:829} INFO - Processing file /opt/airflow/dags/6.1-monitoring.py for tasks to queue
[2023-09-25T07:42:43.461+0000] {logging_mixin.py:151} INFO - [2023-09-25T07:42:43.460+0000] {dagbag.py:539} INFO - Filling up the DagBag from /opt/airflow/dags/6.1-monitoring.py
[2023-09-25T07:42:43.524+0000] {processor.py:839} INFO - DAG(s) dict_keys(['6.1-monitoring']) retrieved from /opt/airflow/dags/6.1-monitoring.py
[2023-09-25T07:42:43.553+0000] {logging_mixin.py:151} INFO - [2023-09-25T07:42:43.553+0000] {dag.py:2915} INFO - Sync 1 DAGs
[2023-09-25T07:42:43.584+0000] {logging_mixin.py:151} INFO - [2023-09-25T07:42:43.584+0000] {dag.py:3696} INFO - Setting next_dagrun for 6.1-monitoring to 2023-09-01T00:00:00+00:00, run_after=2023-09-02T00:00:00+00:00
[2023-09-25T07:42:43.613+0000] {processor.py:179} INFO - Processing /opt/airflow/dags/6.1-monitoring.py took 0.166 seconds
[2023-09-25T07:43:14.289+0000] {processor.py:157} INFO - Started process (PID=173) to work on /opt/airflow/dags/6.1-monitoring.py
[2023-09-25T07:43:14.290+0000] {processor.py:829} INFO - Processing file /opt/airflow/dags/6.1-monitoring.py for tasks to queue
[2023-09-25T07:43:14.292+0000] {logging_mixin.py:151} INFO - [2023-09-25T07:43:14.292+0000] {dagbag.py:539} INFO - Filling up the DagBag from /opt/airflow/dags/6.1-monitoring.py
[2023-09-25T07:43:14.345+0000] {processor.py:839} INFO - DAG(s) dict_keys(['6.1-monitoring']) retrieved from /opt/airflow/dags/6.1-monitoring.py
[2023-09-25T07:43:14.375+0000] {logging_mixin.py:151} INFO - [2023-09-25T07:43:14.375+0000] {dag.py:2915} INFO - Sync 1 DAGs
[2023-09-25T07:43:14.403+0000] {logging_mixin.py:151} INFO - [2023-09-25T07:43:14.403+0000] {dag.py:3696} INFO - Setting next_dagrun for 6.1-monitoring to 2023-09-01T00:00:00+00:00, run_after=2023-09-02T00:00:00+00:00
[2023-09-25T07:43:14.429+0000] {processor.py:179} INFO - Processing /opt/airflow/dags/6.1-monitoring.py took 0.144 seconds
[2023-09-25T07:43:45.154+0000] {processor.py:157} INFO - Started process (PID=195) to work on /opt/airflow/dags/6.1-monitoring.py
[2023-09-25T07:43:45.158+0000] {processor.py:829} INFO - Processing file /opt/airflow/dags/6.1-monitoring.py for tasks to queue
[2023-09-25T07:43:45.162+0000] {logging_mixin.py:151} INFO - [2023-09-25T07:43:45.162+0000] {dagbag.py:539} INFO - Filling up the DagBag from /opt/airflow/dags/6.1-monitoring.py
[2023-09-25T07:43:45.253+0000] {processor.py:839} INFO - DAG(s) dict_keys(['6.1-monitoring']) retrieved from /opt/airflow/dags/6.1-monitoring.py
[2023-09-25T07:43:45.296+0000] {logging_mixin.py:151} INFO - [2023-09-25T07:43:45.295+0000] {dag.py:2915} INFO - Sync 1 DAGs
[2023-09-25T07:43:45.389+0000] {logging_mixin.py:151} INFO - [2023-09-25T07:43:45.389+0000] {dag.py:3696} INFO - Setting next_dagrun for 6.1-monitoring to 2023-09-01T00:00:00+00:00, run_after=2023-09-02T00:00:00+00:00
[2023-09-25T07:43:45.462+0000] {processor.py:179} INFO - Processing /opt/airflow/dags/6.1-monitoring.py took 0.322 seconds
[2023-09-25T07:44:15.688+0000] {processor.py:157} INFO - Started process (PID=217) to work on /opt/airflow/dags/6.1-monitoring.py
[2023-09-25T07:44:15.690+0000] {processor.py:829} INFO - Processing file /opt/airflow/dags/6.1-monitoring.py for tasks to queue
[2023-09-25T07:44:15.692+0000] {logging_mixin.py:151} INFO - [2023-09-25T07:44:15.692+0000] {dagbag.py:539} INFO - Filling up the DagBag from /opt/airflow/dags/6.1-monitoring.py
[2023-09-25T07:44:15.743+0000] {processor.py:839} INFO - DAG(s) dict_keys(['6.1-monitoring']) retrieved from /opt/airflow/dags/6.1-monitoring.py
[2023-09-25T07:44:15.770+0000] {logging_mixin.py:151} INFO - [2023-09-25T07:44:15.769+0000] {dag.py:2915} INFO - Sync 1 DAGs
[2023-09-25T07:44:15.796+0000] {logging_mixin.py:151} INFO - [2023-09-25T07:44:15.796+0000] {dag.py:3696} INFO - Setting next_dagrun for 6.1-monitoring to 2023-09-01T00:00:00+00:00, run_after=2023-09-02T00:00:00+00:00
[2023-09-25T07:44:15.820+0000] {processor.py:179} INFO - Processing /opt/airflow/dags/6.1-monitoring.py took 0.139 seconds
[2023-09-25T07:44:54.058+0000] {processor.py:157} INFO - Started process (PID=246) to work on /opt/airflow/dags/6.1-monitoring.py
[2023-09-25T07:44:54.063+0000] {processor.py:829} INFO - Processing file /opt/airflow/dags/6.1-monitoring.py for tasks to queue
[2023-09-25T07:44:54.065+0000] {logging_mixin.py:151} INFO - [2023-09-25T07:44:54.064+0000] {dagbag.py:539} INFO - Filling up the DagBag from /opt/airflow/dags/6.1-monitoring.py
[2023-09-25T07:44:54.198+0000] {processor.py:839} INFO - DAG(s) dict_keys(['6.1-monitoring']) retrieved from /opt/airflow/dags/6.1-monitoring.py
[2023-09-25T07:44:54.278+0000] {logging_mixin.py:151} INFO - [2023-09-25T07:44:54.278+0000] {dag.py:2915} INFO - Sync 1 DAGs
[2023-09-25T07:44:54.340+0000] {logging_mixin.py:151} INFO - [2023-09-25T07:44:54.340+0000] {dag.py:3696} INFO - Setting next_dagrun for 6.1-monitoring to 2023-09-01T00:00:00+00:00, run_after=2023-09-02T00:00:00+00:00
[2023-09-25T07:44:54.431+0000] {processor.py:179} INFO - Processing /opt/airflow/dags/6.1-monitoring.py took 0.389 seconds
[2023-09-25T07:45:25.422+0000] {processor.py:157} INFO - Started process (PID=268) to work on /opt/airflow/dags/6.1-monitoring.py
[2023-09-25T07:45:25.424+0000] {processor.py:829} INFO - Processing file /opt/airflow/dags/6.1-monitoring.py for tasks to queue
[2023-09-25T07:45:25.426+0000] {logging_mixin.py:151} INFO - [2023-09-25T07:45:25.426+0000] {dagbag.py:539} INFO - Filling up the DagBag from /opt/airflow/dags/6.1-monitoring.py
[2023-09-25T07:45:25.509+0000] {processor.py:839} INFO - DAG(s) dict_keys(['6.1-monitoring']) retrieved from /opt/airflow/dags/6.1-monitoring.py
[2023-09-25T07:45:25.548+0000] {logging_mixin.py:151} INFO - [2023-09-25T07:45:25.547+0000] {dag.py:2915} INFO - Sync 1 DAGs
[2023-09-25T07:45:25.606+0000] {logging_mixin.py:151} INFO - [2023-09-25T07:45:25.606+0000] {dag.py:3696} INFO - Setting next_dagrun for 6.1-monitoring to 2023-09-01T00:00:00+00:00, run_after=2023-09-02T00:00:00+00:00
[2023-09-25T07:45:25.656+0000] {processor.py:179} INFO - Processing /opt/airflow/dags/6.1-monitoring.py took 0.244 seconds
[2023-09-25T07:45:55.886+0000] {processor.py:157} INFO - Started process (PID=290) to work on /opt/airflow/dags/6.1-monitoring.py
[2023-09-25T07:45:55.887+0000] {processor.py:829} INFO - Processing file /opt/airflow/dags/6.1-monitoring.py for tasks to queue
[2023-09-25T07:45:55.889+0000] {logging_mixin.py:151} INFO - [2023-09-25T07:45:55.889+0000] {dagbag.py:539} INFO - Filling up the DagBag from /opt/airflow/dags/6.1-monitoring.py
[2023-09-25T07:45:55.940+0000] {processor.py:839} INFO - DAG(s) dict_keys(['6.1-monitoring']) retrieved from /opt/airflow/dags/6.1-monitoring.py
[2023-09-25T07:45:55.970+0000] {logging_mixin.py:151} INFO - [2023-09-25T07:45:55.969+0000] {dag.py:2915} INFO - Sync 1 DAGs
[2023-09-25T07:45:56.004+0000] {logging_mixin.py:151} INFO - [2023-09-25T07:45:56.003+0000] {dag.py:3696} INFO - Setting next_dagrun for 6.1-monitoring to 2023-09-01T00:00:00+00:00, run_after=2023-09-02T00:00:00+00:00
[2023-09-25T07:45:56.034+0000] {processor.py:179} INFO - Processing /opt/airflow/dags/6.1-monitoring.py took 0.153 seconds
[2023-09-25T07:46:26.309+0000] {processor.py:157} INFO - Started process (PID=312) to work on /opt/airflow/dags/6.1-monitoring.py
[2023-09-25T07:46:26.311+0000] {processor.py:829} INFO - Processing file /opt/airflow/dags/6.1-monitoring.py for tasks to queue
[2023-09-25T07:46:26.314+0000] {logging_mixin.py:151} INFO - [2023-09-25T07:46:26.313+0000] {dagbag.py:539} INFO - Filling up the DagBag from /opt/airflow/dags/6.1-monitoring.py
[2023-09-25T07:46:26.399+0000] {processor.py:839} INFO - DAG(s) dict_keys(['6.1-monitoring']) retrieved from /opt/airflow/dags/6.1-monitoring.py
[2023-09-25T07:46:26.452+0000] {logging_mixin.py:151} INFO - [2023-09-25T07:46:26.451+0000] {dag.py:2915} INFO - Sync 1 DAGs
[2023-09-25T07:46:26.487+0000] {logging_mixin.py:151} INFO - [2023-09-25T07:46:26.487+0000] {dag.py:3696} INFO - Setting next_dagrun for 6.1-monitoring to 2023-09-01T00:00:00+00:00, run_after=2023-09-02T00:00:00+00:00
[2023-09-25T07:46:26.531+0000] {processor.py:179} INFO - Processing /opt/airflow/dags/6.1-monitoring.py took 0.230 seconds
[2023-09-25T07:46:56.837+0000] {processor.py:157} INFO - Started process (PID=334) to work on /opt/airflow/dags/6.1-monitoring.py
[2023-09-25T07:46:56.839+0000] {processor.py:829} INFO - Processing file /opt/airflow/dags/6.1-monitoring.py for tasks to queue
[2023-09-25T07:46:56.841+0000] {logging_mixin.py:151} INFO - [2023-09-25T07:46:56.840+0000] {dagbag.py:539} INFO - Filling up the DagBag from /opt/airflow/dags/6.1-monitoring.py
[2023-09-25T07:46:56.893+0000] {processor.py:839} INFO - DAG(s) dict_keys(['6.1-monitoring']) retrieved from /opt/airflow/dags/6.1-monitoring.py
[2023-09-25T07:46:56.918+0000] {logging_mixin.py:151} INFO - [2023-09-25T07:46:56.918+0000] {dag.py:2915} INFO - Sync 1 DAGs
[2023-09-25T07:46:56.943+0000] {logging_mixin.py:151} INFO - [2023-09-25T07:46:56.943+0000] {dag.py:3696} INFO - Setting next_dagrun for 6.1-monitoring to 2023-09-01T00:00:00+00:00, run_after=2023-09-02T00:00:00+00:00
[2023-09-25T07:46:56.973+0000] {processor.py:179} INFO - Processing /opt/airflow/dags/6.1-monitoring.py took 0.141 seconds
[2023-09-25T07:47:27.477+0000] {processor.py:157} INFO - Started process (PID=356) to work on /opt/airflow/dags/6.1-monitoring.py
[2023-09-25T07:47:27.479+0000] {processor.py:829} INFO - Processing file /opt/airflow/dags/6.1-monitoring.py for tasks to queue
[2023-09-25T07:47:27.482+0000] {logging_mixin.py:151} INFO - [2023-09-25T07:47:27.481+0000] {dagbag.py:539} INFO - Filling up the DagBag from /opt/airflow/dags/6.1-monitoring.py
[2023-09-25T07:47:27.569+0000] {processor.py:839} INFO - DAG(s) dict_keys(['6.1-monitoring']) retrieved from /opt/airflow/dags/6.1-monitoring.py
[2023-09-25T07:47:27.599+0000] {logging_mixin.py:151} INFO - [2023-09-25T07:47:27.599+0000] {dag.py:2915} INFO - Sync 1 DAGs
[2023-09-25T07:47:27.626+0000] {logging_mixin.py:151} INFO - [2023-09-25T07:47:27.626+0000] {dag.py:3696} INFO - Setting next_dagrun for 6.1-monitoring to 2023-09-01T00:00:00+00:00, run_after=2023-09-02T00:00:00+00:00
[2023-09-25T07:47:27.661+0000] {processor.py:179} INFO - Processing /opt/airflow/dags/6.1-monitoring.py took 0.192 seconds
[2023-09-25T07:47:57.966+0000] {processor.py:157} INFO - Started process (PID=378) to work on /opt/airflow/dags/6.1-monitoring.py
[2023-09-25T07:47:57.968+0000] {processor.py:829} INFO - Processing file /opt/airflow/dags/6.1-monitoring.py for tasks to queue
[2023-09-25T07:47:57.970+0000] {logging_mixin.py:151} INFO - [2023-09-25T07:47:57.969+0000] {dagbag.py:539} INFO - Filling up the DagBag from /opt/airflow/dags/6.1-monitoring.py
[2023-09-25T07:47:58.016+0000] {processor.py:839} INFO - DAG(s) dict_keys(['6.1-monitoring']) retrieved from /opt/airflow/dags/6.1-monitoring.py
[2023-09-25T07:47:58.052+0000] {logging_mixin.py:151} INFO - [2023-09-25T07:47:58.052+0000] {dag.py:2915} INFO - Sync 1 DAGs
[2023-09-25T07:47:58.093+0000] {logging_mixin.py:151} INFO - [2023-09-25T07:47:58.092+0000] {dag.py:3696} INFO - Setting next_dagrun for 6.1-monitoring to 2023-09-01T00:00:00+00:00, run_after=2023-09-02T00:00:00+00:00
[2023-09-25T07:47:58.124+0000] {processor.py:179} INFO - Processing /opt/airflow/dags/6.1-monitoring.py took 0.162 seconds
[2023-09-25T07:48:28.470+0000] {processor.py:157} INFO - Started process (PID=400) to work on /opt/airflow/dags/6.1-monitoring.py
[2023-09-25T07:48:28.473+0000] {processor.py:829} INFO - Processing file /opt/airflow/dags/6.1-monitoring.py for tasks to queue
[2023-09-25T07:48:28.475+0000] {logging_mixin.py:151} INFO - [2023-09-25T07:48:28.475+0000] {dagbag.py:539} INFO - Filling up the DagBag from /opt/airflow/dags/6.1-monitoring.py
[2023-09-25T07:48:28.552+0000] {processor.py:839} INFO - DAG(s) dict_keys(['6.1-monitoring']) retrieved from /opt/airflow/dags/6.1-monitoring.py
[2023-09-25T07:48:28.587+0000] {logging_mixin.py:151} INFO - [2023-09-25T07:48:28.587+0000] {dag.py:2915} INFO - Sync 1 DAGs
[2023-09-25T07:48:28.612+0000] {logging_mixin.py:151} INFO - [2023-09-25T07:48:28.612+0000] {dag.py:3696} INFO - Setting next_dagrun for 6.1-monitoring to 2023-09-01T00:00:00+00:00, run_after=2023-09-02T00:00:00+00:00
[2023-09-25T07:48:28.661+0000] {processor.py:179} INFO - Processing /opt/airflow/dags/6.1-monitoring.py took 0.198 seconds
[2023-09-25T07:48:59.757+0000] {processor.py:157} INFO - Started process (PID=422) to work on /opt/airflow/dags/6.1-monitoring.py
[2023-09-25T07:48:59.759+0000] {processor.py:829} INFO - Processing file /opt/airflow/dags/6.1-monitoring.py for tasks to queue
[2023-09-25T07:48:59.760+0000] {logging_mixin.py:151} INFO - [2023-09-25T07:48:59.760+0000] {dagbag.py:539} INFO - Filling up the DagBag from /opt/airflow/dags/6.1-monitoring.py
[2023-09-25T07:48:59.808+0000] {processor.py:839} INFO - DAG(s) dict_keys(['6.1-monitoring']) retrieved from /opt/airflow/dags/6.1-monitoring.py
[2023-09-25T07:48:59.833+0000] {logging_mixin.py:151} INFO - [2023-09-25T07:48:59.833+0000] {dag.py:2915} INFO - Sync 1 DAGs
[2023-09-25T07:48:59.856+0000] {logging_mixin.py:151} INFO - [2023-09-25T07:48:59.856+0000] {dag.py:3696} INFO - Setting next_dagrun for 6.1-monitoring to 2023-09-01T00:00:00+00:00, run_after=2023-09-02T00:00:00+00:00
[2023-09-25T07:48:59.886+0000] {processor.py:179} INFO - Processing /opt/airflow/dags/6.1-monitoring.py took 0.132 seconds
[2023-09-25T07:49:30.866+0000] {processor.py:157} INFO - Started process (PID=444) to work on /opt/airflow/dags/6.1-monitoring.py
[2023-09-25T07:49:30.867+0000] {processor.py:829} INFO - Processing file /opt/airflow/dags/6.1-monitoring.py for tasks to queue
[2023-09-25T07:49:30.869+0000] {logging_mixin.py:151} INFO - [2023-09-25T07:49:30.869+0000] {dagbag.py:539} INFO - Filling up the DagBag from /opt/airflow/dags/6.1-monitoring.py
[2023-09-25T07:49:30.956+0000] {processor.py:839} INFO - DAG(s) dict_keys(['6.1-monitoring']) retrieved from /opt/airflow/dags/6.1-monitoring.py
[2023-09-25T07:49:30.981+0000] {logging_mixin.py:151} INFO - [2023-09-25T07:49:30.981+0000] {dag.py:2915} INFO - Sync 1 DAGs
[2023-09-25T07:49:31.005+0000] {logging_mixin.py:151} INFO - [2023-09-25T07:49:31.004+0000] {dag.py:3696} INFO - Setting next_dagrun for 6.1-monitoring to 2023-09-01T00:00:00+00:00, run_after=2023-09-02T00:00:00+00:00
[2023-09-25T07:49:31.032+0000] {processor.py:179} INFO - Processing /opt/airflow/dags/6.1-monitoring.py took 0.172 seconds
[2023-09-25T07:50:01.796+0000] {processor.py:157} INFO - Started process (PID=466) to work on /opt/airflow/dags/6.1-monitoring.py
[2023-09-25T07:50:01.798+0000] {processor.py:829} INFO - Processing file /opt/airflow/dags/6.1-monitoring.py for tasks to queue
[2023-09-25T07:50:01.804+0000] {logging_mixin.py:151} INFO - [2023-09-25T07:50:01.803+0000] {dagbag.py:539} INFO - Filling up the DagBag from /opt/airflow/dags/6.1-monitoring.py
[2023-09-25T07:50:01.912+0000] {processor.py:839} INFO - DAG(s) dict_keys(['6.1-monitoring']) retrieved from /opt/airflow/dags/6.1-monitoring.py
[2023-09-25T07:50:01.985+0000] {logging_mixin.py:151} INFO - [2023-09-25T07:50:01.984+0000] {dag.py:2915} INFO - Sync 1 DAGs
[2023-09-25T07:50:02.041+0000] {logging_mixin.py:151} INFO - [2023-09-25T07:50:02.040+0000] {dag.py:3696} INFO - Setting next_dagrun for 6.1-monitoring to 2023-09-01T00:00:00+00:00, run_after=2023-09-02T00:00:00+00:00
[2023-09-25T07:50:02.080+0000] {processor.py:179} INFO - Processing /opt/airflow/dags/6.1-monitoring.py took 0.294 seconds
[2023-09-25T07:50:32.436+0000] {processor.py:157} INFO - Started process (PID=489) to work on /opt/airflow/dags/6.1-monitoring.py
[2023-09-25T07:50:32.438+0000] {processor.py:829} INFO - Processing file /opt/airflow/dags/6.1-monitoring.py for tasks to queue
[2023-09-25T07:50:32.439+0000] {logging_mixin.py:151} INFO - [2023-09-25T07:50:32.439+0000] {dagbag.py:539} INFO - Filling up the DagBag from /opt/airflow/dags/6.1-monitoring.py
[2023-09-25T07:50:32.491+0000] {processor.py:839} INFO - DAG(s) dict_keys(['6.1-monitoring']) retrieved from /opt/airflow/dags/6.1-monitoring.py
[2023-09-25T07:50:32.515+0000] {logging_mixin.py:151} INFO - [2023-09-25T07:50:32.515+0000] {dag.py:2915} INFO - Sync 1 DAGs
[2023-09-25T07:50:32.538+0000] {logging_mixin.py:151} INFO - [2023-09-25T07:50:32.538+0000] {dag.py:3696} INFO - Setting next_dagrun for 6.1-monitoring to 2023-09-01T00:00:00+00:00, run_after=2023-09-02T00:00:00+00:00
[2023-09-25T07:50:32.569+0000] {processor.py:179} INFO - Processing /opt/airflow/dags/6.1-monitoring.py took 0.136 seconds
[2023-09-25T07:51:03.121+0000] {processor.py:157} INFO - Started process (PID=511) to work on /opt/airflow/dags/6.1-monitoring.py
[2023-09-25T07:51:03.123+0000] {processor.py:829} INFO - Processing file /opt/airflow/dags/6.1-monitoring.py for tasks to queue
[2023-09-25T07:51:03.127+0000] {logging_mixin.py:151} INFO - [2023-09-25T07:51:03.126+0000] {dagbag.py:539} INFO - Filling up the DagBag from /opt/airflow/dags/6.1-monitoring.py
[2023-09-25T07:51:03.225+0000] {processor.py:839} INFO - DAG(s) dict_keys(['6.1-monitoring']) retrieved from /opt/airflow/dags/6.1-monitoring.py
[2023-09-25T07:51:03.287+0000] {logging_mixin.py:151} INFO - [2023-09-25T07:51:03.287+0000] {dag.py:2915} INFO - Sync 1 DAGs
[2023-09-25T07:51:03.347+0000] {logging_mixin.py:151} INFO - [2023-09-25T07:51:03.347+0000] {dag.py:3696} INFO - Setting next_dagrun for 6.1-monitoring to 2023-09-01T00:00:00+00:00, run_after=2023-09-02T00:00:00+00:00
[2023-09-25T07:51:03.402+0000] {processor.py:179} INFO - Processing /opt/airflow/dags/6.1-monitoring.py took 0.290 seconds
[2023-09-25T07:51:33.722+0000] {processor.py:157} INFO - Started process (PID=534) to work on /opt/airflow/dags/6.1-monitoring.py
[2023-09-25T07:51:33.723+0000] {processor.py:829} INFO - Processing file /opt/airflow/dags/6.1-monitoring.py for tasks to queue
[2023-09-25T07:51:33.725+0000] {logging_mixin.py:151} INFO - [2023-09-25T07:51:33.725+0000] {dagbag.py:539} INFO - Filling up the DagBag from /opt/airflow/dags/6.1-monitoring.py
[2023-09-25T07:51:33.774+0000] {processor.py:839} INFO - DAG(s) dict_keys(['6.1-monitoring']) retrieved from /opt/airflow/dags/6.1-monitoring.py
[2023-09-25T07:51:33.802+0000] {logging_mixin.py:151} INFO - [2023-09-25T07:51:33.802+0000] {dag.py:2915} INFO - Sync 1 DAGs
[2023-09-25T07:51:33.826+0000] {logging_mixin.py:151} INFO - [2023-09-25T07:51:33.826+0000] {dag.py:3696} INFO - Setting next_dagrun for 6.1-monitoring to 2023-09-01T00:00:00+00:00, run_after=2023-09-02T00:00:00+00:00
[2023-09-25T07:51:33.857+0000] {processor.py:179} INFO - Processing /opt/airflow/dags/6.1-monitoring.py took 0.139 seconds
[2023-09-25T07:52:04.249+0000] {processor.py:157} INFO - Started process (PID=556) to work on /opt/airflow/dags/6.1-monitoring.py
[2023-09-25T07:52:04.251+0000] {processor.py:829} INFO - Processing file /opt/airflow/dags/6.1-monitoring.py for tasks to queue
[2023-09-25T07:52:04.254+0000] {logging_mixin.py:151} INFO - [2023-09-25T07:52:04.253+0000] {dagbag.py:539} INFO - Filling up the DagBag from /opt/airflow/dags/6.1-monitoring.py
[2023-09-25T07:52:04.308+0000] {processor.py:839} INFO - DAG(s) dict_keys(['6.1-monitoring']) retrieved from /opt/airflow/dags/6.1-monitoring.py
[2023-09-25T07:52:04.337+0000] {logging_mixin.py:151} INFO - [2023-09-25T07:52:04.337+0000] {dag.py:2915} INFO - Sync 1 DAGs
[2023-09-25T07:52:04.363+0000] {logging_mixin.py:151} INFO - [2023-09-25T07:52:04.362+0000] {dag.py:3696} INFO - Setting next_dagrun for 6.1-monitoring to 2023-09-01T00:00:00+00:00, run_after=2023-09-02T00:00:00+00:00
[2023-09-25T07:52:04.392+0000] {processor.py:179} INFO - Processing /opt/airflow/dags/6.1-monitoring.py took 0.150 seconds
[2023-09-25T07:52:34.609+0000] {processor.py:157} INFO - Started process (PID=578) to work on /opt/airflow/dags/6.1-monitoring.py
[2023-09-25T07:52:34.612+0000] {processor.py:829} INFO - Processing file /opt/airflow/dags/6.1-monitoring.py for tasks to queue
[2023-09-25T07:52:34.615+0000] {logging_mixin.py:151} INFO - [2023-09-25T07:52:34.615+0000] {dagbag.py:539} INFO - Filling up the DagBag from /opt/airflow/dags/6.1-monitoring.py
[2023-09-25T07:52:34.713+0000] {processor.py:839} INFO - DAG(s) dict_keys(['6.1-monitoring']) retrieved from /opt/airflow/dags/6.1-monitoring.py
[2023-09-25T07:52:34.774+0000] {logging_mixin.py:151} INFO - [2023-09-25T07:52:34.774+0000] {dag.py:2915} INFO - Sync 1 DAGs
[2023-09-25T07:52:34.828+0000] {logging_mixin.py:151} INFO - [2023-09-25T07:52:34.828+0000] {dag.py:3696} INFO - Setting next_dagrun for 6.1-monitoring to 2023-09-01T00:00:00+00:00, run_after=2023-09-02T00:00:00+00:00
[2023-09-25T07:52:34.874+0000] {processor.py:179} INFO - Processing /opt/airflow/dags/6.1-monitoring.py took 0.274 seconds
[2023-09-25T11:14:25.405+0000] {processor.py:157} INFO - Started process (PID=41) to work on /opt/airflow/dags/6.1-monitoring.py
[2023-09-25T11:14:25.419+0000] {processor.py:829} INFO - Processing file /opt/airflow/dags/6.1-monitoring.py for tasks to queue
[2023-09-25T11:14:25.421+0000] {logging_mixin.py:151} INFO - [2023-09-25T11:14:25.421+0000] {dagbag.py:539} INFO - Filling up the DagBag from /opt/airflow/dags/6.1-monitoring.py
[2023-09-25T11:14:25.474+0000] {processor.py:839} INFO - DAG(s) dict_keys(['6.1-monitoring']) retrieved from /opt/airflow/dags/6.1-monitoring.py
[2023-09-25T11:14:25.831+0000] {logging_mixin.py:151} INFO - [2023-09-25T11:14:25.829+0000] {security.py:708} INFO - Not syncing DAG-level permissions for DAG 'DAG:6.1-monitoring' as access control is unset.
[2023-09-25T11:14:25.863+0000] {logging_mixin.py:151} INFO - [2023-09-25T11:14:25.863+0000] {dag.py:2915} INFO - Sync 1 DAGs
[2023-09-25T11:14:25.895+0000] {logging_mixin.py:151} INFO - [2023-09-25T11:14:25.894+0000] {dag.py:3696} INFO - Setting next_dagrun for 6.1-monitoring to 2023-09-01T00:00:00+00:00, run_after=2023-09-02T00:00:00+00:00
[2023-09-25T11:14:25.930+0000] {processor.py:179} INFO - Processing /opt/airflow/dags/6.1-monitoring.py took 0.529 seconds
[2023-09-25T11:14:56.730+0000] {processor.py:157} INFO - Started process (PID=64) to work on /opt/airflow/dags/6.1-monitoring.py
[2023-09-25T11:14:56.741+0000] {processor.py:829} INFO - Processing file /opt/airflow/dags/6.1-monitoring.py for tasks to queue
[2023-09-25T11:14:56.743+0000] {logging_mixin.py:151} INFO - [2023-09-25T11:14:56.742+0000] {dagbag.py:539} INFO - Filling up the DagBag from /opt/airflow/dags/6.1-monitoring.py
[2023-09-25T11:14:56.793+0000] {processor.py:839} INFO - DAG(s) dict_keys(['6.1-monitoring']) retrieved from /opt/airflow/dags/6.1-monitoring.py
[2023-09-25T11:14:56.817+0000] {logging_mixin.py:151} INFO - [2023-09-25T11:14:56.816+0000] {dag.py:2915} INFO - Sync 1 DAGs
[2023-09-25T11:14:56.839+0000] {logging_mixin.py:151} INFO - [2023-09-25T11:14:56.839+0000] {dag.py:3696} INFO - Setting next_dagrun for 6.1-monitoring to 2023-09-01T00:00:00+00:00, run_after=2023-09-02T00:00:00+00:00
[2023-09-25T11:14:56.867+0000] {processor.py:179} INFO - Processing /opt/airflow/dags/6.1-monitoring.py took 0.140 seconds
[2023-09-25T11:15:27.127+0000] {processor.py:157} INFO - Started process (PID=87) to work on /opt/airflow/dags/6.1-monitoring.py
[2023-09-25T11:15:27.128+0000] {processor.py:829} INFO - Processing file /opt/airflow/dags/6.1-monitoring.py for tasks to queue
[2023-09-25T11:15:27.129+0000] {logging_mixin.py:151} INFO - [2023-09-25T11:15:27.129+0000] {dagbag.py:539} INFO - Filling up the DagBag from /opt/airflow/dags/6.1-monitoring.py
[2023-09-25T11:15:27.173+0000] {processor.py:839} INFO - DAG(s) dict_keys(['6.1-monitoring']) retrieved from /opt/airflow/dags/6.1-monitoring.py
[2023-09-25T11:15:27.196+0000] {logging_mixin.py:151} INFO - [2023-09-25T11:15:27.195+0000] {dag.py:2915} INFO - Sync 1 DAGs
[2023-09-25T11:15:27.217+0000] {logging_mixin.py:151} INFO - [2023-09-25T11:15:27.216+0000] {dag.py:3696} INFO - Setting next_dagrun for 6.1-monitoring to 2023-09-01T00:00:00+00:00, run_after=2023-09-02T00:00:00+00:00
[2023-09-25T11:15:27.246+0000] {processor.py:179} INFO - Processing /opt/airflow/dags/6.1-monitoring.py took 0.122 seconds
[2023-09-25T11:15:58.088+0000] {processor.py:157} INFO - Started process (PID=110) to work on /opt/airflow/dags/6.1-monitoring.py
[2023-09-25T11:15:58.089+0000] {processor.py:829} INFO - Processing file /opt/airflow/dags/6.1-monitoring.py for tasks to queue
[2023-09-25T11:15:58.090+0000] {logging_mixin.py:151} INFO - [2023-09-25T11:15:58.090+0000] {dagbag.py:539} INFO - Filling up the DagBag from /opt/airflow/dags/6.1-monitoring.py
[2023-09-25T11:15:58.136+0000] {processor.py:839} INFO - DAG(s) dict_keys(['6.1-monitoring']) retrieved from /opt/airflow/dags/6.1-monitoring.py
[2023-09-25T11:15:58.158+0000] {logging_mixin.py:151} INFO - [2023-09-25T11:15:58.158+0000] {dag.py:2915} INFO - Sync 1 DAGs
[2023-09-25T11:15:58.179+0000] {logging_mixin.py:151} INFO - [2023-09-25T11:15:58.179+0000] {dag.py:3696} INFO - Setting next_dagrun for 6.1-monitoring to 2023-09-01T00:00:00+00:00, run_after=2023-09-02T00:00:00+00:00
[2023-09-25T11:15:58.209+0000] {processor.py:179} INFO - Processing /opt/airflow/dags/6.1-monitoring.py took 0.124 seconds
[2023-09-25T11:16:29.072+0000] {processor.py:157} INFO - Started process (PID=133) to work on /opt/airflow/dags/6.1-monitoring.py
[2023-09-25T11:16:29.073+0000] {processor.py:829} INFO - Processing file /opt/airflow/dags/6.1-monitoring.py for tasks to queue
[2023-09-25T11:16:29.074+0000] {logging_mixin.py:151} INFO - [2023-09-25T11:16:29.074+0000] {dagbag.py:539} INFO - Filling up the DagBag from /opt/airflow/dags/6.1-monitoring.py
[2023-09-25T11:16:29.119+0000] {processor.py:839} INFO - DAG(s) dict_keys(['6.1-monitoring']) retrieved from /opt/airflow/dags/6.1-monitoring.py
[2023-09-25T11:16:29.143+0000] {logging_mixin.py:151} INFO - [2023-09-25T11:16:29.143+0000] {dag.py:2915} INFO - Sync 1 DAGs
[2023-09-25T11:16:29.166+0000] {logging_mixin.py:151} INFO - [2023-09-25T11:16:29.165+0000] {dag.py:3696} INFO - Setting next_dagrun for 6.1-monitoring to 2023-09-01T00:00:00+00:00, run_after=2023-09-02T00:00:00+00:00
[2023-09-25T11:16:29.192+0000] {processor.py:179} INFO - Processing /opt/airflow/dags/6.1-monitoring.py took 0.123 seconds
[2023-09-25T11:17:00.121+0000] {processor.py:157} INFO - Started process (PID=156) to work on /opt/airflow/dags/6.1-monitoring.py
[2023-09-25T11:17:00.122+0000] {processor.py:829} INFO - Processing file /opt/airflow/dags/6.1-monitoring.py for tasks to queue
[2023-09-25T11:17:00.124+0000] {logging_mixin.py:151} INFO - [2023-09-25T11:17:00.123+0000] {dagbag.py:539} INFO - Filling up the DagBag from /opt/airflow/dags/6.1-monitoring.py
[2023-09-25T11:17:00.170+0000] {processor.py:839} INFO - DAG(s) dict_keys(['6.1-monitoring']) retrieved from /opt/airflow/dags/6.1-monitoring.py
[2023-09-25T11:17:00.191+0000] {logging_mixin.py:151} INFO - [2023-09-25T11:17:00.191+0000] {dag.py:2915} INFO - Sync 1 DAGs
[2023-09-25T11:17:00.212+0000] {logging_mixin.py:151} INFO - [2023-09-25T11:17:00.212+0000] {dag.py:3696} INFO - Setting next_dagrun for 6.1-monitoring to 2023-09-01T00:00:00+00:00, run_after=2023-09-02T00:00:00+00:00
[2023-09-25T11:17:00.237+0000] {processor.py:179} INFO - Processing /opt/airflow/dags/6.1-monitoring.py took 0.119 seconds
[2023-09-25T11:17:31.151+0000] {processor.py:157} INFO - Started process (PID=179) to work on /opt/airflow/dags/6.1-monitoring.py
[2023-09-25T11:17:31.152+0000] {processor.py:829} INFO - Processing file /opt/airflow/dags/6.1-monitoring.py for tasks to queue
[2023-09-25T11:17:31.153+0000] {logging_mixin.py:151} INFO - [2023-09-25T11:17:31.153+0000] {dagbag.py:539} INFO - Filling up the DagBag from /opt/airflow/dags/6.1-monitoring.py
[2023-09-25T11:17:31.197+0000] {processor.py:839} INFO - DAG(s) dict_keys(['6.1-monitoring']) retrieved from /opt/airflow/dags/6.1-monitoring.py
[2023-09-25T11:17:31.219+0000] {logging_mixin.py:151} INFO - [2023-09-25T11:17:31.219+0000] {dag.py:2915} INFO - Sync 1 DAGs
[2023-09-25T11:17:31.241+0000] {logging_mixin.py:151} INFO - [2023-09-25T11:17:31.240+0000] {dag.py:3696} INFO - Setting next_dagrun for 6.1-monitoring to 2023-09-01T00:00:00+00:00, run_after=2023-09-02T00:00:00+00:00
[2023-09-25T11:17:31.263+0000] {processor.py:179} INFO - Processing /opt/airflow/dags/6.1-monitoring.py took 0.116 seconds
[2023-09-25T11:18:01.834+0000] {processor.py:157} INFO - Started process (PID=202) to work on /opt/airflow/dags/6.1-monitoring.py
[2023-09-25T11:18:01.835+0000] {processor.py:829} INFO - Processing file /opt/airflow/dags/6.1-monitoring.py for tasks to queue
[2023-09-25T11:18:01.836+0000] {logging_mixin.py:151} INFO - [2023-09-25T11:18:01.836+0000] {dagbag.py:539} INFO - Filling up the DagBag from /opt/airflow/dags/6.1-monitoring.py
[2023-09-25T11:18:01.922+0000] {processor.py:839} INFO - DAG(s) dict_keys(['6.1-monitoring']) retrieved from /opt/airflow/dags/6.1-monitoring.py
[2023-09-25T11:18:01.970+0000] {logging_mixin.py:151} INFO - [2023-09-25T11:18:01.970+0000] {dag.py:2915} INFO - Sync 1 DAGs
[2023-09-25T11:18:02.065+0000] {logging_mixin.py:151} INFO - [2023-09-25T11:18:02.065+0000] {dag.py:3696} INFO - Setting next_dagrun for 6.1-monitoring to 2023-09-01T00:00:00+00:00, run_after=2023-09-02T00:00:00+00:00
[2023-09-25T11:18:02.095+0000] {processor.py:179} INFO - Processing /opt/airflow/dags/6.1-monitoring.py took 0.272 seconds
[2023-09-25T11:18:32.548+0000] {processor.py:157} INFO - Started process (PID=235) to work on /opt/airflow/dags/6.1-monitoring.py
[2023-09-25T11:18:32.549+0000] {processor.py:829} INFO - Processing file /opt/airflow/dags/6.1-monitoring.py for tasks to queue
[2023-09-25T11:18:32.551+0000] {logging_mixin.py:151} INFO - [2023-09-25T11:18:32.550+0000] {dagbag.py:539} INFO - Filling up the DagBag from /opt/airflow/dags/6.1-monitoring.py
[2023-09-25T11:18:32.597+0000] {processor.py:839} INFO - DAG(s) dict_keys(['6.1-monitoring']) retrieved from /opt/airflow/dags/6.1-monitoring.py
[2023-09-25T11:18:32.622+0000] {logging_mixin.py:151} INFO - [2023-09-25T11:18:32.621+0000] {dag.py:2915} INFO - Sync 1 DAGs
[2023-09-25T11:18:32.646+0000] {logging_mixin.py:151} INFO - [2023-09-25T11:18:32.646+0000] {dag.py:3696} INFO - Setting next_dagrun for 6.1-monitoring to 2023-09-01T00:00:00+00:00, run_after=2023-09-02T00:00:00+00:00
[2023-09-25T11:18:32.670+0000] {processor.py:179} INFO - Processing /opt/airflow/dags/6.1-monitoring.py took 0.125 seconds
[2023-09-25T11:19:03.617+0000] {processor.py:157} INFO - Started process (PID=258) to work on /opt/airflow/dags/6.1-monitoring.py
[2023-09-25T11:19:03.618+0000] {processor.py:829} INFO - Processing file /opt/airflow/dags/6.1-monitoring.py for tasks to queue
[2023-09-25T11:19:03.620+0000] {logging_mixin.py:151} INFO - [2023-09-25T11:19:03.619+0000] {dagbag.py:539} INFO - Filling up the DagBag from /opt/airflow/dags/6.1-monitoring.py
[2023-09-25T11:19:03.667+0000] {processor.py:839} INFO - DAG(s) dict_keys(['6.1-monitoring']) retrieved from /opt/airflow/dags/6.1-monitoring.py
[2023-09-25T11:19:03.694+0000] {logging_mixin.py:151} INFO - [2023-09-25T11:19:03.694+0000] {dag.py:2915} INFO - Sync 1 DAGs
[2023-09-25T11:19:03.723+0000] {logging_mixin.py:151} INFO - [2023-09-25T11:19:03.723+0000] {dag.py:3696} INFO - Setting next_dagrun for 6.1-monitoring to 2023-09-01T00:00:00+00:00, run_after=2023-09-02T00:00:00+00:00
[2023-09-25T11:19:03.752+0000] {processor.py:179} INFO - Processing /opt/airflow/dags/6.1-monitoring.py took 0.140 seconds
[2023-09-25T11:19:34.394+0000] {processor.py:157} INFO - Started process (PID=281) to work on /opt/airflow/dags/6.1-monitoring.py
[2023-09-25T11:19:34.396+0000] {processor.py:829} INFO - Processing file /opt/airflow/dags/6.1-monitoring.py for tasks to queue
[2023-09-25T11:19:34.397+0000] {logging_mixin.py:151} INFO - [2023-09-25T11:19:34.397+0000] {dagbag.py:539} INFO - Filling up the DagBag from /opt/airflow/dags/6.1-monitoring.py
[2023-09-25T11:19:34.445+0000] {processor.py:839} INFO - DAG(s) dict_keys(['6.1-monitoring']) retrieved from /opt/airflow/dags/6.1-monitoring.py
[2023-09-25T11:19:34.469+0000] {logging_mixin.py:151} INFO - [2023-09-25T11:19:34.469+0000] {dag.py:2915} INFO - Sync 1 DAGs
[2023-09-25T11:19:34.491+0000] {logging_mixin.py:151} INFO - [2023-09-25T11:19:34.491+0000] {dag.py:3696} INFO - Setting next_dagrun for 6.1-monitoring to 2023-09-01T00:00:00+00:00, run_after=2023-09-02T00:00:00+00:00
[2023-09-25T11:19:34.516+0000] {processor.py:179} INFO - Processing /opt/airflow/dags/6.1-monitoring.py took 0.126 seconds
[2023-09-25T11:20:05.262+0000] {processor.py:157} INFO - Started process (PID=304) to work on /opt/airflow/dags/6.1-monitoring.py
[2023-09-25T11:20:05.263+0000] {processor.py:829} INFO - Processing file /opt/airflow/dags/6.1-monitoring.py for tasks to queue
[2023-09-25T11:20:05.264+0000] {logging_mixin.py:151} INFO - [2023-09-25T11:20:05.264+0000] {dagbag.py:539} INFO - Filling up the DagBag from /opt/airflow/dags/6.1-monitoring.py
[2023-09-25T11:20:05.314+0000] {processor.py:839} INFO - DAG(s) dict_keys(['6.1-monitoring']) retrieved from /opt/airflow/dags/6.1-monitoring.py
[2023-09-25T11:20:05.338+0000] {logging_mixin.py:151} INFO - [2023-09-25T11:20:05.337+0000] {dag.py:2915} INFO - Sync 1 DAGs
[2023-09-25T11:20:05.363+0000] {logging_mixin.py:151} INFO - [2023-09-25T11:20:05.362+0000] {dag.py:3696} INFO - Setting next_dagrun for 6.1-monitoring to 2023-09-01T00:00:00+00:00, run_after=2023-09-02T00:00:00+00:00
[2023-09-25T11:20:05.388+0000] {processor.py:179} INFO - Processing /opt/airflow/dags/6.1-monitoring.py took 0.130 seconds
[2023-09-25T11:20:35.822+0000] {processor.py:157} INFO - Started process (PID=327) to work on /opt/airflow/dags/6.1-monitoring.py
[2023-09-25T11:20:35.825+0000] {processor.py:829} INFO - Processing file /opt/airflow/dags/6.1-monitoring.py for tasks to queue
[2023-09-25T11:20:35.828+0000] {logging_mixin.py:151} INFO - [2023-09-25T11:20:35.828+0000] {dagbag.py:539} INFO - Filling up the DagBag from /opt/airflow/dags/6.1-monitoring.py
[2023-09-25T11:20:35.886+0000] {processor.py:839} INFO - DAG(s) dict_keys(['6.1-monitoring']) retrieved from /opt/airflow/dags/6.1-monitoring.py
[2023-09-25T11:20:35.920+0000] {logging_mixin.py:151} INFO - [2023-09-25T11:20:35.919+0000] {dag.py:2915} INFO - Sync 1 DAGs
[2023-09-25T11:20:35.958+0000] {logging_mixin.py:151} INFO - [2023-09-25T11:20:35.958+0000] {dag.py:3696} INFO - Setting next_dagrun for 6.1-monitoring to 2023-09-01T00:00:00+00:00, run_after=2023-09-02T00:00:00+00:00
[2023-09-25T11:20:35.984+0000] {processor.py:179} INFO - Processing /opt/airflow/dags/6.1-monitoring.py took 0.166 seconds
[2023-09-25T11:21:06.286+0000] {processor.py:157} INFO - Started process (PID=350) to work on /opt/airflow/dags/6.1-monitoring.py
[2023-09-25T11:21:06.288+0000] {processor.py:829} INFO - Processing file /opt/airflow/dags/6.1-monitoring.py for tasks to queue
[2023-09-25T11:21:06.289+0000] {logging_mixin.py:151} INFO - [2023-09-25T11:21:06.289+0000] {dagbag.py:539} INFO - Filling up the DagBag from /opt/airflow/dags/6.1-monitoring.py
[2023-09-25T11:21:06.344+0000] {processor.py:839} INFO - DAG(s) dict_keys(['6.1-monitoring']) retrieved from /opt/airflow/dags/6.1-monitoring.py
[2023-09-25T11:21:06.372+0000] {logging_mixin.py:151} INFO - [2023-09-25T11:21:06.372+0000] {dag.py:2915} INFO - Sync 1 DAGs
[2023-09-25T11:21:06.401+0000] {logging_mixin.py:151} INFO - [2023-09-25T11:21:06.401+0000] {dag.py:3696} INFO - Setting next_dagrun for 6.1-monitoring to 2023-09-01T00:00:00+00:00, run_after=2023-09-02T00:00:00+00:00
[2023-09-25T11:21:06.434+0000] {processor.py:179} INFO - Processing /opt/airflow/dags/6.1-monitoring.py took 0.152 seconds
[2023-09-25T11:21:36.788+0000] {processor.py:157} INFO - Started process (PID=373) to work on /opt/airflow/dags/6.1-monitoring.py
[2023-09-25T11:21:36.789+0000] {processor.py:829} INFO - Processing file /opt/airflow/dags/6.1-monitoring.py for tasks to queue
[2023-09-25T11:21:36.791+0000] {logging_mixin.py:151} INFO - [2023-09-25T11:21:36.791+0000] {dagbag.py:539} INFO - Filling up the DagBag from /opt/airflow/dags/6.1-monitoring.py
[2023-09-25T11:21:36.847+0000] {processor.py:839} INFO - DAG(s) dict_keys(['6.1-monitoring']) retrieved from /opt/airflow/dags/6.1-monitoring.py
[2023-09-25T11:21:36.875+0000] {logging_mixin.py:151} INFO - [2023-09-25T11:21:36.875+0000] {dag.py:2915} INFO - Sync 1 DAGs
[2023-09-25T11:21:36.901+0000] {logging_mixin.py:151} INFO - [2023-09-25T11:21:36.901+0000] {dag.py:3696} INFO - Setting next_dagrun for 6.1-monitoring to 2023-09-01T00:00:00+00:00, run_after=2023-09-02T00:00:00+00:00
[2023-09-25T11:21:36.928+0000] {processor.py:179} INFO - Processing /opt/airflow/dags/6.1-monitoring.py took 0.146 seconds
[2023-09-25T11:22:07.234+0000] {processor.py:157} INFO - Started process (PID=396) to work on /opt/airflow/dags/6.1-monitoring.py
[2023-09-25T11:22:07.235+0000] {processor.py:829} INFO - Processing file /opt/airflow/dags/6.1-monitoring.py for tasks to queue
[2023-09-25T11:22:07.237+0000] {logging_mixin.py:151} INFO - [2023-09-25T11:22:07.237+0000] {dagbag.py:539} INFO - Filling up the DagBag from /opt/airflow/dags/6.1-monitoring.py
[2023-09-25T11:22:07.291+0000] {processor.py:839} INFO - DAG(s) dict_keys(['6.1-monitoring']) retrieved from /opt/airflow/dags/6.1-monitoring.py
[2023-09-25T11:22:07.318+0000] {logging_mixin.py:151} INFO - [2023-09-25T11:22:07.318+0000] {dag.py:2915} INFO - Sync 1 DAGs
[2023-09-25T11:22:07.344+0000] {logging_mixin.py:151} INFO - [2023-09-25T11:22:07.344+0000] {dag.py:3696} INFO - Setting next_dagrun for 6.1-monitoring to 2023-09-01T00:00:00+00:00, run_after=2023-09-02T00:00:00+00:00
[2023-09-25T11:22:07.372+0000] {processor.py:179} INFO - Processing /opt/airflow/dags/6.1-monitoring.py took 0.141 seconds
[2023-09-25T11:22:37.675+0000] {processor.py:157} INFO - Started process (PID=419) to work on /opt/airflow/dags/6.1-monitoring.py
[2023-09-25T11:22:37.676+0000] {processor.py:829} INFO - Processing file /opt/airflow/dags/6.1-monitoring.py for tasks to queue
[2023-09-25T11:22:37.679+0000] {logging_mixin.py:151} INFO - [2023-09-25T11:22:37.679+0000] {dagbag.py:539} INFO - Filling up the DagBag from /opt/airflow/dags/6.1-monitoring.py
[2023-09-25T11:22:37.730+0000] {processor.py:839} INFO - DAG(s) dict_keys(['6.1-monitoring']) retrieved from /opt/airflow/dags/6.1-monitoring.py
[2023-09-25T11:22:37.756+0000] {logging_mixin.py:151} INFO - [2023-09-25T11:22:37.756+0000] {dag.py:2915} INFO - Sync 1 DAGs
[2023-09-25T11:22:37.781+0000] {logging_mixin.py:151} INFO - [2023-09-25T11:22:37.781+0000] {dag.py:3696} INFO - Setting next_dagrun for 6.1-monitoring to 2023-09-01T00:00:00+00:00, run_after=2023-09-02T00:00:00+00:00
[2023-09-25T11:22:37.806+0000] {processor.py:179} INFO - Processing /opt/airflow/dags/6.1-monitoring.py took 0.134 seconds
[2023-09-25T11:23:08.164+0000] {processor.py:157} INFO - Started process (PID=442) to work on /opt/airflow/dags/6.1-monitoring.py
[2023-09-25T11:23:08.166+0000] {processor.py:829} INFO - Processing file /opt/airflow/dags/6.1-monitoring.py for tasks to queue
[2023-09-25T11:23:08.167+0000] {logging_mixin.py:151} INFO - [2023-09-25T11:23:08.167+0000] {dagbag.py:539} INFO - Filling up the DagBag from /opt/airflow/dags/6.1-monitoring.py
[2023-09-25T11:23:08.221+0000] {processor.py:839} INFO - DAG(s) dict_keys(['6.1-monitoring']) retrieved from /opt/airflow/dags/6.1-monitoring.py
[2023-09-25T11:23:08.253+0000] {logging_mixin.py:151} INFO - [2023-09-25T11:23:08.252+0000] {dag.py:2915} INFO - Sync 1 DAGs
[2023-09-25T11:23:08.292+0000] {logging_mixin.py:151} INFO - [2023-09-25T11:23:08.292+0000] {dag.py:3696} INFO - Setting next_dagrun for 6.1-monitoring to 2023-09-01T00:00:00+00:00, run_after=2023-09-02T00:00:00+00:00
[2023-09-25T11:23:08.334+0000] {processor.py:179} INFO - Processing /opt/airflow/dags/6.1-monitoring.py took 0.174 seconds
[2023-09-25T11:23:38.704+0000] {processor.py:157} INFO - Started process (PID=465) to work on /opt/airflow/dags/6.1-monitoring.py
[2023-09-25T11:23:38.706+0000] {processor.py:829} INFO - Processing file /opt/airflow/dags/6.1-monitoring.py for tasks to queue
[2023-09-25T11:23:38.708+0000] {logging_mixin.py:151} INFO - [2023-09-25T11:23:38.707+0000] {dagbag.py:539} INFO - Filling up the DagBag from /opt/airflow/dags/6.1-monitoring.py
[2023-09-25T11:23:38.770+0000] {processor.py:839} INFO - DAG(s) dict_keys(['6.1-monitoring']) retrieved from /opt/airflow/dags/6.1-monitoring.py
[2023-09-25T11:23:38.801+0000] {logging_mixin.py:151} INFO - [2023-09-25T11:23:38.801+0000] {dag.py:2915} INFO - Sync 1 DAGs
[2023-09-25T11:23:38.832+0000] {logging_mixin.py:151} INFO - [2023-09-25T11:23:38.832+0000] {dag.py:3696} INFO - Setting next_dagrun for 6.1-monitoring to 2023-09-01T00:00:00+00:00, run_after=2023-09-02T00:00:00+00:00
[2023-09-25T11:23:38.981+0000] {processor.py:179} INFO - Processing /opt/airflow/dags/6.1-monitoring.py took 0.281 seconds
[2023-09-25T11:24:09.953+0000] {processor.py:157} INFO - Started process (PID=488) to work on /opt/airflow/dags/6.1-monitoring.py
[2023-09-25T11:24:09.955+0000] {processor.py:829} INFO - Processing file /opt/airflow/dags/6.1-monitoring.py for tasks to queue
[2023-09-25T11:24:09.956+0000] {logging_mixin.py:151} INFO - [2023-09-25T11:24:09.956+0000] {dagbag.py:539} INFO - Filling up the DagBag from /opt/airflow/dags/6.1-monitoring.py
[2023-09-25T11:24:10.006+0000] {processor.py:839} INFO - DAG(s) dict_keys(['6.1-monitoring']) retrieved from /opt/airflow/dags/6.1-monitoring.py
[2023-09-25T11:24:10.033+0000] {logging_mixin.py:151} INFO - [2023-09-25T11:24:10.033+0000] {dag.py:2915} INFO - Sync 1 DAGs
[2023-09-25T11:24:10.062+0000] {logging_mixin.py:151} INFO - [2023-09-25T11:24:10.061+0000] {dag.py:3696} INFO - Setting next_dagrun for 6.1-monitoring to 2023-09-01T00:00:00+00:00, run_after=2023-09-02T00:00:00+00:00
[2023-09-25T11:24:10.086+0000] {processor.py:179} INFO - Processing /opt/airflow/dags/6.1-monitoring.py took 0.137 seconds
[2023-09-25T11:24:40.608+0000] {processor.py:157} INFO - Started process (PID=511) to work on /opt/airflow/dags/6.1-monitoring.py
[2023-09-25T11:24:40.609+0000] {processor.py:829} INFO - Processing file /opt/airflow/dags/6.1-monitoring.py for tasks to queue
[2023-09-25T11:24:40.611+0000] {logging_mixin.py:151} INFO - [2023-09-25T11:24:40.611+0000] {dagbag.py:539} INFO - Filling up the DagBag from /opt/airflow/dags/6.1-monitoring.py
[2023-09-25T11:24:40.672+0000] {processor.py:839} INFO - DAG(s) dict_keys(['6.1-monitoring']) retrieved from /opt/airflow/dags/6.1-monitoring.py
[2023-09-25T11:24:40.698+0000] {logging_mixin.py:151} INFO - [2023-09-25T11:24:40.698+0000] {dag.py:2915} INFO - Sync 1 DAGs
[2023-09-25T11:24:40.726+0000] {logging_mixin.py:151} INFO - [2023-09-25T11:24:40.725+0000] {dag.py:3696} INFO - Setting next_dagrun for 6.1-monitoring to 2023-09-01T00:00:00+00:00, run_after=2023-09-02T00:00:00+00:00
[2023-09-25T11:24:40.756+0000] {processor.py:179} INFO - Processing /opt/airflow/dags/6.1-monitoring.py took 0.153 seconds
[2023-09-25T11:25:10.967+0000] {processor.py:157} INFO - Started process (PID=534) to work on /opt/airflow/dags/6.1-monitoring.py
[2023-09-25T11:25:10.969+0000] {processor.py:829} INFO - Processing file /opt/airflow/dags/6.1-monitoring.py for tasks to queue
[2023-09-25T11:25:10.970+0000] {logging_mixin.py:151} INFO - [2023-09-25T11:25:10.970+0000] {dagbag.py:539} INFO - Filling up the DagBag from /opt/airflow/dags/6.1-monitoring.py
[2023-09-25T11:25:11.024+0000] {processor.py:839} INFO - DAG(s) dict_keys(['6.1-monitoring']) retrieved from /opt/airflow/dags/6.1-monitoring.py
[2023-09-25T11:25:11.087+0000] {logging_mixin.py:151} INFO - [2023-09-25T11:25:11.087+0000] {dag.py:2915} INFO - Sync 1 DAGs
[2023-09-25T11:25:11.124+0000] {logging_mixin.py:151} INFO - [2023-09-25T11:25:11.124+0000] {dag.py:3696} INFO - Setting next_dagrun for 6.1-monitoring to 2023-09-01T00:00:00+00:00, run_after=2023-09-02T00:00:00+00:00
[2023-09-25T11:25:11.148+0000] {processor.py:179} INFO - Processing /opt/airflow/dags/6.1-monitoring.py took 0.185 seconds
