[2023-09-25T07:32:57.127+0000] {processor.py:157} INFO - Started process (PID=44) to work on /opt/airflow/dags/6.2-monitoring.py
[2023-09-25T07:32:57.135+0000] {processor.py:829} INFO - Processing file /opt/airflow/dags/6.2-monitoring.py for tasks to queue
[2023-09-25T07:32:57.152+0000] {logging_mixin.py:151} INFO - [2023-09-25T07:32:57.145+0000] {dagbag.py:539} INFO - Filling up the DagBag from /opt/airflow/dags/6.2-monitoring.py
[2023-09-25T07:33:24.456+0000] {processor.py:839} INFO - DAG(s) dict_keys(['6.2-monitoring']) retrieved from /opt/airflow/dags/6.2-monitoring.py
[2023-09-25T07:34:02.788+0000] {processor.py:182} ERROR - Got an exception! Propagating...
Traceback (most recent call last):
  File "/home/airflow/.local/lib/python3.8/site-packages/sqlalchemy/engine/base.py", line 3371, in _wrap_pool_connect
    return fn()
  File "/home/airflow/.local/lib/python3.8/site-packages/sqlalchemy/pool/base.py", line 327, in connect
    return _ConnectionFairy._checkout(self)
  File "/home/airflow/.local/lib/python3.8/site-packages/sqlalchemy/pool/base.py", line 894, in _checkout
    fairy = _ConnectionRecord.checkout(pool)
  File "/home/airflow/.local/lib/python3.8/site-packages/sqlalchemy/pool/base.py", line 493, in checkout
    rec = pool._do_get()
  File "/home/airflow/.local/lib/python3.8/site-packages/sqlalchemy/pool/impl.py", line 146, in _do_get
    self._dec_overflow()
  File "/home/airflow/.local/lib/python3.8/site-packages/sqlalchemy/util/langhelpers.py", line 70, in __exit__
    compat.raise_(
  File "/home/airflow/.local/lib/python3.8/site-packages/sqlalchemy/util/compat.py", line 211, in raise_
    raise exception
  File "/home/airflow/.local/lib/python3.8/site-packages/sqlalchemy/pool/impl.py", line 143, in _do_get
    return self._create_connection()
  File "/home/airflow/.local/lib/python3.8/site-packages/sqlalchemy/pool/base.py", line 273, in _create_connection
    return _ConnectionRecord(self)
  File "/home/airflow/.local/lib/python3.8/site-packages/sqlalchemy/pool/base.py", line 388, in __init__
    self.__connect()
  File "/home/airflow/.local/lib/python3.8/site-packages/sqlalchemy/pool/base.py", line 691, in __connect
    pool.logger.debug("Error on connect(): %s", e)
  File "/home/airflow/.local/lib/python3.8/site-packages/sqlalchemy/util/langhelpers.py", line 70, in __exit__
    compat.raise_(
  File "/home/airflow/.local/lib/python3.8/site-packages/sqlalchemy/util/compat.py", line 211, in raise_
    raise exception
  File "/home/airflow/.local/lib/python3.8/site-packages/sqlalchemy/pool/base.py", line 686, in __connect
    self.dbapi_connection = connection = pool._invoke_creator(self)
  File "/home/airflow/.local/lib/python3.8/site-packages/sqlalchemy/engine/create.py", line 574, in connect
    return dialect.connect(*cargs, **cparams)
  File "/home/airflow/.local/lib/python3.8/site-packages/sqlalchemy/engine/default.py", line 598, in connect
    return self.dbapi.connect(*cargs, **cparams)
  File "/home/airflow/.local/lib/python3.8/site-packages/psycopg2/__init__.py", line 122, in connect
    conn = _connect(dsn, connection_factory=connection_factory, **kwasync)
psycopg2.OperationalError: could not translate host name "postgres" to address: Temporary failure in name resolution


The above exception was the direct cause of the following exception:

Traceback (most recent call last):
  File "/home/airflow/.local/lib/python3.8/site-packages/airflow/dag_processing/processor.py", line 178, in _run_file_processor
    _handle_dag_file_processing()
  File "/home/airflow/.local/lib/python3.8/site-packages/airflow/dag_processing/processor.py", line 159, in _handle_dag_file_processing
    result: tuple[int, int] = dag_file_processor.process_file(
  File "/home/airflow/.local/lib/python3.8/site-packages/airflow/utils/session.py", line 77, in wrapper
    return func(*args, session=session, **kwargs)
  File "/home/airflow/.local/lib/python3.8/site-packages/airflow/dag_processing/processor.py", line 857, in process_file
    serialize_errors = DagFileProcessor.save_dag_to_db(
  File "/home/airflow/.local/lib/python3.8/site-packages/airflow/api_internal/internal_api_call.py", line 114, in wrapper
    return func(*args, **kwargs)
  File "/home/airflow/.local/lib/python3.8/site-packages/airflow/utils/session.py", line 77, in wrapper
    return func(*args, session=session, **kwargs)
  File "/home/airflow/.local/lib/python3.8/site-packages/airflow/dag_processing/processor.py", line 893, in save_dag_to_db
    import_errors = DagBag._sync_to_db(dags=dags, processor_subdir=dag_directory, session=session)
  File "/home/airflow/.local/lib/python3.8/site-packages/airflow/utils/session.py", line 74, in wrapper
    return func(*args, **kwargs)
  File "/home/airflow/.local/lib/python3.8/site-packages/airflow/models/dagbag.py", line 657, in _sync_to_db
    for attempt in run_with_db_retries(logger=log):
  File "/home/airflow/.local/lib/python3.8/site-packages/tenacity/__init__.py", line 347, in __iter__
    do = self.iter(retry_state=retry_state)
  File "/home/airflow/.local/lib/python3.8/site-packages/tenacity/__init__.py", line 325, in iter
    raise retry_exc.reraise()
  File "/home/airflow/.local/lib/python3.8/site-packages/tenacity/__init__.py", line 158, in reraise
    raise self.last_attempt.result()
  File "/usr/local/lib/python3.8/concurrent/futures/_base.py", line 437, in result
    return self.__get_result()
  File "/usr/local/lib/python3.8/concurrent/futures/_base.py", line 389, in __get_result
    raise self._exception
  File "/home/airflow/.local/lib/python3.8/site-packages/airflow/models/dagbag.py", line 669, in _sync_to_db
    serialize_errors.extend(_serialize_dag_capturing_errors(dag, session))
  File "/home/airflow/.local/lib/python3.8/site-packages/airflow/models/dagbag.py", line 636, in _serialize_dag_capturing_errors
    dag_was_updated = SerializedDagModel.write_dag(
  File "/home/airflow/.local/lib/python3.8/site-packages/airflow/utils/session.py", line 74, in wrapper
    return func(*args, **kwargs)
  File "/home/airflow/.local/lib/python3.8/site-packages/airflow/models/serialized_dag.py", line 147, in write_dag
    if session.scalar(
  File "/home/airflow/.local/lib/python3.8/site-packages/sqlalchemy/orm/session.py", line 1747, in scalar
    return self.execute(
  File "/home/airflow/.local/lib/python3.8/site-packages/sqlalchemy/orm/session.py", line 1716, in execute
    conn = self._connection_for_bind(bind)
  File "/home/airflow/.local/lib/python3.8/site-packages/sqlalchemy/orm/session.py", line 1555, in _connection_for_bind
    return self._transaction._connection_for_bind(
  File "/home/airflow/.local/lib/python3.8/site-packages/sqlalchemy/orm/session.py", line 750, in _connection_for_bind
    conn = bind.connect()
  File "/home/airflow/.local/lib/python3.8/site-packages/sqlalchemy/future/engine.py", line 406, in connect
    return super(Engine, self).connect()
  File "/home/airflow/.local/lib/python3.8/site-packages/sqlalchemy/engine/base.py", line 3325, in connect
    return self._connection_cls(self, close_with_result=close_with_result)
  File "/home/airflow/.local/lib/python3.8/site-packages/sqlalchemy/engine/base.py", line 96, in __init__
    else engine.raw_connection()
  File "/home/airflow/.local/lib/python3.8/site-packages/sqlalchemy/engine/base.py", line 3404, in raw_connection
    return self._wrap_pool_connect(self.pool.connect, _connection)
  File "/home/airflow/.local/lib/python3.8/site-packages/sqlalchemy/engine/base.py", line 3374, in _wrap_pool_connect
    Connection._handle_dbapi_exception_noconnection(
  File "/home/airflow/.local/lib/python3.8/site-packages/sqlalchemy/engine/base.py", line 2208, in _handle_dbapi_exception_noconnection
    util.raise_(
  File "/home/airflow/.local/lib/python3.8/site-packages/sqlalchemy/util/compat.py", line 211, in raise_
    raise exception
  File "/home/airflow/.local/lib/python3.8/site-packages/sqlalchemy/engine/base.py", line 3371, in _wrap_pool_connect
    return fn()
  File "/home/airflow/.local/lib/python3.8/site-packages/sqlalchemy/pool/base.py", line 327, in connect
    return _ConnectionFairy._checkout(self)
  File "/home/airflow/.local/lib/python3.8/site-packages/sqlalchemy/pool/base.py", line 894, in _checkout
    fairy = _ConnectionRecord.checkout(pool)
  File "/home/airflow/.local/lib/python3.8/site-packages/sqlalchemy/pool/base.py", line 493, in checkout
    rec = pool._do_get()
  File "/home/airflow/.local/lib/python3.8/site-packages/sqlalchemy/pool/impl.py", line 146, in _do_get
    self._dec_overflow()
  File "/home/airflow/.local/lib/python3.8/site-packages/sqlalchemy/util/langhelpers.py", line 70, in __exit__
    compat.raise_(
  File "/home/airflow/.local/lib/python3.8/site-packages/sqlalchemy/util/compat.py", line 211, in raise_
    raise exception
  File "/home/airflow/.local/lib/python3.8/site-packages/sqlalchemy/pool/impl.py", line 143, in _do_get
    return self._create_connection()
  File "/home/airflow/.local/lib/python3.8/site-packages/sqlalchemy/pool/base.py", line 273, in _create_connection
    return _ConnectionRecord(self)
  File "/home/airflow/.local/lib/python3.8/site-packages/sqlalchemy/pool/base.py", line 388, in __init__
    self.__connect()
  File "/home/airflow/.local/lib/python3.8/site-packages/sqlalchemy/pool/base.py", line 691, in __connect
    pool.logger.debug("Error on connect(): %s", e)
  File "/home/airflow/.local/lib/python3.8/site-packages/sqlalchemy/util/langhelpers.py", line 70, in __exit__
    compat.raise_(
  File "/home/airflow/.local/lib/python3.8/site-packages/sqlalchemy/util/compat.py", line 211, in raise_
    raise exception
  File "/home/airflow/.local/lib/python3.8/site-packages/sqlalchemy/pool/base.py", line 686, in __connect
    self.dbapi_connection = connection = pool._invoke_creator(self)
  File "/home/airflow/.local/lib/python3.8/site-packages/sqlalchemy/engine/create.py", line 574, in connect
    return dialect.connect(*cargs, **cparams)
  File "/home/airflow/.local/lib/python3.8/site-packages/sqlalchemy/engine/default.py", line 598, in connect
    return self.dbapi.connect(*cargs, **cparams)
  File "/home/airflow/.local/lib/python3.8/site-packages/psycopg2/__init__.py", line 122, in connect
    conn = _connect(dsn, connection_factory=connection_factory, **kwasync)
sqlalchemy.exc.OperationalError: (psycopg2.OperationalError) could not translate host name "postgres" to address: Temporary failure in name resolution

(Background on this error at: https://sqlalche.me/e/14/e3q8)
[2023-09-25T07:40:08.700+0000] {processor.py:157} INFO - Started process (PID=39) to work on /opt/airflow/dags/6.2-monitoring.py
[2023-09-25T07:40:09.610+0000] {processor.py:829} INFO - Processing file /opt/airflow/dags/6.2-monitoring.py for tasks to queue
[2023-09-25T07:40:09.612+0000] {logging_mixin.py:151} INFO - [2023-09-25T07:40:09.611+0000] {dagbag.py:539} INFO - Filling up the DagBag from /opt/airflow/dags/6.2-monitoring.py
[2023-09-25T07:40:09.668+0000] {processor.py:839} INFO - DAG(s) dict_keys(['6.2-monitoring']) retrieved from /opt/airflow/dags/6.2-monitoring.py
[2023-09-25T07:40:10.127+0000] {logging_mixin.py:151} INFO - [2023-09-25T07:40:10.127+0000] {security.py:708} INFO - Not syncing DAG-level permissions for DAG 'DAG:6.2-monitoring' as access control is unset.
[2023-09-25T07:40:10.129+0000] {logging_mixin.py:151} INFO - [2023-09-25T07:40:10.128+0000] {dag.py:2915} INFO - Sync 1 DAGs
[2023-09-25T07:40:10.168+0000] {logging_mixin.py:151} INFO - [2023-09-25T07:40:10.167+0000] {dag.py:3696} INFO - Setting next_dagrun for 6.2-monitoring to 2023-09-01T00:00:00+00:00, run_after=2023-09-02T00:00:00+00:00
[2023-09-25T07:40:10.207+0000] {processor.py:179} INFO - Processing /opt/airflow/dags/6.2-monitoring.py took 1.523 seconds
[2023-09-25T07:40:41.084+0000] {processor.py:157} INFO - Started process (PID=61) to work on /opt/airflow/dags/6.2-monitoring.py
[2023-09-25T07:40:41.093+0000] {processor.py:829} INFO - Processing file /opt/airflow/dags/6.2-monitoring.py for tasks to queue
[2023-09-25T07:40:41.096+0000] {logging_mixin.py:151} INFO - [2023-09-25T07:40:41.096+0000] {dagbag.py:539} INFO - Filling up the DagBag from /opt/airflow/dags/6.2-monitoring.py
[2023-09-25T07:40:41.191+0000] {processor.py:839} INFO - DAG(s) dict_keys(['6.2-monitoring']) retrieved from /opt/airflow/dags/6.2-monitoring.py
[2023-09-25T07:40:41.250+0000] {logging_mixin.py:151} INFO - [2023-09-25T07:40:41.250+0000] {dag.py:2915} INFO - Sync 1 DAGs
[2023-09-25T07:40:41.341+0000] {logging_mixin.py:151} INFO - [2023-09-25T07:40:41.340+0000] {dag.py:3696} INFO - Setting next_dagrun for 6.2-monitoring to 2023-09-01T00:00:00+00:00, run_after=2023-09-02T00:00:00+00:00
[2023-09-25T07:40:41.425+0000] {processor.py:179} INFO - Processing /opt/airflow/dags/6.2-monitoring.py took 0.352 seconds
[2023-09-25T07:41:11.729+0000] {processor.py:157} INFO - Started process (PID=83) to work on /opt/airflow/dags/6.2-monitoring.py
[2023-09-25T07:41:11.731+0000] {processor.py:829} INFO - Processing file /opt/airflow/dags/6.2-monitoring.py for tasks to queue
[2023-09-25T07:41:11.732+0000] {logging_mixin.py:151} INFO - [2023-09-25T07:41:11.732+0000] {dagbag.py:539} INFO - Filling up the DagBag from /opt/airflow/dags/6.2-monitoring.py
[2023-09-25T07:41:11.779+0000] {processor.py:839} INFO - DAG(s) dict_keys(['6.2-monitoring']) retrieved from /opt/airflow/dags/6.2-monitoring.py
[2023-09-25T07:41:11.804+0000] {logging_mixin.py:151} INFO - [2023-09-25T07:41:11.804+0000] {dag.py:2915} INFO - Sync 1 DAGs
[2023-09-25T07:41:11.829+0000] {logging_mixin.py:151} INFO - [2023-09-25T07:41:11.829+0000] {dag.py:3696} INFO - Setting next_dagrun for 6.2-monitoring to 2023-09-01T00:00:00+00:00, run_after=2023-09-02T00:00:00+00:00
[2023-09-25T07:41:11.854+0000] {processor.py:179} INFO - Processing /opt/airflow/dags/6.2-monitoring.py took 0.128 seconds
[2023-09-25T07:41:42.205+0000] {processor.py:157} INFO - Started process (PID=105) to work on /opt/airflow/dags/6.2-monitoring.py
[2023-09-25T07:41:42.206+0000] {processor.py:829} INFO - Processing file /opt/airflow/dags/6.2-monitoring.py for tasks to queue
[2023-09-25T07:41:42.208+0000] {logging_mixin.py:151} INFO - [2023-09-25T07:41:42.207+0000] {dagbag.py:539} INFO - Filling up the DagBag from /opt/airflow/dags/6.2-monitoring.py
[2023-09-25T07:41:42.257+0000] {processor.py:839} INFO - DAG(s) dict_keys(['6.2-monitoring']) retrieved from /opt/airflow/dags/6.2-monitoring.py
[2023-09-25T07:41:42.284+0000] {logging_mixin.py:151} INFO - [2023-09-25T07:41:42.284+0000] {dag.py:2915} INFO - Sync 1 DAGs
[2023-09-25T07:41:42.310+0000] {logging_mixin.py:151} INFO - [2023-09-25T07:41:42.310+0000] {dag.py:3696} INFO - Setting next_dagrun for 6.2-monitoring to 2023-09-01T00:00:00+00:00, run_after=2023-09-02T00:00:00+00:00
[2023-09-25T07:41:42.341+0000] {processor.py:179} INFO - Processing /opt/airflow/dags/6.2-monitoring.py took 0.141 seconds
[2023-09-25T07:42:12.896+0000] {processor.py:157} INFO - Started process (PID=127) to work on /opt/airflow/dags/6.2-monitoring.py
[2023-09-25T07:42:12.898+0000] {processor.py:829} INFO - Processing file /opt/airflow/dags/6.2-monitoring.py for tasks to queue
[2023-09-25T07:42:12.899+0000] {logging_mixin.py:151} INFO - [2023-09-25T07:42:12.899+0000] {dagbag.py:539} INFO - Filling up the DagBag from /opt/airflow/dags/6.2-monitoring.py
[2023-09-25T07:42:12.947+0000] {processor.py:839} INFO - DAG(s) dict_keys(['6.2-monitoring']) retrieved from /opt/airflow/dags/6.2-monitoring.py
[2023-09-25T07:42:12.971+0000] {logging_mixin.py:151} INFO - [2023-09-25T07:42:12.971+0000] {dag.py:2915} INFO - Sync 1 DAGs
[2023-09-25T07:42:12.995+0000] {logging_mixin.py:151} INFO - [2023-09-25T07:42:12.995+0000] {dag.py:3696} INFO - Setting next_dagrun for 6.2-monitoring to 2023-09-01T00:00:00+00:00, run_after=2023-09-02T00:00:00+00:00
[2023-09-25T07:42:13.018+0000] {processor.py:179} INFO - Processing /opt/airflow/dags/6.2-monitoring.py took 0.126 seconds
[2023-09-25T07:42:43.439+0000] {processor.py:157} INFO - Started process (PID=150) to work on /opt/airflow/dags/6.2-monitoring.py
[2023-09-25T07:42:43.441+0000] {processor.py:829} INFO - Processing file /opt/airflow/dags/6.2-monitoring.py for tasks to queue
[2023-09-25T07:42:43.445+0000] {logging_mixin.py:151} INFO - [2023-09-25T07:42:43.443+0000] {dagbag.py:539} INFO - Filling up the DagBag from /opt/airflow/dags/6.2-monitoring.py
[2023-09-25T07:42:43.513+0000] {processor.py:839} INFO - DAG(s) dict_keys(['6.2-monitoring']) retrieved from /opt/airflow/dags/6.2-monitoring.py
[2023-09-25T07:42:43.544+0000] {logging_mixin.py:151} INFO - [2023-09-25T07:42:43.543+0000] {dag.py:2915} INFO - Sync 1 DAGs
[2023-09-25T07:42:43.575+0000] {logging_mixin.py:151} INFO - [2023-09-25T07:42:43.575+0000] {dag.py:3696} INFO - Setting next_dagrun for 6.2-monitoring to 2023-09-01T00:00:00+00:00, run_after=2023-09-02T00:00:00+00:00
[2023-09-25T07:42:43.608+0000] {processor.py:179} INFO - Processing /opt/airflow/dags/6.2-monitoring.py took 0.184 seconds
[2023-09-25T07:43:14.277+0000] {processor.py:157} INFO - Started process (PID=172) to work on /opt/airflow/dags/6.2-monitoring.py
[2023-09-25T07:43:14.279+0000] {processor.py:829} INFO - Processing file /opt/airflow/dags/6.2-monitoring.py for tasks to queue
[2023-09-25T07:43:14.281+0000] {logging_mixin.py:151} INFO - [2023-09-25T07:43:14.280+0000] {dagbag.py:539} INFO - Filling up the DagBag from /opt/airflow/dags/6.2-monitoring.py
[2023-09-25T07:43:14.335+0000] {processor.py:839} INFO - DAG(s) dict_keys(['6.2-monitoring']) retrieved from /opt/airflow/dags/6.2-monitoring.py
[2023-09-25T07:43:14.363+0000] {logging_mixin.py:151} INFO - [2023-09-25T07:43:14.362+0000] {dag.py:2915} INFO - Sync 1 DAGs
[2023-09-25T07:43:14.391+0000] {logging_mixin.py:151} INFO - [2023-09-25T07:43:14.391+0000] {dag.py:3696} INFO - Setting next_dagrun for 6.2-monitoring to 2023-09-01T00:00:00+00:00, run_after=2023-09-02T00:00:00+00:00
[2023-09-25T07:43:14.422+0000] {processor.py:179} INFO - Processing /opt/airflow/dags/6.2-monitoring.py took 0.150 seconds
[2023-09-25T07:43:45.131+0000] {processor.py:157} INFO - Started process (PID=194) to work on /opt/airflow/dags/6.2-monitoring.py
[2023-09-25T07:43:45.134+0000] {processor.py:829} INFO - Processing file /opt/airflow/dags/6.2-monitoring.py for tasks to queue
[2023-09-25T07:43:45.138+0000] {logging_mixin.py:151} INFO - [2023-09-25T07:43:45.137+0000] {dagbag.py:539} INFO - Filling up the DagBag from /opt/airflow/dags/6.2-monitoring.py
[2023-09-25T07:43:45.228+0000] {processor.py:839} INFO - DAG(s) dict_keys(['6.2-monitoring']) retrieved from /opt/airflow/dags/6.2-monitoring.py
[2023-09-25T07:43:45.280+0000] {logging_mixin.py:151} INFO - [2023-09-25T07:43:45.279+0000] {dag.py:2915} INFO - Sync 1 DAGs
[2023-09-25T07:43:45.350+0000] {logging_mixin.py:151} INFO - [2023-09-25T07:43:45.350+0000] {dag.py:3696} INFO - Setting next_dagrun for 6.2-monitoring to 2023-09-01T00:00:00+00:00, run_after=2023-09-02T00:00:00+00:00
[2023-09-25T07:43:45.435+0000] {processor.py:179} INFO - Processing /opt/airflow/dags/6.2-monitoring.py took 0.323 seconds
[2023-09-25T07:44:15.672+0000] {processor.py:157} INFO - Started process (PID=216) to work on /opt/airflow/dags/6.2-monitoring.py
[2023-09-25T07:44:15.674+0000] {processor.py:829} INFO - Processing file /opt/airflow/dags/6.2-monitoring.py for tasks to queue
[2023-09-25T07:44:15.676+0000] {logging_mixin.py:151} INFO - [2023-09-25T07:44:15.676+0000] {dagbag.py:539} INFO - Filling up the DagBag from /opt/airflow/dags/6.2-monitoring.py
[2023-09-25T07:44:15.733+0000] {processor.py:839} INFO - DAG(s) dict_keys(['6.2-monitoring']) retrieved from /opt/airflow/dags/6.2-monitoring.py
[2023-09-25T07:44:15.760+0000] {logging_mixin.py:151} INFO - [2023-09-25T07:44:15.760+0000] {dag.py:2915} INFO - Sync 1 DAGs
[2023-09-25T07:44:15.787+0000] {logging_mixin.py:151} INFO - [2023-09-25T07:44:15.787+0000] {dag.py:3696} INFO - Setting next_dagrun for 6.2-monitoring to 2023-09-01T00:00:00+00:00, run_after=2023-09-02T00:00:00+00:00
[2023-09-25T07:44:15.811+0000] {processor.py:179} INFO - Processing /opt/airflow/dags/6.2-monitoring.py took 0.145 seconds
[2023-09-25T07:44:53.621+0000] {processor.py:157} INFO - Started process (PID=245) to work on /opt/airflow/dags/6.2-monitoring.py
[2023-09-25T07:44:53.636+0000] {processor.py:829} INFO - Processing file /opt/airflow/dags/6.2-monitoring.py for tasks to queue
[2023-09-25T07:44:53.638+0000] {logging_mixin.py:151} INFO - [2023-09-25T07:44:53.638+0000] {dagbag.py:539} INFO - Filling up the DagBag from /opt/airflow/dags/6.2-monitoring.py
[2023-09-25T07:44:53.718+0000] {processor.py:839} INFO - DAG(s) dict_keys(['6.2-monitoring']) retrieved from /opt/airflow/dags/6.2-monitoring.py
[2023-09-25T07:44:53.847+0000] {logging_mixin.py:151} INFO - [2023-09-25T07:44:53.828+0000] {dag.py:2915} INFO - Sync 1 DAGs
[2023-09-25T07:44:54.017+0000] {logging_mixin.py:151} INFO - [2023-09-25T07:44:54.017+0000] {dag.py:3696} INFO - Setting next_dagrun for 6.2-monitoring to 2023-09-01T00:00:00+00:00, run_after=2023-09-02T00:00:00+00:00
[2023-09-25T07:44:54.097+0000] {processor.py:179} INFO - Processing /opt/airflow/dags/6.2-monitoring.py took 0.483 seconds
[2023-09-25T07:45:24.770+0000] {processor.py:157} INFO - Started process (PID=267) to work on /opt/airflow/dags/6.2-monitoring.py
[2023-09-25T07:45:24.771+0000] {processor.py:829} INFO - Processing file /opt/airflow/dags/6.2-monitoring.py for tasks to queue
[2023-09-25T07:45:24.774+0000] {logging_mixin.py:151} INFO - [2023-09-25T07:45:24.773+0000] {dagbag.py:539} INFO - Filling up the DagBag from /opt/airflow/dags/6.2-monitoring.py
[2023-09-25T07:45:25.100+0000] {processor.py:839} INFO - DAG(s) dict_keys(['6.2-monitoring']) retrieved from /opt/airflow/dags/6.2-monitoring.py
[2023-09-25T07:45:25.157+0000] {logging_mixin.py:151} INFO - [2023-09-25T07:45:25.157+0000] {dag.py:2915} INFO - Sync 1 DAGs
[2023-09-25T07:45:25.263+0000] {logging_mixin.py:151} INFO - [2023-09-25T07:45:25.262+0000] {dag.py:3696} INFO - Setting next_dagrun for 6.2-monitoring to 2023-09-01T00:00:00+00:00, run_after=2023-09-02T00:00:00+00:00
[2023-09-25T07:45:25.338+0000] {processor.py:179} INFO - Processing /opt/airflow/dags/6.2-monitoring.py took 0.575 seconds
[2023-09-25T07:45:55.606+0000] {processor.py:157} INFO - Started process (PID=289) to work on /opt/airflow/dags/6.2-monitoring.py
[2023-09-25T07:45:55.608+0000] {processor.py:829} INFO - Processing file /opt/airflow/dags/6.2-monitoring.py for tasks to queue
[2023-09-25T07:45:55.609+0000] {logging_mixin.py:151} INFO - [2023-09-25T07:45:55.609+0000] {dagbag.py:539} INFO - Filling up the DagBag from /opt/airflow/dags/6.2-monitoring.py
[2023-09-25T07:45:55.657+0000] {processor.py:839} INFO - DAG(s) dict_keys(['6.2-monitoring']) retrieved from /opt/airflow/dags/6.2-monitoring.py
[2023-09-25T07:45:55.697+0000] {logging_mixin.py:151} INFO - [2023-09-25T07:45:55.697+0000] {dag.py:2915} INFO - Sync 1 DAGs
[2023-09-25T07:45:55.729+0000] {logging_mixin.py:151} INFO - [2023-09-25T07:45:55.729+0000] {dag.py:3696} INFO - Setting next_dagrun for 6.2-monitoring to 2023-09-01T00:00:00+00:00, run_after=2023-09-02T00:00:00+00:00
[2023-09-25T07:45:55.752+0000] {processor.py:179} INFO - Processing /opt/airflow/dags/6.2-monitoring.py took 0.151 seconds
[2023-09-25T07:46:26.106+0000] {processor.py:157} INFO - Started process (PID=311) to work on /opt/airflow/dags/6.2-monitoring.py
[2023-09-25T07:46:26.108+0000] {processor.py:829} INFO - Processing file /opt/airflow/dags/6.2-monitoring.py for tasks to queue
[2023-09-25T07:46:26.109+0000] {logging_mixin.py:151} INFO - [2023-09-25T07:46:26.109+0000] {dagbag.py:539} INFO - Filling up the DagBag from /opt/airflow/dags/6.2-monitoring.py
[2023-09-25T07:46:26.150+0000] {processor.py:839} INFO - DAG(s) dict_keys(['6.2-monitoring']) retrieved from /opt/airflow/dags/6.2-monitoring.py
[2023-09-25T07:46:26.176+0000] {logging_mixin.py:151} INFO - [2023-09-25T07:46:26.175+0000] {dag.py:2915} INFO - Sync 1 DAGs
[2023-09-25T07:46:26.202+0000] {logging_mixin.py:151} INFO - [2023-09-25T07:46:26.202+0000] {dag.py:3696} INFO - Setting next_dagrun for 6.2-monitoring to 2023-09-01T00:00:00+00:00, run_after=2023-09-02T00:00:00+00:00
[2023-09-25T07:46:26.232+0000] {processor.py:179} INFO - Processing /opt/airflow/dags/6.2-monitoring.py took 0.130 seconds
[2023-09-25T07:46:56.572+0000] {processor.py:157} INFO - Started process (PID=333) to work on /opt/airflow/dags/6.2-monitoring.py
[2023-09-25T07:46:56.574+0000] {processor.py:829} INFO - Processing file /opt/airflow/dags/6.2-monitoring.py for tasks to queue
[2023-09-25T07:46:56.577+0000] {logging_mixin.py:151} INFO - [2023-09-25T07:46:56.577+0000] {dagbag.py:539} INFO - Filling up the DagBag from /opt/airflow/dags/6.2-monitoring.py
[2023-09-25T07:46:56.662+0000] {processor.py:839} INFO - DAG(s) dict_keys(['6.2-monitoring']) retrieved from /opt/airflow/dags/6.2-monitoring.py
[2023-09-25T07:46:56.693+0000] {logging_mixin.py:151} INFO - [2023-09-25T07:46:56.693+0000] {dag.py:2915} INFO - Sync 1 DAGs
[2023-09-25T07:46:56.718+0000] {logging_mixin.py:151} INFO - [2023-09-25T07:46:56.718+0000] {dag.py:3696} INFO - Setting next_dagrun for 6.2-monitoring to 2023-09-01T00:00:00+00:00, run_after=2023-09-02T00:00:00+00:00
[2023-09-25T07:46:56.743+0000] {processor.py:179} INFO - Processing /opt/airflow/dags/6.2-monitoring.py took 0.179 seconds
[2023-09-25T07:47:27.109+0000] {processor.py:157} INFO - Started process (PID=355) to work on /opt/airflow/dags/6.2-monitoring.py
[2023-09-25T07:47:27.112+0000] {processor.py:829} INFO - Processing file /opt/airflow/dags/6.2-monitoring.py for tasks to queue
[2023-09-25T07:47:27.115+0000] {logging_mixin.py:151} INFO - [2023-09-25T07:47:27.115+0000] {dagbag.py:539} INFO - Filling up the DagBag from /opt/airflow/dags/6.2-monitoring.py
[2023-09-25T07:47:27.209+0000] {processor.py:839} INFO - DAG(s) dict_keys(['6.2-monitoring']) retrieved from /opt/airflow/dags/6.2-monitoring.py
[2023-09-25T07:47:27.262+0000] {logging_mixin.py:151} INFO - [2023-09-25T07:47:27.261+0000] {dag.py:2915} INFO - Sync 1 DAGs
[2023-09-25T07:47:27.318+0000] {logging_mixin.py:151} INFO - [2023-09-25T07:47:27.318+0000] {dag.py:3696} INFO - Setting next_dagrun for 6.2-monitoring to 2023-09-01T00:00:00+00:00, run_after=2023-09-02T00:00:00+00:00
[2023-09-25T07:47:27.369+0000] {processor.py:179} INFO - Processing /opt/airflow/dags/6.2-monitoring.py took 0.267 seconds
[2023-09-25T07:47:57.661+0000] {processor.py:157} INFO - Started process (PID=377) to work on /opt/airflow/dags/6.2-monitoring.py
[2023-09-25T07:47:57.662+0000] {processor.py:829} INFO - Processing file /opt/airflow/dags/6.2-monitoring.py for tasks to queue
[2023-09-25T07:47:57.664+0000] {logging_mixin.py:151} INFO - [2023-09-25T07:47:57.664+0000] {dagbag.py:539} INFO - Filling up the DagBag from /opt/airflow/dags/6.2-monitoring.py
[2023-09-25T07:47:57.752+0000] {processor.py:839} INFO - DAG(s) dict_keys(['6.2-monitoring']) retrieved from /opt/airflow/dags/6.2-monitoring.py
[2023-09-25T07:47:57.836+0000] {logging_mixin.py:151} INFO - [2023-09-25T07:47:57.836+0000] {dag.py:2915} INFO - Sync 1 DAGs
[2023-09-25T07:47:57.881+0000] {logging_mixin.py:151} INFO - [2023-09-25T07:47:57.880+0000] {dag.py:3696} INFO - Setting next_dagrun for 6.2-monitoring to 2023-09-01T00:00:00+00:00, run_after=2023-09-02T00:00:00+00:00
[2023-09-25T07:47:57.907+0000] {processor.py:179} INFO - Processing /opt/airflow/dags/6.2-monitoring.py took 0.250 seconds
[2023-09-25T07:48:28.222+0000] {processor.py:157} INFO - Started process (PID=399) to work on /opt/airflow/dags/6.2-monitoring.py
[2023-09-25T07:48:28.224+0000] {processor.py:829} INFO - Processing file /opt/airflow/dags/6.2-monitoring.py for tasks to queue
[2023-09-25T07:48:28.227+0000] {logging_mixin.py:151} INFO - [2023-09-25T07:48:28.226+0000] {dagbag.py:539} INFO - Filling up the DagBag from /opt/airflow/dags/6.2-monitoring.py
[2023-09-25T07:48:28.305+0000] {processor.py:839} INFO - DAG(s) dict_keys(['6.2-monitoring']) retrieved from /opt/airflow/dags/6.2-monitoring.py
[2023-09-25T07:48:28.345+0000] {logging_mixin.py:151} INFO - [2023-09-25T07:48:28.345+0000] {dag.py:2915} INFO - Sync 1 DAGs
[2023-09-25T07:48:28.371+0000] {logging_mixin.py:151} INFO - [2023-09-25T07:48:28.371+0000] {dag.py:3696} INFO - Setting next_dagrun for 6.2-monitoring to 2023-09-01T00:00:00+00:00, run_after=2023-09-02T00:00:00+00:00
[2023-09-25T07:48:28.397+0000] {processor.py:179} INFO - Processing /opt/airflow/dags/6.2-monitoring.py took 0.179 seconds
[2023-09-25T07:48:58.707+0000] {processor.py:157} INFO - Started process (PID=421) to work on /opt/airflow/dags/6.2-monitoring.py
[2023-09-25T07:48:58.709+0000] {processor.py:829} INFO - Processing file /opt/airflow/dags/6.2-monitoring.py for tasks to queue
[2023-09-25T07:48:58.711+0000] {logging_mixin.py:151} INFO - [2023-09-25T07:48:58.711+0000] {dagbag.py:539} INFO - Filling up the DagBag from /opt/airflow/dags/6.2-monitoring.py
[2023-09-25T07:48:58.768+0000] {processor.py:839} INFO - DAG(s) dict_keys(['6.2-monitoring']) retrieved from /opt/airflow/dags/6.2-monitoring.py
[2023-09-25T07:48:58.792+0000] {logging_mixin.py:151} INFO - [2023-09-25T07:48:58.791+0000] {dag.py:2915} INFO - Sync 1 DAGs
[2023-09-25T07:48:58.815+0000] {logging_mixin.py:151} INFO - [2023-09-25T07:48:58.815+0000] {dag.py:3696} INFO - Setting next_dagrun for 6.2-monitoring to 2023-09-01T00:00:00+00:00, run_after=2023-09-02T00:00:00+00:00
[2023-09-25T07:48:58.849+0000] {processor.py:179} INFO - Processing /opt/airflow/dags/6.2-monitoring.py took 0.148 seconds
[2023-09-25T07:49:29.544+0000] {processor.py:157} INFO - Started process (PID=443) to work on /opt/airflow/dags/6.2-monitoring.py
[2023-09-25T07:49:29.546+0000] {processor.py:829} INFO - Processing file /opt/airflow/dags/6.2-monitoring.py for tasks to queue
[2023-09-25T07:49:29.548+0000] {logging_mixin.py:151} INFO - [2023-09-25T07:49:29.548+0000] {dagbag.py:539} INFO - Filling up the DagBag from /opt/airflow/dags/6.2-monitoring.py
[2023-09-25T07:49:29.626+0000] {processor.py:839} INFO - DAG(s) dict_keys(['6.2-monitoring']) retrieved from /opt/airflow/dags/6.2-monitoring.py
[2023-09-25T07:49:29.651+0000] {logging_mixin.py:151} INFO - [2023-09-25T07:49:29.651+0000] {dag.py:2915} INFO - Sync 1 DAGs
[2023-09-25T07:49:29.677+0000] {logging_mixin.py:151} INFO - [2023-09-25T07:49:29.677+0000] {dag.py:3696} INFO - Setting next_dagrun for 6.2-monitoring to 2023-09-01T00:00:00+00:00, run_after=2023-09-02T00:00:00+00:00
[2023-09-25T07:49:29.701+0000] {processor.py:179} INFO - Processing /opt/airflow/dags/6.2-monitoring.py took 0.163 seconds
[2023-09-25T07:50:00.366+0000] {processor.py:157} INFO - Started process (PID=465) to work on /opt/airflow/dags/6.2-monitoring.py
[2023-09-25T07:50:00.372+0000] {processor.py:829} INFO - Processing file /opt/airflow/dags/6.2-monitoring.py for tasks to queue
[2023-09-25T07:50:00.376+0000] {logging_mixin.py:151} INFO - [2023-09-25T07:50:00.375+0000] {dagbag.py:539} INFO - Filling up the DagBag from /opt/airflow/dags/6.2-monitoring.py
[2023-09-25T07:50:00.496+0000] {processor.py:839} INFO - DAG(s) dict_keys(['6.2-monitoring']) retrieved from /opt/airflow/dags/6.2-monitoring.py
[2023-09-25T07:50:00.558+0000] {logging_mixin.py:151} INFO - [2023-09-25T07:50:00.558+0000] {dag.py:2915} INFO - Sync 1 DAGs
[2023-09-25T07:50:00.596+0000] {logging_mixin.py:151} INFO - [2023-09-25T07:50:00.595+0000] {dag.py:3696} INFO - Setting next_dagrun for 6.2-monitoring to 2023-09-01T00:00:00+00:00, run_after=2023-09-02T00:00:00+00:00
[2023-09-25T07:50:00.632+0000] {processor.py:179} INFO - Processing /opt/airflow/dags/6.2-monitoring.py took 0.275 seconds
[2023-09-25T07:50:31.100+0000] {processor.py:157} INFO - Started process (PID=488) to work on /opt/airflow/dags/6.2-monitoring.py
[2023-09-25T07:50:31.102+0000] {processor.py:829} INFO - Processing file /opt/airflow/dags/6.2-monitoring.py for tasks to queue
[2023-09-25T07:50:31.105+0000] {logging_mixin.py:151} INFO - [2023-09-25T07:50:31.104+0000] {dagbag.py:539} INFO - Filling up the DagBag from /opt/airflow/dags/6.2-monitoring.py
[2023-09-25T07:50:31.157+0000] {processor.py:839} INFO - DAG(s) dict_keys(['6.2-monitoring']) retrieved from /opt/airflow/dags/6.2-monitoring.py
[2023-09-25T07:50:31.181+0000] {logging_mixin.py:151} INFO - [2023-09-25T07:50:31.181+0000] {dag.py:2915} INFO - Sync 1 DAGs
[2023-09-25T07:50:31.204+0000] {logging_mixin.py:151} INFO - [2023-09-25T07:50:31.204+0000] {dag.py:3696} INFO - Setting next_dagrun for 6.2-monitoring to 2023-09-01T00:00:00+00:00, run_after=2023-09-02T00:00:00+00:00
[2023-09-25T07:50:31.228+0000] {processor.py:179} INFO - Processing /opt/airflow/dags/6.2-monitoring.py took 0.137 seconds
[2023-09-25T07:51:01.894+0000] {processor.py:157} INFO - Started process (PID=510) to work on /opt/airflow/dags/6.2-monitoring.py
[2023-09-25T07:51:01.896+0000] {processor.py:829} INFO - Processing file /opt/airflow/dags/6.2-monitoring.py for tasks to queue
[2023-09-25T07:51:01.897+0000] {logging_mixin.py:151} INFO - [2023-09-25T07:51:01.897+0000] {dagbag.py:539} INFO - Filling up the DagBag from /opt/airflow/dags/6.2-monitoring.py
[2023-09-25T07:51:01.953+0000] {processor.py:839} INFO - DAG(s) dict_keys(['6.2-monitoring']) retrieved from /opt/airflow/dags/6.2-monitoring.py
[2023-09-25T07:51:01.981+0000] {logging_mixin.py:151} INFO - [2023-09-25T07:51:01.981+0000] {dag.py:2915} INFO - Sync 1 DAGs
[2023-09-25T07:51:02.024+0000] {logging_mixin.py:151} INFO - [2023-09-25T07:51:02.024+0000] {dag.py:3696} INFO - Setting next_dagrun for 6.2-monitoring to 2023-09-01T00:00:00+00:00, run_after=2023-09-02T00:00:00+00:00
[2023-09-25T07:51:02.053+0000] {processor.py:179} INFO - Processing /opt/airflow/dags/6.2-monitoring.py took 0.163 seconds
[2023-09-25T07:51:32.583+0000] {processor.py:157} INFO - Started process (PID=533) to work on /opt/airflow/dags/6.2-monitoring.py
[2023-09-25T07:51:32.585+0000] {processor.py:829} INFO - Processing file /opt/airflow/dags/6.2-monitoring.py for tasks to queue
[2023-09-25T07:51:32.586+0000] {logging_mixin.py:151} INFO - [2023-09-25T07:51:32.586+0000] {dagbag.py:539} INFO - Filling up the DagBag from /opt/airflow/dags/6.2-monitoring.py
[2023-09-25T07:51:32.636+0000] {processor.py:839} INFO - DAG(s) dict_keys(['6.2-monitoring']) retrieved from /opt/airflow/dags/6.2-monitoring.py
[2023-09-25T07:51:32.668+0000] {logging_mixin.py:151} INFO - [2023-09-25T07:51:32.668+0000] {dag.py:2915} INFO - Sync 1 DAGs
[2023-09-25T07:51:32.693+0000] {logging_mixin.py:151} INFO - [2023-09-25T07:51:32.693+0000] {dag.py:3696} INFO - Setting next_dagrun for 6.2-monitoring to 2023-09-01T00:00:00+00:00, run_after=2023-09-02T00:00:00+00:00
[2023-09-25T07:51:32.721+0000] {processor.py:179} INFO - Processing /opt/airflow/dags/6.2-monitoring.py took 0.142 seconds
[2023-09-25T07:52:03.112+0000] {processor.py:157} INFO - Started process (PID=555) to work on /opt/airflow/dags/6.2-monitoring.py
[2023-09-25T07:52:03.114+0000] {processor.py:829} INFO - Processing file /opt/airflow/dags/6.2-monitoring.py for tasks to queue
[2023-09-25T07:52:03.118+0000] {logging_mixin.py:151} INFO - [2023-09-25T07:52:03.117+0000] {dagbag.py:539} INFO - Filling up the DagBag from /opt/airflow/dags/6.2-monitoring.py
[2023-09-25T07:52:03.180+0000] {processor.py:839} INFO - DAG(s) dict_keys(['6.2-monitoring']) retrieved from /opt/airflow/dags/6.2-monitoring.py
[2023-09-25T07:52:03.205+0000] {logging_mixin.py:151} INFO - [2023-09-25T07:52:03.205+0000] {dag.py:2915} INFO - Sync 1 DAGs
[2023-09-25T07:52:03.229+0000] {logging_mixin.py:151} INFO - [2023-09-25T07:52:03.229+0000] {dag.py:3696} INFO - Setting next_dagrun for 6.2-monitoring to 2023-09-01T00:00:00+00:00, run_after=2023-09-02T00:00:00+00:00
[2023-09-25T07:52:03.253+0000] {processor.py:179} INFO - Processing /opt/airflow/dags/6.2-monitoring.py took 0.145 seconds
[2023-09-25T07:52:34.179+0000] {processor.py:157} INFO - Started process (PID=577) to work on /opt/airflow/dags/6.2-monitoring.py
[2023-09-25T07:52:34.182+0000] {processor.py:829} INFO - Processing file /opt/airflow/dags/6.2-monitoring.py for tasks to queue
[2023-09-25T07:52:34.186+0000] {logging_mixin.py:151} INFO - [2023-09-25T07:52:34.185+0000] {dagbag.py:539} INFO - Filling up the DagBag from /opt/airflow/dags/6.2-monitoring.py
[2023-09-25T07:52:34.303+0000] {processor.py:839} INFO - DAG(s) dict_keys(['6.2-monitoring']) retrieved from /opt/airflow/dags/6.2-monitoring.py
[2023-09-25T07:52:34.358+0000] {logging_mixin.py:151} INFO - [2023-09-25T07:52:34.358+0000] {dag.py:2915} INFO - Sync 1 DAGs
[2023-09-25T07:52:34.426+0000] {logging_mixin.py:151} INFO - [2023-09-25T07:52:34.425+0000] {dag.py:3696} INFO - Setting next_dagrun for 6.2-monitoring to 2023-09-01T00:00:00+00:00, run_after=2023-09-02T00:00:00+00:00
[2023-09-25T07:52:34.475+0000] {processor.py:179} INFO - Processing /opt/airflow/dags/6.2-monitoring.py took 0.304 seconds
[2023-09-25T11:14:24.984+0000] {processor.py:157} INFO - Started process (PID=40) to work on /opt/airflow/dags/6.2-monitoring.py
[2023-09-25T11:14:25.007+0000] {processor.py:829} INFO - Processing file /opt/airflow/dags/6.2-monitoring.py for tasks to queue
[2023-09-25T11:14:25.009+0000] {logging_mixin.py:151} INFO - [2023-09-25T11:14:25.008+0000] {dagbag.py:539} INFO - Filling up the DagBag from /opt/airflow/dags/6.2-monitoring.py
[2023-09-25T11:14:25.087+0000] {processor.py:839} INFO - DAG(s) dict_keys(['6.2-monitoring']) retrieved from /opt/airflow/dags/6.2-monitoring.py
[2023-09-25T11:14:25.518+0000] {logging_mixin.py:151} INFO - [2023-09-25T11:14:25.518+0000] {security.py:708} INFO - Not syncing DAG-level permissions for DAG 'DAG:6.2-monitoring' as access control is unset.
[2023-09-25T11:14:25.520+0000] {logging_mixin.py:151} INFO - [2023-09-25T11:14:25.520+0000] {dag.py:2915} INFO - Sync 1 DAGs
[2023-09-25T11:14:25.547+0000] {logging_mixin.py:151} INFO - [2023-09-25T11:14:25.547+0000] {dag.py:3696} INFO - Setting next_dagrun for 6.2-monitoring to 2023-09-01T00:00:00+00:00, run_after=2023-09-02T00:00:00+00:00
[2023-09-25T11:14:25.578+0000] {processor.py:179} INFO - Processing /opt/airflow/dags/6.2-monitoring.py took 0.599 seconds
[2023-09-25T11:14:56.539+0000] {processor.py:157} INFO - Started process (PID=63) to work on /opt/airflow/dags/6.2-monitoring.py
[2023-09-25T11:14:56.555+0000] {processor.py:829} INFO - Processing file /opt/airflow/dags/6.2-monitoring.py for tasks to queue
[2023-09-25T11:14:56.556+0000] {logging_mixin.py:151} INFO - [2023-09-25T11:14:56.556+0000] {dagbag.py:539} INFO - Filling up the DagBag from /opt/airflow/dags/6.2-monitoring.py
[2023-09-25T11:14:56.600+0000] {processor.py:839} INFO - DAG(s) dict_keys(['6.2-monitoring']) retrieved from /opt/airflow/dags/6.2-monitoring.py
[2023-09-25T11:14:56.623+0000] {logging_mixin.py:151} INFO - [2023-09-25T11:14:56.623+0000] {dag.py:2915} INFO - Sync 1 DAGs
[2023-09-25T11:14:56.644+0000] {logging_mixin.py:151} INFO - [2023-09-25T11:14:56.644+0000] {dag.py:3696} INFO - Setting next_dagrun for 6.2-monitoring to 2023-09-01T00:00:00+00:00, run_after=2023-09-02T00:00:00+00:00
[2023-09-25T11:14:56.665+0000] {processor.py:179} INFO - Processing /opt/airflow/dags/6.2-monitoring.py took 0.128 seconds
[2023-09-25T11:15:26.947+0000] {processor.py:157} INFO - Started process (PID=86) to work on /opt/airflow/dags/6.2-monitoring.py
[2023-09-25T11:15:26.948+0000] {processor.py:829} INFO - Processing file /opt/airflow/dags/6.2-monitoring.py for tasks to queue
[2023-09-25T11:15:26.950+0000] {logging_mixin.py:151} INFO - [2023-09-25T11:15:26.949+0000] {dagbag.py:539} INFO - Filling up the DagBag from /opt/airflow/dags/6.2-monitoring.py
[2023-09-25T11:15:26.997+0000] {processor.py:839} INFO - DAG(s) dict_keys(['6.2-monitoring']) retrieved from /opt/airflow/dags/6.2-monitoring.py
[2023-09-25T11:15:27.021+0000] {logging_mixin.py:151} INFO - [2023-09-25T11:15:27.021+0000] {dag.py:2915} INFO - Sync 1 DAGs
[2023-09-25T11:15:27.047+0000] {logging_mixin.py:151} INFO - [2023-09-25T11:15:27.047+0000] {dag.py:3696} INFO - Setting next_dagrun for 6.2-monitoring to 2023-09-01T00:00:00+00:00, run_after=2023-09-02T00:00:00+00:00
[2023-09-25T11:15:27.073+0000] {processor.py:179} INFO - Processing /opt/airflow/dags/6.2-monitoring.py took 0.130 seconds
[2023-09-25T11:15:57.920+0000] {processor.py:157} INFO - Started process (PID=109) to work on /opt/airflow/dags/6.2-monitoring.py
[2023-09-25T11:15:57.921+0000] {processor.py:829} INFO - Processing file /opt/airflow/dags/6.2-monitoring.py for tasks to queue
[2023-09-25T11:15:57.922+0000] {logging_mixin.py:151} INFO - [2023-09-25T11:15:57.922+0000] {dagbag.py:539} INFO - Filling up the DagBag from /opt/airflow/dags/6.2-monitoring.py
[2023-09-25T11:15:57.968+0000] {processor.py:839} INFO - DAG(s) dict_keys(['6.2-monitoring']) retrieved from /opt/airflow/dags/6.2-monitoring.py
[2023-09-25T11:15:57.990+0000] {logging_mixin.py:151} INFO - [2023-09-25T11:15:57.990+0000] {dag.py:2915} INFO - Sync 1 DAGs
[2023-09-25T11:15:58.013+0000] {logging_mixin.py:151} INFO - [2023-09-25T11:15:58.013+0000] {dag.py:3696} INFO - Setting next_dagrun for 6.2-monitoring to 2023-09-01T00:00:00+00:00, run_after=2023-09-02T00:00:00+00:00
[2023-09-25T11:15:58.037+0000] {processor.py:179} INFO - Processing /opt/airflow/dags/6.2-monitoring.py took 0.121 seconds
[2023-09-25T11:16:28.877+0000] {processor.py:157} INFO - Started process (PID=132) to work on /opt/airflow/dags/6.2-monitoring.py
[2023-09-25T11:16:28.878+0000] {processor.py:829} INFO - Processing file /opt/airflow/dags/6.2-monitoring.py for tasks to queue
[2023-09-25T11:16:28.880+0000] {logging_mixin.py:151} INFO - [2023-09-25T11:16:28.879+0000] {dagbag.py:539} INFO - Filling up the DagBag from /opt/airflow/dags/6.2-monitoring.py
[2023-09-25T11:16:28.930+0000] {processor.py:839} INFO - DAG(s) dict_keys(['6.2-monitoring']) retrieved from /opt/airflow/dags/6.2-monitoring.py
[2023-09-25T11:16:28.955+0000] {logging_mixin.py:151} INFO - [2023-09-25T11:16:28.955+0000] {dag.py:2915} INFO - Sync 1 DAGs
[2023-09-25T11:16:28.983+0000] {logging_mixin.py:151} INFO - [2023-09-25T11:16:28.982+0000] {dag.py:3696} INFO - Setting next_dagrun for 6.2-monitoring to 2023-09-01T00:00:00+00:00, run_after=2023-09-02T00:00:00+00:00
[2023-09-25T11:16:29.010+0000] {processor.py:179} INFO - Processing /opt/airflow/dags/6.2-monitoring.py took 0.136 seconds
[2023-09-25T11:16:59.947+0000] {processor.py:157} INFO - Started process (PID=155) to work on /opt/airflow/dags/6.2-monitoring.py
[2023-09-25T11:16:59.948+0000] {processor.py:829} INFO - Processing file /opt/airflow/dags/6.2-monitoring.py for tasks to queue
[2023-09-25T11:16:59.949+0000] {logging_mixin.py:151} INFO - [2023-09-25T11:16:59.949+0000] {dagbag.py:539} INFO - Filling up the DagBag from /opt/airflow/dags/6.2-monitoring.py
[2023-09-25T11:16:59.994+0000] {processor.py:839} INFO - DAG(s) dict_keys(['6.2-monitoring']) retrieved from /opt/airflow/dags/6.2-monitoring.py
[2023-09-25T11:17:00.018+0000] {logging_mixin.py:151} INFO - [2023-09-25T11:17:00.018+0000] {dag.py:2915} INFO - Sync 1 DAGs
[2023-09-25T11:17:00.040+0000] {logging_mixin.py:151} INFO - [2023-09-25T11:17:00.040+0000] {dag.py:3696} INFO - Setting next_dagrun for 6.2-monitoring to 2023-09-01T00:00:00+00:00, run_after=2023-09-02T00:00:00+00:00
[2023-09-25T11:17:00.066+0000] {processor.py:179} INFO - Processing /opt/airflow/dags/6.2-monitoring.py took 0.122 seconds
[2023-09-25T11:17:30.968+0000] {processor.py:157} INFO - Started process (PID=178) to work on /opt/airflow/dags/6.2-monitoring.py
[2023-09-25T11:17:30.969+0000] {processor.py:829} INFO - Processing file /opt/airflow/dags/6.2-monitoring.py for tasks to queue
[2023-09-25T11:17:30.971+0000] {logging_mixin.py:151} INFO - [2023-09-25T11:17:30.970+0000] {dagbag.py:539} INFO - Filling up the DagBag from /opt/airflow/dags/6.2-monitoring.py
[2023-09-25T11:17:31.020+0000] {processor.py:839} INFO - DAG(s) dict_keys(['6.2-monitoring']) retrieved from /opt/airflow/dags/6.2-monitoring.py
[2023-09-25T11:17:31.043+0000] {logging_mixin.py:151} INFO - [2023-09-25T11:17:31.043+0000] {dag.py:2915} INFO - Sync 1 DAGs
[2023-09-25T11:17:31.064+0000] {logging_mixin.py:151} INFO - [2023-09-25T11:17:31.064+0000] {dag.py:3696} INFO - Setting next_dagrun for 6.2-monitoring to 2023-09-01T00:00:00+00:00, run_after=2023-09-02T00:00:00+00:00
[2023-09-25T11:17:31.089+0000] {processor.py:179} INFO - Processing /opt/airflow/dags/6.2-monitoring.py took 0.125 seconds
[2023-09-25T11:18:01.581+0000] {processor.py:157} INFO - Started process (PID=201) to work on /opt/airflow/dags/6.2-monitoring.py
[2023-09-25T11:18:01.582+0000] {processor.py:829} INFO - Processing file /opt/airflow/dags/6.2-monitoring.py for tasks to queue
[2023-09-25T11:18:01.584+0000] {logging_mixin.py:151} INFO - [2023-09-25T11:18:01.584+0000] {dagbag.py:539} INFO - Filling up the DagBag from /opt/airflow/dags/6.2-monitoring.py
[2023-09-25T11:18:01.638+0000] {processor.py:839} INFO - DAG(s) dict_keys(['6.2-monitoring']) retrieved from /opt/airflow/dags/6.2-monitoring.py
[2023-09-25T11:18:01.673+0000] {logging_mixin.py:151} INFO - [2023-09-25T11:18:01.672+0000] {dag.py:2915} INFO - Sync 1 DAGs
[2023-09-25T11:18:01.715+0000] {logging_mixin.py:151} INFO - [2023-09-25T11:18:01.714+0000] {dag.py:3696} INFO - Setting next_dagrun for 6.2-monitoring to 2023-09-01T00:00:00+00:00, run_after=2023-09-02T00:00:00+00:00
[2023-09-25T11:18:01.750+0000] {processor.py:179} INFO - Processing /opt/airflow/dags/6.2-monitoring.py took 0.173 seconds
[2023-09-25T11:18:32.360+0000] {processor.py:157} INFO - Started process (PID=234) to work on /opt/airflow/dags/6.2-monitoring.py
[2023-09-25T11:18:32.361+0000] {processor.py:829} INFO - Processing file /opt/airflow/dags/6.2-monitoring.py for tasks to queue
[2023-09-25T11:18:32.363+0000] {logging_mixin.py:151} INFO - [2023-09-25T11:18:32.362+0000] {dagbag.py:539} INFO - Filling up the DagBag from /opt/airflow/dags/6.2-monitoring.py
[2023-09-25T11:18:32.411+0000] {processor.py:839} INFO - DAG(s) dict_keys(['6.2-monitoring']) retrieved from /opt/airflow/dags/6.2-monitoring.py
[2023-09-25T11:18:32.440+0000] {logging_mixin.py:151} INFO - [2023-09-25T11:18:32.440+0000] {dag.py:2915} INFO - Sync 1 DAGs
[2023-09-25T11:18:32.469+0000] {logging_mixin.py:151} INFO - [2023-09-25T11:18:32.469+0000] {dag.py:3696} INFO - Setting next_dagrun for 6.2-monitoring to 2023-09-01T00:00:00+00:00, run_after=2023-09-02T00:00:00+00:00
[2023-09-25T11:18:32.495+0000] {processor.py:179} INFO - Processing /opt/airflow/dags/6.2-monitoring.py took 0.139 seconds
[2023-09-25T11:19:03.391+0000] {processor.py:157} INFO - Started process (PID=257) to work on /opt/airflow/dags/6.2-monitoring.py
[2023-09-25T11:19:03.392+0000] {processor.py:829} INFO - Processing file /opt/airflow/dags/6.2-monitoring.py for tasks to queue
[2023-09-25T11:19:03.394+0000] {logging_mixin.py:151} INFO - [2023-09-25T11:19:03.393+0000] {dagbag.py:539} INFO - Filling up the DagBag from /opt/airflow/dags/6.2-monitoring.py
[2023-09-25T11:19:03.455+0000] {processor.py:839} INFO - DAG(s) dict_keys(['6.2-monitoring']) retrieved from /opt/airflow/dags/6.2-monitoring.py
[2023-09-25T11:19:03.492+0000] {logging_mixin.py:151} INFO - [2023-09-25T11:19:03.491+0000] {dag.py:2915} INFO - Sync 1 DAGs
[2023-09-25T11:19:03.524+0000] {logging_mixin.py:151} INFO - [2023-09-25T11:19:03.523+0000] {dag.py:3696} INFO - Setting next_dagrun for 6.2-monitoring to 2023-09-01T00:00:00+00:00, run_after=2023-09-02T00:00:00+00:00
[2023-09-25T11:19:03.552+0000] {processor.py:179} INFO - Processing /opt/airflow/dags/6.2-monitoring.py took 0.165 seconds
[2023-09-25T11:19:34.215+0000] {processor.py:157} INFO - Started process (PID=280) to work on /opt/airflow/dags/6.2-monitoring.py
[2023-09-25T11:19:34.217+0000] {processor.py:829} INFO - Processing file /opt/airflow/dags/6.2-monitoring.py for tasks to queue
[2023-09-25T11:19:34.218+0000] {logging_mixin.py:151} INFO - [2023-09-25T11:19:34.218+0000] {dagbag.py:539} INFO - Filling up the DagBag from /opt/airflow/dags/6.2-monitoring.py
[2023-09-25T11:19:34.268+0000] {processor.py:839} INFO - DAG(s) dict_keys(['6.2-monitoring']) retrieved from /opt/airflow/dags/6.2-monitoring.py
[2023-09-25T11:19:34.292+0000] {logging_mixin.py:151} INFO - [2023-09-25T11:19:34.292+0000] {dag.py:2915} INFO - Sync 1 DAGs
[2023-09-25T11:19:34.318+0000] {logging_mixin.py:151} INFO - [2023-09-25T11:19:34.318+0000] {dag.py:3696} INFO - Setting next_dagrun for 6.2-monitoring to 2023-09-01T00:00:00+00:00, run_after=2023-09-02T00:00:00+00:00
[2023-09-25T11:19:34.343+0000] {processor.py:179} INFO - Processing /opt/airflow/dags/6.2-monitoring.py took 0.131 seconds
[2023-09-25T11:20:05.065+0000] {processor.py:157} INFO - Started process (PID=303) to work on /opt/airflow/dags/6.2-monitoring.py
[2023-09-25T11:20:05.067+0000] {processor.py:829} INFO - Processing file /opt/airflow/dags/6.2-monitoring.py for tasks to queue
[2023-09-25T11:20:05.069+0000] {logging_mixin.py:151} INFO - [2023-09-25T11:20:05.068+0000] {dagbag.py:539} INFO - Filling up the DagBag from /opt/airflow/dags/6.2-monitoring.py
[2023-09-25T11:20:05.123+0000] {processor.py:839} INFO - DAG(s) dict_keys(['6.2-monitoring']) retrieved from /opt/airflow/dags/6.2-monitoring.py
[2023-09-25T11:20:05.149+0000] {logging_mixin.py:151} INFO - [2023-09-25T11:20:05.148+0000] {dag.py:2915} INFO - Sync 1 DAGs
[2023-09-25T11:20:05.175+0000] {logging_mixin.py:151} INFO - [2023-09-25T11:20:05.175+0000] {dag.py:3696} INFO - Setting next_dagrun for 6.2-monitoring to 2023-09-01T00:00:00+00:00, run_after=2023-09-02T00:00:00+00:00
[2023-09-25T11:20:05.202+0000] {processor.py:179} INFO - Processing /opt/airflow/dags/6.2-monitoring.py took 0.140 seconds
[2023-09-25T11:20:35.567+0000] {processor.py:157} INFO - Started process (PID=326) to work on /opt/airflow/dags/6.2-monitoring.py
[2023-09-25T11:20:35.568+0000] {processor.py:829} INFO - Processing file /opt/airflow/dags/6.2-monitoring.py for tasks to queue
[2023-09-25T11:20:35.570+0000] {logging_mixin.py:151} INFO - [2023-09-25T11:20:35.569+0000] {dagbag.py:539} INFO - Filling up the DagBag from /opt/airflow/dags/6.2-monitoring.py
[2023-09-25T11:20:35.618+0000] {processor.py:839} INFO - DAG(s) dict_keys(['6.2-monitoring']) retrieved from /opt/airflow/dags/6.2-monitoring.py
[2023-09-25T11:20:35.646+0000] {logging_mixin.py:151} INFO - [2023-09-25T11:20:35.646+0000] {dag.py:2915} INFO - Sync 1 DAGs
[2023-09-25T11:20:35.672+0000] {logging_mixin.py:151} INFO - [2023-09-25T11:20:35.672+0000] {dag.py:3696} INFO - Setting next_dagrun for 6.2-monitoring to 2023-09-01T00:00:00+00:00, run_after=2023-09-02T00:00:00+00:00
[2023-09-25T11:20:35.700+0000] {processor.py:179} INFO - Processing /opt/airflow/dags/6.2-monitoring.py took 0.137 seconds
[2023-09-25T11:21:06.035+0000] {processor.py:157} INFO - Started process (PID=349) to work on /opt/airflow/dags/6.2-monitoring.py
[2023-09-25T11:21:06.036+0000] {processor.py:829} INFO - Processing file /opt/airflow/dags/6.2-monitoring.py for tasks to queue
[2023-09-25T11:21:06.038+0000] {logging_mixin.py:151} INFO - [2023-09-25T11:21:06.037+0000] {dagbag.py:539} INFO - Filling up the DagBag from /opt/airflow/dags/6.2-monitoring.py
[2023-09-25T11:21:06.087+0000] {processor.py:839} INFO - DAG(s) dict_keys(['6.2-monitoring']) retrieved from /opt/airflow/dags/6.2-monitoring.py
[2023-09-25T11:21:06.112+0000] {logging_mixin.py:151} INFO - [2023-09-25T11:21:06.111+0000] {dag.py:2915} INFO - Sync 1 DAGs
[2023-09-25T11:21:06.138+0000] {logging_mixin.py:151} INFO - [2023-09-25T11:21:06.138+0000] {dag.py:3696} INFO - Setting next_dagrun for 6.2-monitoring to 2023-09-01T00:00:00+00:00, run_after=2023-09-02T00:00:00+00:00
[2023-09-25T11:21:06.163+0000] {processor.py:179} INFO - Processing /opt/airflow/dags/6.2-monitoring.py took 0.131 seconds
[2023-09-25T11:21:36.532+0000] {processor.py:157} INFO - Started process (PID=372) to work on /opt/airflow/dags/6.2-monitoring.py
[2023-09-25T11:21:36.533+0000] {processor.py:829} INFO - Processing file /opt/airflow/dags/6.2-monitoring.py for tasks to queue
[2023-09-25T11:21:36.534+0000] {logging_mixin.py:151} INFO - [2023-09-25T11:21:36.534+0000] {dagbag.py:539} INFO - Filling up the DagBag from /opt/airflow/dags/6.2-monitoring.py
[2023-09-25T11:21:36.581+0000] {processor.py:839} INFO - DAG(s) dict_keys(['6.2-monitoring']) retrieved from /opt/airflow/dags/6.2-monitoring.py
[2023-09-25T11:21:36.608+0000] {logging_mixin.py:151} INFO - [2023-09-25T11:21:36.607+0000] {dag.py:2915} INFO - Sync 1 DAGs
[2023-09-25T11:21:36.633+0000] {logging_mixin.py:151} INFO - [2023-09-25T11:21:36.633+0000] {dag.py:3696} INFO - Setting next_dagrun for 6.2-monitoring to 2023-09-01T00:00:00+00:00, run_after=2023-09-02T00:00:00+00:00
[2023-09-25T11:21:36.663+0000] {processor.py:179} INFO - Processing /opt/airflow/dags/6.2-monitoring.py took 0.135 seconds
[2023-09-25T11:22:06.987+0000] {processor.py:157} INFO - Started process (PID=395) to work on /opt/airflow/dags/6.2-monitoring.py
[2023-09-25T11:22:06.988+0000] {processor.py:829} INFO - Processing file /opt/airflow/dags/6.2-monitoring.py for tasks to queue
[2023-09-25T11:22:06.989+0000] {logging_mixin.py:151} INFO - [2023-09-25T11:22:06.989+0000] {dagbag.py:539} INFO - Filling up the DagBag from /opt/airflow/dags/6.2-monitoring.py
[2023-09-25T11:22:07.038+0000] {processor.py:839} INFO - DAG(s) dict_keys(['6.2-monitoring']) retrieved from /opt/airflow/dags/6.2-monitoring.py
[2023-09-25T11:22:07.063+0000] {logging_mixin.py:151} INFO - [2023-09-25T11:22:07.063+0000] {dag.py:2915} INFO - Sync 1 DAGs
[2023-09-25T11:22:07.089+0000] {logging_mixin.py:151} INFO - [2023-09-25T11:22:07.089+0000] {dag.py:3696} INFO - Setting next_dagrun for 6.2-monitoring to 2023-09-01T00:00:00+00:00, run_after=2023-09-02T00:00:00+00:00
[2023-09-25T11:22:07.115+0000] {processor.py:179} INFO - Processing /opt/airflow/dags/6.2-monitoring.py took 0.132 seconds
[2023-09-25T11:22:37.664+0000] {processor.py:157} INFO - Started process (PID=418) to work on /opt/airflow/dags/6.2-monitoring.py
[2023-09-25T11:22:37.665+0000] {processor.py:829} INFO - Processing file /opt/airflow/dags/6.2-monitoring.py for tasks to queue
[2023-09-25T11:22:37.667+0000] {logging_mixin.py:151} INFO - [2023-09-25T11:22:37.666+0000] {dagbag.py:539} INFO - Filling up the DagBag from /opt/airflow/dags/6.2-monitoring.py
[2023-09-25T11:22:37.718+0000] {processor.py:839} INFO - DAG(s) dict_keys(['6.2-monitoring']) retrieved from /opt/airflow/dags/6.2-monitoring.py
[2023-09-25T11:22:37.746+0000] {logging_mixin.py:151} INFO - [2023-09-25T11:22:37.746+0000] {dag.py:2915} INFO - Sync 1 DAGs
[2023-09-25T11:22:37.771+0000] {logging_mixin.py:151} INFO - [2023-09-25T11:22:37.771+0000] {dag.py:3696} INFO - Setting next_dagrun for 6.2-monitoring to 2023-09-01T00:00:00+00:00, run_after=2023-09-02T00:00:00+00:00
[2023-09-25T11:22:37.801+0000] {processor.py:179} INFO - Processing /opt/airflow/dags/6.2-monitoring.py took 0.140 seconds
[2023-09-25T11:23:08.154+0000] {processor.py:157} INFO - Started process (PID=441) to work on /opt/airflow/dags/6.2-monitoring.py
[2023-09-25T11:23:08.155+0000] {processor.py:829} INFO - Processing file /opt/airflow/dags/6.2-monitoring.py for tasks to queue
[2023-09-25T11:23:08.157+0000] {logging_mixin.py:151} INFO - [2023-09-25T11:23:08.156+0000] {dagbag.py:539} INFO - Filling up the DagBag from /opt/airflow/dags/6.2-monitoring.py
[2023-09-25T11:23:08.211+0000] {processor.py:839} INFO - DAG(s) dict_keys(['6.2-monitoring']) retrieved from /opt/airflow/dags/6.2-monitoring.py
[2023-09-25T11:23:08.237+0000] {logging_mixin.py:151} INFO - [2023-09-25T11:23:08.237+0000] {dag.py:2915} INFO - Sync 1 DAGs
[2023-09-25T11:23:08.278+0000] {logging_mixin.py:151} INFO - [2023-09-25T11:23:08.278+0000] {dag.py:3696} INFO - Setting next_dagrun for 6.2-monitoring to 2023-09-01T00:00:00+00:00, run_after=2023-09-02T00:00:00+00:00
[2023-09-25T11:23:08.316+0000] {processor.py:179} INFO - Processing /opt/airflow/dags/6.2-monitoring.py took 0.166 seconds
[2023-09-25T11:23:38.692+0000] {processor.py:157} INFO - Started process (PID=464) to work on /opt/airflow/dags/6.2-monitoring.py
[2023-09-25T11:23:38.693+0000] {processor.py:829} INFO - Processing file /opt/airflow/dags/6.2-monitoring.py for tasks to queue
[2023-09-25T11:23:38.695+0000] {logging_mixin.py:151} INFO - [2023-09-25T11:23:38.695+0000] {dagbag.py:539} INFO - Filling up the DagBag from /opt/airflow/dags/6.2-monitoring.py
[2023-09-25T11:23:38.755+0000] {processor.py:839} INFO - DAG(s) dict_keys(['6.2-monitoring']) retrieved from /opt/airflow/dags/6.2-monitoring.py
[2023-09-25T11:23:38.784+0000] {logging_mixin.py:151} INFO - [2023-09-25T11:23:38.783+0000] {dag.py:2915} INFO - Sync 1 DAGs
[2023-09-25T11:23:38.817+0000] {logging_mixin.py:151} INFO - [2023-09-25T11:23:38.817+0000] {dag.py:3696} INFO - Setting next_dagrun for 6.2-monitoring to 2023-09-01T00:00:00+00:00, run_after=2023-09-02T00:00:00+00:00
[2023-09-25T11:23:38.951+0000] {processor.py:179} INFO - Processing /opt/airflow/dags/6.2-monitoring.py took 0.266 seconds
[2023-09-25T11:24:09.754+0000] {processor.py:157} INFO - Started process (PID=487) to work on /opt/airflow/dags/6.2-monitoring.py
[2023-09-25T11:24:09.756+0000] {processor.py:829} INFO - Processing file /opt/airflow/dags/6.2-monitoring.py for tasks to queue
[2023-09-25T11:24:09.759+0000] {logging_mixin.py:151} INFO - [2023-09-25T11:24:09.758+0000] {dagbag.py:539} INFO - Filling up the DagBag from /opt/airflow/dags/6.2-monitoring.py
[2023-09-25T11:24:09.806+0000] {processor.py:839} INFO - DAG(s) dict_keys(['6.2-monitoring']) retrieved from /opt/airflow/dags/6.2-monitoring.py
[2023-09-25T11:24:09.830+0000] {logging_mixin.py:151} INFO - [2023-09-25T11:24:09.830+0000] {dag.py:2915} INFO - Sync 1 DAGs
[2023-09-25T11:24:09.857+0000] {logging_mixin.py:151} INFO - [2023-09-25T11:24:09.857+0000] {dag.py:3696} INFO - Setting next_dagrun for 6.2-monitoring to 2023-09-01T00:00:00+00:00, run_after=2023-09-02T00:00:00+00:00
[2023-09-25T11:24:09.883+0000] {processor.py:179} INFO - Processing /opt/airflow/dags/6.2-monitoring.py took 0.133 seconds
[2023-09-25T11:24:40.598+0000] {processor.py:157} INFO - Started process (PID=510) to work on /opt/airflow/dags/6.2-monitoring.py
[2023-09-25T11:24:40.600+0000] {processor.py:829} INFO - Processing file /opt/airflow/dags/6.2-monitoring.py for tasks to queue
[2023-09-25T11:24:40.602+0000] {logging_mixin.py:151} INFO - [2023-09-25T11:24:40.601+0000] {dagbag.py:539} INFO - Filling up the DagBag from /opt/airflow/dags/6.2-monitoring.py
[2023-09-25T11:24:40.660+0000] {processor.py:839} INFO - DAG(s) dict_keys(['6.2-monitoring']) retrieved from /opt/airflow/dags/6.2-monitoring.py
[2023-09-25T11:24:40.689+0000] {logging_mixin.py:151} INFO - [2023-09-25T11:24:40.689+0000] {dag.py:2915} INFO - Sync 1 DAGs
[2023-09-25T11:24:40.716+0000] {logging_mixin.py:151} INFO - [2023-09-25T11:24:40.716+0000] {dag.py:3696} INFO - Setting next_dagrun for 6.2-monitoring to 2023-09-01T00:00:00+00:00, run_after=2023-09-02T00:00:00+00:00
[2023-09-25T11:24:40.746+0000] {processor.py:179} INFO - Processing /opt/airflow/dags/6.2-monitoring.py took 0.154 seconds
[2023-09-25T11:25:10.957+0000] {processor.py:157} INFO - Started process (PID=533) to work on /opt/airflow/dags/6.2-monitoring.py
[2023-09-25T11:25:10.958+0000] {processor.py:829} INFO - Processing file /opt/airflow/dags/6.2-monitoring.py for tasks to queue
[2023-09-25T11:25:10.960+0000] {logging_mixin.py:151} INFO - [2023-09-25T11:25:10.960+0000] {dagbag.py:539} INFO - Filling up the DagBag from /opt/airflow/dags/6.2-monitoring.py
[2023-09-25T11:25:11.011+0000] {processor.py:839} INFO - DAG(s) dict_keys(['6.2-monitoring']) retrieved from /opt/airflow/dags/6.2-monitoring.py
[2023-09-25T11:25:11.038+0000] {logging_mixin.py:151} INFO - [2023-09-25T11:25:11.038+0000] {dag.py:2915} INFO - Sync 1 DAGs
[2023-09-25T11:25:11.113+0000] {logging_mixin.py:151} INFO - [2023-09-25T11:25:11.113+0000] {dag.py:3696} INFO - Setting next_dagrun for 6.2-monitoring to 2023-09-01T00:00:00+00:00, run_after=2023-09-02T00:00:00+00:00
[2023-09-25T11:25:11.139+0000] {processor.py:179} INFO - Processing /opt/airflow/dags/6.2-monitoring.py took 0.186 seconds
