[2023-09-25T07:32:56.732+0000] {processor.py:157} INFO - Started process (PID=43) to work on /opt/airflow/dags/7.1-ExternalTaskSensor.py
[2023-09-25T07:32:56.742+0000] {processor.py:829} INFO - Processing file /opt/airflow/dags/7.1-ExternalTaskSensor.py for tasks to queue
[2023-09-25T07:32:56.758+0000] {logging_mixin.py:151} INFO - [2023-09-25T07:32:56.754+0000] {dagbag.py:539} INFO - Filling up the DagBag from /opt/airflow/dags/7.1-ExternalTaskSensor.py
[2023-09-25T07:33:24.456+0000] {processor.py:839} INFO - DAG(s) dict_keys(['7.1-externalTaskSensor']) retrieved from /opt/airflow/dags/7.1-ExternalTaskSensor.py
[2023-09-25T07:34:03.228+0000] {processor.py:182} ERROR - Got an exception! Propagating...
Traceback (most recent call last):
  File "/home/airflow/.local/lib/python3.8/site-packages/sqlalchemy/engine/base.py", line 3371, in _wrap_pool_connect
    return fn()
  File "/home/airflow/.local/lib/python3.8/site-packages/sqlalchemy/pool/base.py", line 327, in connect
    return _ConnectionFairy._checkout(self)
  File "/home/airflow/.local/lib/python3.8/site-packages/sqlalchemy/pool/base.py", line 894, in _checkout
    fairy = _ConnectionRecord.checkout(pool)
  File "/home/airflow/.local/lib/python3.8/site-packages/sqlalchemy/pool/base.py", line 493, in checkout
    rec = pool._do_get()
  File "/home/airflow/.local/lib/python3.8/site-packages/sqlalchemy/pool/impl.py", line 146, in _do_get
    self._dec_overflow()
  File "/home/airflow/.local/lib/python3.8/site-packages/sqlalchemy/util/langhelpers.py", line 70, in __exit__
    compat.raise_(
  File "/home/airflow/.local/lib/python3.8/site-packages/sqlalchemy/util/compat.py", line 211, in raise_
    raise exception
  File "/home/airflow/.local/lib/python3.8/site-packages/sqlalchemy/pool/impl.py", line 143, in _do_get
    return self._create_connection()
  File "/home/airflow/.local/lib/python3.8/site-packages/sqlalchemy/pool/base.py", line 273, in _create_connection
    return _ConnectionRecord(self)
  File "/home/airflow/.local/lib/python3.8/site-packages/sqlalchemy/pool/base.py", line 388, in __init__
    self.__connect()
  File "/home/airflow/.local/lib/python3.8/site-packages/sqlalchemy/pool/base.py", line 691, in __connect
    pool.logger.debug("Error on connect(): %s", e)
  File "/home/airflow/.local/lib/python3.8/site-packages/sqlalchemy/util/langhelpers.py", line 70, in __exit__
    compat.raise_(
  File "/home/airflow/.local/lib/python3.8/site-packages/sqlalchemy/util/compat.py", line 211, in raise_
    raise exception
  File "/home/airflow/.local/lib/python3.8/site-packages/sqlalchemy/pool/base.py", line 686, in __connect
    self.dbapi_connection = connection = pool._invoke_creator(self)
  File "/home/airflow/.local/lib/python3.8/site-packages/sqlalchemy/engine/create.py", line 574, in connect
    return dialect.connect(*cargs, **cparams)
  File "/home/airflow/.local/lib/python3.8/site-packages/sqlalchemy/engine/default.py", line 598, in connect
    return self.dbapi.connect(*cargs, **cparams)
  File "/home/airflow/.local/lib/python3.8/site-packages/psycopg2/__init__.py", line 122, in connect
    conn = _connect(dsn, connection_factory=connection_factory, **kwasync)
psycopg2.OperationalError: could not translate host name "postgres" to address: Temporary failure in name resolution


The above exception was the direct cause of the following exception:

Traceback (most recent call last):
  File "/home/airflow/.local/lib/python3.8/site-packages/airflow/dag_processing/processor.py", line 178, in _run_file_processor
    _handle_dag_file_processing()
  File "/home/airflow/.local/lib/python3.8/site-packages/airflow/dag_processing/processor.py", line 159, in _handle_dag_file_processing
    result: tuple[int, int] = dag_file_processor.process_file(
  File "/home/airflow/.local/lib/python3.8/site-packages/airflow/utils/session.py", line 77, in wrapper
    return func(*args, session=session, **kwargs)
  File "/home/airflow/.local/lib/python3.8/site-packages/airflow/dag_processing/processor.py", line 857, in process_file
    serialize_errors = DagFileProcessor.save_dag_to_db(
  File "/home/airflow/.local/lib/python3.8/site-packages/airflow/api_internal/internal_api_call.py", line 114, in wrapper
    return func(*args, **kwargs)
  File "/home/airflow/.local/lib/python3.8/site-packages/airflow/utils/session.py", line 77, in wrapper
    return func(*args, session=session, **kwargs)
  File "/home/airflow/.local/lib/python3.8/site-packages/airflow/dag_processing/processor.py", line 893, in save_dag_to_db
    import_errors = DagBag._sync_to_db(dags=dags, processor_subdir=dag_directory, session=session)
  File "/home/airflow/.local/lib/python3.8/site-packages/airflow/utils/session.py", line 74, in wrapper
    return func(*args, **kwargs)
  File "/home/airflow/.local/lib/python3.8/site-packages/airflow/models/dagbag.py", line 657, in _sync_to_db
    for attempt in run_with_db_retries(logger=log):
  File "/home/airflow/.local/lib/python3.8/site-packages/tenacity/__init__.py", line 347, in __iter__
    do = self.iter(retry_state=retry_state)
  File "/home/airflow/.local/lib/python3.8/site-packages/tenacity/__init__.py", line 325, in iter
    raise retry_exc.reraise()
  File "/home/airflow/.local/lib/python3.8/site-packages/tenacity/__init__.py", line 158, in reraise
    raise self.last_attempt.result()
  File "/usr/local/lib/python3.8/concurrent/futures/_base.py", line 437, in result
    return self.__get_result()
  File "/usr/local/lib/python3.8/concurrent/futures/_base.py", line 389, in __get_result
    raise self._exception
  File "/home/airflow/.local/lib/python3.8/site-packages/airflow/models/dagbag.py", line 669, in _sync_to_db
    serialize_errors.extend(_serialize_dag_capturing_errors(dag, session))
  File "/home/airflow/.local/lib/python3.8/site-packages/airflow/models/dagbag.py", line 636, in _serialize_dag_capturing_errors
    dag_was_updated = SerializedDagModel.write_dag(
  File "/home/airflow/.local/lib/python3.8/site-packages/airflow/utils/session.py", line 74, in wrapper
    return func(*args, **kwargs)
  File "/home/airflow/.local/lib/python3.8/site-packages/airflow/models/serialized_dag.py", line 147, in write_dag
    if session.scalar(
  File "/home/airflow/.local/lib/python3.8/site-packages/sqlalchemy/orm/session.py", line 1747, in scalar
    return self.execute(
  File "/home/airflow/.local/lib/python3.8/site-packages/sqlalchemy/orm/session.py", line 1716, in execute
    conn = self._connection_for_bind(bind)
  File "/home/airflow/.local/lib/python3.8/site-packages/sqlalchemy/orm/session.py", line 1555, in _connection_for_bind
    return self._transaction._connection_for_bind(
  File "/home/airflow/.local/lib/python3.8/site-packages/sqlalchemy/orm/session.py", line 750, in _connection_for_bind
    conn = bind.connect()
  File "/home/airflow/.local/lib/python3.8/site-packages/sqlalchemy/future/engine.py", line 406, in connect
    return super(Engine, self).connect()
  File "/home/airflow/.local/lib/python3.8/site-packages/sqlalchemy/engine/base.py", line 3325, in connect
    return self._connection_cls(self, close_with_result=close_with_result)
  File "/home/airflow/.local/lib/python3.8/site-packages/sqlalchemy/engine/base.py", line 96, in __init__
    else engine.raw_connection()
  File "/home/airflow/.local/lib/python3.8/site-packages/sqlalchemy/engine/base.py", line 3404, in raw_connection
    return self._wrap_pool_connect(self.pool.connect, _connection)
  File "/home/airflow/.local/lib/python3.8/site-packages/sqlalchemy/engine/base.py", line 3374, in _wrap_pool_connect
    Connection._handle_dbapi_exception_noconnection(
  File "/home/airflow/.local/lib/python3.8/site-packages/sqlalchemy/engine/base.py", line 2208, in _handle_dbapi_exception_noconnection
    util.raise_(
  File "/home/airflow/.local/lib/python3.8/site-packages/sqlalchemy/util/compat.py", line 211, in raise_
    raise exception
  File "/home/airflow/.local/lib/python3.8/site-packages/sqlalchemy/engine/base.py", line 3371, in _wrap_pool_connect
    return fn()
  File "/home/airflow/.local/lib/python3.8/site-packages/sqlalchemy/pool/base.py", line 327, in connect
    return _ConnectionFairy._checkout(self)
  File "/home/airflow/.local/lib/python3.8/site-packages/sqlalchemy/pool/base.py", line 894, in _checkout
    fairy = _ConnectionRecord.checkout(pool)
  File "/home/airflow/.local/lib/python3.8/site-packages/sqlalchemy/pool/base.py", line 493, in checkout
    rec = pool._do_get()
  File "/home/airflow/.local/lib/python3.8/site-packages/sqlalchemy/pool/impl.py", line 146, in _do_get
    self._dec_overflow()
  File "/home/airflow/.local/lib/python3.8/site-packages/sqlalchemy/util/langhelpers.py", line 70, in __exit__
    compat.raise_(
  File "/home/airflow/.local/lib/python3.8/site-packages/sqlalchemy/util/compat.py", line 211, in raise_
    raise exception
  File "/home/airflow/.local/lib/python3.8/site-packages/sqlalchemy/pool/impl.py", line 143, in _do_get
    return self._create_connection()
  File "/home/airflow/.local/lib/python3.8/site-packages/sqlalchemy/pool/base.py", line 273, in _create_connection
    return _ConnectionRecord(self)
  File "/home/airflow/.local/lib/python3.8/site-packages/sqlalchemy/pool/base.py", line 388, in __init__
    self.__connect()
  File "/home/airflow/.local/lib/python3.8/site-packages/sqlalchemy/pool/base.py", line 691, in __connect
    pool.logger.debug("Error on connect(): %s", e)
  File "/home/airflow/.local/lib/python3.8/site-packages/sqlalchemy/util/langhelpers.py", line 70, in __exit__
    compat.raise_(
  File "/home/airflow/.local/lib/python3.8/site-packages/sqlalchemy/util/compat.py", line 211, in raise_
    raise exception
  File "/home/airflow/.local/lib/python3.8/site-packages/sqlalchemy/pool/base.py", line 686, in __connect
    self.dbapi_connection = connection = pool._invoke_creator(self)
  File "/home/airflow/.local/lib/python3.8/site-packages/sqlalchemy/engine/create.py", line 574, in connect
    return dialect.connect(*cargs, **cparams)
  File "/home/airflow/.local/lib/python3.8/site-packages/sqlalchemy/engine/default.py", line 598, in connect
    return self.dbapi.connect(*cargs, **cparams)
  File "/home/airflow/.local/lib/python3.8/site-packages/psycopg2/__init__.py", line 122, in connect
    conn = _connect(dsn, connection_factory=connection_factory, **kwasync)
sqlalchemy.exc.OperationalError: (psycopg2.OperationalError) could not translate host name "postgres" to address: Temporary failure in name resolution

(Background on this error at: https://sqlalche.me/e/14/e3q8)
[2023-09-25T07:40:08.376+0000] {processor.py:157} INFO - Started process (PID=38) to work on /opt/airflow/dags/7.1-ExternalTaskSensor.py
[2023-09-25T07:40:08.543+0000] {processor.py:829} INFO - Processing file /opt/airflow/dags/7.1-ExternalTaskSensor.py for tasks to queue
[2023-09-25T07:40:08.545+0000] {logging_mixin.py:151} INFO - [2023-09-25T07:40:08.545+0000] {dagbag.py:539} INFO - Filling up the DagBag from /opt/airflow/dags/7.1-ExternalTaskSensor.py
[2023-09-25T07:40:08.616+0000] {processor.py:839} INFO - DAG(s) dict_keys(['7.1-externalTaskSensor']) retrieved from /opt/airflow/dags/7.1-ExternalTaskSensor.py
[2023-09-25T07:40:09.397+0000] {logging_mixin.py:151} INFO - [2023-09-25T07:40:09.396+0000] {security.py:708} INFO - Not syncing DAG-level permissions for DAG 'DAG:7.1-externalTaskSensor' as access control is unset.
[2023-09-25T07:40:09.399+0000] {logging_mixin.py:151} INFO - [2023-09-25T07:40:09.399+0000] {dag.py:2915} INFO - Sync 1 DAGs
[2023-09-25T07:40:09.435+0000] {logging_mixin.py:151} INFO - [2023-09-25T07:40:09.434+0000] {dag.py:3696} INFO - Setting next_dagrun for 7.1-externalTaskSensor to 2023-09-01T00:00:00+00:00, run_after=2023-09-02T00:00:00+00:00
[2023-09-25T07:40:09.480+0000] {processor.py:179} INFO - Processing /opt/airflow/dags/7.1-ExternalTaskSensor.py took 1.109 seconds
[2023-09-25T07:40:39.990+0000] {processor.py:157} INFO - Started process (PID=60) to work on /opt/airflow/dags/7.1-ExternalTaskSensor.py
[2023-09-25T07:40:40.004+0000] {processor.py:829} INFO - Processing file /opt/airflow/dags/7.1-ExternalTaskSensor.py for tasks to queue
[2023-09-25T07:40:40.006+0000] {logging_mixin.py:151} INFO - [2023-09-25T07:40:40.006+0000] {dagbag.py:539} INFO - Filling up the DagBag from /opt/airflow/dags/7.1-ExternalTaskSensor.py
[2023-09-25T07:40:40.080+0000] {processor.py:839} INFO - DAG(s) dict_keys(['7.1-externalTaskSensor']) retrieved from /opt/airflow/dags/7.1-ExternalTaskSensor.py
[2023-09-25T07:40:40.104+0000] {logging_mixin.py:151} INFO - [2023-09-25T07:40:40.104+0000] {dag.py:2915} INFO - Sync 1 DAGs
[2023-09-25T07:40:40.127+0000] {logging_mixin.py:151} INFO - [2023-09-25T07:40:40.127+0000] {dag.py:3696} INFO - Setting next_dagrun for 7.1-externalTaskSensor to 2023-09-01T00:00:00+00:00, run_after=2023-09-02T00:00:00+00:00
[2023-09-25T07:40:40.175+0000] {processor.py:179} INFO - Processing /opt/airflow/dags/7.1-ExternalTaskSensor.py took 0.192 seconds
[2023-09-25T07:41:10.635+0000] {processor.py:157} INFO - Started process (PID=82) to work on /opt/airflow/dags/7.1-ExternalTaskSensor.py
[2023-09-25T07:41:10.637+0000] {processor.py:829} INFO - Processing file /opt/airflow/dags/7.1-ExternalTaskSensor.py for tasks to queue
[2023-09-25T07:41:10.640+0000] {logging_mixin.py:151} INFO - [2023-09-25T07:41:10.640+0000] {dagbag.py:539} INFO - Filling up the DagBag from /opt/airflow/dags/7.1-ExternalTaskSensor.py
[2023-09-25T07:41:10.719+0000] {processor.py:839} INFO - DAG(s) dict_keys(['7.1-externalTaskSensor']) retrieved from /opt/airflow/dags/7.1-ExternalTaskSensor.py
[2023-09-25T07:41:10.777+0000] {logging_mixin.py:151} INFO - [2023-09-25T07:41:10.777+0000] {dag.py:2915} INFO - Sync 1 DAGs
[2023-09-25T07:41:10.819+0000] {logging_mixin.py:151} INFO - [2023-09-25T07:41:10.818+0000] {dag.py:3696} INFO - Setting next_dagrun for 7.1-externalTaskSensor to 2023-09-01T00:00:00+00:00, run_after=2023-09-02T00:00:00+00:00
[2023-09-25T07:41:10.853+0000] {processor.py:179} INFO - Processing /opt/airflow/dags/7.1-ExternalTaskSensor.py took 0.227 seconds
[2023-09-25T07:41:41.104+0000] {processor.py:157} INFO - Started process (PID=104) to work on /opt/airflow/dags/7.1-ExternalTaskSensor.py
[2023-09-25T07:41:41.106+0000] {processor.py:829} INFO - Processing file /opt/airflow/dags/7.1-ExternalTaskSensor.py for tasks to queue
[2023-09-25T07:41:41.108+0000] {logging_mixin.py:151} INFO - [2023-09-25T07:41:41.108+0000] {dagbag.py:539} INFO - Filling up the DagBag from /opt/airflow/dags/7.1-ExternalTaskSensor.py
[2023-09-25T07:41:41.169+0000] {processor.py:839} INFO - DAG(s) dict_keys(['7.1-externalTaskSensor']) retrieved from /opt/airflow/dags/7.1-ExternalTaskSensor.py
[2023-09-25T07:41:41.200+0000] {logging_mixin.py:151} INFO - [2023-09-25T07:41:41.200+0000] {dag.py:2915} INFO - Sync 1 DAGs
[2023-09-25T07:41:41.236+0000] {logging_mixin.py:151} INFO - [2023-09-25T07:41:41.235+0000] {dag.py:3696} INFO - Setting next_dagrun for 7.1-externalTaskSensor to 2023-09-01T00:00:00+00:00, run_after=2023-09-02T00:00:00+00:00
[2023-09-25T07:41:41.269+0000] {processor.py:179} INFO - Processing /opt/airflow/dags/7.1-ExternalTaskSensor.py took 0.171 seconds
[2023-09-25T07:42:11.781+0000] {processor.py:157} INFO - Started process (PID=126) to work on /opt/airflow/dags/7.1-ExternalTaskSensor.py
[2023-09-25T07:42:11.783+0000] {processor.py:829} INFO - Processing file /opt/airflow/dags/7.1-ExternalTaskSensor.py for tasks to queue
[2023-09-25T07:42:11.786+0000] {logging_mixin.py:151} INFO - [2023-09-25T07:42:11.785+0000] {dagbag.py:539} INFO - Filling up the DagBag from /opt/airflow/dags/7.1-ExternalTaskSensor.py
[2023-09-25T07:42:11.843+0000] {processor.py:839} INFO - DAG(s) dict_keys(['7.1-externalTaskSensor']) retrieved from /opt/airflow/dags/7.1-ExternalTaskSensor.py
[2023-09-25T07:42:11.872+0000] {logging_mixin.py:151} INFO - [2023-09-25T07:42:11.872+0000] {dag.py:2915} INFO - Sync 1 DAGs
[2023-09-25T07:42:11.911+0000] {logging_mixin.py:151} INFO - [2023-09-25T07:42:11.910+0000] {dag.py:3696} INFO - Setting next_dagrun for 7.1-externalTaskSensor to 2023-09-01T00:00:00+00:00, run_after=2023-09-02T00:00:00+00:00
[2023-09-25T07:42:11.961+0000] {processor.py:179} INFO - Processing /opt/airflow/dags/7.1-ExternalTaskSensor.py took 0.187 seconds
[2023-09-25T07:42:42.302+0000] {processor.py:157} INFO - Started process (PID=149) to work on /opt/airflow/dags/7.1-ExternalTaskSensor.py
[2023-09-25T07:42:42.303+0000] {processor.py:829} INFO - Processing file /opt/airflow/dags/7.1-ExternalTaskSensor.py for tasks to queue
[2023-09-25T07:42:42.304+0000] {logging_mixin.py:151} INFO - [2023-09-25T07:42:42.304+0000] {dagbag.py:539} INFO - Filling up the DagBag from /opt/airflow/dags/7.1-ExternalTaskSensor.py
[2023-09-25T07:42:42.346+0000] {processor.py:839} INFO - DAG(s) dict_keys(['7.1-externalTaskSensor']) retrieved from /opt/airflow/dags/7.1-ExternalTaskSensor.py
[2023-09-25T07:42:42.369+0000] {logging_mixin.py:151} INFO - [2023-09-25T07:42:42.369+0000] {dag.py:2915} INFO - Sync 1 DAGs
[2023-09-25T07:42:42.398+0000] {logging_mixin.py:151} INFO - [2023-09-25T07:42:42.398+0000] {dag.py:3696} INFO - Setting next_dagrun for 7.1-externalTaskSensor to 2023-09-01T00:00:00+00:00, run_after=2023-09-02T00:00:00+00:00
[2023-09-25T07:42:42.427+0000] {processor.py:179} INFO - Processing /opt/airflow/dags/7.1-ExternalTaskSensor.py took 0.132 seconds
[2023-09-25T07:43:13.177+0000] {processor.py:157} INFO - Started process (PID=171) to work on /opt/airflow/dags/7.1-ExternalTaskSensor.py
[2023-09-25T07:43:13.180+0000] {processor.py:829} INFO - Processing file /opt/airflow/dags/7.1-ExternalTaskSensor.py for tasks to queue
[2023-09-25T07:43:13.182+0000] {logging_mixin.py:151} INFO - [2023-09-25T07:43:13.182+0000] {dagbag.py:539} INFO - Filling up the DagBag from /opt/airflow/dags/7.1-ExternalTaskSensor.py
[2023-09-25T07:43:13.253+0000] {processor.py:839} INFO - DAG(s) dict_keys(['7.1-externalTaskSensor']) retrieved from /opt/airflow/dags/7.1-ExternalTaskSensor.py
[2023-09-25T07:43:13.283+0000] {logging_mixin.py:151} INFO - [2023-09-25T07:43:13.283+0000] {dag.py:2915} INFO - Sync 1 DAGs
[2023-09-25T07:43:13.312+0000] {logging_mixin.py:151} INFO - [2023-09-25T07:43:13.312+0000] {dag.py:3696} INFO - Setting next_dagrun for 7.1-externalTaskSensor to 2023-09-01T00:00:00+00:00, run_after=2023-09-02T00:00:00+00:00
[2023-09-25T07:43:13.354+0000] {processor.py:179} INFO - Processing /opt/airflow/dags/7.1-ExternalTaskSensor.py took 0.184 seconds
[2023-09-25T07:43:43.972+0000] {processor.py:157} INFO - Started process (PID=193) to work on /opt/airflow/dags/7.1-ExternalTaskSensor.py
[2023-09-25T07:43:43.974+0000] {processor.py:829} INFO - Processing file /opt/airflow/dags/7.1-ExternalTaskSensor.py for tasks to queue
[2023-09-25T07:43:43.976+0000] {logging_mixin.py:151} INFO - [2023-09-25T07:43:43.976+0000] {dagbag.py:539} INFO - Filling up the DagBag from /opt/airflow/dags/7.1-ExternalTaskSensor.py
[2023-09-25T07:43:44.033+0000] {processor.py:839} INFO - DAG(s) dict_keys(['7.1-externalTaskSensor']) retrieved from /opt/airflow/dags/7.1-ExternalTaskSensor.py
[2023-09-25T07:43:44.087+0000] {logging_mixin.py:151} INFO - [2023-09-25T07:43:44.087+0000] {dag.py:2915} INFO - Sync 1 DAGs
[2023-09-25T07:43:44.127+0000] {logging_mixin.py:151} INFO - [2023-09-25T07:43:44.126+0000] {dag.py:3696} INFO - Setting next_dagrun for 7.1-externalTaskSensor to 2023-09-01T00:00:00+00:00, run_after=2023-09-02T00:00:00+00:00
[2023-09-25T07:43:44.165+0000] {processor.py:179} INFO - Processing /opt/airflow/dags/7.1-ExternalTaskSensor.py took 0.197 seconds
[2023-09-25T07:44:15.321+0000] {processor.py:157} INFO - Started process (PID=215) to work on /opt/airflow/dags/7.1-ExternalTaskSensor.py
[2023-09-25T07:44:15.323+0000] {processor.py:829} INFO - Processing file /opt/airflow/dags/7.1-ExternalTaskSensor.py for tasks to queue
[2023-09-25T07:44:15.325+0000] {logging_mixin.py:151} INFO - [2023-09-25T07:44:15.325+0000] {dagbag.py:539} INFO - Filling up the DagBag from /opt/airflow/dags/7.1-ExternalTaskSensor.py
[2023-09-25T07:44:15.404+0000] {processor.py:839} INFO - DAG(s) dict_keys(['7.1-externalTaskSensor']) retrieved from /opt/airflow/dags/7.1-ExternalTaskSensor.py
[2023-09-25T07:44:15.434+0000] {logging_mixin.py:151} INFO - [2023-09-25T07:44:15.433+0000] {dag.py:2915} INFO - Sync 1 DAGs
[2023-09-25T07:44:15.458+0000] {logging_mixin.py:151} INFO - [2023-09-25T07:44:15.458+0000] {dag.py:3696} INFO - Setting next_dagrun for 7.1-externalTaskSensor to 2023-09-01T00:00:00+00:00, run_after=2023-09-02T00:00:00+00:00
[2023-09-25T07:44:15.498+0000] {processor.py:179} INFO - Processing /opt/airflow/dags/7.1-ExternalTaskSensor.py took 0.185 seconds
[2023-09-25T07:44:53.402+0000] {processor.py:157} INFO - Started process (PID=244) to work on /opt/airflow/dags/7.1-ExternalTaskSensor.py
[2023-09-25T07:44:53.420+0000] {processor.py:829} INFO - Processing file /opt/airflow/dags/7.1-ExternalTaskSensor.py for tasks to queue
[2023-09-25T07:44:53.445+0000] {logging_mixin.py:151} INFO - [2023-09-25T07:44:53.444+0000] {dagbag.py:539} INFO - Filling up the DagBag from /opt/airflow/dags/7.1-ExternalTaskSensor.py
[2023-09-25T07:44:53.674+0000] {processor.py:839} INFO - DAG(s) dict_keys(['7.1-externalTaskSensor']) retrieved from /opt/airflow/dags/7.1-ExternalTaskSensor.py
[2023-09-25T07:44:53.726+0000] {logging_mixin.py:151} INFO - [2023-09-25T07:44:53.726+0000] {dag.py:2915} INFO - Sync 1 DAGs
[2023-09-25T07:44:53.803+0000] {logging_mixin.py:151} INFO - [2023-09-25T07:44:53.803+0000] {dag.py:3696} INFO - Setting next_dagrun for 7.1-externalTaskSensor to 2023-09-01T00:00:00+00:00, run_after=2023-09-02T00:00:00+00:00
[2023-09-25T07:44:53.912+0000] {processor.py:179} INFO - Processing /opt/airflow/dags/7.1-ExternalTaskSensor.py took 0.526 seconds
[2023-09-25T07:45:24.753+0000] {processor.py:157} INFO - Started process (PID=266) to work on /opt/airflow/dags/7.1-ExternalTaskSensor.py
[2023-09-25T07:45:24.755+0000] {processor.py:829} INFO - Processing file /opt/airflow/dags/7.1-ExternalTaskSensor.py for tasks to queue
[2023-09-25T07:45:24.758+0000] {logging_mixin.py:151} INFO - [2023-09-25T07:45:24.757+0000] {dagbag.py:539} INFO - Filling up the DagBag from /opt/airflow/dags/7.1-ExternalTaskSensor.py
[2023-09-25T07:45:25.094+0000] {processor.py:839} INFO - DAG(s) dict_keys(['7.1-externalTaskSensor']) retrieved from /opt/airflow/dags/7.1-ExternalTaskSensor.py
[2023-09-25T07:45:25.265+0000] {logging_mixin.py:151} INFO - [2023-09-25T07:45:25.265+0000] {dag.py:2915} INFO - Sync 1 DAGs
[2023-09-25T07:45:25.364+0000] {logging_mixin.py:151} INFO - [2023-09-25T07:45:25.363+0000] {dag.py:3696} INFO - Setting next_dagrun for 7.1-externalTaskSensor to 2023-09-01T00:00:00+00:00, run_after=2023-09-02T00:00:00+00:00
[2023-09-25T07:45:25.429+0000] {processor.py:179} INFO - Processing /opt/airflow/dags/7.1-ExternalTaskSensor.py took 0.686 seconds
[2023-09-25T07:45:55.593+0000] {processor.py:157} INFO - Started process (PID=288) to work on /opt/airflow/dags/7.1-ExternalTaskSensor.py
[2023-09-25T07:45:55.595+0000] {processor.py:829} INFO - Processing file /opt/airflow/dags/7.1-ExternalTaskSensor.py for tasks to queue
[2023-09-25T07:45:55.597+0000] {logging_mixin.py:151} INFO - [2023-09-25T07:45:55.596+0000] {dagbag.py:539} INFO - Filling up the DagBag from /opt/airflow/dags/7.1-ExternalTaskSensor.py
[2023-09-25T07:45:55.643+0000] {processor.py:839} INFO - DAG(s) dict_keys(['7.1-externalTaskSensor']) retrieved from /opt/airflow/dags/7.1-ExternalTaskSensor.py
[2023-09-25T07:45:55.669+0000] {logging_mixin.py:151} INFO - [2023-09-25T07:45:55.668+0000] {dag.py:2915} INFO - Sync 1 DAGs
[2023-09-25T07:45:55.701+0000] {logging_mixin.py:151} INFO - [2023-09-25T07:45:55.701+0000] {dag.py:3696} INFO - Setting next_dagrun for 7.1-externalTaskSensor to 2023-09-01T00:00:00+00:00, run_after=2023-09-02T00:00:00+00:00
[2023-09-25T07:45:55.727+0000] {processor.py:179} INFO - Processing /opt/airflow/dags/7.1-ExternalTaskSensor.py took 0.138 seconds
[2023-09-25T07:46:26.013+0000] {processor.py:157} INFO - Started process (PID=310) to work on /opt/airflow/dags/7.1-ExternalTaskSensor.py
[2023-09-25T07:46:26.015+0000] {processor.py:829} INFO - Processing file /opt/airflow/dags/7.1-ExternalTaskSensor.py for tasks to queue
[2023-09-25T07:46:26.018+0000] {logging_mixin.py:151} INFO - [2023-09-25T07:46:26.017+0000] {dagbag.py:539} INFO - Filling up the DagBag from /opt/airflow/dags/7.1-ExternalTaskSensor.py
[2023-09-25T07:46:26.095+0000] {processor.py:839} INFO - DAG(s) dict_keys(['7.1-externalTaskSensor']) retrieved from /opt/airflow/dags/7.1-ExternalTaskSensor.py
[2023-09-25T07:46:26.127+0000] {logging_mixin.py:151} INFO - [2023-09-25T07:46:26.126+0000] {dag.py:2915} INFO - Sync 1 DAGs
[2023-09-25T07:46:26.153+0000] {logging_mixin.py:151} INFO - [2023-09-25T07:46:26.153+0000] {dag.py:3696} INFO - Setting next_dagrun for 7.1-externalTaskSensor to 2023-09-01T00:00:00+00:00, run_after=2023-09-02T00:00:00+00:00
[2023-09-25T07:46:26.185+0000] {processor.py:179} INFO - Processing /opt/airflow/dags/7.1-ExternalTaskSensor.py took 0.180 seconds
[2023-09-25T07:46:56.556+0000] {processor.py:157} INFO - Started process (PID=332) to work on /opt/airflow/dags/7.1-ExternalTaskSensor.py
[2023-09-25T07:46:56.559+0000] {processor.py:829} INFO - Processing file /opt/airflow/dags/7.1-ExternalTaskSensor.py for tasks to queue
[2023-09-25T07:46:56.562+0000] {logging_mixin.py:151} INFO - [2023-09-25T07:46:56.561+0000] {dagbag.py:539} INFO - Filling up the DagBag from /opt/airflow/dags/7.1-ExternalTaskSensor.py
[2023-09-25T07:46:56.650+0000] {processor.py:839} INFO - DAG(s) dict_keys(['7.1-externalTaskSensor']) retrieved from /opt/airflow/dags/7.1-ExternalTaskSensor.py
[2023-09-25T07:46:56.683+0000] {logging_mixin.py:151} INFO - [2023-09-25T07:46:56.683+0000] {dag.py:2915} INFO - Sync 1 DAGs
[2023-09-25T07:46:56.708+0000] {logging_mixin.py:151} INFO - [2023-09-25T07:46:56.708+0000] {dag.py:3696} INFO - Setting next_dagrun for 7.1-externalTaskSensor to 2023-09-01T00:00:00+00:00, run_after=2023-09-02T00:00:00+00:00
[2023-09-25T07:46:56.737+0000] {processor.py:179} INFO - Processing /opt/airflow/dags/7.1-ExternalTaskSensor.py took 0.191 seconds
[2023-09-25T07:47:27.084+0000] {processor.py:157} INFO - Started process (PID=354) to work on /opt/airflow/dags/7.1-ExternalTaskSensor.py
[2023-09-25T07:47:27.087+0000] {processor.py:829} INFO - Processing file /opt/airflow/dags/7.1-ExternalTaskSensor.py for tasks to queue
[2023-09-25T07:47:27.091+0000] {logging_mixin.py:151} INFO - [2023-09-25T07:47:27.090+0000] {dagbag.py:539} INFO - Filling up the DagBag from /opt/airflow/dags/7.1-ExternalTaskSensor.py
[2023-09-25T07:47:27.192+0000] {processor.py:839} INFO - DAG(s) dict_keys(['7.1-externalTaskSensor']) retrieved from /opt/airflow/dags/7.1-ExternalTaskSensor.py
[2023-09-25T07:47:27.242+0000] {logging_mixin.py:151} INFO - [2023-09-25T07:47:27.242+0000] {dag.py:2915} INFO - Sync 1 DAGs
[2023-09-25T07:47:27.300+0000] {logging_mixin.py:151} INFO - [2023-09-25T07:47:27.299+0000] {dag.py:3696} INFO - Setting next_dagrun for 7.1-externalTaskSensor to 2023-09-01T00:00:00+00:00, run_after=2023-09-02T00:00:00+00:00
[2023-09-25T07:47:27.354+0000] {processor.py:179} INFO - Processing /opt/airflow/dags/7.1-ExternalTaskSensor.py took 0.282 seconds
[2023-09-25T07:47:57.647+0000] {processor.py:157} INFO - Started process (PID=376) to work on /opt/airflow/dags/7.1-ExternalTaskSensor.py
[2023-09-25T07:47:57.648+0000] {processor.py:829} INFO - Processing file /opt/airflow/dags/7.1-ExternalTaskSensor.py for tasks to queue
[2023-09-25T07:47:57.649+0000] {logging_mixin.py:151} INFO - [2023-09-25T07:47:57.649+0000] {dagbag.py:539} INFO - Filling up the DagBag from /opt/airflow/dags/7.1-ExternalTaskSensor.py
[2023-09-25T07:47:57.725+0000] {processor.py:839} INFO - DAG(s) dict_keys(['7.1-externalTaskSensor']) retrieved from /opt/airflow/dags/7.1-ExternalTaskSensor.py
[2023-09-25T07:47:57.779+0000] {logging_mixin.py:151} INFO - [2023-09-25T07:47:57.778+0000] {dag.py:2915} INFO - Sync 1 DAGs
[2023-09-25T07:47:57.869+0000] {logging_mixin.py:151} INFO - [2023-09-25T07:47:57.869+0000] {dag.py:3696} INFO - Setting next_dagrun for 7.1-externalTaskSensor to 2023-09-01T00:00:00+00:00, run_after=2023-09-02T00:00:00+00:00
[2023-09-25T07:47:57.899+0000] {processor.py:179} INFO - Processing /opt/airflow/dags/7.1-ExternalTaskSensor.py took 0.256 seconds
[2023-09-25T07:48:28.211+0000] {processor.py:157} INFO - Started process (PID=398) to work on /opt/airflow/dags/7.1-ExternalTaskSensor.py
[2023-09-25T07:48:28.213+0000] {processor.py:829} INFO - Processing file /opt/airflow/dags/7.1-ExternalTaskSensor.py for tasks to queue
[2023-09-25T07:48:28.215+0000] {logging_mixin.py:151} INFO - [2023-09-25T07:48:28.214+0000] {dagbag.py:539} INFO - Filling up the DagBag from /opt/airflow/dags/7.1-ExternalTaskSensor.py
[2023-09-25T07:48:28.289+0000] {processor.py:839} INFO - DAG(s) dict_keys(['7.1-externalTaskSensor']) retrieved from /opt/airflow/dags/7.1-ExternalTaskSensor.py
[2023-09-25T07:48:28.329+0000] {logging_mixin.py:151} INFO - [2023-09-25T07:48:28.328+0000] {dag.py:2915} INFO - Sync 1 DAGs
[2023-09-25T07:48:28.359+0000] {logging_mixin.py:151} INFO - [2023-09-25T07:48:28.359+0000] {dag.py:3696} INFO - Setting next_dagrun for 7.1-externalTaskSensor to 2023-09-01T00:00:00+00:00, run_after=2023-09-02T00:00:00+00:00
[2023-09-25T07:48:28.387+0000] {processor.py:179} INFO - Processing /opt/airflow/dags/7.1-ExternalTaskSensor.py took 0.179 seconds
[2023-09-25T07:48:58.689+0000] {processor.py:157} INFO - Started process (PID=420) to work on /opt/airflow/dags/7.1-ExternalTaskSensor.py
[2023-09-25T07:48:58.691+0000] {processor.py:829} INFO - Processing file /opt/airflow/dags/7.1-ExternalTaskSensor.py for tasks to queue
[2023-09-25T07:48:58.695+0000] {logging_mixin.py:151} INFO - [2023-09-25T07:48:58.695+0000] {dagbag.py:539} INFO - Filling up the DagBag from /opt/airflow/dags/7.1-ExternalTaskSensor.py
[2023-09-25T07:48:58.760+0000] {processor.py:839} INFO - DAG(s) dict_keys(['7.1-externalTaskSensor']) retrieved from /opt/airflow/dags/7.1-ExternalTaskSensor.py
[2023-09-25T07:48:58.782+0000] {logging_mixin.py:151} INFO - [2023-09-25T07:48:58.782+0000] {dag.py:2915} INFO - Sync 1 DAGs
[2023-09-25T07:48:58.805+0000] {logging_mixin.py:151} INFO - [2023-09-25T07:48:58.805+0000] {dag.py:3696} INFO - Setting next_dagrun for 7.1-externalTaskSensor to 2023-09-01T00:00:00+00:00, run_after=2023-09-02T00:00:00+00:00
[2023-09-25T07:48:58.841+0000] {processor.py:179} INFO - Processing /opt/airflow/dags/7.1-ExternalTaskSensor.py took 0.158 seconds
[2023-09-25T07:49:29.527+0000] {processor.py:157} INFO - Started process (PID=442) to work on /opt/airflow/dags/7.1-ExternalTaskSensor.py
[2023-09-25T07:49:29.530+0000] {processor.py:829} INFO - Processing file /opt/airflow/dags/7.1-ExternalTaskSensor.py for tasks to queue
[2023-09-25T07:49:29.533+0000] {logging_mixin.py:151} INFO - [2023-09-25T07:49:29.532+0000] {dagbag.py:539} INFO - Filling up the DagBag from /opt/airflow/dags/7.1-ExternalTaskSensor.py
[2023-09-25T07:49:29.616+0000] {processor.py:839} INFO - DAG(s) dict_keys(['7.1-externalTaskSensor']) retrieved from /opt/airflow/dags/7.1-ExternalTaskSensor.py
[2023-09-25T07:49:29.641+0000] {logging_mixin.py:151} INFO - [2023-09-25T07:49:29.641+0000] {dag.py:2915} INFO - Sync 1 DAGs
[2023-09-25T07:49:29.668+0000] {logging_mixin.py:151} INFO - [2023-09-25T07:49:29.668+0000] {dag.py:3696} INFO - Setting next_dagrun for 7.1-externalTaskSensor to 2023-09-01T00:00:00+00:00, run_after=2023-09-02T00:00:00+00:00
[2023-09-25T07:49:29.696+0000] {processor.py:179} INFO - Processing /opt/airflow/dags/7.1-ExternalTaskSensor.py took 0.176 seconds
[2023-09-25T07:50:00.339+0000] {processor.py:157} INFO - Started process (PID=464) to work on /opt/airflow/dags/7.1-ExternalTaskSensor.py
[2023-09-25T07:50:00.342+0000] {processor.py:829} INFO - Processing file /opt/airflow/dags/7.1-ExternalTaskSensor.py for tasks to queue
[2023-09-25T07:50:00.347+0000] {logging_mixin.py:151} INFO - [2023-09-25T07:50:00.345+0000] {dagbag.py:539} INFO - Filling up the DagBag from /opt/airflow/dags/7.1-ExternalTaskSensor.py
[2023-09-25T07:50:00.459+0000] {processor.py:839} INFO - DAG(s) dict_keys(['7.1-externalTaskSensor']) retrieved from /opt/airflow/dags/7.1-ExternalTaskSensor.py
[2023-09-25T07:50:00.526+0000] {logging_mixin.py:151} INFO - [2023-09-25T07:50:00.526+0000] {dag.py:2915} INFO - Sync 1 DAGs
[2023-09-25T07:50:00.577+0000] {logging_mixin.py:151} INFO - [2023-09-25T07:50:00.577+0000] {dag.py:3696} INFO - Setting next_dagrun for 7.1-externalTaskSensor to 2023-09-01T00:00:00+00:00, run_after=2023-09-02T00:00:00+00:00
[2023-09-25T07:50:00.616+0000] {processor.py:179} INFO - Processing /opt/airflow/dags/7.1-ExternalTaskSensor.py took 0.292 seconds
[2023-09-25T07:50:31.080+0000] {processor.py:157} INFO - Started process (PID=487) to work on /opt/airflow/dags/7.1-ExternalTaskSensor.py
[2023-09-25T07:50:31.082+0000] {processor.py:829} INFO - Processing file /opt/airflow/dags/7.1-ExternalTaskSensor.py for tasks to queue
[2023-09-25T07:50:31.085+0000] {logging_mixin.py:151} INFO - [2023-09-25T07:50:31.085+0000] {dagbag.py:539} INFO - Filling up the DagBag from /opt/airflow/dags/7.1-ExternalTaskSensor.py
[2023-09-25T07:50:31.145+0000] {processor.py:839} INFO - DAG(s) dict_keys(['7.1-externalTaskSensor']) retrieved from /opt/airflow/dags/7.1-ExternalTaskSensor.py
[2023-09-25T07:50:31.168+0000] {logging_mixin.py:151} INFO - [2023-09-25T07:50:31.168+0000] {dag.py:2915} INFO - Sync 1 DAGs
[2023-09-25T07:50:31.193+0000] {logging_mixin.py:151} INFO - [2023-09-25T07:50:31.192+0000] {dag.py:3696} INFO - Setting next_dagrun for 7.1-externalTaskSensor to 2023-09-01T00:00:00+00:00, run_after=2023-09-02T00:00:00+00:00
[2023-09-25T07:50:31.220+0000] {processor.py:179} INFO - Processing /opt/airflow/dags/7.1-ExternalTaskSensor.py took 0.148 seconds
[2023-09-25T07:51:01.882+0000] {processor.py:157} INFO - Started process (PID=509) to work on /opt/airflow/dags/7.1-ExternalTaskSensor.py
[2023-09-25T07:51:01.884+0000] {processor.py:829} INFO - Processing file /opt/airflow/dags/7.1-ExternalTaskSensor.py for tasks to queue
[2023-09-25T07:51:01.885+0000] {logging_mixin.py:151} INFO - [2023-09-25T07:51:01.885+0000] {dagbag.py:539} INFO - Filling up the DagBag from /opt/airflow/dags/7.1-ExternalTaskSensor.py
[2023-09-25T07:51:01.937+0000] {processor.py:839} INFO - DAG(s) dict_keys(['7.1-externalTaskSensor']) retrieved from /opt/airflow/dags/7.1-ExternalTaskSensor.py
[2023-09-25T07:51:01.968+0000] {logging_mixin.py:151} INFO - [2023-09-25T07:51:01.968+0000] {dag.py:2915} INFO - Sync 1 DAGs
[2023-09-25T07:51:01.997+0000] {logging_mixin.py:151} INFO - [2023-09-25T07:51:01.997+0000] {dag.py:3696} INFO - Setting next_dagrun for 7.1-externalTaskSensor to 2023-09-01T00:00:00+00:00, run_after=2023-09-02T00:00:00+00:00
[2023-09-25T07:51:02.027+0000] {processor.py:179} INFO - Processing /opt/airflow/dags/7.1-ExternalTaskSensor.py took 0.148 seconds
[2023-09-25T07:51:32.572+0000] {processor.py:157} INFO - Started process (PID=532) to work on /opt/airflow/dags/7.1-ExternalTaskSensor.py
[2023-09-25T07:51:32.573+0000] {processor.py:829} INFO - Processing file /opt/airflow/dags/7.1-ExternalTaskSensor.py for tasks to queue
[2023-09-25T07:51:32.575+0000] {logging_mixin.py:151} INFO - [2023-09-25T07:51:32.574+0000] {dagbag.py:539} INFO - Filling up the DagBag from /opt/airflow/dags/7.1-ExternalTaskSensor.py
[2023-09-25T07:51:32.626+0000] {processor.py:839} INFO - DAG(s) dict_keys(['7.1-externalTaskSensor']) retrieved from /opt/airflow/dags/7.1-ExternalTaskSensor.py
[2023-09-25T07:51:32.652+0000] {logging_mixin.py:151} INFO - [2023-09-25T07:51:32.652+0000] {dag.py:2915} INFO - Sync 1 DAGs
[2023-09-25T07:51:32.683+0000] {logging_mixin.py:151} INFO - [2023-09-25T07:51:32.682+0000] {dag.py:3696} INFO - Setting next_dagrun for 7.1-externalTaskSensor to 2023-09-01T00:00:00+00:00, run_after=2023-09-02T00:00:00+00:00
[2023-09-25T07:51:32.708+0000] {processor.py:179} INFO - Processing /opt/airflow/dags/7.1-ExternalTaskSensor.py took 0.140 seconds
[2023-09-25T07:52:03.100+0000] {processor.py:157} INFO - Started process (PID=554) to work on /opt/airflow/dags/7.1-ExternalTaskSensor.py
[2023-09-25T07:52:03.102+0000] {processor.py:829} INFO - Processing file /opt/airflow/dags/7.1-ExternalTaskSensor.py for tasks to queue
[2023-09-25T07:52:03.105+0000] {logging_mixin.py:151} INFO - [2023-09-25T07:52:03.105+0000] {dagbag.py:539} INFO - Filling up the DagBag from /opt/airflow/dags/7.1-ExternalTaskSensor.py
[2023-09-25T07:52:03.171+0000] {processor.py:839} INFO - DAG(s) dict_keys(['7.1-externalTaskSensor']) retrieved from /opt/airflow/dags/7.1-ExternalTaskSensor.py
[2023-09-25T07:52:03.193+0000] {logging_mixin.py:151} INFO - [2023-09-25T07:52:03.193+0000] {dag.py:2915} INFO - Sync 1 DAGs
[2023-09-25T07:52:03.219+0000] {logging_mixin.py:151} INFO - [2023-09-25T07:52:03.219+0000] {dag.py:3696} INFO - Setting next_dagrun for 7.1-externalTaskSensor to 2023-09-01T00:00:00+00:00, run_after=2023-09-02T00:00:00+00:00
[2023-09-25T07:52:03.247+0000] {processor.py:179} INFO - Processing /opt/airflow/dags/7.1-ExternalTaskSensor.py took 0.153 seconds
[2023-09-25T07:52:34.158+0000] {processor.py:157} INFO - Started process (PID=576) to work on /opt/airflow/dags/7.1-ExternalTaskSensor.py
[2023-09-25T07:52:34.161+0000] {processor.py:829} INFO - Processing file /opt/airflow/dags/7.1-ExternalTaskSensor.py for tasks to queue
[2023-09-25T07:52:34.165+0000] {logging_mixin.py:151} INFO - [2023-09-25T07:52:34.164+0000] {dagbag.py:539} INFO - Filling up the DagBag from /opt/airflow/dags/7.1-ExternalTaskSensor.py
[2023-09-25T07:52:34.286+0000] {processor.py:839} INFO - DAG(s) dict_keys(['7.1-externalTaskSensor']) retrieved from /opt/airflow/dags/7.1-ExternalTaskSensor.py
[2023-09-25T07:52:34.336+0000] {logging_mixin.py:151} INFO - [2023-09-25T07:52:34.335+0000] {dag.py:2915} INFO - Sync 1 DAGs
[2023-09-25T07:52:34.409+0000] {logging_mixin.py:151} INFO - [2023-09-25T07:52:34.408+0000] {dag.py:3696} INFO - Setting next_dagrun for 7.1-externalTaskSensor to 2023-09-01T00:00:00+00:00, run_after=2023-09-02T00:00:00+00:00
[2023-09-25T07:52:34.464+0000] {processor.py:179} INFO - Processing /opt/airflow/dags/7.1-ExternalTaskSensor.py took 0.314 seconds
[2023-09-25T11:14:24.616+0000] {processor.py:157} INFO - Started process (PID=39) to work on /opt/airflow/dags/7.1-ExternalTaskSensor.py
[2023-09-25T11:14:24.618+0000] {processor.py:829} INFO - Processing file /opt/airflow/dags/7.1-ExternalTaskSensor.py for tasks to queue
[2023-09-25T11:14:24.620+0000] {logging_mixin.py:151} INFO - [2023-09-25T11:14:24.619+0000] {dagbag.py:539} INFO - Filling up the DagBag from /opt/airflow/dags/7.1-ExternalTaskSensor.py
[2023-09-25T11:14:24.690+0000] {processor.py:839} INFO - DAG(s) dict_keys(['7.1-externalTaskSensor']) retrieved from /opt/airflow/dags/7.1-ExternalTaskSensor.py
[2023-09-25T11:14:25.196+0000] {logging_mixin.py:151} INFO - [2023-09-25T11:14:25.195+0000] {security.py:708} INFO - Not syncing DAG-level permissions for DAG 'DAG:7.1-externalTaskSensor' as access control is unset.
[2023-09-25T11:14:25.198+0000] {logging_mixin.py:151} INFO - [2023-09-25T11:14:25.198+0000] {dag.py:2915} INFO - Sync 1 DAGs
[2023-09-25T11:14:25.245+0000] {logging_mixin.py:151} INFO - [2023-09-25T11:14:25.245+0000] {dag.py:3696} INFO - Setting next_dagrun for 7.1-externalTaskSensor to 2023-09-01T00:00:00+00:00, run_after=2023-09-02T00:00:00+00:00
[2023-09-25T11:14:25.287+0000] {processor.py:179} INFO - Processing /opt/airflow/dags/7.1-ExternalTaskSensor.py took 0.677 seconds
[2023-09-25T11:14:56.317+0000] {processor.py:157} INFO - Started process (PID=62) to work on /opt/airflow/dags/7.1-ExternalTaskSensor.py
[2023-09-25T11:14:56.335+0000] {processor.py:829} INFO - Processing file /opt/airflow/dags/7.1-ExternalTaskSensor.py for tasks to queue
[2023-09-25T11:14:56.337+0000] {logging_mixin.py:151} INFO - [2023-09-25T11:14:56.337+0000] {dagbag.py:539} INFO - Filling up the DagBag from /opt/airflow/dags/7.1-ExternalTaskSensor.py
[2023-09-25T11:14:56.382+0000] {processor.py:839} INFO - DAG(s) dict_keys(['7.1-externalTaskSensor']) retrieved from /opt/airflow/dags/7.1-ExternalTaskSensor.py
[2023-09-25T11:14:56.402+0000] {logging_mixin.py:151} INFO - [2023-09-25T11:14:56.402+0000] {dag.py:2915} INFO - Sync 1 DAGs
[2023-09-25T11:14:56.423+0000] {logging_mixin.py:151} INFO - [2023-09-25T11:14:56.423+0000] {dag.py:3696} INFO - Setting next_dagrun for 7.1-externalTaskSensor to 2023-09-01T00:00:00+00:00, run_after=2023-09-02T00:00:00+00:00
[2023-09-25T11:14:56.444+0000] {processor.py:179} INFO - Processing /opt/airflow/dags/7.1-ExternalTaskSensor.py took 0.130 seconds
[2023-09-25T11:15:26.936+0000] {processor.py:157} INFO - Started process (PID=85) to work on /opt/airflow/dags/7.1-ExternalTaskSensor.py
[2023-09-25T11:15:26.938+0000] {processor.py:829} INFO - Processing file /opt/airflow/dags/7.1-ExternalTaskSensor.py for tasks to queue
[2023-09-25T11:15:26.939+0000] {logging_mixin.py:151} INFO - [2023-09-25T11:15:26.939+0000] {dagbag.py:539} INFO - Filling up the DagBag from /opt/airflow/dags/7.1-ExternalTaskSensor.py
[2023-09-25T11:15:26.988+0000] {processor.py:839} INFO - DAG(s) dict_keys(['7.1-externalTaskSensor']) retrieved from /opt/airflow/dags/7.1-ExternalTaskSensor.py
[2023-09-25T11:15:27.011+0000] {logging_mixin.py:151} INFO - [2023-09-25T11:15:27.011+0000] {dag.py:2915} INFO - Sync 1 DAGs
[2023-09-25T11:15:27.034+0000] {logging_mixin.py:151} INFO - [2023-09-25T11:15:27.034+0000] {dag.py:3696} INFO - Setting next_dagrun for 7.1-externalTaskSensor to 2023-09-01T00:00:00+00:00, run_after=2023-09-02T00:00:00+00:00
[2023-09-25T11:15:27.060+0000] {processor.py:179} INFO - Processing /opt/airflow/dags/7.1-ExternalTaskSensor.py took 0.128 seconds
[2023-09-25T11:15:57.911+0000] {processor.py:157} INFO - Started process (PID=108) to work on /opt/airflow/dags/7.1-ExternalTaskSensor.py
[2023-09-25T11:15:57.912+0000] {processor.py:829} INFO - Processing file /opt/airflow/dags/7.1-ExternalTaskSensor.py for tasks to queue
[2023-09-25T11:15:57.914+0000] {logging_mixin.py:151} INFO - [2023-09-25T11:15:57.913+0000] {dagbag.py:539} INFO - Filling up the DagBag from /opt/airflow/dags/7.1-ExternalTaskSensor.py
[2023-09-25T11:15:57.960+0000] {processor.py:839} INFO - DAG(s) dict_keys(['7.1-externalTaskSensor']) retrieved from /opt/airflow/dags/7.1-ExternalTaskSensor.py
[2023-09-25T11:15:57.984+0000] {logging_mixin.py:151} INFO - [2023-09-25T11:15:57.983+0000] {dag.py:2915} INFO - Sync 1 DAGs
[2023-09-25T11:15:58.007+0000] {logging_mixin.py:151} INFO - [2023-09-25T11:15:58.007+0000] {dag.py:3696} INFO - Setting next_dagrun for 7.1-externalTaskSensor to 2023-09-01T00:00:00+00:00, run_after=2023-09-02T00:00:00+00:00
[2023-09-25T11:15:58.029+0000] {processor.py:179} INFO - Processing /opt/airflow/dags/7.1-ExternalTaskSensor.py took 0.122 seconds
[2023-09-25T11:16:28.869+0000] {processor.py:157} INFO - Started process (PID=131) to work on /opt/airflow/dags/7.1-ExternalTaskSensor.py
[2023-09-25T11:16:28.870+0000] {processor.py:829} INFO - Processing file /opt/airflow/dags/7.1-ExternalTaskSensor.py for tasks to queue
[2023-09-25T11:16:28.872+0000] {logging_mixin.py:151} INFO - [2023-09-25T11:16:28.871+0000] {dagbag.py:539} INFO - Filling up the DagBag from /opt/airflow/dags/7.1-ExternalTaskSensor.py
[2023-09-25T11:16:28.920+0000] {processor.py:839} INFO - DAG(s) dict_keys(['7.1-externalTaskSensor']) retrieved from /opt/airflow/dags/7.1-ExternalTaskSensor.py
[2023-09-25T11:16:28.947+0000] {logging_mixin.py:151} INFO - [2023-09-25T11:16:28.947+0000] {dag.py:2915} INFO - Sync 1 DAGs
[2023-09-25T11:16:28.978+0000] {logging_mixin.py:151} INFO - [2023-09-25T11:16:28.977+0000] {dag.py:3696} INFO - Setting next_dagrun for 7.1-externalTaskSensor to 2023-09-01T00:00:00+00:00, run_after=2023-09-02T00:00:00+00:00
[2023-09-25T11:16:29.004+0000] {processor.py:179} INFO - Processing /opt/airflow/dags/7.1-ExternalTaskSensor.py took 0.141 seconds
[2023-09-25T11:16:59.936+0000] {processor.py:157} INFO - Started process (PID=154) to work on /opt/airflow/dags/7.1-ExternalTaskSensor.py
[2023-09-25T11:16:59.938+0000] {processor.py:829} INFO - Processing file /opt/airflow/dags/7.1-ExternalTaskSensor.py for tasks to queue
[2023-09-25T11:16:59.939+0000] {logging_mixin.py:151} INFO - [2023-09-25T11:16:59.939+0000] {dagbag.py:539} INFO - Filling up the DagBag from /opt/airflow/dags/7.1-ExternalTaskSensor.py
[2023-09-25T11:16:59.984+0000] {processor.py:839} INFO - DAG(s) dict_keys(['7.1-externalTaskSensor']) retrieved from /opt/airflow/dags/7.1-ExternalTaskSensor.py
[2023-09-25T11:17:00.008+0000] {logging_mixin.py:151} INFO - [2023-09-25T11:17:00.008+0000] {dag.py:2915} INFO - Sync 1 DAGs
[2023-09-25T11:17:00.031+0000] {logging_mixin.py:151} INFO - [2023-09-25T11:17:00.031+0000] {dag.py:3696} INFO - Setting next_dagrun for 7.1-externalTaskSensor to 2023-09-01T00:00:00+00:00, run_after=2023-09-02T00:00:00+00:00
[2023-09-25T11:17:00.054+0000] {processor.py:179} INFO - Processing /opt/airflow/dags/7.1-ExternalTaskSensor.py took 0.122 seconds
[2023-09-25T11:17:30.960+0000] {processor.py:157} INFO - Started process (PID=177) to work on /opt/airflow/dags/7.1-ExternalTaskSensor.py
[2023-09-25T11:17:30.961+0000] {processor.py:829} INFO - Processing file /opt/airflow/dags/7.1-ExternalTaskSensor.py for tasks to queue
[2023-09-25T11:17:30.963+0000] {logging_mixin.py:151} INFO - [2023-09-25T11:17:30.962+0000] {dagbag.py:539} INFO - Filling up the DagBag from /opt/airflow/dags/7.1-ExternalTaskSensor.py
[2023-09-25T11:17:31.015+0000] {processor.py:839} INFO - DAG(s) dict_keys(['7.1-externalTaskSensor']) retrieved from /opt/airflow/dags/7.1-ExternalTaskSensor.py
[2023-09-25T11:17:31.037+0000] {logging_mixin.py:151} INFO - [2023-09-25T11:17:31.037+0000] {dag.py:2915} INFO - Sync 1 DAGs
[2023-09-25T11:17:31.060+0000] {logging_mixin.py:151} INFO - [2023-09-25T11:17:31.060+0000] {dag.py:3696} INFO - Setting next_dagrun for 7.1-externalTaskSensor to 2023-09-01T00:00:00+00:00, run_after=2023-09-02T00:00:00+00:00
[2023-09-25T11:17:31.087+0000] {processor.py:179} INFO - Processing /opt/airflow/dags/7.1-ExternalTaskSensor.py took 0.131 seconds
[2023-09-25T11:18:01.573+0000] {processor.py:157} INFO - Started process (PID=200) to work on /opt/airflow/dags/7.1-ExternalTaskSensor.py
[2023-09-25T11:18:01.574+0000] {processor.py:829} INFO - Processing file /opt/airflow/dags/7.1-ExternalTaskSensor.py for tasks to queue
[2023-09-25T11:18:01.576+0000] {logging_mixin.py:151} INFO - [2023-09-25T11:18:01.576+0000] {dagbag.py:539} INFO - Filling up the DagBag from /opt/airflow/dags/7.1-ExternalTaskSensor.py
[2023-09-25T11:18:01.629+0000] {processor.py:839} INFO - DAG(s) dict_keys(['7.1-externalTaskSensor']) retrieved from /opt/airflow/dags/7.1-ExternalTaskSensor.py
[2023-09-25T11:18:01.664+0000] {logging_mixin.py:151} INFO - [2023-09-25T11:18:01.664+0000] {dag.py:2915} INFO - Sync 1 DAGs
[2023-09-25T11:18:01.699+0000] {logging_mixin.py:151} INFO - [2023-09-25T11:18:01.699+0000] {dag.py:3696} INFO - Setting next_dagrun for 7.1-externalTaskSensor to 2023-09-01T00:00:00+00:00, run_after=2023-09-02T00:00:00+00:00
[2023-09-25T11:18:01.738+0000] {processor.py:179} INFO - Processing /opt/airflow/dags/7.1-ExternalTaskSensor.py took 0.169 seconds
[2023-09-25T11:18:32.347+0000] {processor.py:157} INFO - Started process (PID=233) to work on /opt/airflow/dags/7.1-ExternalTaskSensor.py
[2023-09-25T11:18:32.349+0000] {processor.py:829} INFO - Processing file /opt/airflow/dags/7.1-ExternalTaskSensor.py for tasks to queue
[2023-09-25T11:18:32.352+0000] {logging_mixin.py:151} INFO - [2023-09-25T11:18:32.351+0000] {dagbag.py:539} INFO - Filling up the DagBag from /opt/airflow/dags/7.1-ExternalTaskSensor.py
[2023-09-25T11:18:32.401+0000] {processor.py:839} INFO - DAG(s) dict_keys(['7.1-externalTaskSensor']) retrieved from /opt/airflow/dags/7.1-ExternalTaskSensor.py
[2023-09-25T11:18:32.428+0000] {logging_mixin.py:151} INFO - [2023-09-25T11:18:32.428+0000] {dag.py:2915} INFO - Sync 1 DAGs
[2023-09-25T11:18:32.460+0000] {logging_mixin.py:151} INFO - [2023-09-25T11:18:32.460+0000] {dag.py:3696} INFO - Setting next_dagrun for 7.1-externalTaskSensor to 2023-09-01T00:00:00+00:00, run_after=2023-09-02T00:00:00+00:00
[2023-09-25T11:18:32.486+0000] {processor.py:179} INFO - Processing /opt/airflow/dags/7.1-ExternalTaskSensor.py took 0.147 seconds
[2023-09-25T11:19:03.377+0000] {processor.py:157} INFO - Started process (PID=256) to work on /opt/airflow/dags/7.1-ExternalTaskSensor.py
[2023-09-25T11:19:03.378+0000] {processor.py:829} INFO - Processing file /opt/airflow/dags/7.1-ExternalTaskSensor.py for tasks to queue
[2023-09-25T11:19:03.380+0000] {logging_mixin.py:151} INFO - [2023-09-25T11:19:03.380+0000] {dagbag.py:539} INFO - Filling up the DagBag from /opt/airflow/dags/7.1-ExternalTaskSensor.py
[2023-09-25T11:19:03.435+0000] {processor.py:839} INFO - DAG(s) dict_keys(['7.1-externalTaskSensor']) retrieved from /opt/airflow/dags/7.1-ExternalTaskSensor.py
[2023-09-25T11:19:03.467+0000] {logging_mixin.py:151} INFO - [2023-09-25T11:19:03.467+0000] {dag.py:2915} INFO - Sync 1 DAGs
[2023-09-25T11:19:03.507+0000] {logging_mixin.py:151} INFO - [2023-09-25T11:19:03.507+0000] {dag.py:3696} INFO - Setting next_dagrun for 7.1-externalTaskSensor to 2023-09-01T00:00:00+00:00, run_after=2023-09-02T00:00:00+00:00
[2023-09-25T11:19:03.545+0000] {processor.py:179} INFO - Processing /opt/airflow/dags/7.1-ExternalTaskSensor.py took 0.173 seconds
[2023-09-25T11:19:34.204+0000] {processor.py:157} INFO - Started process (PID=279) to work on /opt/airflow/dags/7.1-ExternalTaskSensor.py
[2023-09-25T11:19:34.205+0000] {processor.py:829} INFO - Processing file /opt/airflow/dags/7.1-ExternalTaskSensor.py for tasks to queue
[2023-09-25T11:19:34.207+0000] {logging_mixin.py:151} INFO - [2023-09-25T11:19:34.207+0000] {dagbag.py:539} INFO - Filling up the DagBag from /opt/airflow/dags/7.1-ExternalTaskSensor.py
[2023-09-25T11:19:34.255+0000] {processor.py:839} INFO - DAG(s) dict_keys(['7.1-externalTaskSensor']) retrieved from /opt/airflow/dags/7.1-ExternalTaskSensor.py
[2023-09-25T11:19:34.280+0000] {logging_mixin.py:151} INFO - [2023-09-25T11:19:34.280+0000] {dag.py:2915} INFO - Sync 1 DAGs
[2023-09-25T11:19:34.307+0000] {logging_mixin.py:151} INFO - [2023-09-25T11:19:34.306+0000] {dag.py:3696} INFO - Setting next_dagrun for 7.1-externalTaskSensor to 2023-09-01T00:00:00+00:00, run_after=2023-09-02T00:00:00+00:00
[2023-09-25T11:19:34.331+0000] {processor.py:179} INFO - Processing /opt/airflow/dags/7.1-ExternalTaskSensor.py took 0.131 seconds
[2023-09-25T11:20:05.056+0000] {processor.py:157} INFO - Started process (PID=302) to work on /opt/airflow/dags/7.1-ExternalTaskSensor.py
[2023-09-25T11:20:05.058+0000] {processor.py:829} INFO - Processing file /opt/airflow/dags/7.1-ExternalTaskSensor.py for tasks to queue
[2023-09-25T11:20:05.059+0000] {logging_mixin.py:151} INFO - [2023-09-25T11:20:05.059+0000] {dagbag.py:539} INFO - Filling up the DagBag from /opt/airflow/dags/7.1-ExternalTaskSensor.py
[2023-09-25T11:20:05.113+0000] {processor.py:839} INFO - DAG(s) dict_keys(['7.1-externalTaskSensor']) retrieved from /opt/airflow/dags/7.1-ExternalTaskSensor.py
[2023-09-25T11:20:05.137+0000] {logging_mixin.py:151} INFO - [2023-09-25T11:20:05.137+0000] {dag.py:2915} INFO - Sync 1 DAGs
[2023-09-25T11:20:05.162+0000] {logging_mixin.py:151} INFO - [2023-09-25T11:20:05.162+0000] {dag.py:3696} INFO - Setting next_dagrun for 7.1-externalTaskSensor to 2023-09-01T00:00:00+00:00, run_after=2023-09-02T00:00:00+00:00
[2023-09-25T11:20:05.192+0000] {processor.py:179} INFO - Processing /opt/airflow/dags/7.1-ExternalTaskSensor.py took 0.140 seconds
[2023-09-25T11:20:35.349+0000] {processor.py:157} INFO - Started process (PID=325) to work on /opt/airflow/dags/7.1-ExternalTaskSensor.py
[2023-09-25T11:20:35.350+0000] {processor.py:829} INFO - Processing file /opt/airflow/dags/7.1-ExternalTaskSensor.py for tasks to queue
[2023-09-25T11:20:35.351+0000] {logging_mixin.py:151} INFO - [2023-09-25T11:20:35.351+0000] {dagbag.py:539} INFO - Filling up the DagBag from /opt/airflow/dags/7.1-ExternalTaskSensor.py
[2023-09-25T11:20:35.406+0000] {processor.py:839} INFO - DAG(s) dict_keys(['7.1-externalTaskSensor']) retrieved from /opt/airflow/dags/7.1-ExternalTaskSensor.py
[2023-09-25T11:20:35.433+0000] {logging_mixin.py:151} INFO - [2023-09-25T11:20:35.433+0000] {dag.py:2915} INFO - Sync 1 DAGs
[2023-09-25T11:20:35.464+0000] {logging_mixin.py:151} INFO - [2023-09-25T11:20:35.464+0000] {dag.py:3696} INFO - Setting next_dagrun for 7.1-externalTaskSensor to 2023-09-01T00:00:00+00:00, run_after=2023-09-02T00:00:00+00:00
[2023-09-25T11:20:35.489+0000] {processor.py:179} INFO - Processing /opt/airflow/dags/7.1-ExternalTaskSensor.py took 0.144 seconds
[2023-09-25T11:21:05.837+0000] {processor.py:157} INFO - Started process (PID=348) to work on /opt/airflow/dags/7.1-ExternalTaskSensor.py
[2023-09-25T11:21:05.839+0000] {processor.py:829} INFO - Processing file /opt/airflow/dags/7.1-ExternalTaskSensor.py for tasks to queue
[2023-09-25T11:21:05.840+0000] {logging_mixin.py:151} INFO - [2023-09-25T11:21:05.840+0000] {dagbag.py:539} INFO - Filling up the DagBag from /opt/airflow/dags/7.1-ExternalTaskSensor.py
[2023-09-25T11:21:05.889+0000] {processor.py:839} INFO - DAG(s) dict_keys(['7.1-externalTaskSensor']) retrieved from /opt/airflow/dags/7.1-ExternalTaskSensor.py
[2023-09-25T11:21:05.913+0000] {logging_mixin.py:151} INFO - [2023-09-25T11:21:05.913+0000] {dag.py:2915} INFO - Sync 1 DAGs
[2023-09-25T11:21:05.939+0000] {logging_mixin.py:151} INFO - [2023-09-25T11:21:05.939+0000] {dag.py:3696} INFO - Setting next_dagrun for 7.1-externalTaskSensor to 2023-09-01T00:00:00+00:00, run_after=2023-09-02T00:00:00+00:00
[2023-09-25T11:21:05.966+0000] {processor.py:179} INFO - Processing /opt/airflow/dags/7.1-ExternalTaskSensor.py took 0.132 seconds
[2023-09-25T11:21:36.326+0000] {processor.py:157} INFO - Started process (PID=371) to work on /opt/airflow/dags/7.1-ExternalTaskSensor.py
[2023-09-25T11:21:36.327+0000] {processor.py:829} INFO - Processing file /opt/airflow/dags/7.1-ExternalTaskSensor.py for tasks to queue
[2023-09-25T11:21:36.328+0000] {logging_mixin.py:151} INFO - [2023-09-25T11:21:36.328+0000] {dagbag.py:539} INFO - Filling up the DagBag from /opt/airflow/dags/7.1-ExternalTaskSensor.py
[2023-09-25T11:21:36.377+0000] {processor.py:839} INFO - DAG(s) dict_keys(['7.1-externalTaskSensor']) retrieved from /opt/airflow/dags/7.1-ExternalTaskSensor.py
[2023-09-25T11:21:36.401+0000] {logging_mixin.py:151} INFO - [2023-09-25T11:21:36.401+0000] {dag.py:2915} INFO - Sync 1 DAGs
[2023-09-25T11:21:36.427+0000] {logging_mixin.py:151} INFO - [2023-09-25T11:21:36.427+0000] {dag.py:3696} INFO - Setting next_dagrun for 7.1-externalTaskSensor to 2023-09-01T00:00:00+00:00, run_after=2023-09-02T00:00:00+00:00
[2023-09-25T11:21:36.461+0000] {processor.py:179} INFO - Processing /opt/airflow/dags/7.1-ExternalTaskSensor.py took 0.138 seconds
[2023-09-25T11:22:06.743+0000] {processor.py:157} INFO - Started process (PID=394) to work on /opt/airflow/dags/7.1-ExternalTaskSensor.py
[2023-09-25T11:22:06.744+0000] {processor.py:829} INFO - Processing file /opt/airflow/dags/7.1-ExternalTaskSensor.py for tasks to queue
[2023-09-25T11:22:06.746+0000] {logging_mixin.py:151} INFO - [2023-09-25T11:22:06.745+0000] {dagbag.py:539} INFO - Filling up the DagBag from /opt/airflow/dags/7.1-ExternalTaskSensor.py
[2023-09-25T11:22:06.792+0000] {processor.py:839} INFO - DAG(s) dict_keys(['7.1-externalTaskSensor']) retrieved from /opt/airflow/dags/7.1-ExternalTaskSensor.py
[2023-09-25T11:22:06.816+0000] {logging_mixin.py:151} INFO - [2023-09-25T11:22:06.816+0000] {dag.py:2915} INFO - Sync 1 DAGs
[2023-09-25T11:22:06.839+0000] {logging_mixin.py:151} INFO - [2023-09-25T11:22:06.839+0000] {dag.py:3696} INFO - Setting next_dagrun for 7.1-externalTaskSensor to 2023-09-01T00:00:00+00:00, run_after=2023-09-02T00:00:00+00:00
[2023-09-25T11:22:06.870+0000] {processor.py:179} INFO - Processing /opt/airflow/dags/7.1-ExternalTaskSensor.py took 0.132 seconds
[2023-09-25T11:22:37.430+0000] {processor.py:157} INFO - Started process (PID=417) to work on /opt/airflow/dags/7.1-ExternalTaskSensor.py
[2023-09-25T11:22:37.432+0000] {processor.py:829} INFO - Processing file /opt/airflow/dags/7.1-ExternalTaskSensor.py for tasks to queue
[2023-09-25T11:22:37.433+0000] {logging_mixin.py:151} INFO - [2023-09-25T11:22:37.433+0000] {dagbag.py:539} INFO - Filling up the DagBag from /opt/airflow/dags/7.1-ExternalTaskSensor.py
[2023-09-25T11:22:37.481+0000] {processor.py:839} INFO - DAG(s) dict_keys(['7.1-externalTaskSensor']) retrieved from /opt/airflow/dags/7.1-ExternalTaskSensor.py
[2023-09-25T11:22:37.506+0000] {logging_mixin.py:151} INFO - [2023-09-25T11:22:37.506+0000] {dag.py:2915} INFO - Sync 1 DAGs
[2023-09-25T11:22:37.531+0000] {logging_mixin.py:151} INFO - [2023-09-25T11:22:37.531+0000] {dag.py:3696} INFO - Setting next_dagrun for 7.1-externalTaskSensor to 2023-09-01T00:00:00+00:00, run_after=2023-09-02T00:00:00+00:00
[2023-09-25T11:22:37.557+0000] {processor.py:179} INFO - Processing /opt/airflow/dags/7.1-ExternalTaskSensor.py took 0.130 seconds
[2023-09-25T11:23:07.913+0000] {processor.py:157} INFO - Started process (PID=440) to work on /opt/airflow/dags/7.1-ExternalTaskSensor.py
[2023-09-25T11:23:07.915+0000] {processor.py:829} INFO - Processing file /opt/airflow/dags/7.1-ExternalTaskSensor.py for tasks to queue
[2023-09-25T11:23:07.916+0000] {logging_mixin.py:151} INFO - [2023-09-25T11:23:07.916+0000] {dagbag.py:539} INFO - Filling up the DagBag from /opt/airflow/dags/7.1-ExternalTaskSensor.py
[2023-09-25T11:23:07.963+0000] {processor.py:839} INFO - DAG(s) dict_keys(['7.1-externalTaskSensor']) retrieved from /opt/airflow/dags/7.1-ExternalTaskSensor.py
[2023-09-25T11:23:07.986+0000] {logging_mixin.py:151} INFO - [2023-09-25T11:23:07.986+0000] {dag.py:2915} INFO - Sync 1 DAGs
[2023-09-25T11:23:08.012+0000] {logging_mixin.py:151} INFO - [2023-09-25T11:23:08.011+0000] {dag.py:3696} INFO - Setting next_dagrun for 7.1-externalTaskSensor to 2023-09-01T00:00:00+00:00, run_after=2023-09-02T00:00:00+00:00
[2023-09-25T11:23:08.037+0000] {processor.py:179} INFO - Processing /opt/airflow/dags/7.1-ExternalTaskSensor.py took 0.126 seconds
[2023-09-25T11:23:38.368+0000] {processor.py:157} INFO - Started process (PID=463) to work on /opt/airflow/dags/7.1-ExternalTaskSensor.py
[2023-09-25T11:23:38.370+0000] {processor.py:829} INFO - Processing file /opt/airflow/dags/7.1-ExternalTaskSensor.py for tasks to queue
[2023-09-25T11:23:38.372+0000] {logging_mixin.py:151} INFO - [2023-09-25T11:23:38.371+0000] {dagbag.py:539} INFO - Filling up the DagBag from /opt/airflow/dags/7.1-ExternalTaskSensor.py
[2023-09-25T11:23:38.419+0000] {processor.py:839} INFO - DAG(s) dict_keys(['7.1-externalTaskSensor']) retrieved from /opt/airflow/dags/7.1-ExternalTaskSensor.py
[2023-09-25T11:23:38.443+0000] {logging_mixin.py:151} INFO - [2023-09-25T11:23:38.443+0000] {dag.py:2915} INFO - Sync 1 DAGs
[2023-09-25T11:23:38.475+0000] {logging_mixin.py:151} INFO - [2023-09-25T11:23:38.475+0000] {dag.py:3696} INFO - Setting next_dagrun for 7.1-externalTaskSensor to 2023-09-01T00:00:00+00:00, run_after=2023-09-02T00:00:00+00:00
[2023-09-25T11:23:38.506+0000] {processor.py:179} INFO - Processing /opt/airflow/dags/7.1-ExternalTaskSensor.py took 0.142 seconds
[2023-09-25T11:24:09.432+0000] {processor.py:157} INFO - Started process (PID=486) to work on /opt/airflow/dags/7.1-ExternalTaskSensor.py
[2023-09-25T11:24:09.434+0000] {processor.py:829} INFO - Processing file /opt/airflow/dags/7.1-ExternalTaskSensor.py for tasks to queue
[2023-09-25T11:24:09.436+0000] {logging_mixin.py:151} INFO - [2023-09-25T11:24:09.435+0000] {dagbag.py:539} INFO - Filling up the DagBag from /opt/airflow/dags/7.1-ExternalTaskSensor.py
[2023-09-25T11:24:09.501+0000] {processor.py:839} INFO - DAG(s) dict_keys(['7.1-externalTaskSensor']) retrieved from /opt/airflow/dags/7.1-ExternalTaskSensor.py
[2023-09-25T11:24:09.559+0000] {logging_mixin.py:151} INFO - [2023-09-25T11:24:09.558+0000] {dag.py:2915} INFO - Sync 1 DAGs
[2023-09-25T11:24:09.637+0000] {logging_mixin.py:151} INFO - [2023-09-25T11:24:09.636+0000] {dag.py:3696} INFO - Setting next_dagrun for 7.1-externalTaskSensor to 2023-09-01T00:00:00+00:00, run_after=2023-09-02T00:00:00+00:00
[2023-09-25T11:24:09.680+0000] {processor.py:179} INFO - Processing /opt/airflow/dags/7.1-ExternalTaskSensor.py took 0.256 seconds
[2023-09-25T11:24:40.401+0000] {processor.py:157} INFO - Started process (PID=509) to work on /opt/airflow/dags/7.1-ExternalTaskSensor.py
[2023-09-25T11:24:40.402+0000] {processor.py:829} INFO - Processing file /opt/airflow/dags/7.1-ExternalTaskSensor.py for tasks to queue
[2023-09-25T11:24:40.403+0000] {logging_mixin.py:151} INFO - [2023-09-25T11:24:40.403+0000] {dagbag.py:539} INFO - Filling up the DagBag from /opt/airflow/dags/7.1-ExternalTaskSensor.py
[2023-09-25T11:24:40.448+0000] {processor.py:839} INFO - DAG(s) dict_keys(['7.1-externalTaskSensor']) retrieved from /opt/airflow/dags/7.1-ExternalTaskSensor.py
[2023-09-25T11:24:40.468+0000] {logging_mixin.py:151} INFO - [2023-09-25T11:24:40.468+0000] {dag.py:2915} INFO - Sync 1 DAGs
[2023-09-25T11:24:40.492+0000] {logging_mixin.py:151} INFO - [2023-09-25T11:24:40.492+0000] {dag.py:3696} INFO - Setting next_dagrun for 7.1-externalTaskSensor to 2023-09-01T00:00:00+00:00, run_after=2023-09-02T00:00:00+00:00
[2023-09-25T11:24:40.519+0000] {processor.py:179} INFO - Processing /opt/airflow/dags/7.1-ExternalTaskSensor.py took 0.121 seconds
[2023-09-25T11:25:10.705+0000] {processor.py:157} INFO - Started process (PID=532) to work on /opt/airflow/dags/7.1-ExternalTaskSensor.py
[2023-09-25T11:25:10.707+0000] {processor.py:829} INFO - Processing file /opt/airflow/dags/7.1-ExternalTaskSensor.py for tasks to queue
[2023-09-25T11:25:10.708+0000] {logging_mixin.py:151} INFO - [2023-09-25T11:25:10.707+0000] {dagbag.py:539} INFO - Filling up the DagBag from /opt/airflow/dags/7.1-ExternalTaskSensor.py
[2023-09-25T11:25:10.752+0000] {processor.py:839} INFO - DAG(s) dict_keys(['7.1-externalTaskSensor']) retrieved from /opt/airflow/dags/7.1-ExternalTaskSensor.py
[2023-09-25T11:25:10.775+0000] {logging_mixin.py:151} INFO - [2023-09-25T11:25:10.775+0000] {dag.py:2915} INFO - Sync 1 DAGs
[2023-09-25T11:25:10.799+0000] {logging_mixin.py:151} INFO - [2023-09-25T11:25:10.798+0000] {dag.py:3696} INFO - Setting next_dagrun for 7.1-externalTaskSensor to 2023-09-01T00:00:00+00:00, run_after=2023-09-02T00:00:00+00:00
[2023-09-25T11:25:10.844+0000] {processor.py:179} INFO - Processing /opt/airflow/dags/7.1-ExternalTaskSensor.py took 0.143 seconds
