[2023-09-25T07:32:45.626+0000] {processor.py:157} INFO - Started process (PID=42) to work on /opt/airflow/dags/7.2-ExternalTaskSensor.py
[2023-09-25T07:32:45.631+0000] {processor.py:829} INFO - Processing file /opt/airflow/dags/7.2-ExternalTaskSensor.py for tasks to queue
[2023-09-25T07:32:45.634+0000] {logging_mixin.py:151} INFO - [2023-09-25T07:32:45.633+0000] {dagbag.py:539} INFO - Filling up the DagBag from /opt/airflow/dags/7.2-ExternalTaskSensor.py
[2023-09-25T07:32:45.831+0000] {processor.py:839} INFO - DAG(s) dict_keys(['7.2-externalTaskSensor']) retrieved from /opt/airflow/dags/7.2-ExternalTaskSensor.py
[2023-09-25T07:32:55.853+0000] {logging_mixin.py:151} INFO - [2023-09-25T07:32:55.852+0000] {dag.py:2915} INFO - Sync 1 DAGs
[2023-09-25T07:32:56.022+0000] {logging_mixin.py:151} INFO - [2023-09-25T07:32:56.021+0000] {dag.py:3696} INFO - Setting next_dagrun for 7.2-externalTaskSensor to 2023-09-01T00:00:00+00:00, run_after=2023-09-02T00:00:00+00:00
[2023-09-25T07:32:56.123+0000] {processor.py:179} INFO - Processing /opt/airflow/dags/7.2-ExternalTaskSensor.py took 10.508 seconds
[2023-09-25T07:34:35.880+0000] {processor.py:157} INFO - Started process (PID=61) to work on /opt/airflow/dags/7.2-ExternalTaskSensor.py
[2023-09-25T07:34:35.903+0000] {processor.py:829} INFO - Processing file /opt/airflow/dags/7.2-ExternalTaskSensor.py for tasks to queue
[2023-09-25T07:34:35.906+0000] {logging_mixin.py:151} INFO - [2023-09-25T07:34:35.906+0000] {dagbag.py:539} INFO - Filling up the DagBag from /opt/airflow/dags/7.2-ExternalTaskSensor.py
[2023-09-25T07:34:36.000+0000] {processor.py:839} INFO - DAG(s) dict_keys(['7.2-externalTaskSensor']) retrieved from /opt/airflow/dags/7.2-ExternalTaskSensor.py
[2023-09-25T07:34:36.263+0000] {logging_mixin.py:151} INFO - [2023-09-25T07:34:36.262+0000] {dag.py:2915} INFO - Sync 1 DAGs
[2023-09-25T07:34:36.508+0000] {logging_mixin.py:151} INFO - [2023-09-25T07:34:36.489+0000] {dag.py:3696} INFO - Setting next_dagrun for 7.2-externalTaskSensor to 2023-09-01T00:00:00+00:00, run_after=2023-09-02T00:00:00+00:00
[2023-09-25T07:34:36.917+0000] {processor.py:179} INFO - Processing /opt/airflow/dags/7.2-ExternalTaskSensor.py took 1.067 seconds
[2023-09-25T07:40:07.952+0000] {processor.py:157} INFO - Started process (PID=37) to work on /opt/airflow/dags/7.2-ExternalTaskSensor.py
[2023-09-25T07:40:08.022+0000] {processor.py:829} INFO - Processing file /opt/airflow/dags/7.2-ExternalTaskSensor.py for tasks to queue
[2023-09-25T07:40:08.024+0000] {logging_mixin.py:151} INFO - [2023-09-25T07:40:08.024+0000] {dagbag.py:539} INFO - Filling up the DagBag from /opt/airflow/dags/7.2-ExternalTaskSensor.py
[2023-09-25T07:40:08.084+0000] {processor.py:839} INFO - DAG(s) dict_keys(['7.2-externalTaskSensor']) retrieved from /opt/airflow/dags/7.2-ExternalTaskSensor.py
[2023-09-25T07:40:08.523+0000] {logging_mixin.py:151} INFO - [2023-09-25T07:40:08.522+0000] {security.py:708} INFO - Not syncing DAG-level permissions for DAG 'DAG:7.2-externalTaskSensor' as access control is unset.
[2023-09-25T07:40:08.524+0000] {logging_mixin.py:151} INFO - [2023-09-25T07:40:08.524+0000] {dag.py:2915} INFO - Sync 1 DAGs
[2023-09-25T07:40:08.562+0000] {logging_mixin.py:151} INFO - [2023-09-25T07:40:08.562+0000] {dag.py:3696} INFO - Setting next_dagrun for 7.2-externalTaskSensor to 2023-09-01T00:00:00+00:00, run_after=2023-09-02T00:00:00+00:00
[2023-09-25T07:40:08.609+0000] {processor.py:179} INFO - Processing /opt/airflow/dags/7.2-ExternalTaskSensor.py took 0.664 seconds
[2023-09-25T07:40:39.634+0000] {processor.py:157} INFO - Started process (PID=59) to work on /opt/airflow/dags/7.2-ExternalTaskSensor.py
[2023-09-25T07:40:39.641+0000] {processor.py:829} INFO - Processing file /opt/airflow/dags/7.2-ExternalTaskSensor.py for tasks to queue
[2023-09-25T07:40:39.644+0000] {logging_mixin.py:151} INFO - [2023-09-25T07:40:39.644+0000] {dagbag.py:539} INFO - Filling up the DagBag from /opt/airflow/dags/7.2-ExternalTaskSensor.py
[2023-09-25T07:40:39.725+0000] {processor.py:839} INFO - DAG(s) dict_keys(['7.2-externalTaskSensor']) retrieved from /opt/airflow/dags/7.2-ExternalTaskSensor.py
[2023-09-25T07:40:39.751+0000] {logging_mixin.py:151} INFO - [2023-09-25T07:40:39.751+0000] {dag.py:2915} INFO - Sync 1 DAGs
[2023-09-25T07:40:39.776+0000] {logging_mixin.py:151} INFO - [2023-09-25T07:40:39.776+0000] {dag.py:3696} INFO - Setting next_dagrun for 7.2-externalTaskSensor to 2023-09-01T00:00:00+00:00, run_after=2023-09-02T00:00:00+00:00
[2023-09-25T07:40:39.818+0000] {processor.py:179} INFO - Processing /opt/airflow/dags/7.2-ExternalTaskSensor.py took 0.192 seconds
[2023-09-25T07:41:10.276+0000] {processor.py:157} INFO - Started process (PID=81) to work on /opt/airflow/dags/7.2-ExternalTaskSensor.py
[2023-09-25T07:41:10.278+0000] {processor.py:829} INFO - Processing file /opt/airflow/dags/7.2-ExternalTaskSensor.py for tasks to queue
[2023-09-25T07:41:10.280+0000] {logging_mixin.py:151} INFO - [2023-09-25T07:41:10.280+0000] {dagbag.py:539} INFO - Filling up the DagBag from /opt/airflow/dags/7.2-ExternalTaskSensor.py
[2023-09-25T07:41:10.362+0000] {processor.py:839} INFO - DAG(s) dict_keys(['7.2-externalTaskSensor']) retrieved from /opt/airflow/dags/7.2-ExternalTaskSensor.py
[2023-09-25T07:41:10.391+0000] {logging_mixin.py:151} INFO - [2023-09-25T07:41:10.391+0000] {dag.py:2915} INFO - Sync 1 DAGs
[2023-09-25T07:41:10.414+0000] {logging_mixin.py:151} INFO - [2023-09-25T07:41:10.413+0000] {dag.py:3696} INFO - Setting next_dagrun for 7.2-externalTaskSensor to 2023-09-01T00:00:00+00:00, run_after=2023-09-02T00:00:00+00:00
[2023-09-25T07:41:10.454+0000] {processor.py:179} INFO - Processing /opt/airflow/dags/7.2-ExternalTaskSensor.py took 0.187 seconds
[2023-09-25T07:41:40.746+0000] {processor.py:157} INFO - Started process (PID=103) to work on /opt/airflow/dags/7.2-ExternalTaskSensor.py
[2023-09-25T07:41:40.748+0000] {processor.py:829} INFO - Processing file /opt/airflow/dags/7.2-ExternalTaskSensor.py for tasks to queue
[2023-09-25T07:41:40.751+0000] {logging_mixin.py:151} INFO - [2023-09-25T07:41:40.750+0000] {dagbag.py:539} INFO - Filling up the DagBag from /opt/airflow/dags/7.2-ExternalTaskSensor.py
[2023-09-25T07:41:40.836+0000] {processor.py:839} INFO - DAG(s) dict_keys(['7.2-externalTaskSensor']) retrieved from /opt/airflow/dags/7.2-ExternalTaskSensor.py
[2023-09-25T07:41:40.885+0000] {logging_mixin.py:151} INFO - [2023-09-25T07:41:40.885+0000] {dag.py:2915} INFO - Sync 1 DAGs
[2023-09-25T07:41:40.915+0000] {logging_mixin.py:151} INFO - [2023-09-25T07:41:40.915+0000] {dag.py:3696} INFO - Setting next_dagrun for 7.2-externalTaskSensor to 2023-09-01T00:00:00+00:00, run_after=2023-09-02T00:00:00+00:00
[2023-09-25T07:41:40.955+0000] {processor.py:179} INFO - Processing /opt/airflow/dags/7.2-ExternalTaskSensor.py took 0.217 seconds
[2023-09-25T07:42:11.390+0000] {processor.py:157} INFO - Started process (PID=125) to work on /opt/airflow/dags/7.2-ExternalTaskSensor.py
[2023-09-25T07:42:11.392+0000] {processor.py:829} INFO - Processing file /opt/airflow/dags/7.2-ExternalTaskSensor.py for tasks to queue
[2023-09-25T07:42:11.395+0000] {logging_mixin.py:151} INFO - [2023-09-25T07:42:11.394+0000] {dagbag.py:539} INFO - Filling up the DagBag from /opt/airflow/dags/7.2-ExternalTaskSensor.py
[2023-09-25T07:42:11.477+0000] {processor.py:839} INFO - DAG(s) dict_keys(['7.2-externalTaskSensor']) retrieved from /opt/airflow/dags/7.2-ExternalTaskSensor.py
[2023-09-25T07:42:11.519+0000] {logging_mixin.py:151} INFO - [2023-09-25T07:42:11.518+0000] {dag.py:2915} INFO - Sync 1 DAGs
[2023-09-25T07:42:11.573+0000] {logging_mixin.py:151} INFO - [2023-09-25T07:42:11.572+0000] {dag.py:3696} INFO - Setting next_dagrun for 7.2-externalTaskSensor to 2023-09-01T00:00:00+00:00, run_after=2023-09-02T00:00:00+00:00
[2023-09-25T07:42:11.609+0000] {processor.py:179} INFO - Processing /opt/airflow/dags/7.2-ExternalTaskSensor.py took 0.227 seconds
[2023-09-25T07:42:42.013+0000] {processor.py:157} INFO - Started process (PID=148) to work on /opt/airflow/dags/7.2-ExternalTaskSensor.py
[2023-09-25T07:42:42.015+0000] {processor.py:829} INFO - Processing file /opt/airflow/dags/7.2-ExternalTaskSensor.py for tasks to queue
[2023-09-25T07:42:42.018+0000] {logging_mixin.py:151} INFO - [2023-09-25T07:42:42.017+0000] {dagbag.py:539} INFO - Filling up the DagBag from /opt/airflow/dags/7.2-ExternalTaskSensor.py
[2023-09-25T07:42:42.091+0000] {processor.py:839} INFO - DAG(s) dict_keys(['7.2-externalTaskSensor']) retrieved from /opt/airflow/dags/7.2-ExternalTaskSensor.py
[2023-09-25T07:42:42.125+0000] {logging_mixin.py:151} INFO - [2023-09-25T07:42:42.125+0000] {dag.py:2915} INFO - Sync 1 DAGs
[2023-09-25T07:42:42.148+0000] {logging_mixin.py:151} INFO - [2023-09-25T07:42:42.148+0000] {dag.py:3696} INFO - Setting next_dagrun for 7.2-externalTaskSensor to 2023-09-01T00:00:00+00:00, run_after=2023-09-02T00:00:00+00:00
[2023-09-25T07:42:42.189+0000] {processor.py:179} INFO - Processing /opt/airflow/dags/7.2-ExternalTaskSensor.py took 0.185 seconds
[2023-09-25T07:43:12.900+0000] {processor.py:157} INFO - Started process (PID=170) to work on /opt/airflow/dags/7.2-ExternalTaskSensor.py
[2023-09-25T07:43:12.902+0000] {processor.py:829} INFO - Processing file /opt/airflow/dags/7.2-ExternalTaskSensor.py for tasks to queue
[2023-09-25T07:43:12.904+0000] {logging_mixin.py:151} INFO - [2023-09-25T07:43:12.904+0000] {dagbag.py:539} INFO - Filling up the DagBag from /opt/airflow/dags/7.2-ExternalTaskSensor.py
[2023-09-25T07:43:12.954+0000] {processor.py:839} INFO - DAG(s) dict_keys(['7.2-externalTaskSensor']) retrieved from /opt/airflow/dags/7.2-ExternalTaskSensor.py
[2023-09-25T07:43:12.981+0000] {logging_mixin.py:151} INFO - [2023-09-25T07:43:12.981+0000] {dag.py:2915} INFO - Sync 1 DAGs
[2023-09-25T07:43:13.008+0000] {logging_mixin.py:151} INFO - [2023-09-25T07:43:13.007+0000] {dag.py:3696} INFO - Setting next_dagrun for 7.2-externalTaskSensor to 2023-09-01T00:00:00+00:00, run_after=2023-09-02T00:00:00+00:00
[2023-09-25T07:43:13.036+0000] {processor.py:179} INFO - Processing /opt/airflow/dags/7.2-ExternalTaskSensor.py took 0.141 seconds
[2023-09-25T07:43:43.697+0000] {processor.py:157} INFO - Started process (PID=192) to work on /opt/airflow/dags/7.2-ExternalTaskSensor.py
[2023-09-25T07:43:43.699+0000] {processor.py:829} INFO - Processing file /opt/airflow/dags/7.2-ExternalTaskSensor.py for tasks to queue
[2023-09-25T07:43:43.700+0000] {logging_mixin.py:151} INFO - [2023-09-25T07:43:43.700+0000] {dagbag.py:539} INFO - Filling up the DagBag from /opt/airflow/dags/7.2-ExternalTaskSensor.py
[2023-09-25T07:43:43.752+0000] {processor.py:839} INFO - DAG(s) dict_keys(['7.2-externalTaskSensor']) retrieved from /opt/airflow/dags/7.2-ExternalTaskSensor.py
[2023-09-25T07:43:43.781+0000] {logging_mixin.py:151} INFO - [2023-09-25T07:43:43.781+0000] {dag.py:2915} INFO - Sync 1 DAGs
[2023-09-25T07:43:43.813+0000] {logging_mixin.py:151} INFO - [2023-09-25T07:43:43.813+0000] {dag.py:3696} INFO - Setting next_dagrun for 7.2-externalTaskSensor to 2023-09-01T00:00:00+00:00, run_after=2023-09-02T00:00:00+00:00
[2023-09-25T07:43:43.848+0000] {processor.py:179} INFO - Processing /opt/airflow/dags/7.2-ExternalTaskSensor.py took 0.154 seconds
[2023-09-25T07:44:14.948+0000] {processor.py:157} INFO - Started process (PID=214) to work on /opt/airflow/dags/7.2-ExternalTaskSensor.py
[2023-09-25T07:44:14.952+0000] {processor.py:829} INFO - Processing file /opt/airflow/dags/7.2-ExternalTaskSensor.py for tasks to queue
[2023-09-25T07:44:14.959+0000] {logging_mixin.py:151} INFO - [2023-09-25T07:44:14.958+0000] {dagbag.py:539} INFO - Filling up the DagBag from /opt/airflow/dags/7.2-ExternalTaskSensor.py
[2023-09-25T07:44:15.075+0000] {processor.py:839} INFO - DAG(s) dict_keys(['7.2-externalTaskSensor']) retrieved from /opt/airflow/dags/7.2-ExternalTaskSensor.py
[2023-09-25T07:44:15.119+0000] {logging_mixin.py:151} INFO - [2023-09-25T07:44:15.119+0000] {dag.py:2915} INFO - Sync 1 DAGs
[2023-09-25T07:44:15.185+0000] {logging_mixin.py:151} INFO - [2023-09-25T07:44:15.184+0000] {dag.py:3696} INFO - Setting next_dagrun for 7.2-externalTaskSensor to 2023-09-01T00:00:00+00:00, run_after=2023-09-02T00:00:00+00:00
[2023-09-25T07:44:15.237+0000] {processor.py:179} INFO - Processing /opt/airflow/dags/7.2-ExternalTaskSensor.py took 0.306 seconds
[2023-09-25T07:44:52.518+0000] {processor.py:157} INFO - Started process (PID=243) to work on /opt/airflow/dags/7.2-ExternalTaskSensor.py
[2023-09-25T07:44:52.532+0000] {processor.py:829} INFO - Processing file /opt/airflow/dags/7.2-ExternalTaskSensor.py for tasks to queue
[2023-09-25T07:44:52.563+0000] {logging_mixin.py:151} INFO - [2023-09-25T07:44:52.563+0000] {dagbag.py:539} INFO - Filling up the DagBag from /opt/airflow/dags/7.2-ExternalTaskSensor.py
[2023-09-25T07:44:52.737+0000] {processor.py:839} INFO - DAG(s) dict_keys(['7.2-externalTaskSensor']) retrieved from /opt/airflow/dags/7.2-ExternalTaskSensor.py
[2023-09-25T07:44:53.097+0000] {logging_mixin.py:151} INFO - [2023-09-25T07:44:53.096+0000] {dag.py:2915} INFO - Sync 1 DAGs
[2023-09-25T07:44:53.298+0000] {logging_mixin.py:151} INFO - [2023-09-25T07:44:53.298+0000] {dag.py:3696} INFO - Setting next_dagrun for 7.2-externalTaskSensor to 2023-09-01T00:00:00+00:00, run_after=2023-09-02T00:00:00+00:00
[2023-09-25T07:44:53.408+0000] {processor.py:179} INFO - Processing /opt/airflow/dags/7.2-ExternalTaskSensor.py took 0.921 seconds
[2023-09-25T07:45:23.672+0000] {processor.py:157} INFO - Started process (PID=265) to work on /opt/airflow/dags/7.2-ExternalTaskSensor.py
[2023-09-25T07:45:23.673+0000] {processor.py:829} INFO - Processing file /opt/airflow/dags/7.2-ExternalTaskSensor.py for tasks to queue
[2023-09-25T07:45:23.675+0000] {logging_mixin.py:151} INFO - [2023-09-25T07:45:23.675+0000] {dagbag.py:539} INFO - Filling up the DagBag from /opt/airflow/dags/7.2-ExternalTaskSensor.py
[2023-09-25T07:45:23.719+0000] {processor.py:839} INFO - DAG(s) dict_keys(['7.2-externalTaskSensor']) retrieved from /opt/airflow/dags/7.2-ExternalTaskSensor.py
[2023-09-25T07:45:23.745+0000] {logging_mixin.py:151} INFO - [2023-09-25T07:45:23.745+0000] {dag.py:2915} INFO - Sync 1 DAGs
[2023-09-25T07:45:23.770+0000] {logging_mixin.py:151} INFO - [2023-09-25T07:45:23.770+0000] {dag.py:3696} INFO - Setting next_dagrun for 7.2-externalTaskSensor to 2023-09-01T00:00:00+00:00, run_after=2023-09-02T00:00:00+00:00
[2023-09-25T07:45:23.798+0000] {processor.py:179} INFO - Processing /opt/airflow/dags/7.2-ExternalTaskSensor.py took 0.132 seconds
[2023-09-25T07:45:54.136+0000] {processor.py:157} INFO - Started process (PID=287) to work on /opt/airflow/dags/7.2-ExternalTaskSensor.py
[2023-09-25T07:45:54.138+0000] {processor.py:829} INFO - Processing file /opt/airflow/dags/7.2-ExternalTaskSensor.py for tasks to queue
[2023-09-25T07:45:54.142+0000] {logging_mixin.py:151} INFO - [2023-09-25T07:45:54.141+0000] {dagbag.py:539} INFO - Filling up the DagBag from /opt/airflow/dags/7.2-ExternalTaskSensor.py
[2023-09-25T07:45:54.264+0000] {processor.py:839} INFO - DAG(s) dict_keys(['7.2-externalTaskSensor']) retrieved from /opt/airflow/dags/7.2-ExternalTaskSensor.py
[2023-09-25T07:45:54.326+0000] {logging_mixin.py:151} INFO - [2023-09-25T07:45:54.326+0000] {dag.py:2915} INFO - Sync 1 DAGs
[2023-09-25T07:45:54.393+0000] {logging_mixin.py:151} INFO - [2023-09-25T07:45:54.391+0000] {dag.py:3696} INFO - Setting next_dagrun for 7.2-externalTaskSensor to 2023-09-01T00:00:00+00:00, run_after=2023-09-02T00:00:00+00:00
[2023-09-25T07:45:54.461+0000] {processor.py:179} INFO - Processing /opt/airflow/dags/7.2-ExternalTaskSensor.py took 0.339 seconds
[2023-09-25T07:46:24.795+0000] {processor.py:157} INFO - Started process (PID=309) to work on /opt/airflow/dags/7.2-ExternalTaskSensor.py
[2023-09-25T07:46:24.797+0000] {processor.py:829} INFO - Processing file /opt/airflow/dags/7.2-ExternalTaskSensor.py for tasks to queue
[2023-09-25T07:46:24.799+0000] {logging_mixin.py:151} INFO - [2023-09-25T07:46:24.798+0000] {dagbag.py:539} INFO - Filling up the DagBag from /opt/airflow/dags/7.2-ExternalTaskSensor.py
[2023-09-25T07:46:24.849+0000] {processor.py:839} INFO - DAG(s) dict_keys(['7.2-externalTaskSensor']) retrieved from /opt/airflow/dags/7.2-ExternalTaskSensor.py
[2023-09-25T07:46:24.874+0000] {logging_mixin.py:151} INFO - [2023-09-25T07:46:24.874+0000] {dag.py:2915} INFO - Sync 1 DAGs
[2023-09-25T07:46:24.899+0000] {logging_mixin.py:151} INFO - [2023-09-25T07:46:24.899+0000] {dag.py:3696} INFO - Setting next_dagrun for 7.2-externalTaskSensor to 2023-09-01T00:00:00+00:00, run_after=2023-09-02T00:00:00+00:00
[2023-09-25T07:46:24.926+0000] {processor.py:179} INFO - Processing /opt/airflow/dags/7.2-ExternalTaskSensor.py took 0.134 seconds
[2023-09-25T07:46:55.202+0000] {processor.py:157} INFO - Started process (PID=331) to work on /opt/airflow/dags/7.2-ExternalTaskSensor.py
[2023-09-25T07:46:55.204+0000] {processor.py:829} INFO - Processing file /opt/airflow/dags/7.2-ExternalTaskSensor.py for tasks to queue
[2023-09-25T07:46:55.207+0000] {logging_mixin.py:151} INFO - [2023-09-25T07:46:55.206+0000] {dagbag.py:539} INFO - Filling up the DagBag from /opt/airflow/dags/7.2-ExternalTaskSensor.py
[2023-09-25T07:46:55.263+0000] {processor.py:839} INFO - DAG(s) dict_keys(['7.2-externalTaskSensor']) retrieved from /opt/airflow/dags/7.2-ExternalTaskSensor.py
[2023-09-25T07:46:55.291+0000] {logging_mixin.py:151} INFO - [2023-09-25T07:46:55.290+0000] {dag.py:2915} INFO - Sync 1 DAGs
[2023-09-25T07:46:55.326+0000] {logging_mixin.py:151} INFO - [2023-09-25T07:46:55.325+0000] {dag.py:3696} INFO - Setting next_dagrun for 7.2-externalTaskSensor to 2023-09-01T00:00:00+00:00, run_after=2023-09-02T00:00:00+00:00
[2023-09-25T07:46:55.365+0000] {processor.py:179} INFO - Processing /opt/airflow/dags/7.2-ExternalTaskSensor.py took 0.170 seconds
[2023-09-25T07:47:25.692+0000] {processor.py:157} INFO - Started process (PID=353) to work on /opt/airflow/dags/7.2-ExternalTaskSensor.py
[2023-09-25T07:47:25.694+0000] {processor.py:829} INFO - Processing file /opt/airflow/dags/7.2-ExternalTaskSensor.py for tasks to queue
[2023-09-25T07:47:25.697+0000] {logging_mixin.py:151} INFO - [2023-09-25T07:47:25.697+0000] {dagbag.py:539} INFO - Filling up the DagBag from /opt/airflow/dags/7.2-ExternalTaskSensor.py
[2023-09-25T07:47:25.748+0000] {processor.py:839} INFO - DAG(s) dict_keys(['7.2-externalTaskSensor']) retrieved from /opt/airflow/dags/7.2-ExternalTaskSensor.py
[2023-09-25T07:47:25.777+0000] {logging_mixin.py:151} INFO - [2023-09-25T07:47:25.777+0000] {dag.py:2915} INFO - Sync 1 DAGs
[2023-09-25T07:47:25.825+0000] {logging_mixin.py:151} INFO - [2023-09-25T07:47:25.824+0000] {dag.py:3696} INFO - Setting next_dagrun for 7.2-externalTaskSensor to 2023-09-01T00:00:00+00:00, run_after=2023-09-02T00:00:00+00:00
[2023-09-25T07:47:25.856+0000] {processor.py:179} INFO - Processing /opt/airflow/dags/7.2-ExternalTaskSensor.py took 0.170 seconds
[2023-09-25T07:47:56.548+0000] {processor.py:157} INFO - Started process (PID=375) to work on /opt/airflow/dags/7.2-ExternalTaskSensor.py
[2023-09-25T07:47:56.549+0000] {processor.py:829} INFO - Processing file /opt/airflow/dags/7.2-ExternalTaskSensor.py for tasks to queue
[2023-09-25T07:47:56.551+0000] {logging_mixin.py:151} INFO - [2023-09-25T07:47:56.550+0000] {dagbag.py:539} INFO - Filling up the DagBag from /opt/airflow/dags/7.2-ExternalTaskSensor.py
[2023-09-25T07:47:56.635+0000] {processor.py:839} INFO - DAG(s) dict_keys(['7.2-externalTaskSensor']) retrieved from /opt/airflow/dags/7.2-ExternalTaskSensor.py
[2023-09-25T07:47:56.671+0000] {logging_mixin.py:151} INFO - [2023-09-25T07:47:56.671+0000] {dag.py:2915} INFO - Sync 1 DAGs
[2023-09-25T07:47:56.696+0000] {logging_mixin.py:151} INFO - [2023-09-25T07:47:56.696+0000] {dag.py:3696} INFO - Setting next_dagrun for 7.2-externalTaskSensor to 2023-09-01T00:00:00+00:00, run_after=2023-09-02T00:00:00+00:00
[2023-09-25T07:47:56.736+0000] {processor.py:179} INFO - Processing /opt/airflow/dags/7.2-ExternalTaskSensor.py took 0.191 seconds
[2023-09-25T07:48:27.090+0000] {processor.py:157} INFO - Started process (PID=397) to work on /opt/airflow/dags/7.2-ExternalTaskSensor.py
[2023-09-25T07:48:27.092+0000] {processor.py:829} INFO - Processing file /opt/airflow/dags/7.2-ExternalTaskSensor.py for tasks to queue
[2023-09-25T07:48:27.094+0000] {logging_mixin.py:151} INFO - [2023-09-25T07:48:27.094+0000] {dagbag.py:539} INFO - Filling up the DagBag from /opt/airflow/dags/7.2-ExternalTaskSensor.py
[2023-09-25T07:48:27.140+0000] {processor.py:839} INFO - DAG(s) dict_keys(['7.2-externalTaskSensor']) retrieved from /opt/airflow/dags/7.2-ExternalTaskSensor.py
[2023-09-25T07:48:27.165+0000] {logging_mixin.py:151} INFO - [2023-09-25T07:48:27.164+0000] {dag.py:2915} INFO - Sync 1 DAGs
[2023-09-25T07:48:27.187+0000] {logging_mixin.py:151} INFO - [2023-09-25T07:48:27.186+0000] {dag.py:3696} INFO - Setting next_dagrun for 7.2-externalTaskSensor to 2023-09-01T00:00:00+00:00, run_after=2023-09-02T00:00:00+00:00
[2023-09-25T07:48:27.225+0000] {processor.py:179} INFO - Processing /opt/airflow/dags/7.2-ExternalTaskSensor.py took 0.138 seconds
[2023-09-25T07:48:57.589+0000] {processor.py:157} INFO - Started process (PID=419) to work on /opt/airflow/dags/7.2-ExternalTaskSensor.py
[2023-09-25T07:48:57.590+0000] {processor.py:829} INFO - Processing file /opt/airflow/dags/7.2-ExternalTaskSensor.py for tasks to queue
[2023-09-25T07:48:57.593+0000] {logging_mixin.py:151} INFO - [2023-09-25T07:48:57.592+0000] {dagbag.py:539} INFO - Filling up the DagBag from /opt/airflow/dags/7.2-ExternalTaskSensor.py
[2023-09-25T07:48:57.660+0000] {processor.py:839} INFO - DAG(s) dict_keys(['7.2-externalTaskSensor']) retrieved from /opt/airflow/dags/7.2-ExternalTaskSensor.py
[2023-09-25T07:48:57.696+0000] {logging_mixin.py:151} INFO - [2023-09-25T07:48:57.696+0000] {dag.py:2915} INFO - Sync 1 DAGs
[2023-09-25T07:48:57.719+0000] {logging_mixin.py:151} INFO - [2023-09-25T07:48:57.718+0000] {dag.py:3696} INFO - Setting next_dagrun for 7.2-externalTaskSensor to 2023-09-01T00:00:00+00:00, run_after=2023-09-02T00:00:00+00:00
[2023-09-25T07:48:57.759+0000] {processor.py:179} INFO - Processing /opt/airflow/dags/7.2-ExternalTaskSensor.py took 0.176 seconds
[2023-09-25T07:49:28.370+0000] {processor.py:157} INFO - Started process (PID=441) to work on /opt/airflow/dags/7.2-ExternalTaskSensor.py
[2023-09-25T07:49:28.372+0000] {processor.py:829} INFO - Processing file /opt/airflow/dags/7.2-ExternalTaskSensor.py for tasks to queue
[2023-09-25T07:49:28.374+0000] {logging_mixin.py:151} INFO - [2023-09-25T07:49:28.374+0000] {dagbag.py:539} INFO - Filling up the DagBag from /opt/airflow/dags/7.2-ExternalTaskSensor.py
[2023-09-25T07:49:28.452+0000] {processor.py:839} INFO - DAG(s) dict_keys(['7.2-externalTaskSensor']) retrieved from /opt/airflow/dags/7.2-ExternalTaskSensor.py
[2023-09-25T07:49:28.486+0000] {logging_mixin.py:151} INFO - [2023-09-25T07:49:28.486+0000] {dag.py:2915} INFO - Sync 1 DAGs
[2023-09-25T07:49:28.523+0000] {logging_mixin.py:151} INFO - [2023-09-25T07:49:28.523+0000] {dag.py:3696} INFO - Setting next_dagrun for 7.2-externalTaskSensor to 2023-09-01T00:00:00+00:00, run_after=2023-09-02T00:00:00+00:00
[2023-09-25T07:49:28.558+0000] {processor.py:179} INFO - Processing /opt/airflow/dags/7.2-ExternalTaskSensor.py took 0.193 seconds
[2023-09-25T07:49:59.192+0000] {processor.py:157} INFO - Started process (PID=463) to work on /opt/airflow/dags/7.2-ExternalTaskSensor.py
[2023-09-25T07:49:59.194+0000] {processor.py:829} INFO - Processing file /opt/airflow/dags/7.2-ExternalTaskSensor.py for tasks to queue
[2023-09-25T07:49:59.196+0000] {logging_mixin.py:151} INFO - [2023-09-25T07:49:59.195+0000] {dagbag.py:539} INFO - Filling up the DagBag from /opt/airflow/dags/7.2-ExternalTaskSensor.py
[2023-09-25T07:49:59.273+0000] {processor.py:839} INFO - DAG(s) dict_keys(['7.2-externalTaskSensor']) retrieved from /opt/airflow/dags/7.2-ExternalTaskSensor.py
[2023-09-25T07:49:59.336+0000] {logging_mixin.py:151} INFO - [2023-09-25T07:49:59.336+0000] {dag.py:2915} INFO - Sync 1 DAGs
[2023-09-25T07:49:59.373+0000] {logging_mixin.py:151} INFO - [2023-09-25T07:49:59.373+0000] {dag.py:3696} INFO - Setting next_dagrun for 7.2-externalTaskSensor to 2023-09-01T00:00:00+00:00, run_after=2023-09-02T00:00:00+00:00
[2023-09-25T07:49:59.410+0000] {processor.py:179} INFO - Processing /opt/airflow/dags/7.2-ExternalTaskSensor.py took 0.224 seconds
[2023-09-25T07:50:29.936+0000] {processor.py:157} INFO - Started process (PID=486) to work on /opt/airflow/dags/7.2-ExternalTaskSensor.py
[2023-09-25T07:50:29.938+0000] {processor.py:829} INFO - Processing file /opt/airflow/dags/7.2-ExternalTaskSensor.py for tasks to queue
[2023-09-25T07:50:29.941+0000] {logging_mixin.py:151} INFO - [2023-09-25T07:50:29.940+0000] {dagbag.py:539} INFO - Filling up the DagBag from /opt/airflow/dags/7.2-ExternalTaskSensor.py
[2023-09-25T07:50:30.025+0000] {processor.py:839} INFO - DAG(s) dict_keys(['7.2-externalTaskSensor']) retrieved from /opt/airflow/dags/7.2-ExternalTaskSensor.py
[2023-09-25T07:50:30.062+0000] {logging_mixin.py:151} INFO - [2023-09-25T07:50:30.062+0000] {dag.py:2915} INFO - Sync 1 DAGs
[2023-09-25T07:50:30.112+0000] {logging_mixin.py:151} INFO - [2023-09-25T07:50:30.112+0000] {dag.py:3696} INFO - Setting next_dagrun for 7.2-externalTaskSensor to 2023-09-01T00:00:00+00:00, run_after=2023-09-02T00:00:00+00:00
[2023-09-25T07:50:30.163+0000] {processor.py:179} INFO - Processing /opt/airflow/dags/7.2-ExternalTaskSensor.py took 0.235 seconds
[2023-09-25T07:51:00.701+0000] {processor.py:157} INFO - Started process (PID=508) to work on /opt/airflow/dags/7.2-ExternalTaskSensor.py
[2023-09-25T07:51:00.702+0000] {processor.py:829} INFO - Processing file /opt/airflow/dags/7.2-ExternalTaskSensor.py for tasks to queue
[2023-09-25T07:51:00.705+0000] {logging_mixin.py:151} INFO - [2023-09-25T07:51:00.705+0000] {dagbag.py:539} INFO - Filling up the DagBag from /opt/airflow/dags/7.2-ExternalTaskSensor.py
[2023-09-25T07:51:00.755+0000] {processor.py:839} INFO - DAG(s) dict_keys(['7.2-externalTaskSensor']) retrieved from /opt/airflow/dags/7.2-ExternalTaskSensor.py
[2023-09-25T07:51:00.780+0000] {logging_mixin.py:151} INFO - [2023-09-25T07:51:00.779+0000] {dag.py:2915} INFO - Sync 1 DAGs
[2023-09-25T07:51:00.809+0000] {logging_mixin.py:151} INFO - [2023-09-25T07:51:00.808+0000] {dag.py:3696} INFO - Setting next_dagrun for 7.2-externalTaskSensor to 2023-09-01T00:00:00+00:00, run_after=2023-09-02T00:00:00+00:00
[2023-09-25T07:51:00.845+0000] {processor.py:179} INFO - Processing /opt/airflow/dags/7.2-ExternalTaskSensor.py took 0.147 seconds
[2023-09-25T07:51:31.462+0000] {processor.py:157} INFO - Started process (PID=531) to work on /opt/airflow/dags/7.2-ExternalTaskSensor.py
[2023-09-25T07:51:31.464+0000] {processor.py:829} INFO - Processing file /opt/airflow/dags/7.2-ExternalTaskSensor.py for tasks to queue
[2023-09-25T07:51:31.467+0000] {logging_mixin.py:151} INFO - [2023-09-25T07:51:31.467+0000] {dagbag.py:539} INFO - Filling up the DagBag from /opt/airflow/dags/7.2-ExternalTaskSensor.py
[2023-09-25T07:51:31.552+0000] {processor.py:839} INFO - DAG(s) dict_keys(['7.2-externalTaskSensor']) retrieved from /opt/airflow/dags/7.2-ExternalTaskSensor.py
[2023-09-25T07:51:31.593+0000] {logging_mixin.py:151} INFO - [2023-09-25T07:51:31.593+0000] {dag.py:2915} INFO - Sync 1 DAGs
[2023-09-25T07:51:31.619+0000] {logging_mixin.py:151} INFO - [2023-09-25T07:51:31.619+0000] {dag.py:3696} INFO - Setting next_dagrun for 7.2-externalTaskSensor to 2023-09-01T00:00:00+00:00, run_after=2023-09-02T00:00:00+00:00
[2023-09-25T07:51:31.650+0000] {processor.py:179} INFO - Processing /opt/airflow/dags/7.2-ExternalTaskSensor.py took 0.196 seconds
[2023-09-25T07:52:01.992+0000] {processor.py:157} INFO - Started process (PID=553) to work on /opt/airflow/dags/7.2-ExternalTaskSensor.py
[2023-09-25T07:52:01.994+0000] {processor.py:829} INFO - Processing file /opt/airflow/dags/7.2-ExternalTaskSensor.py for tasks to queue
[2023-09-25T07:52:01.996+0000] {logging_mixin.py:151} INFO - [2023-09-25T07:52:01.996+0000] {dagbag.py:539} INFO - Filling up the DagBag from /opt/airflow/dags/7.2-ExternalTaskSensor.py
[2023-09-25T07:52:02.064+0000] {processor.py:839} INFO - DAG(s) dict_keys(['7.2-externalTaskSensor']) retrieved from /opt/airflow/dags/7.2-ExternalTaskSensor.py
[2023-09-25T07:52:02.112+0000] {logging_mixin.py:151} INFO - [2023-09-25T07:52:02.112+0000] {dag.py:2915} INFO - Sync 1 DAGs
[2023-09-25T07:52:02.145+0000] {logging_mixin.py:151} INFO - [2023-09-25T07:52:02.145+0000] {dag.py:3696} INFO - Setting next_dagrun for 7.2-externalTaskSensor to 2023-09-01T00:00:00+00:00, run_after=2023-09-02T00:00:00+00:00
[2023-09-25T07:52:02.185+0000] {processor.py:179} INFO - Processing /opt/airflow/dags/7.2-ExternalTaskSensor.py took 0.201 seconds
[2023-09-25T07:52:32.899+0000] {processor.py:157} INFO - Started process (PID=575) to work on /opt/airflow/dags/7.2-ExternalTaskSensor.py
[2023-09-25T07:52:32.901+0000] {processor.py:829} INFO - Processing file /opt/airflow/dags/7.2-ExternalTaskSensor.py for tasks to queue
[2023-09-25T07:52:32.904+0000] {logging_mixin.py:151} INFO - [2023-09-25T07:52:32.903+0000] {dagbag.py:539} INFO - Filling up the DagBag from /opt/airflow/dags/7.2-ExternalTaskSensor.py
[2023-09-25T07:52:32.985+0000] {processor.py:839} INFO - DAG(s) dict_keys(['7.2-externalTaskSensor']) retrieved from /opt/airflow/dags/7.2-ExternalTaskSensor.py
[2023-09-25T07:52:33.019+0000] {logging_mixin.py:151} INFO - [2023-09-25T07:52:33.019+0000] {dag.py:2915} INFO - Sync 1 DAGs
[2023-09-25T07:52:33.065+0000] {logging_mixin.py:151} INFO - [2023-09-25T07:52:33.064+0000] {dag.py:3696} INFO - Setting next_dagrun for 7.2-externalTaskSensor to 2023-09-01T00:00:00+00:00, run_after=2023-09-02T00:00:00+00:00
[2023-09-25T07:52:33.102+0000] {processor.py:179} INFO - Processing /opt/airflow/dags/7.2-ExternalTaskSensor.py took 0.213 seconds
[2023-09-25T11:14:24.160+0000] {processor.py:157} INFO - Started process (PID=38) to work on /opt/airflow/dags/7.2-ExternalTaskSensor.py
[2023-09-25T11:14:24.163+0000] {processor.py:829} INFO - Processing file /opt/airflow/dags/7.2-ExternalTaskSensor.py for tasks to queue
[2023-09-25T11:14:24.171+0000] {logging_mixin.py:151} INFO - [2023-09-25T11:14:24.168+0000] {dagbag.py:539} INFO - Filling up the DagBag from /opt/airflow/dags/7.2-ExternalTaskSensor.py
[2023-09-25T11:14:24.245+0000] {processor.py:839} INFO - DAG(s) dict_keys(['7.2-externalTaskSensor']) retrieved from /opt/airflow/dags/7.2-ExternalTaskSensor.py
[2023-09-25T11:14:24.778+0000] {logging_mixin.py:151} INFO - [2023-09-25T11:14:24.777+0000] {security.py:708} INFO - Not syncing DAG-level permissions for DAG 'DAG:7.2-externalTaskSensor' as access control is unset.
[2023-09-25T11:14:24.779+0000] {logging_mixin.py:151} INFO - [2023-09-25T11:14:24.779+0000] {dag.py:2915} INFO - Sync 1 DAGs
[2023-09-25T11:14:24.819+0000] {logging_mixin.py:151} INFO - [2023-09-25T11:14:24.818+0000] {dag.py:3696} INFO - Setting next_dagrun for 7.2-externalTaskSensor to 2023-09-01T00:00:00+00:00, run_after=2023-09-02T00:00:00+00:00
[2023-09-25T11:14:24.865+0000] {processor.py:179} INFO - Processing /opt/airflow/dags/7.2-ExternalTaskSensor.py took 0.711 seconds
[2023-09-25T11:14:55.278+0000] {processor.py:157} INFO - Started process (PID=61) to work on /opt/airflow/dags/7.2-ExternalTaskSensor.py
[2023-09-25T11:14:55.293+0000] {processor.py:829} INFO - Processing file /opt/airflow/dags/7.2-ExternalTaskSensor.py for tasks to queue
[2023-09-25T11:14:55.295+0000] {logging_mixin.py:151} INFO - [2023-09-25T11:14:55.294+0000] {dagbag.py:539} INFO - Filling up the DagBag from /opt/airflow/dags/7.2-ExternalTaskSensor.py
[2023-09-25T11:14:55.341+0000] {processor.py:839} INFO - DAG(s) dict_keys(['7.2-externalTaskSensor']) retrieved from /opt/airflow/dags/7.2-ExternalTaskSensor.py
[2023-09-25T11:14:55.364+0000] {logging_mixin.py:151} INFO - [2023-09-25T11:14:55.364+0000] {dag.py:2915} INFO - Sync 1 DAGs
[2023-09-25T11:14:55.387+0000] {logging_mixin.py:151} INFO - [2023-09-25T11:14:55.387+0000] {dag.py:3696} INFO - Setting next_dagrun for 7.2-externalTaskSensor to 2023-09-01T00:00:00+00:00, run_after=2023-09-02T00:00:00+00:00
[2023-09-25T11:14:55.411+0000] {processor.py:179} INFO - Processing /opt/airflow/dags/7.2-ExternalTaskSensor.py took 0.135 seconds
[2023-09-25T11:15:25.727+0000] {processor.py:157} INFO - Started process (PID=84) to work on /opt/airflow/dags/7.2-ExternalTaskSensor.py
[2023-09-25T11:15:25.729+0000] {processor.py:829} INFO - Processing file /opt/airflow/dags/7.2-ExternalTaskSensor.py for tasks to queue
[2023-09-25T11:15:25.730+0000] {logging_mixin.py:151} INFO - [2023-09-25T11:15:25.730+0000] {dagbag.py:539} INFO - Filling up the DagBag from /opt/airflow/dags/7.2-ExternalTaskSensor.py
[2023-09-25T11:15:25.774+0000] {processor.py:839} INFO - DAG(s) dict_keys(['7.2-externalTaskSensor']) retrieved from /opt/airflow/dags/7.2-ExternalTaskSensor.py
[2023-09-25T11:15:25.798+0000] {logging_mixin.py:151} INFO - [2023-09-25T11:15:25.798+0000] {dag.py:2915} INFO - Sync 1 DAGs
[2023-09-25T11:15:25.825+0000] {logging_mixin.py:151} INFO - [2023-09-25T11:15:25.825+0000] {dag.py:3696} INFO - Setting next_dagrun for 7.2-externalTaskSensor to 2023-09-01T00:00:00+00:00, run_after=2023-09-02T00:00:00+00:00
[2023-09-25T11:15:25.852+0000] {processor.py:179} INFO - Processing /opt/airflow/dags/7.2-ExternalTaskSensor.py took 0.128 seconds
[2023-09-25T11:15:56.676+0000] {processor.py:157} INFO - Started process (PID=107) to work on /opt/airflow/dags/7.2-ExternalTaskSensor.py
[2023-09-25T11:15:56.677+0000] {processor.py:829} INFO - Processing file /opt/airflow/dags/7.2-ExternalTaskSensor.py for tasks to queue
[2023-09-25T11:15:56.679+0000] {logging_mixin.py:151} INFO - [2023-09-25T11:15:56.679+0000] {dagbag.py:539} INFO - Filling up the DagBag from /opt/airflow/dags/7.2-ExternalTaskSensor.py
[2023-09-25T11:15:56.726+0000] {processor.py:839} INFO - DAG(s) dict_keys(['7.2-externalTaskSensor']) retrieved from /opt/airflow/dags/7.2-ExternalTaskSensor.py
[2023-09-25T11:15:56.748+0000] {logging_mixin.py:151} INFO - [2023-09-25T11:15:56.748+0000] {dag.py:2915} INFO - Sync 1 DAGs
[2023-09-25T11:15:56.776+0000] {logging_mixin.py:151} INFO - [2023-09-25T11:15:56.775+0000] {dag.py:3696} INFO - Setting next_dagrun for 7.2-externalTaskSensor to 2023-09-01T00:00:00+00:00, run_after=2023-09-02T00:00:00+00:00
[2023-09-25T11:15:56.800+0000] {processor.py:179} INFO - Processing /opt/airflow/dags/7.2-ExternalTaskSensor.py took 0.128 seconds
[2023-09-25T11:16:27.620+0000] {processor.py:157} INFO - Started process (PID=130) to work on /opt/airflow/dags/7.2-ExternalTaskSensor.py
[2023-09-25T11:16:27.621+0000] {processor.py:829} INFO - Processing file /opt/airflow/dags/7.2-ExternalTaskSensor.py for tasks to queue
[2023-09-25T11:16:27.623+0000] {logging_mixin.py:151} INFO - [2023-09-25T11:16:27.623+0000] {dagbag.py:539} INFO - Filling up the DagBag from /opt/airflow/dags/7.2-ExternalTaskSensor.py
[2023-09-25T11:16:27.668+0000] {processor.py:839} INFO - DAG(s) dict_keys(['7.2-externalTaskSensor']) retrieved from /opt/airflow/dags/7.2-ExternalTaskSensor.py
[2023-09-25T11:16:27.698+0000] {logging_mixin.py:151} INFO - [2023-09-25T11:16:27.697+0000] {dag.py:2915} INFO - Sync 1 DAGs
[2023-09-25T11:16:27.727+0000] {logging_mixin.py:151} INFO - [2023-09-25T11:16:27.727+0000] {dag.py:3696} INFO - Setting next_dagrun for 7.2-externalTaskSensor to 2023-09-01T00:00:00+00:00, run_after=2023-09-02T00:00:00+00:00
[2023-09-25T11:16:27.756+0000] {processor.py:179} INFO - Processing /opt/airflow/dags/7.2-ExternalTaskSensor.py took 0.145 seconds
[2023-09-25T11:16:58.695+0000] {processor.py:157} INFO - Started process (PID=153) to work on /opt/airflow/dags/7.2-ExternalTaskSensor.py
[2023-09-25T11:16:58.696+0000] {processor.py:829} INFO - Processing file /opt/airflow/dags/7.2-ExternalTaskSensor.py for tasks to queue
[2023-09-25T11:16:58.699+0000] {logging_mixin.py:151} INFO - [2023-09-25T11:16:58.698+0000] {dagbag.py:539} INFO - Filling up the DagBag from /opt/airflow/dags/7.2-ExternalTaskSensor.py
[2023-09-25T11:16:58.747+0000] {processor.py:839} INFO - DAG(s) dict_keys(['7.2-externalTaskSensor']) retrieved from /opt/airflow/dags/7.2-ExternalTaskSensor.py
[2023-09-25T11:16:58.770+0000] {logging_mixin.py:151} INFO - [2023-09-25T11:16:58.770+0000] {dag.py:2915} INFO - Sync 1 DAGs
[2023-09-25T11:16:58.804+0000] {logging_mixin.py:151} INFO - [2023-09-25T11:16:58.803+0000] {dag.py:3696} INFO - Setting next_dagrun for 7.2-externalTaskSensor to 2023-09-01T00:00:00+00:00, run_after=2023-09-02T00:00:00+00:00
[2023-09-25T11:16:58.830+0000] {processor.py:179} INFO - Processing /opt/airflow/dags/7.2-ExternalTaskSensor.py took 0.139 seconds
[2023-09-25T11:17:29.756+0000] {processor.py:157} INFO - Started process (PID=176) to work on /opt/airflow/dags/7.2-ExternalTaskSensor.py
[2023-09-25T11:17:29.757+0000] {processor.py:829} INFO - Processing file /opt/airflow/dags/7.2-ExternalTaskSensor.py for tasks to queue
[2023-09-25T11:17:29.758+0000] {logging_mixin.py:151} INFO - [2023-09-25T11:17:29.758+0000] {dagbag.py:539} INFO - Filling up the DagBag from /opt/airflow/dags/7.2-ExternalTaskSensor.py
[2023-09-25T11:17:29.805+0000] {processor.py:839} INFO - DAG(s) dict_keys(['7.2-externalTaskSensor']) retrieved from /opt/airflow/dags/7.2-ExternalTaskSensor.py
[2023-09-25T11:17:29.829+0000] {logging_mixin.py:151} INFO - [2023-09-25T11:17:29.829+0000] {dag.py:2915} INFO - Sync 1 DAGs
[2023-09-25T11:17:29.859+0000] {logging_mixin.py:151} INFO - [2023-09-25T11:17:29.859+0000] {dag.py:3696} INFO - Setting next_dagrun for 7.2-externalTaskSensor to 2023-09-01T00:00:00+00:00, run_after=2023-09-02T00:00:00+00:00
[2023-09-25T11:17:29.883+0000] {processor.py:179} INFO - Processing /opt/airflow/dags/7.2-ExternalTaskSensor.py took 0.132 seconds
[2023-09-25T11:18:00.501+0000] {processor.py:157} INFO - Started process (PID=199) to work on /opt/airflow/dags/7.2-ExternalTaskSensor.py
[2023-09-25T11:18:00.503+0000] {processor.py:829} INFO - Processing file /opt/airflow/dags/7.2-ExternalTaskSensor.py for tasks to queue
[2023-09-25T11:18:00.504+0000] {logging_mixin.py:151} INFO - [2023-09-25T11:18:00.504+0000] {dagbag.py:539} INFO - Filling up the DagBag from /opt/airflow/dags/7.2-ExternalTaskSensor.py
[2023-09-25T11:18:00.563+0000] {processor.py:839} INFO - DAG(s) dict_keys(['7.2-externalTaskSensor']) retrieved from /opt/airflow/dags/7.2-ExternalTaskSensor.py
[2023-09-25T11:18:00.591+0000] {logging_mixin.py:151} INFO - [2023-09-25T11:18:00.590+0000] {dag.py:2915} INFO - Sync 1 DAGs
[2023-09-25T11:18:00.616+0000] {logging_mixin.py:151} INFO - [2023-09-25T11:18:00.616+0000] {dag.py:3696} INFO - Setting next_dagrun for 7.2-externalTaskSensor to 2023-09-01T00:00:00+00:00, run_after=2023-09-02T00:00:00+00:00
[2023-09-25T11:18:00.646+0000] {processor.py:179} INFO - Processing /opt/airflow/dags/7.2-ExternalTaskSensor.py took 0.150 seconds
[2023-09-25T11:18:31.146+0000] {processor.py:157} INFO - Started process (PID=232) to work on /opt/airflow/dags/7.2-ExternalTaskSensor.py
[2023-09-25T11:18:31.147+0000] {processor.py:829} INFO - Processing file /opt/airflow/dags/7.2-ExternalTaskSensor.py for tasks to queue
[2023-09-25T11:18:31.149+0000] {logging_mixin.py:151} INFO - [2023-09-25T11:18:31.148+0000] {dagbag.py:539} INFO - Filling up the DagBag from /opt/airflow/dags/7.2-ExternalTaskSensor.py
[2023-09-25T11:18:31.207+0000] {processor.py:839} INFO - DAG(s) dict_keys(['7.2-externalTaskSensor']) retrieved from /opt/airflow/dags/7.2-ExternalTaskSensor.py
[2023-09-25T11:18:31.246+0000] {logging_mixin.py:151} INFO - [2023-09-25T11:18:31.246+0000] {dag.py:2915} INFO - Sync 1 DAGs
[2023-09-25T11:18:31.276+0000] {logging_mixin.py:151} INFO - [2023-09-25T11:18:31.276+0000] {dag.py:3696} INFO - Setting next_dagrun for 7.2-externalTaskSensor to 2023-09-01T00:00:00+00:00, run_after=2023-09-02T00:00:00+00:00
[2023-09-25T11:18:31.299+0000] {processor.py:179} INFO - Processing /opt/airflow/dags/7.2-ExternalTaskSensor.py took 0.157 seconds
[2023-09-25T11:19:02.273+0000] {processor.py:157} INFO - Started process (PID=255) to work on /opt/airflow/dags/7.2-ExternalTaskSensor.py
[2023-09-25T11:19:02.274+0000] {processor.py:829} INFO - Processing file /opt/airflow/dags/7.2-ExternalTaskSensor.py for tasks to queue
[2023-09-25T11:19:02.275+0000] {logging_mixin.py:151} INFO - [2023-09-25T11:19:02.275+0000] {dagbag.py:539} INFO - Filling up the DagBag from /opt/airflow/dags/7.2-ExternalTaskSensor.py
[2023-09-25T11:19:02.326+0000] {processor.py:839} INFO - DAG(s) dict_keys(['7.2-externalTaskSensor']) retrieved from /opt/airflow/dags/7.2-ExternalTaskSensor.py
[2023-09-25T11:19:02.352+0000] {logging_mixin.py:151} INFO - [2023-09-25T11:19:02.352+0000] {dag.py:2915} INFO - Sync 1 DAGs
[2023-09-25T11:19:02.380+0000] {logging_mixin.py:151} INFO - [2023-09-25T11:19:02.379+0000] {dag.py:3696} INFO - Setting next_dagrun for 7.2-externalTaskSensor to 2023-09-01T00:00:00+00:00, run_after=2023-09-02T00:00:00+00:00
[2023-09-25T11:19:02.406+0000] {processor.py:179} INFO - Processing /opt/airflow/dags/7.2-ExternalTaskSensor.py took 0.138 seconds
[2023-09-25T11:19:33.117+0000] {processor.py:157} INFO - Started process (PID=278) to work on /opt/airflow/dags/7.2-ExternalTaskSensor.py
[2023-09-25T11:19:33.118+0000] {processor.py:829} INFO - Processing file /opt/airflow/dags/7.2-ExternalTaskSensor.py for tasks to queue
[2023-09-25T11:19:33.119+0000] {logging_mixin.py:151} INFO - [2023-09-25T11:19:33.119+0000] {dagbag.py:539} INFO - Filling up the DagBag from /opt/airflow/dags/7.2-ExternalTaskSensor.py
[2023-09-25T11:19:33.166+0000] {processor.py:839} INFO - DAG(s) dict_keys(['7.2-externalTaskSensor']) retrieved from /opt/airflow/dags/7.2-ExternalTaskSensor.py
[2023-09-25T11:19:33.190+0000] {logging_mixin.py:151} INFO - [2023-09-25T11:19:33.189+0000] {dag.py:2915} INFO - Sync 1 DAGs
[2023-09-25T11:19:33.213+0000] {logging_mixin.py:151} INFO - [2023-09-25T11:19:33.213+0000] {dag.py:3696} INFO - Setting next_dagrun for 7.2-externalTaskSensor to 2023-09-01T00:00:00+00:00, run_after=2023-09-02T00:00:00+00:00
[2023-09-25T11:19:33.242+0000] {processor.py:179} INFO - Processing /opt/airflow/dags/7.2-ExternalTaskSensor.py took 0.128 seconds
[2023-09-25T11:20:03.979+0000] {processor.py:157} INFO - Started process (PID=301) to work on /opt/airflow/dags/7.2-ExternalTaskSensor.py
[2023-09-25T11:20:03.980+0000] {processor.py:829} INFO - Processing file /opt/airflow/dags/7.2-ExternalTaskSensor.py for tasks to queue
[2023-09-25T11:20:03.982+0000] {logging_mixin.py:151} INFO - [2023-09-25T11:20:03.981+0000] {dagbag.py:539} INFO - Filling up the DagBag from /opt/airflow/dags/7.2-ExternalTaskSensor.py
[2023-09-25T11:20:04.030+0000] {processor.py:839} INFO - DAG(s) dict_keys(['7.2-externalTaskSensor']) retrieved from /opt/airflow/dags/7.2-ExternalTaskSensor.py
[2023-09-25T11:20:04.055+0000] {logging_mixin.py:151} INFO - [2023-09-25T11:20:04.054+0000] {dag.py:2915} INFO - Sync 1 DAGs
[2023-09-25T11:20:04.079+0000] {logging_mixin.py:151} INFO - [2023-09-25T11:20:04.079+0000] {dag.py:3696} INFO - Setting next_dagrun for 7.2-externalTaskSensor to 2023-09-01T00:00:00+00:00, run_after=2023-09-02T00:00:00+00:00
[2023-09-25T11:20:04.104+0000] {processor.py:179} INFO - Processing /opt/airflow/dags/7.2-ExternalTaskSensor.py took 0.127 seconds
[2023-09-25T11:20:35.079+0000] {processor.py:157} INFO - Started process (PID=324) to work on /opt/airflow/dags/7.2-ExternalTaskSensor.py
[2023-09-25T11:20:35.080+0000] {processor.py:829} INFO - Processing file /opt/airflow/dags/7.2-ExternalTaskSensor.py for tasks to queue
[2023-09-25T11:20:35.082+0000] {logging_mixin.py:151} INFO - [2023-09-25T11:20:35.081+0000] {dagbag.py:539} INFO - Filling up the DagBag from /opt/airflow/dags/7.2-ExternalTaskSensor.py
[2023-09-25T11:20:35.137+0000] {processor.py:839} INFO - DAG(s) dict_keys(['7.2-externalTaskSensor']) retrieved from /opt/airflow/dags/7.2-ExternalTaskSensor.py
[2023-09-25T11:20:35.168+0000] {logging_mixin.py:151} INFO - [2023-09-25T11:20:35.168+0000] {dag.py:2915} INFO - Sync 1 DAGs
[2023-09-25T11:20:35.202+0000] {logging_mixin.py:151} INFO - [2023-09-25T11:20:35.202+0000] {dag.py:3696} INFO - Setting next_dagrun for 7.2-externalTaskSensor to 2023-09-01T00:00:00+00:00, run_after=2023-09-02T00:00:00+00:00
[2023-09-25T11:20:35.239+0000] {processor.py:179} INFO - Processing /opt/airflow/dags/7.2-ExternalTaskSensor.py took 0.168 seconds
[2023-09-25T11:21:05.586+0000] {processor.py:157} INFO - Started process (PID=347) to work on /opt/airflow/dags/7.2-ExternalTaskSensor.py
[2023-09-25T11:21:05.587+0000] {processor.py:829} INFO - Processing file /opt/airflow/dags/7.2-ExternalTaskSensor.py for tasks to queue
[2023-09-25T11:21:05.589+0000] {logging_mixin.py:151} INFO - [2023-09-25T11:21:05.588+0000] {dagbag.py:539} INFO - Filling up the DagBag from /opt/airflow/dags/7.2-ExternalTaskSensor.py
[2023-09-25T11:21:05.641+0000] {processor.py:839} INFO - DAG(s) dict_keys(['7.2-externalTaskSensor']) retrieved from /opt/airflow/dags/7.2-ExternalTaskSensor.py
[2023-09-25T11:21:05.668+0000] {logging_mixin.py:151} INFO - [2023-09-25T11:21:05.668+0000] {dag.py:2915} INFO - Sync 1 DAGs
[2023-09-25T11:21:05.695+0000] {logging_mixin.py:151} INFO - [2023-09-25T11:21:05.695+0000] {dag.py:3696} INFO - Setting next_dagrun for 7.2-externalTaskSensor to 2023-09-01T00:00:00+00:00, run_after=2023-09-02T00:00:00+00:00
[2023-09-25T11:21:05.722+0000] {processor.py:179} INFO - Processing /opt/airflow/dags/7.2-ExternalTaskSensor.py took 0.141 seconds
[2023-09-25T11:21:36.077+0000] {processor.py:157} INFO - Started process (PID=370) to work on /opt/airflow/dags/7.2-ExternalTaskSensor.py
[2023-09-25T11:21:36.079+0000] {processor.py:829} INFO - Processing file /opt/airflow/dags/7.2-ExternalTaskSensor.py for tasks to queue
[2023-09-25T11:21:36.080+0000] {logging_mixin.py:151} INFO - [2023-09-25T11:21:36.080+0000] {dagbag.py:539} INFO - Filling up the DagBag from /opt/airflow/dags/7.2-ExternalTaskSensor.py
[2023-09-25T11:21:36.135+0000] {processor.py:839} INFO - DAG(s) dict_keys(['7.2-externalTaskSensor']) retrieved from /opt/airflow/dags/7.2-ExternalTaskSensor.py
[2023-09-25T11:21:36.162+0000] {logging_mixin.py:151} INFO - [2023-09-25T11:21:36.162+0000] {dag.py:2915} INFO - Sync 1 DAGs
[2023-09-25T11:21:36.188+0000] {logging_mixin.py:151} INFO - [2023-09-25T11:21:36.188+0000] {dag.py:3696} INFO - Setting next_dagrun for 7.2-externalTaskSensor to 2023-09-01T00:00:00+00:00, run_after=2023-09-02T00:00:00+00:00
[2023-09-25T11:21:36.215+0000] {processor.py:179} INFO - Processing /opt/airflow/dags/7.2-ExternalTaskSensor.py took 0.142 seconds
[2023-09-25T11:22:06.510+0000] {processor.py:157} INFO - Started process (PID=393) to work on /opt/airflow/dags/7.2-ExternalTaskSensor.py
[2023-09-25T11:22:06.511+0000] {processor.py:829} INFO - Processing file /opt/airflow/dags/7.2-ExternalTaskSensor.py for tasks to queue
[2023-09-25T11:22:06.513+0000] {logging_mixin.py:151} INFO - [2023-09-25T11:22:06.512+0000] {dagbag.py:539} INFO - Filling up the DagBag from /opt/airflow/dags/7.2-ExternalTaskSensor.py
[2023-09-25T11:22:06.563+0000] {processor.py:839} INFO - DAG(s) dict_keys(['7.2-externalTaskSensor']) retrieved from /opt/airflow/dags/7.2-ExternalTaskSensor.py
[2023-09-25T11:22:06.588+0000] {logging_mixin.py:151} INFO - [2023-09-25T11:22:06.588+0000] {dag.py:2915} INFO - Sync 1 DAGs
[2023-09-25T11:22:06.615+0000] {logging_mixin.py:151} INFO - [2023-09-25T11:22:06.615+0000] {dag.py:3696} INFO - Setting next_dagrun for 7.2-externalTaskSensor to 2023-09-01T00:00:00+00:00, run_after=2023-09-02T00:00:00+00:00
[2023-09-25T11:22:06.644+0000] {processor.py:179} INFO - Processing /opt/airflow/dags/7.2-ExternalTaskSensor.py took 0.139 seconds
[2023-09-25T11:22:37.223+0000] {processor.py:157} INFO - Started process (PID=416) to work on /opt/airflow/dags/7.2-ExternalTaskSensor.py
[2023-09-25T11:22:37.225+0000] {processor.py:829} INFO - Processing file /opt/airflow/dags/7.2-ExternalTaskSensor.py for tasks to queue
[2023-09-25T11:22:37.226+0000] {logging_mixin.py:151} INFO - [2023-09-25T11:22:37.226+0000] {dagbag.py:539} INFO - Filling up the DagBag from /opt/airflow/dags/7.2-ExternalTaskSensor.py
[2023-09-25T11:22:37.285+0000] {processor.py:839} INFO - DAG(s) dict_keys(['7.2-externalTaskSensor']) retrieved from /opt/airflow/dags/7.2-ExternalTaskSensor.py
[2023-09-25T11:22:37.310+0000] {logging_mixin.py:151} INFO - [2023-09-25T11:22:37.309+0000] {dag.py:2915} INFO - Sync 1 DAGs
[2023-09-25T11:22:37.336+0000] {logging_mixin.py:151} INFO - [2023-09-25T11:22:37.336+0000] {dag.py:3696} INFO - Setting next_dagrun for 7.2-externalTaskSensor to 2023-09-01T00:00:00+00:00, run_after=2023-09-02T00:00:00+00:00
[2023-09-25T11:22:37.364+0000] {processor.py:179} INFO - Processing /opt/airflow/dags/7.2-ExternalTaskSensor.py took 0.145 seconds
[2023-09-25T11:23:07.713+0000] {processor.py:157} INFO - Started process (PID=439) to work on /opt/airflow/dags/7.2-ExternalTaskSensor.py
[2023-09-25T11:23:07.714+0000] {processor.py:829} INFO - Processing file /opt/airflow/dags/7.2-ExternalTaskSensor.py for tasks to queue
[2023-09-25T11:23:07.716+0000] {logging_mixin.py:151} INFO - [2023-09-25T11:23:07.715+0000] {dagbag.py:539} INFO - Filling up the DagBag from /opt/airflow/dags/7.2-ExternalTaskSensor.py
[2023-09-25T11:23:07.769+0000] {processor.py:839} INFO - DAG(s) dict_keys(['7.2-externalTaskSensor']) retrieved from /opt/airflow/dags/7.2-ExternalTaskSensor.py
[2023-09-25T11:23:07.796+0000] {logging_mixin.py:151} INFO - [2023-09-25T11:23:07.796+0000] {dag.py:2915} INFO - Sync 1 DAGs
[2023-09-25T11:23:07.823+0000] {logging_mixin.py:151} INFO - [2023-09-25T11:23:07.822+0000] {dag.py:3696} INFO - Setting next_dagrun for 7.2-externalTaskSensor to 2023-09-01T00:00:00+00:00, run_after=2023-09-02T00:00:00+00:00
[2023-09-25T11:23:07.851+0000] {processor.py:179} INFO - Processing /opt/airflow/dags/7.2-ExternalTaskSensor.py took 0.142 seconds
[2023-09-25T11:23:38.108+0000] {processor.py:157} INFO - Started process (PID=462) to work on /opt/airflow/dags/7.2-ExternalTaskSensor.py
[2023-09-25T11:23:38.110+0000] {processor.py:829} INFO - Processing file /opt/airflow/dags/7.2-ExternalTaskSensor.py for tasks to queue
[2023-09-25T11:23:38.112+0000] {logging_mixin.py:151} INFO - [2023-09-25T11:23:38.112+0000] {dagbag.py:539} INFO - Filling up the DagBag from /opt/airflow/dags/7.2-ExternalTaskSensor.py
[2023-09-25T11:23:38.174+0000] {processor.py:839} INFO - DAG(s) dict_keys(['7.2-externalTaskSensor']) retrieved from /opt/airflow/dags/7.2-ExternalTaskSensor.py
[2023-09-25T11:23:38.205+0000] {logging_mixin.py:151} INFO - [2023-09-25T11:23:38.205+0000] {dag.py:2915} INFO - Sync 1 DAGs
[2023-09-25T11:23:38.236+0000] {logging_mixin.py:151} INFO - [2023-09-25T11:23:38.236+0000] {dag.py:3696} INFO - Setting next_dagrun for 7.2-externalTaskSensor to 2023-09-01T00:00:00+00:00, run_after=2023-09-02T00:00:00+00:00
[2023-09-25T11:23:38.266+0000] {processor.py:179} INFO - Processing /opt/airflow/dags/7.2-ExternalTaskSensor.py took 0.162 seconds
[2023-09-25T11:24:09.417+0000] {processor.py:157} INFO - Started process (PID=485) to work on /opt/airflow/dags/7.2-ExternalTaskSensor.py
[2023-09-25T11:24:09.419+0000] {processor.py:829} INFO - Processing file /opt/airflow/dags/7.2-ExternalTaskSensor.py for tasks to queue
[2023-09-25T11:24:09.421+0000] {logging_mixin.py:151} INFO - [2023-09-25T11:24:09.420+0000] {dagbag.py:539} INFO - Filling up the DagBag from /opt/airflow/dags/7.2-ExternalTaskSensor.py
[2023-09-25T11:24:09.477+0000] {processor.py:839} INFO - DAG(s) dict_keys(['7.2-externalTaskSensor']) retrieved from /opt/airflow/dags/7.2-ExternalTaskSensor.py
[2023-09-25T11:24:09.542+0000] {logging_mixin.py:151} INFO - [2023-09-25T11:24:09.541+0000] {dag.py:2915} INFO - Sync 1 DAGs
[2023-09-25T11:24:09.625+0000] {logging_mixin.py:151} INFO - [2023-09-25T11:24:09.625+0000] {dag.py:3696} INFO - Setting next_dagrun for 7.2-externalTaskSensor to 2023-09-01T00:00:00+00:00, run_after=2023-09-02T00:00:00+00:00
[2023-09-25T11:24:09.667+0000] {processor.py:179} INFO - Processing /opt/airflow/dags/7.2-ExternalTaskSensor.py took 0.257 seconds
[2023-09-25T11:24:40.222+0000] {processor.py:157} INFO - Started process (PID=508) to work on /opt/airflow/dags/7.2-ExternalTaskSensor.py
[2023-09-25T11:24:40.223+0000] {processor.py:829} INFO - Processing file /opt/airflow/dags/7.2-ExternalTaskSensor.py for tasks to queue
[2023-09-25T11:24:40.225+0000] {logging_mixin.py:151} INFO - [2023-09-25T11:24:40.225+0000] {dagbag.py:539} INFO - Filling up the DagBag from /opt/airflow/dags/7.2-ExternalTaskSensor.py
[2023-09-25T11:24:40.274+0000] {processor.py:839} INFO - DAG(s) dict_keys(['7.2-externalTaskSensor']) retrieved from /opt/airflow/dags/7.2-ExternalTaskSensor.py
[2023-09-25T11:24:40.297+0000] {logging_mixin.py:151} INFO - [2023-09-25T11:24:40.296+0000] {dag.py:2915} INFO - Sync 1 DAGs
[2023-09-25T11:24:40.320+0000] {logging_mixin.py:151} INFO - [2023-09-25T11:24:40.320+0000] {dag.py:3696} INFO - Setting next_dagrun for 7.2-externalTaskSensor to 2023-09-01T00:00:00+00:00, run_after=2023-09-02T00:00:00+00:00
[2023-09-25T11:24:40.345+0000] {processor.py:179} INFO - Processing /opt/airflow/dags/7.2-ExternalTaskSensor.py took 0.127 seconds
[2023-09-25T11:25:10.480+0000] {processor.py:157} INFO - Started process (PID=531) to work on /opt/airflow/dags/7.2-ExternalTaskSensor.py
[2023-09-25T11:25:10.482+0000] {processor.py:829} INFO - Processing file /opt/airflow/dags/7.2-ExternalTaskSensor.py for tasks to queue
[2023-09-25T11:25:10.483+0000] {logging_mixin.py:151} INFO - [2023-09-25T11:25:10.483+0000] {dagbag.py:539} INFO - Filling up the DagBag from /opt/airflow/dags/7.2-ExternalTaskSensor.py
[2023-09-25T11:25:10.531+0000] {processor.py:839} INFO - DAG(s) dict_keys(['7.2-externalTaskSensor']) retrieved from /opt/airflow/dags/7.2-ExternalTaskSensor.py
[2023-09-25T11:25:10.557+0000] {logging_mixin.py:151} INFO - [2023-09-25T11:25:10.557+0000] {dag.py:2915} INFO - Sync 1 DAGs
[2023-09-25T11:25:10.581+0000] {logging_mixin.py:151} INFO - [2023-09-25T11:25:10.581+0000] {dag.py:3696} INFO - Setting next_dagrun for 7.2-externalTaskSensor to 2023-09-01T00:00:00+00:00, run_after=2023-09-02T00:00:00+00:00
[2023-09-25T11:25:10.609+0000] {processor.py:179} INFO - Processing /opt/airflow/dags/7.2-ExternalTaskSensor.py took 0.134 seconds
