[2023-09-25T07:32:44.988+0000] {processor.py:157} INFO - Started process (PID=41) to work on /opt/airflow/dags/7.3-ExternalTaskSensor.py
[2023-09-25T07:32:44.991+0000] {processor.py:829} INFO - Processing file /opt/airflow/dags/7.3-ExternalTaskSensor.py for tasks to queue
[2023-09-25T07:32:44.995+0000] {logging_mixin.py:151} INFO - [2023-09-25T07:32:44.994+0000] {dagbag.py:539} INFO - Filling up the DagBag from /opt/airflow/dags/7.3-ExternalTaskSensor.py
[2023-09-25T07:32:45.114+0000] {processor.py:839} INFO - DAG(s) dict_keys(['7.3-externalTaskSensor']) retrieved from /opt/airflow/dags/7.3-ExternalTaskSensor.py
[2023-09-25T07:32:55.885+0000] {logging_mixin.py:151} INFO - [2023-09-25T07:32:55.882+0000] {dag.py:2915} INFO - Sync 1 DAGs
[2023-09-25T07:32:56.084+0000] {logging_mixin.py:151} INFO - [2023-09-25T07:32:56.084+0000] {dag.py:3696} INFO - Setting next_dagrun for 7.3-externalTaskSensor to 2023-09-01T00:00:00+00:00, run_after=2023-09-02T00:00:00+00:00
[2023-09-25T07:32:56.188+0000] {processor.py:179} INFO - Processing /opt/airflow/dags/7.3-ExternalTaskSensor.py took 11.210 seconds
[2023-09-25T07:34:35.372+0000] {processor.py:157} INFO - Started process (PID=56) to work on /opt/airflow/dags/7.3-ExternalTaskSensor.py
[2023-09-25T07:34:35.389+0000] {processor.py:829} INFO - Processing file /opt/airflow/dags/7.3-ExternalTaskSensor.py for tasks to queue
[2023-09-25T07:34:35.395+0000] {logging_mixin.py:151} INFO - [2023-09-25T07:34:35.391+0000] {dagbag.py:539} INFO - Filling up the DagBag from /opt/airflow/dags/7.3-ExternalTaskSensor.py
[2023-09-25T07:34:35.561+0000] {processor.py:839} INFO - DAG(s) dict_keys(['7.3-externalTaskSensor']) retrieved from /opt/airflow/dags/7.3-ExternalTaskSensor.py
[2023-09-25T07:34:35.716+0000] {logging_mixin.py:151} INFO - [2023-09-25T07:34:35.716+0000] {dag.py:2915} INFO - Sync 1 DAGs
[2023-09-25T07:34:35.817+0000] {logging_mixin.py:151} INFO - [2023-09-25T07:34:35.813+0000] {dag.py:3696} INFO - Setting next_dagrun for 7.3-externalTaskSensor to 2023-09-01T00:00:00+00:00, run_after=2023-09-02T00:00:00+00:00
[2023-09-25T07:34:35.978+0000] {processor.py:179} INFO - Processing /opt/airflow/dags/7.3-ExternalTaskSensor.py took 0.626 seconds
[2023-09-25T07:40:07.553+0000] {processor.py:157} INFO - Started process (PID=36) to work on /opt/airflow/dags/7.3-ExternalTaskSensor.py
[2023-09-25T07:40:07.659+0000] {processor.py:829} INFO - Processing file /opt/airflow/dags/7.3-ExternalTaskSensor.py for tasks to queue
[2023-09-25T07:40:07.660+0000] {logging_mixin.py:151} INFO - [2023-09-25T07:40:07.660+0000] {dagbag.py:539} INFO - Filling up the DagBag from /opt/airflow/dags/7.3-ExternalTaskSensor.py
[2023-09-25T07:40:07.705+0000] {processor.py:839} INFO - DAG(s) dict_keys(['7.3-externalTaskSensor']) retrieved from /opt/airflow/dags/7.3-ExternalTaskSensor.py
[2023-09-25T07:40:08.138+0000] {logging_mixin.py:151} INFO - [2023-09-25T07:40:08.138+0000] {security.py:708} INFO - Not syncing DAG-level permissions for DAG 'DAG:7.3-externalTaskSensor' as access control is unset.
[2023-09-25T07:40:08.139+0000] {logging_mixin.py:151} INFO - [2023-09-25T07:40:08.139+0000] {dag.py:2915} INFO - Sync 1 DAGs
[2023-09-25T07:40:08.193+0000] {logging_mixin.py:151} INFO - [2023-09-25T07:40:08.190+0000] {dag.py:3696} INFO - Setting next_dagrun for 7.3-externalTaskSensor to 2023-09-01T00:00:00+00:00, run_after=2023-09-02T00:00:00+00:00
[2023-09-25T07:40:08.296+0000] {processor.py:179} INFO - Processing /opt/airflow/dags/7.3-ExternalTaskSensor.py took 0.747 seconds
[2023-09-25T07:40:39.166+0000] {processor.py:157} INFO - Started process (PID=58) to work on /opt/airflow/dags/7.3-ExternalTaskSensor.py
[2023-09-25T07:40:39.178+0000] {processor.py:829} INFO - Processing file /opt/airflow/dags/7.3-ExternalTaskSensor.py for tasks to queue
[2023-09-25T07:40:39.180+0000] {logging_mixin.py:151} INFO - [2023-09-25T07:40:39.180+0000] {dagbag.py:539} INFO - Filling up the DagBag from /opt/airflow/dags/7.3-ExternalTaskSensor.py
[2023-09-25T07:40:39.260+0000] {processor.py:839} INFO - DAG(s) dict_keys(['7.3-externalTaskSensor']) retrieved from /opt/airflow/dags/7.3-ExternalTaskSensor.py
[2023-09-25T07:40:39.318+0000] {logging_mixin.py:151} INFO - [2023-09-25T07:40:39.317+0000] {dag.py:2915} INFO - Sync 1 DAGs
[2023-09-25T07:40:39.373+0000] {logging_mixin.py:151} INFO - [2023-09-25T07:40:39.372+0000] {dag.py:3696} INFO - Setting next_dagrun for 7.3-externalTaskSensor to 2023-09-01T00:00:00+00:00, run_after=2023-09-02T00:00:00+00:00
[2023-09-25T07:40:39.431+0000] {processor.py:179} INFO - Processing /opt/airflow/dags/7.3-ExternalTaskSensor.py took 0.270 seconds
[2023-09-25T07:41:09.873+0000] {processor.py:157} INFO - Started process (PID=80) to work on /opt/airflow/dags/7.3-ExternalTaskSensor.py
[2023-09-25T07:41:09.875+0000] {processor.py:829} INFO - Processing file /opt/airflow/dags/7.3-ExternalTaskSensor.py for tasks to queue
[2023-09-25T07:41:09.878+0000] {logging_mixin.py:151} INFO - [2023-09-25T07:41:09.877+0000] {dagbag.py:539} INFO - Filling up the DagBag from /opt/airflow/dags/7.3-ExternalTaskSensor.py
[2023-09-25T07:41:09.960+0000] {processor.py:839} INFO - DAG(s) dict_keys(['7.3-externalTaskSensor']) retrieved from /opt/airflow/dags/7.3-ExternalTaskSensor.py
[2023-09-25T07:41:10.000+0000] {logging_mixin.py:151} INFO - [2023-09-25T07:41:10.000+0000] {dag.py:2915} INFO - Sync 1 DAGs
[2023-09-25T07:41:10.046+0000] {logging_mixin.py:151} INFO - [2023-09-25T07:41:10.046+0000] {dag.py:3696} INFO - Setting next_dagrun for 7.3-externalTaskSensor to 2023-09-01T00:00:00+00:00, run_after=2023-09-02T00:00:00+00:00
[2023-09-25T07:41:10.095+0000] {processor.py:179} INFO - Processing /opt/airflow/dags/7.3-ExternalTaskSensor.py took 0.231 seconds
[2023-09-25T07:41:40.335+0000] {processor.py:157} INFO - Started process (PID=102) to work on /opt/airflow/dags/7.3-ExternalTaskSensor.py
[2023-09-25T07:41:40.337+0000] {processor.py:829} INFO - Processing file /opt/airflow/dags/7.3-ExternalTaskSensor.py for tasks to queue
[2023-09-25T07:41:40.340+0000] {logging_mixin.py:151} INFO - [2023-09-25T07:41:40.339+0000] {dagbag.py:539} INFO - Filling up the DagBag from /opt/airflow/dags/7.3-ExternalTaskSensor.py
[2023-09-25T07:41:40.423+0000] {processor.py:839} INFO - DAG(s) dict_keys(['7.3-externalTaskSensor']) retrieved from /opt/airflow/dags/7.3-ExternalTaskSensor.py
[2023-09-25T07:41:40.471+0000] {logging_mixin.py:151} INFO - [2023-09-25T07:41:40.471+0000] {dag.py:2915} INFO - Sync 1 DAGs
[2023-09-25T07:41:40.524+0000] {logging_mixin.py:151} INFO - [2023-09-25T07:41:40.524+0000] {dag.py:3696} INFO - Setting next_dagrun for 7.3-externalTaskSensor to 2023-09-01T00:00:00+00:00, run_after=2023-09-02T00:00:00+00:00
[2023-09-25T07:41:40.570+0000] {processor.py:179} INFO - Processing /opt/airflow/dags/7.3-ExternalTaskSensor.py took 0.243 seconds
[2023-09-25T07:42:11.041+0000] {processor.py:157} INFO - Started process (PID=124) to work on /opt/airflow/dags/7.3-ExternalTaskSensor.py
[2023-09-25T07:42:11.043+0000] {processor.py:829} INFO - Processing file /opt/airflow/dags/7.3-ExternalTaskSensor.py for tasks to queue
[2023-09-25T07:42:11.046+0000] {logging_mixin.py:151} INFO - [2023-09-25T07:42:11.045+0000] {dagbag.py:539} INFO - Filling up the DagBag from /opt/airflow/dags/7.3-ExternalTaskSensor.py
[2023-09-25T07:42:11.130+0000] {processor.py:839} INFO - DAG(s) dict_keys(['7.3-externalTaskSensor']) retrieved from /opt/airflow/dags/7.3-ExternalTaskSensor.py
[2023-09-25T07:42:11.171+0000] {logging_mixin.py:151} INFO - [2023-09-25T07:42:11.170+0000] {dag.py:2915} INFO - Sync 1 DAGs
[2023-09-25T07:42:11.210+0000] {logging_mixin.py:151} INFO - [2023-09-25T07:42:11.210+0000] {dag.py:3696} INFO - Setting next_dagrun for 7.3-externalTaskSensor to 2023-09-01T00:00:00+00:00, run_after=2023-09-02T00:00:00+00:00
[2023-09-25T07:42:11.234+0000] {processor.py:179} INFO - Processing /opt/airflow/dags/7.3-ExternalTaskSensor.py took 0.201 seconds
[2023-09-25T07:42:41.709+0000] {processor.py:157} INFO - Started process (PID=147) to work on /opt/airflow/dags/7.3-ExternalTaskSensor.py
[2023-09-25T07:42:41.711+0000] {processor.py:829} INFO - Processing file /opt/airflow/dags/7.3-ExternalTaskSensor.py for tasks to queue
[2023-09-25T07:42:41.714+0000] {logging_mixin.py:151} INFO - [2023-09-25T07:42:41.714+0000] {dagbag.py:539} INFO - Filling up the DagBag from /opt/airflow/dags/7.3-ExternalTaskSensor.py
[2023-09-25T07:42:41.793+0000] {processor.py:839} INFO - DAG(s) dict_keys(['7.3-externalTaskSensor']) retrieved from /opt/airflow/dags/7.3-ExternalTaskSensor.py
[2023-09-25T07:42:41.827+0000] {logging_mixin.py:151} INFO - [2023-09-25T07:42:41.826+0000] {dag.py:2915} INFO - Sync 1 DAGs
[2023-09-25T07:42:41.851+0000] {logging_mixin.py:151} INFO - [2023-09-25T07:42:41.851+0000] {dag.py:3696} INFO - Setting next_dagrun for 7.3-externalTaskSensor to 2023-09-01T00:00:00+00:00, run_after=2023-09-02T00:00:00+00:00
[2023-09-25T07:42:41.882+0000] {processor.py:179} INFO - Processing /opt/airflow/dags/7.3-ExternalTaskSensor.py took 0.181 seconds
[2023-09-25T07:43:12.887+0000] {processor.py:157} INFO - Started process (PID=169) to work on /opt/airflow/dags/7.3-ExternalTaskSensor.py
[2023-09-25T07:43:12.888+0000] {processor.py:829} INFO - Processing file /opt/airflow/dags/7.3-ExternalTaskSensor.py for tasks to queue
[2023-09-25T07:43:12.890+0000] {logging_mixin.py:151} INFO - [2023-09-25T07:43:12.890+0000] {dagbag.py:539} INFO - Filling up the DagBag from /opt/airflow/dags/7.3-ExternalTaskSensor.py
[2023-09-25T07:43:12.942+0000] {processor.py:839} INFO - DAG(s) dict_keys(['7.3-externalTaskSensor']) retrieved from /opt/airflow/dags/7.3-ExternalTaskSensor.py
[2023-09-25T07:43:12.969+0000] {logging_mixin.py:151} INFO - [2023-09-25T07:43:12.968+0000] {dag.py:2915} INFO - Sync 1 DAGs
[2023-09-25T07:43:12.995+0000] {logging_mixin.py:151} INFO - [2023-09-25T07:43:12.995+0000] {dag.py:3696} INFO - Setting next_dagrun for 7.3-externalTaskSensor to 2023-09-01T00:00:00+00:00, run_after=2023-09-02T00:00:00+00:00
[2023-09-25T07:43:13.027+0000] {processor.py:179} INFO - Processing /opt/airflow/dags/7.3-ExternalTaskSensor.py took 0.146 seconds
[2023-09-25T07:43:43.385+0000] {processor.py:157} INFO - Started process (PID=191) to work on /opt/airflow/dags/7.3-ExternalTaskSensor.py
[2023-09-25T07:43:43.388+0000] {processor.py:829} INFO - Processing file /opt/airflow/dags/7.3-ExternalTaskSensor.py for tasks to queue
[2023-09-25T07:43:43.391+0000] {logging_mixin.py:151} INFO - [2023-09-25T07:43:43.390+0000] {dagbag.py:539} INFO - Filling up the DagBag from /opt/airflow/dags/7.3-ExternalTaskSensor.py
[2023-09-25T07:43:43.481+0000] {processor.py:839} INFO - DAG(s) dict_keys(['7.3-externalTaskSensor']) retrieved from /opt/airflow/dags/7.3-ExternalTaskSensor.py
[2023-09-25T07:43:43.534+0000] {logging_mixin.py:151} INFO - [2023-09-25T07:43:43.534+0000] {dag.py:2915} INFO - Sync 1 DAGs
[2023-09-25T07:43:43.594+0000] {logging_mixin.py:151} INFO - [2023-09-25T07:43:43.593+0000] {dag.py:3696} INFO - Setting next_dagrun for 7.3-externalTaskSensor to 2023-09-01T00:00:00+00:00, run_after=2023-09-02T00:00:00+00:00
[2023-09-25T07:43:43.632+0000] {processor.py:179} INFO - Processing /opt/airflow/dags/7.3-ExternalTaskSensor.py took 0.258 seconds
[2023-09-25T07:44:14.917+0000] {processor.py:157} INFO - Started process (PID=213) to work on /opt/airflow/dags/7.3-ExternalTaskSensor.py
[2023-09-25T07:44:14.922+0000] {processor.py:829} INFO - Processing file /opt/airflow/dags/7.3-ExternalTaskSensor.py for tasks to queue
[2023-09-25T07:44:14.927+0000] {logging_mixin.py:151} INFO - [2023-09-25T07:44:14.926+0000] {dagbag.py:539} INFO - Filling up the DagBag from /opt/airflow/dags/7.3-ExternalTaskSensor.py
[2023-09-25T07:44:15.054+0000] {processor.py:839} INFO - DAG(s) dict_keys(['7.3-externalTaskSensor']) retrieved from /opt/airflow/dags/7.3-ExternalTaskSensor.py
[2023-09-25T07:44:15.102+0000] {logging_mixin.py:151} INFO - [2023-09-25T07:44:15.102+0000] {dag.py:2915} INFO - Sync 1 DAGs
[2023-09-25T07:44:15.159+0000] {logging_mixin.py:151} INFO - [2023-09-25T07:44:15.158+0000] {dag.py:3696} INFO - Setting next_dagrun for 7.3-externalTaskSensor to 2023-09-01T00:00:00+00:00, run_after=2023-09-02T00:00:00+00:00
[2023-09-25T07:44:15.214+0000] {processor.py:179} INFO - Processing /opt/airflow/dags/7.3-ExternalTaskSensor.py took 0.318 seconds
[2023-09-25T07:44:52.306+0000] {processor.py:157} INFO - Started process (PID=242) to work on /opt/airflow/dags/7.3-ExternalTaskSensor.py
[2023-09-25T07:44:52.357+0000] {processor.py:829} INFO - Processing file /opt/airflow/dags/7.3-ExternalTaskSensor.py for tasks to queue
[2023-09-25T07:44:52.415+0000] {logging_mixin.py:151} INFO - [2023-09-25T07:44:52.415+0000] {dagbag.py:539} INFO - Filling up the DagBag from /opt/airflow/dags/7.3-ExternalTaskSensor.py
[2023-09-25T07:44:52.699+0000] {processor.py:839} INFO - DAG(s) dict_keys(['7.3-externalTaskSensor']) retrieved from /opt/airflow/dags/7.3-ExternalTaskSensor.py
[2023-09-25T07:44:52.757+0000] {logging_mixin.py:151} INFO - [2023-09-25T07:44:52.756+0000] {dag.py:2915} INFO - Sync 1 DAGs
[2023-09-25T07:44:53.020+0000] {logging_mixin.py:151} INFO - [2023-09-25T07:44:53.010+0000] {dag.py:3696} INFO - Setting next_dagrun for 7.3-externalTaskSensor to 2023-09-01T00:00:00+00:00, run_after=2023-09-02T00:00:00+00:00
[2023-09-25T07:44:53.242+0000] {processor.py:179} INFO - Processing /opt/airflow/dags/7.3-ExternalTaskSensor.py took 1.126 seconds
[2023-09-25T07:45:23.444+0000] {processor.py:157} INFO - Started process (PID=264) to work on /opt/airflow/dags/7.3-ExternalTaskSensor.py
[2023-09-25T07:45:23.445+0000] {processor.py:829} INFO - Processing file /opt/airflow/dags/7.3-ExternalTaskSensor.py for tasks to queue
[2023-09-25T07:45:23.447+0000] {logging_mixin.py:151} INFO - [2023-09-25T07:45:23.447+0000] {dagbag.py:539} INFO - Filling up the DagBag from /opt/airflow/dags/7.3-ExternalTaskSensor.py
[2023-09-25T07:45:23.500+0000] {processor.py:839} INFO - DAG(s) dict_keys(['7.3-externalTaskSensor']) retrieved from /opt/airflow/dags/7.3-ExternalTaskSensor.py
[2023-09-25T07:45:23.524+0000] {logging_mixin.py:151} INFO - [2023-09-25T07:45:23.524+0000] {dag.py:2915} INFO - Sync 1 DAGs
[2023-09-25T07:45:23.548+0000] {logging_mixin.py:151} INFO - [2023-09-25T07:45:23.548+0000] {dag.py:3696} INFO - Setting next_dagrun for 7.3-externalTaskSensor to 2023-09-01T00:00:00+00:00, run_after=2023-09-02T00:00:00+00:00
[2023-09-25T07:45:23.578+0000] {processor.py:179} INFO - Processing /opt/airflow/dags/7.3-ExternalTaskSensor.py took 0.138 seconds
[2023-09-25T07:45:54.111+0000] {processor.py:157} INFO - Started process (PID=286) to work on /opt/airflow/dags/7.3-ExternalTaskSensor.py
[2023-09-25T07:45:54.114+0000] {processor.py:829} INFO - Processing file /opt/airflow/dags/7.3-ExternalTaskSensor.py for tasks to queue
[2023-09-25T07:45:54.118+0000] {logging_mixin.py:151} INFO - [2023-09-25T07:45:54.117+0000] {dagbag.py:539} INFO - Filling up the DagBag from /opt/airflow/dags/7.3-ExternalTaskSensor.py
[2023-09-25T07:45:54.237+0000] {processor.py:839} INFO - DAG(s) dict_keys(['7.3-externalTaskSensor']) retrieved from /opt/airflow/dags/7.3-ExternalTaskSensor.py
[2023-09-25T07:45:54.303+0000] {logging_mixin.py:151} INFO - [2023-09-25T07:45:54.303+0000] {dag.py:2915} INFO - Sync 1 DAGs
[2023-09-25T07:45:54.358+0000] {logging_mixin.py:151} INFO - [2023-09-25T07:45:54.358+0000] {dag.py:3696} INFO - Setting next_dagrun for 7.3-externalTaskSensor to 2023-09-01T00:00:00+00:00, run_after=2023-09-02T00:00:00+00:00
[2023-09-25T07:45:54.425+0000] {processor.py:179} INFO - Processing /opt/airflow/dags/7.3-ExternalTaskSensor.py took 0.327 seconds
[2023-09-25T07:46:24.785+0000] {processor.py:157} INFO - Started process (PID=308) to work on /opt/airflow/dags/7.3-ExternalTaskSensor.py
[2023-09-25T07:46:24.786+0000] {processor.py:829} INFO - Processing file /opt/airflow/dags/7.3-ExternalTaskSensor.py for tasks to queue
[2023-09-25T07:46:24.788+0000] {logging_mixin.py:151} INFO - [2023-09-25T07:46:24.787+0000] {dagbag.py:539} INFO - Filling up the DagBag from /opt/airflow/dags/7.3-ExternalTaskSensor.py
[2023-09-25T07:46:24.841+0000] {processor.py:839} INFO - DAG(s) dict_keys(['7.3-externalTaskSensor']) retrieved from /opt/airflow/dags/7.3-ExternalTaskSensor.py
[2023-09-25T07:46:24.866+0000] {logging_mixin.py:151} INFO - [2023-09-25T07:46:24.866+0000] {dag.py:2915} INFO - Sync 1 DAGs
[2023-09-25T07:46:24.891+0000] {logging_mixin.py:151} INFO - [2023-09-25T07:46:24.891+0000] {dag.py:3696} INFO - Setting next_dagrun for 7.3-externalTaskSensor to 2023-09-01T00:00:00+00:00, run_after=2023-09-02T00:00:00+00:00
[2023-09-25T07:46:24.921+0000] {processor.py:179} INFO - Processing /opt/airflow/dags/7.3-ExternalTaskSensor.py took 0.140 seconds
[2023-09-25T07:46:55.186+0000] {processor.py:157} INFO - Started process (PID=330) to work on /opt/airflow/dags/7.3-ExternalTaskSensor.py
[2023-09-25T07:46:55.188+0000] {processor.py:829} INFO - Processing file /opt/airflow/dags/7.3-ExternalTaskSensor.py for tasks to queue
[2023-09-25T07:46:55.192+0000] {logging_mixin.py:151} INFO - [2023-09-25T07:46:55.190+0000] {dagbag.py:539} INFO - Filling up the DagBag from /opt/airflow/dags/7.3-ExternalTaskSensor.py
[2023-09-25T07:46:55.253+0000] {processor.py:839} INFO - DAG(s) dict_keys(['7.3-externalTaskSensor']) retrieved from /opt/airflow/dags/7.3-ExternalTaskSensor.py
[2023-09-25T07:46:55.280+0000] {logging_mixin.py:151} INFO - [2023-09-25T07:46:55.280+0000] {dag.py:2915} INFO - Sync 1 DAGs
[2023-09-25T07:46:55.313+0000] {logging_mixin.py:151} INFO - [2023-09-25T07:46:55.312+0000] {dag.py:3696} INFO - Setting next_dagrun for 7.3-externalTaskSensor to 2023-09-01T00:00:00+00:00, run_after=2023-09-02T00:00:00+00:00
[2023-09-25T07:46:55.348+0000] {processor.py:179} INFO - Processing /opt/airflow/dags/7.3-ExternalTaskSensor.py took 0.170 seconds
[2023-09-25T07:47:25.655+0000] {processor.py:157} INFO - Started process (PID=352) to work on /opt/airflow/dags/7.3-ExternalTaskSensor.py
[2023-09-25T07:47:25.656+0000] {processor.py:829} INFO - Processing file /opt/airflow/dags/7.3-ExternalTaskSensor.py for tasks to queue
[2023-09-25T07:47:25.660+0000] {logging_mixin.py:151} INFO - [2023-09-25T07:47:25.658+0000] {dagbag.py:539} INFO - Filling up the DagBag from /opt/airflow/dags/7.3-ExternalTaskSensor.py
[2023-09-25T07:47:25.721+0000] {processor.py:839} INFO - DAG(s) dict_keys(['7.3-externalTaskSensor']) retrieved from /opt/airflow/dags/7.3-ExternalTaskSensor.py
[2023-09-25T07:47:25.837+0000] {logging_mixin.py:151} INFO - [2023-09-25T07:47:25.837+0000] {dag.py:2915} INFO - Sync 1 DAGs
[2023-09-25T07:47:25.876+0000] {logging_mixin.py:151} INFO - [2023-09-25T07:47:25.876+0000] {dag.py:3696} INFO - Setting next_dagrun for 7.3-externalTaskSensor to 2023-09-01T00:00:00+00:00, run_after=2023-09-02T00:00:00+00:00
[2023-09-25T07:47:25.914+0000] {processor.py:179} INFO - Processing /opt/airflow/dags/7.3-ExternalTaskSensor.py took 0.267 seconds
[2023-09-25T07:47:56.360+0000] {processor.py:157} INFO - Started process (PID=374) to work on /opt/airflow/dags/7.3-ExternalTaskSensor.py
[2023-09-25T07:47:56.361+0000] {processor.py:829} INFO - Processing file /opt/airflow/dags/7.3-ExternalTaskSensor.py for tasks to queue
[2023-09-25T07:47:56.363+0000] {logging_mixin.py:151} INFO - [2023-09-25T07:47:56.363+0000] {dagbag.py:539} INFO - Filling up the DagBag from /opt/airflow/dags/7.3-ExternalTaskSensor.py
[2023-09-25T07:47:56.413+0000] {processor.py:839} INFO - DAG(s) dict_keys(['7.3-externalTaskSensor']) retrieved from /opt/airflow/dags/7.3-ExternalTaskSensor.py
[2023-09-25T07:47:56.440+0000] {logging_mixin.py:151} INFO - [2023-09-25T07:47:56.440+0000] {dag.py:2915} INFO - Sync 1 DAGs
[2023-09-25T07:47:56.463+0000] {logging_mixin.py:151} INFO - [2023-09-25T07:47:56.462+0000] {dag.py:3696} INFO - Setting next_dagrun for 7.3-externalTaskSensor to 2023-09-01T00:00:00+00:00, run_after=2023-09-02T00:00:00+00:00
[2023-09-25T07:47:56.491+0000] {processor.py:179} INFO - Processing /opt/airflow/dags/7.3-ExternalTaskSensor.py took 0.137 seconds
[2023-09-25T07:48:26.878+0000] {processor.py:157} INFO - Started process (PID=396) to work on /opt/airflow/dags/7.3-ExternalTaskSensor.py
[2023-09-25T07:48:26.880+0000] {processor.py:829} INFO - Processing file /opt/airflow/dags/7.3-ExternalTaskSensor.py for tasks to queue
[2023-09-25T07:48:26.883+0000] {logging_mixin.py:151} INFO - [2023-09-25T07:48:26.882+0000] {dagbag.py:539} INFO - Filling up the DagBag from /opt/airflow/dags/7.3-ExternalTaskSensor.py
[2023-09-25T07:48:26.950+0000] {processor.py:839} INFO - DAG(s) dict_keys(['7.3-externalTaskSensor']) retrieved from /opt/airflow/dags/7.3-ExternalTaskSensor.py
[2023-09-25T07:48:26.975+0000] {logging_mixin.py:151} INFO - [2023-09-25T07:48:26.975+0000] {dag.py:2915} INFO - Sync 1 DAGs
[2023-09-25T07:48:26.998+0000] {logging_mixin.py:151} INFO - [2023-09-25T07:48:26.998+0000] {dag.py:3696} INFO - Setting next_dagrun for 7.3-externalTaskSensor to 2023-09-01T00:00:00+00:00, run_after=2023-09-02T00:00:00+00:00
[2023-09-25T07:48:27.023+0000] {processor.py:179} INFO - Processing /opt/airflow/dags/7.3-ExternalTaskSensor.py took 0.151 seconds
[2023-09-25T07:48:57.340+0000] {processor.py:157} INFO - Started process (PID=418) to work on /opt/airflow/dags/7.3-ExternalTaskSensor.py
[2023-09-25T07:48:57.342+0000] {processor.py:829} INFO - Processing file /opt/airflow/dags/7.3-ExternalTaskSensor.py for tasks to queue
[2023-09-25T07:48:57.345+0000] {logging_mixin.py:151} INFO - [2023-09-25T07:48:57.344+0000] {dagbag.py:539} INFO - Filling up the DagBag from /opt/airflow/dags/7.3-ExternalTaskSensor.py
[2023-09-25T07:48:57.394+0000] {processor.py:839} INFO - DAG(s) dict_keys(['7.3-externalTaskSensor']) retrieved from /opt/airflow/dags/7.3-ExternalTaskSensor.py
[2023-09-25T07:48:57.418+0000] {logging_mixin.py:151} INFO - [2023-09-25T07:48:57.417+0000] {dag.py:2915} INFO - Sync 1 DAGs
[2023-09-25T07:48:57.441+0000] {logging_mixin.py:151} INFO - [2023-09-25T07:48:57.441+0000] {dag.py:3696} INFO - Setting next_dagrun for 7.3-externalTaskSensor to 2023-09-01T00:00:00+00:00, run_after=2023-09-02T00:00:00+00:00
[2023-09-25T07:48:57.472+0000] {processor.py:179} INFO - Processing /opt/airflow/dags/7.3-ExternalTaskSensor.py took 0.137 seconds
[2023-09-25T07:49:28.104+0000] {processor.py:157} INFO - Started process (PID=440) to work on /opt/airflow/dags/7.3-ExternalTaskSensor.py
[2023-09-25T07:49:28.106+0000] {processor.py:829} INFO - Processing file /opt/airflow/dags/7.3-ExternalTaskSensor.py for tasks to queue
[2023-09-25T07:49:28.108+0000] {logging_mixin.py:151} INFO - [2023-09-25T07:49:28.108+0000] {dagbag.py:539} INFO - Filling up the DagBag from /opt/airflow/dags/7.3-ExternalTaskSensor.py
[2023-09-25T07:49:28.182+0000] {processor.py:839} INFO - DAG(s) dict_keys(['7.3-externalTaskSensor']) retrieved from /opt/airflow/dags/7.3-ExternalTaskSensor.py
[2023-09-25T07:49:28.232+0000] {logging_mixin.py:151} INFO - [2023-09-25T07:49:28.232+0000] {dag.py:2915} INFO - Sync 1 DAGs
[2023-09-25T07:49:28.269+0000] {logging_mixin.py:151} INFO - [2023-09-25T07:49:28.269+0000] {dag.py:3696} INFO - Setting next_dagrun for 7.3-externalTaskSensor to 2023-09-01T00:00:00+00:00, run_after=2023-09-02T00:00:00+00:00
[2023-09-25T07:49:28.300+0000] {processor.py:179} INFO - Processing /opt/airflow/dags/7.3-ExternalTaskSensor.py took 0.202 seconds
[2023-09-25T07:49:58.938+0000] {processor.py:157} INFO - Started process (PID=462) to work on /opt/airflow/dags/7.3-ExternalTaskSensor.py
[2023-09-25T07:49:58.940+0000] {processor.py:829} INFO - Processing file /opt/airflow/dags/7.3-ExternalTaskSensor.py for tasks to queue
[2023-09-25T07:49:58.942+0000] {logging_mixin.py:151} INFO - [2023-09-25T07:49:58.941+0000] {dagbag.py:539} INFO - Filling up the DagBag from /opt/airflow/dags/7.3-ExternalTaskSensor.py
[2023-09-25T07:49:59.010+0000] {processor.py:839} INFO - DAG(s) dict_keys(['7.3-externalTaskSensor']) retrieved from /opt/airflow/dags/7.3-ExternalTaskSensor.py
[2023-09-25T07:49:59.040+0000] {logging_mixin.py:151} INFO - [2023-09-25T07:49:59.040+0000] {dag.py:2915} INFO - Sync 1 DAGs
[2023-09-25T07:49:59.073+0000] {logging_mixin.py:151} INFO - [2023-09-25T07:49:59.073+0000] {dag.py:3696} INFO - Setting next_dagrun for 7.3-externalTaskSensor to 2023-09-01T00:00:00+00:00, run_after=2023-09-02T00:00:00+00:00
[2023-09-25T07:49:59.109+0000] {processor.py:179} INFO - Processing /opt/airflow/dags/7.3-ExternalTaskSensor.py took 0.176 seconds
[2023-09-25T07:50:29.715+0000] {processor.py:157} INFO - Started process (PID=485) to work on /opt/airflow/dags/7.3-ExternalTaskSensor.py
[2023-09-25T07:50:29.717+0000] {processor.py:829} INFO - Processing file /opt/airflow/dags/7.3-ExternalTaskSensor.py for tasks to queue
[2023-09-25T07:50:29.719+0000] {logging_mixin.py:151} INFO - [2023-09-25T07:50:29.718+0000] {dagbag.py:539} INFO - Filling up the DagBag from /opt/airflow/dags/7.3-ExternalTaskSensor.py
[2023-09-25T07:50:29.765+0000] {processor.py:839} INFO - DAG(s) dict_keys(['7.3-externalTaskSensor']) retrieved from /opt/airflow/dags/7.3-ExternalTaskSensor.py
[2023-09-25T07:50:29.788+0000] {logging_mixin.py:151} INFO - [2023-09-25T07:50:29.788+0000] {dag.py:2915} INFO - Sync 1 DAGs
[2023-09-25T07:50:29.812+0000] {logging_mixin.py:151} INFO - [2023-09-25T07:50:29.811+0000] {dag.py:3696} INFO - Setting next_dagrun for 7.3-externalTaskSensor to 2023-09-01T00:00:00+00:00, run_after=2023-09-02T00:00:00+00:00
[2023-09-25T07:50:29.835+0000] {processor.py:179} INFO - Processing /opt/airflow/dags/7.3-ExternalTaskSensor.py took 0.129 seconds
[2023-09-25T07:51:00.532+0000] {processor.py:157} INFO - Started process (PID=507) to work on /opt/airflow/dags/7.3-ExternalTaskSensor.py
[2023-09-25T07:51:00.534+0000] {processor.py:829} INFO - Processing file /opt/airflow/dags/7.3-ExternalTaskSensor.py for tasks to queue
[2023-09-25T07:51:00.539+0000] {logging_mixin.py:151} INFO - [2023-09-25T07:51:00.537+0000] {dagbag.py:539} INFO - Filling up the DagBag from /opt/airflow/dags/7.3-ExternalTaskSensor.py
[2023-09-25T07:51:00.589+0000] {processor.py:839} INFO - DAG(s) dict_keys(['7.3-externalTaskSensor']) retrieved from /opt/airflow/dags/7.3-ExternalTaskSensor.py
[2023-09-25T07:51:00.626+0000] {logging_mixin.py:151} INFO - [2023-09-25T07:51:00.626+0000] {dag.py:2915} INFO - Sync 1 DAGs
[2023-09-25T07:51:00.651+0000] {logging_mixin.py:151} INFO - [2023-09-25T07:51:00.651+0000] {dag.py:3696} INFO - Setting next_dagrun for 7.3-externalTaskSensor to 2023-09-01T00:00:00+00:00, run_after=2023-09-02T00:00:00+00:00
[2023-09-25T07:51:00.682+0000] {processor.py:179} INFO - Processing /opt/airflow/dags/7.3-ExternalTaskSensor.py took 0.164 seconds
[2023-09-25T07:51:31.240+0000] {processor.py:157} INFO - Started process (PID=530) to work on /opt/airflow/dags/7.3-ExternalTaskSensor.py
[2023-09-25T07:51:31.242+0000] {processor.py:829} INFO - Processing file /opt/airflow/dags/7.3-ExternalTaskSensor.py for tasks to queue
[2023-09-25T07:51:31.243+0000] {logging_mixin.py:151} INFO - [2023-09-25T07:51:31.243+0000] {dagbag.py:539} INFO - Filling up the DagBag from /opt/airflow/dags/7.3-ExternalTaskSensor.py
[2023-09-25T07:51:31.292+0000] {processor.py:839} INFO - DAG(s) dict_keys(['7.3-externalTaskSensor']) retrieved from /opt/airflow/dags/7.3-ExternalTaskSensor.py
[2023-09-25T07:51:31.315+0000] {logging_mixin.py:151} INFO - [2023-09-25T07:51:31.315+0000] {dag.py:2915} INFO - Sync 1 DAGs
[2023-09-25T07:51:31.338+0000] {logging_mixin.py:151} INFO - [2023-09-25T07:51:31.338+0000] {dag.py:3696} INFO - Setting next_dagrun for 7.3-externalTaskSensor to 2023-09-01T00:00:00+00:00, run_after=2023-09-02T00:00:00+00:00
[2023-09-25T07:51:31.368+0000] {processor.py:179} INFO - Processing /opt/airflow/dags/7.3-ExternalTaskSensor.py took 0.132 seconds
[2023-09-25T07:52:01.764+0000] {processor.py:157} INFO - Started process (PID=552) to work on /opt/airflow/dags/7.3-ExternalTaskSensor.py
[2023-09-25T07:52:01.765+0000] {processor.py:829} INFO - Processing file /opt/airflow/dags/7.3-ExternalTaskSensor.py for tasks to queue
[2023-09-25T07:52:01.767+0000] {logging_mixin.py:151} INFO - [2023-09-25T07:52:01.766+0000] {dagbag.py:539} INFO - Filling up the DagBag from /opt/airflow/dags/7.3-ExternalTaskSensor.py
[2023-09-25T07:52:01.817+0000] {processor.py:839} INFO - DAG(s) dict_keys(['7.3-externalTaskSensor']) retrieved from /opt/airflow/dags/7.3-ExternalTaskSensor.py
[2023-09-25T07:52:01.843+0000] {logging_mixin.py:151} INFO - [2023-09-25T07:52:01.843+0000] {dag.py:2915} INFO - Sync 1 DAGs
[2023-09-25T07:52:01.868+0000] {logging_mixin.py:151} INFO - [2023-09-25T07:52:01.868+0000] {dag.py:3696} INFO - Setting next_dagrun for 7.3-externalTaskSensor to 2023-09-01T00:00:00+00:00, run_after=2023-09-02T00:00:00+00:00
[2023-09-25T07:52:01.893+0000] {processor.py:179} INFO - Processing /opt/airflow/dags/7.3-ExternalTaskSensor.py took 0.134 seconds
[2023-09-25T07:52:32.570+0000] {processor.py:157} INFO - Started process (PID=574) to work on /opt/airflow/dags/7.3-ExternalTaskSensor.py
[2023-09-25T07:52:32.571+0000] {processor.py:829} INFO - Processing file /opt/airflow/dags/7.3-ExternalTaskSensor.py for tasks to queue
[2023-09-25T07:52:32.573+0000] {logging_mixin.py:151} INFO - [2023-09-25T07:52:32.573+0000] {dagbag.py:539} INFO - Filling up the DagBag from /opt/airflow/dags/7.3-ExternalTaskSensor.py
[2023-09-25T07:52:32.670+0000] {processor.py:839} INFO - DAG(s) dict_keys(['7.3-externalTaskSensor']) retrieved from /opt/airflow/dags/7.3-ExternalTaskSensor.py
[2023-09-25T07:52:32.737+0000] {logging_mixin.py:151} INFO - [2023-09-25T07:52:32.736+0000] {dag.py:2915} INFO - Sync 1 DAGs
[2023-09-25T07:52:32.776+0000] {logging_mixin.py:151} INFO - [2023-09-25T07:52:32.776+0000] {dag.py:3696} INFO - Setting next_dagrun for 7.3-externalTaskSensor to 2023-09-01T00:00:00+00:00, run_after=2023-09-02T00:00:00+00:00
[2023-09-25T07:52:32.822+0000] {processor.py:179} INFO - Processing /opt/airflow/dags/7.3-ExternalTaskSensor.py took 0.260 seconds
[2023-09-25T11:14:23.894+0000] {processor.py:157} INFO - Started process (PID=37) to work on /opt/airflow/dags/7.3-ExternalTaskSensor.py
[2023-09-25T11:14:23.896+0000] {processor.py:829} INFO - Processing file /opt/airflow/dags/7.3-ExternalTaskSensor.py for tasks to queue
[2023-09-25T11:14:23.897+0000] {logging_mixin.py:151} INFO - [2023-09-25T11:14:23.897+0000] {dagbag.py:539} INFO - Filling up the DagBag from /opt/airflow/dags/7.3-ExternalTaskSensor.py
[2023-09-25T11:14:23.950+0000] {processor.py:839} INFO - DAG(s) dict_keys(['7.3-externalTaskSensor']) retrieved from /opt/airflow/dags/7.3-ExternalTaskSensor.py
[2023-09-25T11:14:24.414+0000] {logging_mixin.py:151} INFO - [2023-09-25T11:14:24.414+0000] {security.py:708} INFO - Not syncing DAG-level permissions for DAG 'DAG:7.3-externalTaskSensor' as access control is unset.
[2023-09-25T11:14:24.416+0000] {logging_mixin.py:151} INFO - [2023-09-25T11:14:24.415+0000] {dag.py:2915} INFO - Sync 1 DAGs
[2023-09-25T11:14:24.456+0000] {logging_mixin.py:151} INFO - [2023-09-25T11:14:24.455+0000] {dag.py:3696} INFO - Setting next_dagrun for 7.3-externalTaskSensor to 2023-09-01T00:00:00+00:00, run_after=2023-09-02T00:00:00+00:00
[2023-09-25T11:14:24.498+0000] {processor.py:179} INFO - Processing /opt/airflow/dags/7.3-ExternalTaskSensor.py took 0.609 seconds
[2023-09-25T11:14:55.270+0000] {processor.py:157} INFO - Started process (PID=60) to work on /opt/airflow/dags/7.3-ExternalTaskSensor.py
[2023-09-25T11:14:55.282+0000] {processor.py:829} INFO - Processing file /opt/airflow/dags/7.3-ExternalTaskSensor.py for tasks to queue
[2023-09-25T11:14:55.284+0000] {logging_mixin.py:151} INFO - [2023-09-25T11:14:55.283+0000] {dagbag.py:539} INFO - Filling up the DagBag from /opt/airflow/dags/7.3-ExternalTaskSensor.py
[2023-09-25T11:14:55.331+0000] {processor.py:839} INFO - DAG(s) dict_keys(['7.3-externalTaskSensor']) retrieved from /opt/airflow/dags/7.3-ExternalTaskSensor.py
[2023-09-25T11:14:55.354+0000] {logging_mixin.py:151} INFO - [2023-09-25T11:14:55.354+0000] {dag.py:2915} INFO - Sync 1 DAGs
[2023-09-25T11:14:55.377+0000] {logging_mixin.py:151} INFO - [2023-09-25T11:14:55.376+0000] {dag.py:3696} INFO - Setting next_dagrun for 7.3-externalTaskSensor to 2023-09-01T00:00:00+00:00, run_after=2023-09-02T00:00:00+00:00
[2023-09-25T11:14:55.405+0000] {processor.py:179} INFO - Processing /opt/airflow/dags/7.3-ExternalTaskSensor.py took 0.138 seconds
[2023-09-25T11:15:25.716+0000] {processor.py:157} INFO - Started process (PID=83) to work on /opt/airflow/dags/7.3-ExternalTaskSensor.py
[2023-09-25T11:15:25.718+0000] {processor.py:829} INFO - Processing file /opt/airflow/dags/7.3-ExternalTaskSensor.py for tasks to queue
[2023-09-25T11:15:25.719+0000] {logging_mixin.py:151} INFO - [2023-09-25T11:15:25.719+0000] {dagbag.py:539} INFO - Filling up the DagBag from /opt/airflow/dags/7.3-ExternalTaskSensor.py
[2023-09-25T11:15:25.766+0000] {processor.py:839} INFO - DAG(s) dict_keys(['7.3-externalTaskSensor']) retrieved from /opt/airflow/dags/7.3-ExternalTaskSensor.py
[2023-09-25T11:15:25.789+0000] {logging_mixin.py:151} INFO - [2023-09-25T11:15:25.789+0000] {dag.py:2915} INFO - Sync 1 DAGs
[2023-09-25T11:15:25.815+0000] {logging_mixin.py:151} INFO - [2023-09-25T11:15:25.815+0000] {dag.py:3696} INFO - Setting next_dagrun for 7.3-externalTaskSensor to 2023-09-01T00:00:00+00:00, run_after=2023-09-02T00:00:00+00:00
[2023-09-25T11:15:25.845+0000] {processor.py:179} INFO - Processing /opt/airflow/dags/7.3-ExternalTaskSensor.py took 0.132 seconds
[2023-09-25T11:15:56.665+0000] {processor.py:157} INFO - Started process (PID=106) to work on /opt/airflow/dags/7.3-ExternalTaskSensor.py
[2023-09-25T11:15:56.666+0000] {processor.py:829} INFO - Processing file /opt/airflow/dags/7.3-ExternalTaskSensor.py for tasks to queue
[2023-09-25T11:15:56.668+0000] {logging_mixin.py:151} INFO - [2023-09-25T11:15:56.667+0000] {dagbag.py:539} INFO - Filling up the DagBag from /opt/airflow/dags/7.3-ExternalTaskSensor.py
[2023-09-25T11:15:56.716+0000] {processor.py:839} INFO - DAG(s) dict_keys(['7.3-externalTaskSensor']) retrieved from /opt/airflow/dags/7.3-ExternalTaskSensor.py
[2023-09-25T11:15:56.739+0000] {logging_mixin.py:151} INFO - [2023-09-25T11:15:56.739+0000] {dag.py:2915} INFO - Sync 1 DAGs
[2023-09-25T11:15:56.766+0000] {logging_mixin.py:151} INFO - [2023-09-25T11:15:56.766+0000] {dag.py:3696} INFO - Setting next_dagrun for 7.3-externalTaskSensor to 2023-09-01T00:00:00+00:00, run_after=2023-09-02T00:00:00+00:00
[2023-09-25T11:15:56.797+0000] {processor.py:179} INFO - Processing /opt/airflow/dags/7.3-ExternalTaskSensor.py took 0.137 seconds
[2023-09-25T11:16:27.611+0000] {processor.py:157} INFO - Started process (PID=129) to work on /opt/airflow/dags/7.3-ExternalTaskSensor.py
[2023-09-25T11:16:27.612+0000] {processor.py:829} INFO - Processing file /opt/airflow/dags/7.3-ExternalTaskSensor.py for tasks to queue
[2023-09-25T11:16:27.613+0000] {logging_mixin.py:151} INFO - [2023-09-25T11:16:27.613+0000] {dagbag.py:539} INFO - Filling up the DagBag from /opt/airflow/dags/7.3-ExternalTaskSensor.py
[2023-09-25T11:16:27.660+0000] {processor.py:839} INFO - DAG(s) dict_keys(['7.3-externalTaskSensor']) retrieved from /opt/airflow/dags/7.3-ExternalTaskSensor.py
[2023-09-25T11:16:27.684+0000] {logging_mixin.py:151} INFO - [2023-09-25T11:16:27.683+0000] {dag.py:2915} INFO - Sync 1 DAGs
[2023-09-25T11:16:27.709+0000] {logging_mixin.py:151} INFO - [2023-09-25T11:16:27.708+0000] {dag.py:3696} INFO - Setting next_dagrun for 7.3-externalTaskSensor to 2023-09-01T00:00:00+00:00, run_after=2023-09-02T00:00:00+00:00
[2023-09-25T11:16:27.736+0000] {processor.py:179} INFO - Processing /opt/airflow/dags/7.3-ExternalTaskSensor.py took 0.134 seconds
[2023-09-25T11:16:58.686+0000] {processor.py:157} INFO - Started process (PID=152) to work on /opt/airflow/dags/7.3-ExternalTaskSensor.py
[2023-09-25T11:16:58.687+0000] {processor.py:829} INFO - Processing file /opt/airflow/dags/7.3-ExternalTaskSensor.py for tasks to queue
[2023-09-25T11:16:58.689+0000] {logging_mixin.py:151} INFO - [2023-09-25T11:16:58.688+0000] {dagbag.py:539} INFO - Filling up the DagBag from /opt/airflow/dags/7.3-ExternalTaskSensor.py
[2023-09-25T11:16:58.737+0000] {processor.py:839} INFO - DAG(s) dict_keys(['7.3-externalTaskSensor']) retrieved from /opt/airflow/dags/7.3-ExternalTaskSensor.py
[2023-09-25T11:16:58.760+0000] {logging_mixin.py:151} INFO - [2023-09-25T11:16:58.759+0000] {dag.py:2915} INFO - Sync 1 DAGs
[2023-09-25T11:16:58.785+0000] {logging_mixin.py:151} INFO - [2023-09-25T11:16:58.784+0000] {dag.py:3696} INFO - Setting next_dagrun for 7.3-externalTaskSensor to 2023-09-01T00:00:00+00:00, run_after=2023-09-02T00:00:00+00:00
[2023-09-25T11:16:58.811+0000] {processor.py:179} INFO - Processing /opt/airflow/dags/7.3-ExternalTaskSensor.py took 0.129 seconds
[2023-09-25T11:17:29.744+0000] {processor.py:157} INFO - Started process (PID=175) to work on /opt/airflow/dags/7.3-ExternalTaskSensor.py
[2023-09-25T11:17:29.745+0000] {processor.py:829} INFO - Processing file /opt/airflow/dags/7.3-ExternalTaskSensor.py for tasks to queue
[2023-09-25T11:17:29.747+0000] {logging_mixin.py:151} INFO - [2023-09-25T11:17:29.746+0000] {dagbag.py:539} INFO - Filling up the DagBag from /opt/airflow/dags/7.3-ExternalTaskSensor.py
[2023-09-25T11:17:29.795+0000] {processor.py:839} INFO - DAG(s) dict_keys(['7.3-externalTaskSensor']) retrieved from /opt/airflow/dags/7.3-ExternalTaskSensor.py
[2023-09-25T11:17:29.819+0000] {logging_mixin.py:151} INFO - [2023-09-25T11:17:29.818+0000] {dag.py:2915} INFO - Sync 1 DAGs
[2023-09-25T11:17:29.844+0000] {logging_mixin.py:151} INFO - [2023-09-25T11:17:29.844+0000] {dag.py:3696} INFO - Setting next_dagrun for 7.3-externalTaskSensor to 2023-09-01T00:00:00+00:00, run_after=2023-09-02T00:00:00+00:00
[2023-09-25T11:17:29.874+0000] {processor.py:179} INFO - Processing /opt/airflow/dags/7.3-ExternalTaskSensor.py took 0.134 seconds
[2023-09-25T11:18:00.488+0000] {processor.py:157} INFO - Started process (PID=198) to work on /opt/airflow/dags/7.3-ExternalTaskSensor.py
[2023-09-25T11:18:00.489+0000] {processor.py:829} INFO - Processing file /opt/airflow/dags/7.3-ExternalTaskSensor.py for tasks to queue
[2023-09-25T11:18:00.491+0000] {logging_mixin.py:151} INFO - [2023-09-25T11:18:00.490+0000] {dagbag.py:539} INFO - Filling up the DagBag from /opt/airflow/dags/7.3-ExternalTaskSensor.py
[2023-09-25T11:18:00.552+0000] {processor.py:839} INFO - DAG(s) dict_keys(['7.3-externalTaskSensor']) retrieved from /opt/airflow/dags/7.3-ExternalTaskSensor.py
[2023-09-25T11:18:00.580+0000] {logging_mixin.py:151} INFO - [2023-09-25T11:18:00.580+0000] {dag.py:2915} INFO - Sync 1 DAGs
[2023-09-25T11:18:00.608+0000] {logging_mixin.py:151} INFO - [2023-09-25T11:18:00.608+0000] {dag.py:3696} INFO - Setting next_dagrun for 7.3-externalTaskSensor to 2023-09-01T00:00:00+00:00, run_after=2023-09-02T00:00:00+00:00
[2023-09-25T11:18:00.640+0000] {processor.py:179} INFO - Processing /opt/airflow/dags/7.3-ExternalTaskSensor.py took 0.155 seconds
[2023-09-25T11:18:30.971+0000] {processor.py:157} INFO - Started process (PID=231) to work on /opt/airflow/dags/7.3-ExternalTaskSensor.py
[2023-09-25T11:18:30.973+0000] {processor.py:829} INFO - Processing file /opt/airflow/dags/7.3-ExternalTaskSensor.py for tasks to queue
[2023-09-25T11:18:30.977+0000] {logging_mixin.py:151} INFO - [2023-09-25T11:18:30.975+0000] {dagbag.py:539} INFO - Filling up the DagBag from /opt/airflow/dags/7.3-ExternalTaskSensor.py
[2023-09-25T11:18:31.051+0000] {processor.py:839} INFO - DAG(s) dict_keys(['7.3-externalTaskSensor']) retrieved from /opt/airflow/dags/7.3-ExternalTaskSensor.py
[2023-09-25T11:18:31.087+0000] {logging_mixin.py:151} INFO - [2023-09-25T11:18:31.087+0000] {dag.py:2915} INFO - Sync 1 DAGs
[2023-09-25T11:18:31.129+0000] {logging_mixin.py:151} INFO - [2023-09-25T11:18:31.129+0000] {dag.py:3696} INFO - Setting next_dagrun for 7.3-externalTaskSensor to 2023-09-01T00:00:00+00:00, run_after=2023-09-02T00:00:00+00:00
[2023-09-25T11:18:31.161+0000] {processor.py:179} INFO - Processing /opt/airflow/dags/7.3-ExternalTaskSensor.py took 0.197 seconds
[2023-09-25T11:19:02.265+0000] {processor.py:157} INFO - Started process (PID=254) to work on /opt/airflow/dags/7.3-ExternalTaskSensor.py
[2023-09-25T11:19:02.266+0000] {processor.py:829} INFO - Processing file /opt/airflow/dags/7.3-ExternalTaskSensor.py for tasks to queue
[2023-09-25T11:19:02.267+0000] {logging_mixin.py:151} INFO - [2023-09-25T11:19:02.267+0000] {dagbag.py:539} INFO - Filling up the DagBag from /opt/airflow/dags/7.3-ExternalTaskSensor.py
[2023-09-25T11:19:02.319+0000] {processor.py:839} INFO - DAG(s) dict_keys(['7.3-externalTaskSensor']) retrieved from /opt/airflow/dags/7.3-ExternalTaskSensor.py
[2023-09-25T11:19:02.346+0000] {logging_mixin.py:151} INFO - [2023-09-25T11:19:02.346+0000] {dag.py:2915} INFO - Sync 1 DAGs
[2023-09-25T11:19:02.372+0000] {logging_mixin.py:151} INFO - [2023-09-25T11:19:02.372+0000] {dag.py:3696} INFO - Setting next_dagrun for 7.3-externalTaskSensor to 2023-09-01T00:00:00+00:00, run_after=2023-09-02T00:00:00+00:00
[2023-09-25T11:19:02.405+0000] {processor.py:179} INFO - Processing /opt/airflow/dags/7.3-ExternalTaskSensor.py took 0.146 seconds
[2023-09-25T11:19:32.898+0000] {processor.py:157} INFO - Started process (PID=277) to work on /opt/airflow/dags/7.3-ExternalTaskSensor.py
[2023-09-25T11:19:32.899+0000] {processor.py:829} INFO - Processing file /opt/airflow/dags/7.3-ExternalTaskSensor.py for tasks to queue
[2023-09-25T11:19:32.900+0000] {logging_mixin.py:151} INFO - [2023-09-25T11:19:32.900+0000] {dagbag.py:539} INFO - Filling up the DagBag from /opt/airflow/dags/7.3-ExternalTaskSensor.py
[2023-09-25T11:19:32.982+0000] {processor.py:839} INFO - DAG(s) dict_keys(['7.3-externalTaskSensor']) retrieved from /opt/airflow/dags/7.3-ExternalTaskSensor.py
[2023-09-25T11:19:33.006+0000] {logging_mixin.py:151} INFO - [2023-09-25T11:19:33.006+0000] {dag.py:2915} INFO - Sync 1 DAGs
[2023-09-25T11:19:33.032+0000] {logging_mixin.py:151} INFO - [2023-09-25T11:19:33.032+0000] {dag.py:3696} INFO - Setting next_dagrun for 7.3-externalTaskSensor to 2023-09-01T00:00:00+00:00, run_after=2023-09-02T00:00:00+00:00
[2023-09-25T11:19:33.056+0000] {processor.py:179} INFO - Processing /opt/airflow/dags/7.3-ExternalTaskSensor.py took 0.163 seconds
[2023-09-25T11:20:03.776+0000] {processor.py:157} INFO - Started process (PID=300) to work on /opt/airflow/dags/7.3-ExternalTaskSensor.py
[2023-09-25T11:20:03.778+0000] {processor.py:829} INFO - Processing file /opt/airflow/dags/7.3-ExternalTaskSensor.py for tasks to queue
[2023-09-25T11:20:03.779+0000] {logging_mixin.py:151} INFO - [2023-09-25T11:20:03.779+0000] {dagbag.py:539} INFO - Filling up the DagBag from /opt/airflow/dags/7.3-ExternalTaskSensor.py
[2023-09-25T11:20:03.829+0000] {processor.py:839} INFO - DAG(s) dict_keys(['7.3-externalTaskSensor']) retrieved from /opt/airflow/dags/7.3-ExternalTaskSensor.py
[2023-09-25T11:20:03.855+0000] {logging_mixin.py:151} INFO - [2023-09-25T11:20:03.855+0000] {dag.py:2915} INFO - Sync 1 DAGs
[2023-09-25T11:20:03.880+0000] {logging_mixin.py:151} INFO - [2023-09-25T11:20:03.880+0000] {dag.py:3696} INFO - Setting next_dagrun for 7.3-externalTaskSensor to 2023-09-01T00:00:00+00:00, run_after=2023-09-02T00:00:00+00:00
[2023-09-25T11:20:03.906+0000] {processor.py:179} INFO - Processing /opt/airflow/dags/7.3-ExternalTaskSensor.py took 0.135 seconds
[2023-09-25T11:20:35.069+0000] {processor.py:157} INFO - Started process (PID=323) to work on /opt/airflow/dags/7.3-ExternalTaskSensor.py
[2023-09-25T11:20:35.071+0000] {processor.py:829} INFO - Processing file /opt/airflow/dags/7.3-ExternalTaskSensor.py for tasks to queue
[2023-09-25T11:20:35.072+0000] {logging_mixin.py:151} INFO - [2023-09-25T11:20:35.072+0000] {dagbag.py:539} INFO - Filling up the DagBag from /opt/airflow/dags/7.3-ExternalTaskSensor.py
[2023-09-25T11:20:35.135+0000] {processor.py:839} INFO - DAG(s) dict_keys(['7.3-externalTaskSensor']) retrieved from /opt/airflow/dags/7.3-ExternalTaskSensor.py
[2023-09-25T11:20:35.170+0000] {logging_mixin.py:151} INFO - [2023-09-25T11:20:35.169+0000] {dag.py:2915} INFO - Sync 1 DAGs
[2023-09-25T11:20:35.209+0000] {logging_mixin.py:151} INFO - [2023-09-25T11:20:35.209+0000] {dag.py:3696} INFO - Setting next_dagrun for 7.3-externalTaskSensor to 2023-09-01T00:00:00+00:00, run_after=2023-09-02T00:00:00+00:00
[2023-09-25T11:20:35.251+0000] {processor.py:179} INFO - Processing /opt/airflow/dags/7.3-ExternalTaskSensor.py took 0.188 seconds
[2023-09-25T11:21:05.575+0000] {processor.py:157} INFO - Started process (PID=346) to work on /opt/airflow/dags/7.3-ExternalTaskSensor.py
[2023-09-25T11:21:05.576+0000] {processor.py:829} INFO - Processing file /opt/airflow/dags/7.3-ExternalTaskSensor.py for tasks to queue
[2023-09-25T11:21:05.578+0000] {logging_mixin.py:151} INFO - [2023-09-25T11:21:05.577+0000] {dagbag.py:539} INFO - Filling up the DagBag from /opt/airflow/dags/7.3-ExternalTaskSensor.py
[2023-09-25T11:21:05.634+0000] {processor.py:839} INFO - DAG(s) dict_keys(['7.3-externalTaskSensor']) retrieved from /opt/airflow/dags/7.3-ExternalTaskSensor.py
[2023-09-25T11:21:05.661+0000] {logging_mixin.py:151} INFO - [2023-09-25T11:21:05.661+0000] {dag.py:2915} INFO - Sync 1 DAGs
[2023-09-25T11:21:05.687+0000] {logging_mixin.py:151} INFO - [2023-09-25T11:21:05.687+0000] {dag.py:3696} INFO - Setting next_dagrun for 7.3-externalTaskSensor to 2023-09-01T00:00:00+00:00, run_after=2023-09-02T00:00:00+00:00
[2023-09-25T11:21:05.718+0000] {processor.py:179} INFO - Processing /opt/airflow/dags/7.3-ExternalTaskSensor.py took 0.148 seconds
[2023-09-25T11:21:36.067+0000] {processor.py:157} INFO - Started process (PID=369) to work on /opt/airflow/dags/7.3-ExternalTaskSensor.py
[2023-09-25T11:21:36.068+0000] {processor.py:829} INFO - Processing file /opt/airflow/dags/7.3-ExternalTaskSensor.py for tasks to queue
[2023-09-25T11:21:36.070+0000] {logging_mixin.py:151} INFO - [2023-09-25T11:21:36.069+0000] {dagbag.py:539} INFO - Filling up the DagBag from /opt/airflow/dags/7.3-ExternalTaskSensor.py
[2023-09-25T11:21:36.127+0000] {processor.py:839} INFO - DAG(s) dict_keys(['7.3-externalTaskSensor']) retrieved from /opt/airflow/dags/7.3-ExternalTaskSensor.py
[2023-09-25T11:21:36.153+0000] {logging_mixin.py:151} INFO - [2023-09-25T11:21:36.152+0000] {dag.py:2915} INFO - Sync 1 DAGs
[2023-09-25T11:21:36.177+0000] {logging_mixin.py:151} INFO - [2023-09-25T11:21:36.177+0000] {dag.py:3696} INFO - Setting next_dagrun for 7.3-externalTaskSensor to 2023-09-01T00:00:00+00:00, run_after=2023-09-02T00:00:00+00:00
[2023-09-25T11:21:36.210+0000] {processor.py:179} INFO - Processing /opt/airflow/dags/7.3-ExternalTaskSensor.py took 0.149 seconds
[2023-09-25T11:22:06.498+0000] {processor.py:157} INFO - Started process (PID=392) to work on /opt/airflow/dags/7.3-ExternalTaskSensor.py
[2023-09-25T11:22:06.500+0000] {processor.py:829} INFO - Processing file /opt/airflow/dags/7.3-ExternalTaskSensor.py for tasks to queue
[2023-09-25T11:22:06.501+0000] {logging_mixin.py:151} INFO - [2023-09-25T11:22:06.501+0000] {dagbag.py:539} INFO - Filling up the DagBag from /opt/airflow/dags/7.3-ExternalTaskSensor.py
[2023-09-25T11:22:06.552+0000] {processor.py:839} INFO - DAG(s) dict_keys(['7.3-externalTaskSensor']) retrieved from /opt/airflow/dags/7.3-ExternalTaskSensor.py
[2023-09-25T11:22:06.577+0000] {logging_mixin.py:151} INFO - [2023-09-25T11:22:06.576+0000] {dag.py:2915} INFO - Sync 1 DAGs
[2023-09-25T11:22:06.602+0000] {logging_mixin.py:151} INFO - [2023-09-25T11:22:06.601+0000] {dag.py:3696} INFO - Setting next_dagrun for 7.3-externalTaskSensor to 2023-09-01T00:00:00+00:00, run_after=2023-09-02T00:00:00+00:00
[2023-09-25T11:22:06.632+0000] {processor.py:179} INFO - Processing /opt/airflow/dags/7.3-ExternalTaskSensor.py took 0.138 seconds
[2023-09-25T11:22:37.213+0000] {processor.py:157} INFO - Started process (PID=415) to work on /opt/airflow/dags/7.3-ExternalTaskSensor.py
[2023-09-25T11:22:37.214+0000] {processor.py:829} INFO - Processing file /opt/airflow/dags/7.3-ExternalTaskSensor.py for tasks to queue
[2023-09-25T11:22:37.216+0000] {logging_mixin.py:151} INFO - [2023-09-25T11:22:37.215+0000] {dagbag.py:539} INFO - Filling up the DagBag from /opt/airflow/dags/7.3-ExternalTaskSensor.py
[2023-09-25T11:22:37.274+0000] {processor.py:839} INFO - DAG(s) dict_keys(['7.3-externalTaskSensor']) retrieved from /opt/airflow/dags/7.3-ExternalTaskSensor.py
[2023-09-25T11:22:37.300+0000] {logging_mixin.py:151} INFO - [2023-09-25T11:22:37.300+0000] {dag.py:2915} INFO - Sync 1 DAGs
[2023-09-25T11:22:37.326+0000] {logging_mixin.py:151} INFO - [2023-09-25T11:22:37.326+0000] {dag.py:3696} INFO - Setting next_dagrun for 7.3-externalTaskSensor to 2023-09-01T00:00:00+00:00, run_after=2023-09-02T00:00:00+00:00
[2023-09-25T11:22:37.358+0000] {processor.py:179} INFO - Processing /opt/airflow/dags/7.3-ExternalTaskSensor.py took 0.151 seconds
[2023-09-25T11:23:07.701+0000] {processor.py:157} INFO - Started process (PID=438) to work on /opt/airflow/dags/7.3-ExternalTaskSensor.py
[2023-09-25T11:23:07.703+0000] {processor.py:829} INFO - Processing file /opt/airflow/dags/7.3-ExternalTaskSensor.py for tasks to queue
[2023-09-25T11:23:07.704+0000] {logging_mixin.py:151} INFO - [2023-09-25T11:23:07.704+0000] {dagbag.py:539} INFO - Filling up the DagBag from /opt/airflow/dags/7.3-ExternalTaskSensor.py
[2023-09-25T11:23:07.761+0000] {processor.py:839} INFO - DAG(s) dict_keys(['7.3-externalTaskSensor']) retrieved from /opt/airflow/dags/7.3-ExternalTaskSensor.py
[2023-09-25T11:23:07.786+0000] {logging_mixin.py:151} INFO - [2023-09-25T11:23:07.786+0000] {dag.py:2915} INFO - Sync 1 DAGs
[2023-09-25T11:23:07.813+0000] {logging_mixin.py:151} INFO - [2023-09-25T11:23:07.813+0000] {dag.py:3696} INFO - Setting next_dagrun for 7.3-externalTaskSensor to 2023-09-01T00:00:00+00:00, run_after=2023-09-02T00:00:00+00:00
[2023-09-25T11:23:07.843+0000] {processor.py:179} INFO - Processing /opt/airflow/dags/7.3-ExternalTaskSensor.py took 0.146 seconds
[2023-09-25T11:23:38.098+0000] {processor.py:157} INFO - Started process (PID=461) to work on /opt/airflow/dags/7.3-ExternalTaskSensor.py
[2023-09-25T11:23:38.100+0000] {processor.py:829} INFO - Processing file /opt/airflow/dags/7.3-ExternalTaskSensor.py for tasks to queue
[2023-09-25T11:23:38.102+0000] {logging_mixin.py:151} INFO - [2023-09-25T11:23:38.102+0000] {dagbag.py:539} INFO - Filling up the DagBag from /opt/airflow/dags/7.3-ExternalTaskSensor.py
[2023-09-25T11:23:38.165+0000] {processor.py:839} INFO - DAG(s) dict_keys(['7.3-externalTaskSensor']) retrieved from /opt/airflow/dags/7.3-ExternalTaskSensor.py
[2023-09-25T11:23:38.194+0000] {logging_mixin.py:151} INFO - [2023-09-25T11:23:38.193+0000] {dag.py:2915} INFO - Sync 1 DAGs
[2023-09-25T11:23:38.226+0000] {logging_mixin.py:151} INFO - [2023-09-25T11:23:38.225+0000] {dag.py:3696} INFO - Setting next_dagrun for 7.3-externalTaskSensor to 2023-09-01T00:00:00+00:00, run_after=2023-09-02T00:00:00+00:00
[2023-09-25T11:23:38.261+0000] {processor.py:179} INFO - Processing /opt/airflow/dags/7.3-ExternalTaskSensor.py took 0.171 seconds
[2023-09-25T11:24:09.035+0000] {processor.py:157} INFO - Started process (PID=484) to work on /opt/airflow/dags/7.3-ExternalTaskSensor.py
[2023-09-25T11:24:09.036+0000] {processor.py:829} INFO - Processing file /opt/airflow/dags/7.3-ExternalTaskSensor.py for tasks to queue
[2023-09-25T11:24:09.037+0000] {logging_mixin.py:151} INFO - [2023-09-25T11:24:09.037+0000] {dagbag.py:539} INFO - Filling up the DagBag from /opt/airflow/dags/7.3-ExternalTaskSensor.py
[2023-09-25T11:24:09.088+0000] {processor.py:839} INFO - DAG(s) dict_keys(['7.3-externalTaskSensor']) retrieved from /opt/airflow/dags/7.3-ExternalTaskSensor.py
[2023-09-25T11:24:09.115+0000] {logging_mixin.py:151} INFO - [2023-09-25T11:24:09.114+0000] {dag.py:2915} INFO - Sync 1 DAGs
[2023-09-25T11:24:09.142+0000] {logging_mixin.py:151} INFO - [2023-09-25T11:24:09.142+0000] {dag.py:3696} INFO - Setting next_dagrun for 7.3-externalTaskSensor to 2023-09-01T00:00:00+00:00, run_after=2023-09-02T00:00:00+00:00
[2023-09-25T11:24:09.192+0000] {processor.py:179} INFO - Processing /opt/airflow/dags/7.3-ExternalTaskSensor.py took 0.162 seconds
[2023-09-25T11:24:40.213+0000] {processor.py:157} INFO - Started process (PID=507) to work on /opt/airflow/dags/7.3-ExternalTaskSensor.py
[2023-09-25T11:24:40.214+0000] {processor.py:829} INFO - Processing file /opt/airflow/dags/7.3-ExternalTaskSensor.py for tasks to queue
[2023-09-25T11:24:40.216+0000] {logging_mixin.py:151} INFO - [2023-09-25T11:24:40.216+0000] {dagbag.py:539} INFO - Filling up the DagBag from /opt/airflow/dags/7.3-ExternalTaskSensor.py
[2023-09-25T11:24:40.265+0000] {processor.py:839} INFO - DAG(s) dict_keys(['7.3-externalTaskSensor']) retrieved from /opt/airflow/dags/7.3-ExternalTaskSensor.py
[2023-09-25T11:24:40.289+0000] {logging_mixin.py:151} INFO - [2023-09-25T11:24:40.289+0000] {dag.py:2915} INFO - Sync 1 DAGs
[2023-09-25T11:24:40.312+0000] {logging_mixin.py:151} INFO - [2023-09-25T11:24:40.311+0000] {dag.py:3696} INFO - Setting next_dagrun for 7.3-externalTaskSensor to 2023-09-01T00:00:00+00:00, run_after=2023-09-02T00:00:00+00:00
[2023-09-25T11:24:40.340+0000] {processor.py:179} INFO - Processing /opt/airflow/dags/7.3-ExternalTaskSensor.py took 0.131 seconds
[2023-09-25T11:25:10.471+0000] {processor.py:157} INFO - Started process (PID=530) to work on /opt/airflow/dags/7.3-ExternalTaskSensor.py
[2023-09-25T11:25:10.473+0000] {processor.py:829} INFO - Processing file /opt/airflow/dags/7.3-ExternalTaskSensor.py for tasks to queue
[2023-09-25T11:25:10.474+0000] {logging_mixin.py:151} INFO - [2023-09-25T11:25:10.474+0000] {dagbag.py:539} INFO - Filling up the DagBag from /opt/airflow/dags/7.3-ExternalTaskSensor.py
[2023-09-25T11:25:10.523+0000] {processor.py:839} INFO - DAG(s) dict_keys(['7.3-externalTaskSensor']) retrieved from /opt/airflow/dags/7.3-ExternalTaskSensor.py
[2023-09-25T11:25:10.547+0000] {logging_mixin.py:151} INFO - [2023-09-25T11:25:10.547+0000] {dag.py:2915} INFO - Sync 1 DAGs
[2023-09-25T11:25:10.573+0000] {logging_mixin.py:151} INFO - [2023-09-25T11:25:10.573+0000] {dag.py:3696} INFO - Setting next_dagrun for 7.3-externalTaskSensor to 2023-09-01T00:00:00+00:00, run_after=2023-09-02T00:00:00+00:00
[2023-09-25T11:25:10.600+0000] {processor.py:179} INFO - Processing /opt/airflow/dags/7.3-ExternalTaskSensor.py took 0.135 seconds
