[2023-09-25T07:32:41.126+0000] {processor.py:157} INFO - Started process (PID=39) to work on /opt/airflow/dags/8.templating.py
[2023-09-25T07:32:41.131+0000] {processor.py:829} INFO - Processing file /opt/airflow/dags/8.templating.py for tasks to queue
[2023-09-25T07:32:41.136+0000] {logging_mixin.py:151} INFO - [2023-09-25T07:32:41.134+0000] {dagbag.py:539} INFO - Filling up the DagBag from /opt/airflow/dags/8.templating.py
[2023-09-25T07:32:41.849+0000] {processor.py:839} INFO - DAG(s) dict_keys(['8.templating']) retrieved from /opt/airflow/dags/8.templating.py
[2023-09-25T07:32:43.195+0000] {logging_mixin.py:151} INFO - [2023-09-25T07:32:43.194+0000] {dag.py:2915} INFO - Sync 1 DAGs
[2023-09-25T07:32:44.729+0000] {logging_mixin.py:151} INFO - [2023-09-25T07:32:44.728+0000] {dag.py:3696} INFO - Setting next_dagrun for 8.templating to None, run_after=None
[2023-09-25T07:32:44.826+0000] {processor.py:179} INFO - Processing /opt/airflow/dags/8.templating.py took 3.741 seconds
[2023-09-25T07:34:34.115+0000] {processor.py:157} INFO - Started process (PID=54) to work on /opt/airflow/dags/8.templating.py
[2023-09-25T07:34:34.125+0000] {processor.py:829} INFO - Processing file /opt/airflow/dags/8.templating.py for tasks to queue
[2023-09-25T07:34:34.127+0000] {logging_mixin.py:151} INFO - [2023-09-25T07:34:34.127+0000] {dagbag.py:539} INFO - Filling up the DagBag from /opt/airflow/dags/8.templating.py
[2023-09-25T07:34:34.203+0000] {processor.py:839} INFO - DAG(s) dict_keys(['8.templating']) retrieved from /opt/airflow/dags/8.templating.py
[2023-09-25T07:34:34.367+0000] {logging_mixin.py:151} INFO - [2023-09-25T07:34:34.366+0000] {dag.py:2915} INFO - Sync 1 DAGs
[2023-09-25T07:34:35.183+0000] {logging_mixin.py:151} INFO - [2023-09-25T07:34:35.183+0000] {dag.py:3696} INFO - Setting next_dagrun for 8.templating to None, run_after=None
[2023-09-25T07:34:35.240+0000] {processor.py:179} INFO - Processing /opt/airflow/dags/8.templating.py took 1.129 seconds
[2023-09-25T07:40:06.796+0000] {processor.py:157} INFO - Started process (PID=34) to work on /opt/airflow/dags/8.templating.py
[2023-09-25T07:40:06.806+0000] {processor.py:829} INFO - Processing file /opt/airflow/dags/8.templating.py for tasks to queue
[2023-09-25T07:40:06.810+0000] {logging_mixin.py:151} INFO - [2023-09-25T07:40:06.809+0000] {dagbag.py:539} INFO - Filling up the DagBag from /opt/airflow/dags/8.templating.py
[2023-09-25T07:40:06.896+0000] {processor.py:839} INFO - DAG(s) dict_keys(['8.templating']) retrieved from /opt/airflow/dags/8.templating.py
[2023-09-25T07:40:07.422+0000] {logging_mixin.py:151} INFO - [2023-09-25T07:40:07.421+0000] {security.py:708} INFO - Not syncing DAG-level permissions for DAG 'DAG:8.templating' as access control is unset.
[2023-09-25T07:40:07.423+0000] {logging_mixin.py:151} INFO - [2023-09-25T07:40:07.422+0000] {dag.py:2915} INFO - Sync 1 DAGs
[2023-09-25T07:40:07.453+0000] {logging_mixin.py:151} INFO - [2023-09-25T07:40:07.452+0000] {dag.py:3696} INFO - Setting next_dagrun for 8.templating to None, run_after=None
[2023-09-25T07:40:07.482+0000] {processor.py:179} INFO - Processing /opt/airflow/dags/8.templating.py took 0.696 seconds
[2023-09-25T07:40:38.697+0000] {processor.py:157} INFO - Started process (PID=56) to work on /opt/airflow/dags/8.templating.py
[2023-09-25T07:40:38.706+0000] {processor.py:829} INFO - Processing file /opt/airflow/dags/8.templating.py for tasks to queue
[2023-09-25T07:40:38.710+0000] {logging_mixin.py:151} INFO - [2023-09-25T07:40:38.709+0000] {dagbag.py:539} INFO - Filling up the DagBag from /opt/airflow/dags/8.templating.py
[2023-09-25T07:40:38.888+0000] {processor.py:839} INFO - DAG(s) dict_keys(['8.templating']) retrieved from /opt/airflow/dags/8.templating.py
[2023-09-25T07:40:38.977+0000] {logging_mixin.py:151} INFO - [2023-09-25T07:40:38.977+0000] {dag.py:2915} INFO - Sync 1 DAGs
[2023-09-25T07:40:39.040+0000] {logging_mixin.py:151} INFO - [2023-09-25T07:40:39.040+0000] {dag.py:3696} INFO - Setting next_dagrun for 8.templating to None, run_after=None
[2023-09-25T07:40:39.083+0000] {processor.py:179} INFO - Processing /opt/airflow/dags/8.templating.py took 0.408 seconds
[2023-09-25T07:41:09.611+0000] {processor.py:157} INFO - Started process (PID=78) to work on /opt/airflow/dags/8.templating.py
[2023-09-25T07:41:09.612+0000] {processor.py:829} INFO - Processing file /opt/airflow/dags/8.templating.py for tasks to queue
[2023-09-25T07:41:09.614+0000] {logging_mixin.py:151} INFO - [2023-09-25T07:41:09.614+0000] {dagbag.py:539} INFO - Filling up the DagBag from /opt/airflow/dags/8.templating.py
[2023-09-25T07:41:09.673+0000] {processor.py:839} INFO - DAG(s) dict_keys(['8.templating']) retrieved from /opt/airflow/dags/8.templating.py
[2023-09-25T07:41:09.710+0000] {logging_mixin.py:151} INFO - [2023-09-25T07:41:09.710+0000] {dag.py:2915} INFO - Sync 1 DAGs
[2023-09-25T07:41:09.740+0000] {logging_mixin.py:151} INFO - [2023-09-25T07:41:09.740+0000] {dag.py:3696} INFO - Setting next_dagrun for 8.templating to None, run_after=None
[2023-09-25T07:41:09.765+0000] {processor.py:179} INFO - Processing /opt/airflow/dags/8.templating.py took 0.160 seconds
[2023-09-25T07:41:40.027+0000] {processor.py:157} INFO - Started process (PID=100) to work on /opt/airflow/dags/8.templating.py
[2023-09-25T07:41:40.028+0000] {processor.py:829} INFO - Processing file /opt/airflow/dags/8.templating.py for tasks to queue
[2023-09-25T07:41:40.030+0000] {logging_mixin.py:151} INFO - [2023-09-25T07:41:40.030+0000] {dagbag.py:539} INFO - Filling up the DagBag from /opt/airflow/dags/8.templating.py
[2023-09-25T07:41:40.104+0000] {processor.py:839} INFO - DAG(s) dict_keys(['8.templating']) retrieved from /opt/airflow/dags/8.templating.py
[2023-09-25T07:41:40.132+0000] {logging_mixin.py:151} INFO - [2023-09-25T07:41:40.132+0000] {dag.py:2915} INFO - Sync 1 DAGs
[2023-09-25T07:41:40.158+0000] {logging_mixin.py:151} INFO - [2023-09-25T07:41:40.158+0000] {dag.py:3696} INFO - Setting next_dagrun for 8.templating to None, run_after=None
[2023-09-25T07:41:40.200+0000] {processor.py:179} INFO - Processing /opt/airflow/dags/8.templating.py took 0.177 seconds
[2023-09-25T07:42:10.818+0000] {processor.py:157} INFO - Started process (PID=122) to work on /opt/airflow/dags/8.templating.py
[2023-09-25T07:42:10.820+0000] {processor.py:829} INFO - Processing file /opt/airflow/dags/8.templating.py for tasks to queue
[2023-09-25T07:42:10.822+0000] {logging_mixin.py:151} INFO - [2023-09-25T07:42:10.821+0000] {dagbag.py:539} INFO - Filling up the DagBag from /opt/airflow/dags/8.templating.py
[2023-09-25T07:42:10.869+0000] {processor.py:839} INFO - DAG(s) dict_keys(['8.templating']) retrieved from /opt/airflow/dags/8.templating.py
[2023-09-25T07:42:10.893+0000] {logging_mixin.py:151} INFO - [2023-09-25T07:42:10.893+0000] {dag.py:2915} INFO - Sync 1 DAGs
[2023-09-25T07:42:10.932+0000] {logging_mixin.py:151} INFO - [2023-09-25T07:42:10.932+0000] {dag.py:3696} INFO - Setting next_dagrun for 8.templating to None, run_after=None
[2023-09-25T07:42:10.957+0000] {processor.py:179} INFO - Processing /opt/airflow/dags/8.templating.py took 0.144 seconds
[2023-09-25T07:42:41.424+0000] {processor.py:157} INFO - Started process (PID=145) to work on /opt/airflow/dags/8.templating.py
[2023-09-25T07:42:41.426+0000] {processor.py:829} INFO - Processing file /opt/airflow/dags/8.templating.py for tasks to queue
[2023-09-25T07:42:41.429+0000] {logging_mixin.py:151} INFO - [2023-09-25T07:42:41.428+0000] {dagbag.py:539} INFO - Filling up the DagBag from /opt/airflow/dags/8.templating.py
[2023-09-25T07:42:41.507+0000] {processor.py:839} INFO - DAG(s) dict_keys(['8.templating']) retrieved from /opt/airflow/dags/8.templating.py
[2023-09-25T07:42:41.534+0000] {logging_mixin.py:151} INFO - [2023-09-25T07:42:41.534+0000] {dag.py:2915} INFO - Sync 1 DAGs
[2023-09-25T07:42:41.558+0000] {logging_mixin.py:151} INFO - [2023-09-25T07:42:41.558+0000] {dag.py:3696} INFO - Setting next_dagrun for 8.templating to None, run_after=None
[2023-09-25T07:42:41.601+0000] {processor.py:179} INFO - Processing /opt/airflow/dags/8.templating.py took 0.188 seconds
[2023-09-25T07:43:12.606+0000] {processor.py:157} INFO - Started process (PID=167) to work on /opt/airflow/dags/8.templating.py
[2023-09-25T07:43:12.610+0000] {processor.py:829} INFO - Processing file /opt/airflow/dags/8.templating.py for tasks to queue
[2023-09-25T07:43:12.614+0000] {logging_mixin.py:151} INFO - [2023-09-25T07:43:12.613+0000] {dagbag.py:539} INFO - Filling up the DagBag from /opt/airflow/dags/8.templating.py
[2023-09-25T07:43:12.697+0000] {processor.py:839} INFO - DAG(s) dict_keys(['8.templating']) retrieved from /opt/airflow/dags/8.templating.py
[2023-09-25T07:43:12.746+0000] {logging_mixin.py:151} INFO - [2023-09-25T07:43:12.745+0000] {dag.py:2915} INFO - Sync 1 DAGs
[2023-09-25T07:43:12.784+0000] {logging_mixin.py:151} INFO - [2023-09-25T07:43:12.783+0000] {dag.py:3696} INFO - Setting next_dagrun for 8.templating to None, run_after=None
[2023-09-25T07:43:12.818+0000] {processor.py:179} INFO - Processing /opt/airflow/dags/8.templating.py took 0.224 seconds
[2023-09-25T07:43:43.084+0000] {processor.py:157} INFO - Started process (PID=189) to work on /opt/airflow/dags/8.templating.py
[2023-09-25T07:43:43.086+0000] {processor.py:829} INFO - Processing file /opt/airflow/dags/8.templating.py for tasks to queue
[2023-09-25T07:43:43.088+0000] {logging_mixin.py:151} INFO - [2023-09-25T07:43:43.088+0000] {dagbag.py:539} INFO - Filling up the DagBag from /opt/airflow/dags/8.templating.py
[2023-09-25T07:43:43.164+0000] {processor.py:839} INFO - DAG(s) dict_keys(['8.templating']) retrieved from /opt/airflow/dags/8.templating.py
[2023-09-25T07:43:43.202+0000] {logging_mixin.py:151} INFO - [2023-09-25T07:43:43.201+0000] {dag.py:2915} INFO - Sync 1 DAGs
[2023-09-25T07:43:43.237+0000] {logging_mixin.py:151} INFO - [2023-09-25T07:43:43.237+0000] {dag.py:3696} INFO - Setting next_dagrun for 8.templating to None, run_after=None
[2023-09-25T07:43:43.266+0000] {processor.py:179} INFO - Processing /opt/airflow/dags/8.templating.py took 0.188 seconds
[2023-09-25T07:44:13.741+0000] {processor.py:157} INFO - Started process (PID=211) to work on /opt/airflow/dags/8.templating.py
[2023-09-25T07:44:13.742+0000] {processor.py:829} INFO - Processing file /opt/airflow/dags/8.templating.py for tasks to queue
[2023-09-25T07:44:13.744+0000] {logging_mixin.py:151} INFO - [2023-09-25T07:44:13.743+0000] {dagbag.py:539} INFO - Filling up the DagBag from /opt/airflow/dags/8.templating.py
[2023-09-25T07:44:13.790+0000] {processor.py:839} INFO - DAG(s) dict_keys(['8.templating']) retrieved from /opt/airflow/dags/8.templating.py
[2023-09-25T07:44:13.831+0000] {logging_mixin.py:151} INFO - [2023-09-25T07:44:13.831+0000] {dag.py:2915} INFO - Sync 1 DAGs
[2023-09-25T07:44:13.873+0000] {logging_mixin.py:151} INFO - [2023-09-25T07:44:13.873+0000] {dag.py:3696} INFO - Setting next_dagrun for 8.templating to None, run_after=None
[2023-09-25T07:44:13.902+0000] {processor.py:179} INFO - Processing /opt/airflow/dags/8.templating.py took 0.165 seconds
[2023-09-25T07:44:44.050+0000] {processor.py:157} INFO - Started process (PID=233) to work on /opt/airflow/dags/8.templating.py
[2023-09-25T07:44:44.152+0000] {processor.py:829} INFO - Processing file /opt/airflow/dags/8.templating.py for tasks to queue
[2023-09-25T07:44:44.157+0000] {logging_mixin.py:151} INFO - [2023-09-25T07:44:44.156+0000] {dagbag.py:539} INFO - Filling up the DagBag from /opt/airflow/dags/8.templating.py
[2023-09-25T07:44:44.368+0000] {processor.py:839} INFO - DAG(s) dict_keys(['8.templating']) retrieved from /opt/airflow/dags/8.templating.py
[2023-09-25T07:44:45.191+0000] {logging_mixin.py:151} INFO - [2023-09-25T07:44:45.191+0000] {dag.py:2915} INFO - Sync 1 DAGs
[2023-09-25T07:44:48.967+0000] {logging_mixin.py:151} INFO - [2023-09-25T07:44:48.954+0000] {dag.py:3696} INFO - Setting next_dagrun for 8.templating to None, run_after=None
[2023-09-25T07:44:50.638+0000] {processor.py:179} INFO - Processing /opt/airflow/dags/8.templating.py took 6.593 seconds
[2023-09-25T07:45:22.093+0000] {processor.py:157} INFO - Started process (PID=262) to work on /opt/airflow/dags/8.templating.py
[2023-09-25T07:45:22.095+0000] {processor.py:829} INFO - Processing file /opt/airflow/dags/8.templating.py for tasks to queue
[2023-09-25T07:45:22.097+0000] {logging_mixin.py:151} INFO - [2023-09-25T07:45:22.096+0000] {dagbag.py:539} INFO - Filling up the DagBag from /opt/airflow/dags/8.templating.py
[2023-09-25T07:45:22.148+0000] {processor.py:839} INFO - DAG(s) dict_keys(['8.templating']) retrieved from /opt/airflow/dags/8.templating.py
[2023-09-25T07:45:22.209+0000] {logging_mixin.py:151} INFO - [2023-09-25T07:45:22.209+0000] {dag.py:2915} INFO - Sync 1 DAGs
[2023-09-25T07:45:22.238+0000] {logging_mixin.py:151} INFO - [2023-09-25T07:45:22.238+0000] {dag.py:3696} INFO - Setting next_dagrun for 8.templating to None, run_after=None
[2023-09-25T07:45:22.281+0000] {processor.py:179} INFO - Processing /opt/airflow/dags/8.templating.py took 0.194 seconds
[2023-09-25T07:45:52.742+0000] {processor.py:157} INFO - Started process (PID=284) to work on /opt/airflow/dags/8.templating.py
[2023-09-25T07:45:52.744+0000] {processor.py:829} INFO - Processing file /opt/airflow/dags/8.templating.py for tasks to queue
[2023-09-25T07:45:52.746+0000] {logging_mixin.py:151} INFO - [2023-09-25T07:45:52.745+0000] {dagbag.py:539} INFO - Filling up the DagBag from /opt/airflow/dags/8.templating.py
[2023-09-25T07:45:52.821+0000] {processor.py:839} INFO - DAG(s) dict_keys(['8.templating']) retrieved from /opt/airflow/dags/8.templating.py
[2023-09-25T07:45:52.893+0000] {logging_mixin.py:151} INFO - [2023-09-25T07:45:52.892+0000] {dag.py:2915} INFO - Sync 1 DAGs
[2023-09-25T07:45:53.048+0000] {logging_mixin.py:151} INFO - [2023-09-25T07:45:53.048+0000] {dag.py:3696} INFO - Setting next_dagrun for 8.templating to None, run_after=None
[2023-09-25T07:45:53.104+0000] {processor.py:179} INFO - Processing /opt/airflow/dags/8.templating.py took 0.368 seconds
[2023-09-25T07:46:23.547+0000] {processor.py:157} INFO - Started process (PID=307) to work on /opt/airflow/dags/8.templating.py
[2023-09-25T07:46:23.548+0000] {processor.py:829} INFO - Processing file /opt/airflow/dags/8.templating.py for tasks to queue
[2023-09-25T07:46:23.550+0000] {logging_mixin.py:151} INFO - [2023-09-25T07:46:23.549+0000] {dagbag.py:539} INFO - Filling up the DagBag from /opt/airflow/dags/8.templating.py
[2023-09-25T07:46:23.592+0000] {processor.py:839} INFO - DAG(s) dict_keys(['8.templating']) retrieved from /opt/airflow/dags/8.templating.py
[2023-09-25T07:46:23.618+0000] {logging_mixin.py:151} INFO - [2023-09-25T07:46:23.618+0000] {dag.py:2915} INFO - Sync 1 DAGs
[2023-09-25T07:46:23.646+0000] {logging_mixin.py:151} INFO - [2023-09-25T07:46:23.645+0000] {dag.py:3696} INFO - Setting next_dagrun for 8.templating to None, run_after=None
[2023-09-25T07:46:23.671+0000] {processor.py:179} INFO - Processing /opt/airflow/dags/8.templating.py took 0.128 seconds
[2023-09-25T07:46:54.068+0000] {processor.py:157} INFO - Started process (PID=329) to work on /opt/airflow/dags/8.templating.py
[2023-09-25T07:46:54.072+0000] {processor.py:829} INFO - Processing file /opt/airflow/dags/8.templating.py for tasks to queue
[2023-09-25T07:46:54.077+0000] {logging_mixin.py:151} INFO - [2023-09-25T07:46:54.075+0000] {dagbag.py:539} INFO - Filling up the DagBag from /opt/airflow/dags/8.templating.py
[2023-09-25T07:46:54.187+0000] {processor.py:839} INFO - DAG(s) dict_keys(['8.templating']) retrieved from /opt/airflow/dags/8.templating.py
[2023-09-25T07:46:54.256+0000] {logging_mixin.py:151} INFO - [2023-09-25T07:46:54.255+0000] {dag.py:2915} INFO - Sync 1 DAGs
[2023-09-25T07:46:54.348+0000] {logging_mixin.py:151} INFO - [2023-09-25T07:46:54.348+0000] {dag.py:3696} INFO - Setting next_dagrun for 8.templating to None, run_after=None
[2023-09-25T07:46:54.431+0000] {processor.py:179} INFO - Processing /opt/airflow/dags/8.templating.py took 0.375 seconds
[2023-09-25T07:47:25.376+0000] {processor.py:157} INFO - Started process (PID=351) to work on /opt/airflow/dags/8.templating.py
[2023-09-25T07:47:25.378+0000] {processor.py:829} INFO - Processing file /opt/airflow/dags/8.templating.py for tasks to queue
[2023-09-25T07:47:25.380+0000] {logging_mixin.py:151} INFO - [2023-09-25T07:47:25.380+0000] {dagbag.py:539} INFO - Filling up the DagBag from /opt/airflow/dags/8.templating.py
[2023-09-25T07:47:25.447+0000] {processor.py:839} INFO - DAG(s) dict_keys(['8.templating']) retrieved from /opt/airflow/dags/8.templating.py
[2023-09-25T07:47:25.479+0000] {logging_mixin.py:151} INFO - [2023-09-25T07:47:25.479+0000] {dag.py:2915} INFO - Sync 1 DAGs
[2023-09-25T07:47:25.511+0000] {logging_mixin.py:151} INFO - [2023-09-25T07:47:25.511+0000] {dag.py:3696} INFO - Setting next_dagrun for 8.templating to None, run_after=None
[2023-09-25T07:47:25.566+0000] {processor.py:179} INFO - Processing /opt/airflow/dags/8.templating.py took 0.195 seconds
[2023-09-25T07:47:56.347+0000] {processor.py:157} INFO - Started process (PID=373) to work on /opt/airflow/dags/8.templating.py
[2023-09-25T07:47:56.348+0000] {processor.py:829} INFO - Processing file /opt/airflow/dags/8.templating.py for tasks to queue
[2023-09-25T07:47:56.350+0000] {logging_mixin.py:151} INFO - [2023-09-25T07:47:56.350+0000] {dagbag.py:539} INFO - Filling up the DagBag from /opt/airflow/dags/8.templating.py
[2023-09-25T07:47:56.400+0000] {processor.py:839} INFO - DAG(s) dict_keys(['8.templating']) retrieved from /opt/airflow/dags/8.templating.py
[2023-09-25T07:47:56.427+0000] {logging_mixin.py:151} INFO - [2023-09-25T07:47:56.427+0000] {dag.py:2915} INFO - Sync 1 DAGs
[2023-09-25T07:47:56.452+0000] {logging_mixin.py:151} INFO - [2023-09-25T07:47:56.452+0000] {dag.py:3696} INFO - Setting next_dagrun for 8.templating to None, run_after=None
[2023-09-25T07:47:56.474+0000] {processor.py:179} INFO - Processing /opt/airflow/dags/8.templating.py took 0.131 seconds
[2023-09-25T07:48:26.862+0000] {processor.py:157} INFO - Started process (PID=395) to work on /opt/airflow/dags/8.templating.py
[2023-09-25T07:48:26.864+0000] {processor.py:829} INFO - Processing file /opt/airflow/dags/8.templating.py for tasks to queue
[2023-09-25T07:48:26.867+0000] {logging_mixin.py:151} INFO - [2023-09-25T07:48:26.867+0000] {dagbag.py:539} INFO - Filling up the DagBag from /opt/airflow/dags/8.templating.py
[2023-09-25T07:48:26.936+0000] {processor.py:839} INFO - DAG(s) dict_keys(['8.templating']) retrieved from /opt/airflow/dags/8.templating.py
[2023-09-25T07:48:26.969+0000] {logging_mixin.py:151} INFO - [2023-09-25T07:48:26.969+0000] {dag.py:2915} INFO - Sync 1 DAGs
[2023-09-25T07:48:26.993+0000] {logging_mixin.py:151} INFO - [2023-09-25T07:48:26.993+0000] {dag.py:3696} INFO - Setting next_dagrun for 8.templating to None, run_after=None
[2023-09-25T07:48:27.022+0000] {processor.py:179} INFO - Processing /opt/airflow/dags/8.templating.py took 0.167 seconds
[2023-09-25T07:48:57.327+0000] {processor.py:157} INFO - Started process (PID=417) to work on /opt/airflow/dags/8.templating.py
[2023-09-25T07:48:57.328+0000] {processor.py:829} INFO - Processing file /opt/airflow/dags/8.templating.py for tasks to queue
[2023-09-25T07:48:57.331+0000] {logging_mixin.py:151} INFO - [2023-09-25T07:48:57.331+0000] {dagbag.py:539} INFO - Filling up the DagBag from /opt/airflow/dags/8.templating.py
[2023-09-25T07:48:57.386+0000] {processor.py:839} INFO - DAG(s) dict_keys(['8.templating']) retrieved from /opt/airflow/dags/8.templating.py
[2023-09-25T07:48:57.412+0000] {logging_mixin.py:151} INFO - [2023-09-25T07:48:57.412+0000] {dag.py:2915} INFO - Sync 1 DAGs
[2023-09-25T07:48:57.438+0000] {logging_mixin.py:151} INFO - [2023-09-25T07:48:57.438+0000] {dag.py:3696} INFO - Setting next_dagrun for 8.templating to None, run_after=None
[2023-09-25T07:48:57.471+0000] {processor.py:179} INFO - Processing /opt/airflow/dags/8.templating.py took 0.150 seconds
[2023-09-25T07:49:28.082+0000] {processor.py:157} INFO - Started process (PID=439) to work on /opt/airflow/dags/8.templating.py
[2023-09-25T07:49:28.084+0000] {processor.py:829} INFO - Processing file /opt/airflow/dags/8.templating.py for tasks to queue
[2023-09-25T07:49:28.086+0000] {logging_mixin.py:151} INFO - [2023-09-25T07:49:28.086+0000] {dagbag.py:539} INFO - Filling up the DagBag from /opt/airflow/dags/8.templating.py
[2023-09-25T07:49:28.163+0000] {processor.py:839} INFO - DAG(s) dict_keys(['8.templating']) retrieved from /opt/airflow/dags/8.templating.py
[2023-09-25T07:49:28.208+0000] {logging_mixin.py:151} INFO - [2023-09-25T07:49:28.207+0000] {dag.py:2915} INFO - Sync 1 DAGs
[2023-09-25T07:49:28.260+0000] {logging_mixin.py:151} INFO - [2023-09-25T07:49:28.259+0000] {dag.py:3696} INFO - Setting next_dagrun for 8.templating to None, run_after=None
[2023-09-25T07:49:28.290+0000] {processor.py:179} INFO - Processing /opt/airflow/dags/8.templating.py took 0.214 seconds
[2023-09-25T07:49:58.925+0000] {processor.py:157} INFO - Started process (PID=461) to work on /opt/airflow/dags/8.templating.py
[2023-09-25T07:49:58.927+0000] {processor.py:829} INFO - Processing file /opt/airflow/dags/8.templating.py for tasks to queue
[2023-09-25T07:49:58.929+0000] {logging_mixin.py:151} INFO - [2023-09-25T07:49:58.929+0000] {dagbag.py:539} INFO - Filling up the DagBag from /opt/airflow/dags/8.templating.py
[2023-09-25T07:49:59.002+0000] {processor.py:839} INFO - DAG(s) dict_keys(['8.templating']) retrieved from /opt/airflow/dags/8.templating.py
[2023-09-25T07:49:59.037+0000] {logging_mixin.py:151} INFO - [2023-09-25T07:49:59.036+0000] {dag.py:2915} INFO - Sync 1 DAGs
[2023-09-25T07:49:59.070+0000] {logging_mixin.py:151} INFO - [2023-09-25T07:49:59.070+0000] {dag.py:3696} INFO - Setting next_dagrun for 8.templating to None, run_after=None
[2023-09-25T07:49:59.107+0000] {processor.py:179} INFO - Processing /opt/airflow/dags/8.templating.py took 0.190 seconds
[2023-09-25T07:50:29.698+0000] {processor.py:157} INFO - Started process (PID=484) to work on /opt/airflow/dags/8.templating.py
[2023-09-25T07:50:29.700+0000] {processor.py:829} INFO - Processing file /opt/airflow/dags/8.templating.py for tasks to queue
[2023-09-25T07:50:29.704+0000] {logging_mixin.py:151} INFO - [2023-09-25T07:50:29.703+0000] {dagbag.py:539} INFO - Filling up the DagBag from /opt/airflow/dags/8.templating.py
[2023-09-25T07:50:29.756+0000] {processor.py:839} INFO - DAG(s) dict_keys(['8.templating']) retrieved from /opt/airflow/dags/8.templating.py
[2023-09-25T07:50:29.779+0000] {logging_mixin.py:151} INFO - [2023-09-25T07:50:29.779+0000] {dag.py:2915} INFO - Sync 1 DAGs
[2023-09-25T07:50:29.803+0000] {logging_mixin.py:151} INFO - [2023-09-25T07:50:29.803+0000] {dag.py:3696} INFO - Setting next_dagrun for 8.templating to None, run_after=None
[2023-09-25T07:50:29.831+0000] {processor.py:179} INFO - Processing /opt/airflow/dags/8.templating.py took 0.142 seconds
[2023-09-25T07:51:00.512+0000] {processor.py:157} INFO - Started process (PID=506) to work on /opt/airflow/dags/8.templating.py
[2023-09-25T07:51:00.513+0000] {processor.py:829} INFO - Processing file /opt/airflow/dags/8.templating.py for tasks to queue
[2023-09-25T07:51:00.515+0000] {logging_mixin.py:151} INFO - [2023-09-25T07:51:00.514+0000] {dagbag.py:539} INFO - Filling up the DagBag from /opt/airflow/dags/8.templating.py
[2023-09-25T07:51:00.563+0000] {processor.py:839} INFO - DAG(s) dict_keys(['8.templating']) retrieved from /opt/airflow/dags/8.templating.py
[2023-09-25T07:51:00.590+0000] {logging_mixin.py:151} INFO - [2023-09-25T07:51:00.590+0000] {dag.py:2915} INFO - Sync 1 DAGs
[2023-09-25T07:51:00.625+0000] {logging_mixin.py:151} INFO - [2023-09-25T07:51:00.625+0000] {dag.py:3696} INFO - Setting next_dagrun for 8.templating to None, run_after=None
[2023-09-25T07:51:00.649+0000] {processor.py:179} INFO - Processing /opt/airflow/dags/8.templating.py took 0.141 seconds
[2023-09-25T07:51:31.229+0000] {processor.py:157} INFO - Started process (PID=529) to work on /opt/airflow/dags/8.templating.py
[2023-09-25T07:51:31.231+0000] {processor.py:829} INFO - Processing file /opt/airflow/dags/8.templating.py for tasks to queue
[2023-09-25T07:51:31.234+0000] {logging_mixin.py:151} INFO - [2023-09-25T07:51:31.233+0000] {dagbag.py:539} INFO - Filling up the DagBag from /opt/airflow/dags/8.templating.py
[2023-09-25T07:51:31.284+0000] {processor.py:839} INFO - DAG(s) dict_keys(['8.templating']) retrieved from /opt/airflow/dags/8.templating.py
[2023-09-25T07:51:31.310+0000] {logging_mixin.py:151} INFO - [2023-09-25T07:51:31.310+0000] {dag.py:2915} INFO - Sync 1 DAGs
[2023-09-25T07:51:31.336+0000] {logging_mixin.py:151} INFO - [2023-09-25T07:51:31.336+0000] {dag.py:3696} INFO - Setting next_dagrun for 8.templating to None, run_after=None
[2023-09-25T07:51:31.368+0000] {processor.py:179} INFO - Processing /opt/airflow/dags/8.templating.py took 0.144 seconds
[2023-09-25T07:52:01.750+0000] {processor.py:157} INFO - Started process (PID=551) to work on /opt/airflow/dags/8.templating.py
[2023-09-25T07:52:01.751+0000] {processor.py:829} INFO - Processing file /opt/airflow/dags/8.templating.py for tasks to queue
[2023-09-25T07:52:01.753+0000] {logging_mixin.py:151} INFO - [2023-09-25T07:52:01.753+0000] {dagbag.py:539} INFO - Filling up the DagBag from /opt/airflow/dags/8.templating.py
[2023-09-25T07:52:01.806+0000] {processor.py:839} INFO - DAG(s) dict_keys(['8.templating']) retrieved from /opt/airflow/dags/8.templating.py
[2023-09-25T07:52:01.836+0000] {logging_mixin.py:151} INFO - [2023-09-25T07:52:01.836+0000] {dag.py:2915} INFO - Sync 1 DAGs
[2023-09-25T07:52:01.862+0000] {logging_mixin.py:151} INFO - [2023-09-25T07:52:01.862+0000] {dag.py:3696} INFO - Setting next_dagrun for 8.templating to None, run_after=None
[2023-09-25T07:52:01.890+0000] {processor.py:179} INFO - Processing /opt/airflow/dags/8.templating.py took 0.146 seconds
[2023-09-25T07:52:32.660+0000] {processor.py:157} INFO - Started process (PID=573) to work on /opt/airflow/dags/8.templating.py
[2023-09-25T07:52:32.662+0000] {processor.py:829} INFO - Processing file /opt/airflow/dags/8.templating.py for tasks to queue
[2023-09-25T07:52:32.665+0000] {logging_mixin.py:151} INFO - [2023-09-25T07:52:32.664+0000] {dagbag.py:539} INFO - Filling up the DagBag from /opt/airflow/dags/8.templating.py
[2023-09-25T07:52:32.722+0000] {processor.py:839} INFO - DAG(s) dict_keys(['8.templating']) retrieved from /opt/airflow/dags/8.templating.py
[2023-09-25T07:52:32.800+0000] {logging_mixin.py:151} INFO - [2023-09-25T07:52:32.800+0000] {dag.py:2915} INFO - Sync 1 DAGs
[2023-09-25T07:52:32.847+0000] {logging_mixin.py:151} INFO - [2023-09-25T07:52:32.846+0000] {dag.py:3696} INFO - Setting next_dagrun for 8.templating to None, run_after=None
[2023-09-25T07:52:32.894+0000] {processor.py:179} INFO - Processing /opt/airflow/dags/8.templating.py took 0.284 seconds
[2023-09-25T11:14:23.620+0000] {processor.py:157} INFO - Started process (PID=36) to work on /opt/airflow/dags/8.templating.py
[2023-09-25T11:14:23.622+0000] {processor.py:829} INFO - Processing file /opt/airflow/dags/8.templating.py for tasks to queue
[2023-09-25T11:14:23.624+0000] {logging_mixin.py:151} INFO - [2023-09-25T11:14:23.623+0000] {dagbag.py:539} INFO - Filling up the DagBag from /opt/airflow/dags/8.templating.py
[2023-09-25T11:14:23.685+0000] {processor.py:839} INFO - DAG(s) dict_keys(['8.templating']) retrieved from /opt/airflow/dags/8.templating.py
[2023-09-25T11:14:23.995+0000] {logging_mixin.py:151} INFO - [2023-09-25T11:14:23.995+0000] {security.py:708} INFO - Not syncing DAG-level permissions for DAG 'DAG:8.templating' as access control is unset.
[2023-09-25T11:14:23.996+0000] {logging_mixin.py:151} INFO - [2023-09-25T11:14:23.996+0000] {dag.py:2915} INFO - Sync 1 DAGs
[2023-09-25T11:14:24.028+0000] {logging_mixin.py:151} INFO - [2023-09-25T11:14:24.028+0000] {dag.py:3696} INFO - Setting next_dagrun for 8.templating to None, run_after=None
[2023-09-25T11:14:24.059+0000] {processor.py:179} INFO - Processing /opt/airflow/dags/8.templating.py took 0.446 seconds
[2023-09-25T11:14:54.202+0000] {processor.py:157} INFO - Started process (PID=59) to work on /opt/airflow/dags/8.templating.py
[2023-09-25T11:14:54.212+0000] {processor.py:829} INFO - Processing file /opt/airflow/dags/8.templating.py for tasks to queue
[2023-09-25T11:14:54.213+0000] {logging_mixin.py:151} INFO - [2023-09-25T11:14:54.213+0000] {dagbag.py:539} INFO - Filling up the DagBag from /opt/airflow/dags/8.templating.py
[2023-09-25T11:14:54.273+0000] {processor.py:839} INFO - DAG(s) dict_keys(['8.templating']) retrieved from /opt/airflow/dags/8.templating.py
[2023-09-25T11:14:54.295+0000] {logging_mixin.py:151} INFO - [2023-09-25T11:14:54.294+0000] {dag.py:2915} INFO - Sync 1 DAGs
[2023-09-25T11:14:54.316+0000] {logging_mixin.py:151} INFO - [2023-09-25T11:14:54.316+0000] {dag.py:3696} INFO - Setting next_dagrun for 8.templating to None, run_after=None
[2023-09-25T11:14:54.338+0000] {processor.py:179} INFO - Processing /opt/airflow/dags/8.templating.py took 0.139 seconds
[2023-09-25T11:15:24.630+0000] {processor.py:157} INFO - Started process (PID=82) to work on /opt/airflow/dags/8.templating.py
[2023-09-25T11:15:24.631+0000] {processor.py:829} INFO - Processing file /opt/airflow/dags/8.templating.py for tasks to queue
[2023-09-25T11:15:24.632+0000] {logging_mixin.py:151} INFO - [2023-09-25T11:15:24.632+0000] {dagbag.py:539} INFO - Filling up the DagBag from /opt/airflow/dags/8.templating.py
[2023-09-25T11:15:24.676+0000] {processor.py:839} INFO - DAG(s) dict_keys(['8.templating']) retrieved from /opt/airflow/dags/8.templating.py
[2023-09-25T11:15:24.699+0000] {logging_mixin.py:151} INFO - [2023-09-25T11:15:24.699+0000] {dag.py:2915} INFO - Sync 1 DAGs
[2023-09-25T11:15:24.724+0000] {logging_mixin.py:151} INFO - [2023-09-25T11:15:24.724+0000] {dag.py:3696} INFO - Setting next_dagrun for 8.templating to None, run_after=None
[2023-09-25T11:15:24.753+0000] {processor.py:179} INFO - Processing /opt/airflow/dags/8.templating.py took 0.127 seconds
[2023-09-25T11:15:55.585+0000] {processor.py:157} INFO - Started process (PID=105) to work on /opt/airflow/dags/8.templating.py
[2023-09-25T11:15:55.586+0000] {processor.py:829} INFO - Processing file /opt/airflow/dags/8.templating.py for tasks to queue
[2023-09-25T11:15:55.588+0000] {logging_mixin.py:151} INFO - [2023-09-25T11:15:55.588+0000] {dagbag.py:539} INFO - Filling up the DagBag from /opt/airflow/dags/8.templating.py
[2023-09-25T11:15:55.629+0000] {processor.py:839} INFO - DAG(s) dict_keys(['8.templating']) retrieved from /opt/airflow/dags/8.templating.py
[2023-09-25T11:15:55.651+0000] {logging_mixin.py:151} INFO - [2023-09-25T11:15:55.651+0000] {dag.py:2915} INFO - Sync 1 DAGs
[2023-09-25T11:15:55.673+0000] {logging_mixin.py:151} INFO - [2023-09-25T11:15:55.672+0000] {dag.py:3696} INFO - Setting next_dagrun for 8.templating to None, run_after=None
[2023-09-25T11:15:55.700+0000] {processor.py:179} INFO - Processing /opt/airflow/dags/8.templating.py took 0.118 seconds
[2023-09-25T11:16:26.539+0000] {processor.py:157} INFO - Started process (PID=128) to work on /opt/airflow/dags/8.templating.py
[2023-09-25T11:16:26.540+0000] {processor.py:829} INFO - Processing file /opt/airflow/dags/8.templating.py for tasks to queue
[2023-09-25T11:16:26.541+0000] {logging_mixin.py:151} INFO - [2023-09-25T11:16:26.541+0000] {dagbag.py:539} INFO - Filling up the DagBag from /opt/airflow/dags/8.templating.py
[2023-09-25T11:16:26.586+0000] {processor.py:839} INFO - DAG(s) dict_keys(['8.templating']) retrieved from /opt/airflow/dags/8.templating.py
[2023-09-25T11:16:26.607+0000] {logging_mixin.py:151} INFO - [2023-09-25T11:16:26.607+0000] {dag.py:2915} INFO - Sync 1 DAGs
[2023-09-25T11:16:26.629+0000] {logging_mixin.py:151} INFO - [2023-09-25T11:16:26.629+0000] {dag.py:3696} INFO - Setting next_dagrun for 8.templating to None, run_after=None
[2023-09-25T11:16:26.656+0000] {processor.py:179} INFO - Processing /opt/airflow/dags/8.templating.py took 0.120 seconds
[2023-09-25T11:16:57.617+0000] {processor.py:157} INFO - Started process (PID=151) to work on /opt/airflow/dags/8.templating.py
[2023-09-25T11:16:57.618+0000] {processor.py:829} INFO - Processing file /opt/airflow/dags/8.templating.py for tasks to queue
[2023-09-25T11:16:57.619+0000] {logging_mixin.py:151} INFO - [2023-09-25T11:16:57.619+0000] {dagbag.py:539} INFO - Filling up the DagBag from /opt/airflow/dags/8.templating.py
[2023-09-25T11:16:57.659+0000] {processor.py:839} INFO - DAG(s) dict_keys(['8.templating']) retrieved from /opt/airflow/dags/8.templating.py
[2023-09-25T11:16:57.681+0000] {logging_mixin.py:151} INFO - [2023-09-25T11:16:57.681+0000] {dag.py:2915} INFO - Sync 1 DAGs
[2023-09-25T11:16:57.705+0000] {logging_mixin.py:151} INFO - [2023-09-25T11:16:57.705+0000] {dag.py:3696} INFO - Setting next_dagrun for 8.templating to None, run_after=None
[2023-09-25T11:16:57.733+0000] {processor.py:179} INFO - Processing /opt/airflow/dags/8.templating.py took 0.116 seconds
[2023-09-25T11:17:28.655+0000] {processor.py:157} INFO - Started process (PID=174) to work on /opt/airflow/dags/8.templating.py
[2023-09-25T11:17:28.656+0000] {processor.py:829} INFO - Processing file /opt/airflow/dags/8.templating.py for tasks to queue
[2023-09-25T11:17:28.657+0000] {logging_mixin.py:151} INFO - [2023-09-25T11:17:28.657+0000] {dagbag.py:539} INFO - Filling up the DagBag from /opt/airflow/dags/8.templating.py
[2023-09-25T11:17:28.698+0000] {processor.py:839} INFO - DAG(s) dict_keys(['8.templating']) retrieved from /opt/airflow/dags/8.templating.py
[2023-09-25T11:17:28.723+0000] {logging_mixin.py:151} INFO - [2023-09-25T11:17:28.723+0000] {dag.py:2915} INFO - Sync 1 DAGs
[2023-09-25T11:17:28.745+0000] {logging_mixin.py:151} INFO - [2023-09-25T11:17:28.745+0000] {dag.py:3696} INFO - Setting next_dagrun for 8.templating to None, run_after=None
[2023-09-25T11:17:28.767+0000] {processor.py:179} INFO - Processing /opt/airflow/dags/8.templating.py took 0.115 seconds
[2023-09-25T11:18:00.253+0000] {processor.py:157} INFO - Started process (PID=197) to work on /opt/airflow/dags/8.templating.py
[2023-09-25T11:18:00.254+0000] {processor.py:829} INFO - Processing file /opt/airflow/dags/8.templating.py for tasks to queue
[2023-09-25T11:18:00.255+0000] {logging_mixin.py:151} INFO - [2023-09-25T11:18:00.255+0000] {dagbag.py:539} INFO - Filling up the DagBag from /opt/airflow/dags/8.templating.py
[2023-09-25T11:18:00.298+0000] {processor.py:839} INFO - DAG(s) dict_keys(['8.templating']) retrieved from /opt/airflow/dags/8.templating.py
[2023-09-25T11:18:00.321+0000] {logging_mixin.py:151} INFO - [2023-09-25T11:18:00.321+0000] {dag.py:2915} INFO - Sync 1 DAGs
[2023-09-25T11:18:00.346+0000] {logging_mixin.py:151} INFO - [2023-09-25T11:18:00.345+0000] {dag.py:3696} INFO - Setting next_dagrun for 8.templating to None, run_after=None
[2023-09-25T11:18:00.370+0000] {processor.py:179} INFO - Processing /opt/airflow/dags/8.templating.py took 0.120 seconds
[2023-09-25T11:18:30.873+0000] {processor.py:157} INFO - Started process (PID=230) to work on /opt/airflow/dags/8.templating.py
[2023-09-25T11:18:30.874+0000] {processor.py:829} INFO - Processing file /opt/airflow/dags/8.templating.py for tasks to queue
[2023-09-25T11:18:30.877+0000] {logging_mixin.py:151} INFO - [2023-09-25T11:18:30.876+0000] {dagbag.py:539} INFO - Filling up the DagBag from /opt/airflow/dags/8.templating.py
[2023-09-25T11:18:30.933+0000] {processor.py:839} INFO - DAG(s) dict_keys(['8.templating']) retrieved from /opt/airflow/dags/8.templating.py
[2023-09-25T11:18:30.979+0000] {logging_mixin.py:151} INFO - [2023-09-25T11:18:30.979+0000] {dag.py:2915} INFO - Sync 1 DAGs
[2023-09-25T11:18:31.038+0000] {logging_mixin.py:151} INFO - [2023-09-25T11:18:31.037+0000] {dag.py:3696} INFO - Setting next_dagrun for 8.templating to None, run_after=None
[2023-09-25T11:18:31.076+0000] {processor.py:179} INFO - Processing /opt/airflow/dags/8.templating.py took 0.209 seconds
[2023-09-25T11:19:02.065+0000] {processor.py:157} INFO - Started process (PID=253) to work on /opt/airflow/dags/8.templating.py
[2023-09-25T11:19:02.066+0000] {processor.py:829} INFO - Processing file /opt/airflow/dags/8.templating.py for tasks to queue
[2023-09-25T11:19:02.067+0000] {logging_mixin.py:151} INFO - [2023-09-25T11:19:02.067+0000] {dagbag.py:539} INFO - Filling up the DagBag from /opt/airflow/dags/8.templating.py
[2023-09-25T11:19:02.114+0000] {processor.py:839} INFO - DAG(s) dict_keys(['8.templating']) retrieved from /opt/airflow/dags/8.templating.py
[2023-09-25T11:19:02.137+0000] {logging_mixin.py:151} INFO - [2023-09-25T11:19:02.137+0000] {dag.py:2915} INFO - Sync 1 DAGs
[2023-09-25T11:19:02.162+0000] {logging_mixin.py:151} INFO - [2023-09-25T11:19:02.162+0000] {dag.py:3696} INFO - Setting next_dagrun for 8.templating to None, run_after=None
[2023-09-25T11:19:02.190+0000] {processor.py:179} INFO - Processing /opt/airflow/dags/8.templating.py took 0.130 seconds
[2023-09-25T11:19:32.885+0000] {processor.py:157} INFO - Started process (PID=276) to work on /opt/airflow/dags/8.templating.py
[2023-09-25T11:19:32.886+0000] {processor.py:829} INFO - Processing file /opt/airflow/dags/8.templating.py for tasks to queue
[2023-09-25T11:19:32.888+0000] {logging_mixin.py:151} INFO - [2023-09-25T11:19:32.888+0000] {dagbag.py:539} INFO - Filling up the DagBag from /opt/airflow/dags/8.templating.py
[2023-09-25T11:19:32.968+0000] {processor.py:839} INFO - DAG(s) dict_keys(['8.templating']) retrieved from /opt/airflow/dags/8.templating.py
[2023-09-25T11:19:32.999+0000] {logging_mixin.py:151} INFO - [2023-09-25T11:19:32.998+0000] {dag.py:2915} INFO - Sync 1 DAGs
[2023-09-25T11:19:33.022+0000] {logging_mixin.py:151} INFO - [2023-09-25T11:19:33.022+0000] {dag.py:3696} INFO - Setting next_dagrun for 8.templating to None, run_after=None
[2023-09-25T11:19:33.050+0000] {processor.py:179} INFO - Processing /opt/airflow/dags/8.templating.py took 0.168 seconds
[2023-09-25T11:20:03.763+0000] {processor.py:157} INFO - Started process (PID=299) to work on /opt/airflow/dags/8.templating.py
[2023-09-25T11:20:03.764+0000] {processor.py:829} INFO - Processing file /opt/airflow/dags/8.templating.py for tasks to queue
[2023-09-25T11:20:03.766+0000] {logging_mixin.py:151} INFO - [2023-09-25T11:20:03.766+0000] {dagbag.py:539} INFO - Filling up the DagBag from /opt/airflow/dags/8.templating.py
[2023-09-25T11:20:03.818+0000] {processor.py:839} INFO - DAG(s) dict_keys(['8.templating']) retrieved from /opt/airflow/dags/8.templating.py
[2023-09-25T11:20:03.846+0000] {logging_mixin.py:151} INFO - [2023-09-25T11:20:03.845+0000] {dag.py:2915} INFO - Sync 1 DAGs
[2023-09-25T11:20:03.872+0000] {logging_mixin.py:151} INFO - [2023-09-25T11:20:03.872+0000] {dag.py:3696} INFO - Setting next_dagrun for 8.templating to None, run_after=None
[2023-09-25T11:20:03.902+0000] {processor.py:179} INFO - Processing /opt/airflow/dags/8.templating.py took 0.145 seconds
[2023-09-25T11:20:34.857+0000] {processor.py:157} INFO - Started process (PID=322) to work on /opt/airflow/dags/8.templating.py
[2023-09-25T11:20:34.859+0000] {processor.py:829} INFO - Processing file /opt/airflow/dags/8.templating.py for tasks to queue
[2023-09-25T11:20:34.861+0000] {logging_mixin.py:151} INFO - [2023-09-25T11:20:34.861+0000] {dagbag.py:539} INFO - Filling up the DagBag from /opt/airflow/dags/8.templating.py
[2023-09-25T11:20:34.905+0000] {processor.py:839} INFO - DAG(s) dict_keys(['8.templating']) retrieved from /opt/airflow/dags/8.templating.py
[2023-09-25T11:20:34.932+0000] {logging_mixin.py:151} INFO - [2023-09-25T11:20:34.931+0000] {dag.py:2915} INFO - Sync 1 DAGs
[2023-09-25T11:20:34.961+0000] {logging_mixin.py:151} INFO - [2023-09-25T11:20:34.961+0000] {dag.py:3696} INFO - Setting next_dagrun for 8.templating to None, run_after=None
[2023-09-25T11:20:34.987+0000] {processor.py:179} INFO - Processing /opt/airflow/dags/8.templating.py took 0.135 seconds
[2023-09-25T11:21:05.321+0000] {processor.py:157} INFO - Started process (PID=345) to work on /opt/airflow/dags/8.templating.py
[2023-09-25T11:21:05.322+0000] {processor.py:829} INFO - Processing file /opt/airflow/dags/8.templating.py for tasks to queue
[2023-09-25T11:21:05.323+0000] {logging_mixin.py:151} INFO - [2023-09-25T11:21:05.323+0000] {dagbag.py:539} INFO - Filling up the DagBag from /opt/airflow/dags/8.templating.py
[2023-09-25T11:21:05.372+0000] {processor.py:839} INFO - DAG(s) dict_keys(['8.templating']) retrieved from /opt/airflow/dags/8.templating.py
[2023-09-25T11:21:05.401+0000] {logging_mixin.py:151} INFO - [2023-09-25T11:21:05.401+0000] {dag.py:2915} INFO - Sync 1 DAGs
[2023-09-25T11:21:05.426+0000] {logging_mixin.py:151} INFO - [2023-09-25T11:21:05.425+0000] {dag.py:3696} INFO - Setting next_dagrun for 8.templating to None, run_after=None
[2023-09-25T11:21:05.455+0000] {processor.py:179} INFO - Processing /opt/airflow/dags/8.templating.py took 0.138 seconds
[2023-09-25T11:21:35.804+0000] {processor.py:157} INFO - Started process (PID=368) to work on /opt/airflow/dags/8.templating.py
[2023-09-25T11:21:35.806+0000] {processor.py:829} INFO - Processing file /opt/airflow/dags/8.templating.py for tasks to queue
[2023-09-25T11:21:35.808+0000] {logging_mixin.py:151} INFO - [2023-09-25T11:21:35.808+0000] {dagbag.py:539} INFO - Filling up the DagBag from /opt/airflow/dags/8.templating.py
[2023-09-25T11:21:35.862+0000] {processor.py:839} INFO - DAG(s) dict_keys(['8.templating']) retrieved from /opt/airflow/dags/8.templating.py
[2023-09-25T11:21:35.889+0000] {logging_mixin.py:151} INFO - [2023-09-25T11:21:35.889+0000] {dag.py:2915} INFO - Sync 1 DAGs
[2023-09-25T11:21:35.912+0000] {logging_mixin.py:151} INFO - [2023-09-25T11:21:35.912+0000] {dag.py:3696} INFO - Setting next_dagrun for 8.templating to None, run_after=None
[2023-09-25T11:21:35.944+0000] {processor.py:179} INFO - Processing /opt/airflow/dags/8.templating.py took 0.144 seconds
[2023-09-25T11:22:06.262+0000] {processor.py:157} INFO - Started process (PID=391) to work on /opt/airflow/dags/8.templating.py
[2023-09-25T11:22:06.263+0000] {processor.py:829} INFO - Processing file /opt/airflow/dags/8.templating.py for tasks to queue
[2023-09-25T11:22:06.265+0000] {logging_mixin.py:151} INFO - [2023-09-25T11:22:06.264+0000] {dagbag.py:539} INFO - Filling up the DagBag from /opt/airflow/dags/8.templating.py
[2023-09-25T11:22:06.314+0000] {processor.py:839} INFO - DAG(s) dict_keys(['8.templating']) retrieved from /opt/airflow/dags/8.templating.py
[2023-09-25T11:22:06.340+0000] {logging_mixin.py:151} INFO - [2023-09-25T11:22:06.340+0000] {dag.py:2915} INFO - Sync 1 DAGs
[2023-09-25T11:22:06.366+0000] {logging_mixin.py:151} INFO - [2023-09-25T11:22:06.365+0000] {dag.py:3696} INFO - Setting next_dagrun for 8.templating to None, run_after=None
[2023-09-25T11:22:06.389+0000] {processor.py:179} INFO - Processing /opt/airflow/dags/8.templating.py took 0.131 seconds
[2023-09-25T11:22:36.961+0000] {processor.py:157} INFO - Started process (PID=414) to work on /opt/airflow/dags/8.templating.py
[2023-09-25T11:22:36.963+0000] {processor.py:829} INFO - Processing file /opt/airflow/dags/8.templating.py for tasks to queue
[2023-09-25T11:22:36.964+0000] {logging_mixin.py:151} INFO - [2023-09-25T11:22:36.964+0000] {dagbag.py:539} INFO - Filling up the DagBag from /opt/airflow/dags/8.templating.py
[2023-09-25T11:22:37.012+0000] {processor.py:839} INFO - DAG(s) dict_keys(['8.templating']) retrieved from /opt/airflow/dags/8.templating.py
[2023-09-25T11:22:37.037+0000] {logging_mixin.py:151} INFO - [2023-09-25T11:22:37.036+0000] {dag.py:2915} INFO - Sync 1 DAGs
[2023-09-25T11:22:37.061+0000] {logging_mixin.py:151} INFO - [2023-09-25T11:22:37.060+0000] {dag.py:3696} INFO - Setting next_dagrun for 8.templating to None, run_after=None
[2023-09-25T11:22:37.090+0000] {processor.py:179} INFO - Processing /opt/airflow/dags/8.templating.py took 0.132 seconds
[2023-09-25T11:23:07.445+0000] {processor.py:157} INFO - Started process (PID=437) to work on /opt/airflow/dags/8.templating.py
[2023-09-25T11:23:07.446+0000] {processor.py:829} INFO - Processing file /opt/airflow/dags/8.templating.py for tasks to queue
[2023-09-25T11:23:07.447+0000] {logging_mixin.py:151} INFO - [2023-09-25T11:23:07.447+0000] {dagbag.py:539} INFO - Filling up the DagBag from /opt/airflow/dags/8.templating.py
[2023-09-25T11:23:07.495+0000] {processor.py:839} INFO - DAG(s) dict_keys(['8.templating']) retrieved from /opt/airflow/dags/8.templating.py
[2023-09-25T11:23:07.534+0000] {logging_mixin.py:151} INFO - [2023-09-25T11:23:07.534+0000] {dag.py:2915} INFO - Sync 1 DAGs
[2023-09-25T11:23:07.562+0000] {logging_mixin.py:151} INFO - [2023-09-25T11:23:07.562+0000] {dag.py:3696} INFO - Setting next_dagrun for 8.templating to None, run_after=None
[2023-09-25T11:23:07.587+0000] {processor.py:179} INFO - Processing /opt/airflow/dags/8.templating.py took 0.147 seconds
[2023-09-25T11:23:37.851+0000] {processor.py:157} INFO - Started process (PID=460) to work on /opt/airflow/dags/8.templating.py
[2023-09-25T11:23:37.852+0000] {processor.py:829} INFO - Processing file /opt/airflow/dags/8.templating.py for tasks to queue
[2023-09-25T11:23:37.853+0000] {logging_mixin.py:151} INFO - [2023-09-25T11:23:37.853+0000] {dagbag.py:539} INFO - Filling up the DagBag from /opt/airflow/dags/8.templating.py
[2023-09-25T11:23:37.900+0000] {processor.py:839} INFO - DAG(s) dict_keys(['8.templating']) retrieved from /opt/airflow/dags/8.templating.py
[2023-09-25T11:23:37.923+0000] {logging_mixin.py:151} INFO - [2023-09-25T11:23:37.923+0000] {dag.py:2915} INFO - Sync 1 DAGs
[2023-09-25T11:23:37.951+0000] {logging_mixin.py:151} INFO - [2023-09-25T11:23:37.951+0000] {dag.py:3696} INFO - Setting next_dagrun for 8.templating to None, run_after=None
[2023-09-25T11:23:37.976+0000] {processor.py:179} INFO - Processing /opt/airflow/dags/8.templating.py took 0.128 seconds
[2023-09-25T11:24:08.827+0000] {processor.py:157} INFO - Started process (PID=483) to work on /opt/airflow/dags/8.templating.py
[2023-09-25T11:24:08.828+0000] {processor.py:829} INFO - Processing file /opt/airflow/dags/8.templating.py for tasks to queue
[2023-09-25T11:24:08.830+0000] {logging_mixin.py:151} INFO - [2023-09-25T11:24:08.829+0000] {dagbag.py:539} INFO - Filling up the DagBag from /opt/airflow/dags/8.templating.py
[2023-09-25T11:24:08.876+0000] {processor.py:839} INFO - DAG(s) dict_keys(['8.templating']) retrieved from /opt/airflow/dags/8.templating.py
[2023-09-25T11:24:08.903+0000] {logging_mixin.py:151} INFO - [2023-09-25T11:24:08.903+0000] {dag.py:2915} INFO - Sync 1 DAGs
[2023-09-25T11:24:08.934+0000] {logging_mixin.py:151} INFO - [2023-09-25T11:24:08.934+0000] {dag.py:3696} INFO - Setting next_dagrun for 8.templating to None, run_after=None
[2023-09-25T11:24:08.962+0000] {processor.py:179} INFO - Processing /opt/airflow/dags/8.templating.py took 0.139 seconds
[2023-09-25T11:24:39.139+0000] {processor.py:157} INFO - Started process (PID=506) to work on /opt/airflow/dags/8.templating.py
[2023-09-25T11:24:39.140+0000] {processor.py:829} INFO - Processing file /opt/airflow/dags/8.templating.py for tasks to queue
[2023-09-25T11:24:39.142+0000] {logging_mixin.py:151} INFO - [2023-09-25T11:24:39.141+0000] {dagbag.py:539} INFO - Filling up the DagBag from /opt/airflow/dags/8.templating.py
[2023-09-25T11:24:39.185+0000] {processor.py:839} INFO - DAG(s) dict_keys(['8.templating']) retrieved from /opt/airflow/dags/8.templating.py
[2023-09-25T11:24:39.211+0000] {logging_mixin.py:151} INFO - [2023-09-25T11:24:39.210+0000] {dag.py:2915} INFO - Sync 1 DAGs
[2023-09-25T11:24:39.238+0000] {logging_mixin.py:151} INFO - [2023-09-25T11:24:39.237+0000] {dag.py:3696} INFO - Setting next_dagrun for 8.templating to None, run_after=None
[2023-09-25T11:24:39.263+0000] {processor.py:179} INFO - Processing /opt/airflow/dags/8.templating.py took 0.126 seconds
[2023-09-25T11:25:10.236+0000] {processor.py:157} INFO - Started process (PID=529) to work on /opt/airflow/dags/8.templating.py
[2023-09-25T11:25:10.237+0000] {processor.py:829} INFO - Processing file /opt/airflow/dags/8.templating.py for tasks to queue
[2023-09-25T11:25:10.239+0000] {logging_mixin.py:151} INFO - [2023-09-25T11:25:10.239+0000] {dagbag.py:539} INFO - Filling up the DagBag from /opt/airflow/dags/8.templating.py
[2023-09-25T11:25:10.283+0000] {processor.py:839} INFO - DAG(s) dict_keys(['8.templating']) retrieved from /opt/airflow/dags/8.templating.py
[2023-09-25T11:25:10.308+0000] {logging_mixin.py:151} INFO - [2023-09-25T11:25:10.308+0000] {dag.py:2915} INFO - Sync 1 DAGs
[2023-09-25T11:25:10.332+0000] {logging_mixin.py:151} INFO - [2023-09-25T11:25:10.332+0000] {dag.py:3696} INFO - Setting next_dagrun for 8.templating to None, run_after=None
[2023-09-25T11:25:10.359+0000] {processor.py:179} INFO - Processing /opt/airflow/dags/8.templating.py took 0.127 seconds
