[2023-09-25T07:32:41.346+0000] {processor.py:157} INFO - Started process (PID=40) to work on /opt/airflow/dags/9-xcom.py
[2023-09-25T07:32:41.350+0000] {processor.py:829} INFO - Processing file /opt/airflow/dags/9-xcom.py for tasks to queue
[2023-09-25T07:32:41.357+0000] {logging_mixin.py:151} INFO - [2023-09-25T07:32:41.354+0000] {dagbag.py:539} INFO - Filling up the DagBag from /opt/airflow/dags/9-xcom.py
[2023-09-25T07:32:42.311+0000] {processor.py:839} INFO - DAG(s) dict_keys(['9-xcom']) retrieved from /opt/airflow/dags/9-xcom.py
[2023-09-25T07:32:45.067+0000] {logging_mixin.py:151} INFO - [2023-09-25T07:32:45.066+0000] {manager.py:499} INFO - Created Permission View: %s
[2023-09-25T07:32:45.101+0000] {logging_mixin.py:151} INFO - [2023-09-25T07:32:45.101+0000] {manager.py:499} INFO - Created Permission View: %s
[2023-09-25T07:32:45.122+0000] {logging_mixin.py:151} INFO - [2023-09-25T07:32:45.122+0000] {manager.py:499} INFO - Created Permission View: %s
[2023-09-25T07:32:45.124+0000] {logging_mixin.py:151} INFO - [2023-09-25T07:32:45.124+0000] {security.py:708} INFO - Not syncing DAG-level permissions for DAG 'DAG:9-xcom' as access control is unset.
[2023-09-25T07:32:45.126+0000] {logging_mixin.py:151} INFO - [2023-09-25T07:32:45.125+0000] {dag.py:2915} INFO - Sync 1 DAGs
[2023-09-25T07:32:45.160+0000] {logging_mixin.py:151} INFO - [2023-09-25T07:32:45.159+0000] {dag.py:2937} INFO - Creating ORM DAG for 9-xcom
[2023-09-25T07:32:45.190+0000] {logging_mixin.py:151} INFO - [2023-09-25T07:32:45.189+0000] {dag.py:3696} INFO - Setting next_dagrun for 9-xcom to 2023-09-18T00:00:00+00:00, run_after=2023-09-18T00:00:00+00:00
[2023-09-25T07:32:45.364+0000] {processor.py:179} INFO - Processing /opt/airflow/dags/9-xcom.py took 4.046 seconds
[2023-09-25T07:34:35.092+0000] {processor.py:157} INFO - Started process (PID=55) to work on /opt/airflow/dags/9-xcom.py
[2023-09-25T07:34:35.109+0000] {processor.py:829} INFO - Processing file /opt/airflow/dags/9-xcom.py for tasks to queue
[2023-09-25T07:34:35.113+0000] {logging_mixin.py:151} INFO - [2023-09-25T07:34:35.112+0000] {dagbag.py:539} INFO - Filling up the DagBag from /opt/airflow/dags/9-xcom.py
[2023-09-25T07:34:35.232+0000] {processor.py:839} INFO - DAG(s) dict_keys(['9-xcom']) retrieved from /opt/airflow/dags/9-xcom.py
[2023-09-25T07:34:35.369+0000] {logging_mixin.py:151} INFO - [2023-09-25T07:34:35.368+0000] {dag.py:2915} INFO - Sync 1 DAGs
[2023-09-25T07:34:35.513+0000] {logging_mixin.py:151} INFO - [2023-09-25T07:34:35.512+0000] {dag.py:3696} INFO - Setting next_dagrun for 9-xcom to 2023-09-18T00:00:00+00:00, run_after=2023-09-18T00:00:00+00:00
[2023-09-25T07:34:35.602+0000] {processor.py:179} INFO - Processing /opt/airflow/dags/9-xcom.py took 0.522 seconds
[2023-09-25T07:40:06.819+0000] {processor.py:157} INFO - Started process (PID=35) to work on /opt/airflow/dags/9-xcom.py
[2023-09-25T07:40:06.828+0000] {processor.py:829} INFO - Processing file /opt/airflow/dags/9-xcom.py for tasks to queue
[2023-09-25T07:40:06.831+0000] {logging_mixin.py:151} INFO - [2023-09-25T07:40:06.830+0000] {dagbag.py:539} INFO - Filling up the DagBag from /opt/airflow/dags/9-xcom.py
[2023-09-25T07:40:06.896+0000] {processor.py:839} INFO - DAG(s) dict_keys(['9-xcom']) retrieved from /opt/airflow/dags/9-xcom.py
[2023-09-25T07:40:07.428+0000] {logging_mixin.py:151} INFO - [2023-09-25T07:40:07.428+0000] {security.py:708} INFO - Not syncing DAG-level permissions for DAG 'DAG:9-xcom' as access control is unset.
[2023-09-25T07:40:07.430+0000] {logging_mixin.py:151} INFO - [2023-09-25T07:40:07.429+0000] {dag.py:2915} INFO - Sync 1 DAGs
[2023-09-25T07:40:07.455+0000] {logging_mixin.py:151} INFO - [2023-09-25T07:40:07.454+0000] {dag.py:3696} INFO - Setting next_dagrun for 9-xcom to 2023-09-18T00:00:00+00:00, run_after=2023-09-18T00:00:00+00:00
[2023-09-25T07:40:07.486+0000] {processor.py:179} INFO - Processing /opt/airflow/dags/9-xcom.py took 0.674 seconds
[2023-09-25T07:40:38.709+0000] {processor.py:157} INFO - Started process (PID=57) to work on /opt/airflow/dags/9-xcom.py
[2023-09-25T07:40:38.718+0000] {processor.py:829} INFO - Processing file /opt/airflow/dags/9-xcom.py for tasks to queue
[2023-09-25T07:40:38.727+0000] {logging_mixin.py:151} INFO - [2023-09-25T07:40:38.724+0000] {dagbag.py:539} INFO - Filling up the DagBag from /opt/airflow/dags/9-xcom.py
[2023-09-25T07:40:38.894+0000] {processor.py:839} INFO - DAG(s) dict_keys(['9-xcom']) retrieved from /opt/airflow/dags/9-xcom.py
[2023-09-25T07:40:38.989+0000] {logging_mixin.py:151} INFO - [2023-09-25T07:40:38.989+0000] {dag.py:2915} INFO - Sync 1 DAGs
[2023-09-25T07:40:39.061+0000] {logging_mixin.py:151} INFO - [2023-09-25T07:40:39.061+0000] {dag.py:3696} INFO - Setting next_dagrun for 9-xcom to 2023-09-18T00:00:00+00:00, run_after=2023-09-18T00:00:00+00:00
[2023-09-25T07:40:39.103+0000] {processor.py:179} INFO - Processing /opt/airflow/dags/9-xcom.py took 0.405 seconds
[2023-09-25T07:41:09.623+0000] {processor.py:157} INFO - Started process (PID=79) to work on /opt/airflow/dags/9-xcom.py
[2023-09-25T07:41:09.624+0000] {processor.py:829} INFO - Processing file /opt/airflow/dags/9-xcom.py for tasks to queue
[2023-09-25T07:41:09.626+0000] {logging_mixin.py:151} INFO - [2023-09-25T07:41:09.625+0000] {dagbag.py:539} INFO - Filling up the DagBag from /opt/airflow/dags/9-xcom.py
[2023-09-25T07:41:09.677+0000] {processor.py:839} INFO - DAG(s) dict_keys(['9-xcom']) retrieved from /opt/airflow/dags/9-xcom.py
[2023-09-25T07:41:09.710+0000] {logging_mixin.py:151} INFO - [2023-09-25T07:41:09.710+0000] {dag.py:2915} INFO - Sync 1 DAGs
[2023-09-25T07:41:09.738+0000] {logging_mixin.py:151} INFO - [2023-09-25T07:41:09.738+0000] {dag.py:3696} INFO - Setting next_dagrun for 9-xcom to 2023-09-18T00:00:00+00:00, run_after=2023-09-18T00:00:00+00:00
[2023-09-25T07:41:09.764+0000] {processor.py:179} INFO - Processing /opt/airflow/dags/9-xcom.py took 0.145 seconds
[2023-09-25T07:41:40.038+0000] {processor.py:157} INFO - Started process (PID=101) to work on /opt/airflow/dags/9-xcom.py
[2023-09-25T07:41:40.039+0000] {processor.py:829} INFO - Processing file /opt/airflow/dags/9-xcom.py for tasks to queue
[2023-09-25T07:41:40.040+0000] {logging_mixin.py:151} INFO - [2023-09-25T07:41:40.040+0000] {dagbag.py:539} INFO - Filling up the DagBag from /opt/airflow/dags/9-xcom.py
[2023-09-25T07:41:40.109+0000] {processor.py:839} INFO - DAG(s) dict_keys(['9-xcom']) retrieved from /opt/airflow/dags/9-xcom.py
[2023-09-25T07:41:40.133+0000] {logging_mixin.py:151} INFO - [2023-09-25T07:41:40.132+0000] {dag.py:2915} INFO - Sync 1 DAGs
[2023-09-25T07:41:40.157+0000] {logging_mixin.py:151} INFO - [2023-09-25T07:41:40.156+0000] {dag.py:3696} INFO - Setting next_dagrun for 9-xcom to 2023-09-18T00:00:00+00:00, run_after=2023-09-18T00:00:00+00:00
[2023-09-25T07:41:40.198+0000] {processor.py:179} INFO - Processing /opt/airflow/dags/9-xcom.py took 0.164 seconds
[2023-09-25T07:42:10.829+0000] {processor.py:157} INFO - Started process (PID=123) to work on /opt/airflow/dags/9-xcom.py
[2023-09-25T07:42:10.830+0000] {processor.py:829} INFO - Processing file /opt/airflow/dags/9-xcom.py for tasks to queue
[2023-09-25T07:42:10.832+0000] {logging_mixin.py:151} INFO - [2023-09-25T07:42:10.831+0000] {dagbag.py:539} INFO - Filling up the DagBag from /opt/airflow/dags/9-xcom.py
[2023-09-25T07:42:10.876+0000] {processor.py:839} INFO - DAG(s) dict_keys(['9-xcom']) retrieved from /opt/airflow/dags/9-xcom.py
[2023-09-25T07:42:10.898+0000] {logging_mixin.py:151} INFO - [2023-09-25T07:42:10.897+0000] {dag.py:2915} INFO - Sync 1 DAGs
[2023-09-25T07:42:10.938+0000] {logging_mixin.py:151} INFO - [2023-09-25T07:42:10.938+0000] {dag.py:3696} INFO - Setting next_dagrun for 9-xcom to 2023-09-18T00:00:00+00:00, run_after=2023-09-18T00:00:00+00:00
[2023-09-25T07:42:10.962+0000] {processor.py:179} INFO - Processing /opt/airflow/dags/9-xcom.py took 0.136 seconds
[2023-09-25T07:42:41.434+0000] {processor.py:157} INFO - Started process (PID=146) to work on /opt/airflow/dags/9-xcom.py
[2023-09-25T07:42:41.436+0000] {processor.py:829} INFO - Processing file /opt/airflow/dags/9-xcom.py for tasks to queue
[2023-09-25T07:42:41.438+0000] {logging_mixin.py:151} INFO - [2023-09-25T07:42:41.437+0000] {dagbag.py:539} INFO - Filling up the DagBag from /opt/airflow/dags/9-xcom.py
[2023-09-25T07:42:41.513+0000] {processor.py:839} INFO - DAG(s) dict_keys(['9-xcom']) retrieved from /opt/airflow/dags/9-xcom.py
[2023-09-25T07:42:41.536+0000] {logging_mixin.py:151} INFO - [2023-09-25T07:42:41.536+0000] {dag.py:2915} INFO - Sync 1 DAGs
[2023-09-25T07:42:41.557+0000] {logging_mixin.py:151} INFO - [2023-09-25T07:42:41.557+0000] {dag.py:3696} INFO - Setting next_dagrun for 9-xcom to 2023-09-18T00:00:00+00:00, run_after=2023-09-18T00:00:00+00:00
[2023-09-25T07:42:41.598+0000] {processor.py:179} INFO - Processing /opt/airflow/dags/9-xcom.py took 0.170 seconds
[2023-09-25T07:43:12.630+0000] {processor.py:157} INFO - Started process (PID=168) to work on /opt/airflow/dags/9-xcom.py
[2023-09-25T07:43:12.632+0000] {processor.py:829} INFO - Processing file /opt/airflow/dags/9-xcom.py for tasks to queue
[2023-09-25T07:43:12.635+0000] {logging_mixin.py:151} INFO - [2023-09-25T07:43:12.634+0000] {dagbag.py:539} INFO - Filling up the DagBag from /opt/airflow/dags/9-xcom.py
[2023-09-25T07:43:12.700+0000] {processor.py:839} INFO - DAG(s) dict_keys(['9-xcom']) retrieved from /opt/airflow/dags/9-xcom.py
[2023-09-25T07:43:12.743+0000] {logging_mixin.py:151} INFO - [2023-09-25T07:43:12.743+0000] {dag.py:2915} INFO - Sync 1 DAGs
[2023-09-25T07:43:12.782+0000] {logging_mixin.py:151} INFO - [2023-09-25T07:43:12.781+0000] {dag.py:3696} INFO - Setting next_dagrun for 9-xcom to 2023-09-18T00:00:00+00:00, run_after=2023-09-18T00:00:00+00:00
[2023-09-25T07:43:12.818+0000] {processor.py:179} INFO - Processing /opt/airflow/dags/9-xcom.py took 0.196 seconds
[2023-09-25T07:43:43.097+0000] {processor.py:157} INFO - Started process (PID=190) to work on /opt/airflow/dags/9-xcom.py
[2023-09-25T07:43:43.099+0000] {processor.py:829} INFO - Processing file /opt/airflow/dags/9-xcom.py for tasks to queue
[2023-09-25T07:43:43.101+0000] {logging_mixin.py:151} INFO - [2023-09-25T07:43:43.100+0000] {dagbag.py:539} INFO - Filling up the DagBag from /opt/airflow/dags/9-xcom.py
[2023-09-25T07:43:43.173+0000] {processor.py:839} INFO - DAG(s) dict_keys(['9-xcom']) retrieved from /opt/airflow/dags/9-xcom.py
[2023-09-25T07:43:43.208+0000] {logging_mixin.py:151} INFO - [2023-09-25T07:43:43.207+0000] {dag.py:2915} INFO - Sync 1 DAGs
[2023-09-25T07:43:43.274+0000] {processor.py:179} INFO - Processing /opt/airflow/dags/9-xcom.py took 0.183 seconds
[2023-09-25T07:44:13.750+0000] {processor.py:157} INFO - Started process (PID=212) to work on /opt/airflow/dags/9-xcom.py
[2023-09-25T07:44:13.751+0000] {processor.py:829} INFO - Processing file /opt/airflow/dags/9-xcom.py for tasks to queue
[2023-09-25T07:44:13.753+0000] {logging_mixin.py:151} INFO - [2023-09-25T07:44:13.753+0000] {dagbag.py:539} INFO - Filling up the DagBag from /opt/airflow/dags/9-xcom.py
[2023-09-25T07:44:13.796+0000] {processor.py:839} INFO - DAG(s) dict_keys(['9-xcom']) retrieved from /opt/airflow/dags/9-xcom.py
[2023-09-25T07:44:13.835+0000] {logging_mixin.py:151} INFO - [2023-09-25T07:44:13.834+0000] {dag.py:2915} INFO - Sync 1 DAGs
[2023-09-25T07:44:13.875+0000] {logging_mixin.py:151} INFO - [2023-09-25T07:44:13.875+0000] {dag.py:3696} INFO - Setting next_dagrun for 9-xcom to None, run_after=None
[2023-09-25T07:44:13.905+0000] {processor.py:179} INFO - Processing /opt/airflow/dags/9-xcom.py took 0.159 seconds
[2023-09-25T07:44:44.080+0000] {processor.py:157} INFO - Started process (PID=234) to work on /opt/airflow/dags/9-xcom.py
[2023-09-25T07:44:44.172+0000] {processor.py:829} INFO - Processing file /opt/airflow/dags/9-xcom.py for tasks to queue
[2023-09-25T07:44:44.176+0000] {logging_mixin.py:151} INFO - [2023-09-25T07:44:44.175+0000] {dagbag.py:539} INFO - Filling up the DagBag from /opt/airflow/dags/9-xcom.py
[2023-09-25T07:44:44.354+0000] {processor.py:839} INFO - DAG(s) dict_keys(['9-xcom']) retrieved from /opt/airflow/dags/9-xcom.py
[2023-09-25T07:44:44.619+0000] {logging_mixin.py:151} INFO - [2023-09-25T07:44:44.619+0000] {dag.py:2915} INFO - Sync 1 DAGs
[2023-09-25T07:44:45.204+0000] {logging_mixin.py:151} INFO - [2023-09-25T07:44:45.203+0000] {dag.py:3696} INFO - Setting next_dagrun for 9-xcom to None, run_after=None
[2023-09-25T07:44:47.626+0000] {processor.py:179} INFO - Processing /opt/airflow/dags/9-xcom.py took 3.562 seconds
[2023-09-25T07:45:22.101+0000] {processor.py:157} INFO - Started process (PID=263) to work on /opt/airflow/dags/9-xcom.py
[2023-09-25T07:45:22.103+0000] {processor.py:829} INFO - Processing file /opt/airflow/dags/9-xcom.py for tasks to queue
[2023-09-25T07:45:22.105+0000] {logging_mixin.py:151} INFO - [2023-09-25T07:45:22.105+0000] {dagbag.py:539} INFO - Filling up the DagBag from /opt/airflow/dags/9-xcom.py
[2023-09-25T07:45:22.151+0000] {processor.py:839} INFO - DAG(s) dict_keys(['9-xcom']) retrieved from /opt/airflow/dags/9-xcom.py
[2023-09-25T07:45:22.205+0000] {logging_mixin.py:151} INFO - [2023-09-25T07:45:22.205+0000] {dag.py:2915} INFO - Sync 1 DAGs
[2023-09-25T07:45:22.237+0000] {logging_mixin.py:151} INFO - [2023-09-25T07:45:22.236+0000] {dag.py:3696} INFO - Setting next_dagrun for 9-xcom to None, run_after=None
[2023-09-25T07:45:22.281+0000] {processor.py:179} INFO - Processing /opt/airflow/dags/9-xcom.py took 0.184 seconds
[2023-09-25T07:45:52.756+0000] {processor.py:157} INFO - Started process (PID=285) to work on /opt/airflow/dags/9-xcom.py
[2023-09-25T07:45:52.758+0000] {processor.py:829} INFO - Processing file /opt/airflow/dags/9-xcom.py for tasks to queue
[2023-09-25T07:45:52.760+0000] {logging_mixin.py:151} INFO - [2023-09-25T07:45:52.759+0000] {dagbag.py:539} INFO - Filling up the DagBag from /opt/airflow/dags/9-xcom.py
[2023-09-25T07:45:52.836+0000] {processor.py:839} INFO - DAG(s) dict_keys(['9-xcom']) retrieved from /opt/airflow/dags/9-xcom.py
[2023-09-25T07:45:52.900+0000] {logging_mixin.py:151} INFO - [2023-09-25T07:45:52.899+0000] {dag.py:2915} INFO - Sync 1 DAGs
[2023-09-25T07:45:53.052+0000] {logging_mixin.py:151} INFO - [2023-09-25T07:45:53.052+0000] {dag.py:3696} INFO - Setting next_dagrun for 9-xcom to None, run_after=None
[2023-09-25T07:45:53.104+0000] {processor.py:179} INFO - Processing /opt/airflow/dags/9-xcom.py took 0.355 seconds
[2023-09-25T07:46:23.410+0000] {processor.py:157} INFO - Started process (PID=306) to work on /opt/airflow/dags/9-xcom.py
[2023-09-25T07:46:23.412+0000] {processor.py:829} INFO - Processing file /opt/airflow/dags/9-xcom.py for tasks to queue
[2023-09-25T07:46:23.414+0000] {logging_mixin.py:151} INFO - [2023-09-25T07:46:23.414+0000] {dagbag.py:539} INFO - Filling up the DagBag from /opt/airflow/dags/9-xcom.py
[2023-09-25T07:46:23.495+0000] {processor.py:839} INFO - DAG(s) dict_keys(['9-xcom']) retrieved from /opt/airflow/dags/9-xcom.py
[2023-09-25T07:46:23.536+0000] {logging_mixin.py:151} INFO - [2023-09-25T07:46:23.536+0000] {dag.py:2915} INFO - Sync 1 DAGs
[2023-09-25T07:46:23.566+0000] {logging_mixin.py:151} INFO - [2023-09-25T07:46:23.566+0000] {dag.py:3696} INFO - Setting next_dagrun for 9-xcom to None, run_after=None
[2023-09-25T07:46:23.598+0000] {processor.py:179} INFO - Processing /opt/airflow/dags/9-xcom.py took 0.196 seconds
[2023-09-25T07:46:43.740+0000] {processor.py:157} INFO - Started process (PID=321) to work on /opt/airflow/dags/9-xcom.py
[2023-09-25T07:46:43.742+0000] {processor.py:829} INFO - Processing file /opt/airflow/dags/9-xcom.py for tasks to queue
[2023-09-25T07:46:43.744+0000] {logging_mixin.py:151} INFO - [2023-09-25T07:46:43.743+0000] {dagbag.py:539} INFO - Filling up the DagBag from /opt/airflow/dags/9-xcom.py
[2023-09-25T07:46:43.864+0000] {processor.py:839} INFO - DAG(s) dict_keys(['9-xcom']) retrieved from /opt/airflow/dags/9-xcom.py
[2023-09-25T07:46:44.055+0000] {logging_mixin.py:151} INFO - [2023-09-25T07:46:44.055+0000] {security.py:708} INFO - Not syncing DAG-level permissions for DAG 'DAG:9-xcom' as access control is unset.
[2023-09-25T07:46:44.056+0000] {logging_mixin.py:151} INFO - [2023-09-25T07:46:44.056+0000] {dag.py:2915} INFO - Sync 1 DAGs
[2023-09-25T07:46:44.076+0000] {logging_mixin.py:151} INFO - [2023-09-25T07:46:44.076+0000] {dag.py:3696} INFO - Setting next_dagrun for 9-xcom to None, run_after=None
[2023-09-25T07:46:44.140+0000] {processor.py:179} INFO - Processing /opt/airflow/dags/9-xcom.py took 0.405 seconds
[2023-09-25T07:47:14.407+0000] {processor.py:157} INFO - Started process (PID=343) to work on /opt/airflow/dags/9-xcom.py
[2023-09-25T07:47:14.408+0000] {processor.py:829} INFO - Processing file /opt/airflow/dags/9-xcom.py for tasks to queue
[2023-09-25T07:47:14.410+0000] {logging_mixin.py:151} INFO - [2023-09-25T07:47:14.410+0000] {dagbag.py:539} INFO - Filling up the DagBag from /opt/airflow/dags/9-xcom.py
[2023-09-25T07:47:14.470+0000] {processor.py:839} INFO - DAG(s) dict_keys(['9-xcom']) retrieved from /opt/airflow/dags/9-xcom.py
[2023-09-25T07:47:14.509+0000] {logging_mixin.py:151} INFO - [2023-09-25T07:47:14.508+0000] {dag.py:2915} INFO - Sync 1 DAGs
[2023-09-25T07:47:14.542+0000] {logging_mixin.py:151} INFO - [2023-09-25T07:47:14.542+0000] {dag.py:3696} INFO - Setting next_dagrun for 9-xcom to None, run_after=None
[2023-09-25T07:47:14.572+0000] {processor.py:179} INFO - Processing /opt/airflow/dags/9-xcom.py took 0.171 seconds
[2023-09-25T07:47:45.184+0000] {processor.py:157} INFO - Started process (PID=365) to work on /opt/airflow/dags/9-xcom.py
[2023-09-25T07:47:45.187+0000] {processor.py:829} INFO - Processing file /opt/airflow/dags/9-xcom.py for tasks to queue
[2023-09-25T07:47:45.190+0000] {logging_mixin.py:151} INFO - [2023-09-25T07:47:45.189+0000] {dagbag.py:539} INFO - Filling up the DagBag from /opt/airflow/dags/9-xcom.py
[2023-09-25T07:47:45.246+0000] {processor.py:839} INFO - DAG(s) dict_keys(['9-xcom']) retrieved from /opt/airflow/dags/9-xcom.py
[2023-09-25T07:47:45.527+0000] {logging_mixin.py:151} INFO - [2023-09-25T07:47:45.527+0000] {security.py:708} INFO - Not syncing DAG-level permissions for DAG 'DAG:9-xcom' as access control is unset.
[2023-09-25T07:47:45.530+0000] {logging_mixin.py:151} INFO - [2023-09-25T07:47:45.529+0000] {dag.py:2915} INFO - Sync 1 DAGs
[2023-09-25T07:47:45.571+0000] {logging_mixin.py:151} INFO - [2023-09-25T07:47:45.571+0000] {dag.py:2937} INFO - Creating ORM DAG for 9-xcom
[2023-09-25T07:47:45.602+0000] {logging_mixin.py:151} INFO - [2023-09-25T07:47:45.601+0000] {dag.py:3696} INFO - Setting next_dagrun for 9-xcom to 2023-09-18T00:00:00+00:00, run_after=2023-09-18T00:00:00+00:00
[2023-09-25T07:47:45.671+0000] {processor.py:179} INFO - Processing /opt/airflow/dags/9-xcom.py took 0.505 seconds
[2023-09-25T07:48:16.902+0000] {processor.py:157} INFO - Started process (PID=387) to work on /opt/airflow/dags/9-xcom.py
[2023-09-25T07:48:16.904+0000] {processor.py:829} INFO - Processing file /opt/airflow/dags/9-xcom.py for tasks to queue
[2023-09-25T07:48:16.906+0000] {logging_mixin.py:151} INFO - [2023-09-25T07:48:16.905+0000] {dagbag.py:539} INFO - Filling up the DagBag from /opt/airflow/dags/9-xcom.py
[2023-09-25T07:48:16.949+0000] {processor.py:839} INFO - DAG(s) dict_keys(['9-xcom']) retrieved from /opt/airflow/dags/9-xcom.py
[2023-09-25T07:48:16.972+0000] {logging_mixin.py:151} INFO - [2023-09-25T07:48:16.972+0000] {dag.py:2915} INFO - Sync 1 DAGs
[2023-09-25T07:48:16.998+0000] {logging_mixin.py:151} INFO - [2023-09-25T07:48:16.998+0000] {dag.py:3696} INFO - Setting next_dagrun for 9-xcom to None, run_after=None
[2023-09-25T07:48:17.043+0000] {processor.py:179} INFO - Processing /opt/airflow/dags/9-xcom.py took 0.148 seconds
[2023-09-25T07:48:47.434+0000] {processor.py:157} INFO - Started process (PID=409) to work on /opt/airflow/dags/9-xcom.py
[2023-09-25T07:48:47.435+0000] {processor.py:829} INFO - Processing file /opt/airflow/dags/9-xcom.py for tasks to queue
[2023-09-25T07:48:47.437+0000] {logging_mixin.py:151} INFO - [2023-09-25T07:48:47.437+0000] {dagbag.py:539} INFO - Filling up the DagBag from /opt/airflow/dags/9-xcom.py
[2023-09-25T07:48:47.478+0000] {processor.py:839} INFO - DAG(s) dict_keys(['9-xcom']) retrieved from /opt/airflow/dags/9-xcom.py
[2023-09-25T07:48:47.529+0000] {logging_mixin.py:151} INFO - [2023-09-25T07:48:47.528+0000] {dag.py:2915} INFO - Sync 1 DAGs
[2023-09-25T07:48:47.580+0000] {logging_mixin.py:151} INFO - [2023-09-25T07:48:47.580+0000] {dag.py:3696} INFO - Setting next_dagrun for 9-xcom to None, run_after=None
[2023-09-25T07:48:47.621+0000] {processor.py:179} INFO - Processing /opt/airflow/dags/9-xcom.py took 0.190 seconds
[2023-09-25T07:49:18.057+0000] {processor.py:157} INFO - Started process (PID=431) to work on /opt/airflow/dags/9-xcom.py
[2023-09-25T07:49:18.059+0000] {processor.py:829} INFO - Processing file /opt/airflow/dags/9-xcom.py for tasks to queue
[2023-09-25T07:49:18.062+0000] {logging_mixin.py:151} INFO - [2023-09-25T07:49:18.061+0000] {dagbag.py:539} INFO - Filling up the DagBag from /opt/airflow/dags/9-xcom.py
[2023-09-25T07:49:18.142+0000] {processor.py:839} INFO - DAG(s) dict_keys(['9-xcom']) retrieved from /opt/airflow/dags/9-xcom.py
[2023-09-25T07:49:18.190+0000] {logging_mixin.py:151} INFO - [2023-09-25T07:49:18.189+0000] {dag.py:2915} INFO - Sync 1 DAGs
[2023-09-25T07:49:18.233+0000] {logging_mixin.py:151} INFO - [2023-09-25T07:49:18.233+0000] {dag.py:3696} INFO - Setting next_dagrun for 9-xcom to None, run_after=None
[2023-09-25T07:49:18.282+0000] {processor.py:179} INFO - Processing /opt/airflow/dags/9-xcom.py took 0.229 seconds
[2023-09-25T07:49:48.569+0000] {processor.py:157} INFO - Started process (PID=453) to work on /opt/airflow/dags/9-xcom.py
[2023-09-25T07:49:48.571+0000] {processor.py:829} INFO - Processing file /opt/airflow/dags/9-xcom.py for tasks to queue
[2023-09-25T07:49:48.576+0000] {logging_mixin.py:151} INFO - [2023-09-25T07:49:48.575+0000] {dagbag.py:539} INFO - Filling up the DagBag from /opt/airflow/dags/9-xcom.py
[2023-09-25T07:49:48.648+0000] {processor.py:839} INFO - DAG(s) dict_keys(['9-xcom']) retrieved from /opt/airflow/dags/9-xcom.py
[2023-09-25T07:49:48.695+0000] {logging_mixin.py:151} INFO - [2023-09-25T07:49:48.694+0000] {dag.py:2915} INFO - Sync 1 DAGs
[2023-09-25T07:49:48.744+0000] {logging_mixin.py:151} INFO - [2023-09-25T07:49:48.744+0000] {dag.py:3696} INFO - Setting next_dagrun for 9-xcom to None, run_after=None
[2023-09-25T07:49:48.795+0000] {processor.py:179} INFO - Processing /opt/airflow/dags/9-xcom.py took 0.232 seconds
[2023-09-25T07:50:19.874+0000] {processor.py:157} INFO - Started process (PID=475) to work on /opt/airflow/dags/9-xcom.py
[2023-09-25T07:50:19.877+0000] {processor.py:829} INFO - Processing file /opt/airflow/dags/9-xcom.py for tasks to queue
[2023-09-25T07:50:19.881+0000] {logging_mixin.py:151} INFO - [2023-09-25T07:50:19.879+0000] {dagbag.py:539} INFO - Filling up the DagBag from /opt/airflow/dags/9-xcom.py
[2023-09-25T07:50:19.960+0000] {processor.py:839} INFO - DAG(s) dict_keys(['9-xcom']) retrieved from /opt/airflow/dags/9-xcom.py
[2023-09-25T07:50:20.000+0000] {logging_mixin.py:151} INFO - [2023-09-25T07:50:19.999+0000] {dag.py:2915} INFO - Sync 1 DAGs
[2023-09-25T07:50:20.042+0000] {logging_mixin.py:151} INFO - [2023-09-25T07:50:20.042+0000] {dag.py:3696} INFO - Setting next_dagrun for 9-xcom to None, run_after=None
[2023-09-25T07:50:20.092+0000] {processor.py:179} INFO - Processing /opt/airflow/dags/9-xcom.py took 0.230 seconds
[2023-09-25T07:50:50.703+0000] {processor.py:157} INFO - Started process (PID=498) to work on /opt/airflow/dags/9-xcom.py
[2023-09-25T07:50:50.705+0000] {processor.py:829} INFO - Processing file /opt/airflow/dags/9-xcom.py for tasks to queue
[2023-09-25T07:50:50.708+0000] {logging_mixin.py:151} INFO - [2023-09-25T07:50:50.707+0000] {dagbag.py:539} INFO - Filling up the DagBag from /opt/airflow/dags/9-xcom.py
[2023-09-25T07:50:50.775+0000] {processor.py:839} INFO - DAG(s) dict_keys(['9-xcom']) retrieved from /opt/airflow/dags/9-xcom.py
[2023-09-25T07:50:50.810+0000] {logging_mixin.py:151} INFO - [2023-09-25T07:50:50.809+0000] {dag.py:2915} INFO - Sync 1 DAGs
[2023-09-25T07:50:50.844+0000] {logging_mixin.py:151} INFO - [2023-09-25T07:50:50.844+0000] {dag.py:3696} INFO - Setting next_dagrun for 9-xcom to None, run_after=None
[2023-09-25T07:50:50.883+0000] {processor.py:179} INFO - Processing /opt/airflow/dags/9-xcom.py took 0.188 seconds
[2023-09-25T07:51:21.486+0000] {processor.py:157} INFO - Started process (PID=520) to work on /opt/airflow/dags/9-xcom.py
[2023-09-25T07:51:21.488+0000] {processor.py:829} INFO - Processing file /opt/airflow/dags/9-xcom.py for tasks to queue
[2023-09-25T07:51:21.490+0000] {logging_mixin.py:151} INFO - [2023-09-25T07:51:21.489+0000] {dagbag.py:539} INFO - Filling up the DagBag from /opt/airflow/dags/9-xcom.py
[2023-09-25T07:51:21.570+0000] {processor.py:839} INFO - DAG(s) dict_keys(['9-xcom']) retrieved from /opt/airflow/dags/9-xcom.py
[2023-09-25T07:51:21.610+0000] {logging_mixin.py:151} INFO - [2023-09-25T07:51:21.610+0000] {dag.py:2915} INFO - Sync 1 DAGs
[2023-09-25T07:51:21.644+0000] {logging_mixin.py:151} INFO - [2023-09-25T07:51:21.643+0000] {dag.py:3696} INFO - Setting next_dagrun for 9-xcom to None, run_after=None
[2023-09-25T07:51:21.684+0000] {processor.py:179} INFO - Processing /opt/airflow/dags/9-xcom.py took 0.203 seconds
[2023-09-25T07:51:52.001+0000] {processor.py:157} INFO - Started process (PID=543) to work on /opt/airflow/dags/9-xcom.py
[2023-09-25T07:51:52.003+0000] {processor.py:829} INFO - Processing file /opt/airflow/dags/9-xcom.py for tasks to queue
[2023-09-25T07:51:52.005+0000] {logging_mixin.py:151} INFO - [2023-09-25T07:51:52.005+0000] {dagbag.py:539} INFO - Filling up the DagBag from /opt/airflow/dags/9-xcom.py
[2023-09-25T07:51:52.068+0000] {processor.py:839} INFO - DAG(s) dict_keys(['9-xcom']) retrieved from /opt/airflow/dags/9-xcom.py
[2023-09-25T07:51:52.116+0000] {logging_mixin.py:151} INFO - [2023-09-25T07:51:52.116+0000] {dag.py:2915} INFO - Sync 1 DAGs
[2023-09-25T07:51:52.164+0000] {logging_mixin.py:151} INFO - [2023-09-25T07:51:52.163+0000] {dag.py:3696} INFO - Setting next_dagrun for 9-xcom to None, run_after=None
[2023-09-25T07:51:52.203+0000] {processor.py:179} INFO - Processing /opt/airflow/dags/9-xcom.py took 0.210 seconds
[2023-09-25T07:52:22.564+0000] {processor.py:157} INFO - Started process (PID=565) to work on /opt/airflow/dags/9-xcom.py
[2023-09-25T07:52:22.566+0000] {processor.py:829} INFO - Processing file /opt/airflow/dags/9-xcom.py for tasks to queue
[2023-09-25T07:52:22.568+0000] {logging_mixin.py:151} INFO - [2023-09-25T07:52:22.567+0000] {dagbag.py:539} INFO - Filling up the DagBag from /opt/airflow/dags/9-xcom.py
[2023-09-25T07:52:22.638+0000] {processor.py:839} INFO - DAG(s) dict_keys(['9-xcom']) retrieved from /opt/airflow/dags/9-xcom.py
[2023-09-25T07:52:22.710+0000] {logging_mixin.py:151} INFO - [2023-09-25T07:52:22.710+0000] {dag.py:2915} INFO - Sync 1 DAGs
[2023-09-25T07:52:22.758+0000] {logging_mixin.py:151} INFO - [2023-09-25T07:52:22.757+0000] {dag.py:3696} INFO - Setting next_dagrun for 9-xcom to None, run_after=None
[2023-09-25T07:52:22.815+0000] {processor.py:179} INFO - Processing /opt/airflow/dags/9-xcom.py took 0.260 seconds
[2023-09-25T11:14:22.783+0000] {processor.py:157} INFO - Started process (PID=35) to work on /opt/airflow/dags/9-xcom.py
[2023-09-25T11:14:22.795+0000] {processor.py:829} INFO - Processing file /opt/airflow/dags/9-xcom.py for tasks to queue
[2023-09-25T11:14:22.797+0000] {logging_mixin.py:151} INFO - [2023-09-25T11:14:22.797+0000] {dagbag.py:539} INFO - Filling up the DagBag from /opt/airflow/dags/9-xcom.py
[2023-09-25T11:14:22.864+0000] {processor.py:839} INFO - DAG(s) dict_keys(['9-xcom']) retrieved from /opt/airflow/dags/9-xcom.py
[2023-09-25T11:14:23.391+0000] {logging_mixin.py:151} INFO - [2023-09-25T11:14:23.390+0000] {security.py:708} INFO - Not syncing DAG-level permissions for DAG 'DAG:9-xcom' as access control is unset.
[2023-09-25T11:14:23.392+0000] {logging_mixin.py:151} INFO - [2023-09-25T11:14:23.392+0000] {dag.py:2915} INFO - Sync 1 DAGs
[2023-09-25T11:14:23.437+0000] {logging_mixin.py:151} INFO - [2023-09-25T11:14:23.437+0000] {dag.py:3696} INFO - Setting next_dagrun for 9-xcom to None, run_after=None
[2023-09-25T11:14:23.483+0000] {processor.py:179} INFO - Processing /opt/airflow/dags/9-xcom.py took 0.707 seconds
[2023-09-25T11:14:53.938+0000] {processor.py:157} INFO - Started process (PID=58) to work on /opt/airflow/dags/9-xcom.py
[2023-09-25T11:14:53.947+0000] {processor.py:829} INFO - Processing file /opt/airflow/dags/9-xcom.py for tasks to queue
[2023-09-25T11:14:53.949+0000] {logging_mixin.py:151} INFO - [2023-09-25T11:14:53.949+0000] {dagbag.py:539} INFO - Filling up the DagBag from /opt/airflow/dags/9-xcom.py
[2023-09-25T11:14:53.993+0000] {processor.py:839} INFO - DAG(s) dict_keys(['9-xcom']) retrieved from /opt/airflow/dags/9-xcom.py
[2023-09-25T11:14:54.024+0000] {logging_mixin.py:151} INFO - [2023-09-25T11:14:54.024+0000] {dag.py:2915} INFO - Sync 1 DAGs
[2023-09-25T11:14:54.059+0000] {logging_mixin.py:151} INFO - [2023-09-25T11:14:54.059+0000] {dag.py:3696} INFO - Setting next_dagrun for 9-xcom to None, run_after=None
[2023-09-25T11:14:54.097+0000] {processor.py:179} INFO - Processing /opt/airflow/dags/9-xcom.py took 0.162 seconds
[2023-09-25T11:15:24.214+0000] {processor.py:157} INFO - Started process (PID=80) to work on /opt/airflow/dags/9-xcom.py
[2023-09-25T11:15:24.215+0000] {processor.py:829} INFO - Processing file /opt/airflow/dags/9-xcom.py for tasks to queue
[2023-09-25T11:15:24.216+0000] {logging_mixin.py:151} INFO - [2023-09-25T11:15:24.216+0000] {dagbag.py:539} INFO - Filling up the DagBag from /opt/airflow/dags/9-xcom.py
[2023-09-25T11:15:24.257+0000] {processor.py:839} INFO - DAG(s) dict_keys(['9-xcom']) retrieved from /opt/airflow/dags/9-xcom.py
[2023-09-25T11:15:24.278+0000] {logging_mixin.py:151} INFO - [2023-09-25T11:15:24.277+0000] {dag.py:2915} INFO - Sync 1 DAGs
[2023-09-25T11:15:24.303+0000] {logging_mixin.py:151} INFO - [2023-09-25T11:15:24.303+0000] {dag.py:3696} INFO - Setting next_dagrun for 9-xcom to None, run_after=None
[2023-09-25T11:15:24.329+0000] {processor.py:179} INFO - Processing /opt/airflow/dags/9-xcom.py took 0.120 seconds
[2023-09-25T11:15:55.401+0000] {processor.py:157} INFO - Started process (PID=104) to work on /opt/airflow/dags/9-xcom.py
[2023-09-25T11:15:55.402+0000] {processor.py:829} INFO - Processing file /opt/airflow/dags/9-xcom.py for tasks to queue
[2023-09-25T11:15:55.403+0000] {logging_mixin.py:151} INFO - [2023-09-25T11:15:55.403+0000] {dagbag.py:539} INFO - Filling up the DagBag from /opt/airflow/dags/9-xcom.py
[2023-09-25T11:15:55.448+0000] {processor.py:839} INFO - DAG(s) dict_keys(['9-xcom']) retrieved from /opt/airflow/dags/9-xcom.py
[2023-09-25T11:15:55.471+0000] {logging_mixin.py:151} INFO - [2023-09-25T11:15:55.470+0000] {dag.py:2915} INFO - Sync 1 DAGs
[2023-09-25T11:15:55.494+0000] {logging_mixin.py:151} INFO - [2023-09-25T11:15:55.493+0000] {dag.py:3696} INFO - Setting next_dagrun for 9-xcom to None, run_after=None
[2023-09-25T11:15:55.517+0000] {processor.py:179} INFO - Processing /opt/airflow/dags/9-xcom.py took 0.120 seconds
[2023-09-25T11:16:26.366+0000] {processor.py:157} INFO - Started process (PID=127) to work on /opt/airflow/dags/9-xcom.py
[2023-09-25T11:16:26.368+0000] {processor.py:829} INFO - Processing file /opt/airflow/dags/9-xcom.py for tasks to queue
[2023-09-25T11:16:26.370+0000] {logging_mixin.py:151} INFO - [2023-09-25T11:16:26.369+0000] {dagbag.py:539} INFO - Filling up the DagBag from /opt/airflow/dags/9-xcom.py
[2023-09-25T11:16:26.417+0000] {processor.py:839} INFO - DAG(s) dict_keys(['9-xcom']) retrieved from /opt/airflow/dags/9-xcom.py
[2023-09-25T11:16:26.438+0000] {logging_mixin.py:151} INFO - [2023-09-25T11:16:26.438+0000] {dag.py:2915} INFO - Sync 1 DAGs
[2023-09-25T11:16:26.463+0000] {logging_mixin.py:151} INFO - [2023-09-25T11:16:26.462+0000] {dag.py:3696} INFO - Setting next_dagrun for 9-xcom to None, run_after=None
[2023-09-25T11:16:26.486+0000] {processor.py:179} INFO - Processing /opt/airflow/dags/9-xcom.py took 0.129 seconds
[2023-09-25T11:16:57.422+0000] {processor.py:157} INFO - Started process (PID=150) to work on /opt/airflow/dags/9-xcom.py
[2023-09-25T11:16:57.423+0000] {processor.py:829} INFO - Processing file /opt/airflow/dags/9-xcom.py for tasks to queue
[2023-09-25T11:16:57.425+0000] {logging_mixin.py:151} INFO - [2023-09-25T11:16:57.424+0000] {dagbag.py:539} INFO - Filling up the DagBag from /opt/airflow/dags/9-xcom.py
[2023-09-25T11:16:57.485+0000] {processor.py:839} INFO - DAG(s) dict_keys(['9-xcom']) retrieved from /opt/airflow/dags/9-xcom.py
[2023-09-25T11:16:57.518+0000] {logging_mixin.py:151} INFO - [2023-09-25T11:16:57.517+0000] {dag.py:2915} INFO - Sync 1 DAGs
[2023-09-25T11:16:57.539+0000] {logging_mixin.py:151} INFO - [2023-09-25T11:16:57.539+0000] {dag.py:3696} INFO - Setting next_dagrun for 9-xcom to None, run_after=None
[2023-09-25T11:16:57.563+0000] {processor.py:179} INFO - Processing /opt/airflow/dags/9-xcom.py took 0.144 seconds
[2023-09-25T11:17:28.473+0000] {processor.py:157} INFO - Started process (PID=173) to work on /opt/airflow/dags/9-xcom.py
[2023-09-25T11:17:28.474+0000] {processor.py:829} INFO - Processing file /opt/airflow/dags/9-xcom.py for tasks to queue
[2023-09-25T11:17:28.475+0000] {logging_mixin.py:151} INFO - [2023-09-25T11:17:28.475+0000] {dagbag.py:539} INFO - Filling up the DagBag from /opt/airflow/dags/9-xcom.py
[2023-09-25T11:17:28.521+0000] {processor.py:839} INFO - DAG(s) dict_keys(['9-xcom']) retrieved from /opt/airflow/dags/9-xcom.py
[2023-09-25T11:17:28.543+0000] {logging_mixin.py:151} INFO - [2023-09-25T11:17:28.542+0000] {dag.py:2915} INFO - Sync 1 DAGs
[2023-09-25T11:17:28.563+0000] {logging_mixin.py:151} INFO - [2023-09-25T11:17:28.563+0000] {dag.py:3696} INFO - Setting next_dagrun for 9-xcom to None, run_after=None
[2023-09-25T11:17:28.592+0000] {processor.py:179} INFO - Processing /opt/airflow/dags/9-xcom.py took 0.123 seconds
[2023-09-25T11:17:59.994+0000] {processor.py:157} INFO - Started process (PID=196) to work on /opt/airflow/dags/9-xcom.py
[2023-09-25T11:17:59.995+0000] {processor.py:829} INFO - Processing file /opt/airflow/dags/9-xcom.py for tasks to queue
[2023-09-25T11:17:59.997+0000] {logging_mixin.py:151} INFO - [2023-09-25T11:17:59.996+0000] {dagbag.py:539} INFO - Filling up the DagBag from /opt/airflow/dags/9-xcom.py
[2023-09-25T11:18:00.057+0000] {processor.py:839} INFO - DAG(s) dict_keys(['9-xcom']) retrieved from /opt/airflow/dags/9-xcom.py
[2023-09-25T11:18:00.093+0000] {logging_mixin.py:151} INFO - [2023-09-25T11:18:00.092+0000] {dag.py:2915} INFO - Sync 1 DAGs
[2023-09-25T11:18:00.141+0000] {logging_mixin.py:151} INFO - [2023-09-25T11:18:00.140+0000] {dag.py:3696} INFO - Setting next_dagrun for 9-xcom to None, run_after=None
[2023-09-25T11:18:00.179+0000] {processor.py:179} INFO - Processing /opt/airflow/dags/9-xcom.py took 0.465 seconds
[2023-09-25T11:18:30.677+0000] {processor.py:157} INFO - Started process (PID=229) to work on /opt/airflow/dags/9-xcom.py
[2023-09-25T11:18:30.679+0000] {processor.py:829} INFO - Processing file /opt/airflow/dags/9-xcom.py for tasks to queue
[2023-09-25T11:18:30.681+0000] {logging_mixin.py:151} INFO - [2023-09-25T11:18:30.680+0000] {dagbag.py:539} INFO - Filling up the DagBag from /opt/airflow/dags/9-xcom.py
[2023-09-25T11:18:30.731+0000] {processor.py:839} INFO - DAG(s) dict_keys(['9-xcom']) retrieved from /opt/airflow/dags/9-xcom.py
[2023-09-25T11:18:30.759+0000] {logging_mixin.py:151} INFO - [2023-09-25T11:18:30.758+0000] {dag.py:2915} INFO - Sync 1 DAGs
[2023-09-25T11:18:30.783+0000] {logging_mixin.py:151} INFO - [2023-09-25T11:18:30.783+0000] {dag.py:3696} INFO - Setting next_dagrun for 9-xcom to None, run_after=None
[2023-09-25T11:18:30.813+0000] {processor.py:179} INFO - Processing /opt/airflow/dags/9-xcom.py took 0.144 seconds
[2023-09-25T11:19:01.864+0000] {processor.py:157} INFO - Started process (PID=252) to work on /opt/airflow/dags/9-xcom.py
[2023-09-25T11:19:01.866+0000] {processor.py:829} INFO - Processing file /opt/airflow/dags/9-xcom.py for tasks to queue
[2023-09-25T11:19:01.867+0000] {logging_mixin.py:151} INFO - [2023-09-25T11:19:01.867+0000] {dagbag.py:539} INFO - Filling up the DagBag from /opt/airflow/dags/9-xcom.py
[2023-09-25T11:19:01.915+0000] {processor.py:839} INFO - DAG(s) dict_keys(['9-xcom']) retrieved from /opt/airflow/dags/9-xcom.py
[2023-09-25T11:19:01.940+0000] {logging_mixin.py:151} INFO - [2023-09-25T11:19:01.940+0000] {dag.py:2915} INFO - Sync 1 DAGs
[2023-09-25T11:19:01.965+0000] {logging_mixin.py:151} INFO - [2023-09-25T11:19:01.965+0000] {dag.py:3696} INFO - Setting next_dagrun for 9-xcom to None, run_after=None
[2023-09-25T11:19:01.997+0000] {processor.py:179} INFO - Processing /opt/airflow/dags/9-xcom.py took 0.137 seconds
[2023-09-25T11:19:32.683+0000] {processor.py:157} INFO - Started process (PID=275) to work on /opt/airflow/dags/9-xcom.py
[2023-09-25T11:19:32.685+0000] {processor.py:829} INFO - Processing file /opt/airflow/dags/9-xcom.py for tasks to queue
[2023-09-25T11:19:32.687+0000] {logging_mixin.py:151} INFO - [2023-09-25T11:19:32.686+0000] {dagbag.py:539} INFO - Filling up the DagBag from /opt/airflow/dags/9-xcom.py
[2023-09-25T11:19:32.738+0000] {processor.py:839} INFO - DAG(s) dict_keys(['9-xcom']) retrieved from /opt/airflow/dags/9-xcom.py
[2023-09-25T11:19:32.764+0000] {logging_mixin.py:151} INFO - [2023-09-25T11:19:32.764+0000] {dag.py:2915} INFO - Sync 1 DAGs
[2023-09-25T11:19:32.787+0000] {logging_mixin.py:151} INFO - [2023-09-25T11:19:32.787+0000] {dag.py:3696} INFO - Setting next_dagrun for 9-xcom to None, run_after=None
[2023-09-25T11:19:32.817+0000] {processor.py:179} INFO - Processing /opt/airflow/dags/9-xcom.py took 0.141 seconds
[2023-09-25T11:20:03.545+0000] {processor.py:157} INFO - Started process (PID=298) to work on /opt/airflow/dags/9-xcom.py
[2023-09-25T11:20:03.546+0000] {processor.py:829} INFO - Processing file /opt/airflow/dags/9-xcom.py for tasks to queue
[2023-09-25T11:20:03.548+0000] {logging_mixin.py:151} INFO - [2023-09-25T11:20:03.547+0000] {dagbag.py:539} INFO - Filling up the DagBag from /opt/airflow/dags/9-xcom.py
[2023-09-25T11:20:03.599+0000] {processor.py:839} INFO - DAG(s) dict_keys(['9-xcom']) retrieved from /opt/airflow/dags/9-xcom.py
[2023-09-25T11:20:03.625+0000] {logging_mixin.py:151} INFO - [2023-09-25T11:20:03.625+0000] {dag.py:2915} INFO - Sync 1 DAGs
[2023-09-25T11:20:03.650+0000] {logging_mixin.py:151} INFO - [2023-09-25T11:20:03.649+0000] {dag.py:3696} INFO - Setting next_dagrun for 9-xcom to None, run_after=None
[2023-09-25T11:20:03.677+0000] {processor.py:179} INFO - Processing /opt/airflow/dags/9-xcom.py took 0.138 seconds
[2023-09-25T11:20:34.634+0000] {processor.py:157} INFO - Started process (PID=321) to work on /opt/airflow/dags/9-xcom.py
[2023-09-25T11:20:34.635+0000] {processor.py:829} INFO - Processing file /opt/airflow/dags/9-xcom.py for tasks to queue
[2023-09-25T11:20:34.636+0000] {logging_mixin.py:151} INFO - [2023-09-25T11:20:34.636+0000] {dagbag.py:539} INFO - Filling up the DagBag from /opt/airflow/dags/9-xcom.py
[2023-09-25T11:20:34.695+0000] {processor.py:839} INFO - DAG(s) dict_keys(['9-xcom']) retrieved from /opt/airflow/dags/9-xcom.py
[2023-09-25T11:20:34.726+0000] {logging_mixin.py:151} INFO - [2023-09-25T11:20:34.726+0000] {dag.py:2915} INFO - Sync 1 DAGs
[2023-09-25T11:20:34.763+0000] {logging_mixin.py:151} INFO - [2023-09-25T11:20:34.762+0000] {dag.py:3696} INFO - Setting next_dagrun for 9-xcom to None, run_after=None
[2023-09-25T11:20:34.791+0000] {processor.py:179} INFO - Processing /opt/airflow/dags/9-xcom.py took 0.162 seconds
[2023-09-25T11:21:05.110+0000] {processor.py:157} INFO - Started process (PID=344) to work on /opt/airflow/dags/9-xcom.py
[2023-09-25T11:21:05.113+0000] {processor.py:829} INFO - Processing file /opt/airflow/dags/9-xcom.py for tasks to queue
[2023-09-25T11:21:05.115+0000] {logging_mixin.py:151} INFO - [2023-09-25T11:21:05.114+0000] {dagbag.py:539} INFO - Filling up the DagBag from /opt/airflow/dags/9-xcom.py
[2023-09-25T11:21:05.168+0000] {processor.py:839} INFO - DAG(s) dict_keys(['9-xcom']) retrieved from /opt/airflow/dags/9-xcom.py
[2023-09-25T11:21:05.192+0000] {logging_mixin.py:151} INFO - [2023-09-25T11:21:05.192+0000] {dag.py:2915} INFO - Sync 1 DAGs
[2023-09-25T11:21:05.217+0000] {logging_mixin.py:151} INFO - [2023-09-25T11:21:05.217+0000] {dag.py:3696} INFO - Setting next_dagrun for 9-xcom to None, run_after=None
[2023-09-25T11:21:05.251+0000] {processor.py:179} INFO - Processing /opt/airflow/dags/9-xcom.py took 0.145 seconds
[2023-09-25T11:21:35.598+0000] {processor.py:157} INFO - Started process (PID=367) to work on /opt/airflow/dags/9-xcom.py
[2023-09-25T11:21:35.599+0000] {processor.py:829} INFO - Processing file /opt/airflow/dags/9-xcom.py for tasks to queue
[2023-09-25T11:21:35.600+0000] {logging_mixin.py:151} INFO - [2023-09-25T11:21:35.600+0000] {dagbag.py:539} INFO - Filling up the DagBag from /opt/airflow/dags/9-xcom.py
[2023-09-25T11:21:35.646+0000] {processor.py:839} INFO - DAG(s) dict_keys(['9-xcom']) retrieved from /opt/airflow/dags/9-xcom.py
[2023-09-25T11:21:35.675+0000] {logging_mixin.py:151} INFO - [2023-09-25T11:21:35.675+0000] {dag.py:2915} INFO - Sync 1 DAGs
[2023-09-25T11:21:35.702+0000] {logging_mixin.py:151} INFO - [2023-09-25T11:21:35.702+0000] {dag.py:3696} INFO - Setting next_dagrun for 9-xcom to None, run_after=None
[2023-09-25T11:21:35.734+0000] {processor.py:179} INFO - Processing /opt/airflow/dags/9-xcom.py took 0.140 seconds
[2023-09-25T11:22:06.038+0000] {processor.py:157} INFO - Started process (PID=390) to work on /opt/airflow/dags/9-xcom.py
[2023-09-25T11:22:06.039+0000] {processor.py:829} INFO - Processing file /opt/airflow/dags/9-xcom.py for tasks to queue
[2023-09-25T11:22:06.041+0000] {logging_mixin.py:151} INFO - [2023-09-25T11:22:06.041+0000] {dagbag.py:539} INFO - Filling up the DagBag from /opt/airflow/dags/9-xcom.py
[2023-09-25T11:22:06.096+0000] {processor.py:839} INFO - DAG(s) dict_keys(['9-xcom']) retrieved from /opt/airflow/dags/9-xcom.py
[2023-09-25T11:22:06.128+0000] {logging_mixin.py:151} INFO - [2023-09-25T11:22:06.128+0000] {dag.py:2915} INFO - Sync 1 DAGs
[2023-09-25T11:22:06.164+0000] {logging_mixin.py:151} INFO - [2023-09-25T11:22:06.163+0000] {dag.py:3696} INFO - Setting next_dagrun for 9-xcom to None, run_after=None
[2023-09-25T11:22:06.193+0000] {processor.py:179} INFO - Processing /opt/airflow/dags/9-xcom.py took 0.159 seconds
[2023-09-25T11:22:36.758+0000] {processor.py:157} INFO - Started process (PID=413) to work on /opt/airflow/dags/9-xcom.py
[2023-09-25T11:22:36.760+0000] {processor.py:829} INFO - Processing file /opt/airflow/dags/9-xcom.py for tasks to queue
[2023-09-25T11:22:36.761+0000] {logging_mixin.py:151} INFO - [2023-09-25T11:22:36.761+0000] {dagbag.py:539} INFO - Filling up the DagBag from /opt/airflow/dags/9-xcom.py
[2023-09-25T11:22:36.811+0000] {processor.py:839} INFO - DAG(s) dict_keys(['9-xcom']) retrieved from /opt/airflow/dags/9-xcom.py
[2023-09-25T11:22:36.835+0000] {logging_mixin.py:151} INFO - [2023-09-25T11:22:36.834+0000] {dag.py:2915} INFO - Sync 1 DAGs
[2023-09-25T11:22:36.860+0000] {logging_mixin.py:151} INFO - [2023-09-25T11:22:36.859+0000] {dag.py:3696} INFO - Setting next_dagrun for 9-xcom to None, run_after=None
[2023-09-25T11:22:36.891+0000] {processor.py:179} INFO - Processing /opt/airflow/dags/9-xcom.py took 0.135 seconds
[2023-09-25T11:23:07.236+0000] {processor.py:157} INFO - Started process (PID=436) to work on /opt/airflow/dags/9-xcom.py
[2023-09-25T11:23:07.237+0000] {processor.py:829} INFO - Processing file /opt/airflow/dags/9-xcom.py for tasks to queue
[2023-09-25T11:23:07.241+0000] {logging_mixin.py:151} INFO - [2023-09-25T11:23:07.239+0000] {dagbag.py:539} INFO - Filling up the DagBag from /opt/airflow/dags/9-xcom.py
[2023-09-25T11:23:07.292+0000] {processor.py:839} INFO - DAG(s) dict_keys(['9-xcom']) retrieved from /opt/airflow/dags/9-xcom.py
[2023-09-25T11:23:07.322+0000] {logging_mixin.py:151} INFO - [2023-09-25T11:23:07.322+0000] {dag.py:2915} INFO - Sync 1 DAGs
[2023-09-25T11:23:07.348+0000] {logging_mixin.py:151} INFO - [2023-09-25T11:23:07.347+0000] {dag.py:3696} INFO - Setting next_dagrun for 9-xcom to None, run_after=None
[2023-09-25T11:23:07.376+0000] {processor.py:179} INFO - Processing /opt/airflow/dags/9-xcom.py took 0.143 seconds
[2023-09-25T11:23:37.674+0000] {processor.py:157} INFO - Started process (PID=459) to work on /opt/airflow/dags/9-xcom.py
[2023-09-25T11:23:37.675+0000] {processor.py:829} INFO - Processing file /opt/airflow/dags/9-xcom.py for tasks to queue
[2023-09-25T11:23:37.677+0000] {logging_mixin.py:151} INFO - [2023-09-25T11:23:37.677+0000] {dagbag.py:539} INFO - Filling up the DagBag from /opt/airflow/dags/9-xcom.py
[2023-09-25T11:23:37.719+0000] {processor.py:839} INFO - DAG(s) dict_keys(['9-xcom']) retrieved from /opt/airflow/dags/9-xcom.py
[2023-09-25T11:23:37.742+0000] {logging_mixin.py:151} INFO - [2023-09-25T11:23:37.742+0000] {dag.py:2915} INFO - Sync 1 DAGs
[2023-09-25T11:23:37.770+0000] {logging_mixin.py:151} INFO - [2023-09-25T11:23:37.770+0000] {dag.py:3696} INFO - Setting next_dagrun for 9-xcom to None, run_after=None
[2023-09-25T11:23:37.793+0000] {processor.py:179} INFO - Processing /opt/airflow/dags/9-xcom.py took 0.126 seconds
[2023-09-25T11:24:08.486+0000] {processor.py:157} INFO - Started process (PID=482) to work on /opt/airflow/dags/9-xcom.py
[2023-09-25T11:24:08.493+0000] {processor.py:829} INFO - Processing file /opt/airflow/dags/9-xcom.py for tasks to queue
[2023-09-25T11:24:08.497+0000] {logging_mixin.py:151} INFO - [2023-09-25T11:24:08.496+0000] {dagbag.py:539} INFO - Filling up the DagBag from /opt/airflow/dags/9-xcom.py
[2023-09-25T11:24:08.569+0000] {processor.py:839} INFO - DAG(s) dict_keys(['9-xcom']) retrieved from /opt/airflow/dags/9-xcom.py
[2023-09-25T11:24:08.612+0000] {logging_mixin.py:151} INFO - [2023-09-25T11:24:08.611+0000] {dag.py:2915} INFO - Sync 1 DAGs
[2023-09-25T11:24:08.663+0000] {logging_mixin.py:151} INFO - [2023-09-25T11:24:08.662+0000] {dag.py:3696} INFO - Setting next_dagrun for 9-xcom to None, run_after=None
[2023-09-25T11:24:08.722+0000] {processor.py:179} INFO - Processing /opt/airflow/dags/9-xcom.py took 0.247 seconds
[2023-09-25T11:24:38.925+0000] {processor.py:157} INFO - Started process (PID=505) to work on /opt/airflow/dags/9-xcom.py
[2023-09-25T11:24:38.926+0000] {processor.py:829} INFO - Processing file /opt/airflow/dags/9-xcom.py for tasks to queue
[2023-09-25T11:24:38.928+0000] {logging_mixin.py:151} INFO - [2023-09-25T11:24:38.927+0000] {dagbag.py:539} INFO - Filling up the DagBag from /opt/airflow/dags/9-xcom.py
[2023-09-25T11:24:38.972+0000] {processor.py:839} INFO - DAG(s) dict_keys(['9-xcom']) retrieved from /opt/airflow/dags/9-xcom.py
[2023-09-25T11:24:38.994+0000] {logging_mixin.py:151} INFO - [2023-09-25T11:24:38.994+0000] {dag.py:2915} INFO - Sync 1 DAGs
[2023-09-25T11:24:39.017+0000] {logging_mixin.py:151} INFO - [2023-09-25T11:24:39.017+0000] {dag.py:3696} INFO - Setting next_dagrun for 9-xcom to None, run_after=None
[2023-09-25T11:24:39.043+0000] {processor.py:179} INFO - Processing /opt/airflow/dags/9-xcom.py took 0.123 seconds
[2023-09-25T11:25:10.021+0000] {processor.py:157} INFO - Started process (PID=528) to work on /opt/airflow/dags/9-xcom.py
[2023-09-25T11:25:10.022+0000] {processor.py:829} INFO - Processing file /opt/airflow/dags/9-xcom.py for tasks to queue
[2023-09-25T11:25:10.024+0000] {logging_mixin.py:151} INFO - [2023-09-25T11:25:10.023+0000] {dagbag.py:539} INFO - Filling up the DagBag from /opt/airflow/dags/9-xcom.py
[2023-09-25T11:25:10.075+0000] {processor.py:839} INFO - DAG(s) dict_keys(['9-xcom']) retrieved from /opt/airflow/dags/9-xcom.py
[2023-09-25T11:25:10.097+0000] {logging_mixin.py:151} INFO - [2023-09-25T11:25:10.097+0000] {dag.py:2915} INFO - Sync 1 DAGs
[2023-09-25T11:25:10.122+0000] {logging_mixin.py:151} INFO - [2023-09-25T11:25:10.122+0000] {dag.py:3696} INFO - Setting next_dagrun for 9-xcom to None, run_after=None
[2023-09-25T11:25:10.155+0000] {processor.py:179} INFO - Processing /opt/airflow/dags/9-xcom.py took 0.137 seconds
