[2023-09-18T13:03:28.603+0000] {taskinstance.py:1157} INFO - Dependencies all met for dep_context=non-requeueable deps ti=<TaskInstance: 5.1-orchestration.task1 scheduled__2023-09-13T00:00:00+00:00 [queued]>
[2023-09-18T13:03:28.621+0000] {taskinstance.py:1157} INFO - Dependencies all met for dep_context=requeueable deps ti=<TaskInstance: 5.1-orchestration.task1 scheduled__2023-09-13T00:00:00+00:00 [queued]>
[2023-09-18T13:03:28.622+0000] {taskinstance.py:1359} INFO - Starting attempt 1 of 1
[2023-09-18T13:03:28.641+0000] {taskinstance.py:1380} INFO - Executing <Task(BashOperator): task1> on 2023-09-13 00:00:00+00:00
[2023-09-18T13:03:28.648+0000] {standard_task_runner.py:57} INFO - Started process 3132 to run task
[2023-09-18T13:03:28.653+0000] {standard_task_runner.py:84} INFO - Running: ['***', 'tasks', 'run', '5.1-orchestration', 'task1', 'scheduled__2023-09-13T00:00:00+00:00', '--job-id', '81', '--raw', '--subdir', 'DAGS_FOLDER/5.1-orchestration.py', '--cfg-path', '/tmp/tmp08aqrbr2']
[2023-09-18T13:03:28.655+0000] {standard_task_runner.py:85} INFO - Job 81: Subtask task1
[2023-09-18T13:03:28.712+0000] {task_command.py:415} INFO - Running <TaskInstance: 5.1-orchestration.task1 scheduled__2023-09-13T00:00:00+00:00 [running]> on host e891a57bf0af
[2023-09-18T13:03:28.816+0000] {taskinstance.py:1660} INFO - Exporting env vars: AIRFLOW_CTX_DAG_OWNER='***' AIRFLOW_CTX_DAG_ID='5.1-orchestration' AIRFLOW_CTX_TASK_ID='task1' AIRFLOW_CTX_EXECUTION_DATE='2023-09-13T00:00:00+00:00' AIRFLOW_CTX_TRY_NUMBER='1' AIRFLOW_CTX_DAG_RUN_ID='scheduled__2023-09-13T00:00:00+00:00'
[2023-09-18T13:03:28.825+0000] {subprocess.py:63} INFO - Tmp dir root location: /tmp
[2023-09-18T13:03:28.827+0000] {subprocess.py:75} INFO - Running command: ['/bin/bash', '-c', "sleep 2 && echo 'Task 1'"]
[2023-09-18T13:03:28.841+0000] {subprocess.py:86} INFO - Output:
[2023-09-18T13:03:30.880+0000] {subprocess.py:93} INFO - Task 1
[2023-09-18T13:03:30.881+0000] {subprocess.py:97} INFO - Command exited with return code 0
[2023-09-18T13:03:30.913+0000] {taskinstance.py:1398} INFO - Marking task as SUCCESS. dag_id=5.1-orchestration, task_id=task1, execution_date=20230913T000000, start_date=20230918T130328, end_date=20230918T130330
[2023-09-18T13:03:30.967+0000] {local_task_job_runner.py:228} INFO - Task exited with return code 0
[2023-09-18T13:03:31.014+0000] {taskinstance.py:2776} INFO - 1 downstream tasks scheduled from follow-on schedule check
[2023-09-18T13:24:44.745+0000] {taskinstance.py:1157} INFO - Dependencies all met for dep_context=non-requeueable deps ti=<TaskInstance: 5.1-orchestration.task1 scheduled__2023-09-13T00:00:00+00:00 [queued]>
[2023-09-18T13:24:44.760+0000] {taskinstance.py:1157} INFO - Dependencies all met for dep_context=requeueable deps ti=<TaskInstance: 5.1-orchestration.task1 scheduled__2023-09-13T00:00:00+00:00 [queued]>
[2023-09-18T13:24:44.760+0000] {taskinstance.py:1359} INFO - Starting attempt 1 of 1
[2023-09-18T13:24:44.780+0000] {taskinstance.py:1380} INFO - Executing <Task(BashOperator): task1> on 2023-09-13 00:00:00+00:00
[2023-09-18T13:24:44.784+0000] {standard_task_runner.py:57} INFO - Started process 3762 to run task
[2023-09-18T13:24:44.789+0000] {standard_task_runner.py:84} INFO - Running: ['***', 'tasks', 'run', '5.1-orchestration', 'task1', 'scheduled__2023-09-13T00:00:00+00:00', '--job-id', '157', '--raw', '--subdir', 'DAGS_FOLDER/5.1-orchestration.py', '--cfg-path', '/tmp/tmp9cex6kqs']
[2023-09-18T13:24:44.791+0000] {standard_task_runner.py:85} INFO - Job 157: Subtask task1
[2023-09-18T13:24:44.842+0000] {task_command.py:415} INFO - Running <TaskInstance: 5.1-orchestration.task1 scheduled__2023-09-13T00:00:00+00:00 [running]> on host e891a57bf0af
[2023-09-18T13:24:44.929+0000] {taskinstance.py:1660} INFO - Exporting env vars: AIRFLOW_CTX_DAG_OWNER='***' AIRFLOW_CTX_DAG_ID='5.1-orchestration' AIRFLOW_CTX_TASK_ID='task1' AIRFLOW_CTX_EXECUTION_DATE='2023-09-13T00:00:00+00:00' AIRFLOW_CTX_TRY_NUMBER='1' AIRFLOW_CTX_DAG_RUN_ID='scheduled__2023-09-13T00:00:00+00:00'
[2023-09-18T13:24:44.931+0000] {subprocess.py:63} INFO - Tmp dir root location: /tmp
[2023-09-18T13:24:44.932+0000] {subprocess.py:75} INFO - Running command: ['/bin/bash', '-c', "sleep 2 && echo 'Task 1'"]
[2023-09-18T13:24:44.942+0000] {subprocess.py:86} INFO - Output:
[2023-09-18T13:24:46.946+0000] {subprocess.py:93} INFO - Task 1
[2023-09-18T13:24:46.947+0000] {subprocess.py:97} INFO - Command exited with return code 0
[2023-09-18T13:24:46.978+0000] {taskinstance.py:1398} INFO - Marking task as SUCCESS. dag_id=5.1-orchestration, task_id=task1, execution_date=20230913T000000, start_date=20230918T132444, end_date=20230918T132446
[2023-09-18T13:24:47.025+0000] {local_task_job_runner.py:228} INFO - Task exited with return code 0
[2023-09-18T13:24:47.062+0000] {taskinstance.py:2776} INFO - 1 downstream tasks scheduled from follow-on schedule check
