[2023-09-18T13:03:32.193+0000] {taskinstance.py:1157} INFO - Dependencies all met for dep_context=non-requeueable deps ti=<TaskInstance: 5.1-orchestration.task1 scheduled__2023-09-14T00:00:00+00:00 [queued]>
[2023-09-18T13:03:32.209+0000] {taskinstance.py:1157} INFO - Dependencies all met for dep_context=requeueable deps ti=<TaskInstance: 5.1-orchestration.task1 scheduled__2023-09-14T00:00:00+00:00 [queued]>
[2023-09-18T13:03:32.210+0000] {taskinstance.py:1359} INFO - Starting attempt 1 of 1
[2023-09-18T13:03:32.233+0000] {taskinstance.py:1380} INFO - Executing <Task(BashOperator): task1> on 2023-09-14 00:00:00+00:00
[2023-09-18T13:03:32.240+0000] {standard_task_runner.py:57} INFO - Started process 3150 to run task
[2023-09-18T13:03:32.244+0000] {standard_task_runner.py:84} INFO - Running: ['***', 'tasks', 'run', '5.1-orchestration', 'task1', 'scheduled__2023-09-14T00:00:00+00:00', '--job-id', '87', '--raw', '--subdir', 'DAGS_FOLDER/5.1-orchestration.py', '--cfg-path', '/tmp/tmplkqw4wsh']
[2023-09-18T13:03:32.246+0000] {standard_task_runner.py:85} INFO - Job 87: Subtask task1
[2023-09-18T13:03:32.303+0000] {task_command.py:415} INFO - Running <TaskInstance: 5.1-orchestration.task1 scheduled__2023-09-14T00:00:00+00:00 [running]> on host e891a57bf0af
[2023-09-18T13:03:32.403+0000] {taskinstance.py:1660} INFO - Exporting env vars: AIRFLOW_CTX_DAG_OWNER='***' AIRFLOW_CTX_DAG_ID='5.1-orchestration' AIRFLOW_CTX_TASK_ID='task1' AIRFLOW_CTX_EXECUTION_DATE='2023-09-14T00:00:00+00:00' AIRFLOW_CTX_TRY_NUMBER='1' AIRFLOW_CTX_DAG_RUN_ID='scheduled__2023-09-14T00:00:00+00:00'
[2023-09-18T13:03:32.405+0000] {subprocess.py:63} INFO - Tmp dir root location: /tmp
[2023-09-18T13:03:32.406+0000] {subprocess.py:75} INFO - Running command: ['/bin/bash', '-c', "sleep 2 && echo 'Task 1'"]
[2023-09-18T13:03:32.415+0000] {subprocess.py:86} INFO - Output:
[2023-09-18T13:03:34.421+0000] {subprocess.py:93} INFO - Task 1
[2023-09-18T13:03:34.422+0000] {subprocess.py:97} INFO - Command exited with return code 0
[2023-09-18T13:03:34.498+0000] {taskinstance.py:1398} INFO - Marking task as SUCCESS. dag_id=5.1-orchestration, task_id=task1, execution_date=20230914T000000, start_date=20230918T130332, end_date=20230918T130334
[2023-09-18T13:03:34.551+0000] {local_task_job_runner.py:228} INFO - Task exited with return code 0
[2023-09-18T13:03:34.610+0000] {taskinstance.py:2776} INFO - 1 downstream tasks scheduled from follow-on schedule check
[2023-09-18T13:24:54.954+0000] {taskinstance.py:1157} INFO - Dependencies all met for dep_context=non-requeueable deps ti=<TaskInstance: 5.1-orchestration.task1 scheduled__2023-09-14T00:00:00+00:00 [queued]>
[2023-09-18T13:24:55.074+0000] {taskinstance.py:1157} INFO - Dependencies all met for dep_context=requeueable deps ti=<TaskInstance: 5.1-orchestration.task1 scheduled__2023-09-14T00:00:00+00:00 [queued]>
[2023-09-18T13:24:55.075+0000] {taskinstance.py:1359} INFO - Starting attempt 1 of 1
[2023-09-18T13:24:55.095+0000] {taskinstance.py:1380} INFO - Executing <Task(BashOperator): task1> on 2023-09-14 00:00:00+00:00
[2023-09-18T13:24:55.099+0000] {standard_task_runner.py:57} INFO - Started process 3778 to run task
[2023-09-18T13:24:55.102+0000] {standard_task_runner.py:84} INFO - Running: ['***', 'tasks', 'run', '5.1-orchestration', 'task1', 'scheduled__2023-09-14T00:00:00+00:00', '--job-id', '161', '--raw', '--subdir', 'DAGS_FOLDER/5.1-orchestration.py', '--cfg-path', '/tmp/tmph_9s7vei']
[2023-09-18T13:24:55.104+0000] {standard_task_runner.py:85} INFO - Job 161: Subtask task1
[2023-09-18T13:24:55.155+0000] {task_command.py:415} INFO - Running <TaskInstance: 5.1-orchestration.task1 scheduled__2023-09-14T00:00:00+00:00 [running]> on host e891a57bf0af
[2023-09-18T13:24:55.238+0000] {taskinstance.py:1660} INFO - Exporting env vars: AIRFLOW_CTX_DAG_OWNER='***' AIRFLOW_CTX_DAG_ID='5.1-orchestration' AIRFLOW_CTX_TASK_ID='task1' AIRFLOW_CTX_EXECUTION_DATE='2023-09-14T00:00:00+00:00' AIRFLOW_CTX_TRY_NUMBER='1' AIRFLOW_CTX_DAG_RUN_ID='scheduled__2023-09-14T00:00:00+00:00'
[2023-09-18T13:24:55.240+0000] {subprocess.py:63} INFO - Tmp dir root location: /tmp
[2023-09-18T13:24:55.241+0000] {subprocess.py:75} INFO - Running command: ['/bin/bash', '-c', "sleep 2 && echo 'Task 1'"]
[2023-09-18T13:24:55.257+0000] {subprocess.py:86} INFO - Output:
[2023-09-18T13:24:57.264+0000] {subprocess.py:93} INFO - Task 1
[2023-09-18T13:24:57.265+0000] {subprocess.py:97} INFO - Command exited with return code 0
[2023-09-18T13:24:57.294+0000] {taskinstance.py:1398} INFO - Marking task as SUCCESS. dag_id=5.1-orchestration, task_id=task1, execution_date=20230914T000000, start_date=20230918T132455, end_date=20230918T132457
[2023-09-18T13:24:57.337+0000] {local_task_job_runner.py:228} INFO - Task exited with return code 0
[2023-09-18T13:24:57.374+0000] {taskinstance.py:2776} INFO - 1 downstream tasks scheduled from follow-on schedule check
