[2023-09-18T13:03:07.195+0000] {taskinstance.py:1157} INFO - Dependencies all met for dep_context=non-requeueable deps ti=<TaskInstance: 5.1-orchestration.task3 scheduled__2023-09-06T00:00:00+00:00 [queued]>
[2023-09-18T13:03:07.215+0000] {taskinstance.py:1157} INFO - Dependencies all met for dep_context=requeueable deps ti=<TaskInstance: 5.1-orchestration.task3 scheduled__2023-09-06T00:00:00+00:00 [queued]>
[2023-09-18T13:03:07.216+0000] {taskinstance.py:1359} INFO - Starting attempt 1 of 1
[2023-09-18T13:03:07.239+0000] {taskinstance.py:1380} INFO - Executing <Task(BashOperator): task3> on 2023-09-06 00:00:00+00:00
[2023-09-18T13:03:07.246+0000] {standard_task_runner.py:57} INFO - Started process 3051 to run task
[2023-09-18T13:03:07.252+0000] {standard_task_runner.py:84} INFO - Running: ['***', 'tasks', 'run', '5.1-orchestration', 'task3', 'scheduled__2023-09-06T00:00:00+00:00', '--job-id', '61', '--raw', '--subdir', 'DAGS_FOLDER/5.1-orchestration.py', '--cfg-path', '/tmp/tmp2_ui429g']
[2023-09-18T13:03:07.254+0000] {standard_task_runner.py:85} INFO - Job 61: Subtask task3
[2023-09-18T13:03:07.325+0000] {task_command.py:415} INFO - Running <TaskInstance: 5.1-orchestration.task3 scheduled__2023-09-06T00:00:00+00:00 [running]> on host e891a57bf0af
[2023-09-18T13:03:07.442+0000] {taskinstance.py:1660} INFO - Exporting env vars: AIRFLOW_CTX_DAG_OWNER='***' AIRFLOW_CTX_DAG_ID='5.1-orchestration' AIRFLOW_CTX_TASK_ID='task3' AIRFLOW_CTX_EXECUTION_DATE='2023-09-06T00:00:00+00:00' AIRFLOW_CTX_TRY_NUMBER='1' AIRFLOW_CTX_DAG_RUN_ID='scheduled__2023-09-06T00:00:00+00:00'
[2023-09-18T13:03:07.444+0000] {subprocess.py:63} INFO - Tmp dir root location: /tmp
[2023-09-18T13:03:07.446+0000] {subprocess.py:75} INFO - Running command: ['/bin/bash', '-c', "sleep 2 && echo 'Task 3'"]
[2023-09-18T13:03:07.461+0000] {subprocess.py:86} INFO - Output:
[2023-09-18T13:03:09.497+0000] {subprocess.py:93} INFO - Task 3
[2023-09-18T13:03:09.498+0000] {subprocess.py:97} INFO - Command exited with return code 0
[2023-09-18T13:03:09.538+0000] {taskinstance.py:1398} INFO - Marking task as SUCCESS. dag_id=5.1-orchestration, task_id=task3, execution_date=20230906T000000, start_date=20230918T130307, end_date=20230918T130309
[2023-09-18T13:03:09.598+0000] {local_task_job_runner.py:228} INFO - Task exited with return code 0
[2023-09-18T13:03:09.631+0000] {taskinstance.py:2776} INFO - 0 downstream tasks scheduled from follow-on schedule check
[2023-09-18T13:23:33.371+0000] {taskinstance.py:1157} INFO - Dependencies all met for dep_context=non-requeueable deps ti=<TaskInstance: 5.1-orchestration.task3 scheduled__2023-09-06T00:00:00+00:00 [queued]>
[2023-09-18T13:23:33.492+0000] {taskinstance.py:1157} INFO - Dependencies all met for dep_context=requeueable deps ti=<TaskInstance: 5.1-orchestration.task3 scheduled__2023-09-06T00:00:00+00:00 [queued]>
[2023-09-18T13:23:33.493+0000] {taskinstance.py:1359} INFO - Starting attempt 1 of 1
[2023-09-18T13:23:33.512+0000] {taskinstance.py:1380} INFO - Executing <Task(BashOperator): task3> on 2023-09-06 00:00:00+00:00
[2023-09-18T13:23:33.518+0000] {standard_task_runner.py:57} INFO - Started process 3634 to run task
[2023-09-18T13:23:33.521+0000] {standard_task_runner.py:84} INFO - Running: ['***', 'tasks', 'run', '5.1-orchestration', 'task3', 'scheduled__2023-09-06T00:00:00+00:00', '--job-id', '131', '--raw', '--subdir', 'DAGS_FOLDER/5.1-orchestration.py', '--cfg-path', '/tmp/tmp7arcs9qe']
[2023-09-18T13:23:33.524+0000] {standard_task_runner.py:85} INFO - Job 131: Subtask task3
[2023-09-18T13:23:33.583+0000] {task_command.py:415} INFO - Running <TaskInstance: 5.1-orchestration.task3 scheduled__2023-09-06T00:00:00+00:00 [running]> on host e891a57bf0af
[2023-09-18T13:23:33.710+0000] {taskinstance.py:1660} INFO - Exporting env vars: AIRFLOW_CTX_DAG_OWNER='***' AIRFLOW_CTX_DAG_ID='5.1-orchestration' AIRFLOW_CTX_TASK_ID='task3' AIRFLOW_CTX_EXECUTION_DATE='2023-09-06T00:00:00+00:00' AIRFLOW_CTX_TRY_NUMBER='1' AIRFLOW_CTX_DAG_RUN_ID='scheduled__2023-09-06T00:00:00+00:00'
[2023-09-18T13:23:33.713+0000] {subprocess.py:63} INFO - Tmp dir root location: /tmp
[2023-09-18T13:23:33.715+0000] {subprocess.py:75} INFO - Running command: ['/bin/bash', '-c', "sleep 2 && echo 'Task 3'"]
[2023-09-18T13:23:33.732+0000] {subprocess.py:86} INFO - Output:
[2023-09-18T13:23:35.737+0000] {subprocess.py:93} INFO - Task 3
[2023-09-18T13:23:35.739+0000] {subprocess.py:97} INFO - Command exited with return code 0
[2023-09-18T13:23:35.777+0000] {taskinstance.py:1398} INFO - Marking task as SUCCESS. dag_id=5.1-orchestration, task_id=task3, execution_date=20230906T000000, start_date=20230918T132333, end_date=20230918T132335
[2023-09-18T13:23:35.829+0000] {local_task_job_runner.py:228} INFO - Task exited with return code 0
[2023-09-18T13:23:35.863+0000] {taskinstance.py:2776} INFO - 0 downstream tasks scheduled from follow-on schedule check
