[2023-09-18T14:27:50.305+0000] {taskinstance.py:1157} INFO - Dependencies all met for dep_context=non-requeueable deps ti=<TaskInstance: 6.2-monitoring.task2 scheduled__2023-09-02T00:00:00+00:00 [queued]>
[2023-09-18T14:27:50.327+0000] {taskinstance.py:1157} INFO - Dependencies all met for dep_context=requeueable deps ti=<TaskInstance: 6.2-monitoring.task2 scheduled__2023-09-02T00:00:00+00:00 [queued]>
[2023-09-18T14:27:50.329+0000] {taskinstance.py:1359} INFO - Starting attempt 1 of 3
[2023-09-18T14:27:50.351+0000] {taskinstance.py:1380} INFO - Executing <Task(BashOperator): task2> on 2023-09-02 00:00:00+00:00
[2023-09-18T14:27:50.357+0000] {standard_task_runner.py:57} INFO - Started process 6014 to run task
[2023-09-18T14:27:50.362+0000] {standard_task_runner.py:84} INFO - Running: ['***', 'tasks', 'run', '6.2-monitoring', 'task2', 'scheduled__2023-09-02T00:00:00+00:00', '--job-id', '523', '--raw', '--subdir', 'DAGS_FOLDER/6.2-monitoring.py', '--cfg-path', '/tmp/tmp5m30sub2']
[2023-09-18T14:27:50.364+0000] {standard_task_runner.py:85} INFO - Job 523: Subtask task2
[2023-09-18T14:27:50.431+0000] {task_command.py:415} INFO - Running <TaskInstance: 6.2-monitoring.task2 scheduled__2023-09-02T00:00:00+00:00 [running]> on host e891a57bf0af
[2023-09-18T14:27:50.512+0000] {taskinstance.py:1660} INFO - Exporting env vars: AIRFLOW_CTX_DAG_OWNER='***' AIRFLOW_CTX_DAG_ID='6.2-monitoring' AIRFLOW_CTX_TASK_ID='task2' AIRFLOW_CTX_EXECUTION_DATE='2023-09-02T00:00:00+00:00' AIRFLOW_CTX_TRY_NUMBER='1' AIRFLOW_CTX_DAG_RUN_ID='scheduled__2023-09-02T00:00:00+00:00'
[2023-09-18T14:27:50.515+0000] {subprocess.py:63} INFO - Tmp dir root location: /tmp
[2023-09-18T14:27:50.516+0000] {subprocess.py:75} INFO - Running command: ['/bin/bash', '-c', "sleep 2 && echo 'Task 2'"]
[2023-09-18T14:27:50.525+0000] {subprocess.py:86} INFO - Output:
[2023-09-18T14:27:52.529+0000] {subprocess.py:93} INFO - Task 2
[2023-09-18T14:27:52.530+0000] {subprocess.py:97} INFO - Command exited with return code 0
[2023-09-18T14:27:52.560+0000] {taskinstance.py:1398} INFO - Marking task as SUCCESS. dag_id=6.2-monitoring, task_id=task2, execution_date=20230902T000000, start_date=20230918T142750, end_date=20230918T142752
[2023-09-18T14:27:52.599+0000] {local_task_job_runner.py:228} INFO - Task exited with return code 0
[2023-09-18T14:27:52.632+0000] {taskinstance.py:2776} INFO - 0 downstream tasks scheduled from follow-on schedule check
[2023-09-19T12:15:44.350+0000] {taskinstance.py:1157} INFO - Dependencies all met for dep_context=non-requeueable deps ti=<TaskInstance: 6.2-monitoring.task2 scheduled__2023-09-02T00:00:00+00:00 [queued]>
[2023-09-19T12:15:44.373+0000] {taskinstance.py:1157} INFO - Dependencies all met for dep_context=requeueable deps ti=<TaskInstance: 6.2-monitoring.task2 scheduled__2023-09-02T00:00:00+00:00 [queued]>
[2023-09-19T12:15:44.374+0000] {taskinstance.py:1359} INFO - Starting attempt 1 of 3
[2023-09-19T12:15:44.397+0000] {taskinstance.py:1380} INFO - Executing <Task(BashOperator): task2> on 2023-09-02 00:00:00+00:00
[2023-09-19T12:15:44.403+0000] {standard_task_runner.py:57} INFO - Started process 134 to run task
[2023-09-19T12:15:44.415+0000] {standard_task_runner.py:84} INFO - Running: ['***', 'tasks', 'run', '6.2-monitoring', 'task2', 'scheduled__2023-09-02T00:00:00+00:00', '--job-id', '534', '--raw', '--subdir', 'DAGS_FOLDER/6.2-monitoring.py', '--cfg-path', '/tmp/tmpfxj82h4a']
[2023-09-19T12:15:44.417+0000] {standard_task_runner.py:85} INFO - Job 534: Subtask task2
[2023-09-19T12:15:44.511+0000] {task_command.py:415} INFO - Running <TaskInstance: 6.2-monitoring.task2 scheduled__2023-09-02T00:00:00+00:00 [running]> on host e891a57bf0af
[2023-09-19T12:15:44.629+0000] {taskinstance.py:1660} INFO - Exporting env vars: AIRFLOW_CTX_DAG_OWNER='***' AIRFLOW_CTX_DAG_ID='6.2-monitoring' AIRFLOW_CTX_TASK_ID='task2' AIRFLOW_CTX_EXECUTION_DATE='2023-09-02T00:00:00+00:00' AIRFLOW_CTX_TRY_NUMBER='1' AIRFLOW_CTX_DAG_RUN_ID='scheduled__2023-09-02T00:00:00+00:00'
[2023-09-19T12:15:44.631+0000] {subprocess.py:63} INFO - Tmp dir root location: /tmp
[2023-09-19T12:15:44.632+0000] {subprocess.py:75} INFO - Running command: ['/bin/bash', '-c', "sleep 2 && echo 'Task 2'"]
[2023-09-19T12:15:44.649+0000] {subprocess.py:86} INFO - Output:
[2023-09-19T12:15:46.658+0000] {subprocess.py:93} INFO - Task 2
[2023-09-19T12:15:46.659+0000] {subprocess.py:97} INFO - Command exited with return code 0
[2023-09-19T12:15:46.695+0000] {taskinstance.py:1398} INFO - Marking task as SUCCESS. dag_id=6.2-monitoring, task_id=task2, execution_date=20230902T000000, start_date=20230919T121544, end_date=20230919T121546
[2023-09-19T12:15:46.721+0000] {local_task_job_runner.py:228} INFO - Task exited with return code 0
[2023-09-19T12:15:46.756+0000] {taskinstance.py:2776} INFO - 0 downstream tasks scheduled from follow-on schedule check
