[2023-09-18T13:03:11.342+0000] {taskinstance.py:1157} INFO - Dependencies all met for dep_context=non-requeueable deps ti=<TaskInstance: 5.1-orchestration.task3 scheduled__2023-09-07T00:00:00+00:00 [queued]>
[2023-09-18T13:03:11.370+0000] {taskinstance.py:1157} INFO - Dependencies all met for dep_context=requeueable deps ti=<TaskInstance: 5.1-orchestration.task3 scheduled__2023-09-07T00:00:00+00:00 [queued]>
[2023-09-18T13:03:11.371+0000] {taskinstance.py:1359} INFO - Starting attempt 1 of 1
[2023-09-18T13:03:11.408+0000] {taskinstance.py:1380} INFO - Executing <Task(BashOperator): task3> on 2023-09-07 00:00:00+00:00
[2023-09-18T13:03:11.415+0000] {standard_task_runner.py:57} INFO - Started process 3069 to run task
[2023-09-18T13:03:11.422+0000] {standard_task_runner.py:84} INFO - Running: ['***', 'tasks', 'run', '5.1-orchestration', 'task3', 'scheduled__2023-09-07T00:00:00+00:00', '--job-id', '67', '--raw', '--subdir', 'DAGS_FOLDER/5.1-orchestration.py', '--cfg-path', '/tmp/tmplifro1mx']
[2023-09-18T13:03:11.424+0000] {standard_task_runner.py:85} INFO - Job 67: Subtask task3
[2023-09-18T13:03:11.536+0000] {task_command.py:415} INFO - Running <TaskInstance: 5.1-orchestration.task3 scheduled__2023-09-07T00:00:00+00:00 [running]> on host e891a57bf0af
[2023-09-18T13:03:11.804+0000] {taskinstance.py:1660} INFO - Exporting env vars: AIRFLOW_CTX_DAG_OWNER='***' AIRFLOW_CTX_DAG_ID='5.1-orchestration' AIRFLOW_CTX_TASK_ID='task3' AIRFLOW_CTX_EXECUTION_DATE='2023-09-07T00:00:00+00:00' AIRFLOW_CTX_TRY_NUMBER='1' AIRFLOW_CTX_DAG_RUN_ID='scheduled__2023-09-07T00:00:00+00:00'
[2023-09-18T13:03:11.859+0000] {subprocess.py:63} INFO - Tmp dir root location: /tmp
[2023-09-18T13:03:11.863+0000] {subprocess.py:75} INFO - Running command: ['/bin/bash', '-c', "sleep 2 && echo 'Task 3'"]
[2023-09-18T13:03:11.885+0000] {subprocess.py:86} INFO - Output:
[2023-09-18T13:03:13.976+0000] {subprocess.py:93} INFO - Task 3
[2023-09-18T13:03:13.981+0000] {subprocess.py:97} INFO - Command exited with return code 0
[2023-09-18T13:03:14.196+0000] {taskinstance.py:1398} INFO - Marking task as SUCCESS. dag_id=5.1-orchestration, task_id=task3, execution_date=20230907T000000, start_date=20230918T130311, end_date=20230918T130314
[2023-09-18T13:03:14.247+0000] {local_task_job_runner.py:228} INFO - Task exited with return code 0
[2023-09-18T13:03:14.267+0000] {taskinstance.py:2776} INFO - 0 downstream tasks scheduled from follow-on schedule check
[2023-09-18T13:23:44.850+0000] {taskinstance.py:1157} INFO - Dependencies all met for dep_context=non-requeueable deps ti=<TaskInstance: 5.1-orchestration.task3 scheduled__2023-09-07T00:00:00+00:00 [queued]>
[2023-09-18T13:23:44.979+0000] {taskinstance.py:1157} INFO - Dependencies all met for dep_context=requeueable deps ti=<TaskInstance: 5.1-orchestration.task3 scheduled__2023-09-07T00:00:00+00:00 [queued]>
[2023-09-18T13:23:44.980+0000] {taskinstance.py:1359} INFO - Starting attempt 1 of 1
[2023-09-18T13:23:45.005+0000] {taskinstance.py:1380} INFO - Executing <Task(BashOperator): task3> on 2023-09-07 00:00:00+00:00
[2023-09-18T13:23:45.013+0000] {standard_task_runner.py:57} INFO - Started process 3659 to run task
[2023-09-18T13:23:45.018+0000] {standard_task_runner.py:84} INFO - Running: ['***', 'tasks', 'run', '5.1-orchestration', 'task3', 'scheduled__2023-09-07T00:00:00+00:00', '--job-id', '136', '--raw', '--subdir', 'DAGS_FOLDER/5.1-orchestration.py', '--cfg-path', '/tmp/tmpjg8tmlim']
[2023-09-18T13:23:45.020+0000] {standard_task_runner.py:85} INFO - Job 136: Subtask task3
[2023-09-18T13:23:45.111+0000] {task_command.py:415} INFO - Running <TaskInstance: 5.1-orchestration.task3 scheduled__2023-09-07T00:00:00+00:00 [running]> on host e891a57bf0af
[2023-09-18T13:23:45.216+0000] {taskinstance.py:1660} INFO - Exporting env vars: AIRFLOW_CTX_DAG_OWNER='***' AIRFLOW_CTX_DAG_ID='5.1-orchestration' AIRFLOW_CTX_TASK_ID='task3' AIRFLOW_CTX_EXECUTION_DATE='2023-09-07T00:00:00+00:00' AIRFLOW_CTX_TRY_NUMBER='1' AIRFLOW_CTX_DAG_RUN_ID='scheduled__2023-09-07T00:00:00+00:00'
[2023-09-18T13:23:45.218+0000] {subprocess.py:63} INFO - Tmp dir root location: /tmp
[2023-09-18T13:23:45.219+0000] {subprocess.py:75} INFO - Running command: ['/bin/bash', '-c', "sleep 2 && echo 'Task 3'"]
[2023-09-18T13:23:45.229+0000] {subprocess.py:86} INFO - Output:
[2023-09-18T13:23:47.233+0000] {subprocess.py:93} INFO - Task 3
[2023-09-18T13:23:47.234+0000] {subprocess.py:97} INFO - Command exited with return code 0
[2023-09-18T13:23:47.273+0000] {taskinstance.py:1398} INFO - Marking task as SUCCESS. dag_id=5.1-orchestration, task_id=task3, execution_date=20230907T000000, start_date=20230918T132344, end_date=20230918T132347
[2023-09-18T13:23:47.323+0000] {local_task_job_runner.py:228} INFO - Task exited with return code 0
[2023-09-18T13:23:47.355+0000] {taskinstance.py:2776} INFO - 0 downstream tasks scheduled from follow-on schedule check
