[2023-09-18T13:03:03.746+0000] {taskinstance.py:1157} INFO - Dependencies all met for dep_context=non-requeueable deps ti=<TaskInstance: 5.1-orchestration.task1 scheduled__2023-09-07T00:00:00+00:00 [queued]>
[2023-09-18T13:03:03.765+0000] {taskinstance.py:1157} INFO - Dependencies all met for dep_context=requeueable deps ti=<TaskInstance: 5.1-orchestration.task1 scheduled__2023-09-07T00:00:00+00:00 [queued]>
[2023-09-18T13:03:03.766+0000] {taskinstance.py:1359} INFO - Starting attempt 1 of 1
[2023-09-18T13:03:03.791+0000] {taskinstance.py:1380} INFO - Executing <Task(BashOperator): task1> on 2023-09-07 00:00:00+00:00
[2023-09-18T13:03:03.799+0000] {standard_task_runner.py:57} INFO - Started process 3028 to run task
[2023-09-18T13:03:03.806+0000] {standard_task_runner.py:84} INFO - Running: ['***', 'tasks', 'run', '5.1-orchestration', 'task1', 'scheduled__2023-09-07T00:00:00+00:00', '--job-id', '57', '--raw', '--subdir', 'DAGS_FOLDER/5.1-orchestration.py', '--cfg-path', '/tmp/tmpkz5ku0eb']
[2023-09-18T13:03:03.808+0000] {standard_task_runner.py:85} INFO - Job 57: Subtask task1
[2023-09-18T13:03:03.905+0000] {task_command.py:415} INFO - Running <TaskInstance: 5.1-orchestration.task1 scheduled__2023-09-07T00:00:00+00:00 [running]> on host e891a57bf0af
[2023-09-18T13:03:04.031+0000] {taskinstance.py:1660} INFO - Exporting env vars: AIRFLOW_CTX_DAG_OWNER='***' AIRFLOW_CTX_DAG_ID='5.1-orchestration' AIRFLOW_CTX_TASK_ID='task1' AIRFLOW_CTX_EXECUTION_DATE='2023-09-07T00:00:00+00:00' AIRFLOW_CTX_TRY_NUMBER='1' AIRFLOW_CTX_DAG_RUN_ID='scheduled__2023-09-07T00:00:00+00:00'
[2023-09-18T13:03:04.032+0000] {subprocess.py:63} INFO - Tmp dir root location: /tmp
[2023-09-18T13:03:04.034+0000] {subprocess.py:75} INFO - Running command: ['/bin/bash', '-c', "sleep 2 && echo 'Task 1'"]
[2023-09-18T13:03:04.047+0000] {subprocess.py:86} INFO - Output:
[2023-09-18T13:03:06.090+0000] {subprocess.py:93} INFO - Task 1
[2023-09-18T13:03:06.091+0000] {subprocess.py:97} INFO - Command exited with return code 0
[2023-09-18T13:03:06.139+0000] {taskinstance.py:1398} INFO - Marking task as SUCCESS. dag_id=5.1-orchestration, task_id=task1, execution_date=20230907T000000, start_date=20230918T130303, end_date=20230918T130306
[2023-09-18T13:03:06.201+0000] {local_task_job_runner.py:228} INFO - Task exited with return code 0
[2023-09-18T13:03:06.256+0000] {taskinstance.py:2776} INFO - 1 downstream tasks scheduled from follow-on schedule check
[2023-09-18T13:23:37.855+0000] {taskinstance.py:1157} INFO - Dependencies all met for dep_context=non-requeueable deps ti=<TaskInstance: 5.1-orchestration.task1 scheduled__2023-09-07T00:00:00+00:00 [queued]>
[2023-09-18T13:23:37.962+0000] {taskinstance.py:1157} INFO - Dependencies all met for dep_context=requeueable deps ti=<TaskInstance: 5.1-orchestration.task1 scheduled__2023-09-07T00:00:00+00:00 [queued]>
[2023-09-18T13:23:37.963+0000] {taskinstance.py:1359} INFO - Starting attempt 1 of 1
[2023-09-18T13:23:37.986+0000] {taskinstance.py:1380} INFO - Executing <Task(BashOperator): task1> on 2023-09-07 00:00:00+00:00
[2023-09-18T13:23:37.991+0000] {standard_task_runner.py:57} INFO - Started process 3649 to run task
[2023-09-18T13:23:37.994+0000] {standard_task_runner.py:84} INFO - Running: ['***', 'tasks', 'run', '5.1-orchestration', 'task1', 'scheduled__2023-09-07T00:00:00+00:00', '--job-id', '133', '--raw', '--subdir', 'DAGS_FOLDER/5.1-orchestration.py', '--cfg-path', '/tmp/tmpyrlf4bor']
[2023-09-18T13:23:37.996+0000] {standard_task_runner.py:85} INFO - Job 133: Subtask task1
[2023-09-18T13:23:38.051+0000] {task_command.py:415} INFO - Running <TaskInstance: 5.1-orchestration.task1 scheduled__2023-09-07T00:00:00+00:00 [running]> on host e891a57bf0af
[2023-09-18T13:23:38.161+0000] {taskinstance.py:1660} INFO - Exporting env vars: AIRFLOW_CTX_DAG_OWNER='***' AIRFLOW_CTX_DAG_ID='5.1-orchestration' AIRFLOW_CTX_TASK_ID='task1' AIRFLOW_CTX_EXECUTION_DATE='2023-09-07T00:00:00+00:00' AIRFLOW_CTX_TRY_NUMBER='1' AIRFLOW_CTX_DAG_RUN_ID='scheduled__2023-09-07T00:00:00+00:00'
[2023-09-18T13:23:38.163+0000] {subprocess.py:63} INFO - Tmp dir root location: /tmp
[2023-09-18T13:23:38.165+0000] {subprocess.py:75} INFO - Running command: ['/bin/bash', '-c', "sleep 2 && echo 'Task 1'"]
[2023-09-18T13:23:38.176+0000] {subprocess.py:86} INFO - Output:
[2023-09-18T13:23:40.181+0000] {subprocess.py:93} INFO - Task 1
[2023-09-18T13:23:40.182+0000] {subprocess.py:97} INFO - Command exited with return code 0
[2023-09-18T13:23:40.214+0000] {taskinstance.py:1398} INFO - Marking task as SUCCESS. dag_id=5.1-orchestration, task_id=task1, execution_date=20230907T000000, start_date=20230918T132337, end_date=20230918T132340
[2023-09-18T13:23:40.262+0000] {local_task_job_runner.py:228} INFO - Task exited with return code 0
[2023-09-18T13:23:40.307+0000] {taskinstance.py:2776} INFO - 1 downstream tasks scheduled from follow-on schedule check
