[2023-09-18T13:03:40.295+0000] {taskinstance.py:1157} INFO - Dependencies all met for dep_context=non-requeueable deps ti=<TaskInstance: 5.1-orchestration.task3 scheduled__2023-09-14T00:00:00+00:00 [queued]>
[2023-09-18T13:03:40.318+0000] {taskinstance.py:1157} INFO - Dependencies all met for dep_context=requeueable deps ti=<TaskInstance: 5.1-orchestration.task3 scheduled__2023-09-14T00:00:00+00:00 [queued]>
[2023-09-18T13:03:40.318+0000] {taskinstance.py:1359} INFO - Starting attempt 1 of 1
[2023-09-18T13:03:40.337+0000] {taskinstance.py:1380} INFO - Executing <Task(BashOperator): task3> on 2023-09-14 00:00:00+00:00
[2023-09-18T13:03:40.350+0000] {standard_task_runner.py:57} INFO - Started process 3181 to run task
[2023-09-18T13:03:40.360+0000] {standard_task_runner.py:84} INFO - Running: ['***', 'tasks', 'run', '5.1-orchestration', 'task3', 'scheduled__2023-09-14T00:00:00+00:00', '--job-id', '94', '--raw', '--subdir', 'DAGS_FOLDER/5.1-orchestration.py', '--cfg-path', '/tmp/tmpf7xw0ae0']
[2023-09-18T13:03:40.363+0000] {standard_task_runner.py:85} INFO - Job 94: Subtask task3
[2023-09-18T13:03:40.474+0000] {task_command.py:415} INFO - Running <TaskInstance: 5.1-orchestration.task3 scheduled__2023-09-14T00:00:00+00:00 [running]> on host e891a57bf0af
[2023-09-18T13:03:40.646+0000] {taskinstance.py:1660} INFO - Exporting env vars: AIRFLOW_CTX_DAG_OWNER='***' AIRFLOW_CTX_DAG_ID='5.1-orchestration' AIRFLOW_CTX_TASK_ID='task3' AIRFLOW_CTX_EXECUTION_DATE='2023-09-14T00:00:00+00:00' AIRFLOW_CTX_TRY_NUMBER='1' AIRFLOW_CTX_DAG_RUN_ID='scheduled__2023-09-14T00:00:00+00:00'
[2023-09-18T13:03:40.667+0000] {subprocess.py:63} INFO - Tmp dir root location: /tmp
[2023-09-18T13:03:40.670+0000] {subprocess.py:75} INFO - Running command: ['/bin/bash', '-c', "sleep 2 && echo 'Task 3'"]
[2023-09-18T13:03:40.691+0000] {subprocess.py:86} INFO - Output:
[2023-09-18T13:03:42.736+0000] {subprocess.py:93} INFO - Task 3
[2023-09-18T13:03:42.737+0000] {subprocess.py:97} INFO - Command exited with return code 0
[2023-09-18T13:03:42.788+0000] {taskinstance.py:1398} INFO - Marking task as SUCCESS. dag_id=5.1-orchestration, task_id=task3, execution_date=20230914T000000, start_date=20230918T130340, end_date=20230918T130342
[2023-09-18T13:03:42.839+0000] {local_task_job_runner.py:228} INFO - Task exited with return code 0
[2023-09-18T13:03:42.861+0000] {taskinstance.py:2776} INFO - 0 downstream tasks scheduled from follow-on schedule check
[2023-09-18T13:25:01.151+0000] {taskinstance.py:1157} INFO - Dependencies all met for dep_context=non-requeueable deps ti=<TaskInstance: 5.1-orchestration.task3 scheduled__2023-09-14T00:00:00+00:00 [queued]>
[2023-09-18T13:25:01.166+0000] {taskinstance.py:1157} INFO - Dependencies all met for dep_context=requeueable deps ti=<TaskInstance: 5.1-orchestration.task3 scheduled__2023-09-14T00:00:00+00:00 [queued]>
[2023-09-18T13:25:01.167+0000] {taskinstance.py:1359} INFO - Starting attempt 1 of 1
[2023-09-18T13:25:01.187+0000] {taskinstance.py:1380} INFO - Executing <Task(BashOperator): task3> on 2023-09-14 00:00:00+00:00
[2023-09-18T13:25:01.193+0000] {standard_task_runner.py:57} INFO - Started process 3787 to run task
[2023-09-18T13:25:01.197+0000] {standard_task_runner.py:84} INFO - Running: ['***', 'tasks', 'run', '5.1-orchestration', 'task3', 'scheduled__2023-09-14T00:00:00+00:00', '--job-id', '164', '--raw', '--subdir', 'DAGS_FOLDER/5.1-orchestration.py', '--cfg-path', '/tmp/tmp5ux_lopn']
[2023-09-18T13:25:01.199+0000] {standard_task_runner.py:85} INFO - Job 164: Subtask task3
[2023-09-18T13:25:01.252+0000] {task_command.py:415} INFO - Running <TaskInstance: 5.1-orchestration.task3 scheduled__2023-09-14T00:00:00+00:00 [running]> on host e891a57bf0af
[2023-09-18T13:25:01.428+0000] {taskinstance.py:1660} INFO - Exporting env vars: AIRFLOW_CTX_DAG_OWNER='***' AIRFLOW_CTX_DAG_ID='5.1-orchestration' AIRFLOW_CTX_TASK_ID='task3' AIRFLOW_CTX_EXECUTION_DATE='2023-09-14T00:00:00+00:00' AIRFLOW_CTX_TRY_NUMBER='1' AIRFLOW_CTX_DAG_RUN_ID='scheduled__2023-09-14T00:00:00+00:00'
[2023-09-18T13:25:01.430+0000] {subprocess.py:63} INFO - Tmp dir root location: /tmp
[2023-09-18T13:25:01.432+0000] {subprocess.py:75} INFO - Running command: ['/bin/bash', '-c', "sleep 2 && echo 'Task 3'"]
[2023-09-18T13:25:01.444+0000] {subprocess.py:86} INFO - Output:
[2023-09-18T13:25:03.448+0000] {subprocess.py:93} INFO - Task 3
[2023-09-18T13:25:03.449+0000] {subprocess.py:97} INFO - Command exited with return code 0
[2023-09-18T13:25:03.480+0000] {taskinstance.py:1398} INFO - Marking task as SUCCESS. dag_id=5.1-orchestration, task_id=task3, execution_date=20230914T000000, start_date=20230918T132501, end_date=20230918T132503
[2023-09-18T13:25:03.512+0000] {local_task_job_runner.py:228} INFO - Task exited with return code 0
[2023-09-18T13:25:03.530+0000] {taskinstance.py:2776} INFO - 0 downstream tasks scheduled from follow-on schedule check
