[2023-09-18T13:03:03.734+0000] {taskinstance.py:1157} INFO - Dependencies all met for dep_context=non-requeueable deps ti=<TaskInstance: 5.1-orchestration.task4 scheduled__2023-09-05T00:00:00+00:00 [queued]>
[2023-09-18T13:03:03.757+0000] {taskinstance.py:1157} INFO - Dependencies all met for dep_context=requeueable deps ti=<TaskInstance: 5.1-orchestration.task4 scheduled__2023-09-05T00:00:00+00:00 [queued]>
[2023-09-18T13:03:03.758+0000] {taskinstance.py:1359} INFO - Starting attempt 1 of 1
[2023-09-18T13:03:03.779+0000] {taskinstance.py:1380} INFO - Executing <Task(BashOperator): task4> on 2023-09-05 00:00:00+00:00
[2023-09-18T13:03:03.788+0000] {standard_task_runner.py:57} INFO - Started process 3027 to run task
[2023-09-18T13:03:03.794+0000] {standard_task_runner.py:84} INFO - Running: ['***', 'tasks', 'run', '5.1-orchestration', 'task4', 'scheduled__2023-09-05T00:00:00+00:00', '--job-id', '56', '--raw', '--subdir', 'DAGS_FOLDER/5.1-orchestration.py', '--cfg-path', '/tmp/tmpk0cye9wd']
[2023-09-18T13:03:03.797+0000] {standard_task_runner.py:85} INFO - Job 56: Subtask task4
[2023-09-18T13:03:03.891+0000] {task_command.py:415} INFO - Running <TaskInstance: 5.1-orchestration.task4 scheduled__2023-09-05T00:00:00+00:00 [running]> on host e891a57bf0af
[2023-09-18T13:03:04.022+0000] {taskinstance.py:1660} INFO - Exporting env vars: AIRFLOW_CTX_DAG_OWNER='***' AIRFLOW_CTX_DAG_ID='5.1-orchestration' AIRFLOW_CTX_TASK_ID='task4' AIRFLOW_CTX_EXECUTION_DATE='2023-09-05T00:00:00+00:00' AIRFLOW_CTX_TRY_NUMBER='1' AIRFLOW_CTX_DAG_RUN_ID='scheduled__2023-09-05T00:00:00+00:00'
[2023-09-18T13:03:04.029+0000] {subprocess.py:63} INFO - Tmp dir root location: /tmp
[2023-09-18T13:03:04.030+0000] {subprocess.py:75} INFO - Running command: ['/bin/bash', '-c', "sleep 2 && echo 'Task 4'"]
[2023-09-18T13:03:04.047+0000] {subprocess.py:86} INFO - Output:
[2023-09-18T13:03:06.090+0000] {subprocess.py:93} INFO - Task 4
[2023-09-18T13:03:06.091+0000] {subprocess.py:97} INFO - Command exited with return code 0
[2023-09-18T13:03:06.138+0000] {taskinstance.py:1398} INFO - Marking task as SUCCESS. dag_id=5.1-orchestration, task_id=task4, execution_date=20230905T000000, start_date=20230918T130303, end_date=20230918T130306
[2023-09-18T13:03:06.189+0000] {local_task_job_runner.py:228} INFO - Task exited with return code 0
[2023-09-18T13:03:06.212+0000] {taskinstance.py:2776} INFO - 0 downstream tasks scheduled from follow-on schedule check
[2023-09-18T13:23:22.521+0000] {taskinstance.py:1157} INFO - Dependencies all met for dep_context=non-requeueable deps ti=<TaskInstance: 5.1-orchestration.task4 scheduled__2023-09-05T00:00:00+00:00 [queued]>
[2023-09-18T13:23:22.637+0000] {taskinstance.py:1157} INFO - Dependencies all met for dep_context=requeueable deps ti=<TaskInstance: 5.1-orchestration.task4 scheduled__2023-09-05T00:00:00+00:00 [queued]>
[2023-09-18T13:23:22.638+0000] {taskinstance.py:1359} INFO - Starting attempt 1 of 1
[2023-09-18T13:23:22.661+0000] {taskinstance.py:1380} INFO - Executing <Task(BashOperator): task4> on 2023-09-05 00:00:00+00:00
[2023-09-18T13:23:22.667+0000] {standard_task_runner.py:57} INFO - Started process 3617 to run task
[2023-09-18T13:23:22.671+0000] {standard_task_runner.py:84} INFO - Running: ['***', 'tasks', 'run', '5.1-orchestration', 'task4', 'scheduled__2023-09-05T00:00:00+00:00', '--job-id', '127', '--raw', '--subdir', 'DAGS_FOLDER/5.1-orchestration.py', '--cfg-path', '/tmp/tmplctbzetg']
[2023-09-18T13:23:22.673+0000] {standard_task_runner.py:85} INFO - Job 127: Subtask task4
[2023-09-18T13:23:22.740+0000] {task_command.py:415} INFO - Running <TaskInstance: 5.1-orchestration.task4 scheduled__2023-09-05T00:00:00+00:00 [running]> on host e891a57bf0af
[2023-09-18T13:23:22.842+0000] {taskinstance.py:1660} INFO - Exporting env vars: AIRFLOW_CTX_DAG_OWNER='***' AIRFLOW_CTX_DAG_ID='5.1-orchestration' AIRFLOW_CTX_TASK_ID='task4' AIRFLOW_CTX_EXECUTION_DATE='2023-09-05T00:00:00+00:00' AIRFLOW_CTX_TRY_NUMBER='1' AIRFLOW_CTX_DAG_RUN_ID='scheduled__2023-09-05T00:00:00+00:00'
[2023-09-18T13:23:22.843+0000] {subprocess.py:63} INFO - Tmp dir root location: /tmp
[2023-09-18T13:23:22.844+0000] {subprocess.py:75} INFO - Running command: ['/bin/bash', '-c', "sleep 2 && echo 'Task 4'"]
[2023-09-18T13:23:22.857+0000] {subprocess.py:86} INFO - Output:
[2023-09-18T13:23:24.861+0000] {subprocess.py:93} INFO - Task 4
[2023-09-18T13:23:24.862+0000] {subprocess.py:97} INFO - Command exited with return code 0
[2023-09-18T13:23:24.897+0000] {taskinstance.py:1398} INFO - Marking task as SUCCESS. dag_id=5.1-orchestration, task_id=task4, execution_date=20230905T000000, start_date=20230918T132322, end_date=20230918T132324
[2023-09-18T13:23:24.938+0000] {local_task_job_runner.py:228} INFO - Task exited with return code 0
[2023-09-18T13:23:24.958+0000] {taskinstance.py:2776} INFO - 0 downstream tasks scheduled from follow-on schedule check
