[2023-09-18T13:53:10.964+0000] {taskinstance.py:1157} INFO - Dependencies all met for dep_context=non-requeueable deps ti=<TaskInstance: 6.1-monitoring.task2 scheduled__2023-09-06T00:00:00+00:00 [queued]>
[2023-09-18T13:53:11.221+0000] {taskinstance.py:1157} INFO - Dependencies all met for dep_context=requeueable deps ti=<TaskInstance: 6.1-monitoring.task2 scheduled__2023-09-06T00:00:00+00:00 [queued]>
[2023-09-18T13:53:11.222+0000] {taskinstance.py:1359} INFO - Starting attempt 1 of 1
[2023-09-18T13:53:11.446+0000] {taskinstance.py:1380} INFO - Executing <Task(BashOperator): task2> on 2023-09-06 00:00:00+00:00
[2023-09-18T13:53:11.458+0000] {standard_task_runner.py:57} INFO - Started process 5049 to run task
[2023-09-18T13:53:11.470+0000] {standard_task_runner.py:84} INFO - Running: ['***', 'tasks', 'run', '6.1-monitoring', 'task2', 'scheduled__2023-09-06T00:00:00+00:00', '--job-id', '395', '--raw', '--subdir', 'DAGS_FOLDER/6.1-monitoring.py', '--cfg-path', '/tmp/tmp2i8gj1a6']
[2023-09-18T13:53:11.487+0000] {standard_task_runner.py:85} INFO - Job 395: Subtask task2
[2023-09-18T13:53:11.672+0000] {task_command.py:415} INFO - Running <TaskInstance: 6.1-monitoring.task2 scheduled__2023-09-06T00:00:00+00:00 [running]> on host e891a57bf0af
[2023-09-18T13:53:11.961+0000] {taskinstance.py:1660} INFO - Exporting env vars: AIRFLOW_CTX_DAG_OWNER='***' AIRFLOW_CTX_DAG_ID='6.1-monitoring' AIRFLOW_CTX_TASK_ID='task2' AIRFLOW_CTX_EXECUTION_DATE='2023-09-06T00:00:00+00:00' AIRFLOW_CTX_TRY_NUMBER='1' AIRFLOW_CTX_DAG_RUN_ID='scheduled__2023-09-06T00:00:00+00:00'
[2023-09-18T13:53:11.981+0000] {subprocess.py:63} INFO - Tmp dir root location: /tmp
[2023-09-18T13:53:11.986+0000] {subprocess.py:75} INFO - Running command: ['/bin/bash', '-c', "sleep 2 && echo 'Task 2'"]
[2023-09-18T13:53:12.026+0000] {subprocess.py:86} INFO - Output:
[2023-09-18T13:53:14.034+0000] {subprocess.py:93} INFO - Task 2
[2023-09-18T13:53:14.036+0000] {subprocess.py:97} INFO - Command exited with return code 0
[2023-09-18T13:53:14.111+0000] {taskinstance.py:1398} INFO - Marking task as SUCCESS. dag_id=6.1-monitoring, task_id=task2, execution_date=20230906T000000, start_date=20230918T135311, end_date=20230918T135314
[2023-09-18T13:53:14.166+0000] {local_task_job_runner.py:228} INFO - Task exited with return code 0
[2023-09-18T13:53:14.232+0000] {taskinstance.py:2776} INFO - 1 downstream tasks scheduled from follow-on schedule check
[2023-09-18T13:54:48.327+0000] {taskinstance.py:1157} INFO - Dependencies all met for dep_context=non-requeueable deps ti=<TaskInstance: 6.1-monitoring.task2 scheduled__2023-09-06T00:00:00+00:00 [queued]>
[2023-09-18T13:54:48.385+0000] {taskinstance.py:1157} INFO - Dependencies all met for dep_context=requeueable deps ti=<TaskInstance: 6.1-monitoring.task2 scheduled__2023-09-06T00:00:00+00:00 [queued]>
[2023-09-18T13:54:48.390+0000] {taskinstance.py:1359} INFO - Starting attempt 1 of 1
[2023-09-18T13:54:48.489+0000] {taskinstance.py:1380} INFO - Executing <Task(BashOperator): task2> on 2023-09-06 00:00:00+00:00
[2023-09-18T13:54:48.501+0000] {standard_task_runner.py:57} INFO - Started process 5254 to run task
[2023-09-18T13:54:48.520+0000] {standard_task_runner.py:84} INFO - Running: ['***', 'tasks', 'run', '6.1-monitoring', 'task2', 'scheduled__2023-09-06T00:00:00+00:00', '--job-id', '445', '--raw', '--subdir', 'DAGS_FOLDER/6.1-monitoring.py', '--cfg-path', '/tmp/tmpggxwultm']
[2023-09-18T13:54:48.528+0000] {standard_task_runner.py:85} INFO - Job 445: Subtask task2
[2023-09-18T13:55:00.171+0000] {cli_action_loggers.py:135} WARNING - Failed to log action (psycopg2.OperationalError) could not translate host name "postgres" to address: Temporary failure in name resolution

(Background on this error at: https://sqlalche.me/e/14/e3q8)
[2023-09-18T13:55:11.572+0000] {standard_task_runner.py:104} ERROR - Failed to execute job 445 for task task2 ((psycopg2.OperationalError) could not translate host name "postgres" to address: Temporary failure in name resolution

(Background on this error at: https://sqlalche.me/e/14/e3q8); 5254)
[2023-09-18T13:55:12.371+0000] {local_task_job_runner.py:228} INFO - Task exited with return code 1
[2023-09-18T13:55:12.931+0000] {taskinstance.py:2776} INFO - 0 downstream tasks scheduled from follow-on schedule check
