[2023-09-19T13:04:57.132+0000] {taskinstance.py:1157} INFO - Dependencies all met for dep_context=non-requeueable deps ti=<TaskInstance: 7.3-externalTaskSensor.end_task scheduled__2023-09-06T00:00:00+00:00 [queued]>
[2023-09-19T13:04:57.144+0000] {taskinstance.py:1157} INFO - Dependencies all met for dep_context=requeueable deps ti=<TaskInstance: 7.3-externalTaskSensor.end_task scheduled__2023-09-06T00:00:00+00:00 [queued]>
[2023-09-19T13:04:57.145+0000] {taskinstance.py:1359} INFO - Starting attempt 1 of 1
[2023-09-19T13:04:57.165+0000] {taskinstance.py:1380} INFO - Executing <Task(FileSensor): end_task> on 2023-09-06 00:00:00+00:00
[2023-09-19T13:04:57.170+0000] {standard_task_runner.py:57} INFO - Started process 1101 to run task
[2023-09-19T13:04:57.174+0000] {standard_task_runner.py:84} INFO - Running: ['***', 'tasks', 'run', '7.3-externalTaskSensor', 'end_task', 'scheduled__2023-09-06T00:00:00+00:00', '--job-id', '605', '--raw', '--subdir', 'DAGS_FOLDER/7.3-ExternalTaskSensor.py', '--cfg-path', '/tmp/tmp92bcxh3r']
[2023-09-19T13:04:57.175+0000] {standard_task_runner.py:85} INFO - Job 605: Subtask end_task
[2023-09-19T13:04:57.228+0000] {task_command.py:415} INFO - Running <TaskInstance: 7.3-externalTaskSensor.end_task scheduled__2023-09-06T00:00:00+00:00 [running]> on host e891a57bf0af
[2023-09-19T13:04:57.313+0000] {taskinstance.py:1660} INFO - Exporting env vars: AIRFLOW_CTX_DAG_OWNER='***' AIRFLOW_CTX_DAG_ID='7.3-externalTaskSensor' AIRFLOW_CTX_TASK_ID='end_task' AIRFLOW_CTX_EXECUTION_DATE='2023-09-06T00:00:00+00:00' AIRFLOW_CTX_TRY_NUMBER='1' AIRFLOW_CTX_DAG_RUN_ID='scheduled__2023-09-06T00:00:00+00:00'
[2023-09-19T13:04:57.323+0000] {base.py:73} INFO - Using connection ID 'fs_default' for task execution.
[2023-09-19T13:04:57.324+0000] {filesystem.py:64} INFO - Poking for file echo 'The file has arrived'
[2023-09-19T13:05:22.319+0000] {local_task_job_runner.py:294} WARNING - State of this instance has been externally set to restarting. Terminating instance.
[2023-09-19T13:05:22.327+0000] {process_utils.py:131} INFO - Sending 15 to group 1101. PIDs of all processes in the group: [1101]
[2023-09-19T13:05:22.331+0000] {process_utils.py:86} INFO - Sending the signal 15 to group 1101
[2023-09-19T13:05:22.332+0000] {taskinstance.py:1630} ERROR - Received SIGTERM. Terminating subprocesses.
[2023-09-19T13:05:22.348+0000] {taskinstance.py:1935} ERROR - Task failed with exception
Traceback (most recent call last):
  File "/home/airflow/.local/lib/python3.8/site-packages/airflow/sensors/base.py", line 285, in execute
    time.sleep(self._get_next_poke_interval(started_at, run_duration, try_number))
  File "/home/airflow/.local/lib/python3.8/site-packages/airflow/models/taskinstance.py", line 1632, in signal_handler
    raise AirflowException("Task received SIGTERM signal")
airflow.exceptions.AirflowException: Task received SIGTERM signal
[2023-09-19T13:05:22.357+0000] {taskinstance.py:1398} INFO - Marking task as UP_FOR_RETRY. dag_id=7.3-externalTaskSensor, task_id=end_task, execution_date=20230906T000000, start_date=20230919T130457, end_date=20230919T130522
[2023-09-19T13:05:22.377+0000] {standard_task_runner.py:104} ERROR - Failed to execute job 605 for task end_task (Task received SIGTERM signal; 1101)
[2023-09-19T13:05:22.429+0000] {process_utils.py:79} INFO - Process psutil.Process(pid=1101, status='terminated', exitcode=1, started='13:04:56') (1101) terminated with exit code 1
[2023-09-19T13:39:21.918+0000] {taskinstance.py:1157} INFO - Dependencies all met for dep_context=non-requeueable deps ti=<TaskInstance: 7.3-externalTaskSensor.end_task scheduled__2023-09-06T00:00:00+00:00 [queued]>
[2023-09-19T13:39:21.940+0000] {taskinstance.py:1157} INFO - Dependencies all met for dep_context=requeueable deps ti=<TaskInstance: 7.3-externalTaskSensor.end_task scheduled__2023-09-06T00:00:00+00:00 [queued]>
[2023-09-19T13:39:21.940+0000] {taskinstance.py:1359} INFO - Starting attempt 1 of 1
[2023-09-19T13:39:21.958+0000] {taskinstance.py:1380} INFO - Executing <Task(BashOperator): end_task> on 2023-09-06 00:00:00+00:00
[2023-09-19T13:39:21.963+0000] {standard_task_runner.py:57} INFO - Started process 1709 to run task
[2023-09-19T13:39:21.966+0000] {standard_task_runner.py:84} INFO - Running: ['***', 'tasks', 'run', '7.3-externalTaskSensor', 'end_task', 'scheduled__2023-09-06T00:00:00+00:00', '--job-id', '630', '--raw', '--subdir', 'DAGS_FOLDER/7.3-ExternalTaskSensor.py', '--cfg-path', '/tmp/tmp_xek4eta']
[2023-09-19T13:39:21.968+0000] {standard_task_runner.py:85} INFO - Job 630: Subtask end_task
[2023-09-19T13:39:22.018+0000] {task_command.py:415} INFO - Running <TaskInstance: 7.3-externalTaskSensor.end_task scheduled__2023-09-06T00:00:00+00:00 [running]> on host e891a57bf0af
[2023-09-19T13:39:22.104+0000] {taskinstance.py:1660} INFO - Exporting env vars: AIRFLOW_CTX_DAG_OWNER='***' AIRFLOW_CTX_DAG_ID='7.3-externalTaskSensor' AIRFLOW_CTX_TASK_ID='end_task' AIRFLOW_CTX_EXECUTION_DATE='2023-09-06T00:00:00+00:00' AIRFLOW_CTX_TRY_NUMBER='1' AIRFLOW_CTX_DAG_RUN_ID='scheduled__2023-09-06T00:00:00+00:00'
[2023-09-19T13:39:22.106+0000] {subprocess.py:63} INFO - Tmp dir root location: /tmp
[2023-09-19T13:39:22.107+0000] {subprocess.py:75} INFO - Running command: ['/bin/bash', '-c', "echo 'The file has arrived'"]
[2023-09-19T13:39:22.117+0000] {subprocess.py:86} INFO - Output:
[2023-09-19T13:39:22.119+0000] {subprocess.py:93} INFO - The file has arrived
[2023-09-19T13:39:22.120+0000] {subprocess.py:97} INFO - Command exited with return code 0
[2023-09-19T13:39:22.147+0000] {taskinstance.py:1398} INFO - Marking task as SUCCESS. dag_id=7.3-externalTaskSensor, task_id=end_task, execution_date=20230906T000000, start_date=20230919T133921, end_date=20230919T133922
[2023-09-19T13:39:22.180+0000] {local_task_job_runner.py:228} INFO - Task exited with return code 0
[2023-09-19T13:39:22.201+0000] {taskinstance.py:2776} INFO - 0 downstream tasks scheduled from follow-on schedule check
