[2023-09-18T13:45:47.386+0000] {taskinstance.py:1157} INFO - Dependencies all met for dep_context=non-requeueable deps ti=<TaskInstance: 6.1-monitoring.task1 scheduled__2023-08-17T00:00:00+00:00 [queued]>
[2023-09-18T13:45:47.423+0000] {taskinstance.py:1157} INFO - Dependencies all met for dep_context=requeueable deps ti=<TaskInstance: 6.1-monitoring.task1 scheduled__2023-08-17T00:00:00+00:00 [queued]>
[2023-09-18T13:45:47.424+0000] {taskinstance.py:1359} INFO - Starting attempt 1 of 1
[2023-09-18T13:45:47.446+0000] {taskinstance.py:1380} INFO - Executing <Task(BashOperator): task1> on 2023-08-17 00:00:00+00:00
[2023-09-18T13:45:47.456+0000] {standard_task_runner.py:57} INFO - Started process 4274 to run task
[2023-09-18T13:45:47.461+0000] {standard_task_runner.py:84} INFO - Running: ['***', 'tasks', 'run', '6.1-monitoring', 'task1', 'scheduled__2023-08-17T00:00:00+00:00', '--job-id', '207', '--raw', '--subdir', 'DAGS_FOLDER/6.1-monitoring.py', '--cfg-path', '/tmp/tmp88s2xb1b']
[2023-09-18T13:45:47.464+0000] {standard_task_runner.py:85} INFO - Job 207: Subtask task1
[2023-09-18T13:45:47.539+0000] {task_command.py:415} INFO - Running <TaskInstance: 6.1-monitoring.task1 scheduled__2023-08-17T00:00:00+00:00 [running]> on host e891a57bf0af
[2023-09-18T13:45:47.655+0000] {taskinstance.py:1660} INFO - Exporting env vars: AIRFLOW_CTX_DAG_OWNER='***' AIRFLOW_CTX_DAG_ID='6.1-monitoring' AIRFLOW_CTX_TASK_ID='task1' AIRFLOW_CTX_EXECUTION_DATE='2023-08-17T00:00:00+00:00' AIRFLOW_CTX_TRY_NUMBER='1' AIRFLOW_CTX_DAG_RUN_ID='scheduled__2023-08-17T00:00:00+00:00'
[2023-09-18T13:45:47.671+0000] {subprocess.py:63} INFO - Tmp dir root location: /tmp
[2023-09-18T13:45:47.675+0000] {subprocess.py:75} INFO - Running command: ['/bin/bash', '-c', "sleep 2 && echo 'Task 1'"]
[2023-09-18T13:45:47.692+0000] {subprocess.py:86} INFO - Output:
[2023-09-18T13:45:49.706+0000] {subprocess.py:93} INFO - Task 1
[2023-09-18T13:45:49.707+0000] {subprocess.py:97} INFO - Command exited with return code 0
[2023-09-18T13:45:49.773+0000] {taskinstance.py:1398} INFO - Marking task as SUCCESS. dag_id=6.1-monitoring, task_id=task1, execution_date=20230817T000000, start_date=20230918T134547, end_date=20230918T134549
[2023-09-18T13:45:49.861+0000] {local_task_job_runner.py:228} INFO - Task exited with return code 0
[2023-09-18T13:45:49.912+0000] {taskinstance.py:2776} INFO - 1 downstream tasks scheduled from follow-on schedule check
[2023-09-18T13:51:29.849+0000] {taskinstance.py:1157} INFO - Dependencies all met for dep_context=non-requeueable deps ti=<TaskInstance: 6.1-monitoring.task1 scheduled__2023-08-17T00:00:00+00:00 [queued]>
[2023-09-18T13:51:29.875+0000] {taskinstance.py:1157} INFO - Dependencies all met for dep_context=requeueable deps ti=<TaskInstance: 6.1-monitoring.task1 scheduled__2023-08-17T00:00:00+00:00 [queued]>
[2023-09-18T13:51:29.877+0000] {taskinstance.py:1359} INFO - Starting attempt 1 of 1
[2023-09-18T13:51:29.923+0000] {taskinstance.py:1380} INFO - Executing <Task(BashOperator): task1> on 2023-08-17 00:00:00+00:00
[2023-09-18T13:51:29.937+0000] {standard_task_runner.py:57} INFO - Started process 4660 to run task
[2023-09-18T13:51:29.945+0000] {standard_task_runner.py:84} INFO - Running: ['***', 'tasks', 'run', '6.1-monitoring', 'task1', 'scheduled__2023-08-17T00:00:00+00:00', '--job-id', '291', '--raw', '--subdir', 'DAGS_FOLDER/6.1-monitoring.py', '--cfg-path', '/tmp/tmpbjmcnus8']
[2023-09-18T13:51:29.949+0000] {standard_task_runner.py:85} INFO - Job 291: Subtask task1
[2023-09-18T13:51:30.057+0000] {task_command.py:415} INFO - Running <TaskInstance: 6.1-monitoring.task1 scheduled__2023-08-17T00:00:00+00:00 [running]> on host e891a57bf0af
[2023-09-18T13:51:30.276+0000] {taskinstance.py:1660} INFO - Exporting env vars: AIRFLOW_CTX_DAG_OWNER='***' AIRFLOW_CTX_DAG_ID='6.1-monitoring' AIRFLOW_CTX_TASK_ID='task1' AIRFLOW_CTX_EXECUTION_DATE='2023-08-17T00:00:00+00:00' AIRFLOW_CTX_TRY_NUMBER='1' AIRFLOW_CTX_DAG_RUN_ID='scheduled__2023-08-17T00:00:00+00:00'
[2023-09-18T13:51:30.279+0000] {subprocess.py:63} INFO - Tmp dir root location: /tmp
[2023-09-18T13:51:30.281+0000] {subprocess.py:75} INFO - Running command: ['/bin/bash', '-c', "sleep 2 && echo 'Task 1'"]
[2023-09-18T13:51:30.311+0000] {subprocess.py:86} INFO - Output:
[2023-09-18T13:51:32.320+0000] {subprocess.py:93} INFO - Task 1
[2023-09-18T13:51:32.324+0000] {subprocess.py:97} INFO - Command exited with return code 0
[2023-09-18T13:51:32.420+0000] {taskinstance.py:1398} INFO - Marking task as SUCCESS. dag_id=6.1-monitoring, task_id=task1, execution_date=20230817T000000, start_date=20230918T135129, end_date=20230918T135132
[2023-09-18T13:51:32.528+0000] {local_task_job_runner.py:228} INFO - Task exited with return code 0
[2023-09-18T13:51:32.634+0000] {taskinstance.py:2776} INFO - 1 downstream tasks scheduled from follow-on schedule check
