[2023-09-18T13:03:15.388+0000] {taskinstance.py:1157} INFO - Dependencies all met for dep_context=non-requeueable deps ti=<TaskInstance: 5.1-orchestration.task3 scheduled__2023-09-08T00:00:00+00:00 [queued]>
[2023-09-18T13:03:15.411+0000] {taskinstance.py:1157} INFO - Dependencies all met for dep_context=requeueable deps ti=<TaskInstance: 5.1-orchestration.task3 scheduled__2023-09-08T00:00:00+00:00 [queued]>
[2023-09-18T13:03:15.412+0000] {taskinstance.py:1359} INFO - Starting attempt 1 of 1
[2023-09-18T13:03:15.441+0000] {taskinstance.py:1380} INFO - Executing <Task(BashOperator): task3> on 2023-09-08 00:00:00+00:00
[2023-09-18T13:03:15.449+0000] {standard_task_runner.py:57} INFO - Started process 3086 to run task
[2023-09-18T13:03:15.454+0000] {standard_task_runner.py:84} INFO - Running: ['***', 'tasks', 'run', '5.1-orchestration', 'task3', 'scheduled__2023-09-08T00:00:00+00:00', '--job-id', '69', '--raw', '--subdir', 'DAGS_FOLDER/5.1-orchestration.py', '--cfg-path', '/tmp/tmplf_diuo6']
[2023-09-18T13:03:15.456+0000] {standard_task_runner.py:85} INFO - Job 69: Subtask task3
[2023-09-18T13:03:15.533+0000] {task_command.py:415} INFO - Running <TaskInstance: 5.1-orchestration.task3 scheduled__2023-09-08T00:00:00+00:00 [running]> on host e891a57bf0af
[2023-09-18T13:03:15.648+0000] {taskinstance.py:1660} INFO - Exporting env vars: AIRFLOW_CTX_DAG_OWNER='***' AIRFLOW_CTX_DAG_ID='5.1-orchestration' AIRFLOW_CTX_TASK_ID='task3' AIRFLOW_CTX_EXECUTION_DATE='2023-09-08T00:00:00+00:00' AIRFLOW_CTX_TRY_NUMBER='1' AIRFLOW_CTX_DAG_RUN_ID='scheduled__2023-09-08T00:00:00+00:00'
[2023-09-18T13:03:15.664+0000] {subprocess.py:63} INFO - Tmp dir root location: /tmp
[2023-09-18T13:03:15.666+0000] {subprocess.py:75} INFO - Running command: ['/bin/bash', '-c', "sleep 2 && echo 'Task 3'"]
[2023-09-18T13:03:15.687+0000] {subprocess.py:86} INFO - Output:
[2023-09-18T13:03:17.769+0000] {subprocess.py:93} INFO - Task 3
[2023-09-18T13:03:17.787+0000] {subprocess.py:97} INFO - Command exited with return code 0
[2023-09-18T13:03:18.728+0000] {taskinstance.py:1398} INFO - Marking task as SUCCESS. dag_id=5.1-orchestration, task_id=task3, execution_date=20230908T000000, start_date=20230918T130315, end_date=20230918T130318
[2023-09-18T13:03:18.805+0000] {local_task_job_runner.py:228} INFO - Task exited with return code 0
[2023-09-18T13:03:18.834+0000] {taskinstance.py:2776} INFO - 0 downstream tasks scheduled from follow-on schedule check
[2023-09-18T13:23:55.116+0000] {taskinstance.py:1157} INFO - Dependencies all met for dep_context=non-requeueable deps ti=<TaskInstance: 5.1-orchestration.task3 scheduled__2023-09-08T00:00:00+00:00 [queued]>
[2023-09-18T13:23:55.229+0000] {taskinstance.py:1157} INFO - Dependencies all met for dep_context=requeueable deps ti=<TaskInstance: 5.1-orchestration.task3 scheduled__2023-09-08T00:00:00+00:00 [queued]>
[2023-09-18T13:23:55.229+0000] {taskinstance.py:1359} INFO - Starting attempt 1 of 1
[2023-09-18T13:23:55.252+0000] {taskinstance.py:1380} INFO - Executing <Task(BashOperator): task3> on 2023-09-08 00:00:00+00:00
[2023-09-18T13:23:55.258+0000] {standard_task_runner.py:57} INFO - Started process 3675 to run task
[2023-09-18T13:23:55.262+0000] {standard_task_runner.py:84} INFO - Running: ['***', 'tasks', 'run', '5.1-orchestration', 'task3', 'scheduled__2023-09-08T00:00:00+00:00', '--job-id', '140', '--raw', '--subdir', 'DAGS_FOLDER/5.1-orchestration.py', '--cfg-path', '/tmp/tmp1vy_hgs1']
[2023-09-18T13:23:55.263+0000] {standard_task_runner.py:85} INFO - Job 140: Subtask task3
[2023-09-18T13:23:55.320+0000] {task_command.py:415} INFO - Running <TaskInstance: 5.1-orchestration.task3 scheduled__2023-09-08T00:00:00+00:00 [running]> on host e891a57bf0af
[2023-09-18T13:23:55.422+0000] {taskinstance.py:1660} INFO - Exporting env vars: AIRFLOW_CTX_DAG_OWNER='***' AIRFLOW_CTX_DAG_ID='5.1-orchestration' AIRFLOW_CTX_TASK_ID='task3' AIRFLOW_CTX_EXECUTION_DATE='2023-09-08T00:00:00+00:00' AIRFLOW_CTX_TRY_NUMBER='1' AIRFLOW_CTX_DAG_RUN_ID='scheduled__2023-09-08T00:00:00+00:00'
[2023-09-18T13:23:55.424+0000] {subprocess.py:63} INFO - Tmp dir root location: /tmp
[2023-09-18T13:23:55.426+0000] {subprocess.py:75} INFO - Running command: ['/bin/bash', '-c', "sleep 2 && echo 'Task 3'"]
[2023-09-18T13:23:55.437+0000] {subprocess.py:86} INFO - Output:
[2023-09-18T13:23:57.441+0000] {subprocess.py:93} INFO - Task 3
[2023-09-18T13:23:57.442+0000] {subprocess.py:97} INFO - Command exited with return code 0
[2023-09-18T13:23:57.472+0000] {taskinstance.py:1398} INFO - Marking task as SUCCESS. dag_id=5.1-orchestration, task_id=task3, execution_date=20230908T000000, start_date=20230918T132355, end_date=20230918T132357
[2023-09-18T13:23:57.531+0000] {local_task_job_runner.py:228} INFO - Task exited with return code 0
[2023-09-18T13:23:57.566+0000] {taskinstance.py:2776} INFO - 0 downstream tasks scheduled from follow-on schedule check
