[2023-09-18T13:53:21.549+0000] {taskinstance.py:1157} INFO - Dependencies all met for dep_context=non-requeueable deps ti=<TaskInstance: 6.1-monitoring.task5 scheduled__2023-09-11T00:00:00+00:00 [queued]>
[2023-09-18T13:53:21.567+0000] {taskinstance.py:1157} INFO - Dependencies all met for dep_context=requeueable deps ti=<TaskInstance: 6.1-monitoring.task5 scheduled__2023-09-11T00:00:00+00:00 [queued]>
[2023-09-18T13:53:21.568+0000] {taskinstance.py:1359} INFO - Starting attempt 1 of 1
[2023-09-18T13:53:21.588+0000] {taskinstance.py:1380} INFO - Executing <Task(BashOperator): task5> on 2023-09-11 00:00:00+00:00
[2023-09-18T13:53:21.596+0000] {standard_task_runner.py:57} INFO - Started process 5098 to run task
[2023-09-18T13:53:21.601+0000] {standard_task_runner.py:84} INFO - Running: ['***', 'tasks', 'run', '6.1-monitoring', 'task5', 'scheduled__2023-09-11T00:00:00+00:00', '--job-id', '410', '--raw', '--subdir', 'DAGS_FOLDER/6.1-monitoring.py', '--cfg-path', '/tmp/tmpgq3wjfjq']
[2023-09-18T13:53:21.603+0000] {standard_task_runner.py:85} INFO - Job 410: Subtask task5
[2023-09-18T13:53:21.676+0000] {task_command.py:415} INFO - Running <TaskInstance: 6.1-monitoring.task5 scheduled__2023-09-11T00:00:00+00:00 [running]> on host e891a57bf0af
[2023-09-18T13:53:21.791+0000] {taskinstance.py:1660} INFO - Exporting env vars: AIRFLOW_CTX_DAG_OWNER='***' AIRFLOW_CTX_DAG_ID='6.1-monitoring' AIRFLOW_CTX_TASK_ID='task5' AIRFLOW_CTX_EXECUTION_DATE='2023-09-11T00:00:00+00:00' AIRFLOW_CTX_TRY_NUMBER='1' AIRFLOW_CTX_DAG_RUN_ID='scheduled__2023-09-11T00:00:00+00:00'
[2023-09-18T13:53:21.794+0000] {subprocess.py:63} INFO - Tmp dir root location: /tmp
[2023-09-18T13:53:21.796+0000] {subprocess.py:75} INFO - Running command: ['/bin/bash', '-c', "sleep 2 && echo 'Task 5'"]
[2023-09-18T13:53:21.812+0000] {subprocess.py:86} INFO - Output:
[2023-09-18T13:53:23.817+0000] {subprocess.py:93} INFO - Task 5
[2023-09-18T13:53:23.818+0000] {subprocess.py:97} INFO - Command exited with return code 0
[2023-09-18T13:53:23.858+0000] {taskinstance.py:1398} INFO - Marking task as SUCCESS. dag_id=6.1-monitoring, task_id=task5, execution_date=20230911T000000, start_date=20230918T135321, end_date=20230918T135323
[2023-09-18T13:53:23.908+0000] {local_task_job_runner.py:228} INFO - Task exited with return code 0
[2023-09-18T13:53:23.945+0000] {taskinstance.py:2776} INFO - 0 downstream tasks scheduled from follow-on schedule check
[2023-09-18T13:55:26.002+0000] {taskinstance.py:1157} INFO - Dependencies all met for dep_context=non-requeueable deps ti=<TaskInstance: 6.1-monitoring.task5 scheduled__2023-09-11T00:00:00+00:00 [queued]>
[2023-09-18T13:55:26.015+0000] {taskinstance.py:1157} INFO - Dependencies all met for dep_context=requeueable deps ti=<TaskInstance: 6.1-monitoring.task5 scheduled__2023-09-11T00:00:00+00:00 [queued]>
[2023-09-18T13:55:26.015+0000] {taskinstance.py:1359} INFO - Starting attempt 1 of 1
[2023-09-18T13:55:26.037+0000] {taskinstance.py:1380} INFO - Executing <Task(BashOperator): task5> on 2023-09-11 00:00:00+00:00
[2023-09-18T13:55:26.044+0000] {standard_task_runner.py:57} INFO - Started process 5359 to run task
[2023-09-18T13:55:26.049+0000] {standard_task_runner.py:84} INFO - Running: ['***', 'tasks', 'run', '6.1-monitoring', 'task5', 'scheduled__2023-09-11T00:00:00+00:00', '--job-id', '474', '--raw', '--subdir', 'DAGS_FOLDER/6.1-monitoring.py', '--cfg-path', '/tmp/tmpiz7svdh6']
[2023-09-18T13:55:26.051+0000] {standard_task_runner.py:85} INFO - Job 474: Subtask task5
[2023-09-18T13:55:26.123+0000] {task_command.py:415} INFO - Running <TaskInstance: 6.1-monitoring.task5 scheduled__2023-09-11T00:00:00+00:00 [running]> on host e891a57bf0af
[2023-09-18T13:55:26.243+0000] {taskinstance.py:1660} INFO - Exporting env vars: AIRFLOW_CTX_DAG_OWNER='***' AIRFLOW_CTX_DAG_ID='6.1-monitoring' AIRFLOW_CTX_TASK_ID='task5' AIRFLOW_CTX_EXECUTION_DATE='2023-09-11T00:00:00+00:00' AIRFLOW_CTX_TRY_NUMBER='1' AIRFLOW_CTX_DAG_RUN_ID='scheduled__2023-09-11T00:00:00+00:00'
[2023-09-18T13:55:26.245+0000] {subprocess.py:63} INFO - Tmp dir root location: /tmp
[2023-09-18T13:55:26.247+0000] {subprocess.py:75} INFO - Running command: ['/bin/bash', '-c', "sleep 2 && echo 'Task 5'"]
[2023-09-18T13:55:26.262+0000] {subprocess.py:86} INFO - Output:
[2023-09-18T13:55:28.266+0000] {subprocess.py:93} INFO - Task 5
[2023-09-18T13:55:28.269+0000] {subprocess.py:97} INFO - Command exited with return code 0
[2023-09-18T13:55:28.327+0000] {taskinstance.py:1398} INFO - Marking task as SUCCESS. dag_id=6.1-monitoring, task_id=task5, execution_date=20230911T000000, start_date=20230918T135526, end_date=20230918T135528
[2023-09-18T13:55:28.358+0000] {local_task_job_runner.py:228} INFO - Task exited with return code 0
[2023-09-18T13:55:28.392+0000] {taskinstance.py:2776} INFO - 0 downstream tasks scheduled from follow-on schedule check
