[2023-09-18T13:53:14.083+0000] {taskinstance.py:1157} INFO - Dependencies all met for dep_context=non-requeueable deps ti=<TaskInstance: 6.1-monitoring.task5 scheduled__2023-09-04T00:00:00+00:00 [queued]>
[2023-09-18T13:53:14.116+0000] {taskinstance.py:1157} INFO - Dependencies all met for dep_context=requeueable deps ti=<TaskInstance: 6.1-monitoring.task5 scheduled__2023-09-04T00:00:00+00:00 [queued]>
[2023-09-18T13:53:14.117+0000] {taskinstance.py:1359} INFO - Starting attempt 1 of 1
[2023-09-18T13:53:14.148+0000] {taskinstance.py:1380} INFO - Executing <Task(BashOperator): task5> on 2023-09-04 00:00:00+00:00
[2023-09-18T13:53:14.160+0000] {standard_task_runner.py:57} INFO - Started process 5056 to run task
[2023-09-18T13:53:14.173+0000] {standard_task_runner.py:84} INFO - Running: ['***', 'tasks', 'run', '6.1-monitoring', 'task5', 'scheduled__2023-09-04T00:00:00+00:00', '--job-id', '397', '--raw', '--subdir', 'DAGS_FOLDER/6.1-monitoring.py', '--cfg-path', '/tmp/tmpo_sr7lhy']
[2023-09-18T13:53:14.176+0000] {standard_task_runner.py:85} INFO - Job 397: Subtask task5
[2023-09-18T13:53:14.284+0000] {task_command.py:415} INFO - Running <TaskInstance: 6.1-monitoring.task5 scheduled__2023-09-04T00:00:00+00:00 [running]> on host e891a57bf0af
[2023-09-18T13:53:14.441+0000] {taskinstance.py:1660} INFO - Exporting env vars: AIRFLOW_CTX_DAG_OWNER='***' AIRFLOW_CTX_DAG_ID='6.1-monitoring' AIRFLOW_CTX_TASK_ID='task5' AIRFLOW_CTX_EXECUTION_DATE='2023-09-04T00:00:00+00:00' AIRFLOW_CTX_TRY_NUMBER='1' AIRFLOW_CTX_DAG_RUN_ID='scheduled__2023-09-04T00:00:00+00:00'
[2023-09-18T13:53:14.444+0000] {subprocess.py:63} INFO - Tmp dir root location: /tmp
[2023-09-18T13:53:14.449+0000] {subprocess.py:75} INFO - Running command: ['/bin/bash', '-c', "sleep 2 && echo 'Task 5'"]
[2023-09-18T13:53:14.466+0000] {subprocess.py:86} INFO - Output:
[2023-09-18T13:53:16.477+0000] {subprocess.py:93} INFO - Task 5
[2023-09-18T13:53:16.482+0000] {subprocess.py:97} INFO - Command exited with return code 0
[2023-09-18T13:53:16.570+0000] {taskinstance.py:1398} INFO - Marking task as SUCCESS. dag_id=6.1-monitoring, task_id=task5, execution_date=20230904T000000, start_date=20230918T135314, end_date=20230918T135316
[2023-09-18T13:53:16.655+0000] {local_task_job_runner.py:228} INFO - Task exited with return code 0
[2023-09-18T13:53:16.704+0000] {taskinstance.py:2776} INFO - 0 downstream tasks scheduled from follow-on schedule check
[2023-09-18T13:55:23.961+0000] {taskinstance.py:1157} INFO - Dependencies all met for dep_context=non-requeueable deps ti=<TaskInstance: 6.1-monitoring.task5 scheduled__2023-09-04T00:00:00+00:00 [queued]>
[2023-09-18T13:55:24.051+0000] {taskinstance.py:1157} INFO - Dependencies all met for dep_context=requeueable deps ti=<TaskInstance: 6.1-monitoring.task5 scheduled__2023-09-04T00:00:00+00:00 [queued]>
[2023-09-18T13:55:24.062+0000] {taskinstance.py:1359} INFO - Starting attempt 1 of 1
[2023-09-18T13:55:24.173+0000] {taskinstance.py:1380} INFO - Executing <Task(BashOperator): task5> on 2023-09-04 00:00:00+00:00
[2023-09-18T13:55:24.195+0000] {standard_task_runner.py:57} INFO - Started process 5335 to run task
[2023-09-18T13:55:24.256+0000] {standard_task_runner.py:84} INFO - Running: ['***', 'tasks', 'run', '6.1-monitoring', 'task5', 'scheduled__2023-09-04T00:00:00+00:00', '--job-id', '469', '--raw', '--subdir', 'DAGS_FOLDER/6.1-monitoring.py', '--cfg-path', '/tmp/tmp2ovvsyxz']
[2023-09-18T13:55:24.282+0000] {standard_task_runner.py:85} INFO - Job 469: Subtask task5
[2023-09-18T13:55:24.569+0000] {task_command.py:415} INFO - Running <TaskInstance: 6.1-monitoring.task5 scheduled__2023-09-04T00:00:00+00:00 [running]> on host e891a57bf0af
[2023-09-18T13:55:24.852+0000] {taskinstance.py:1660} INFO - Exporting env vars: AIRFLOW_CTX_DAG_OWNER='***' AIRFLOW_CTX_DAG_ID='6.1-monitoring' AIRFLOW_CTX_TASK_ID='task5' AIRFLOW_CTX_EXECUTION_DATE='2023-09-04T00:00:00+00:00' AIRFLOW_CTX_TRY_NUMBER='1' AIRFLOW_CTX_DAG_RUN_ID='scheduled__2023-09-04T00:00:00+00:00'
[2023-09-18T13:55:24.855+0000] {subprocess.py:63} INFO - Tmp dir root location: /tmp
[2023-09-18T13:55:24.858+0000] {subprocess.py:75} INFO - Running command: ['/bin/bash', '-c', "sleep 2 && echo 'Task 5'"]
[2023-09-18T13:55:24.887+0000] {subprocess.py:86} INFO - Output:
[2023-09-18T13:55:26.891+0000] {subprocess.py:93} INFO - Task 5
[2023-09-18T13:55:26.892+0000] {subprocess.py:97} INFO - Command exited with return code 0
[2023-09-18T13:55:26.947+0000] {taskinstance.py:1398} INFO - Marking task as SUCCESS. dag_id=6.1-monitoring, task_id=task5, execution_date=20230904T000000, start_date=20230918T135523, end_date=20230918T135526
[2023-09-18T13:55:27.059+0000] {local_task_job_runner.py:228} INFO - Task exited with return code 0
[2023-09-18T13:55:27.087+0000] {taskinstance.py:2776} INFO - 0 downstream tasks scheduled from follow-on schedule check
