[2023-09-18T13:02:53.004+0000] {taskinstance.py:1157} INFO - Dependencies all met for dep_context=non-requeueable deps ti=<TaskInstance: 5.1-orchestration.task2 scheduled__2023-09-03T00:00:00+00:00 [queued]>
[2023-09-18T13:02:53.017+0000] {taskinstance.py:1157} INFO - Dependencies all met for dep_context=requeueable deps ti=<TaskInstance: 5.1-orchestration.task2 scheduled__2023-09-03T00:00:00+00:00 [queued]>
[2023-09-18T13:02:53.018+0000] {taskinstance.py:1359} INFO - Starting attempt 1 of 1
[2023-09-18T13:02:53.032+0000] {taskinstance.py:1380} INFO - Executing <Task(BashOperator): task2> on 2023-09-03 00:00:00+00:00
[2023-09-18T13:02:53.039+0000] {standard_task_runner.py:57} INFO - Started process 2977 to run task
[2023-09-18T13:02:53.043+0000] {standard_task_runner.py:84} INFO - Running: ['***', 'tasks', 'run', '5.1-orchestration', 'task2', 'scheduled__2023-09-03T00:00:00+00:00', '--job-id', '44', '--raw', '--subdir', 'DAGS_FOLDER/5.1-orchestration.py', '--cfg-path', '/tmp/tmpkpfcysy9']
[2023-09-18T13:02:53.045+0000] {standard_task_runner.py:85} INFO - Job 44: Subtask task2
[2023-09-18T13:02:53.120+0000] {task_command.py:415} INFO - Running <TaskInstance: 5.1-orchestration.task2 scheduled__2023-09-03T00:00:00+00:00 [running]> on host e891a57bf0af
[2023-09-18T13:02:53.231+0000] {taskinstance.py:1660} INFO - Exporting env vars: AIRFLOW_CTX_DAG_OWNER='***' AIRFLOW_CTX_DAG_ID='5.1-orchestration' AIRFLOW_CTX_TASK_ID='task2' AIRFLOW_CTX_EXECUTION_DATE='2023-09-03T00:00:00+00:00' AIRFLOW_CTX_TRY_NUMBER='1' AIRFLOW_CTX_DAG_RUN_ID='scheduled__2023-09-03T00:00:00+00:00'
[2023-09-18T13:02:53.233+0000] {subprocess.py:63} INFO - Tmp dir root location: /tmp
[2023-09-18T13:02:53.236+0000] {subprocess.py:75} INFO - Running command: ['/bin/bash', '-c', "sleep 2 && echo 'Task 2'"]
[2023-09-18T13:02:53.251+0000] {subprocess.py:86} INFO - Output:
[2023-09-18T13:02:55.271+0000] {subprocess.py:93} INFO - Task 2
[2023-09-18T13:02:55.272+0000] {subprocess.py:97} INFO - Command exited with return code 0
[2023-09-18T13:02:55.305+0000] {taskinstance.py:1398} INFO - Marking task as SUCCESS. dag_id=5.1-orchestration, task_id=task2, execution_date=20230903T000000, start_date=20230918T130253, end_date=20230918T130255
[2023-09-18T13:02:55.351+0000] {local_task_job_runner.py:228} INFO - Task exited with return code 0
[2023-09-18T13:02:55.389+0000] {taskinstance.py:2776} INFO - 0 downstream tasks scheduled from follow-on schedule check
[2023-09-18T13:22:55.849+0000] {taskinstance.py:1157} INFO - Dependencies all met for dep_context=non-requeueable deps ti=<TaskInstance: 5.1-orchestration.task2 scheduled__2023-09-03T00:00:00+00:00 [queued]>
[2023-09-18T13:22:55.861+0000] {taskinstance.py:1157} INFO - Dependencies all met for dep_context=requeueable deps ti=<TaskInstance: 5.1-orchestration.task2 scheduled__2023-09-03T00:00:00+00:00 [queued]>
[2023-09-18T13:22:55.862+0000] {taskinstance.py:1359} INFO - Starting attempt 1 of 1
[2023-09-18T13:22:55.876+0000] {taskinstance.py:1380} INFO - Executing <Task(BashOperator): task2> on 2023-09-03 00:00:00+00:00
[2023-09-18T13:22:55.882+0000] {standard_task_runner.py:57} INFO - Started process 3572 to run task
[2023-09-18T13:22:55.886+0000] {standard_task_runner.py:84} INFO - Running: ['***', 'tasks', 'run', '5.1-orchestration', 'task2', 'scheduled__2023-09-03T00:00:00+00:00', '--job-id', '118', '--raw', '--subdir', 'DAGS_FOLDER/5.1-orchestration.py', '--cfg-path', '/tmp/tmpv1gg2v2y']
[2023-09-18T13:22:55.888+0000] {standard_task_runner.py:85} INFO - Job 118: Subtask task2
[2023-09-18T13:22:55.939+0000] {task_command.py:415} INFO - Running <TaskInstance: 5.1-orchestration.task2 scheduled__2023-09-03T00:00:00+00:00 [running]> on host e891a57bf0af
[2023-09-18T13:22:56.030+0000] {taskinstance.py:1660} INFO - Exporting env vars: AIRFLOW_CTX_DAG_OWNER='***' AIRFLOW_CTX_DAG_ID='5.1-orchestration' AIRFLOW_CTX_TASK_ID='task2' AIRFLOW_CTX_EXECUTION_DATE='2023-09-03T00:00:00+00:00' AIRFLOW_CTX_TRY_NUMBER='1' AIRFLOW_CTX_DAG_RUN_ID='scheduled__2023-09-03T00:00:00+00:00'
[2023-09-18T13:22:56.032+0000] {subprocess.py:63} INFO - Tmp dir root location: /tmp
[2023-09-18T13:22:56.033+0000] {subprocess.py:75} INFO - Running command: ['/bin/bash', '-c', "sleep 2 && echo 'Task 2'"]
[2023-09-18T13:22:56.042+0000] {subprocess.py:86} INFO - Output:
[2023-09-18T13:22:58.046+0000] {subprocess.py:93} INFO - Task 2
[2023-09-18T13:22:58.047+0000] {subprocess.py:97} INFO - Command exited with return code 0
[2023-09-18T13:22:58.073+0000] {taskinstance.py:1398} INFO - Marking task as SUCCESS. dag_id=5.1-orchestration, task_id=task2, execution_date=20230903T000000, start_date=20230918T132255, end_date=20230918T132258
[2023-09-18T13:22:58.117+0000] {local_task_job_runner.py:228} INFO - Task exited with return code 0
[2023-09-18T13:22:58.147+0000] {taskinstance.py:2776} INFO - 2 downstream tasks scheduled from follow-on schedule check
