[2023-09-18T13:45:45.368+0000] {taskinstance.py:1157} INFO - Dependencies all met for dep_context=non-requeueable deps ti=<TaskInstance: 6.1-monitoring.task1 scheduled__2023-08-15T00:00:00+00:00 [queued]>
[2023-09-18T13:45:45.412+0000] {taskinstance.py:1157} INFO - Dependencies all met for dep_context=requeueable deps ti=<TaskInstance: 6.1-monitoring.task1 scheduled__2023-08-15T00:00:00+00:00 [queued]>
[2023-09-18T13:45:45.412+0000] {taskinstance.py:1359} INFO - Starting attempt 1 of 1
[2023-09-18T13:45:45.439+0000] {taskinstance.py:1380} INFO - Executing <Task(BashOperator): task1> on 2023-08-15 00:00:00+00:00
[2023-09-18T13:45:45.454+0000] {standard_task_runner.py:57} INFO - Started process 4263 to run task
[2023-09-18T13:45:45.466+0000] {standard_task_runner.py:84} INFO - Running: ['***', 'tasks', 'run', '6.1-monitoring', 'task1', 'scheduled__2023-08-15T00:00:00+00:00', '--job-id', '203', '--raw', '--subdir', 'DAGS_FOLDER/6.1-monitoring.py', '--cfg-path', '/tmp/tmpdgx_8g2o']
[2023-09-18T13:45:45.471+0000] {standard_task_runner.py:85} INFO - Job 203: Subtask task1
[2023-09-18T13:45:45.568+0000] {task_command.py:415} INFO - Running <TaskInstance: 6.1-monitoring.task1 scheduled__2023-08-15T00:00:00+00:00 [running]> on host e891a57bf0af
[2023-09-18T13:45:45.834+0000] {taskinstance.py:1660} INFO - Exporting env vars: AIRFLOW_CTX_DAG_OWNER='***' AIRFLOW_CTX_DAG_ID='6.1-monitoring' AIRFLOW_CTX_TASK_ID='task1' AIRFLOW_CTX_EXECUTION_DATE='2023-08-15T00:00:00+00:00' AIRFLOW_CTX_TRY_NUMBER='1' AIRFLOW_CTX_DAG_RUN_ID='scheduled__2023-08-15T00:00:00+00:00'
[2023-09-18T13:45:45.850+0000] {subprocess.py:63} INFO - Tmp dir root location: /tmp
[2023-09-18T13:45:45.856+0000] {subprocess.py:75} INFO - Running command: ['/bin/bash', '-c', "sleep 2 && echo 'Task 1'"]
[2023-09-18T13:45:45.894+0000] {subprocess.py:86} INFO - Output:
[2023-09-18T13:45:47.939+0000] {subprocess.py:93} INFO - Task 1
[2023-09-18T13:45:47.941+0000] {subprocess.py:97} INFO - Command exited with return code 0
[2023-09-18T13:45:47.998+0000] {taskinstance.py:1398} INFO - Marking task as SUCCESS. dag_id=6.1-monitoring, task_id=task1, execution_date=20230815T000000, start_date=20230918T134545, end_date=20230918T134547
[2023-09-18T13:45:48.073+0000] {local_task_job_runner.py:228} INFO - Task exited with return code 0
[2023-09-18T13:45:48.148+0000] {taskinstance.py:2776} INFO - 1 downstream tasks scheduled from follow-on schedule check
[2023-09-18T13:51:21.835+0000] {taskinstance.py:1157} INFO - Dependencies all met for dep_context=non-requeueable deps ti=<TaskInstance: 6.1-monitoring.task1 scheduled__2023-08-15T00:00:00+00:00 [queued]>
[2023-09-18T13:51:21.890+0000] {taskinstance.py:1157} INFO - Dependencies all met for dep_context=requeueable deps ti=<TaskInstance: 6.1-monitoring.task1 scheduled__2023-08-15T00:00:00+00:00 [queued]>
[2023-09-18T13:51:21.892+0000] {taskinstance.py:1359} INFO - Starting attempt 1 of 1
[2023-09-18T13:51:22.189+0000] {taskinstance.py:1380} INFO - Executing <Task(BashOperator): task1> on 2023-08-15 00:00:00+00:00
[2023-09-18T13:51:22.196+0000] {standard_task_runner.py:57} INFO - Started process 4611 to run task
[2023-09-18T13:51:22.202+0000] {standard_task_runner.py:84} INFO - Running: ['***', 'tasks', 'run', '6.1-monitoring', 'task1', 'scheduled__2023-08-15T00:00:00+00:00', '--job-id', '279', '--raw', '--subdir', 'DAGS_FOLDER/6.1-monitoring.py', '--cfg-path', '/tmp/tmp0fqtle6c']
[2023-09-18T13:51:22.205+0000] {standard_task_runner.py:85} INFO - Job 279: Subtask task1
[2023-09-18T13:51:22.301+0000] {task_command.py:415} INFO - Running <TaskInstance: 6.1-monitoring.task1 scheduled__2023-08-15T00:00:00+00:00 [running]> on host e891a57bf0af
[2023-09-18T13:51:22.722+0000] {taskinstance.py:1660} INFO - Exporting env vars: AIRFLOW_CTX_DAG_OWNER='***' AIRFLOW_CTX_DAG_ID='6.1-monitoring' AIRFLOW_CTX_TASK_ID='task1' AIRFLOW_CTX_EXECUTION_DATE='2023-08-15T00:00:00+00:00' AIRFLOW_CTX_TRY_NUMBER='1' AIRFLOW_CTX_DAG_RUN_ID='scheduled__2023-08-15T00:00:00+00:00'
[2023-09-18T13:51:22.724+0000] {subprocess.py:63} INFO - Tmp dir root location: /tmp
[2023-09-18T13:51:22.726+0000] {subprocess.py:75} INFO - Running command: ['/bin/bash', '-c', "sleep 2 && echo 'Task 1'"]
[2023-09-18T13:51:22.742+0000] {subprocess.py:86} INFO - Output:
[2023-09-18T13:51:24.749+0000] {subprocess.py:93} INFO - Task 1
[2023-09-18T13:51:24.751+0000] {subprocess.py:97} INFO - Command exited with return code 0
[2023-09-18T13:51:24.787+0000] {taskinstance.py:1398} INFO - Marking task as SUCCESS. dag_id=6.1-monitoring, task_id=task1, execution_date=20230815T000000, start_date=20230918T135121, end_date=20230918T135124
[2023-09-18T13:51:24.826+0000] {local_task_job_runner.py:228} INFO - Task exited with return code 0
[2023-09-18T13:51:24.872+0000] {taskinstance.py:2776} INFO - 1 downstream tasks scheduled from follow-on schedule check
