[2023-09-18T13:03:03.780+0000] {taskinstance.py:1157} INFO - Dependencies all met for dep_context=non-requeueable deps ti=<TaskInstance: 5.1-orchestration.task2 scheduled__2023-09-06T00:00:00+00:00 [queued]>
[2023-09-18T13:03:03.808+0000] {taskinstance.py:1157} INFO - Dependencies all met for dep_context=requeueable deps ti=<TaskInstance: 5.1-orchestration.task2 scheduled__2023-09-06T00:00:00+00:00 [queued]>
[2023-09-18T13:03:03.810+0000] {taskinstance.py:1359} INFO - Starting attempt 1 of 1
[2023-09-18T13:03:03.843+0000] {taskinstance.py:1380} INFO - Executing <Task(BashOperator): task2> on 2023-09-06 00:00:00+00:00
[2023-09-18T13:03:03.855+0000] {standard_task_runner.py:57} INFO - Started process 3030 to run task
[2023-09-18T13:03:03.862+0000] {standard_task_runner.py:84} INFO - Running: ['***', 'tasks', 'run', '5.1-orchestration', 'task2', 'scheduled__2023-09-06T00:00:00+00:00', '--job-id', '59', '--raw', '--subdir', 'DAGS_FOLDER/5.1-orchestration.py', '--cfg-path', '/tmp/tmptvx6ncg6']
[2023-09-18T13:03:03.865+0000] {standard_task_runner.py:85} INFO - Job 59: Subtask task2
[2023-09-18T13:03:03.935+0000] {task_command.py:415} INFO - Running <TaskInstance: 5.1-orchestration.task2 scheduled__2023-09-06T00:00:00+00:00 [running]> on host e891a57bf0af
[2023-09-18T13:03:04.053+0000] {taskinstance.py:1660} INFO - Exporting env vars: AIRFLOW_CTX_DAG_OWNER='***' AIRFLOW_CTX_DAG_ID='5.1-orchestration' AIRFLOW_CTX_TASK_ID='task2' AIRFLOW_CTX_EXECUTION_DATE='2023-09-06T00:00:00+00:00' AIRFLOW_CTX_TRY_NUMBER='1' AIRFLOW_CTX_DAG_RUN_ID='scheduled__2023-09-06T00:00:00+00:00'
[2023-09-18T13:03:04.055+0000] {subprocess.py:63} INFO - Tmp dir root location: /tmp
[2023-09-18T13:03:04.057+0000] {subprocess.py:75} INFO - Running command: ['/bin/bash', '-c', "sleep 2 && echo 'Task 2'"]
[2023-09-18T13:03:04.067+0000] {subprocess.py:86} INFO - Output:
[2023-09-18T13:03:06.090+0000] {subprocess.py:93} INFO - Task 2
[2023-09-18T13:03:06.091+0000] {subprocess.py:97} INFO - Command exited with return code 0
[2023-09-18T13:03:06.141+0000] {taskinstance.py:1398} INFO - Marking task as SUCCESS. dag_id=5.1-orchestration, task_id=task2, execution_date=20230906T000000, start_date=20230918T130303, end_date=20230918T130306
[2023-09-18T13:03:06.181+0000] {local_task_job_runner.py:228} INFO - Task exited with return code 0
[2023-09-18T13:03:06.217+0000] {taskinstance.py:2776} INFO - 2 downstream tasks scheduled from follow-on schedule check
[2023-09-18T13:23:30.487+0000] {taskinstance.py:1157} INFO - Dependencies all met for dep_context=non-requeueable deps ti=<TaskInstance: 5.1-orchestration.task2 scheduled__2023-09-06T00:00:00+00:00 [queued]>
[2023-09-18T13:23:30.509+0000] {taskinstance.py:1157} INFO - Dependencies all met for dep_context=requeueable deps ti=<TaskInstance: 5.1-orchestration.task2 scheduled__2023-09-06T00:00:00+00:00 [queued]>
[2023-09-18T13:23:30.510+0000] {taskinstance.py:1359} INFO - Starting attempt 1 of 1
[2023-09-18T13:23:30.525+0000] {taskinstance.py:1380} INFO - Executing <Task(BashOperator): task2> on 2023-09-06 00:00:00+00:00
[2023-09-18T13:23:30.530+0000] {standard_task_runner.py:57} INFO - Started process 3628 to run task
[2023-09-18T13:23:30.533+0000] {standard_task_runner.py:84} INFO - Running: ['***', 'tasks', 'run', '5.1-orchestration', 'task2', 'scheduled__2023-09-06T00:00:00+00:00', '--job-id', '130', '--raw', '--subdir', 'DAGS_FOLDER/5.1-orchestration.py', '--cfg-path', '/tmp/tmp5p84yn8c']
[2023-09-18T13:23:30.535+0000] {standard_task_runner.py:85} INFO - Job 130: Subtask task2
[2023-09-18T13:23:30.598+0000] {task_command.py:415} INFO - Running <TaskInstance: 5.1-orchestration.task2 scheduled__2023-09-06T00:00:00+00:00 [running]> on host e891a57bf0af
[2023-09-18T13:23:30.711+0000] {taskinstance.py:1660} INFO - Exporting env vars: AIRFLOW_CTX_DAG_OWNER='***' AIRFLOW_CTX_DAG_ID='5.1-orchestration' AIRFLOW_CTX_TASK_ID='task2' AIRFLOW_CTX_EXECUTION_DATE='2023-09-06T00:00:00+00:00' AIRFLOW_CTX_TRY_NUMBER='1' AIRFLOW_CTX_DAG_RUN_ID='scheduled__2023-09-06T00:00:00+00:00'
[2023-09-18T13:23:30.714+0000] {subprocess.py:63} INFO - Tmp dir root location: /tmp
[2023-09-18T13:23:30.715+0000] {subprocess.py:75} INFO - Running command: ['/bin/bash', '-c', "sleep 2 && echo 'Task 2'"]
[2023-09-18T13:23:30.725+0000] {subprocess.py:86} INFO - Output:
[2023-09-18T13:23:32.730+0000] {subprocess.py:93} INFO - Task 2
[2023-09-18T13:23:32.731+0000] {subprocess.py:97} INFO - Command exited with return code 0
[2023-09-18T13:23:32.766+0000] {taskinstance.py:1398} INFO - Marking task as SUCCESS. dag_id=5.1-orchestration, task_id=task2, execution_date=20230906T000000, start_date=20230918T132330, end_date=20230918T132332
[2023-09-18T13:23:32.804+0000] {local_task_job_runner.py:228} INFO - Task exited with return code 0
[2023-09-18T13:23:32.837+0000] {taskinstance.py:2776} INFO - 2 downstream tasks scheduled from follow-on schedule check
