[2023-09-18T13:03:40.294+0000] {taskinstance.py:1157} INFO - Dependencies all met for dep_context=non-requeueable deps ti=<TaskInstance: 5.1-orchestration.task4 scheduled__2023-09-14T00:00:00+00:00 [queued]>
[2023-09-18T13:03:40.319+0000] {taskinstance.py:1157} INFO - Dependencies all met for dep_context=requeueable deps ti=<TaskInstance: 5.1-orchestration.task4 scheduled__2023-09-14T00:00:00+00:00 [queued]>
[2023-09-18T13:03:40.320+0000] {taskinstance.py:1359} INFO - Starting attempt 1 of 1
[2023-09-18T13:03:40.338+0000] {taskinstance.py:1380} INFO - Executing <Task(BashOperator): task4> on 2023-09-14 00:00:00+00:00
[2023-09-18T13:03:40.350+0000] {standard_task_runner.py:57} INFO - Started process 3180 to run task
[2023-09-18T13:03:40.360+0000] {standard_task_runner.py:84} INFO - Running: ['***', 'tasks', 'run', '5.1-orchestration', 'task4', 'scheduled__2023-09-14T00:00:00+00:00', '--job-id', '93', '--raw', '--subdir', 'DAGS_FOLDER/5.1-orchestration.py', '--cfg-path', '/tmp/tmp7d366rgb']
[2023-09-18T13:03:40.364+0000] {standard_task_runner.py:85} INFO - Job 93: Subtask task4
[2023-09-18T13:03:40.466+0000] {task_command.py:415} INFO - Running <TaskInstance: 5.1-orchestration.task4 scheduled__2023-09-14T00:00:00+00:00 [running]> on host e891a57bf0af
[2023-09-18T13:03:40.651+0000] {taskinstance.py:1660} INFO - Exporting env vars: AIRFLOW_CTX_DAG_OWNER='***' AIRFLOW_CTX_DAG_ID='5.1-orchestration' AIRFLOW_CTX_TASK_ID='task4' AIRFLOW_CTX_EXECUTION_DATE='2023-09-14T00:00:00+00:00' AIRFLOW_CTX_TRY_NUMBER='1' AIRFLOW_CTX_DAG_RUN_ID='scheduled__2023-09-14T00:00:00+00:00'
[2023-09-18T13:03:40.667+0000] {subprocess.py:63} INFO - Tmp dir root location: /tmp
[2023-09-18T13:03:40.669+0000] {subprocess.py:75} INFO - Running command: ['/bin/bash', '-c', "sleep 2 && echo 'Task 4'"]
[2023-09-18T13:03:40.691+0000] {subprocess.py:86} INFO - Output:
[2023-09-18T13:03:42.736+0000] {subprocess.py:93} INFO - Task 4
[2023-09-18T13:03:42.737+0000] {subprocess.py:97} INFO - Command exited with return code 0
[2023-09-18T13:03:42.791+0000] {taskinstance.py:1398} INFO - Marking task as SUCCESS. dag_id=5.1-orchestration, task_id=task4, execution_date=20230914T000000, start_date=20230918T130340, end_date=20230918T130342
[2023-09-18T13:03:42.839+0000] {local_task_job_runner.py:228} INFO - Task exited with return code 0
[2023-09-18T13:03:42.877+0000] {taskinstance.py:2776} INFO - 0 downstream tasks scheduled from follow-on schedule check
[2023-09-18T13:25:01.151+0000] {taskinstance.py:1157} INFO - Dependencies all met for dep_context=non-requeueable deps ti=<TaskInstance: 5.1-orchestration.task4 scheduled__2023-09-14T00:00:00+00:00 [queued]>
[2023-09-18T13:25:01.166+0000] {taskinstance.py:1157} INFO - Dependencies all met for dep_context=requeueable deps ti=<TaskInstance: 5.1-orchestration.task4 scheduled__2023-09-14T00:00:00+00:00 [queued]>
[2023-09-18T13:25:01.167+0000] {taskinstance.py:1359} INFO - Starting attempt 1 of 1
[2023-09-18T13:25:01.189+0000] {taskinstance.py:1380} INFO - Executing <Task(BashOperator): task4> on 2023-09-14 00:00:00+00:00
[2023-09-18T13:25:01.194+0000] {standard_task_runner.py:57} INFO - Started process 3788 to run task
[2023-09-18T13:25:01.198+0000] {standard_task_runner.py:84} INFO - Running: ['***', 'tasks', 'run', '5.1-orchestration', 'task4', 'scheduled__2023-09-14T00:00:00+00:00', '--job-id', '163', '--raw', '--subdir', 'DAGS_FOLDER/5.1-orchestration.py', '--cfg-path', '/tmp/tmp7gptmvh8']
[2023-09-18T13:25:01.199+0000] {standard_task_runner.py:85} INFO - Job 163: Subtask task4
[2023-09-18T13:25:01.252+0000] {task_command.py:415} INFO - Running <TaskInstance: 5.1-orchestration.task4 scheduled__2023-09-14T00:00:00+00:00 [running]> on host e891a57bf0af
[2023-09-18T13:25:01.430+0000] {taskinstance.py:1660} INFO - Exporting env vars: AIRFLOW_CTX_DAG_OWNER='***' AIRFLOW_CTX_DAG_ID='5.1-orchestration' AIRFLOW_CTX_TASK_ID='task4' AIRFLOW_CTX_EXECUTION_DATE='2023-09-14T00:00:00+00:00' AIRFLOW_CTX_TRY_NUMBER='1' AIRFLOW_CTX_DAG_RUN_ID='scheduled__2023-09-14T00:00:00+00:00'
[2023-09-18T13:25:01.432+0000] {subprocess.py:63} INFO - Tmp dir root location: /tmp
[2023-09-18T13:25:01.433+0000] {subprocess.py:75} INFO - Running command: ['/bin/bash', '-c', "sleep 2 && echo 'Task 4'"]
[2023-09-18T13:25:01.444+0000] {subprocess.py:86} INFO - Output:
[2023-09-18T13:25:03.448+0000] {subprocess.py:93} INFO - Task 4
[2023-09-18T13:25:03.449+0000] {subprocess.py:97} INFO - Command exited with return code 0
[2023-09-18T13:25:03.479+0000] {taskinstance.py:1398} INFO - Marking task as SUCCESS. dag_id=5.1-orchestration, task_id=task4, execution_date=20230914T000000, start_date=20230918T132501, end_date=20230918T132503
[2023-09-18T13:25:03.512+0000] {local_task_job_runner.py:228} INFO - Task exited with return code 0
[2023-09-18T13:25:03.542+0000] {taskinstance.py:2776} INFO - 0 downstream tasks scheduled from follow-on schedule check
