[2023-09-18T13:46:24.634+0000] {taskinstance.py:1157} INFO - Dependencies all met for dep_context=non-requeueable deps ti=<TaskInstance: 6.1-monitoring.task1 scheduled__2023-08-30T00:00:00+00:00 [queued]>
[2023-09-18T13:46:24.679+0000] {taskinstance.py:1157} INFO - Dependencies all met for dep_context=requeueable deps ti=<TaskInstance: 6.1-monitoring.task1 scheduled__2023-08-30T00:00:00+00:00 [queued]>
[2023-09-18T13:46:24.681+0000] {taskinstance.py:1359} INFO - Starting attempt 1 of 1
[2023-09-18T13:46:24.911+0000] {taskinstance.py:1380} INFO - Executing <Task(BashOperator): task1> on 2023-08-30 00:00:00+00:00
[2023-09-18T13:46:24.923+0000] {standard_task_runner.py:57} INFO - Started process 4360 to run task
[2023-09-18T13:46:24.930+0000] {standard_task_runner.py:84} INFO - Running: ['***', 'tasks', 'run', '6.1-monitoring', 'task1', 'scheduled__2023-08-30T00:00:00+00:00', '--job-id', '228', '--raw', '--subdir', 'DAGS_FOLDER/6.1-monitoring.py', '--cfg-path', '/tmp/tmp9t9aa12d']
[2023-09-18T13:46:24.935+0000] {standard_task_runner.py:85} INFO - Job 228: Subtask task1
[2023-09-18T13:46:25.072+0000] {task_command.py:415} INFO - Running <TaskInstance: 6.1-monitoring.task1 scheduled__2023-08-30T00:00:00+00:00 [running]> on host e891a57bf0af
[2023-09-18T13:46:25.290+0000] {taskinstance.py:1660} INFO - Exporting env vars: AIRFLOW_CTX_DAG_OWNER='***' AIRFLOW_CTX_DAG_ID='6.1-monitoring' AIRFLOW_CTX_TASK_ID='task1' AIRFLOW_CTX_EXECUTION_DATE='2023-08-30T00:00:00+00:00' AIRFLOW_CTX_TRY_NUMBER='1' AIRFLOW_CTX_DAG_RUN_ID='scheduled__2023-08-30T00:00:00+00:00'
[2023-09-18T13:46:25.301+0000] {subprocess.py:63} INFO - Tmp dir root location: /tmp
[2023-09-18T13:46:25.303+0000] {subprocess.py:75} INFO - Running command: ['/bin/bash', '-c', "sleep 2 && echo 'Task 1'"]
[2023-09-18T13:46:25.339+0000] {subprocess.py:86} INFO - Output:
[2023-09-18T13:46:27.351+0000] {subprocess.py:93} INFO - Task 1
[2023-09-18T13:46:27.353+0000] {subprocess.py:97} INFO - Command exited with return code 0
[2023-09-18T13:46:27.487+0000] {taskinstance.py:1398} INFO - Marking task as SUCCESS. dag_id=6.1-monitoring, task_id=task1, execution_date=20230830T000000, start_date=20230918T134624, end_date=20230918T134627
[2023-09-18T13:46:27.651+0000] {local_task_job_runner.py:228} INFO - Task exited with return code 0
[2023-09-18T13:46:27.755+0000] {taskinstance.py:2776} INFO - 1 downstream tasks scheduled from follow-on schedule check
[2023-09-18T13:52:26.486+0000] {taskinstance.py:1157} INFO - Dependencies all met for dep_context=non-requeueable deps ti=<TaskInstance: 6.1-monitoring.task1 scheduled__2023-08-30T00:00:00+00:00 [queued]>
[2023-09-18T13:52:26.515+0000] {taskinstance.py:1157} INFO - Dependencies all met for dep_context=requeueable deps ti=<TaskInstance: 6.1-monitoring.task1 scheduled__2023-08-30T00:00:00+00:00 [queued]>
[2023-09-18T13:52:26.516+0000] {taskinstance.py:1359} INFO - Starting attempt 1 of 1
[2023-09-18T13:52:26.613+0000] {taskinstance.py:1380} INFO - Executing <Task(BashOperator): task1> on 2023-08-30 00:00:00+00:00
[2023-09-18T13:52:26.620+0000] {standard_task_runner.py:57} INFO - Started process 4886 to run task
[2023-09-18T13:52:26.625+0000] {standard_task_runner.py:84} INFO - Running: ['***', 'tasks', 'run', '6.1-monitoring', 'task1', 'scheduled__2023-08-30T00:00:00+00:00', '--job-id', '353', '--raw', '--subdir', 'DAGS_FOLDER/6.1-monitoring.py', '--cfg-path', '/tmp/tmpp432aqp2']
[2023-09-18T13:52:26.627+0000] {standard_task_runner.py:85} INFO - Job 353: Subtask task1
[2023-09-18T13:52:26.725+0000] {task_command.py:415} INFO - Running <TaskInstance: 6.1-monitoring.task1 scheduled__2023-08-30T00:00:00+00:00 [running]> on host e891a57bf0af
[2023-09-18T13:52:26.927+0000] {taskinstance.py:1660} INFO - Exporting env vars: AIRFLOW_CTX_DAG_OWNER='***' AIRFLOW_CTX_DAG_ID='6.1-monitoring' AIRFLOW_CTX_TASK_ID='task1' AIRFLOW_CTX_EXECUTION_DATE='2023-08-30T00:00:00+00:00' AIRFLOW_CTX_TRY_NUMBER='1' AIRFLOW_CTX_DAG_RUN_ID='scheduled__2023-08-30T00:00:00+00:00'
[2023-09-18T13:52:26.930+0000] {subprocess.py:63} INFO - Tmp dir root location: /tmp
[2023-09-18T13:52:26.932+0000] {subprocess.py:75} INFO - Running command: ['/bin/bash', '-c', "sleep 2 && echo 'Task 1'"]
[2023-09-18T13:52:26.954+0000] {subprocess.py:86} INFO - Output:
[2023-09-18T13:52:28.961+0000] {subprocess.py:93} INFO - Task 1
[2023-09-18T13:52:28.962+0000] {subprocess.py:97} INFO - Command exited with return code 0
[2023-09-18T13:52:28.992+0000] {taskinstance.py:1398} INFO - Marking task as SUCCESS. dag_id=6.1-monitoring, task_id=task1, execution_date=20230830T000000, start_date=20230918T135226, end_date=20230918T135228
[2023-09-18T13:52:29.022+0000] {local_task_job_runner.py:228} INFO - Task exited with return code 0
[2023-09-18T13:52:29.055+0000] {taskinstance.py:2776} INFO - 1 downstream tasks scheduled from follow-on schedule check
