[2023-09-18T13:03:03.769+0000] {taskinstance.py:1157} INFO - Dependencies all met for dep_context=non-requeueable deps ti=<TaskInstance: 5.1-orchestration.task3 scheduled__2023-09-05T00:00:00+00:00 [queued]>
[2023-09-18T13:03:03.796+0000] {taskinstance.py:1157} INFO - Dependencies all met for dep_context=requeueable deps ti=<TaskInstance: 5.1-orchestration.task3 scheduled__2023-09-05T00:00:00+00:00 [queued]>
[2023-09-18T13:03:03.798+0000] {taskinstance.py:1359} INFO - Starting attempt 1 of 1
[2023-09-18T13:03:03.827+0000] {taskinstance.py:1380} INFO - Executing <Task(BashOperator): task3> on 2023-09-05 00:00:00+00:00
[2023-09-18T13:03:03.838+0000] {standard_task_runner.py:57} INFO - Started process 3029 to run task
[2023-09-18T13:03:03.844+0000] {standard_task_runner.py:84} INFO - Running: ['***', 'tasks', 'run', '5.1-orchestration', 'task3', 'scheduled__2023-09-05T00:00:00+00:00', '--job-id', '58', '--raw', '--subdir', 'DAGS_FOLDER/5.1-orchestration.py', '--cfg-path', '/tmp/tmpczq_6iy1']
[2023-09-18T13:03:03.846+0000] {standard_task_runner.py:85} INFO - Job 58: Subtask task3
[2023-09-18T13:03:03.922+0000] {task_command.py:415} INFO - Running <TaskInstance: 5.1-orchestration.task3 scheduled__2023-09-05T00:00:00+00:00 [running]> on host e891a57bf0af
[2023-09-18T13:03:04.046+0000] {taskinstance.py:1660} INFO - Exporting env vars: AIRFLOW_CTX_DAG_OWNER='***' AIRFLOW_CTX_DAG_ID='5.1-orchestration' AIRFLOW_CTX_TASK_ID='task3' AIRFLOW_CTX_EXECUTION_DATE='2023-09-05T00:00:00+00:00' AIRFLOW_CTX_TRY_NUMBER='1' AIRFLOW_CTX_DAG_RUN_ID='scheduled__2023-09-05T00:00:00+00:00'
[2023-09-18T13:03:04.048+0000] {subprocess.py:63} INFO - Tmp dir root location: /tmp
[2023-09-18T13:03:04.049+0000] {subprocess.py:75} INFO - Running command: ['/bin/bash', '-c', "sleep 2 && echo 'Task 3'"]
[2023-09-18T13:03:04.060+0000] {subprocess.py:86} INFO - Output:
[2023-09-18T13:03:06.090+0000] {subprocess.py:93} INFO - Task 3
[2023-09-18T13:03:06.091+0000] {subprocess.py:97} INFO - Command exited with return code 0
[2023-09-18T13:03:06.138+0000] {taskinstance.py:1398} INFO - Marking task as SUCCESS. dag_id=5.1-orchestration, task_id=task3, execution_date=20230905T000000, start_date=20230918T130303, end_date=20230918T130306
[2023-09-18T13:03:06.201+0000] {local_task_job_runner.py:228} INFO - Task exited with return code 0
[2023-09-18T13:03:06.226+0000] {taskinstance.py:2776} INFO - 0 downstream tasks scheduled from follow-on schedule check
[2023-09-18T13:23:22.521+0000] {taskinstance.py:1157} INFO - Dependencies all met for dep_context=non-requeueable deps ti=<TaskInstance: 5.1-orchestration.task3 scheduled__2023-09-05T00:00:00+00:00 [queued]>
[2023-09-18T13:23:22.637+0000] {taskinstance.py:1157} INFO - Dependencies all met for dep_context=requeueable deps ti=<TaskInstance: 5.1-orchestration.task3 scheduled__2023-09-05T00:00:00+00:00 [queued]>
[2023-09-18T13:23:22.638+0000] {taskinstance.py:1359} INFO - Starting attempt 1 of 1
[2023-09-18T13:23:22.661+0000] {taskinstance.py:1380} INFO - Executing <Task(BashOperator): task3> on 2023-09-05 00:00:00+00:00
[2023-09-18T13:23:22.667+0000] {standard_task_runner.py:57} INFO - Started process 3618 to run task
[2023-09-18T13:23:22.671+0000] {standard_task_runner.py:84} INFO - Running: ['***', 'tasks', 'run', '5.1-orchestration', 'task3', 'scheduled__2023-09-05T00:00:00+00:00', '--job-id', '128', '--raw', '--subdir', 'DAGS_FOLDER/5.1-orchestration.py', '--cfg-path', '/tmp/tmpe_fuvhbi']
[2023-09-18T13:23:22.673+0000] {standard_task_runner.py:85} INFO - Job 128: Subtask task3
[2023-09-18T13:23:22.741+0000] {task_command.py:415} INFO - Running <TaskInstance: 5.1-orchestration.task3 scheduled__2023-09-05T00:00:00+00:00 [running]> on host e891a57bf0af
[2023-09-18T13:23:22.847+0000] {taskinstance.py:1660} INFO - Exporting env vars: AIRFLOW_CTX_DAG_OWNER='***' AIRFLOW_CTX_DAG_ID='5.1-orchestration' AIRFLOW_CTX_TASK_ID='task3' AIRFLOW_CTX_EXECUTION_DATE='2023-09-05T00:00:00+00:00' AIRFLOW_CTX_TRY_NUMBER='1' AIRFLOW_CTX_DAG_RUN_ID='scheduled__2023-09-05T00:00:00+00:00'
[2023-09-18T13:23:22.850+0000] {subprocess.py:63} INFO - Tmp dir root location: /tmp
[2023-09-18T13:23:22.851+0000] {subprocess.py:75} INFO - Running command: ['/bin/bash', '-c', "sleep 2 && echo 'Task 3'"]
[2023-09-18T13:23:22.862+0000] {subprocess.py:86} INFO - Output:
[2023-09-18T13:23:24.866+0000] {subprocess.py:93} INFO - Task 3
[2023-09-18T13:23:24.868+0000] {subprocess.py:97} INFO - Command exited with return code 0
[2023-09-18T13:23:24.901+0000] {taskinstance.py:1398} INFO - Marking task as SUCCESS. dag_id=5.1-orchestration, task_id=task3, execution_date=20230905T000000, start_date=20230918T132322, end_date=20230918T132324
[2023-09-18T13:23:24.938+0000] {local_task_job_runner.py:228} INFO - Task exited with return code 0
[2023-09-18T13:23:24.972+0000] {taskinstance.py:2776} INFO - 0 downstream tasks scheduled from follow-on schedule check
