[2023-09-18T13:03:51.720+0000] {taskinstance.py:1157} INFO - Dependencies all met for dep_context=non-requeueable deps ti=<TaskInstance: 5.1-orchestration.task4 scheduled__2023-09-17T00:00:00+00:00 [queued]>
[2023-09-18T13:03:51.736+0000] {taskinstance.py:1157} INFO - Dependencies all met for dep_context=requeueable deps ti=<TaskInstance: 5.1-orchestration.task4 scheduled__2023-09-17T00:00:00+00:00 [queued]>
[2023-09-18T13:03:51.737+0000] {taskinstance.py:1359} INFO - Starting attempt 1 of 1
[2023-09-18T13:03:51.755+0000] {taskinstance.py:1380} INFO - Executing <Task(BashOperator): task4> on 2023-09-17 00:00:00+00:00
[2023-09-18T13:03:51.763+0000] {standard_task_runner.py:57} INFO - Started process 3229 to run task
[2023-09-18T13:03:51.769+0000] {standard_task_runner.py:84} INFO - Running: ['***', 'tasks', 'run', '5.1-orchestration', 'task4', 'scheduled__2023-09-17T00:00:00+00:00', '--job-id', '104', '--raw', '--subdir', 'DAGS_FOLDER/5.1-orchestration.py', '--cfg-path', '/tmp/tmp0hd3a5g2']
[2023-09-18T13:03:51.771+0000] {standard_task_runner.py:85} INFO - Job 104: Subtask task4
[2023-09-18T13:03:51.831+0000] {task_command.py:415} INFO - Running <TaskInstance: 5.1-orchestration.task4 scheduled__2023-09-17T00:00:00+00:00 [running]> on host e891a57bf0af
[2023-09-18T13:03:51.928+0000] {taskinstance.py:1660} INFO - Exporting env vars: AIRFLOW_CTX_DAG_OWNER='***' AIRFLOW_CTX_DAG_ID='5.1-orchestration' AIRFLOW_CTX_TASK_ID='task4' AIRFLOW_CTX_EXECUTION_DATE='2023-09-17T00:00:00+00:00' AIRFLOW_CTX_TRY_NUMBER='1' AIRFLOW_CTX_DAG_RUN_ID='scheduled__2023-09-17T00:00:00+00:00'
[2023-09-18T13:03:51.933+0000] {subprocess.py:63} INFO - Tmp dir root location: /tmp
[2023-09-18T13:03:51.934+0000] {subprocess.py:75} INFO - Running command: ['/bin/bash', '-c', "sleep 2 && echo 'Task 4'"]
[2023-09-18T13:03:51.947+0000] {subprocess.py:86} INFO - Output:
[2023-09-18T13:03:53.954+0000] {subprocess.py:93} INFO - Task 4
[2023-09-18T13:03:53.956+0000] {subprocess.py:97} INFO - Command exited with return code 0
[2023-09-18T13:03:53.989+0000] {taskinstance.py:1398} INFO - Marking task as SUCCESS. dag_id=5.1-orchestration, task_id=task4, execution_date=20230917T000000, start_date=20230918T130351, end_date=20230918T130353
[2023-09-18T13:03:54.030+0000] {local_task_job_runner.py:228} INFO - Task exited with return code 0
[2023-09-18T13:03:54.047+0000] {taskinstance.py:2776} INFO - 0 downstream tasks scheduled from follow-on schedule check
[2023-09-18T13:25:32.709+0000] {taskinstance.py:1157} INFO - Dependencies all met for dep_context=non-requeueable deps ti=<TaskInstance: 5.1-orchestration.task4 scheduled__2023-09-17T00:00:00+00:00 [queued]>
[2023-09-18T13:25:32.724+0000] {taskinstance.py:1157} INFO - Dependencies all met for dep_context=requeueable deps ti=<TaskInstance: 5.1-orchestration.task4 scheduled__2023-09-17T00:00:00+00:00 [queued]>
[2023-09-18T13:25:32.725+0000] {taskinstance.py:1359} INFO - Starting attempt 1 of 1
[2023-09-18T13:25:32.745+0000] {taskinstance.py:1380} INFO - Executing <Task(BashOperator): task4> on 2023-09-17 00:00:00+00:00
[2023-09-18T13:25:32.751+0000] {standard_task_runner.py:57} INFO - Started process 3843 to run task
[2023-09-18T13:25:32.755+0000] {standard_task_runner.py:84} INFO - Running: ['***', 'tasks', 'run', '5.1-orchestration', 'task4', 'scheduled__2023-09-17T00:00:00+00:00', '--job-id', '176', '--raw', '--subdir', 'DAGS_FOLDER/5.1-orchestration.py', '--cfg-path', '/tmp/tmpwy8tanc5']
[2023-09-18T13:25:32.756+0000] {standard_task_runner.py:85} INFO - Job 176: Subtask task4
[2023-09-18T13:25:32.809+0000] {task_command.py:415} INFO - Running <TaskInstance: 5.1-orchestration.task4 scheduled__2023-09-17T00:00:00+00:00 [running]> on host e891a57bf0af
[2023-09-18T13:25:32.901+0000] {taskinstance.py:1660} INFO - Exporting env vars: AIRFLOW_CTX_DAG_OWNER='***' AIRFLOW_CTX_DAG_ID='5.1-orchestration' AIRFLOW_CTX_TASK_ID='task4' AIRFLOW_CTX_EXECUTION_DATE='2023-09-17T00:00:00+00:00' AIRFLOW_CTX_TRY_NUMBER='1' AIRFLOW_CTX_DAG_RUN_ID='scheduled__2023-09-17T00:00:00+00:00'
[2023-09-18T13:25:32.903+0000] {subprocess.py:63} INFO - Tmp dir root location: /tmp
[2023-09-18T13:25:32.904+0000] {subprocess.py:75} INFO - Running command: ['/bin/bash', '-c', "sleep 2 && echo 'Task 4'"]
[2023-09-18T13:25:32.913+0000] {subprocess.py:86} INFO - Output:
[2023-09-18T13:25:34.918+0000] {subprocess.py:93} INFO - Task 4
[2023-09-18T13:25:34.919+0000] {subprocess.py:97} INFO - Command exited with return code 0
[2023-09-18T13:25:34.953+0000] {taskinstance.py:1398} INFO - Marking task as SUCCESS. dag_id=5.1-orchestration, task_id=task4, execution_date=20230917T000000, start_date=20230918T132532, end_date=20230918T132534
[2023-09-18T13:25:34.990+0000] {local_task_job_runner.py:228} INFO - Task exited with return code 0
[2023-09-18T13:25:35.008+0000] {taskinstance.py:2776} INFO - 0 downstream tasks scheduled from follow-on schedule check
