[2023-09-18T13:03:00.391+0000] {taskinstance.py:1157} INFO - Dependencies all met for dep_context=non-requeueable deps ti=<TaskInstance: 5.1-orchestration.task2 scheduled__2023-09-05T00:00:00+00:00 [queued]>
[2023-09-18T13:03:00.410+0000] {taskinstance.py:1157} INFO - Dependencies all met for dep_context=requeueable deps ti=<TaskInstance: 5.1-orchestration.task2 scheduled__2023-09-05T00:00:00+00:00 [queued]>
[2023-09-18T13:03:00.411+0000] {taskinstance.py:1359} INFO - Starting attempt 1 of 1
[2023-09-18T13:03:00.429+0000] {taskinstance.py:1380} INFO - Executing <Task(BashOperator): task2> on 2023-09-05 00:00:00+00:00
[2023-09-18T13:03:00.438+0000] {standard_task_runner.py:57} INFO - Started process 3013 to run task
[2023-09-18T13:03:00.443+0000] {standard_task_runner.py:84} INFO - Running: ['***', 'tasks', 'run', '5.1-orchestration', 'task2', 'scheduled__2023-09-05T00:00:00+00:00', '--job-id', '52', '--raw', '--subdir', 'DAGS_FOLDER/5.1-orchestration.py', '--cfg-path', '/tmp/tmpa8dt6st0']
[2023-09-18T13:03:00.444+0000] {standard_task_runner.py:85} INFO - Job 52: Subtask task2
[2023-09-18T13:03:00.513+0000] {task_command.py:415} INFO - Running <TaskInstance: 5.1-orchestration.task2 scheduled__2023-09-05T00:00:00+00:00 [running]> on host e891a57bf0af
[2023-09-18T13:03:00.617+0000] {taskinstance.py:1660} INFO - Exporting env vars: AIRFLOW_CTX_DAG_OWNER='***' AIRFLOW_CTX_DAG_ID='5.1-orchestration' AIRFLOW_CTX_TASK_ID='task2' AIRFLOW_CTX_EXECUTION_DATE='2023-09-05T00:00:00+00:00' AIRFLOW_CTX_TRY_NUMBER='1' AIRFLOW_CTX_DAG_RUN_ID='scheduled__2023-09-05T00:00:00+00:00'
[2023-09-18T13:03:00.619+0000] {subprocess.py:63} INFO - Tmp dir root location: /tmp
[2023-09-18T13:03:00.621+0000] {subprocess.py:75} INFO - Running command: ['/bin/bash', '-c', "sleep 2 && echo 'Task 2'"]
[2023-09-18T13:03:00.636+0000] {subprocess.py:86} INFO - Output:
[2023-09-18T13:03:02.640+0000] {subprocess.py:93} INFO - Task 2
[2023-09-18T13:03:02.641+0000] {subprocess.py:97} INFO - Command exited with return code 0
[2023-09-18T13:03:02.674+0000] {taskinstance.py:1398} INFO - Marking task as SUCCESS. dag_id=5.1-orchestration, task_id=task2, execution_date=20230905T000000, start_date=20230918T130300, end_date=20230918T130302
[2023-09-18T13:03:02.718+0000] {local_task_job_runner.py:228} INFO - Task exited with return code 0
[2023-09-18T13:03:02.757+0000] {taskinstance.py:2776} INFO - 2 downstream tasks scheduled from follow-on schedule check
[2023-09-18T13:23:19.162+0000] {taskinstance.py:1157} INFO - Dependencies all met for dep_context=non-requeueable deps ti=<TaskInstance: 5.1-orchestration.task2 scheduled__2023-09-05T00:00:00+00:00 [queued]>
[2023-09-18T13:23:19.179+0000] {taskinstance.py:1157} INFO - Dependencies all met for dep_context=requeueable deps ti=<TaskInstance: 5.1-orchestration.task2 scheduled__2023-09-05T00:00:00+00:00 [queued]>
[2023-09-18T13:23:19.180+0000] {taskinstance.py:1359} INFO - Starting attempt 1 of 1
[2023-09-18T13:23:19.202+0000] {taskinstance.py:1380} INFO - Executing <Task(BashOperator): task2> on 2023-09-05 00:00:00+00:00
[2023-09-18T13:23:19.207+0000] {standard_task_runner.py:57} INFO - Started process 3612 to run task
[2023-09-18T13:23:19.210+0000] {standard_task_runner.py:84} INFO - Running: ['***', 'tasks', 'run', '5.1-orchestration', 'task2', 'scheduled__2023-09-05T00:00:00+00:00', '--job-id', '126', '--raw', '--subdir', 'DAGS_FOLDER/5.1-orchestration.py', '--cfg-path', '/tmp/tmpj39dq__e']
[2023-09-18T13:23:19.211+0000] {standard_task_runner.py:85} INFO - Job 126: Subtask task2
[2023-09-18T13:23:19.266+0000] {task_command.py:415} INFO - Running <TaskInstance: 5.1-orchestration.task2 scheduled__2023-09-05T00:00:00+00:00 [running]> on host e891a57bf0af
[2023-09-18T13:23:19.365+0000] {taskinstance.py:1660} INFO - Exporting env vars: AIRFLOW_CTX_DAG_OWNER='***' AIRFLOW_CTX_DAG_ID='5.1-orchestration' AIRFLOW_CTX_TASK_ID='task2' AIRFLOW_CTX_EXECUTION_DATE='2023-09-05T00:00:00+00:00' AIRFLOW_CTX_TRY_NUMBER='1' AIRFLOW_CTX_DAG_RUN_ID='scheduled__2023-09-05T00:00:00+00:00'
[2023-09-18T13:23:19.367+0000] {subprocess.py:63} INFO - Tmp dir root location: /tmp
[2023-09-18T13:23:19.368+0000] {subprocess.py:75} INFO - Running command: ['/bin/bash', '-c', "sleep 2 && echo 'Task 2'"]
[2023-09-18T13:23:19.379+0000] {subprocess.py:86} INFO - Output:
[2023-09-18T13:23:21.383+0000] {subprocess.py:93} INFO - Task 2
[2023-09-18T13:23:21.385+0000] {subprocess.py:97} INFO - Command exited with return code 0
[2023-09-18T13:23:21.781+0000] {taskinstance.py:1398} INFO - Marking task as SUCCESS. dag_id=5.1-orchestration, task_id=task2, execution_date=20230905T000000, start_date=20230918T132319, end_date=20230918T132321
[2023-09-18T13:23:21.844+0000] {local_task_job_runner.py:228} INFO - Task exited with return code 0
[2023-09-18T13:23:21.876+0000] {taskinstance.py:2776} INFO - 2 downstream tasks scheduled from follow-on schedule check
