[2023-09-18T14:27:47.336+0000] {taskinstance.py:1157} INFO - Dependencies all met for dep_context=non-requeueable deps ti=<TaskInstance: 6.2-monitoring.task3 scheduled__2023-09-02T00:00:00+00:00 [queued]>
[2023-09-18T14:27:47.355+0000] {taskinstance.py:1157} INFO - Dependencies all met for dep_context=requeueable deps ti=<TaskInstance: 6.2-monitoring.task3 scheduled__2023-09-02T00:00:00+00:00 [queued]>
[2023-09-18T14:27:47.356+0000] {taskinstance.py:1359} INFO - Starting attempt 1 of 3
[2023-09-18T14:27:47.374+0000] {taskinstance.py:1380} INFO - Executing <Task(BashOperator): task3> on 2023-09-02 00:00:00+00:00
[2023-09-18T14:27:47.380+0000] {standard_task_runner.py:57} INFO - Started process 6008 to run task
[2023-09-18T14:27:47.386+0000] {standard_task_runner.py:84} INFO - Running: ['***', 'tasks', 'run', '6.2-monitoring', 'task3', 'scheduled__2023-09-02T00:00:00+00:00', '--job-id', '522', '--raw', '--subdir', 'DAGS_FOLDER/6.2-monitoring.py', '--cfg-path', '/tmp/tmp_1ufg_sn']
[2023-09-18T14:27:47.387+0000] {standard_task_runner.py:85} INFO - Job 522: Subtask task3
[2023-09-18T14:27:47.463+0000] {task_command.py:415} INFO - Running <TaskInstance: 6.2-monitoring.task3 scheduled__2023-09-02T00:00:00+00:00 [running]> on host e891a57bf0af
[2023-09-18T14:27:47.544+0000] {taskinstance.py:1660} INFO - Exporting env vars: AIRFLOW_CTX_DAG_OWNER='***' AIRFLOW_CTX_DAG_ID='6.2-monitoring' AIRFLOW_CTX_TASK_ID='task3' AIRFLOW_CTX_EXECUTION_DATE='2023-09-02T00:00:00+00:00' AIRFLOW_CTX_TRY_NUMBER='1' AIRFLOW_CTX_DAG_RUN_ID='scheduled__2023-09-02T00:00:00+00:00'
[2023-09-18T14:27:47.545+0000] {subprocess.py:63} INFO - Tmp dir root location: /tmp
[2023-09-18T14:27:47.546+0000] {subprocess.py:75} INFO - Running command: ['/bin/bash', '-c', "sleep 2 && echo 'Task 3'"]
[2023-09-18T14:27:47.557+0000] {subprocess.py:86} INFO - Output:
[2023-09-18T14:27:49.561+0000] {subprocess.py:93} INFO - Task 3
[2023-09-18T14:27:49.562+0000] {subprocess.py:97} INFO - Command exited with return code 0
[2023-09-18T14:27:49.588+0000] {taskinstance.py:1398} INFO - Marking task as SUCCESS. dag_id=6.2-monitoring, task_id=task3, execution_date=20230902T000000, start_date=20230918T142747, end_date=20230918T142749
[2023-09-18T14:27:49.620+0000] {local_task_job_runner.py:228} INFO - Task exited with return code 0
[2023-09-18T14:27:49.673+0000] {taskinstance.py:2776} INFO - 0 downstream tasks scheduled from follow-on schedule check
[2023-09-19T12:15:39.947+0000] {taskinstance.py:1157} INFO - Dependencies all met for dep_context=non-requeueable deps ti=<TaskInstance: 6.2-monitoring.task3 scheduled__2023-09-02T00:00:00+00:00 [queued]>
[2023-09-19T12:15:39.973+0000] {taskinstance.py:1157} INFO - Dependencies all met for dep_context=requeueable deps ti=<TaskInstance: 6.2-monitoring.task3 scheduled__2023-09-02T00:00:00+00:00 [queued]>
[2023-09-19T12:15:39.974+0000] {taskinstance.py:1359} INFO - Starting attempt 1 of 3
[2023-09-19T12:15:39.994+0000] {taskinstance.py:1380} INFO - Executing <Task(BashOperator): task3> on 2023-09-02 00:00:00+00:00
[2023-09-19T12:15:40.004+0000] {standard_task_runner.py:57} INFO - Started process 128 to run task
[2023-09-19T12:15:40.008+0000] {standard_task_runner.py:84} INFO - Running: ['***', 'tasks', 'run', '6.2-monitoring', 'task3', 'scheduled__2023-09-02T00:00:00+00:00', '--job-id', '532', '--raw', '--subdir', 'DAGS_FOLDER/6.2-monitoring.py', '--cfg-path', '/tmp/tmpew8xtb4d']
[2023-09-19T12:15:40.010+0000] {standard_task_runner.py:85} INFO - Job 532: Subtask task3
[2023-09-19T12:15:40.084+0000] {task_command.py:415} INFO - Running <TaskInstance: 6.2-monitoring.task3 scheduled__2023-09-02T00:00:00+00:00 [running]> on host e891a57bf0af
[2023-09-19T12:15:40.192+0000] {taskinstance.py:1660} INFO - Exporting env vars: AIRFLOW_CTX_DAG_OWNER='***' AIRFLOW_CTX_DAG_ID='6.2-monitoring' AIRFLOW_CTX_TASK_ID='task3' AIRFLOW_CTX_EXECUTION_DATE='2023-09-02T00:00:00+00:00' AIRFLOW_CTX_TRY_NUMBER='1' AIRFLOW_CTX_DAG_RUN_ID='scheduled__2023-09-02T00:00:00+00:00'
[2023-09-19T12:15:40.194+0000] {subprocess.py:63} INFO - Tmp dir root location: /tmp
[2023-09-19T12:15:40.195+0000] {subprocess.py:75} INFO - Running command: ['/bin/bash', '-c', "sleep 2 && echo 'Task 3'"]
[2023-09-19T12:15:40.209+0000] {subprocess.py:86} INFO - Output:
[2023-09-19T12:15:42.215+0000] {subprocess.py:93} INFO - Task 3
[2023-09-19T12:15:42.216+0000] {subprocess.py:97} INFO - Command exited with return code 0
[2023-09-19T12:15:42.730+0000] {taskinstance.py:1398} INFO - Marking task as SUCCESS. dag_id=6.2-monitoring, task_id=task3, execution_date=20230902T000000, start_date=20230919T121539, end_date=20230919T121542
[2023-09-19T12:15:42.840+0000] {local_task_job_runner.py:228} INFO - Task exited with return code 0
[2023-09-19T12:15:43.118+0000] {taskinstance.py:2776} INFO - 0 downstream tasks scheduled from follow-on schedule check
