[2023-09-18T13:02:56.832+0000] {taskinstance.py:1157} INFO - Dependencies all met for dep_context=non-requeueable deps ti=<TaskInstance: 5.1-orchestration.task4 scheduled__2023-09-03T00:00:00+00:00 [queued]>
[2023-09-18T13:02:56.849+0000] {taskinstance.py:1157} INFO - Dependencies all met for dep_context=requeueable deps ti=<TaskInstance: 5.1-orchestration.task4 scheduled__2023-09-03T00:00:00+00:00 [queued]>
[2023-09-18T13:02:56.850+0000] {taskinstance.py:1359} INFO - Starting attempt 1 of 1
[2023-09-18T13:02:56.867+0000] {taskinstance.py:1380} INFO - Executing <Task(BashOperator): task4> on 2023-09-03 00:00:00+00:00
[2023-09-18T13:02:56.874+0000] {standard_task_runner.py:57} INFO - Started process 2995 to run task
[2023-09-18T13:02:56.879+0000] {standard_task_runner.py:84} INFO - Running: ['***', 'tasks', 'run', '5.1-orchestration', 'task4', 'scheduled__2023-09-03T00:00:00+00:00', '--job-id', '48', '--raw', '--subdir', 'DAGS_FOLDER/5.1-orchestration.py', '--cfg-path', '/tmp/tmpifn1llrq']
[2023-09-18T13:02:56.881+0000] {standard_task_runner.py:85} INFO - Job 48: Subtask task4
[2023-09-18T13:02:56.965+0000] {task_command.py:415} INFO - Running <TaskInstance: 5.1-orchestration.task4 scheduled__2023-09-03T00:00:00+00:00 [running]> on host e891a57bf0af
[2023-09-18T13:02:57.078+0000] {taskinstance.py:1660} INFO - Exporting env vars: AIRFLOW_CTX_DAG_OWNER='***' AIRFLOW_CTX_DAG_ID='5.1-orchestration' AIRFLOW_CTX_TASK_ID='task4' AIRFLOW_CTX_EXECUTION_DATE='2023-09-03T00:00:00+00:00' AIRFLOW_CTX_TRY_NUMBER='1' AIRFLOW_CTX_DAG_RUN_ID='scheduled__2023-09-03T00:00:00+00:00'
[2023-09-18T13:02:57.099+0000] {subprocess.py:63} INFO - Tmp dir root location: /tmp
[2023-09-18T13:02:57.100+0000] {subprocess.py:75} INFO - Running command: ['/bin/bash', '-c', "sleep 2 && echo 'Task 4'"]
[2023-09-18T13:02:57.113+0000] {subprocess.py:86} INFO - Output:
[2023-09-18T13:02:59.149+0000] {subprocess.py:93} INFO - Task 4
[2023-09-18T13:02:59.151+0000] {subprocess.py:97} INFO - Command exited with return code 0
[2023-09-18T13:02:59.186+0000] {taskinstance.py:1398} INFO - Marking task as SUCCESS. dag_id=5.1-orchestration, task_id=task4, execution_date=20230903T000000, start_date=20230918T130256, end_date=20230918T130259
[2023-09-18T13:02:59.229+0000] {local_task_job_runner.py:228} INFO - Task exited with return code 0
[2023-09-18T13:02:59.247+0000] {taskinstance.py:2776} INFO - 0 downstream tasks scheduled from follow-on schedule check
[2023-09-18T13:22:58.722+0000] {taskinstance.py:1157} INFO - Dependencies all met for dep_context=non-requeueable deps ti=<TaskInstance: 5.1-orchestration.task4 scheduled__2023-09-03T00:00:00+00:00 [queued]>
[2023-09-18T13:22:58.799+0000] {taskinstance.py:1157} INFO - Dependencies all met for dep_context=requeueable deps ti=<TaskInstance: 5.1-orchestration.task4 scheduled__2023-09-03T00:00:00+00:00 [queued]>
[2023-09-18T13:22:58.800+0000] {taskinstance.py:1359} INFO - Starting attempt 1 of 1
[2023-09-18T13:22:58.816+0000] {taskinstance.py:1380} INFO - Executing <Task(BashOperator): task4> on 2023-09-03 00:00:00+00:00
[2023-09-18T13:22:58.821+0000] {standard_task_runner.py:57} INFO - Started process 3577 to run task
[2023-09-18T13:22:58.825+0000] {standard_task_runner.py:84} INFO - Running: ['***', 'tasks', 'run', '5.1-orchestration', 'task4', 'scheduled__2023-09-03T00:00:00+00:00', '--job-id', '119', '--raw', '--subdir', 'DAGS_FOLDER/5.1-orchestration.py', '--cfg-path', '/tmp/tmprnu4wa89']
[2023-09-18T13:22:58.827+0000] {standard_task_runner.py:85} INFO - Job 119: Subtask task4
[2023-09-18T13:22:58.885+0000] {task_command.py:415} INFO - Running <TaskInstance: 5.1-orchestration.task4 scheduled__2023-09-03T00:00:00+00:00 [running]> on host e891a57bf0af
[2023-09-18T13:22:58.981+0000] {taskinstance.py:1660} INFO - Exporting env vars: AIRFLOW_CTX_DAG_OWNER='***' AIRFLOW_CTX_DAG_ID='5.1-orchestration' AIRFLOW_CTX_TASK_ID='task4' AIRFLOW_CTX_EXECUTION_DATE='2023-09-03T00:00:00+00:00' AIRFLOW_CTX_TRY_NUMBER='1' AIRFLOW_CTX_DAG_RUN_ID='scheduled__2023-09-03T00:00:00+00:00'
[2023-09-18T13:22:58.984+0000] {subprocess.py:63} INFO - Tmp dir root location: /tmp
[2023-09-18T13:22:58.985+0000] {subprocess.py:75} INFO - Running command: ['/bin/bash', '-c', "sleep 2 && echo 'Task 4'"]
[2023-09-18T13:22:58.996+0000] {subprocess.py:86} INFO - Output:
[2023-09-18T13:23:01.000+0000] {subprocess.py:93} INFO - Task 4
[2023-09-18T13:23:01.001+0000] {subprocess.py:97} INFO - Command exited with return code 0
[2023-09-18T13:23:01.034+0000] {taskinstance.py:1398} INFO - Marking task as SUCCESS. dag_id=5.1-orchestration, task_id=task4, execution_date=20230903T000000, start_date=20230918T132258, end_date=20230918T132301
[2023-09-18T13:23:01.094+0000] {local_task_job_runner.py:228} INFO - Task exited with return code 0
[2023-09-18T13:23:01.113+0000] {taskinstance.py:2776} INFO - 0 downstream tasks scheduled from follow-on schedule check
