[2023-09-18T13:45:43.549+0000] {taskinstance.py:1157} INFO - Dependencies all met for dep_context=non-requeueable deps ti=<TaskInstance: 6.1-monitoring.task1 scheduled__2023-08-16T00:00:00+00:00 [queued]>
[2023-09-18T13:45:43.737+0000] {taskinstance.py:1157} INFO - Dependencies all met for dep_context=requeueable deps ti=<TaskInstance: 6.1-monitoring.task1 scheduled__2023-08-16T00:00:00+00:00 [queued]>
[2023-09-18T13:45:43.738+0000] {taskinstance.py:1359} INFO - Starting attempt 1 of 1
[2023-09-18T13:45:44.153+0000] {taskinstance.py:1380} INFO - Executing <Task(BashOperator): task1> on 2023-08-16 00:00:00+00:00
[2023-09-18T13:45:44.172+0000] {standard_task_runner.py:57} INFO - Started process 4249 to run task
[2023-09-18T13:45:44.204+0000] {standard_task_runner.py:84} INFO - Running: ['***', 'tasks', 'run', '6.1-monitoring', 'task1', 'scheduled__2023-08-16T00:00:00+00:00', '--job-id', '199', '--raw', '--subdir', 'DAGS_FOLDER/6.1-monitoring.py', '--cfg-path', '/tmp/tmp9p63ikt6']
[2023-09-18T13:45:44.213+0000] {standard_task_runner.py:85} INFO - Job 199: Subtask task1
[2023-09-18T13:45:44.486+0000] {task_command.py:415} INFO - Running <TaskInstance: 6.1-monitoring.task1 scheduled__2023-08-16T00:00:00+00:00 [running]> on host e891a57bf0af
[2023-09-18T13:45:44.827+0000] {taskinstance.py:1660} INFO - Exporting env vars: AIRFLOW_CTX_DAG_OWNER='***' AIRFLOW_CTX_DAG_ID='6.1-monitoring' AIRFLOW_CTX_TASK_ID='task1' AIRFLOW_CTX_EXECUTION_DATE='2023-08-16T00:00:00+00:00' AIRFLOW_CTX_TRY_NUMBER='1' AIRFLOW_CTX_DAG_RUN_ID='scheduled__2023-08-16T00:00:00+00:00'
[2023-09-18T13:45:44.843+0000] {subprocess.py:63} INFO - Tmp dir root location: /tmp
[2023-09-18T13:45:44.852+0000] {subprocess.py:75} INFO - Running command: ['/bin/bash', '-c', "sleep 2 && echo 'Task 1'"]
[2023-09-18T13:45:44.883+0000] {subprocess.py:86} INFO - Output:
[2023-09-18T13:45:46.943+0000] {subprocess.py:93} INFO - Task 1
[2023-09-18T13:45:46.944+0000] {subprocess.py:97} INFO - Command exited with return code 0
[2023-09-18T13:45:46.996+0000] {taskinstance.py:1398} INFO - Marking task as SUCCESS. dag_id=6.1-monitoring, task_id=task1, execution_date=20230816T000000, start_date=20230918T134543, end_date=20230918T134546
[2023-09-18T13:45:47.039+0000] {local_task_job_runner.py:228} INFO - Task exited with return code 0
[2023-09-18T13:45:47.081+0000] {taskinstance.py:2776} INFO - 1 downstream tasks scheduled from follow-on schedule check
[2023-09-18T13:51:22.724+0000] {taskinstance.py:1157} INFO - Dependencies all met for dep_context=non-requeueable deps ti=<TaskInstance: 6.1-monitoring.task1 scheduled__2023-08-16T00:00:00+00:00 [queued]>
[2023-09-18T13:51:22.749+0000] {taskinstance.py:1157} INFO - Dependencies all met for dep_context=requeueable deps ti=<TaskInstance: 6.1-monitoring.task1 scheduled__2023-08-16T00:00:00+00:00 [queued]>
[2023-09-18T13:51:22.750+0000] {taskinstance.py:1359} INFO - Starting attempt 1 of 1
[2023-09-18T13:51:22.776+0000] {taskinstance.py:1380} INFO - Executing <Task(BashOperator): task1> on 2023-08-16 00:00:00+00:00
[2023-09-18T13:51:22.782+0000] {standard_task_runner.py:57} INFO - Started process 4614 to run task
[2023-09-18T13:51:22.788+0000] {standard_task_runner.py:84} INFO - Running: ['***', 'tasks', 'run', '6.1-monitoring', 'task1', 'scheduled__2023-08-16T00:00:00+00:00', '--job-id', '280', '--raw', '--subdir', 'DAGS_FOLDER/6.1-monitoring.py', '--cfg-path', '/tmp/tmp1fmu74ql']
[2023-09-18T13:51:22.790+0000] {standard_task_runner.py:85} INFO - Job 280: Subtask task1
[2023-09-18T13:51:22.863+0000] {task_command.py:415} INFO - Running <TaskInstance: 6.1-monitoring.task1 scheduled__2023-08-16T00:00:00+00:00 [running]> on host e891a57bf0af
[2023-09-18T13:51:22.964+0000] {taskinstance.py:1660} INFO - Exporting env vars: AIRFLOW_CTX_DAG_OWNER='***' AIRFLOW_CTX_DAG_ID='6.1-monitoring' AIRFLOW_CTX_TASK_ID='task1' AIRFLOW_CTX_EXECUTION_DATE='2023-08-16T00:00:00+00:00' AIRFLOW_CTX_TRY_NUMBER='1' AIRFLOW_CTX_DAG_RUN_ID='scheduled__2023-08-16T00:00:00+00:00'
[2023-09-18T13:51:22.965+0000] {subprocess.py:63} INFO - Tmp dir root location: /tmp
[2023-09-18T13:51:22.967+0000] {subprocess.py:75} INFO - Running command: ['/bin/bash', '-c', "sleep 2 && echo 'Task 1'"]
[2023-09-18T13:51:22.978+0000] {subprocess.py:86} INFO - Output:
[2023-09-18T13:51:24.982+0000] {subprocess.py:93} INFO - Task 1
[2023-09-18T13:51:24.984+0000] {subprocess.py:97} INFO - Command exited with return code 0
[2023-09-18T13:51:25.039+0000] {taskinstance.py:1398} INFO - Marking task as SUCCESS. dag_id=6.1-monitoring, task_id=task1, execution_date=20230816T000000, start_date=20230918T135122, end_date=20230918T135125
[2023-09-18T13:51:25.095+0000] {local_task_job_runner.py:228} INFO - Task exited with return code 0
[2023-09-18T13:51:25.168+0000] {taskinstance.py:2776} INFO - 1 downstream tasks scheduled from follow-on schedule check
