[2023-09-18T13:02:53.581+0000] {taskinstance.py:1157} INFO - Dependencies all met for dep_context=non-requeueable deps ti=<TaskInstance: 5.1-orchestration.task4 scheduled__2023-09-02T00:00:00+00:00 [queued]>
[2023-09-18T13:02:53.598+0000] {taskinstance.py:1157} INFO - Dependencies all met for dep_context=requeueable deps ti=<TaskInstance: 5.1-orchestration.task4 scheduled__2023-09-02T00:00:00+00:00 [queued]>
[2023-09-18T13:02:53.599+0000] {taskinstance.py:1359} INFO - Starting attempt 1 of 1
[2023-09-18T13:02:53.616+0000] {taskinstance.py:1380} INFO - Executing <Task(BashOperator): task4> on 2023-09-02 00:00:00+00:00
[2023-09-18T13:02:53.623+0000] {standard_task_runner.py:57} INFO - Started process 2986 to run task
[2023-09-18T13:02:53.630+0000] {standard_task_runner.py:84} INFO - Running: ['***', 'tasks', 'run', '5.1-orchestration', 'task4', 'scheduled__2023-09-02T00:00:00+00:00', '--job-id', '46', '--raw', '--subdir', 'DAGS_FOLDER/5.1-orchestration.py', '--cfg-path', '/tmp/tmphu1gufx4']
[2023-09-18T13:02:53.632+0000] {standard_task_runner.py:85} INFO - Job 46: Subtask task4
[2023-09-18T13:02:53.713+0000] {task_command.py:415} INFO - Running <TaskInstance: 5.1-orchestration.task4 scheduled__2023-09-02T00:00:00+00:00 [running]> on host e891a57bf0af
[2023-09-18T13:02:53.829+0000] {taskinstance.py:1660} INFO - Exporting env vars: AIRFLOW_CTX_DAG_OWNER='***' AIRFLOW_CTX_DAG_ID='5.1-orchestration' AIRFLOW_CTX_TASK_ID='task4' AIRFLOW_CTX_EXECUTION_DATE='2023-09-02T00:00:00+00:00' AIRFLOW_CTX_TRY_NUMBER='1' AIRFLOW_CTX_DAG_RUN_ID='scheduled__2023-09-02T00:00:00+00:00'
[2023-09-18T13:02:53.841+0000] {subprocess.py:63} INFO - Tmp dir root location: /tmp
[2023-09-18T13:02:53.842+0000] {subprocess.py:75} INFO - Running command: ['/bin/bash', '-c', "sleep 2 && echo 'Task 4'"]
[2023-09-18T13:02:53.856+0000] {subprocess.py:86} INFO - Output:
[2023-09-18T13:02:55.904+0000] {subprocess.py:93} INFO - Task 4
[2023-09-18T13:02:55.905+0000] {subprocess.py:97} INFO - Command exited with return code 0
[2023-09-18T13:02:55.937+0000] {taskinstance.py:1398} INFO - Marking task as SUCCESS. dag_id=5.1-orchestration, task_id=task4, execution_date=20230902T000000, start_date=20230918T130253, end_date=20230918T130255
[2023-09-18T13:02:55.978+0000] {local_task_job_runner.py:228} INFO - Task exited with return code 0
[2023-09-18T13:02:55.997+0000] {taskinstance.py:2776} INFO - 0 downstream tasks scheduled from follow-on schedule check
[2023-09-18T13:22:48.511+0000] {taskinstance.py:1157} INFO - Dependencies all met for dep_context=non-requeueable deps ti=<TaskInstance: 5.1-orchestration.task4 scheduled__2023-09-02T00:00:00+00:00 [queued]>
[2023-09-18T13:22:48.552+0000] {taskinstance.py:1157} INFO - Dependencies all met for dep_context=requeueable deps ti=<TaskInstance: 5.1-orchestration.task4 scheduled__2023-09-02T00:00:00+00:00 [queued]>
[2023-09-18T13:22:48.553+0000] {taskinstance.py:1359} INFO - Starting attempt 1 of 1
[2023-09-18T13:22:48.571+0000] {taskinstance.py:1380} INFO - Executing <Task(BashOperator): task4> on 2023-09-02 00:00:00+00:00
[2023-09-18T13:22:48.576+0000] {standard_task_runner.py:57} INFO - Started process 3562 to run task
[2023-09-18T13:22:48.580+0000] {standard_task_runner.py:84} INFO - Running: ['***', 'tasks', 'run', '5.1-orchestration', 'task4', 'scheduled__2023-09-02T00:00:00+00:00', '--job-id', '115', '--raw', '--subdir', 'DAGS_FOLDER/5.1-orchestration.py', '--cfg-path', '/tmp/tmpv1mt5rro']
[2023-09-18T13:22:48.582+0000] {standard_task_runner.py:85} INFO - Job 115: Subtask task4
[2023-09-18T13:22:48.634+0000] {task_command.py:415} INFO - Running <TaskInstance: 5.1-orchestration.task4 scheduled__2023-09-02T00:00:00+00:00 [running]> on host e891a57bf0af
[2023-09-18T13:22:48.725+0000] {taskinstance.py:1660} INFO - Exporting env vars: AIRFLOW_CTX_DAG_OWNER='***' AIRFLOW_CTX_DAG_ID='5.1-orchestration' AIRFLOW_CTX_TASK_ID='task4' AIRFLOW_CTX_EXECUTION_DATE='2023-09-02T00:00:00+00:00' AIRFLOW_CTX_TRY_NUMBER='1' AIRFLOW_CTX_DAG_RUN_ID='scheduled__2023-09-02T00:00:00+00:00'
[2023-09-18T13:22:48.727+0000] {subprocess.py:63} INFO - Tmp dir root location: /tmp
[2023-09-18T13:22:48.728+0000] {subprocess.py:75} INFO - Running command: ['/bin/bash', '-c', "sleep 2 && echo 'Task 4'"]
[2023-09-18T13:22:48.739+0000] {subprocess.py:86} INFO - Output:
[2023-09-18T13:22:50.742+0000] {subprocess.py:93} INFO - Task 4
[2023-09-18T13:22:50.743+0000] {subprocess.py:97} INFO - Command exited with return code 0
[2023-09-18T13:22:50.777+0000] {taskinstance.py:1398} INFO - Marking task as SUCCESS. dag_id=5.1-orchestration, task_id=task4, execution_date=20230902T000000, start_date=20230918T132248, end_date=20230918T132250
[2023-09-18T13:22:50.812+0000] {local_task_job_runner.py:228} INFO - Task exited with return code 0
[2023-09-18T13:22:50.843+0000] {taskinstance.py:2776} INFO - 0 downstream tasks scheduled from follow-on schedule check
