[2023-09-18T13:53:25.300+0000] {taskinstance.py:1157} INFO - Dependencies all met for dep_context=non-requeueable deps ti=<TaskInstance: 6.1-monitoring.task5 scheduled__2023-09-13T00:00:00+00:00 [queued]>
[2023-09-18T13:53:25.313+0000] {taskinstance.py:1157} INFO - Dependencies all met for dep_context=requeueable deps ti=<TaskInstance: 6.1-monitoring.task5 scheduled__2023-09-13T00:00:00+00:00 [queued]>
[2023-09-18T13:53:25.314+0000] {taskinstance.py:1359} INFO - Starting attempt 1 of 1
[2023-09-18T13:53:25.335+0000] {taskinstance.py:1380} INFO - Executing <Task(BashOperator): task5> on 2023-09-13 00:00:00+00:00
[2023-09-18T13:53:25.340+0000] {standard_task_runner.py:57} INFO - Started process 5112 to run task
[2023-09-18T13:53:25.344+0000] {standard_task_runner.py:84} INFO - Running: ['***', 'tasks', 'run', '6.1-monitoring', 'task5', 'scheduled__2023-09-13T00:00:00+00:00', '--job-id', '413', '--raw', '--subdir', 'DAGS_FOLDER/6.1-monitoring.py', '--cfg-path', '/tmp/tmpp3e4ghxb']
[2023-09-18T13:53:25.346+0000] {standard_task_runner.py:85} INFO - Job 413: Subtask task5
[2023-09-18T13:53:25.406+0000] {task_command.py:415} INFO - Running <TaskInstance: 6.1-monitoring.task5 scheduled__2023-09-13T00:00:00+00:00 [running]> on host e891a57bf0af
[2023-09-18T13:53:25.507+0000] {taskinstance.py:1660} INFO - Exporting env vars: AIRFLOW_CTX_DAG_OWNER='***' AIRFLOW_CTX_DAG_ID='6.1-monitoring' AIRFLOW_CTX_TASK_ID='task5' AIRFLOW_CTX_EXECUTION_DATE='2023-09-13T00:00:00+00:00' AIRFLOW_CTX_TRY_NUMBER='1' AIRFLOW_CTX_DAG_RUN_ID='scheduled__2023-09-13T00:00:00+00:00'
[2023-09-18T13:53:25.509+0000] {subprocess.py:63} INFO - Tmp dir root location: /tmp
[2023-09-18T13:53:25.510+0000] {subprocess.py:75} INFO - Running command: ['/bin/bash', '-c', "sleep 2 && echo 'Task 5'"]
[2023-09-18T13:53:25.520+0000] {subprocess.py:86} INFO - Output:
[2023-09-18T13:53:27.525+0000] {subprocess.py:93} INFO - Task 5
[2023-09-18T13:53:27.526+0000] {subprocess.py:97} INFO - Command exited with return code 0
[2023-09-18T13:53:27.580+0000] {taskinstance.py:1398} INFO - Marking task as SUCCESS. dag_id=6.1-monitoring, task_id=task5, execution_date=20230913T000000, start_date=20230918T135325, end_date=20230918T135327
[2023-09-18T13:53:27.653+0000] {local_task_job_runner.py:228} INFO - Task exited with return code 0
[2023-09-18T13:53:27.683+0000] {taskinstance.py:2776} INFO - 0 downstream tasks scheduled from follow-on schedule check
[2023-09-18T13:55:25.701+0000] {taskinstance.py:1157} INFO - Dependencies all met for dep_context=non-requeueable deps ti=<TaskInstance: 6.1-monitoring.task5 scheduled__2023-09-13T00:00:00+00:00 [queued]>
[2023-09-18T13:55:25.718+0000] {taskinstance.py:1157} INFO - Dependencies all met for dep_context=requeueable deps ti=<TaskInstance: 6.1-monitoring.task5 scheduled__2023-09-13T00:00:00+00:00 [queued]>
[2023-09-18T13:55:25.719+0000] {taskinstance.py:1359} INFO - Starting attempt 1 of 1
[2023-09-18T13:55:25.743+0000] {taskinstance.py:1380} INFO - Executing <Task(BashOperator): task5> on 2023-09-13 00:00:00+00:00
[2023-09-18T13:55:25.751+0000] {standard_task_runner.py:57} INFO - Started process 5353 to run task
[2023-09-18T13:55:25.756+0000] {standard_task_runner.py:84} INFO - Running: ['***', 'tasks', 'run', '6.1-monitoring', 'task5', 'scheduled__2023-09-13T00:00:00+00:00', '--job-id', '472', '--raw', '--subdir', 'DAGS_FOLDER/6.1-monitoring.py', '--cfg-path', '/tmp/tmpyfkkmkj7']
[2023-09-18T13:55:25.759+0000] {standard_task_runner.py:85} INFO - Job 472: Subtask task5
[2023-09-18T13:55:25.839+0000] {task_command.py:415} INFO - Running <TaskInstance: 6.1-monitoring.task5 scheduled__2023-09-13T00:00:00+00:00 [running]> on host e891a57bf0af
[2023-09-18T13:55:25.963+0000] {taskinstance.py:1660} INFO - Exporting env vars: AIRFLOW_CTX_DAG_OWNER='***' AIRFLOW_CTX_DAG_ID='6.1-monitoring' AIRFLOW_CTX_TASK_ID='task5' AIRFLOW_CTX_EXECUTION_DATE='2023-09-13T00:00:00+00:00' AIRFLOW_CTX_TRY_NUMBER='1' AIRFLOW_CTX_DAG_RUN_ID='scheduled__2023-09-13T00:00:00+00:00'
[2023-09-18T13:55:25.965+0000] {subprocess.py:63} INFO - Tmp dir root location: /tmp
[2023-09-18T13:55:25.966+0000] {subprocess.py:75} INFO - Running command: ['/bin/bash', '-c', "sleep 2 && echo 'Task 5'"]
[2023-09-18T13:55:25.980+0000] {subprocess.py:86} INFO - Output:
[2023-09-18T13:55:27.985+0000] {subprocess.py:93} INFO - Task 5
[2023-09-18T13:55:27.986+0000] {subprocess.py:97} INFO - Command exited with return code 0
[2023-09-18T13:55:28.016+0000] {taskinstance.py:1398} INFO - Marking task as SUCCESS. dag_id=6.1-monitoring, task_id=task5, execution_date=20230913T000000, start_date=20230918T135525, end_date=20230918T135528
[2023-09-18T13:55:28.061+0000] {local_task_job_runner.py:228} INFO - Task exited with return code 0
[2023-09-18T13:55:28.080+0000] {taskinstance.py:2776} INFO - 0 downstream tasks scheduled from follow-on schedule check
