[2023-09-18T13:03:36.414+0000] {taskinstance.py:1157} INFO - Dependencies all met for dep_context=non-requeueable deps ti=<TaskInstance: 5.1-orchestration.task4 scheduled__2023-09-13T00:00:00+00:00 [queued]>
[2023-09-18T13:03:36.435+0000] {taskinstance.py:1157} INFO - Dependencies all met for dep_context=requeueable deps ti=<TaskInstance: 5.1-orchestration.task4 scheduled__2023-09-13T00:00:00+00:00 [queued]>
[2023-09-18T13:03:36.436+0000] {taskinstance.py:1359} INFO - Starting attempt 1 of 1
[2023-09-18T13:03:36.462+0000] {taskinstance.py:1380} INFO - Executing <Task(BashOperator): task4> on 2023-09-13 00:00:00+00:00
[2023-09-18T13:03:36.470+0000] {standard_task_runner.py:57} INFO - Started process 3164 to run task
[2023-09-18T13:03:36.476+0000] {standard_task_runner.py:84} INFO - Running: ['***', 'tasks', 'run', '5.1-orchestration', 'task4', 'scheduled__2023-09-13T00:00:00+00:00', '--job-id', '91', '--raw', '--subdir', 'DAGS_FOLDER/5.1-orchestration.py', '--cfg-path', '/tmp/tmp7drjlpps']
[2023-09-18T13:03:36.478+0000] {standard_task_runner.py:85} INFO - Job 91: Subtask task4
[2023-09-18T13:03:36.552+0000] {task_command.py:415} INFO - Running <TaskInstance: 5.1-orchestration.task4 scheduled__2023-09-13T00:00:00+00:00 [running]> on host e891a57bf0af
[2023-09-18T13:03:36.656+0000] {taskinstance.py:1660} INFO - Exporting env vars: AIRFLOW_CTX_DAG_OWNER='***' AIRFLOW_CTX_DAG_ID='5.1-orchestration' AIRFLOW_CTX_TASK_ID='task4' AIRFLOW_CTX_EXECUTION_DATE='2023-09-13T00:00:00+00:00' AIRFLOW_CTX_TRY_NUMBER='1' AIRFLOW_CTX_DAG_RUN_ID='scheduled__2023-09-13T00:00:00+00:00'
[2023-09-18T13:03:36.677+0000] {subprocess.py:63} INFO - Tmp dir root location: /tmp
[2023-09-18T13:03:36.679+0000] {subprocess.py:75} INFO - Running command: ['/bin/bash', '-c', "sleep 2 && echo 'Task 4'"]
[2023-09-18T13:03:36.700+0000] {subprocess.py:86} INFO - Output:
[2023-09-18T13:03:38.766+0000] {subprocess.py:93} INFO - Task 4
[2023-09-18T13:03:38.767+0000] {subprocess.py:97} INFO - Command exited with return code 0
[2023-09-18T13:03:38.806+0000] {taskinstance.py:1398} INFO - Marking task as SUCCESS. dag_id=5.1-orchestration, task_id=task4, execution_date=20230913T000000, start_date=20230918T130336, end_date=20230918T130338
[2023-09-18T13:03:38.874+0000] {local_task_job_runner.py:228} INFO - Task exited with return code 0
[2023-09-18T13:03:38.895+0000] {taskinstance.py:2776} INFO - 0 downstream tasks scheduled from follow-on schedule check
[2023-09-18T13:24:50.959+0000] {taskinstance.py:1157} INFO - Dependencies all met for dep_context=non-requeueable deps ti=<TaskInstance: 5.1-orchestration.task4 scheduled__2023-09-13T00:00:00+00:00 [queued]>
[2023-09-18T13:24:50.984+0000] {taskinstance.py:1157} INFO - Dependencies all met for dep_context=requeueable deps ti=<TaskInstance: 5.1-orchestration.task4 scheduled__2023-09-13T00:00:00+00:00 [queued]>
[2023-09-18T13:24:50.984+0000] {taskinstance.py:1359} INFO - Starting attempt 1 of 1
[2023-09-18T13:24:51.005+0000] {taskinstance.py:1380} INFO - Executing <Task(BashOperator): task4> on 2023-09-13 00:00:00+00:00
[2023-09-18T13:24:51.010+0000] {standard_task_runner.py:57} INFO - Started process 3772 to run task
[2023-09-18T13:24:51.016+0000] {standard_task_runner.py:84} INFO - Running: ['***', 'tasks', 'run', '5.1-orchestration', 'task4', 'scheduled__2023-09-13T00:00:00+00:00', '--job-id', '160', '--raw', '--subdir', 'DAGS_FOLDER/5.1-orchestration.py', '--cfg-path', '/tmp/tmpmfitzu8x']
[2023-09-18T13:24:51.017+0000] {standard_task_runner.py:85} INFO - Job 160: Subtask task4
[2023-09-18T13:24:51.070+0000] {task_command.py:415} INFO - Running <TaskInstance: 5.1-orchestration.task4 scheduled__2023-09-13T00:00:00+00:00 [running]> on host e891a57bf0af
[2023-09-18T13:24:51.183+0000] {taskinstance.py:1660} INFO - Exporting env vars: AIRFLOW_CTX_DAG_OWNER='***' AIRFLOW_CTX_DAG_ID='5.1-orchestration' AIRFLOW_CTX_TASK_ID='task4' AIRFLOW_CTX_EXECUTION_DATE='2023-09-13T00:00:00+00:00' AIRFLOW_CTX_TRY_NUMBER='1' AIRFLOW_CTX_DAG_RUN_ID='scheduled__2023-09-13T00:00:00+00:00'
[2023-09-18T13:24:51.186+0000] {subprocess.py:63} INFO - Tmp dir root location: /tmp
[2023-09-18T13:24:51.187+0000] {subprocess.py:75} INFO - Running command: ['/bin/bash', '-c', "sleep 2 && echo 'Task 4'"]
[2023-09-18T13:24:51.208+0000] {subprocess.py:86} INFO - Output:
[2023-09-18T13:24:53.217+0000] {subprocess.py:93} INFO - Task 4
[2023-09-18T13:24:53.218+0000] {subprocess.py:97} INFO - Command exited with return code 0
[2023-09-18T13:24:53.254+0000] {taskinstance.py:1398} INFO - Marking task as SUCCESS. dag_id=5.1-orchestration, task_id=task4, execution_date=20230913T000000, start_date=20230918T132450, end_date=20230918T132453
[2023-09-18T13:24:53.288+0000] {local_task_job_runner.py:228} INFO - Task exited with return code 0
[2023-09-18T13:24:53.316+0000] {taskinstance.py:2776} INFO - 0 downstream tasks scheduled from follow-on schedule check
