[2023-09-18T13:03:36.410+0000] {taskinstance.py:1157} INFO - Dependencies all met for dep_context=non-requeueable deps ti=<TaskInstance: 5.1-orchestration.task1 scheduled__2023-09-15T00:00:00+00:00 [queued]>
[2023-09-18T13:03:36.436+0000] {taskinstance.py:1157} INFO - Dependencies all met for dep_context=requeueable deps ti=<TaskInstance: 5.1-orchestration.task1 scheduled__2023-09-15T00:00:00+00:00 [queued]>
[2023-09-18T13:03:36.437+0000] {taskinstance.py:1359} INFO - Starting attempt 1 of 1
[2023-09-18T13:03:36.463+0000] {taskinstance.py:1380} INFO - Executing <Task(BashOperator): task1> on 2023-09-15 00:00:00+00:00
[2023-09-18T13:03:36.471+0000] {standard_task_runner.py:57} INFO - Started process 3165 to run task
[2023-09-18T13:03:36.479+0000] {standard_task_runner.py:84} INFO - Running: ['***', 'tasks', 'run', '5.1-orchestration', 'task1', 'scheduled__2023-09-15T00:00:00+00:00', '--job-id', '88', '--raw', '--subdir', 'DAGS_FOLDER/5.1-orchestration.py', '--cfg-path', '/tmp/tmpt5o72ww0']
[2023-09-18T13:03:36.481+0000] {standard_task_runner.py:85} INFO - Job 88: Subtask task1
[2023-09-18T13:03:36.547+0000] {task_command.py:415} INFO - Running <TaskInstance: 5.1-orchestration.task1 scheduled__2023-09-15T00:00:00+00:00 [running]> on host e891a57bf0af
[2023-09-18T13:03:36.659+0000] {taskinstance.py:1660} INFO - Exporting env vars: AIRFLOW_CTX_DAG_OWNER='***' AIRFLOW_CTX_DAG_ID='5.1-orchestration' AIRFLOW_CTX_TASK_ID='task1' AIRFLOW_CTX_EXECUTION_DATE='2023-09-15T00:00:00+00:00' AIRFLOW_CTX_TRY_NUMBER='1' AIRFLOW_CTX_DAG_RUN_ID='scheduled__2023-09-15T00:00:00+00:00'
[2023-09-18T13:03:36.677+0000] {subprocess.py:63} INFO - Tmp dir root location: /tmp
[2023-09-18T13:03:36.679+0000] {subprocess.py:75} INFO - Running command: ['/bin/bash', '-c', "sleep 2 && echo 'Task 1'"]
[2023-09-18T13:03:36.700+0000] {subprocess.py:86} INFO - Output:
[2023-09-18T13:03:38.766+0000] {subprocess.py:93} INFO - Task 1
[2023-09-18T13:03:38.767+0000] {subprocess.py:97} INFO - Command exited with return code 0
[2023-09-18T13:03:38.805+0000] {taskinstance.py:1398} INFO - Marking task as SUCCESS. dag_id=5.1-orchestration, task_id=task1, execution_date=20230915T000000, start_date=20230918T130336, end_date=20230918T130338
[2023-09-18T13:03:38.833+0000] {local_task_job_runner.py:228} INFO - Task exited with return code 0
[2023-09-18T13:03:38.877+0000] {taskinstance.py:2776} INFO - 1 downstream tasks scheduled from follow-on schedule check
[2023-09-18T13:25:05.210+0000] {taskinstance.py:1157} INFO - Dependencies all met for dep_context=non-requeueable deps ti=<TaskInstance: 5.1-orchestration.task1 scheduled__2023-09-15T00:00:00+00:00 [queued]>
[2023-09-18T13:25:05.314+0000] {taskinstance.py:1157} INFO - Dependencies all met for dep_context=requeueable deps ti=<TaskInstance: 5.1-orchestration.task1 scheduled__2023-09-15T00:00:00+00:00 [queued]>
[2023-09-18T13:25:05.314+0000] {taskinstance.py:1359} INFO - Starting attempt 1 of 1
[2023-09-18T13:25:05.337+0000] {taskinstance.py:1380} INFO - Executing <Task(BashOperator): task1> on 2023-09-15 00:00:00+00:00
[2023-09-18T13:25:05.341+0000] {standard_task_runner.py:57} INFO - Started process 3794 to run task
[2023-09-18T13:25:05.345+0000] {standard_task_runner.py:84} INFO - Running: ['***', 'tasks', 'run', '5.1-orchestration', 'task1', 'scheduled__2023-09-15T00:00:00+00:00', '--job-id', '165', '--raw', '--subdir', 'DAGS_FOLDER/5.1-orchestration.py', '--cfg-path', '/tmp/tmpzqmnt_qj']
[2023-09-18T13:25:05.346+0000] {standard_task_runner.py:85} INFO - Job 165: Subtask task1
[2023-09-18T13:25:05.402+0000] {task_command.py:415} INFO - Running <TaskInstance: 5.1-orchestration.task1 scheduled__2023-09-15T00:00:00+00:00 [running]> on host e891a57bf0af
[2023-09-18T13:25:05.502+0000] {taskinstance.py:1660} INFO - Exporting env vars: AIRFLOW_CTX_DAG_OWNER='***' AIRFLOW_CTX_DAG_ID='5.1-orchestration' AIRFLOW_CTX_TASK_ID='task1' AIRFLOW_CTX_EXECUTION_DATE='2023-09-15T00:00:00+00:00' AIRFLOW_CTX_TRY_NUMBER='1' AIRFLOW_CTX_DAG_RUN_ID='scheduled__2023-09-15T00:00:00+00:00'
[2023-09-18T13:25:05.505+0000] {subprocess.py:63} INFO - Tmp dir root location: /tmp
[2023-09-18T13:25:05.506+0000] {subprocess.py:75} INFO - Running command: ['/bin/bash', '-c', "sleep 2 && echo 'Task 1'"]
[2023-09-18T13:25:05.516+0000] {subprocess.py:86} INFO - Output:
[2023-09-18T13:25:07.521+0000] {subprocess.py:93} INFO - Task 1
[2023-09-18T13:25:07.522+0000] {subprocess.py:97} INFO - Command exited with return code 0
[2023-09-18T13:25:07.548+0000] {taskinstance.py:1398} INFO - Marking task as SUCCESS. dag_id=5.1-orchestration, task_id=task1, execution_date=20230915T000000, start_date=20230918T132505, end_date=20230918T132507
[2023-09-18T13:25:07.580+0000] {local_task_job_runner.py:228} INFO - Task exited with return code 0
[2023-09-18T13:25:07.618+0000] {taskinstance.py:2776} INFO - 1 downstream tasks scheduled from follow-on schedule check
