[2023-09-19T12:55:18.567+0000] {taskinstance.py:1157} INFO - Dependencies all met for dep_context=non-requeueable deps ti=<TaskInstance: 7.3-externalTaskSensor.creating_file scheduled__2023-09-01T00:00:00+00:00 [queued]>
[2023-09-19T12:55:18.682+0000] {taskinstance.py:1157} INFO - Dependencies all met for dep_context=requeueable deps ti=<TaskInstance: 7.3-externalTaskSensor.creating_file scheduled__2023-09-01T00:00:00+00:00 [queued]>
[2023-09-19T12:55:18.683+0000] {taskinstance.py:1359} INFO - Starting attempt 1 of 1
[2023-09-19T12:55:18.704+0000] {taskinstance.py:1380} INFO - Executing <Task(BashOperator): creating_file> on 2023-09-01 00:00:00+00:00
[2023-09-19T12:55:18.709+0000] {standard_task_runner.py:57} INFO - Started process 916 to run task
[2023-09-19T12:55:18.712+0000] {standard_task_runner.py:84} INFO - Running: ['***', 'tasks', 'run', '7.3-externalTaskSensor', 'creating_file', 'scheduled__2023-09-01T00:00:00+00:00', '--job-id', '592', '--raw', '--subdir', 'DAGS_FOLDER/7.3-ExternalTaskSensor.py', '--cfg-path', '/tmp/tmpbrylu36q']
[2023-09-19T12:55:18.713+0000] {standard_task_runner.py:85} INFO - Job 592: Subtask creating_file
[2023-09-19T12:55:18.763+0000] {task_command.py:415} INFO - Running <TaskInstance: 7.3-externalTaskSensor.creating_file scheduled__2023-09-01T00:00:00+00:00 [running]> on host e891a57bf0af
[2023-09-19T12:55:18.846+0000] {taskinstance.py:1660} INFO - Exporting env vars: AIRFLOW_CTX_DAG_OWNER='***' AIRFLOW_CTX_DAG_ID='7.3-externalTaskSensor' AIRFLOW_CTX_TASK_ID='creating_file' AIRFLOW_CTX_EXECUTION_DATE='2023-09-01T00:00:00+00:00' AIRFLOW_CTX_TRY_NUMBER='1' AIRFLOW_CTX_DAG_RUN_ID='scheduled__2023-09-01T00:00:00+00:00'
[2023-09-19T12:55:18.847+0000] {subprocess.py:63} INFO - Tmp dir root location: /tmp
[2023-09-19T12:55:18.848+0000] {subprocess.py:75} INFO - Running command: ['/bin/bash', '-c', 'sleep 10 && touch /temp/file.txt']
[2023-09-19T12:55:18.858+0000] {subprocess.py:86} INFO - Output:
[2023-09-19T12:55:28.872+0000] {subprocess.py:93} INFO - touch: cannot touch '/temp/file.txt': No such file or directory
[2023-09-19T12:55:28.873+0000] {subprocess.py:97} INFO - Command exited with return code 1
[2023-09-19T12:55:28.889+0000] {taskinstance.py:1935} ERROR - Task failed with exception
Traceback (most recent call last):
  File "/home/airflow/.local/lib/python3.8/site-packages/airflow/operators/bash.py", line 210, in execute
    raise AirflowException(
airflow.exceptions.AirflowException: Bash command failed. The command returned a non-zero exit code 1.
[2023-09-19T12:55:28.900+0000] {taskinstance.py:1398} INFO - Marking task as FAILED. dag_id=7.3-externalTaskSensor, task_id=creating_file, execution_date=20230901T000000, start_date=20230919T125518, end_date=20230919T125528
[2023-09-19T12:55:28.918+0000] {standard_task_runner.py:104} ERROR - Failed to execute job 592 for task creating_file (Bash command failed. The command returned a non-zero exit code 1.; 916)
[2023-09-19T12:55:28.963+0000] {local_task_job_runner.py:228} INFO - Task exited with return code 1
[2023-09-19T12:55:28.991+0000] {taskinstance.py:2776} INFO - 0 downstream tasks scheduled from follow-on schedule check
[2023-09-19T13:01:26.556+0000] {taskinstance.py:1157} INFO - Dependencies all met for dep_context=non-requeueable deps ti=<TaskInstance: 7.3-externalTaskSensor.creating_file scheduled__2023-09-01T00:00:00+00:00 [queued]>
[2023-09-19T13:01:26.667+0000] {taskinstance.py:1157} INFO - Dependencies all met for dep_context=requeueable deps ti=<TaskInstance: 7.3-externalTaskSensor.creating_file scheduled__2023-09-01T00:00:00+00:00 [queued]>
[2023-09-19T13:01:26.669+0000] {taskinstance.py:1359} INFO - Starting attempt 1 of 1
[2023-09-19T13:01:26.690+0000] {taskinstance.py:1380} INFO - Executing <Task(BashOperator): creating_file> on 2023-09-01 00:00:00+00:00
[2023-09-19T13:01:26.695+0000] {standard_task_runner.py:57} INFO - Started process 1008 to run task
[2023-09-19T13:01:26.699+0000] {standard_task_runner.py:84} INFO - Running: ['***', 'tasks', 'run', '7.3-externalTaskSensor', 'creating_file', 'scheduled__2023-09-01T00:00:00+00:00', '--job-id', '593', '--raw', '--subdir', 'DAGS_FOLDER/7.3-ExternalTaskSensor.py', '--cfg-path', '/tmp/tmpwv566jcg']
[2023-09-19T13:01:26.700+0000] {standard_task_runner.py:85} INFO - Job 593: Subtask creating_file
[2023-09-19T13:01:26.764+0000] {task_command.py:415} INFO - Running <TaskInstance: 7.3-externalTaskSensor.creating_file scheduled__2023-09-01T00:00:00+00:00 [running]> on host e891a57bf0af
[2023-09-19T13:01:26.853+0000] {taskinstance.py:1660} INFO - Exporting env vars: AIRFLOW_CTX_DAG_OWNER='***' AIRFLOW_CTX_DAG_ID='7.3-externalTaskSensor' AIRFLOW_CTX_TASK_ID='creating_file' AIRFLOW_CTX_EXECUTION_DATE='2023-09-01T00:00:00+00:00' AIRFLOW_CTX_TRY_NUMBER='1' AIRFLOW_CTX_DAG_RUN_ID='scheduled__2023-09-01T00:00:00+00:00'
[2023-09-19T13:01:26.855+0000] {subprocess.py:63} INFO - Tmp dir root location: /tmp
[2023-09-19T13:01:26.856+0000] {subprocess.py:75} INFO - Running command: ['/bin/bash', '-c', 'sleep 10 && touch /tmp/file.txt']
[2023-09-19T13:01:26.866+0000] {subprocess.py:86} INFO - Output:
[2023-09-19T13:01:36.873+0000] {subprocess.py:97} INFO - Command exited with return code 0
[2023-09-19T13:01:36.907+0000] {taskinstance.py:1398} INFO - Marking task as SUCCESS. dag_id=7.3-externalTaskSensor, task_id=creating_file, execution_date=20230901T000000, start_date=20230919T130126, end_date=20230919T130136
[2023-09-19T13:01:36.952+0000] {local_task_job_runner.py:228} INFO - Task exited with return code 0
[2023-09-19T13:01:36.982+0000] {taskinstance.py:2776} INFO - 1 downstream tasks scheduled from follow-on schedule check
[2023-09-19T13:06:43.740+0000] {taskinstance.py:1157} INFO - Dependencies all met for dep_context=non-requeueable deps ti=<TaskInstance: 7.3-externalTaskSensor.creating_file scheduled__2023-09-01T00:00:00+00:00 [queued]>
[2023-09-19T13:06:43.762+0000] {taskinstance.py:1157} INFO - Dependencies all met for dep_context=requeueable deps ti=<TaskInstance: 7.3-externalTaskSensor.creating_file scheduled__2023-09-01T00:00:00+00:00 [queued]>
[2023-09-19T13:06:43.763+0000] {taskinstance.py:1359} INFO - Starting attempt 1 of 1
[2023-09-19T13:06:43.781+0000] {taskinstance.py:1380} INFO - Executing <Task(BashOperator): creating_file> on 2023-09-01 00:00:00+00:00
[2023-09-19T13:06:43.786+0000] {standard_task_runner.py:57} INFO - Started process 1129 to run task
[2023-09-19T13:06:43.790+0000] {standard_task_runner.py:84} INFO - Running: ['***', 'tasks', 'run', '7.3-externalTaskSensor', 'creating_file', 'scheduled__2023-09-01T00:00:00+00:00', '--job-id', '607', '--raw', '--subdir', 'DAGS_FOLDER/7.3-ExternalTaskSensor.py', '--cfg-path', '/tmp/tmpqv_czm9s']
[2023-09-19T13:06:43.791+0000] {standard_task_runner.py:85} INFO - Job 607: Subtask creating_file
[2023-09-19T13:06:43.846+0000] {task_command.py:415} INFO - Running <TaskInstance: 7.3-externalTaskSensor.creating_file scheduled__2023-09-01T00:00:00+00:00 [running]> on host e891a57bf0af
[2023-09-19T13:06:43.933+0000] {taskinstance.py:1660} INFO - Exporting env vars: AIRFLOW_CTX_DAG_OWNER='***' AIRFLOW_CTX_DAG_ID='7.3-externalTaskSensor' AIRFLOW_CTX_TASK_ID='creating_file' AIRFLOW_CTX_EXECUTION_DATE='2023-09-01T00:00:00+00:00' AIRFLOW_CTX_TRY_NUMBER='1' AIRFLOW_CTX_DAG_RUN_ID='scheduled__2023-09-01T00:00:00+00:00'
[2023-09-19T13:06:43.935+0000] {subprocess.py:63} INFO - Tmp dir root location: /tmp
[2023-09-19T13:06:43.936+0000] {subprocess.py:75} INFO - Running command: ['/bin/bash', '-c', 'sleep 10 && touch /tmp/file.txt']
[2023-09-19T13:06:43.946+0000] {subprocess.py:86} INFO - Output:
[2023-09-19T13:06:53.952+0000] {subprocess.py:97} INFO - Command exited with return code 0
[2023-09-19T13:06:53.977+0000] {taskinstance.py:1398} INFO - Marking task as SUCCESS. dag_id=7.3-externalTaskSensor, task_id=creating_file, execution_date=20230901T000000, start_date=20230919T130643, end_date=20230919T130653
[2023-09-19T13:06:54.023+0000] {local_task_job_runner.py:228} INFO - Task exited with return code 0
[2023-09-19T13:06:54.050+0000] {taskinstance.py:2776} INFO - 1 downstream tasks scheduled from follow-on schedule check
[2023-09-19T13:32:17.786+0000] {taskinstance.py:1157} INFO - Dependencies all met for dep_context=non-requeueable deps ti=<TaskInstance: 7.3-externalTaskSensor.creating_file scheduled__2023-09-01T00:00:00+00:00 [queued]>
[2023-09-19T13:32:17.801+0000] {taskinstance.py:1157} INFO - Dependencies all met for dep_context=requeueable deps ti=<TaskInstance: 7.3-externalTaskSensor.creating_file scheduled__2023-09-01T00:00:00+00:00 [queued]>
[2023-09-19T13:32:17.802+0000] {taskinstance.py:1359} INFO - Starting attempt 1 of 1
[2023-09-19T13:32:17.823+0000] {taskinstance.py:1380} INFO - Executing <Task(BashOperator): creating_file> on 2023-09-01 00:00:00+00:00
[2023-09-19T13:32:17.828+0000] {standard_task_runner.py:57} INFO - Started process 1544 to run task
[2023-09-19T13:32:17.831+0000] {standard_task_runner.py:84} INFO - Running: ['***', 'tasks', 'run', '7.3-externalTaskSensor', 'creating_file', 'scheduled__2023-09-01T00:00:00+00:00', '--job-id', '610', '--raw', '--subdir', 'DAGS_FOLDER/7.3-ExternalTaskSensor.py', '--cfg-path', '/tmp/tmpgvk52ypd']
[2023-09-19T13:32:17.833+0000] {standard_task_runner.py:85} INFO - Job 610: Subtask creating_file
[2023-09-19T13:32:17.883+0000] {task_command.py:415} INFO - Running <TaskInstance: 7.3-externalTaskSensor.creating_file scheduled__2023-09-01T00:00:00+00:00 [running]> on host e891a57bf0af
[2023-09-19T13:32:17.966+0000] {taskinstance.py:1660} INFO - Exporting env vars: AIRFLOW_CTX_DAG_OWNER='***' AIRFLOW_CTX_DAG_ID='7.3-externalTaskSensor' AIRFLOW_CTX_TASK_ID='creating_file' AIRFLOW_CTX_EXECUTION_DATE='2023-09-01T00:00:00+00:00' AIRFLOW_CTX_TRY_NUMBER='1' AIRFLOW_CTX_DAG_RUN_ID='scheduled__2023-09-01T00:00:00+00:00'
[2023-09-19T13:32:17.968+0000] {subprocess.py:63} INFO - Tmp dir root location: /tmp
[2023-09-19T13:32:17.969+0000] {subprocess.py:75} INFO - Running command: ['/bin/bash', '-c', 'sleep 10 && touch /tmp/file.txt']
[2023-09-19T13:32:17.980+0000] {subprocess.py:86} INFO - Output:
[2023-09-19T13:32:27.988+0000] {subprocess.py:97} INFO - Command exited with return code 0
[2023-09-19T13:32:28.016+0000] {taskinstance.py:1398} INFO - Marking task as SUCCESS. dag_id=7.3-externalTaskSensor, task_id=creating_file, execution_date=20230901T000000, start_date=20230919T133217, end_date=20230919T133228
[2023-09-19T13:32:28.053+0000] {local_task_job_runner.py:228} INFO - Task exited with return code 0
[2023-09-19T13:32:28.082+0000] {taskinstance.py:2776} INFO - 1 downstream tasks scheduled from follow-on schedule check
[2023-09-19T13:37:56.336+0000] {taskinstance.py:1157} INFO - Dependencies all met for dep_context=non-requeueable deps ti=<TaskInstance: 7.3-externalTaskSensor.creating_file scheduled__2023-09-01T00:00:00+00:00 [queued]>
[2023-09-19T13:37:56.355+0000] {taskinstance.py:1157} INFO - Dependencies all met for dep_context=requeueable deps ti=<TaskInstance: 7.3-externalTaskSensor.creating_file scheduled__2023-09-01T00:00:00+00:00 [queued]>
[2023-09-19T13:37:56.356+0000] {taskinstance.py:1359} INFO - Starting attempt 1 of 1
[2023-09-19T13:37:56.377+0000] {taskinstance.py:1380} INFO - Executing <Task(BashOperator): creating_file> on 2023-09-01 00:00:00+00:00
[2023-09-19T13:37:56.382+0000] {standard_task_runner.py:57} INFO - Started process 1634 to run task
[2023-09-19T13:37:56.385+0000] {standard_task_runner.py:84} INFO - Running: ['***', 'tasks', 'run', '7.3-externalTaskSensor', 'creating_file', 'scheduled__2023-09-01T00:00:00+00:00', '--job-id', '613', '--raw', '--subdir', 'DAGS_FOLDER/7.3-ExternalTaskSensor.py', '--cfg-path', '/tmp/tmpkt73_px7']
[2023-09-19T13:37:56.386+0000] {standard_task_runner.py:85} INFO - Job 613: Subtask creating_file
[2023-09-19T13:37:56.444+0000] {task_command.py:415} INFO - Running <TaskInstance: 7.3-externalTaskSensor.creating_file scheduled__2023-09-01T00:00:00+00:00 [running]> on host e891a57bf0af
[2023-09-19T13:37:56.556+0000] {taskinstance.py:1660} INFO - Exporting env vars: AIRFLOW_CTX_DAG_OWNER='***' AIRFLOW_CTX_DAG_ID='7.3-externalTaskSensor' AIRFLOW_CTX_TASK_ID='creating_file' AIRFLOW_CTX_EXECUTION_DATE='2023-09-01T00:00:00+00:00' AIRFLOW_CTX_TRY_NUMBER='1' AIRFLOW_CTX_DAG_RUN_ID='scheduled__2023-09-01T00:00:00+00:00'
[2023-09-19T13:37:56.558+0000] {subprocess.py:63} INFO - Tmp dir root location: /tmp
[2023-09-19T13:37:56.560+0000] {subprocess.py:75} INFO - Running command: ['/bin/bash', '-c', 'sleep 10 && touch /tmp/file.txt']
[2023-09-19T13:37:56.571+0000] {subprocess.py:86} INFO - Output:
[2023-09-19T13:38:06.578+0000] {subprocess.py:97} INFO - Command exited with return code 0
[2023-09-19T13:38:06.735+0000] {taskinstance.py:1398} INFO - Marking task as SUCCESS. dag_id=7.3-externalTaskSensor, task_id=creating_file, execution_date=20230901T000000, start_date=20230919T133756, end_date=20230919T133806
[2023-09-19T13:38:06.810+0000] {local_task_job_runner.py:228} INFO - Task exited with return code 0
[2023-09-19T13:38:06.849+0000] {taskinstance.py:2776} INFO - 0 downstream tasks scheduled from follow-on schedule check
