[2023-09-18T13:03:36.411+0000] {taskinstance.py:1157} INFO - Dependencies all met for dep_context=non-requeueable deps ti=<TaskInstance: 5.1-orchestration.task3 scheduled__2023-09-13T00:00:00+00:00 [queued]>
[2023-09-18T13:03:36.436+0000] {taskinstance.py:1157} INFO - Dependencies all met for dep_context=requeueable deps ti=<TaskInstance: 5.1-orchestration.task3 scheduled__2023-09-13T00:00:00+00:00 [queued]>
[2023-09-18T13:03:36.437+0000] {taskinstance.py:1359} INFO - Starting attempt 1 of 1
[2023-09-18T13:03:36.462+0000] {taskinstance.py:1380} INFO - Executing <Task(BashOperator): task3> on 2023-09-13 00:00:00+00:00
[2023-09-18T13:03:36.471+0000] {standard_task_runner.py:57} INFO - Started process 3166 to run task
[2023-09-18T13:03:36.477+0000] {standard_task_runner.py:84} INFO - Running: ['***', 'tasks', 'run', '5.1-orchestration', 'task3', 'scheduled__2023-09-13T00:00:00+00:00', '--job-id', '90', '--raw', '--subdir', 'DAGS_FOLDER/5.1-orchestration.py', '--cfg-path', '/tmp/tmpii4kp4mi']
[2023-09-18T13:03:36.479+0000] {standard_task_runner.py:85} INFO - Job 90: Subtask task3
[2023-09-18T13:03:36.547+0000] {task_command.py:415} INFO - Running <TaskInstance: 5.1-orchestration.task3 scheduled__2023-09-13T00:00:00+00:00 [running]> on host e891a57bf0af
[2023-09-18T13:03:36.661+0000] {taskinstance.py:1660} INFO - Exporting env vars: AIRFLOW_CTX_DAG_OWNER='***' AIRFLOW_CTX_DAG_ID='5.1-orchestration' AIRFLOW_CTX_TASK_ID='task3' AIRFLOW_CTX_EXECUTION_DATE='2023-09-13T00:00:00+00:00' AIRFLOW_CTX_TRY_NUMBER='1' AIRFLOW_CTX_DAG_RUN_ID='scheduled__2023-09-13T00:00:00+00:00'
[2023-09-18T13:03:36.677+0000] {subprocess.py:63} INFO - Tmp dir root location: /tmp
[2023-09-18T13:03:36.679+0000] {subprocess.py:75} INFO - Running command: ['/bin/bash', '-c', "sleep 2 && echo 'Task 3'"]
[2023-09-18T13:03:36.700+0000] {subprocess.py:86} INFO - Output:
[2023-09-18T13:03:38.766+0000] {subprocess.py:93} INFO - Task 3
[2023-09-18T13:03:38.767+0000] {subprocess.py:97} INFO - Command exited with return code 0
[2023-09-18T13:03:38.806+0000] {taskinstance.py:1398} INFO - Marking task as SUCCESS. dag_id=5.1-orchestration, task_id=task3, execution_date=20230913T000000, start_date=20230918T130336, end_date=20230918T130338
[2023-09-18T13:03:38.833+0000] {local_task_job_runner.py:228} INFO - Task exited with return code 0
[2023-09-18T13:03:38.851+0000] {taskinstance.py:2776} INFO - 0 downstream tasks scheduled from follow-on schedule check
[2023-09-18T13:24:50.954+0000] {taskinstance.py:1157} INFO - Dependencies all met for dep_context=non-requeueable deps ti=<TaskInstance: 5.1-orchestration.task3 scheduled__2023-09-13T00:00:00+00:00 [queued]>
[2023-09-18T13:24:50.984+0000] {taskinstance.py:1157} INFO - Dependencies all met for dep_context=requeueable deps ti=<TaskInstance: 5.1-orchestration.task3 scheduled__2023-09-13T00:00:00+00:00 [queued]>
[2023-09-18T13:24:50.984+0000] {taskinstance.py:1359} INFO - Starting attempt 1 of 1
[2023-09-18T13:24:51.004+0000] {taskinstance.py:1380} INFO - Executing <Task(BashOperator): task3> on 2023-09-13 00:00:00+00:00
[2023-09-18T13:24:51.009+0000] {standard_task_runner.py:57} INFO - Started process 3771 to run task
[2023-09-18T13:24:51.014+0000] {standard_task_runner.py:84} INFO - Running: ['***', 'tasks', 'run', '5.1-orchestration', 'task3', 'scheduled__2023-09-13T00:00:00+00:00', '--job-id', '159', '--raw', '--subdir', 'DAGS_FOLDER/5.1-orchestration.py', '--cfg-path', '/tmp/tmpu2uoj7q8']
[2023-09-18T13:24:51.016+0000] {standard_task_runner.py:85} INFO - Job 159: Subtask task3
[2023-09-18T13:24:51.070+0000] {task_command.py:415} INFO - Running <TaskInstance: 5.1-orchestration.task3 scheduled__2023-09-13T00:00:00+00:00 [running]> on host e891a57bf0af
[2023-09-18T13:24:51.181+0000] {taskinstance.py:1660} INFO - Exporting env vars: AIRFLOW_CTX_DAG_OWNER='***' AIRFLOW_CTX_DAG_ID='5.1-orchestration' AIRFLOW_CTX_TASK_ID='task3' AIRFLOW_CTX_EXECUTION_DATE='2023-09-13T00:00:00+00:00' AIRFLOW_CTX_TRY_NUMBER='1' AIRFLOW_CTX_DAG_RUN_ID='scheduled__2023-09-13T00:00:00+00:00'
[2023-09-18T13:24:51.184+0000] {subprocess.py:63} INFO - Tmp dir root location: /tmp
[2023-09-18T13:24:51.186+0000] {subprocess.py:75} INFO - Running command: ['/bin/bash', '-c', "sleep 2 && echo 'Task 3'"]
[2023-09-18T13:24:51.205+0000] {subprocess.py:86} INFO - Output:
[2023-09-18T13:24:53.212+0000] {subprocess.py:93} INFO - Task 3
[2023-09-18T13:24:53.214+0000] {subprocess.py:97} INFO - Command exited with return code 0
[2023-09-18T13:24:53.253+0000] {taskinstance.py:1398} INFO - Marking task as SUCCESS. dag_id=5.1-orchestration, task_id=task3, execution_date=20230913T000000, start_date=20230918T132450, end_date=20230918T132453
[2023-09-18T13:24:53.286+0000] {local_task_job_runner.py:228} INFO - Task exited with return code 0
[2023-09-18T13:24:53.304+0000] {taskinstance.py:2776} INFO - 0 downstream tasks scheduled from follow-on schedule check
