[2023-09-18T14:27:29.001+0000] {taskinstance.py:1157} INFO - Dependencies all met for dep_context=non-requeueable deps ti=<TaskInstance: 6.2-monitoring.task3 scheduled__2023-09-01T00:00:00+00:00 [queued]>
[2023-09-18T14:27:29.019+0000] {taskinstance.py:1157} INFO - Dependencies all met for dep_context=requeueable deps ti=<TaskInstance: 6.2-monitoring.task3 scheduled__2023-09-01T00:00:00+00:00 [queued]>
[2023-09-18T14:27:29.020+0000] {taskinstance.py:1359} INFO - Starting attempt 1 of 3
[2023-09-18T14:27:29.039+0000] {taskinstance.py:1380} INFO - Executing <Task(BashOperator): task3> on 2023-09-01 00:00:00+00:00
[2023-09-18T14:27:29.046+0000] {standard_task_runner.py:57} INFO - Started process 5981 to run task
[2023-09-18T14:27:29.053+0000] {standard_task_runner.py:84} INFO - Running: ['***', 'tasks', 'run', '6.2-monitoring', 'task3', 'scheduled__2023-09-01T00:00:00+00:00', '--job-id', '516', '--raw', '--subdir', 'DAGS_FOLDER/6.2-monitoring.py', '--cfg-path', '/tmp/tmphboa0o9d']
[2023-09-18T14:27:29.055+0000] {standard_task_runner.py:85} INFO - Job 516: Subtask task3
[2023-09-18T14:27:29.121+0000] {task_command.py:415} INFO - Running <TaskInstance: 6.2-monitoring.task3 scheduled__2023-09-01T00:00:00+00:00 [running]> on host e891a57bf0af
[2023-09-18T14:27:29.218+0000] {taskinstance.py:1660} INFO - Exporting env vars: AIRFLOW_CTX_DAG_OWNER='***' AIRFLOW_CTX_DAG_ID='6.2-monitoring' AIRFLOW_CTX_TASK_ID='task3' AIRFLOW_CTX_EXECUTION_DATE='2023-09-01T00:00:00+00:00' AIRFLOW_CTX_TRY_NUMBER='1' AIRFLOW_CTX_DAG_RUN_ID='scheduled__2023-09-01T00:00:00+00:00'
[2023-09-18T14:27:29.220+0000] {subprocess.py:63} INFO - Tmp dir root location: /tmp
[2023-09-18T14:27:29.222+0000] {subprocess.py:75} INFO - Running command: ['/bin/bash', '-c', "sleep 2 && echo 'Task 3'"]
[2023-09-18T14:27:29.237+0000] {subprocess.py:86} INFO - Output:
[2023-09-18T14:27:31.247+0000] {subprocess.py:93} INFO - Task 3
[2023-09-18T14:27:31.249+0000] {subprocess.py:97} INFO - Command exited with return code 0
[2023-09-18T14:27:31.286+0000] {taskinstance.py:1398} INFO - Marking task as SUCCESS. dag_id=6.2-monitoring, task_id=task3, execution_date=20230901T000000, start_date=20230918T142729, end_date=20230918T142731
[2023-09-18T14:27:31.317+0000] {local_task_job_runner.py:228} INFO - Task exited with return code 0
[2023-09-18T14:27:31.376+0000] {taskinstance.py:2776} INFO - 1 downstream tasks scheduled from follow-on schedule check
[2023-09-19T12:15:19.055+0000] {taskinstance.py:1157} INFO - Dependencies all met for dep_context=non-requeueable deps ti=<TaskInstance: 6.2-monitoring.task3 scheduled__2023-09-01T00:00:00+00:00 [queued]>
[2023-09-19T12:15:19.209+0000] {taskinstance.py:1157} INFO - Dependencies all met for dep_context=requeueable deps ti=<TaskInstance: 6.2-monitoring.task3 scheduled__2023-09-01T00:00:00+00:00 [queued]>
[2023-09-19T12:15:19.210+0000] {taskinstance.py:1359} INFO - Starting attempt 1 of 3
[2023-09-19T12:15:19.252+0000] {taskinstance.py:1380} INFO - Executing <Task(BashOperator): task3> on 2023-09-01 00:00:00+00:00
[2023-09-19T12:15:19.259+0000] {standard_task_runner.py:57} INFO - Started process 102 to run task
[2023-09-19T12:15:19.268+0000] {standard_task_runner.py:84} INFO - Running: ['***', 'tasks', 'run', '6.2-monitoring', 'task3', 'scheduled__2023-09-01T00:00:00+00:00', '--job-id', '527', '--raw', '--subdir', 'DAGS_FOLDER/6.2-monitoring.py', '--cfg-path', '/tmp/tmp8fnh9qhc']
[2023-09-19T12:15:19.274+0000] {standard_task_runner.py:85} INFO - Job 527: Subtask task3
[2023-09-19T12:15:19.380+0000] {task_command.py:415} INFO - Running <TaskInstance: 6.2-monitoring.task3 scheduled__2023-09-01T00:00:00+00:00 [running]> on host e891a57bf0af
[2023-09-19T12:15:21.886+0000] {taskinstance.py:1660} INFO - Exporting env vars: AIRFLOW_CTX_DAG_OWNER='***' AIRFLOW_CTX_DAG_ID='6.2-monitoring' AIRFLOW_CTX_TASK_ID='task3' AIRFLOW_CTX_EXECUTION_DATE='2023-09-01T00:00:00+00:00' AIRFLOW_CTX_TRY_NUMBER='1' AIRFLOW_CTX_DAG_RUN_ID='scheduled__2023-09-01T00:00:00+00:00'
[2023-09-19T12:15:21.891+0000] {subprocess.py:63} INFO - Tmp dir root location: /tmp
[2023-09-19T12:15:21.894+0000] {subprocess.py:75} INFO - Running command: ['/bin/bash', '-c', "sleep 2 && echo 'Task 3'"]
[2023-09-19T12:15:22.110+0000] {subprocess.py:86} INFO - Output:
[2023-09-19T12:15:24.115+0000] {subprocess.py:93} INFO - Task 3
[2023-09-19T12:15:24.116+0000] {subprocess.py:97} INFO - Command exited with return code 0
[2023-09-19T12:15:24.146+0000] {taskinstance.py:1398} INFO - Marking task as SUCCESS. dag_id=6.2-monitoring, task_id=task3, execution_date=20230901T000000, start_date=20230919T121519, end_date=20230919T121524
[2023-09-19T12:15:24.197+0000] {local_task_job_runner.py:228} INFO - Task exited with return code 0
[2023-09-19T12:15:24.232+0000] {taskinstance.py:2776} INFO - 1 downstream tasks scheduled from follow-on schedule check
