[2023-09-18T13:02:56.832+0000] {taskinstance.py:1157} INFO - Dependencies all met for dep_context=non-requeueable deps ti=<TaskInstance: 5.1-orchestration.task1 scheduled__2023-09-05T00:00:00+00:00 [queued]>
[2023-09-18T13:02:56.851+0000] {taskinstance.py:1157} INFO - Dependencies all met for dep_context=requeueable deps ti=<TaskInstance: 5.1-orchestration.task1 scheduled__2023-09-05T00:00:00+00:00 [queued]>
[2023-09-18T13:02:56.852+0000] {taskinstance.py:1359} INFO - Starting attempt 1 of 1
[2023-09-18T13:02:56.870+0000] {taskinstance.py:1380} INFO - Executing <Task(BashOperator): task1> on 2023-09-05 00:00:00+00:00
[2023-09-18T13:02:56.877+0000] {standard_task_runner.py:57} INFO - Started process 2997 to run task
[2023-09-18T13:02:56.882+0000] {standard_task_runner.py:84} INFO - Running: ['***', 'tasks', 'run', '5.1-orchestration', 'task1', 'scheduled__2023-09-05T00:00:00+00:00', '--job-id', '51', '--raw', '--subdir', 'DAGS_FOLDER/5.1-orchestration.py', '--cfg-path', '/tmp/tmpgr0ood7q']
[2023-09-18T13:02:56.883+0000] {standard_task_runner.py:85} INFO - Job 51: Subtask task1
[2023-09-18T13:02:56.952+0000] {task_command.py:415} INFO - Running <TaskInstance: 5.1-orchestration.task1 scheduled__2023-09-05T00:00:00+00:00 [running]> on host e891a57bf0af
[2023-09-18T13:02:57.078+0000] {taskinstance.py:1660} INFO - Exporting env vars: AIRFLOW_CTX_DAG_OWNER='***' AIRFLOW_CTX_DAG_ID='5.1-orchestration' AIRFLOW_CTX_TASK_ID='task1' AIRFLOW_CTX_EXECUTION_DATE='2023-09-05T00:00:00+00:00' AIRFLOW_CTX_TRY_NUMBER='1' AIRFLOW_CTX_DAG_RUN_ID='scheduled__2023-09-05T00:00:00+00:00'
[2023-09-18T13:02:57.098+0000] {subprocess.py:63} INFO - Tmp dir root location: /tmp
[2023-09-18T13:02:57.100+0000] {subprocess.py:75} INFO - Running command: ['/bin/bash', '-c', "sleep 2 && echo 'Task 1'"]
[2023-09-18T13:02:57.113+0000] {subprocess.py:86} INFO - Output:
[2023-09-18T13:02:59.149+0000] {subprocess.py:93} INFO - Task 1
[2023-09-18T13:02:59.151+0000] {subprocess.py:97} INFO - Command exited with return code 0
[2023-09-18T13:02:59.186+0000] {taskinstance.py:1398} INFO - Marking task as SUCCESS. dag_id=5.1-orchestration, task_id=task1, execution_date=20230905T000000, start_date=20230918T130256, end_date=20230918T130259
[2023-09-18T13:02:59.229+0000] {local_task_job_runner.py:228} INFO - Task exited with return code 0
[2023-09-18T13:02:59.280+0000] {taskinstance.py:2776} INFO - 1 downstream tasks scheduled from follow-on schedule check
[2023-09-18T13:23:15.380+0000] {taskinstance.py:1157} INFO - Dependencies all met for dep_context=non-requeueable deps ti=<TaskInstance: 5.1-orchestration.task1 scheduled__2023-09-05T00:00:00+00:00 [queued]>
[2023-09-18T13:23:15.400+0000] {taskinstance.py:1157} INFO - Dependencies all met for dep_context=requeueable deps ti=<TaskInstance: 5.1-orchestration.task1 scheduled__2023-09-05T00:00:00+00:00 [queued]>
[2023-09-18T13:23:15.401+0000] {taskinstance.py:1359} INFO - Starting attempt 1 of 1
[2023-09-18T13:23:15.428+0000] {taskinstance.py:1380} INFO - Executing <Task(BashOperator): task1> on 2023-09-05 00:00:00+00:00
[2023-09-18T13:23:15.432+0000] {standard_task_runner.py:57} INFO - Started process 3608 to run task
[2023-09-18T13:23:15.435+0000] {standard_task_runner.py:84} INFO - Running: ['***', 'tasks', 'run', '5.1-orchestration', 'task1', 'scheduled__2023-09-05T00:00:00+00:00', '--job-id', '125', '--raw', '--subdir', 'DAGS_FOLDER/5.1-orchestration.py', '--cfg-path', '/tmp/tmph0gvb4ic']
[2023-09-18T13:23:15.437+0000] {standard_task_runner.py:85} INFO - Job 125: Subtask task1
[2023-09-18T13:23:15.560+0000] {task_command.py:415} INFO - Running <TaskInstance: 5.1-orchestration.task1 scheduled__2023-09-05T00:00:00+00:00 [running]> on host e891a57bf0af
[2023-09-18T13:23:15.678+0000] {taskinstance.py:1660} INFO - Exporting env vars: AIRFLOW_CTX_DAG_OWNER='***' AIRFLOW_CTX_DAG_ID='5.1-orchestration' AIRFLOW_CTX_TASK_ID='task1' AIRFLOW_CTX_EXECUTION_DATE='2023-09-05T00:00:00+00:00' AIRFLOW_CTX_TRY_NUMBER='1' AIRFLOW_CTX_DAG_RUN_ID='scheduled__2023-09-05T00:00:00+00:00'
[2023-09-18T13:23:15.683+0000] {subprocess.py:63} INFO - Tmp dir root location: /tmp
[2023-09-18T13:23:15.684+0000] {subprocess.py:75} INFO - Running command: ['/bin/bash', '-c', "sleep 2 && echo 'Task 1'"]
[2023-09-18T13:23:15.701+0000] {subprocess.py:86} INFO - Output:
[2023-09-18T13:23:17.710+0000] {subprocess.py:93} INFO - Task 1
[2023-09-18T13:23:17.711+0000] {subprocess.py:97} INFO - Command exited with return code 0
[2023-09-18T13:23:17.742+0000] {taskinstance.py:1398} INFO - Marking task as SUCCESS. dag_id=5.1-orchestration, task_id=task1, execution_date=20230905T000000, start_date=20230918T132315, end_date=20230918T132317
[2023-09-18T13:23:17.788+0000] {local_task_job_runner.py:228} INFO - Task exited with return code 0
[2023-09-18T13:23:17.830+0000] {taskinstance.py:2776} INFO - 1 downstream tasks scheduled from follow-on schedule check
