[2023-09-18T13:46:32.850+0000] {taskinstance.py:1157} INFO - Dependencies all met for dep_context=non-requeueable deps ti=<TaskInstance: 6.1-monitoring.task1 scheduled__2023-09-02T00:00:00+00:00 [queued]>
[2023-09-18T13:46:32.864+0000] {taskinstance.py:1157} INFO - Dependencies all met for dep_context=requeueable deps ti=<TaskInstance: 6.1-monitoring.task1 scheduled__2023-09-02T00:00:00+00:00 [queued]>
[2023-09-18T13:46:32.864+0000] {taskinstance.py:1359} INFO - Starting attempt 1 of 1
[2023-09-18T13:46:32.884+0000] {taskinstance.py:1380} INFO - Executing <Task(BashOperator): task1> on 2023-09-02 00:00:00+00:00
[2023-09-18T13:46:32.890+0000] {standard_task_runner.py:57} INFO - Started process 4392 to run task
[2023-09-18T13:46:32.895+0000] {standard_task_runner.py:84} INFO - Running: ['***', 'tasks', 'run', '6.1-monitoring', 'task1', 'scheduled__2023-09-02T00:00:00+00:00', '--job-id', '238', '--raw', '--subdir', 'DAGS_FOLDER/6.1-monitoring.py', '--cfg-path', '/tmp/tmpr_7tfxsb']
[2023-09-18T13:46:32.897+0000] {standard_task_runner.py:85} INFO - Job 238: Subtask task1
[2023-09-18T13:46:32.960+0000] {task_command.py:415} INFO - Running <TaskInstance: 6.1-monitoring.task1 scheduled__2023-09-02T00:00:00+00:00 [running]> on host e891a57bf0af
[2023-09-18T13:46:33.060+0000] {taskinstance.py:1660} INFO - Exporting env vars: AIRFLOW_CTX_DAG_OWNER='***' AIRFLOW_CTX_DAG_ID='6.1-monitoring' AIRFLOW_CTX_TASK_ID='task1' AIRFLOW_CTX_EXECUTION_DATE='2023-09-02T00:00:00+00:00' AIRFLOW_CTX_TRY_NUMBER='1' AIRFLOW_CTX_DAG_RUN_ID='scheduled__2023-09-02T00:00:00+00:00'
[2023-09-18T13:46:33.063+0000] {subprocess.py:63} INFO - Tmp dir root location: /tmp
[2023-09-18T13:46:33.064+0000] {subprocess.py:75} INFO - Running command: ['/bin/bash', '-c', "sleep 2 && echo 'Task 1'"]
[2023-09-18T13:46:33.075+0000] {subprocess.py:86} INFO - Output:
[2023-09-18T13:46:35.080+0000] {subprocess.py:93} INFO - Task 1
[2023-09-18T13:46:35.081+0000] {subprocess.py:97} INFO - Command exited with return code 0
[2023-09-18T13:46:35.113+0000] {taskinstance.py:1398} INFO - Marking task as SUCCESS. dag_id=6.1-monitoring, task_id=task1, execution_date=20230902T000000, start_date=20230918T134632, end_date=20230918T134635
[2023-09-18T13:46:35.163+0000] {local_task_job_runner.py:228} INFO - Task exited with return code 0
[2023-09-18T13:46:35.259+0000] {taskinstance.py:2776} INFO - 1 downstream tasks scheduled from follow-on schedule check
[2023-09-18T13:52:27.433+0000] {taskinstance.py:1157} INFO - Dependencies all met for dep_context=non-requeueable deps ti=<TaskInstance: 6.1-monitoring.task1 scheduled__2023-09-02T00:00:00+00:00 [queued]>
[2023-09-18T13:52:27.456+0000] {taskinstance.py:1157} INFO - Dependencies all met for dep_context=requeueable deps ti=<TaskInstance: 6.1-monitoring.task1 scheduled__2023-09-02T00:00:00+00:00 [queued]>
[2023-09-18T13:52:27.457+0000] {taskinstance.py:1359} INFO - Starting attempt 1 of 1
[2023-09-18T13:52:27.484+0000] {taskinstance.py:1380} INFO - Executing <Task(BashOperator): task1> on 2023-09-02 00:00:00+00:00
[2023-09-18T13:52:27.491+0000] {standard_task_runner.py:57} INFO - Started process 4898 to run task
[2023-09-18T13:52:27.497+0000] {standard_task_runner.py:84} INFO - Running: ['***', 'tasks', 'run', '6.1-monitoring', 'task1', 'scheduled__2023-09-02T00:00:00+00:00', '--job-id', '356', '--raw', '--subdir', 'DAGS_FOLDER/6.1-monitoring.py', '--cfg-path', '/tmp/tmpxaggpp53']
[2023-09-18T13:52:27.500+0000] {standard_task_runner.py:85} INFO - Job 356: Subtask task1
[2023-09-18T13:52:27.596+0000] {task_command.py:415} INFO - Running <TaskInstance: 6.1-monitoring.task1 scheduled__2023-09-02T00:00:00+00:00 [running]> on host e891a57bf0af
[2023-09-18T13:52:27.758+0000] {taskinstance.py:1660} INFO - Exporting env vars: AIRFLOW_CTX_DAG_OWNER='***' AIRFLOW_CTX_DAG_ID='6.1-monitoring' AIRFLOW_CTX_TASK_ID='task1' AIRFLOW_CTX_EXECUTION_DATE='2023-09-02T00:00:00+00:00' AIRFLOW_CTX_TRY_NUMBER='1' AIRFLOW_CTX_DAG_RUN_ID='scheduled__2023-09-02T00:00:00+00:00'
[2023-09-18T13:52:27.761+0000] {subprocess.py:63} INFO - Tmp dir root location: /tmp
[2023-09-18T13:52:27.763+0000] {subprocess.py:75} INFO - Running command: ['/bin/bash', '-c', "sleep 2 && echo 'Task 1'"]
[2023-09-18T13:52:27.782+0000] {subprocess.py:86} INFO - Output:
[2023-09-18T13:52:29.788+0000] {subprocess.py:93} INFO - Task 1
[2023-09-18T13:52:29.789+0000] {subprocess.py:97} INFO - Command exited with return code 0
[2023-09-18T13:52:29.835+0000] {taskinstance.py:1398} INFO - Marking task as SUCCESS. dag_id=6.1-monitoring, task_id=task1, execution_date=20230902T000000, start_date=20230918T135227, end_date=20230918T135229
[2023-09-18T13:52:29.882+0000] {local_task_job_runner.py:228} INFO - Task exited with return code 0
[2023-09-18T13:52:30.029+0000] {taskinstance.py:2776} INFO - 0 downstream tasks scheduled from follow-on schedule check
[2023-09-18T13:54:41.948+0000] {taskinstance.py:1157} INFO - Dependencies all met for dep_context=non-requeueable deps ti=<TaskInstance: 6.1-monitoring.task1 scheduled__2023-09-02T00:00:00+00:00 [queued]>
[2023-09-18T13:54:41.964+0000] {taskinstance.py:1157} INFO - Dependencies all met for dep_context=requeueable deps ti=<TaskInstance: 6.1-monitoring.task1 scheduled__2023-09-02T00:00:00+00:00 [queued]>
[2023-09-18T13:54:41.965+0000] {taskinstance.py:1359} INFO - Starting attempt 1 of 1
[2023-09-18T13:54:42.030+0000] {taskinstance.py:1380} INFO - Executing <Task(BashOperator): task1> on 2023-09-02 00:00:00+00:00
[2023-09-18T13:54:42.037+0000] {standard_task_runner.py:57} INFO - Started process 5179 to run task
[2023-09-18T13:54:42.044+0000] {standard_task_runner.py:84} INFO - Running: ['***', 'tasks', 'run', '6.1-monitoring', 'task1', 'scheduled__2023-09-02T00:00:00+00:00', '--job-id', '426', '--raw', '--subdir', 'DAGS_FOLDER/6.1-monitoring.py', '--cfg-path', '/tmp/tmpf0bgiw55']
[2023-09-18T13:54:42.048+0000] {standard_task_runner.py:85} INFO - Job 426: Subtask task1
[2023-09-18T13:54:42.133+0000] {task_command.py:415} INFO - Running <TaskInstance: 6.1-monitoring.task1 scheduled__2023-09-02T00:00:00+00:00 [running]> on host e891a57bf0af
[2023-09-18T13:54:42.283+0000] {taskinstance.py:1660} INFO - Exporting env vars: AIRFLOW_CTX_DAG_OWNER='***' AIRFLOW_CTX_DAG_ID='6.1-monitoring' AIRFLOW_CTX_TASK_ID='task1' AIRFLOW_CTX_EXECUTION_DATE='2023-09-02T00:00:00+00:00' AIRFLOW_CTX_TRY_NUMBER='1' AIRFLOW_CTX_DAG_RUN_ID='scheduled__2023-09-02T00:00:00+00:00'
[2023-09-18T13:54:42.285+0000] {subprocess.py:63} INFO - Tmp dir root location: /tmp
[2023-09-18T13:54:42.287+0000] {subprocess.py:75} INFO - Running command: ['/bin/bash', '-c', "sleep 2 && echo 'Task 1'"]
[2023-09-18T13:54:42.304+0000] {subprocess.py:86} INFO - Output:
[2023-09-18T13:54:44.327+0000] {subprocess.py:93} INFO - Task 1
[2023-09-18T13:54:44.336+0000] {subprocess.py:97} INFO - Command exited with return code 0
[2023-09-18T13:54:44.397+0000] {taskinstance.py:1398} INFO - Marking task as SUCCESS. dag_id=6.1-monitoring, task_id=task1, execution_date=20230902T000000, start_date=20230918T135441, end_date=20230918T135444
[2023-09-18T13:54:44.511+0000] {local_task_job_runner.py:228} INFO - Task exited with return code 0
[2023-09-18T13:54:44.568+0000] {taskinstance.py:2776} INFO - 1 downstream tasks scheduled from follow-on schedule check
