[2023-09-18T13:53:29.043+0000] {taskinstance.py:1157} INFO - Dependencies all met for dep_context=non-requeueable deps ti=<TaskInstance: 6.1-monitoring.task5 scheduled__2023-09-14T00:00:00+00:00 [queued]>
[2023-09-18T13:53:29.071+0000] {taskinstance.py:1157} INFO - Dependencies all met for dep_context=requeueable deps ti=<TaskInstance: 6.1-monitoring.task5 scheduled__2023-09-14T00:00:00+00:00 [queued]>
[2023-09-18T13:53:29.075+0000] {taskinstance.py:1359} INFO - Starting attempt 1 of 1
[2023-09-18T13:53:29.106+0000] {taskinstance.py:1380} INFO - Executing <Task(BashOperator): task5> on 2023-09-14 00:00:00+00:00
[2023-09-18T13:53:29.113+0000] {standard_task_runner.py:57} INFO - Started process 5118 to run task
[2023-09-18T13:53:29.121+0000] {standard_task_runner.py:84} INFO - Running: ['***', 'tasks', 'run', '6.1-monitoring', 'task5', 'scheduled__2023-09-14T00:00:00+00:00', '--job-id', '415', '--raw', '--subdir', 'DAGS_FOLDER/6.1-monitoring.py', '--cfg-path', '/tmp/tmpishvqnaq']
[2023-09-18T13:53:29.124+0000] {standard_task_runner.py:85} INFO - Job 415: Subtask task5
[2023-09-18T13:53:29.230+0000] {task_command.py:415} INFO - Running <TaskInstance: 6.1-monitoring.task5 scheduled__2023-09-14T00:00:00+00:00 [running]> on host e891a57bf0af
[2023-09-18T13:53:29.385+0000] {taskinstance.py:1660} INFO - Exporting env vars: AIRFLOW_CTX_DAG_OWNER='***' AIRFLOW_CTX_DAG_ID='6.1-monitoring' AIRFLOW_CTX_TASK_ID='task5' AIRFLOW_CTX_EXECUTION_DATE='2023-09-14T00:00:00+00:00' AIRFLOW_CTX_TRY_NUMBER='1' AIRFLOW_CTX_DAG_RUN_ID='scheduled__2023-09-14T00:00:00+00:00'
[2023-09-18T13:53:29.388+0000] {subprocess.py:63} INFO - Tmp dir root location: /tmp
[2023-09-18T13:53:29.389+0000] {subprocess.py:75} INFO - Running command: ['/bin/bash', '-c', "sleep 2 && echo 'Task 5'"]
[2023-09-18T13:53:29.405+0000] {subprocess.py:86} INFO - Output:
[2023-09-18T13:53:31.412+0000] {subprocess.py:93} INFO - Task 5
[2023-09-18T13:53:31.414+0000] {subprocess.py:97} INFO - Command exited with return code 0
[2023-09-18T13:53:31.456+0000] {taskinstance.py:1398} INFO - Marking task as SUCCESS. dag_id=6.1-monitoring, task_id=task5, execution_date=20230914T000000, start_date=20230918T135329, end_date=20230918T135331
[2023-09-18T13:53:31.507+0000] {local_task_job_runner.py:228} INFO - Task exited with return code 0
[2023-09-18T13:53:31.526+0000] {taskinstance.py:2776} INFO - 0 downstream tasks scheduled from follow-on schedule check
[2023-09-18T13:55:28.813+0000] {taskinstance.py:1157} INFO - Dependencies all met for dep_context=non-requeueable deps ti=<TaskInstance: 6.1-monitoring.task5 scheduled__2023-09-14T00:00:00+00:00 [queued]>
[2023-09-18T13:55:28.828+0000] {taskinstance.py:1157} INFO - Dependencies all met for dep_context=requeueable deps ti=<TaskInstance: 6.1-monitoring.task5 scheduled__2023-09-14T00:00:00+00:00 [queued]>
[2023-09-18T13:55:28.828+0000] {taskinstance.py:1359} INFO - Starting attempt 1 of 1
[2023-09-18T13:55:28.855+0000] {taskinstance.py:1380} INFO - Executing <Task(BashOperator): task5> on 2023-09-14 00:00:00+00:00
[2023-09-18T13:55:28.863+0000] {standard_task_runner.py:57} INFO - Started process 5367 to run task
[2023-09-18T13:55:28.868+0000] {standard_task_runner.py:84} INFO - Running: ['***', 'tasks', 'run', '6.1-monitoring', 'task5', 'scheduled__2023-09-14T00:00:00+00:00', '--job-id', '477', '--raw', '--subdir', 'DAGS_FOLDER/6.1-monitoring.py', '--cfg-path', '/tmp/tmp8yxsy42h']
[2023-09-18T13:55:28.871+0000] {standard_task_runner.py:85} INFO - Job 477: Subtask task5
[2023-09-18T13:55:28.940+0000] {task_command.py:415} INFO - Running <TaskInstance: 6.1-monitoring.task5 scheduled__2023-09-14T00:00:00+00:00 [running]> on host e891a57bf0af
[2023-09-18T13:55:29.063+0000] {taskinstance.py:1660} INFO - Exporting env vars: AIRFLOW_CTX_DAG_OWNER='***' AIRFLOW_CTX_DAG_ID='6.1-monitoring' AIRFLOW_CTX_TASK_ID='task5' AIRFLOW_CTX_EXECUTION_DATE='2023-09-14T00:00:00+00:00' AIRFLOW_CTX_TRY_NUMBER='1' AIRFLOW_CTX_DAG_RUN_ID='scheduled__2023-09-14T00:00:00+00:00'
[2023-09-18T13:55:29.064+0000] {subprocess.py:63} INFO - Tmp dir root location: /tmp
[2023-09-18T13:55:29.066+0000] {subprocess.py:75} INFO - Running command: ['/bin/bash', '-c', "sleep 2 && echo 'Task 5'"]
[2023-09-18T13:55:29.079+0000] {subprocess.py:86} INFO - Output:
[2023-09-18T13:55:31.083+0000] {subprocess.py:93} INFO - Task 5
[2023-09-18T13:55:31.084+0000] {subprocess.py:97} INFO - Command exited with return code 0
[2023-09-18T13:55:31.115+0000] {taskinstance.py:1398} INFO - Marking task as SUCCESS. dag_id=6.1-monitoring, task_id=task5, execution_date=20230914T000000, start_date=20230918T135528, end_date=20230918T135531
[2023-09-18T13:55:31.179+0000] {local_task_job_runner.py:228} INFO - Task exited with return code 0
[2023-09-18T13:55:31.203+0000] {taskinstance.py:2776} INFO - 0 downstream tasks scheduled from follow-on schedule check
