[2023-09-18T13:02:49.850+0000] {taskinstance.py:1157} INFO - Dependencies all met for dep_context=non-requeueable deps ti=<TaskInstance: 5.1-orchestration.task1 scheduled__2023-09-03T00:00:00+00:00 [queued]>
[2023-09-18T13:02:49.868+0000] {taskinstance.py:1157} INFO - Dependencies all met for dep_context=requeueable deps ti=<TaskInstance: 5.1-orchestration.task1 scheduled__2023-09-03T00:00:00+00:00 [queued]>
[2023-09-18T13:02:49.869+0000] {taskinstance.py:1359} INFO - Starting attempt 1 of 1
[2023-09-18T13:02:49.888+0000] {taskinstance.py:1380} INFO - Executing <Task(BashOperator): task1> on 2023-09-03 00:00:00+00:00
[2023-09-18T13:02:49.895+0000] {standard_task_runner.py:57} INFO - Started process 2964 to run task
[2023-09-18T13:02:49.900+0000] {standard_task_runner.py:84} INFO - Running: ['***', 'tasks', 'run', '5.1-orchestration', 'task1', 'scheduled__2023-09-03T00:00:00+00:00', '--job-id', '41', '--raw', '--subdir', 'DAGS_FOLDER/5.1-orchestration.py', '--cfg-path', '/tmp/tmplvrays4s']
[2023-09-18T13:02:49.901+0000] {standard_task_runner.py:85} INFO - Job 41: Subtask task1
[2023-09-18T13:02:49.961+0000] {task_command.py:415} INFO - Running <TaskInstance: 5.1-orchestration.task1 scheduled__2023-09-03T00:00:00+00:00 [running]> on host e891a57bf0af
[2023-09-18T13:02:50.054+0000] {taskinstance.py:1660} INFO - Exporting env vars: AIRFLOW_CTX_DAG_OWNER='***' AIRFLOW_CTX_DAG_ID='5.1-orchestration' AIRFLOW_CTX_TASK_ID='task1' AIRFLOW_CTX_EXECUTION_DATE='2023-09-03T00:00:00+00:00' AIRFLOW_CTX_TRY_NUMBER='1' AIRFLOW_CTX_DAG_RUN_ID='scheduled__2023-09-03T00:00:00+00:00'
[2023-09-18T13:02:50.057+0000] {subprocess.py:63} INFO - Tmp dir root location: /tmp
[2023-09-18T13:02:50.059+0000] {subprocess.py:75} INFO - Running command: ['/bin/bash', '-c', "sleep 2 && echo 'Task 1'"]
[2023-09-18T13:02:50.074+0000] {subprocess.py:86} INFO - Output:
[2023-09-18T13:02:52.079+0000] {subprocess.py:93} INFO - Task 1
[2023-09-18T13:02:52.080+0000] {subprocess.py:97} INFO - Command exited with return code 0
[2023-09-18T13:02:52.113+0000] {taskinstance.py:1398} INFO - Marking task as SUCCESS. dag_id=5.1-orchestration, task_id=task1, execution_date=20230903T000000, start_date=20230918T130249, end_date=20230918T130252
[2023-09-18T13:02:52.169+0000] {local_task_job_runner.py:228} INFO - Task exited with return code 0
[2023-09-18T13:02:52.212+0000] {taskinstance.py:2776} INFO - 1 downstream tasks scheduled from follow-on schedule check
[2023-09-18T13:22:52.484+0000] {taskinstance.py:1157} INFO - Dependencies all met for dep_context=non-requeueable deps ti=<TaskInstance: 5.1-orchestration.task1 scheduled__2023-09-03T00:00:00+00:00 [queued]>
[2023-09-18T13:22:52.497+0000] {taskinstance.py:1157} INFO - Dependencies all met for dep_context=requeueable deps ti=<TaskInstance: 5.1-orchestration.task1 scheduled__2023-09-03T00:00:00+00:00 [queued]>
[2023-09-18T13:22:52.497+0000] {taskinstance.py:1359} INFO - Starting attempt 1 of 1
[2023-09-18T13:22:52.518+0000] {taskinstance.py:1380} INFO - Executing <Task(BashOperator): task1> on 2023-09-03 00:00:00+00:00
[2023-09-18T13:22:52.523+0000] {standard_task_runner.py:57} INFO - Started process 3568 to run task
[2023-09-18T13:22:52.526+0000] {standard_task_runner.py:84} INFO - Running: ['***', 'tasks', 'run', '5.1-orchestration', 'task1', 'scheduled__2023-09-03T00:00:00+00:00', '--job-id', '117', '--raw', '--subdir', 'DAGS_FOLDER/5.1-orchestration.py', '--cfg-path', '/tmp/tmp5f6vo9c_']
[2023-09-18T13:22:52.528+0000] {standard_task_runner.py:85} INFO - Job 117: Subtask task1
[2023-09-18T13:22:52.579+0000] {task_command.py:415} INFO - Running <TaskInstance: 5.1-orchestration.task1 scheduled__2023-09-03T00:00:00+00:00 [running]> on host e891a57bf0af
[2023-09-18T13:22:52.665+0000] {taskinstance.py:1660} INFO - Exporting env vars: AIRFLOW_CTX_DAG_OWNER='***' AIRFLOW_CTX_DAG_ID='5.1-orchestration' AIRFLOW_CTX_TASK_ID='task1' AIRFLOW_CTX_EXECUTION_DATE='2023-09-03T00:00:00+00:00' AIRFLOW_CTX_TRY_NUMBER='1' AIRFLOW_CTX_DAG_RUN_ID='scheduled__2023-09-03T00:00:00+00:00'
[2023-09-18T13:22:52.667+0000] {subprocess.py:63} INFO - Tmp dir root location: /tmp
[2023-09-18T13:22:52.669+0000] {subprocess.py:75} INFO - Running command: ['/bin/bash', '-c', "sleep 2 && echo 'Task 1'"]
[2023-09-18T13:22:52.678+0000] {subprocess.py:86} INFO - Output:
[2023-09-18T13:22:54.682+0000] {subprocess.py:93} INFO - Task 1
[2023-09-18T13:22:54.683+0000] {subprocess.py:97} INFO - Command exited with return code 0
[2023-09-18T13:22:54.714+0000] {taskinstance.py:1398} INFO - Marking task as SUCCESS. dag_id=5.1-orchestration, task_id=task1, execution_date=20230903T000000, start_date=20230918T132252, end_date=20230918T132254
[2023-09-18T13:22:54.758+0000] {local_task_job_runner.py:228} INFO - Task exited with return code 0
[2023-09-18T13:22:54.795+0000] {taskinstance.py:2776} INFO - 1 downstream tasks scheduled from follow-on schedule check
