[2023-09-18T13:03:36.411+0000] {taskinstance.py:1157} INFO - Dependencies all met for dep_context=non-requeueable deps ti=<TaskInstance: 5.1-orchestration.task2 scheduled__2023-09-14T00:00:00+00:00 [queued]>
[2023-09-18T13:03:36.434+0000] {taskinstance.py:1157} INFO - Dependencies all met for dep_context=requeueable deps ti=<TaskInstance: 5.1-orchestration.task2 scheduled__2023-09-14T00:00:00+00:00 [queued]>
[2023-09-18T13:03:36.435+0000] {taskinstance.py:1359} INFO - Starting attempt 1 of 1
[2023-09-18T13:03:36.455+0000] {taskinstance.py:1380} INFO - Executing <Task(BashOperator): task2> on 2023-09-14 00:00:00+00:00
[2023-09-18T13:03:36.460+0000] {standard_task_runner.py:57} INFO - Started process 3163 to run task
[2023-09-18T13:03:36.465+0000] {standard_task_runner.py:84} INFO - Running: ['***', 'tasks', 'run', '5.1-orchestration', 'task2', 'scheduled__2023-09-14T00:00:00+00:00', '--job-id', '89', '--raw', '--subdir', 'DAGS_FOLDER/5.1-orchestration.py', '--cfg-path', '/tmp/tmpm_p1nhwb']
[2023-09-18T13:03:36.468+0000] {standard_task_runner.py:85} INFO - Job 89: Subtask task2
[2023-09-18T13:03:36.541+0000] {task_command.py:415} INFO - Running <TaskInstance: 5.1-orchestration.task2 scheduled__2023-09-14T00:00:00+00:00 [running]> on host e891a57bf0af
[2023-09-18T13:03:36.659+0000] {taskinstance.py:1660} INFO - Exporting env vars: AIRFLOW_CTX_DAG_OWNER='***' AIRFLOW_CTX_DAG_ID='5.1-orchestration' AIRFLOW_CTX_TASK_ID='task2' AIRFLOW_CTX_EXECUTION_DATE='2023-09-14T00:00:00+00:00' AIRFLOW_CTX_TRY_NUMBER='1' AIRFLOW_CTX_DAG_RUN_ID='scheduled__2023-09-14T00:00:00+00:00'
[2023-09-18T13:03:36.677+0000] {subprocess.py:63} INFO - Tmp dir root location: /tmp
[2023-09-18T13:03:36.679+0000] {subprocess.py:75} INFO - Running command: ['/bin/bash', '-c', "sleep 2 && echo 'Task 2'"]
[2023-09-18T13:03:36.700+0000] {subprocess.py:86} INFO - Output:
[2023-09-18T13:03:38.766+0000] {subprocess.py:93} INFO - Task 2
[2023-09-18T13:03:38.767+0000] {subprocess.py:97} INFO - Command exited with return code 0
[2023-09-18T13:03:38.805+0000] {taskinstance.py:1398} INFO - Marking task as SUCCESS. dag_id=5.1-orchestration, task_id=task2, execution_date=20230914T000000, start_date=20230918T130336, end_date=20230918T130338
[2023-09-18T13:03:38.864+0000] {local_task_job_runner.py:228} INFO - Task exited with return code 0
[2023-09-18T13:03:38.901+0000] {taskinstance.py:2776} INFO - 2 downstream tasks scheduled from follow-on schedule check
[2023-09-18T13:24:58.262+0000] {taskinstance.py:1157} INFO - Dependencies all met for dep_context=non-requeueable deps ti=<TaskInstance: 5.1-orchestration.task2 scheduled__2023-09-14T00:00:00+00:00 [queued]>
[2023-09-18T13:24:58.386+0000] {taskinstance.py:1157} INFO - Dependencies all met for dep_context=requeueable deps ti=<TaskInstance: 5.1-orchestration.task2 scheduled__2023-09-14T00:00:00+00:00 [queued]>
[2023-09-18T13:24:58.387+0000] {taskinstance.py:1359} INFO - Starting attempt 1 of 1
[2023-09-18T13:24:58.407+0000] {taskinstance.py:1380} INFO - Executing <Task(BashOperator): task2> on 2023-09-14 00:00:00+00:00
[2023-09-18T13:24:58.413+0000] {standard_task_runner.py:57} INFO - Started process 3782 to run task
[2023-09-18T13:24:58.417+0000] {standard_task_runner.py:84} INFO - Running: ['***', 'tasks', 'run', '5.1-orchestration', 'task2', 'scheduled__2023-09-14T00:00:00+00:00', '--job-id', '162', '--raw', '--subdir', 'DAGS_FOLDER/5.1-orchestration.py', '--cfg-path', '/tmp/tmpdoy6che3']
[2023-09-18T13:24:58.419+0000] {standard_task_runner.py:85} INFO - Job 162: Subtask task2
[2023-09-18T13:24:58.469+0000] {task_command.py:415} INFO - Running <TaskInstance: 5.1-orchestration.task2 scheduled__2023-09-14T00:00:00+00:00 [running]> on host e891a57bf0af
[2023-09-18T13:24:58.556+0000] {taskinstance.py:1660} INFO - Exporting env vars: AIRFLOW_CTX_DAG_OWNER='***' AIRFLOW_CTX_DAG_ID='5.1-orchestration' AIRFLOW_CTX_TASK_ID='task2' AIRFLOW_CTX_EXECUTION_DATE='2023-09-14T00:00:00+00:00' AIRFLOW_CTX_TRY_NUMBER='1' AIRFLOW_CTX_DAG_RUN_ID='scheduled__2023-09-14T00:00:00+00:00'
[2023-09-18T13:24:58.558+0000] {subprocess.py:63} INFO - Tmp dir root location: /tmp
[2023-09-18T13:24:58.560+0000] {subprocess.py:75} INFO - Running command: ['/bin/bash', '-c', "sleep 2 && echo 'Task 2'"]
[2023-09-18T13:24:58.572+0000] {subprocess.py:86} INFO - Output:
[2023-09-18T13:25:00.577+0000] {subprocess.py:93} INFO - Task 2
[2023-09-18T13:25:00.578+0000] {subprocess.py:97} INFO - Command exited with return code 0
[2023-09-18T13:25:00.610+0000] {taskinstance.py:1398} INFO - Marking task as SUCCESS. dag_id=5.1-orchestration, task_id=task2, execution_date=20230914T000000, start_date=20230918T132458, end_date=20230918T132500
[2023-09-18T13:25:00.650+0000] {local_task_job_runner.py:228} INFO - Task exited with return code 0
[2023-09-18T13:25:00.680+0000] {taskinstance.py:2776} INFO - 2 downstream tasks scheduled from follow-on schedule check
