[2023-09-18T13:02:43.235+0000] {taskinstance.py:1157} INFO - Dependencies all met for dep_context=non-requeueable deps ti=<TaskInstance: 5.1-orchestration.task1 scheduled__2023-09-01T00:00:00+00:00 [queued]>
[2023-09-18T13:02:43.245+0000] {taskinstance.py:1157} INFO - Dependencies all met for dep_context=requeueable deps ti=<TaskInstance: 5.1-orchestration.task1 scheduled__2023-09-01T00:00:00+00:00 [queued]>
[2023-09-18T13:02:43.246+0000] {taskinstance.py:1359} INFO - Starting attempt 1 of 1
[2023-09-18T13:02:43.261+0000] {taskinstance.py:1380} INFO - Executing <Task(BashOperator): task1> on 2023-09-01 00:00:00+00:00
[2023-09-18T13:02:43.266+0000] {standard_task_runner.py:57} INFO - Started process 2948 to run task
[2023-09-18T13:02:43.269+0000] {standard_task_runner.py:84} INFO - Running: ['***', 'tasks', 'run', '5.1-orchestration', 'task1', 'scheduled__2023-09-01T00:00:00+00:00', '--job-id', '37', '--raw', '--subdir', 'DAGS_FOLDER/5.1-orchestration.py', '--cfg-path', '/tmp/tmpij2otcyg']
[2023-09-18T13:02:43.271+0000] {standard_task_runner.py:85} INFO - Job 37: Subtask task1
[2023-09-18T13:02:43.322+0000] {task_command.py:415} INFO - Running <TaskInstance: 5.1-orchestration.task1 scheduled__2023-09-01T00:00:00+00:00 [running]> on host e891a57bf0af
[2023-09-18T13:02:43.404+0000] {taskinstance.py:1660} INFO - Exporting env vars: AIRFLOW_CTX_DAG_OWNER='***' AIRFLOW_CTX_DAG_ID='5.1-orchestration' AIRFLOW_CTX_TASK_ID='task1' AIRFLOW_CTX_EXECUTION_DATE='2023-09-01T00:00:00+00:00' AIRFLOW_CTX_TRY_NUMBER='1' AIRFLOW_CTX_DAG_RUN_ID='scheduled__2023-09-01T00:00:00+00:00'
[2023-09-18T13:02:43.405+0000] {subprocess.py:63} INFO - Tmp dir root location: /tmp
[2023-09-18T13:02:43.406+0000] {subprocess.py:75} INFO - Running command: ['/bin/bash', '-c', "sleep 2 && echo 'Task 1'"]
[2023-09-18T13:02:43.416+0000] {subprocess.py:86} INFO - Output:
[2023-09-18T13:02:45.423+0000] {subprocess.py:93} INFO - Task 1
[2023-09-18T13:02:45.424+0000] {subprocess.py:97} INFO - Command exited with return code 0
[2023-09-18T13:02:45.453+0000] {taskinstance.py:1398} INFO - Marking task as SUCCESS. dag_id=5.1-orchestration, task_id=task1, execution_date=20230901T000000, start_date=20230918T130243, end_date=20230918T130245
[2023-09-18T13:02:45.505+0000] {local_task_job_runner.py:228} INFO - Task exited with return code 0
[2023-09-18T13:02:45.583+0000] {taskinstance.py:2776} INFO - 0 downstream tasks scheduled from follow-on schedule check
[2023-09-18T13:22:31.891+0000] {taskinstance.py:1157} INFO - Dependencies all met for dep_context=non-requeueable deps ti=<TaskInstance: 5.1-orchestration.task1 scheduled__2023-09-01T00:00:00+00:00 [queued]>
[2023-09-18T13:22:31.932+0000] {taskinstance.py:1157} INFO - Dependencies all met for dep_context=requeueable deps ti=<TaskInstance: 5.1-orchestration.task1 scheduled__2023-09-01T00:00:00+00:00 [queued]>
[2023-09-18T13:22:31.933+0000] {taskinstance.py:1359} INFO - Starting attempt 1 of 1
[2023-09-18T13:22:31.953+0000] {taskinstance.py:1380} INFO - Executing <Task(BashOperator): task1> on 2023-09-01 00:00:00+00:00
[2023-09-18T13:22:31.958+0000] {standard_task_runner.py:57} INFO - Started process 3536 to run task
[2023-09-18T13:22:31.962+0000] {standard_task_runner.py:84} INFO - Running: ['***', 'tasks', 'run', '5.1-orchestration', 'task1', 'scheduled__2023-09-01T00:00:00+00:00', '--job-id', '109', '--raw', '--subdir', 'DAGS_FOLDER/5.1-orchestration.py', '--cfg-path', '/tmp/tmp3y2x9_2s']
[2023-09-18T13:22:31.964+0000] {standard_task_runner.py:85} INFO - Job 109: Subtask task1
[2023-09-18T13:22:32.017+0000] {task_command.py:415} INFO - Running <TaskInstance: 5.1-orchestration.task1 scheduled__2023-09-01T00:00:00+00:00 [running]> on host e891a57bf0af
[2023-09-18T13:22:32.097+0000] {taskinstance.py:1660} INFO - Exporting env vars: AIRFLOW_CTX_DAG_OWNER='***' AIRFLOW_CTX_DAG_ID='5.1-orchestration' AIRFLOW_CTX_TASK_ID='task1' AIRFLOW_CTX_EXECUTION_DATE='2023-09-01T00:00:00+00:00' AIRFLOW_CTX_TRY_NUMBER='1' AIRFLOW_CTX_DAG_RUN_ID='scheduled__2023-09-01T00:00:00+00:00'
[2023-09-18T13:22:32.098+0000] {subprocess.py:63} INFO - Tmp dir root location: /tmp
[2023-09-18T13:22:32.099+0000] {subprocess.py:75} INFO - Running command: ['/bin/bash', '-c', "sleep 2 && echo 'Task 1'"]
[2023-09-18T13:22:32.108+0000] {subprocess.py:86} INFO - Output:
[2023-09-18T13:22:34.113+0000] {subprocess.py:93} INFO - Task 1
[2023-09-18T13:22:34.114+0000] {subprocess.py:97} INFO - Command exited with return code 0
[2023-09-18T13:22:34.146+0000] {taskinstance.py:1398} INFO - Marking task as SUCCESS. dag_id=5.1-orchestration, task_id=task1, execution_date=20230901T000000, start_date=20230918T132231, end_date=20230918T132234
[2023-09-18T13:22:34.190+0000] {local_task_job_runner.py:228} INFO - Task exited with return code 0
[2023-09-18T13:22:34.221+0000] {taskinstance.py:2776} INFO - 1 downstream tasks scheduled from follow-on schedule check
