[2023-09-18T13:53:20.237+0000] {taskinstance.py:1157} INFO - Dependencies all met for dep_context=non-requeueable deps ti=<TaskInstance: 6.1-monitoring.task4 scheduled__2023-09-07T00:00:00+00:00 [queued]>
[2023-09-18T13:53:20.256+0000] {taskinstance.py:1157} INFO - Dependencies all met for dep_context=requeueable deps ti=<TaskInstance: 6.1-monitoring.task4 scheduled__2023-09-07T00:00:00+00:00 [queued]>
[2023-09-18T13:53:20.256+0000] {taskinstance.py:1359} INFO - Starting attempt 1 of 1
[2023-09-18T13:53:20.285+0000] {taskinstance.py:1380} INFO - Executing <Task(PythonOperator): task4> on 2023-09-07 00:00:00+00:00
[2023-09-18T13:53:20.293+0000] {standard_task_runner.py:57} INFO - Started process 5088 to run task
[2023-09-18T13:53:20.301+0000] {standard_task_runner.py:84} INFO - Running: ['***', 'tasks', 'run', '6.1-monitoring', 'task4', 'scheduled__2023-09-07T00:00:00+00:00', '--job-id', '405', '--raw', '--subdir', 'DAGS_FOLDER/6.1-monitoring.py', '--cfg-path', '/tmp/tmpf7lsj_i7']
[2023-09-18T13:53:20.304+0000] {standard_task_runner.py:85} INFO - Job 405: Subtask task4
[2023-09-18T13:53:20.384+0000] {task_command.py:415} INFO - Running <TaskInstance: 6.1-monitoring.task4 scheduled__2023-09-07T00:00:00+00:00 [running]> on host e891a57bf0af
[2023-09-18T13:53:20.512+0000] {taskinstance.py:1660} INFO - Exporting env vars: AIRFLOW_CTX_DAG_OWNER='***' AIRFLOW_CTX_DAG_ID='6.1-monitoring' AIRFLOW_CTX_TASK_ID='task4' AIRFLOW_CTX_EXECUTION_DATE='2023-09-07T00:00:00+00:00' AIRFLOW_CTX_TRY_NUMBER='1' AIRFLOW_CTX_DAG_RUN_ID='scheduled__2023-09-07T00:00:00+00:00'
[2023-09-18T13:53:20.514+0000] {python.py:194} INFO - Done. Returned value was: None
[2023-09-18T13:53:20.529+0000] {taskinstance.py:1398} INFO - Marking task as SUCCESS. dag_id=6.1-monitoring, task_id=task4, execution_date=20230907T000000, start_date=20230918T135320, end_date=20230918T135320
[2023-09-18T13:53:20.553+0000] {local_task_job_runner.py:228} INFO - Task exited with return code 0
[2023-09-18T13:53:20.577+0000] {taskinstance.py:2776} INFO - 1 downstream tasks scheduled from follow-on schedule check
[2023-09-18T14:06:30.573+0000] {taskinstance.py:1157} INFO - Dependencies all met for dep_context=non-requeueable deps ti=<TaskInstance: 6.1-monitoring.task4 scheduled__2023-09-07T00:00:00+00:00 [queued]>
[2023-09-18T14:06:30.598+0000] {taskinstance.py:1157} INFO - Dependencies all met for dep_context=requeueable deps ti=<TaskInstance: 6.1-monitoring.task4 scheduled__2023-09-07T00:00:00+00:00 [queued]>
[2023-09-18T14:06:30.599+0000] {taskinstance.py:1359} INFO - Starting attempt 1 of 1
[2023-09-18T14:06:30.643+0000] {taskinstance.py:1380} INFO - Executing <Task(PythonOperator): task4> on 2023-09-07 00:00:00+00:00
[2023-09-18T14:06:30.661+0000] {standard_task_runner.py:57} INFO - Started process 5615 to run task
[2023-09-18T14:06:30.669+0000] {standard_task_runner.py:84} INFO - Running: ['***', 'tasks', 'run', '6.1-monitoring', 'task4', 'scheduled__2023-09-07T00:00:00+00:00', '--job-id', '499', '--raw', '--subdir', 'DAGS_FOLDER/6.1-monitoring.py', '--cfg-path', '/tmp/tmp8esglcgv']
[2023-09-18T14:06:30.672+0000] {standard_task_runner.py:85} INFO - Job 499: Subtask task4
[2023-09-18T14:06:30.806+0000] {task_command.py:415} INFO - Running <TaskInstance: 6.1-monitoring.task4 scheduled__2023-09-07T00:00:00+00:00 [running]> on host e891a57bf0af
[2023-09-18T14:06:31.035+0000] {taskinstance.py:1660} INFO - Exporting env vars: AIRFLOW_CTX_DAG_OWNER='***' AIRFLOW_CTX_DAG_ID='6.1-monitoring' AIRFLOW_CTX_TASK_ID='task4' AIRFLOW_CTX_EXECUTION_DATE='2023-09-07T00:00:00+00:00' AIRFLOW_CTX_TRY_NUMBER='1' AIRFLOW_CTX_DAG_RUN_ID='scheduled__2023-09-07T00:00:00+00:00'
[2023-09-18T14:06:31.038+0000] {python.py:194} INFO - Done. Returned value was: None
[2023-09-18T14:06:31.066+0000] {taskinstance.py:1398} INFO - Marking task as SUCCESS. dag_id=6.1-monitoring, task_id=task4, execution_date=20230907T000000, start_date=20230918T140630, end_date=20230918T140631
[2023-09-18T14:06:31.206+0000] {local_task_job_runner.py:228} INFO - Task exited with return code 0
[2023-09-18T14:06:31.259+0000] {taskinstance.py:2776} INFO - 1 downstream tasks scheduled from follow-on schedule check
