[2023-09-18T13:47:20.820+0000] {taskinstance.py:1157} INFO - Dependencies all met for dep_context=non-requeueable deps ti=<TaskInstance: 6.1-monitoring.task1 scheduled__2023-09-16T00:00:00+00:00 [queued]>
[2023-09-18T13:47:20.832+0000] {taskinstance.py:1157} INFO - Dependencies all met for dep_context=requeueable deps ti=<TaskInstance: 6.1-monitoring.task1 scheduled__2023-09-16T00:00:00+00:00 [queued]>
[2023-09-18T13:47:20.833+0000] {taskinstance.py:1359} INFO - Starting attempt 1 of 1
[2023-09-18T13:47:20.851+0000] {taskinstance.py:1380} INFO - Executing <Task(BashOperator): task1> on 2023-09-16 00:00:00+00:00
[2023-09-18T13:47:20.866+0000] {standard_task_runner.py:57} INFO - Started process 4480 to run task
[2023-09-18T13:47:20.870+0000] {standard_task_runner.py:84} INFO - Running: ['***', 'tasks', 'run', '6.1-monitoring', 'task1', 'scheduled__2023-09-16T00:00:00+00:00', '--job-id', '260', '--raw', '--subdir', 'DAGS_FOLDER/6.1-monitoring.py', '--cfg-path', '/tmp/tmpbm7dvhd5']
[2023-09-18T13:47:20.871+0000] {standard_task_runner.py:85} INFO - Job 260: Subtask task1
[2023-09-18T13:47:20.932+0000] {task_command.py:415} INFO - Running <TaskInstance: 6.1-monitoring.task1 scheduled__2023-09-16T00:00:00+00:00 [running]> on host e891a57bf0af
[2023-09-18T13:47:21.034+0000] {taskinstance.py:1660} INFO - Exporting env vars: AIRFLOW_CTX_DAG_OWNER='***' AIRFLOW_CTX_DAG_ID='6.1-monitoring' AIRFLOW_CTX_TASK_ID='task1' AIRFLOW_CTX_EXECUTION_DATE='2023-09-16T00:00:00+00:00' AIRFLOW_CTX_TRY_NUMBER='1' AIRFLOW_CTX_DAG_RUN_ID='scheduled__2023-09-16T00:00:00+00:00'
[2023-09-18T13:47:21.036+0000] {subprocess.py:63} INFO - Tmp dir root location: /tmp
[2023-09-18T13:47:21.037+0000] {subprocess.py:75} INFO - Running command: ['/bin/bash', '-c', "sleep 2 && echo 'Task 1'"]
[2023-09-18T13:47:21.052+0000] {subprocess.py:86} INFO - Output:
[2023-09-18T13:47:23.064+0000] {subprocess.py:93} INFO - Task 1
[2023-09-18T13:47:23.065+0000] {subprocess.py:97} INFO - Command exited with return code 0
[2023-09-18T13:47:23.094+0000] {taskinstance.py:1398} INFO - Marking task as SUCCESS. dag_id=6.1-monitoring, task_id=task1, execution_date=20230916T000000, start_date=20230918T134720, end_date=20230918T134723
[2023-09-18T13:47:23.137+0000] {local_task_job_runner.py:228} INFO - Task exited with return code 0
[2023-09-18T13:47:23.169+0000] {taskinstance.py:2776} INFO - 1 downstream tasks scheduled from follow-on schedule check
[2023-09-18T13:53:30.403+0000] {taskinstance.py:1157} INFO - Dependencies all met for dep_context=non-requeueable deps ti=<TaskInstance: 6.1-monitoring.task1 scheduled__2023-09-16T00:00:00+00:00 [queued]>
[2023-09-18T13:53:30.420+0000] {taskinstance.py:1157} INFO - Dependencies all met for dep_context=requeueable deps ti=<TaskInstance: 6.1-monitoring.task1 scheduled__2023-09-16T00:00:00+00:00 [queued]>
[2023-09-18T13:53:30.421+0000] {taskinstance.py:1359} INFO - Starting attempt 1 of 1
[2023-09-18T13:53:30.443+0000] {taskinstance.py:1380} INFO - Executing <Task(BashOperator): task1> on 2023-09-16 00:00:00+00:00
[2023-09-18T13:53:30.451+0000] {standard_task_runner.py:57} INFO - Started process 5125 to run task
[2023-09-18T13:53:30.458+0000] {standard_task_runner.py:84} INFO - Running: ['***', 'tasks', 'run', '6.1-monitoring', 'task1', 'scheduled__2023-09-16T00:00:00+00:00', '--job-id', '417', '--raw', '--subdir', 'DAGS_FOLDER/6.1-monitoring.py', '--cfg-path', '/tmp/tmp561quh_d']
[2023-09-18T13:53:30.460+0000] {standard_task_runner.py:85} INFO - Job 417: Subtask task1
[2023-09-18T13:53:30.548+0000] {task_command.py:415} INFO - Running <TaskInstance: 6.1-monitoring.task1 scheduled__2023-09-16T00:00:00+00:00 [running]> on host e891a57bf0af
[2023-09-18T13:53:30.671+0000] {taskinstance.py:1660} INFO - Exporting env vars: AIRFLOW_CTX_DAG_OWNER='***' AIRFLOW_CTX_DAG_ID='6.1-monitoring' AIRFLOW_CTX_TASK_ID='task1' AIRFLOW_CTX_EXECUTION_DATE='2023-09-16T00:00:00+00:00' AIRFLOW_CTX_TRY_NUMBER='1' AIRFLOW_CTX_DAG_RUN_ID='scheduled__2023-09-16T00:00:00+00:00'
[2023-09-18T13:53:30.672+0000] {subprocess.py:63} INFO - Tmp dir root location: /tmp
[2023-09-18T13:53:30.674+0000] {subprocess.py:75} INFO - Running command: ['/bin/bash', '-c', "sleep 2 && echo 'Task 1'"]
[2023-09-18T13:53:30.688+0000] {subprocess.py:86} INFO - Output:
[2023-09-18T13:53:32.692+0000] {subprocess.py:93} INFO - Task 1
[2023-09-18T13:53:32.694+0000] {subprocess.py:97} INFO - Command exited with return code 0
[2023-09-18T13:53:32.735+0000] {taskinstance.py:1398} INFO - Marking task as SUCCESS. dag_id=6.1-monitoring, task_id=task1, execution_date=20230916T000000, start_date=20230918T135330, end_date=20230918T135332
[2023-09-18T13:53:32.766+0000] {local_task_job_runner.py:228} INFO - Task exited with return code 0
[2023-09-18T13:53:32.800+0000] {taskinstance.py:2776} INFO - 1 downstream tasks scheduled from follow-on schedule check
[2023-09-18T14:06:21.906+0000] {taskinstance.py:1157} INFO - Dependencies all met for dep_context=non-requeueable deps ti=<TaskInstance: 6.1-monitoring.task1 scheduled__2023-09-16T00:00:00+00:00 [queued]>
[2023-09-18T14:06:21.930+0000] {taskinstance.py:1157} INFO - Dependencies all met for dep_context=requeueable deps ti=<TaskInstance: 6.1-monitoring.task1 scheduled__2023-09-16T00:00:00+00:00 [queued]>
[2023-09-18T14:06:21.931+0000] {taskinstance.py:1359} INFO - Starting attempt 1 of 1
[2023-09-18T14:06:21.971+0000] {taskinstance.py:1380} INFO - Executing <Task(BashOperator): task1> on 2023-09-16 00:00:00+00:00
[2023-09-18T14:06:21.989+0000] {standard_task_runner.py:57} INFO - Started process 5550 to run task
[2023-09-18T14:06:21.999+0000] {standard_task_runner.py:84} INFO - Running: ['***', 'tasks', 'run', '6.1-monitoring', 'task1', 'scheduled__2023-09-16T00:00:00+00:00', '--job-id', '482', '--raw', '--subdir', 'DAGS_FOLDER/6.1-monitoring.py', '--cfg-path', '/tmp/tmpd1rx7jbc']
[2023-09-18T14:06:22.002+0000] {standard_task_runner.py:85} INFO - Job 482: Subtask task1
[2023-09-18T14:06:22.126+0000] {task_command.py:415} INFO - Running <TaskInstance: 6.1-monitoring.task1 scheduled__2023-09-16T00:00:00+00:00 [running]> on host e891a57bf0af
[2023-09-18T14:06:22.316+0000] {taskinstance.py:1660} INFO - Exporting env vars: AIRFLOW_CTX_DAG_OWNER='***' AIRFLOW_CTX_DAG_ID='6.1-monitoring' AIRFLOW_CTX_TASK_ID='task1' AIRFLOW_CTX_EXECUTION_DATE='2023-09-16T00:00:00+00:00' AIRFLOW_CTX_TRY_NUMBER='1' AIRFLOW_CTX_DAG_RUN_ID='scheduled__2023-09-16T00:00:00+00:00'
[2023-09-18T14:06:22.363+0000] {subprocess.py:63} INFO - Tmp dir root location: /tmp
[2023-09-18T14:06:22.365+0000] {subprocess.py:75} INFO - Running command: ['/bin/bash', '-c', "sleep 2 && echo 'Task 1'"]
[2023-09-18T14:06:22.400+0000] {subprocess.py:86} INFO - Output:
[2023-09-18T14:06:24.465+0000] {subprocess.py:93} INFO - Task 1
[2023-09-18T14:06:24.468+0000] {subprocess.py:97} INFO - Command exited with return code 0
[2023-09-18T14:06:24.561+0000] {taskinstance.py:1398} INFO - Marking task as SUCCESS. dag_id=6.1-monitoring, task_id=task1, execution_date=20230916T000000, start_date=20230918T140621, end_date=20230918T140624
[2023-09-18T14:06:24.613+0000] {local_task_job_runner.py:228} INFO - Task exited with return code 0
[2023-09-18T14:06:24.670+0000] {taskinstance.py:2776} INFO - 1 downstream tasks scheduled from follow-on schedule check
