[2023-09-18T14:17:41.223+0000] {processor.py:157} INFO - Started process (PID=6969) to work on /opt/airflow/dags/6.2-monitoring.py
[2023-09-18T14:17:41.224+0000] {processor.py:829} INFO - Processing file /opt/airflow/dags/6.2-monitoring.py for tasks to queue
[2023-09-18T14:17:41.225+0000] {logging_mixin.py:151} INFO - [2023-09-18T14:17:41.225+0000] {dagbag.py:539} INFO - Filling up the DagBag from /opt/airflow/dags/6.2-monitoring.py
[2023-09-18T14:17:41.285+0000] {logging_mixin.py:151} INFO - [2023-09-18T14:17:41.254+0000] {dagbag.py:347} ERROR - Failed to import: /opt/airflow/dags/6.2-monitoring.py
Traceback (most recent call last):
  File "/home/airflow/.local/lib/python3.8/site-packages/airflow/models/dagbag.py", line 343, in parse
    loader.exec_module(new_module)
  File "<frozen importlib._bootstrap_external>", line 843, in exec_module
  File "<frozen importlib._bootstrap>", line 219, in _call_with_frames_removed
  File "/opt/airflow/dags/6.2-monitoring.py", line 4, in <module>
    from airflow.utils.trigger_rule import TRiggerRule
ImportError: cannot import name 'TRiggerRule' from 'airflow.utils.trigger_rule' (/home/airflow/.local/lib/python3.8/site-packages/airflow/utils/trigger_rule.py)
[2023-09-18T14:17:41.288+0000] {processor.py:841} WARNING - No viable dags retrieved from /opt/airflow/dags/6.2-monitoring.py
[2023-09-18T14:17:41.327+0000] {processor.py:179} INFO - Processing /opt/airflow/dags/6.2-monitoring.py took 0.109 seconds
[2023-09-18T14:18:01.547+0000] {processor.py:157} INFO - Started process (PID=6977) to work on /opt/airflow/dags/6.2-monitoring.py
[2023-09-18T14:18:01.548+0000] {processor.py:829} INFO - Processing file /opt/airflow/dags/6.2-monitoring.py for tasks to queue
[2023-09-18T14:18:01.549+0000] {logging_mixin.py:151} INFO - [2023-09-18T14:18:01.549+0000] {dagbag.py:539} INFO - Filling up the DagBag from /opt/airflow/dags/6.2-monitoring.py
[2023-09-18T14:18:01.599+0000] {processor.py:839} INFO - DAG(s) dict_keys(['6.1-monitoring']) retrieved from /opt/airflow/dags/6.2-monitoring.py
[2023-09-18T14:18:01.925+0000] {logging_mixin.py:151} INFO - [2023-09-18T14:18:01.925+0000] {security.py:708} INFO - Not syncing DAG-level permissions for DAG 'DAG:6.1-monitoring' as access control is unset.
[2023-09-18T14:18:01.926+0000] {logging_mixin.py:151} INFO - [2023-09-18T14:18:01.926+0000] {dag.py:2915} INFO - Sync 1 DAGs
[2023-09-18T14:18:01.952+0000] {logging_mixin.py:151} INFO - [2023-09-18T14:18:01.952+0000] {dag.py:3696} INFO - Setting next_dagrun for 6.1-monitoring to 2023-09-18T00:00:00+00:00, run_after=2023-09-19T00:00:00+00:00
[2023-09-18T14:18:01.993+0000] {processor.py:179} INFO - Processing /opt/airflow/dags/6.2-monitoring.py took 0.450 seconds
[2023-09-18T14:18:32.038+0000] {processor.py:157} INFO - Started process (PID=6994) to work on /opt/airflow/dags/6.2-monitoring.py
[2023-09-18T14:18:32.039+0000] {processor.py:829} INFO - Processing file /opt/airflow/dags/6.2-monitoring.py for tasks to queue
[2023-09-18T14:18:32.041+0000] {logging_mixin.py:151} INFO - [2023-09-18T14:18:32.040+0000] {dagbag.py:539} INFO - Filling up the DagBag from /opt/airflow/dags/6.2-monitoring.py
[2023-09-18T14:18:32.072+0000] {processor.py:839} INFO - DAG(s) dict_keys(['6.1-monitoring']) retrieved from /opt/airflow/dags/6.2-monitoring.py
[2023-09-18T14:18:32.103+0000] {logging_mixin.py:151} INFO - [2023-09-18T14:18:32.103+0000] {dag.py:2915} INFO - Sync 1 DAGs
[2023-09-18T14:18:32.128+0000] {logging_mixin.py:151} INFO - [2023-09-18T14:18:32.128+0000] {dag.py:3696} INFO - Setting next_dagrun for 6.1-monitoring to 2023-09-18T00:00:00+00:00, run_after=2023-09-19T00:00:00+00:00
[2023-09-18T14:18:32.154+0000] {processor.py:179} INFO - Processing /opt/airflow/dags/6.2-monitoring.py took 0.119 seconds
[2023-09-18T14:19:02.228+0000] {processor.py:157} INFO - Started process (PID=7011) to work on /opt/airflow/dags/6.2-monitoring.py
[2023-09-18T14:19:02.229+0000] {processor.py:829} INFO - Processing file /opt/airflow/dags/6.2-monitoring.py for tasks to queue
[2023-09-18T14:19:02.231+0000] {logging_mixin.py:151} INFO - [2023-09-18T14:19:02.230+0000] {dagbag.py:539} INFO - Filling up the DagBag from /opt/airflow/dags/6.2-monitoring.py
[2023-09-18T14:19:02.268+0000] {processor.py:839} INFO - DAG(s) dict_keys(['6.1-monitoring']) retrieved from /opt/airflow/dags/6.2-monitoring.py
[2023-09-18T14:19:02.283+0000] {logging_mixin.py:151} INFO - [2023-09-18T14:19:02.282+0000] {dag.py:2915} INFO - Sync 1 DAGs
[2023-09-18T14:19:02.311+0000] {logging_mixin.py:151} INFO - [2023-09-18T14:19:02.311+0000] {dag.py:3696} INFO - Setting next_dagrun for 6.1-monitoring to 2023-09-18T00:00:00+00:00, run_after=2023-09-19T00:00:00+00:00
[2023-09-18T14:19:02.332+0000] {processor.py:179} INFO - Processing /opt/airflow/dags/6.2-monitoring.py took 0.109 seconds
[2023-09-18T14:19:32.520+0000] {processor.py:157} INFO - Started process (PID=7028) to work on /opt/airflow/dags/6.2-monitoring.py
[2023-09-18T14:19:32.522+0000] {processor.py:829} INFO - Processing file /opt/airflow/dags/6.2-monitoring.py for tasks to queue
[2023-09-18T14:19:32.523+0000] {logging_mixin.py:151} INFO - [2023-09-18T14:19:32.522+0000] {dagbag.py:539} INFO - Filling up the DagBag from /opt/airflow/dags/6.2-monitoring.py
[2023-09-18T14:19:32.556+0000] {processor.py:839} INFO - DAG(s) dict_keys(['6.1-monitoring']) retrieved from /opt/airflow/dags/6.2-monitoring.py
[2023-09-18T14:19:32.688+0000] {logging_mixin.py:151} INFO - [2023-09-18T14:19:32.688+0000] {security.py:708} INFO - Not syncing DAG-level permissions for DAG 'DAG:6.1-monitoring' as access control is unset.
[2023-09-18T14:19:32.689+0000] {logging_mixin.py:151} INFO - [2023-09-18T14:19:32.689+0000] {dag.py:2915} INFO - Sync 1 DAGs
[2023-09-18T14:19:32.712+0000] {logging_mixin.py:151} INFO - [2023-09-18T14:19:32.712+0000] {dag.py:3696} INFO - Setting next_dagrun for 6.1-monitoring to 2023-09-18T00:00:00+00:00, run_after=2023-09-19T00:00:00+00:00
[2023-09-18T14:19:32.740+0000] {processor.py:179} INFO - Processing /opt/airflow/dags/6.2-monitoring.py took 0.225 seconds
[2023-09-18T14:20:02.926+0000] {processor.py:157} INFO - Started process (PID=7046) to work on /opt/airflow/dags/6.2-monitoring.py
[2023-09-18T14:20:02.927+0000] {processor.py:829} INFO - Processing file /opt/airflow/dags/6.2-monitoring.py for tasks to queue
[2023-09-18T14:20:02.928+0000] {logging_mixin.py:151} INFO - [2023-09-18T14:20:02.928+0000] {dagbag.py:539} INFO - Filling up the DagBag from /opt/airflow/dags/6.2-monitoring.py
[2023-09-18T14:20:02.959+0000] {processor.py:839} INFO - DAG(s) dict_keys(['6.1-monitoring']) retrieved from /opt/airflow/dags/6.2-monitoring.py
[2023-09-18T14:20:02.989+0000] {logging_mixin.py:151} INFO - [2023-09-18T14:20:02.988+0000] {dag.py:2915} INFO - Sync 1 DAGs
[2023-09-18T14:20:03.012+0000] {logging_mixin.py:151} INFO - [2023-09-18T14:20:03.012+0000] {dag.py:3696} INFO - Setting next_dagrun for 6.1-monitoring to 2023-09-18T00:00:00+00:00, run_after=2023-09-19T00:00:00+00:00
[2023-09-18T14:20:03.039+0000] {processor.py:179} INFO - Processing /opt/airflow/dags/6.2-monitoring.py took 0.117 seconds
[2023-09-18T14:20:33.158+0000] {processor.py:157} INFO - Started process (PID=7063) to work on /opt/airflow/dags/6.2-monitoring.py
[2023-09-18T14:20:33.159+0000] {processor.py:829} INFO - Processing file /opt/airflow/dags/6.2-monitoring.py for tasks to queue
[2023-09-18T14:20:33.160+0000] {logging_mixin.py:151} INFO - [2023-09-18T14:20:33.160+0000] {dagbag.py:539} INFO - Filling up the DagBag from /opt/airflow/dags/6.2-monitoring.py
[2023-09-18T14:20:33.192+0000] {processor.py:839} INFO - DAG(s) dict_keys(['6.1-monitoring']) retrieved from /opt/airflow/dags/6.2-monitoring.py
[2023-09-18T14:20:33.205+0000] {logging_mixin.py:151} INFO - [2023-09-18T14:20:33.205+0000] {dag.py:2915} INFO - Sync 1 DAGs
[2023-09-18T14:20:33.231+0000] {logging_mixin.py:151} INFO - [2023-09-18T14:20:33.230+0000] {dag.py:3696} INFO - Setting next_dagrun for 6.1-monitoring to 2023-09-18T00:00:00+00:00, run_after=2023-09-19T00:00:00+00:00
[2023-09-18T14:20:33.254+0000] {processor.py:179} INFO - Processing /opt/airflow/dags/6.2-monitoring.py took 0.100 seconds
[2023-09-18T14:21:03.435+0000] {processor.py:157} INFO - Started process (PID=7080) to work on /opt/airflow/dags/6.2-monitoring.py
[2023-09-18T14:21:03.436+0000] {processor.py:829} INFO - Processing file /opt/airflow/dags/6.2-monitoring.py for tasks to queue
[2023-09-18T14:21:03.437+0000] {logging_mixin.py:151} INFO - [2023-09-18T14:21:03.437+0000] {dagbag.py:539} INFO - Filling up the DagBag from /opt/airflow/dags/6.2-monitoring.py
[2023-09-18T14:21:03.468+0000] {processor.py:839} INFO - DAG(s) dict_keys(['6.1-monitoring']) retrieved from /opt/airflow/dags/6.2-monitoring.py
[2023-09-18T14:21:03.580+0000] {logging_mixin.py:151} INFO - [2023-09-18T14:21:03.579+0000] {security.py:708} INFO - Not syncing DAG-level permissions for DAG 'DAG:6.1-monitoring' as access control is unset.
[2023-09-18T14:21:03.580+0000] {logging_mixin.py:151} INFO - [2023-09-18T14:21:03.580+0000] {dag.py:2915} INFO - Sync 1 DAGs
[2023-09-18T14:21:03.604+0000] {logging_mixin.py:151} INFO - [2023-09-18T14:21:03.603+0000] {dag.py:3696} INFO - Setting next_dagrun for 6.1-monitoring to 2023-09-18T00:00:00+00:00, run_after=2023-09-19T00:00:00+00:00
[2023-09-18T14:21:03.632+0000] {processor.py:179} INFO - Processing /opt/airflow/dags/6.2-monitoring.py took 0.202 seconds
[2023-09-18T14:21:33.898+0000] {processor.py:157} INFO - Started process (PID=7097) to work on /opt/airflow/dags/6.2-monitoring.py
[2023-09-18T14:21:33.900+0000] {processor.py:829} INFO - Processing file /opt/airflow/dags/6.2-monitoring.py for tasks to queue
[2023-09-18T14:21:33.901+0000] {logging_mixin.py:151} INFO - [2023-09-18T14:21:33.901+0000] {dagbag.py:539} INFO - Filling up the DagBag from /opt/airflow/dags/6.2-monitoring.py
[2023-09-18T14:21:33.935+0000] {processor.py:839} INFO - DAG(s) dict_keys(['6.1-monitoring']) retrieved from /opt/airflow/dags/6.2-monitoring.py
[2023-09-18T14:21:33.969+0000] {logging_mixin.py:151} INFO - [2023-09-18T14:21:33.969+0000] {dag.py:2915} INFO - Sync 1 DAGs
[2023-09-18T14:21:33.997+0000] {logging_mixin.py:151} INFO - [2023-09-18T14:21:33.997+0000] {dag.py:3696} INFO - Setting next_dagrun for 6.1-monitoring to 2023-09-18T00:00:00+00:00, run_after=2023-09-19T00:00:00+00:00
[2023-09-18T14:21:34.020+0000] {processor.py:179} INFO - Processing /opt/airflow/dags/6.2-monitoring.py took 0.126 seconds
[2023-09-18T14:22:04.276+0000] {processor.py:157} INFO - Started process (PID=7114) to work on /opt/airflow/dags/6.2-monitoring.py
[2023-09-18T14:22:04.278+0000] {processor.py:829} INFO - Processing file /opt/airflow/dags/6.2-monitoring.py for tasks to queue
[2023-09-18T14:22:04.280+0000] {logging_mixin.py:151} INFO - [2023-09-18T14:22:04.279+0000] {dagbag.py:539} INFO - Filling up the DagBag from /opt/airflow/dags/6.2-monitoring.py
[2023-09-18T14:22:04.320+0000] {processor.py:839} INFO - DAG(s) dict_keys(['6.1-monitoring']) retrieved from /opt/airflow/dags/6.2-monitoring.py
[2023-09-18T14:22:04.334+0000] {logging_mixin.py:151} INFO - [2023-09-18T14:22:04.334+0000] {dag.py:2915} INFO - Sync 1 DAGs
[2023-09-18T14:22:04.359+0000] {logging_mixin.py:151} INFO - [2023-09-18T14:22:04.359+0000] {dag.py:3696} INFO - Setting next_dagrun for 6.1-monitoring to 2023-09-18T00:00:00+00:00, run_after=2023-09-19T00:00:00+00:00
[2023-09-18T14:22:04.388+0000] {processor.py:179} INFO - Processing /opt/airflow/dags/6.2-monitoring.py took 0.115 seconds
[2023-09-18T14:22:34.756+0000] {processor.py:157} INFO - Started process (PID=7131) to work on /opt/airflow/dags/6.2-monitoring.py
[2023-09-18T14:22:34.757+0000] {processor.py:829} INFO - Processing file /opt/airflow/dags/6.2-monitoring.py for tasks to queue
[2023-09-18T14:22:34.758+0000] {logging_mixin.py:151} INFO - [2023-09-18T14:22:34.758+0000] {dagbag.py:539} INFO - Filling up the DagBag from /opt/airflow/dags/6.2-monitoring.py
[2023-09-18T14:22:34.795+0000] {processor.py:839} INFO - DAG(s) dict_keys(['6.1-monitoring']) retrieved from /opt/airflow/dags/6.2-monitoring.py
[2023-09-18T14:22:34.933+0000] {logging_mixin.py:151} INFO - [2023-09-18T14:22:34.933+0000] {security.py:708} INFO - Not syncing DAG-level permissions for DAG 'DAG:6.1-monitoring' as access control is unset.
[2023-09-18T14:22:34.934+0000] {logging_mixin.py:151} INFO - [2023-09-18T14:22:34.934+0000] {dag.py:2915} INFO - Sync 1 DAGs
[2023-09-18T14:22:34.958+0000] {logging_mixin.py:151} INFO - [2023-09-18T14:22:34.958+0000] {dag.py:3696} INFO - Setting next_dagrun for 6.1-monitoring to 2023-09-18T00:00:00+00:00, run_after=2023-09-19T00:00:00+00:00
[2023-09-18T14:22:34.982+0000] {processor.py:179} INFO - Processing /opt/airflow/dags/6.2-monitoring.py took 0.229 seconds
[2023-09-18T14:23:05.305+0000] {processor.py:157} INFO - Started process (PID=7148) to work on /opt/airflow/dags/6.2-monitoring.py
[2023-09-18T14:23:05.307+0000] {processor.py:829} INFO - Processing file /opt/airflow/dags/6.2-monitoring.py for tasks to queue
[2023-09-18T14:23:05.308+0000] {logging_mixin.py:151} INFO - [2023-09-18T14:23:05.308+0000] {dagbag.py:539} INFO - Filling up the DagBag from /opt/airflow/dags/6.2-monitoring.py
[2023-09-18T14:23:05.342+0000] {processor.py:839} INFO - DAG(s) dict_keys(['6.1-monitoring']) retrieved from /opt/airflow/dags/6.2-monitoring.py
[2023-09-18T14:23:05.373+0000] {logging_mixin.py:151} INFO - [2023-09-18T14:23:05.372+0000] {dag.py:2915} INFO - Sync 1 DAGs
[2023-09-18T14:23:05.399+0000] {logging_mixin.py:151} INFO - [2023-09-18T14:23:05.399+0000] {dag.py:3696} INFO - Setting next_dagrun for 6.1-monitoring to 2023-09-18T00:00:00+00:00, run_after=2023-09-19T00:00:00+00:00
[2023-09-18T14:23:05.425+0000] {processor.py:179} INFO - Processing /opt/airflow/dags/6.2-monitoring.py took 0.124 seconds
[2023-09-18T14:23:35.624+0000] {processor.py:157} INFO - Started process (PID=7165) to work on /opt/airflow/dags/6.2-monitoring.py
[2023-09-18T14:23:35.626+0000] {processor.py:829} INFO - Processing file /opt/airflow/dags/6.2-monitoring.py for tasks to queue
[2023-09-18T14:23:35.627+0000] {logging_mixin.py:151} INFO - [2023-09-18T14:23:35.627+0000] {dagbag.py:539} INFO - Filling up the DagBag from /opt/airflow/dags/6.2-monitoring.py
[2023-09-18T14:23:35.665+0000] {processor.py:839} INFO - DAG(s) dict_keys(['6.1-monitoring']) retrieved from /opt/airflow/dags/6.2-monitoring.py
[2023-09-18T14:23:35.681+0000] {logging_mixin.py:151} INFO - [2023-09-18T14:23:35.681+0000] {dag.py:2915} INFO - Sync 1 DAGs
[2023-09-18T14:23:35.712+0000] {logging_mixin.py:151} INFO - [2023-09-18T14:23:35.712+0000] {dag.py:3696} INFO - Setting next_dagrun for 6.1-monitoring to 2023-09-18T00:00:00+00:00, run_after=2023-09-19T00:00:00+00:00
[2023-09-18T14:23:35.744+0000] {processor.py:179} INFO - Processing /opt/airflow/dags/6.2-monitoring.py took 0.124 seconds
[2023-09-18T14:24:06.071+0000] {processor.py:157} INFO - Started process (PID=7182) to work on /opt/airflow/dags/6.2-monitoring.py
[2023-09-18T14:24:06.072+0000] {processor.py:829} INFO - Processing file /opt/airflow/dags/6.2-monitoring.py for tasks to queue
[2023-09-18T14:24:06.073+0000] {logging_mixin.py:151} INFO - [2023-09-18T14:24:06.073+0000] {dagbag.py:539} INFO - Filling up the DagBag from /opt/airflow/dags/6.2-monitoring.py
[2023-09-18T14:24:06.105+0000] {processor.py:839} INFO - DAG(s) dict_keys(['6.1-monitoring']) retrieved from /opt/airflow/dags/6.2-monitoring.py
[2023-09-18T14:24:06.221+0000] {logging_mixin.py:151} INFO - [2023-09-18T14:24:06.221+0000] {security.py:708} INFO - Not syncing DAG-level permissions for DAG 'DAG:6.1-monitoring' as access control is unset.
[2023-09-18T14:24:06.222+0000] {logging_mixin.py:151} INFO - [2023-09-18T14:24:06.222+0000] {dag.py:2915} INFO - Sync 1 DAGs
[2023-09-18T14:24:06.245+0000] {logging_mixin.py:151} INFO - [2023-09-18T14:24:06.244+0000] {dag.py:3696} INFO - Setting next_dagrun for 6.1-monitoring to 2023-09-18T00:00:00+00:00, run_after=2023-09-19T00:00:00+00:00
[2023-09-18T14:24:06.271+0000] {processor.py:179} INFO - Processing /opt/airflow/dags/6.2-monitoring.py took 0.204 seconds
[2023-09-18T14:24:31.482+0000] {processor.py:157} INFO - Started process (PID=7200) to work on /opt/airflow/dags/6.2-monitoring.py
[2023-09-18T14:24:31.483+0000] {processor.py:829} INFO - Processing file /opt/airflow/dags/6.2-monitoring.py for tasks to queue
[2023-09-18T14:24:31.484+0000] {logging_mixin.py:151} INFO - [2023-09-18T14:24:31.484+0000] {dagbag.py:539} INFO - Filling up the DagBag from /opt/airflow/dags/6.2-monitoring.py
[2023-09-18T14:24:31.535+0000] {logging_mixin.py:151} INFO - [2023-09-18T14:24:31.527+0000] {dagbag.py:347} ERROR - Failed to import: /opt/airflow/dags/6.2-monitoring.py
Traceback (most recent call last):
  File "/home/airflow/.local/lib/python3.8/site-packages/airflow/models/dagbag.py", line 343, in parse
    loader.exec_module(new_module)
  File "<frozen importlib._bootstrap_external>", line 843, in exec_module
  File "<frozen importlib._bootstrap>", line 219, in _call_with_frames_removed
  File "/opt/airflow/dags/6.2-monitoring.py", line 21, in <module>
    t1 = BashOperator(task_id='task1',
  File "/home/airflow/.local/lib/python3.8/site-packages/airflow/models/baseoperator.py", line 437, in apply_defaults
    result = func(self, **kwargs, default_args=default_args)
  File "/home/airflow/.local/lib/python3.8/site-packages/airflow/operators/bash.py", line 150, in __init__
    super().__init__(**kwargs)
  File "/home/airflow/.local/lib/python3.8/site-packages/airflow/models/baseoperator.py", line 437, in apply_defaults
    result = func(self, **kwargs, default_args=default_args)
  File "/home/airflow/.local/lib/python3.8/site-packages/airflow/models/baseoperator.py", line 794, in __init__
    raise AirflowException(
airflow.exceptions.AirflowException: Invalid arguments were passed to BashOperator (task_id: task1). Invalid arguments were:
**kwargs: {'depents_on_past': False}
[2023-09-18T14:24:31.536+0000] {processor.py:841} WARNING - No viable dags retrieved from /opt/airflow/dags/6.2-monitoring.py
[2023-09-18T14:24:31.557+0000] {processor.py:179} INFO - Processing /opt/airflow/dags/6.2-monitoring.py took 0.078 seconds
[2023-09-18T14:24:48.537+0000] {processor.py:157} INFO - Started process (PID=7210) to work on /opt/airflow/dags/6.2-monitoring.py
[2023-09-18T14:24:48.539+0000] {processor.py:829} INFO - Processing file /opt/airflow/dags/6.2-monitoring.py for tasks to queue
[2023-09-18T14:24:48.540+0000] {logging_mixin.py:151} INFO - [2023-09-18T14:24:48.540+0000] {dagbag.py:539} INFO - Filling up the DagBag from /opt/airflow/dags/6.2-monitoring.py
[2023-09-18T14:24:48.586+0000] {logging_mixin.py:151} INFO - [2023-09-18T14:24:48.579+0000] {dagbag.py:347} ERROR - Failed to import: /opt/airflow/dags/6.2-monitoring.py
Traceback (most recent call last):
  File "/home/airflow/.local/lib/python3.8/site-packages/airflow/models/dagbag.py", line 343, in parse
    loader.exec_module(new_module)
  File "<frozen importlib._bootstrap_external>", line 843, in exec_module
  File "<frozen importlib._bootstrap>", line 219, in _call_with_frames_removed
  File "/opt/airflow/dags/6.2-monitoring.py", line 21, in <module>
    t1 = BashOperator(task_id='task1',
  File "/home/airflow/.local/lib/python3.8/site-packages/airflow/models/baseoperator.py", line 437, in apply_defaults
    result = func(self, **kwargs, default_args=default_args)
  File "/home/airflow/.local/lib/python3.8/site-packages/airflow/operators/bash.py", line 150, in __init__
    super().__init__(**kwargs)
  File "/home/airflow/.local/lib/python3.8/site-packages/airflow/models/baseoperator.py", line 437, in apply_defaults
    result = func(self, **kwargs, default_args=default_args)
  File "/home/airflow/.local/lib/python3.8/site-packages/airflow/models/baseoperator.py", line 794, in __init__
    raise AirflowException(
airflow.exceptions.AirflowException: Invalid arguments were passed to BashOperator (task_id: task1). Invalid arguments were:
**kwargs: {'depents_on_past': False}
[2023-09-18T14:24:48.587+0000] {processor.py:841} WARNING - No viable dags retrieved from /opt/airflow/dags/6.2-monitoring.py
[2023-09-18T14:24:48.614+0000] {processor.py:179} INFO - Processing /opt/airflow/dags/6.2-monitoring.py took 0.080 seconds
[2023-09-18T14:25:19.441+0000] {processor.py:157} INFO - Started process (PID=7227) to work on /opt/airflow/dags/6.2-monitoring.py
[2023-09-18T14:25:19.442+0000] {processor.py:829} INFO - Processing file /opt/airflow/dags/6.2-monitoring.py for tasks to queue
[2023-09-18T14:25:19.444+0000] {logging_mixin.py:151} INFO - [2023-09-18T14:25:19.443+0000] {dagbag.py:539} INFO - Filling up the DagBag from /opt/airflow/dags/6.2-monitoring.py
[2023-09-18T14:25:19.477+0000] {logging_mixin.py:151} INFO - [2023-09-18T14:25:19.470+0000] {dagbag.py:347} ERROR - Failed to import: /opt/airflow/dags/6.2-monitoring.py
Traceback (most recent call last):
  File "/home/airflow/.local/lib/python3.8/site-packages/airflow/models/dagbag.py", line 343, in parse
    loader.exec_module(new_module)
  File "<frozen importlib._bootstrap_external>", line 843, in exec_module
  File "<frozen importlib._bootstrap>", line 219, in _call_with_frames_removed
  File "/opt/airflow/dags/6.2-monitoring.py", line 21, in <module>
    t1 = BashOperator(task_id='task1',
  File "/home/airflow/.local/lib/python3.8/site-packages/airflow/models/baseoperator.py", line 437, in apply_defaults
    result = func(self, **kwargs, default_args=default_args)
  File "/home/airflow/.local/lib/python3.8/site-packages/airflow/operators/bash.py", line 150, in __init__
    super().__init__(**kwargs)
  File "/home/airflow/.local/lib/python3.8/site-packages/airflow/models/baseoperator.py", line 437, in apply_defaults
    result = func(self, **kwargs, default_args=default_args)
  File "/home/airflow/.local/lib/python3.8/site-packages/airflow/models/baseoperator.py", line 794, in __init__
    raise AirflowException(
airflow.exceptions.AirflowException: Invalid arguments were passed to BashOperator (task_id: task1). Invalid arguments were:
**kwargs: {'depents_on_past': False}
[2023-09-18T14:25:19.477+0000] {processor.py:841} WARNING - No viable dags retrieved from /opt/airflow/dags/6.2-monitoring.py
[2023-09-18T14:25:19.505+0000] {processor.py:179} INFO - Processing /opt/airflow/dags/6.2-monitoring.py took 0.068 seconds
[2023-09-18T14:25:49.734+0000] {processor.py:157} INFO - Started process (PID=7244) to work on /opt/airflow/dags/6.2-monitoring.py
[2023-09-18T14:25:49.735+0000] {processor.py:829} INFO - Processing file /opt/airflow/dags/6.2-monitoring.py for tasks to queue
[2023-09-18T14:25:49.737+0000] {logging_mixin.py:151} INFO - [2023-09-18T14:25:49.736+0000] {dagbag.py:539} INFO - Filling up the DagBag from /opt/airflow/dags/6.2-monitoring.py
[2023-09-18T14:25:49.767+0000] {logging_mixin.py:151} INFO - [2023-09-18T14:25:49.761+0000] {dagbag.py:347} ERROR - Failed to import: /opt/airflow/dags/6.2-monitoring.py
Traceback (most recent call last):
  File "/home/airflow/.local/lib/python3.8/site-packages/airflow/models/dagbag.py", line 343, in parse
    loader.exec_module(new_module)
  File "<frozen importlib._bootstrap_external>", line 843, in exec_module
  File "<frozen importlib._bootstrap>", line 219, in _call_with_frames_removed
  File "/opt/airflow/dags/6.2-monitoring.py", line 21, in <module>
    t1 = BashOperator(task_id='task1',
  File "/home/airflow/.local/lib/python3.8/site-packages/airflow/models/baseoperator.py", line 437, in apply_defaults
    result = func(self, **kwargs, default_args=default_args)
  File "/home/airflow/.local/lib/python3.8/site-packages/airflow/operators/bash.py", line 150, in __init__
    super().__init__(**kwargs)
  File "/home/airflow/.local/lib/python3.8/site-packages/airflow/models/baseoperator.py", line 437, in apply_defaults
    result = func(self, **kwargs, default_args=default_args)
  File "/home/airflow/.local/lib/python3.8/site-packages/airflow/models/baseoperator.py", line 794, in __init__
    raise AirflowException(
airflow.exceptions.AirflowException: Invalid arguments were passed to BashOperator (task_id: task1). Invalid arguments were:
**kwargs: {'depents_on_past': False}
[2023-09-18T14:25:49.767+0000] {processor.py:841} WARNING - No viable dags retrieved from /opt/airflow/dags/6.2-monitoring.py
[2023-09-18T14:25:49.789+0000] {processor.py:179} INFO - Processing /opt/airflow/dags/6.2-monitoring.py took 0.060 seconds
[2023-09-18T14:26:20.022+0000] {processor.py:157} INFO - Started process (PID=7261) to work on /opt/airflow/dags/6.2-monitoring.py
[2023-09-18T14:26:20.025+0000] {processor.py:829} INFO - Processing file /opt/airflow/dags/6.2-monitoring.py for tasks to queue
[2023-09-18T14:26:20.027+0000] {logging_mixin.py:151} INFO - [2023-09-18T14:26:20.026+0000] {dagbag.py:539} INFO - Filling up the DagBag from /opt/airflow/dags/6.2-monitoring.py
[2023-09-18T14:26:20.065+0000] {logging_mixin.py:151} INFO - [2023-09-18T14:26:20.057+0000] {dagbag.py:347} ERROR - Failed to import: /opt/airflow/dags/6.2-monitoring.py
Traceback (most recent call last):
  File "/home/airflow/.local/lib/python3.8/site-packages/airflow/models/dagbag.py", line 343, in parse
    loader.exec_module(new_module)
  File "<frozen importlib._bootstrap_external>", line 843, in exec_module
  File "<frozen importlib._bootstrap>", line 219, in _call_with_frames_removed
  File "/opt/airflow/dags/6.2-monitoring.py", line 21, in <module>
    t1 = BashOperator(task_id='task1',
  File "/home/airflow/.local/lib/python3.8/site-packages/airflow/models/baseoperator.py", line 437, in apply_defaults
    result = func(self, **kwargs, default_args=default_args)
  File "/home/airflow/.local/lib/python3.8/site-packages/airflow/operators/bash.py", line 150, in __init__
    super().__init__(**kwargs)
  File "/home/airflow/.local/lib/python3.8/site-packages/airflow/models/baseoperator.py", line 437, in apply_defaults
    result = func(self, **kwargs, default_args=default_args)
  File "/home/airflow/.local/lib/python3.8/site-packages/airflow/models/baseoperator.py", line 794, in __init__
    raise AirflowException(
airflow.exceptions.AirflowException: Invalid arguments were passed to BashOperator (task_id: task1). Invalid arguments were:
**kwargs: {'depents_on_past': False}
[2023-09-18T14:26:20.065+0000] {processor.py:841} WARNING - No viable dags retrieved from /opt/airflow/dags/6.2-monitoring.py
[2023-09-18T14:26:20.097+0000] {processor.py:179} INFO - Processing /opt/airflow/dags/6.2-monitoring.py took 0.079 seconds
[2023-09-18T14:26:42.228+0000] {processor.py:157} INFO - Started process (PID=7278) to work on /opt/airflow/dags/6.2-monitoring.py
[2023-09-18T14:26:42.230+0000] {processor.py:829} INFO - Processing file /opt/airflow/dags/6.2-monitoring.py for tasks to queue
[2023-09-18T14:26:42.231+0000] {logging_mixin.py:151} INFO - [2023-09-18T14:26:42.231+0000] {dagbag.py:539} INFO - Filling up the DagBag from /opt/airflow/dags/6.2-monitoring.py
[2023-09-18T14:26:42.272+0000] {processor.py:839} INFO - DAG(s) dict_keys(['6.1-monitoring']) retrieved from /opt/airflow/dags/6.2-monitoring.py
[2023-09-18T14:26:42.410+0000] {logging_mixin.py:151} INFO - [2023-09-18T14:26:42.410+0000] {security.py:708} INFO - Not syncing DAG-level permissions for DAG 'DAG:6.1-monitoring' as access control is unset.
[2023-09-18T14:26:42.411+0000] {logging_mixin.py:151} INFO - [2023-09-18T14:26:42.411+0000] {dag.py:2915} INFO - Sync 1 DAGs
[2023-09-18T14:26:42.433+0000] {logging_mixin.py:151} INFO - [2023-09-18T14:26:42.433+0000] {dag.py:3696} INFO - Setting next_dagrun for 6.1-monitoring to 2023-09-18T00:00:00+00:00, run_after=2023-09-19T00:00:00+00:00
[2023-09-18T14:26:42.467+0000] {processor.py:179} INFO - Processing /opt/airflow/dags/6.2-monitoring.py took 0.242 seconds
[2023-09-18T14:27:11.690+0000] {processor.py:157} INFO - Started process (PID=7295) to work on /opt/airflow/dags/6.2-monitoring.py
[2023-09-18T14:27:11.692+0000] {processor.py:829} INFO - Processing file /opt/airflow/dags/6.2-monitoring.py for tasks to queue
[2023-09-18T14:27:11.693+0000] {logging_mixin.py:151} INFO - [2023-09-18T14:27:11.693+0000] {dagbag.py:539} INFO - Filling up the DagBag from /opt/airflow/dags/6.2-monitoring.py
[2023-09-18T14:27:11.746+0000] {processor.py:839} INFO - DAG(s) dict_keys(['6.2-monitoring']) retrieved from /opt/airflow/dags/6.2-monitoring.py
[2023-09-18T14:27:11.922+0000] {logging_mixin.py:151} INFO - [2023-09-18T14:27:11.922+0000] {manager.py:499} INFO - Created Permission View: %s
[2023-09-18T14:27:11.934+0000] {logging_mixin.py:151} INFO - [2023-09-18T14:27:11.933+0000] {manager.py:499} INFO - Created Permission View: %s
[2023-09-18T14:27:11.941+0000] {logging_mixin.py:151} INFO - [2023-09-18T14:27:11.941+0000] {manager.py:499} INFO - Created Permission View: %s
[2023-09-18T14:27:11.942+0000] {logging_mixin.py:151} INFO - [2023-09-18T14:27:11.941+0000] {security.py:708} INFO - Not syncing DAG-level permissions for DAG 'DAG:6.2-monitoring' as access control is unset.
[2023-09-18T14:27:11.942+0000] {logging_mixin.py:151} INFO - [2023-09-18T14:27:11.942+0000] {dag.py:2915} INFO - Sync 1 DAGs
[2023-09-18T14:27:11.955+0000] {logging_mixin.py:151} INFO - [2023-09-18T14:27:11.955+0000] {dag.py:2937} INFO - Creating ORM DAG for 6.2-monitoring
[2023-09-18T14:27:11.967+0000] {logging_mixin.py:151} INFO - [2023-09-18T14:27:11.967+0000] {dag.py:3696} INFO - Setting next_dagrun for 6.2-monitoring to 2023-09-01T00:00:00+00:00, run_after=2023-09-02T00:00:00+00:00
[2023-09-18T14:27:11.992+0000] {processor.py:179} INFO - Processing /opt/airflow/dags/6.2-monitoring.py took 0.306 seconds
[2023-09-18T14:27:42.198+0000] {processor.py:157} INFO - Started process (PID=7320) to work on /opt/airflow/dags/6.2-monitoring.py
[2023-09-18T14:27:42.199+0000] {processor.py:829} INFO - Processing file /opt/airflow/dags/6.2-monitoring.py for tasks to queue
[2023-09-18T14:27:42.200+0000] {logging_mixin.py:151} INFO - [2023-09-18T14:27:42.200+0000] {dagbag.py:539} INFO - Filling up the DagBag from /opt/airflow/dags/6.2-monitoring.py
[2023-09-18T14:27:42.231+0000] {processor.py:839} INFO - DAG(s) dict_keys(['6.2-monitoring']) retrieved from /opt/airflow/dags/6.2-monitoring.py
[2023-09-18T14:27:42.260+0000] {logging_mixin.py:151} INFO - [2023-09-18T14:27:42.259+0000] {dag.py:2915} INFO - Sync 1 DAGs
[2023-09-18T14:27:42.308+0000] {processor.py:179} INFO - Processing /opt/airflow/dags/6.2-monitoring.py took 0.112 seconds
[2023-09-18T14:28:12.575+0000] {processor.py:157} INFO - Started process (PID=7341) to work on /opt/airflow/dags/6.2-monitoring.py
[2023-09-18T14:28:12.576+0000] {processor.py:829} INFO - Processing file /opt/airflow/dags/6.2-monitoring.py for tasks to queue
[2023-09-18T14:28:12.577+0000] {logging_mixin.py:151} INFO - [2023-09-18T14:28:12.577+0000] {dagbag.py:539} INFO - Filling up the DagBag from /opt/airflow/dags/6.2-monitoring.py
[2023-09-18T14:28:12.609+0000] {processor.py:839} INFO - DAG(s) dict_keys(['6.2-monitoring']) retrieved from /opt/airflow/dags/6.2-monitoring.py
[2023-09-18T14:28:12.640+0000] {logging_mixin.py:151} INFO - [2023-09-18T14:28:12.640+0000] {dag.py:2915} INFO - Sync 1 DAGs
[2023-09-18T14:28:12.696+0000] {processor.py:179} INFO - Processing /opt/airflow/dags/6.2-monitoring.py took 0.125 seconds
[2023-09-18T14:28:43.048+0000] {processor.py:157} INFO - Started process (PID=7358) to work on /opt/airflow/dags/6.2-monitoring.py
[2023-09-18T14:28:43.050+0000] {processor.py:829} INFO - Processing file /opt/airflow/dags/6.2-monitoring.py for tasks to queue
[2023-09-18T14:28:43.052+0000] {logging_mixin.py:151} INFO - [2023-09-18T14:28:43.051+0000] {dagbag.py:539} INFO - Filling up the DagBag from /opt/airflow/dags/6.2-monitoring.py
[2023-09-18T14:28:43.089+0000] {processor.py:839} INFO - DAG(s) dict_keys(['6.2-monitoring']) retrieved from /opt/airflow/dags/6.2-monitoring.py
[2023-09-18T14:28:43.121+0000] {logging_mixin.py:151} INFO - [2023-09-18T14:28:43.121+0000] {dag.py:2915} INFO - Sync 1 DAGs
[2023-09-18T14:28:43.176+0000] {processor.py:179} INFO - Processing /opt/airflow/dags/6.2-monitoring.py took 0.131 seconds
[2023-09-18T14:29:13.518+0000] {processor.py:157} INFO - Started process (PID=7375) to work on /opt/airflow/dags/6.2-monitoring.py
[2023-09-18T14:29:13.519+0000] {processor.py:829} INFO - Processing file /opt/airflow/dags/6.2-monitoring.py for tasks to queue
[2023-09-18T14:29:13.520+0000] {logging_mixin.py:151} INFO - [2023-09-18T14:29:13.520+0000] {dagbag.py:539} INFO - Filling up the DagBag from /opt/airflow/dags/6.2-monitoring.py
[2023-09-18T14:29:13.554+0000] {processor.py:839} INFO - DAG(s) dict_keys(['6.2-monitoring']) retrieved from /opt/airflow/dags/6.2-monitoring.py
[2023-09-18T14:29:13.662+0000] {logging_mixin.py:151} INFO - [2023-09-18T14:29:13.661+0000] {dag.py:2915} INFO - Sync 1 DAGs
[2023-09-18T14:29:13.712+0000] {processor.py:179} INFO - Processing /opt/airflow/dags/6.2-monitoring.py took 0.197 seconds
[2023-09-18T14:29:43.765+0000] {processor.py:157} INFO - Started process (PID=7392) to work on /opt/airflow/dags/6.2-monitoring.py
[2023-09-18T14:29:43.767+0000] {processor.py:829} INFO - Processing file /opt/airflow/dags/6.2-monitoring.py for tasks to queue
[2023-09-18T14:29:43.768+0000] {logging_mixin.py:151} INFO - [2023-09-18T14:29:43.768+0000] {dagbag.py:539} INFO - Filling up the DagBag from /opt/airflow/dags/6.2-monitoring.py
[2023-09-18T14:29:43.799+0000] {processor.py:839} INFO - DAG(s) dict_keys(['6.2-monitoring']) retrieved from /opt/airflow/dags/6.2-monitoring.py
[2023-09-18T14:29:43.829+0000] {logging_mixin.py:151} INFO - [2023-09-18T14:29:43.829+0000] {dag.py:2915} INFO - Sync 1 DAGs
[2023-09-18T14:29:43.880+0000] {processor.py:179} INFO - Processing /opt/airflow/dags/6.2-monitoring.py took 0.118 seconds
[2023-09-18T14:30:14.397+0000] {processor.py:157} INFO - Started process (PID=7409) to work on /opt/airflow/dags/6.2-monitoring.py
[2023-09-18T14:30:14.399+0000] {processor.py:829} INFO - Processing file /opt/airflow/dags/6.2-monitoring.py for tasks to queue
[2023-09-18T14:30:14.400+0000] {logging_mixin.py:151} INFO - [2023-09-18T14:30:14.400+0000] {dagbag.py:539} INFO - Filling up the DagBag from /opt/airflow/dags/6.2-monitoring.py
[2023-09-18T14:30:14.434+0000] {processor.py:839} INFO - DAG(s) dict_keys(['6.2-monitoring']) retrieved from /opt/airflow/dags/6.2-monitoring.py
[2023-09-18T14:30:14.464+0000] {logging_mixin.py:151} INFO - [2023-09-18T14:30:14.464+0000] {dag.py:2915} INFO - Sync 1 DAGs
[2023-09-18T14:30:14.515+0000] {processor.py:179} INFO - Processing /opt/airflow/dags/6.2-monitoring.py took 0.121 seconds
[2023-09-18T14:30:45.029+0000] {processor.py:157} INFO - Started process (PID=7426) to work on /opt/airflow/dags/6.2-monitoring.py
[2023-09-18T14:30:45.031+0000] {processor.py:829} INFO - Processing file /opt/airflow/dags/6.2-monitoring.py for tasks to queue
[2023-09-18T14:30:45.032+0000] {logging_mixin.py:151} INFO - [2023-09-18T14:30:45.032+0000] {dagbag.py:539} INFO - Filling up the DagBag from /opt/airflow/dags/6.2-monitoring.py
[2023-09-18T14:30:45.065+0000] {processor.py:839} INFO - DAG(s) dict_keys(['6.2-monitoring']) retrieved from /opt/airflow/dags/6.2-monitoring.py
[2023-09-18T14:30:45.093+0000] {logging_mixin.py:151} INFO - [2023-09-18T14:30:45.093+0000] {dag.py:2915} INFO - Sync 1 DAGs
[2023-09-18T14:30:45.140+0000] {processor.py:179} INFO - Processing /opt/airflow/dags/6.2-monitoring.py took 0.116 seconds
[2023-09-18T14:31:15.620+0000] {processor.py:157} INFO - Started process (PID=7443) to work on /opt/airflow/dags/6.2-monitoring.py
[2023-09-18T14:31:15.621+0000] {processor.py:829} INFO - Processing file /opt/airflow/dags/6.2-monitoring.py for tasks to queue
[2023-09-18T14:31:15.622+0000] {logging_mixin.py:151} INFO - [2023-09-18T14:31:15.622+0000] {dagbag.py:539} INFO - Filling up the DagBag from /opt/airflow/dags/6.2-monitoring.py
[2023-09-18T14:31:15.650+0000] {processor.py:839} INFO - DAG(s) dict_keys(['6.2-monitoring']) retrieved from /opt/airflow/dags/6.2-monitoring.py
[2023-09-18T14:31:15.684+0000] {logging_mixin.py:151} INFO - [2023-09-18T14:31:15.684+0000] {dag.py:2915} INFO - Sync 1 DAGs
[2023-09-18T14:31:15.739+0000] {processor.py:179} INFO - Processing /opt/airflow/dags/6.2-monitoring.py took 0.124 seconds
[2023-09-18T14:31:46.183+0000] {processor.py:157} INFO - Started process (PID=7460) to work on /opt/airflow/dags/6.2-monitoring.py
[2023-09-18T14:31:46.185+0000] {processor.py:829} INFO - Processing file /opt/airflow/dags/6.2-monitoring.py for tasks to queue
[2023-09-18T14:31:46.187+0000] {logging_mixin.py:151} INFO - [2023-09-18T14:31:46.186+0000] {dagbag.py:539} INFO - Filling up the DagBag from /opt/airflow/dags/6.2-monitoring.py
[2023-09-18T14:31:46.224+0000] {processor.py:839} INFO - DAG(s) dict_keys(['6.2-monitoring']) retrieved from /opt/airflow/dags/6.2-monitoring.py
[2023-09-18T14:31:46.273+0000] {logging_mixin.py:151} INFO - [2023-09-18T14:31:46.273+0000] {dag.py:2915} INFO - Sync 1 DAGs
[2023-09-18T14:31:46.348+0000] {processor.py:179} INFO - Processing /opt/airflow/dags/6.2-monitoring.py took 0.170 seconds
[2023-09-18T14:32:16.599+0000] {processor.py:157} INFO - Started process (PID=7477) to work on /opt/airflow/dags/6.2-monitoring.py
[2023-09-18T14:32:16.601+0000] {processor.py:829} INFO - Processing file /opt/airflow/dags/6.2-monitoring.py for tasks to queue
[2023-09-18T14:32:16.602+0000] {logging_mixin.py:151} INFO - [2023-09-18T14:32:16.601+0000] {dagbag.py:539} INFO - Filling up the DagBag from /opt/airflow/dags/6.2-monitoring.py
[2023-09-18T14:32:16.636+0000] {processor.py:839} INFO - DAG(s) dict_keys(['6.2-monitoring']) retrieved from /opt/airflow/dags/6.2-monitoring.py
[2023-09-18T14:32:16.666+0000] {logging_mixin.py:151} INFO - [2023-09-18T14:32:16.666+0000] {dag.py:2915} INFO - Sync 1 DAGs
[2023-09-18T14:32:16.714+0000] {processor.py:179} INFO - Processing /opt/airflow/dags/6.2-monitoring.py took 0.118 seconds
[2023-09-18T14:32:47.151+0000] {processor.py:157} INFO - Started process (PID=7494) to work on /opt/airflow/dags/6.2-monitoring.py
[2023-09-18T14:32:47.152+0000] {processor.py:829} INFO - Processing file /opt/airflow/dags/6.2-monitoring.py for tasks to queue
[2023-09-18T14:32:47.153+0000] {logging_mixin.py:151} INFO - [2023-09-18T14:32:47.153+0000] {dagbag.py:539} INFO - Filling up the DagBag from /opt/airflow/dags/6.2-monitoring.py
[2023-09-18T14:32:47.184+0000] {processor.py:839} INFO - DAG(s) dict_keys(['6.2-monitoring']) retrieved from /opt/airflow/dags/6.2-monitoring.py
[2023-09-18T14:32:47.212+0000] {logging_mixin.py:151} INFO - [2023-09-18T14:32:47.212+0000] {dag.py:2915} INFO - Sync 1 DAGs
[2023-09-18T14:32:47.261+0000] {processor.py:179} INFO - Processing /opt/airflow/dags/6.2-monitoring.py took 0.114 seconds
[2023-09-18T14:33:17.635+0000] {processor.py:157} INFO - Started process (PID=7511) to work on /opt/airflow/dags/6.2-monitoring.py
[2023-09-18T14:33:17.637+0000] {processor.py:829} INFO - Processing file /opt/airflow/dags/6.2-monitoring.py for tasks to queue
[2023-09-18T14:33:17.638+0000] {logging_mixin.py:151} INFO - [2023-09-18T14:33:17.638+0000] {dagbag.py:539} INFO - Filling up the DagBag from /opt/airflow/dags/6.2-monitoring.py
[2023-09-18T14:33:17.670+0000] {processor.py:839} INFO - DAG(s) dict_keys(['6.2-monitoring']) retrieved from /opt/airflow/dags/6.2-monitoring.py
[2023-09-18T14:33:17.699+0000] {logging_mixin.py:151} INFO - [2023-09-18T14:33:17.699+0000] {dag.py:2915} INFO - Sync 1 DAGs
[2023-09-18T14:33:17.746+0000] {processor.py:179} INFO - Processing /opt/airflow/dags/6.2-monitoring.py took 0.114 seconds
[2023-09-18T14:33:48.022+0000] {processor.py:157} INFO - Started process (PID=7528) to work on /opt/airflow/dags/6.2-monitoring.py
[2023-09-18T14:33:48.023+0000] {processor.py:829} INFO - Processing file /opt/airflow/dags/6.2-monitoring.py for tasks to queue
[2023-09-18T14:33:48.024+0000] {logging_mixin.py:151} INFO - [2023-09-18T14:33:48.024+0000] {dagbag.py:539} INFO - Filling up the DagBag from /opt/airflow/dags/6.2-monitoring.py
[2023-09-18T14:33:48.056+0000] {processor.py:839} INFO - DAG(s) dict_keys(['6.2-monitoring']) retrieved from /opt/airflow/dags/6.2-monitoring.py
[2023-09-18T14:33:48.085+0000] {logging_mixin.py:151} INFO - [2023-09-18T14:33:48.085+0000] {dag.py:2915} INFO - Sync 1 DAGs
[2023-09-18T14:33:48.131+0000] {processor.py:179} INFO - Processing /opt/airflow/dags/6.2-monitoring.py took 0.113 seconds
