[2023-09-18T13:46:27.261+0000] {taskinstance.py:1157} INFO - Dependencies all met for dep_context=non-requeueable deps ti=<TaskInstance: 6.1-monitoring.task1 scheduled__2023-08-31T00:00:00+00:00 [queued]>
[2023-09-18T13:46:27.320+0000] {taskinstance.py:1157} INFO - Dependencies all met for dep_context=requeueable deps ti=<TaskInstance: 6.1-monitoring.task1 scheduled__2023-08-31T00:00:00+00:00 [queued]>
[2023-09-18T13:46:27.323+0000] {taskinstance.py:1359} INFO - Starting attempt 1 of 1
[2023-09-18T13:46:27.370+0000] {taskinstance.py:1380} INFO - Executing <Task(BashOperator): task1> on 2023-08-31 00:00:00+00:00
[2023-09-18T13:46:27.384+0000] {standard_task_runner.py:57} INFO - Started process 4370 to run task
[2023-09-18T13:46:27.397+0000] {standard_task_runner.py:84} INFO - Running: ['***', 'tasks', 'run', '6.1-monitoring', 'task1', 'scheduled__2023-08-31T00:00:00+00:00', '--job-id', '231', '--raw', '--subdir', 'DAGS_FOLDER/6.1-monitoring.py', '--cfg-path', '/tmp/tmpuqhg3dz_']
[2023-09-18T13:46:27.405+0000] {standard_task_runner.py:85} INFO - Job 231: Subtask task1
[2023-09-18T13:46:27.578+0000] {task_command.py:415} INFO - Running <TaskInstance: 6.1-monitoring.task1 scheduled__2023-08-31T00:00:00+00:00 [running]> on host e891a57bf0af
[2023-09-18T13:46:27.774+0000] {taskinstance.py:1660} INFO - Exporting env vars: AIRFLOW_CTX_DAG_OWNER='***' AIRFLOW_CTX_DAG_ID='6.1-monitoring' AIRFLOW_CTX_TASK_ID='task1' AIRFLOW_CTX_EXECUTION_DATE='2023-08-31T00:00:00+00:00' AIRFLOW_CTX_TRY_NUMBER='1' AIRFLOW_CTX_DAG_RUN_ID='scheduled__2023-08-31T00:00:00+00:00'
[2023-09-18T13:46:27.778+0000] {subprocess.py:63} INFO - Tmp dir root location: /tmp
[2023-09-18T13:46:27.781+0000] {subprocess.py:75} INFO - Running command: ['/bin/bash', '-c', "sleep 2 && echo 'Task 1'"]
[2023-09-18T13:46:27.804+0000] {subprocess.py:86} INFO - Output:
[2023-09-18T13:46:29.810+0000] {subprocess.py:93} INFO - Task 1
[2023-09-18T13:46:29.811+0000] {subprocess.py:97} INFO - Command exited with return code 0
[2023-09-18T13:46:29.846+0000] {taskinstance.py:1398} INFO - Marking task as SUCCESS. dag_id=6.1-monitoring, task_id=task1, execution_date=20230831T000000, start_date=20230918T134627, end_date=20230918T134629
[2023-09-18T13:46:29.869+0000] {local_task_job_runner.py:228} INFO - Task exited with return code 0
[2023-09-18T13:46:29.903+0000] {taskinstance.py:2776} INFO - 1 downstream tasks scheduled from follow-on schedule check
[2023-09-18T13:52:26.755+0000] {taskinstance.py:1157} INFO - Dependencies all met for dep_context=non-requeueable deps ti=<TaskInstance: 6.1-monitoring.task1 scheduled__2023-08-31T00:00:00+00:00 [queued]>
[2023-09-18T13:52:26.782+0000] {taskinstance.py:1157} INFO - Dependencies all met for dep_context=requeueable deps ti=<TaskInstance: 6.1-monitoring.task1 scheduled__2023-08-31T00:00:00+00:00 [queued]>
[2023-09-18T13:52:26.784+0000] {taskinstance.py:1359} INFO - Starting attempt 1 of 1
[2023-09-18T13:52:26.812+0000] {taskinstance.py:1380} INFO - Executing <Task(BashOperator): task1> on 2023-08-31 00:00:00+00:00
[2023-09-18T13:52:26.819+0000] {standard_task_runner.py:57} INFO - Started process 4889 to run task
[2023-09-18T13:52:26.827+0000] {standard_task_runner.py:84} INFO - Running: ['***', 'tasks', 'run', '6.1-monitoring', 'task1', 'scheduled__2023-08-31T00:00:00+00:00', '--job-id', '354', '--raw', '--subdir', 'DAGS_FOLDER/6.1-monitoring.py', '--cfg-path', '/tmp/tmpk15zfdfm']
[2023-09-18T13:52:26.833+0000] {standard_task_runner.py:85} INFO - Job 354: Subtask task1
[2023-09-18T13:52:26.944+0000] {task_command.py:415} INFO - Running <TaskInstance: 6.1-monitoring.task1 scheduled__2023-08-31T00:00:00+00:00 [running]> on host e891a57bf0af
[2023-09-18T13:52:27.100+0000] {taskinstance.py:1660} INFO - Exporting env vars: AIRFLOW_CTX_DAG_OWNER='***' AIRFLOW_CTX_DAG_ID='6.1-monitoring' AIRFLOW_CTX_TASK_ID='task1' AIRFLOW_CTX_EXECUTION_DATE='2023-08-31T00:00:00+00:00' AIRFLOW_CTX_TRY_NUMBER='1' AIRFLOW_CTX_DAG_RUN_ID='scheduled__2023-08-31T00:00:00+00:00'
[2023-09-18T13:52:27.104+0000] {subprocess.py:63} INFO - Tmp dir root location: /tmp
[2023-09-18T13:52:27.106+0000] {subprocess.py:75} INFO - Running command: ['/bin/bash', '-c', "sleep 2 && echo 'Task 1'"]
[2023-09-18T13:52:27.127+0000] {subprocess.py:86} INFO - Output:
[2023-09-18T13:52:29.137+0000] {subprocess.py:93} INFO - Task 1
[2023-09-18T13:52:29.138+0000] {subprocess.py:97} INFO - Command exited with return code 0
[2023-09-18T13:52:29.170+0000] {taskinstance.py:1398} INFO - Marking task as SUCCESS. dag_id=6.1-monitoring, task_id=task1, execution_date=20230831T000000, start_date=20230918T135226, end_date=20230918T135229
[2023-09-18T13:52:29.214+0000] {local_task_job_runner.py:228} INFO - Task exited with return code 0
[2023-09-18T13:52:29.245+0000] {taskinstance.py:2776} INFO - 1 downstream tasks scheduled from follow-on schedule check
