[2023-09-18T13:45:54.686+0000] {taskinstance.py:1157} INFO - Dependencies all met for dep_context=non-requeueable deps ti=<TaskInstance: 6.1-monitoring.task1 scheduled__2023-08-19T00:00:00+00:00 [queued]>
[2023-09-18T13:45:54.712+0000] {taskinstance.py:1157} INFO - Dependencies all met for dep_context=requeueable deps ti=<TaskInstance: 6.1-monitoring.task1 scheduled__2023-08-19T00:00:00+00:00 [queued]>
[2023-09-18T13:45:54.713+0000] {taskinstance.py:1359} INFO - Starting attempt 1 of 1
[2023-09-18T13:45:54.809+0000] {taskinstance.py:1380} INFO - Executing <Task(BashOperator): task1> on 2023-08-19 00:00:00+00:00
[2023-09-18T13:45:54.859+0000] {standard_task_runner.py:57} INFO - Started process 4303 to run task
[2023-09-18T13:45:54.871+0000] {standard_task_runner.py:84} INFO - Running: ['***', 'tasks', 'run', '6.1-monitoring', 'task1', 'scheduled__2023-08-19T00:00:00+00:00', '--job-id', '215', '--raw', '--subdir', 'DAGS_FOLDER/6.1-monitoring.py', '--cfg-path', '/tmp/tmpmu_7uost']
[2023-09-18T13:45:54.873+0000] {standard_task_runner.py:85} INFO - Job 215: Subtask task1
[2023-09-18T13:45:54.976+0000] {task_command.py:415} INFO - Running <TaskInstance: 6.1-monitoring.task1 scheduled__2023-08-19T00:00:00+00:00 [running]> on host e891a57bf0af
[2023-09-18T13:45:55.123+0000] {taskinstance.py:1660} INFO - Exporting env vars: AIRFLOW_CTX_DAG_OWNER='***' AIRFLOW_CTX_DAG_ID='6.1-monitoring' AIRFLOW_CTX_TASK_ID='task1' AIRFLOW_CTX_EXECUTION_DATE='2023-08-19T00:00:00+00:00' AIRFLOW_CTX_TRY_NUMBER='1' AIRFLOW_CTX_DAG_RUN_ID='scheduled__2023-08-19T00:00:00+00:00'
[2023-09-18T13:45:55.125+0000] {subprocess.py:63} INFO - Tmp dir root location: /tmp
[2023-09-18T13:45:55.127+0000] {subprocess.py:75} INFO - Running command: ['/bin/bash', '-c', "sleep 2 && echo 'Task 1'"]
[2023-09-18T13:45:55.146+0000] {subprocess.py:86} INFO - Output:
[2023-09-18T13:45:57.164+0000] {subprocess.py:93} INFO - Task 1
[2023-09-18T13:45:57.166+0000] {subprocess.py:97} INFO - Command exited with return code 0
[2023-09-18T13:45:57.215+0000] {taskinstance.py:1398} INFO - Marking task as SUCCESS. dag_id=6.1-monitoring, task_id=task1, execution_date=20230819T000000, start_date=20230918T134554, end_date=20230918T134557
[2023-09-18T13:45:57.367+0000] {local_task_job_runner.py:228} INFO - Task exited with return code 0
[2023-09-18T13:45:57.425+0000] {taskinstance.py:2776} INFO - 1 downstream tasks scheduled from follow-on schedule check
[2023-09-18T13:51:31.009+0000] {taskinstance.py:1157} INFO - Dependencies all met for dep_context=non-requeueable deps ti=<TaskInstance: 6.1-monitoring.task1 scheduled__2023-08-19T00:00:00+00:00 [queued]>
[2023-09-18T13:51:31.043+0000] {taskinstance.py:1157} INFO - Dependencies all met for dep_context=requeueable deps ti=<TaskInstance: 6.1-monitoring.task1 scheduled__2023-08-19T00:00:00+00:00 [queued]>
[2023-09-18T13:51:31.045+0000] {taskinstance.py:1359} INFO - Starting attempt 1 of 1
[2023-09-18T13:51:31.083+0000] {taskinstance.py:1380} INFO - Executing <Task(BashOperator): task1> on 2023-08-19 00:00:00+00:00
[2023-09-18T13:51:31.092+0000] {standard_task_runner.py:57} INFO - Started process 4669 to run task
[2023-09-18T13:51:31.104+0000] {standard_task_runner.py:84} INFO - Running: ['***', 'tasks', 'run', '6.1-monitoring', 'task1', 'scheduled__2023-08-19T00:00:00+00:00', '--job-id', '293', '--raw', '--subdir', 'DAGS_FOLDER/6.1-monitoring.py', '--cfg-path', '/tmp/tmpttk0n08m']
[2023-09-18T13:51:31.106+0000] {standard_task_runner.py:85} INFO - Job 293: Subtask task1
[2023-09-18T13:51:31.275+0000] {task_command.py:415} INFO - Running <TaskInstance: 6.1-monitoring.task1 scheduled__2023-08-19T00:00:00+00:00 [running]> on host e891a57bf0af
[2023-09-18T13:51:31.456+0000] {taskinstance.py:1660} INFO - Exporting env vars: AIRFLOW_CTX_DAG_OWNER='***' AIRFLOW_CTX_DAG_ID='6.1-monitoring' AIRFLOW_CTX_TASK_ID='task1' AIRFLOW_CTX_EXECUTION_DATE='2023-08-19T00:00:00+00:00' AIRFLOW_CTX_TRY_NUMBER='1' AIRFLOW_CTX_DAG_RUN_ID='scheduled__2023-08-19T00:00:00+00:00'
[2023-09-18T13:51:31.459+0000] {subprocess.py:63} INFO - Tmp dir root location: /tmp
[2023-09-18T13:51:31.462+0000] {subprocess.py:75} INFO - Running command: ['/bin/bash', '-c', "sleep 2 && echo 'Task 1'"]
[2023-09-18T13:51:31.516+0000] {subprocess.py:86} INFO - Output:
[2023-09-18T13:51:33.540+0000] {subprocess.py:93} INFO - Task 1
[2023-09-18T13:51:33.543+0000] {subprocess.py:97} INFO - Command exited with return code 0
[2023-09-18T13:51:33.631+0000] {taskinstance.py:1398} INFO - Marking task as SUCCESS. dag_id=6.1-monitoring, task_id=task1, execution_date=20230819T000000, start_date=20230918T135131, end_date=20230918T135133
[2023-09-18T13:51:33.743+0000] {local_task_job_runner.py:228} INFO - Task exited with return code 0
[2023-09-18T13:51:33.828+0000] {taskinstance.py:2776} INFO - 1 downstream tasks scheduled from follow-on schedule check
