[2023-09-18T13:47:21.041+0000] {taskinstance.py:1157} INFO - Dependencies all met for dep_context=non-requeueable deps ti=<TaskInstance: 6.1-monitoring.task1 scheduled__2023-09-17T00:00:00+00:00 [queued]>
[2023-09-18T13:47:21.058+0000] {taskinstance.py:1157} INFO - Dependencies all met for dep_context=requeueable deps ti=<TaskInstance: 6.1-monitoring.task1 scheduled__2023-09-17T00:00:00+00:00 [queued]>
[2023-09-18T13:47:21.059+0000] {taskinstance.py:1359} INFO - Starting attempt 1 of 1
[2023-09-18T13:47:21.079+0000] {taskinstance.py:1380} INFO - Executing <Task(BashOperator): task1> on 2023-09-17 00:00:00+00:00
[2023-09-18T13:47:21.087+0000] {standard_task_runner.py:57} INFO - Started process 4483 to run task
[2023-09-18T13:47:21.095+0000] {standard_task_runner.py:84} INFO - Running: ['***', 'tasks', 'run', '6.1-monitoring', 'task1', 'scheduled__2023-09-17T00:00:00+00:00', '--job-id', '261', '--raw', '--subdir', 'DAGS_FOLDER/6.1-monitoring.py', '--cfg-path', '/tmp/tmpdefptyhc']
[2023-09-18T13:47:21.098+0000] {standard_task_runner.py:85} INFO - Job 261: Subtask task1
[2023-09-18T13:47:21.190+0000] {task_command.py:415} INFO - Running <TaskInstance: 6.1-monitoring.task1 scheduled__2023-09-17T00:00:00+00:00 [running]> on host e891a57bf0af
[2023-09-18T13:47:21.297+0000] {taskinstance.py:1660} INFO - Exporting env vars: AIRFLOW_CTX_DAG_OWNER='***' AIRFLOW_CTX_DAG_ID='6.1-monitoring' AIRFLOW_CTX_TASK_ID='task1' AIRFLOW_CTX_EXECUTION_DATE='2023-09-17T00:00:00+00:00' AIRFLOW_CTX_TRY_NUMBER='1' AIRFLOW_CTX_DAG_RUN_ID='scheduled__2023-09-17T00:00:00+00:00'
[2023-09-18T13:47:21.298+0000] {subprocess.py:63} INFO - Tmp dir root location: /tmp
[2023-09-18T13:47:21.299+0000] {subprocess.py:75} INFO - Running command: ['/bin/bash', '-c', "sleep 2 && echo 'Task 1'"]
[2023-09-18T13:47:21.311+0000] {subprocess.py:86} INFO - Output:
[2023-09-18T13:47:23.315+0000] {subprocess.py:93} INFO - Task 1
[2023-09-18T13:47:23.316+0000] {subprocess.py:97} INFO - Command exited with return code 0
[2023-09-18T13:47:23.351+0000] {taskinstance.py:1398} INFO - Marking task as SUCCESS. dag_id=6.1-monitoring, task_id=task1, execution_date=20230917T000000, start_date=20230918T134721, end_date=20230918T134723
[2023-09-18T13:47:23.400+0000] {local_task_job_runner.py:228} INFO - Task exited with return code 0
[2023-09-18T13:47:23.432+0000] {taskinstance.py:2776} INFO - 1 downstream tasks scheduled from follow-on schedule check
[2023-09-18T13:53:30.607+0000] {taskinstance.py:1157} INFO - Dependencies all met for dep_context=non-requeueable deps ti=<TaskInstance: 6.1-monitoring.task1 scheduled__2023-09-17T00:00:00+00:00 [queued]>
[2023-09-18T13:53:30.631+0000] {taskinstance.py:1157} INFO - Dependencies all met for dep_context=requeueable deps ti=<TaskInstance: 6.1-monitoring.task1 scheduled__2023-09-17T00:00:00+00:00 [queued]>
[2023-09-18T13:53:30.632+0000] {taskinstance.py:1359} INFO - Starting attempt 1 of 1
[2023-09-18T13:53:30.652+0000] {taskinstance.py:1380} INFO - Executing <Task(BashOperator): task1> on 2023-09-17 00:00:00+00:00
[2023-09-18T13:53:30.658+0000] {standard_task_runner.py:57} INFO - Started process 5128 to run task
[2023-09-18T13:53:30.663+0000] {standard_task_runner.py:84} INFO - Running: ['***', 'tasks', 'run', '6.1-monitoring', 'task1', 'scheduled__2023-09-17T00:00:00+00:00', '--job-id', '418', '--raw', '--subdir', 'DAGS_FOLDER/6.1-monitoring.py', '--cfg-path', '/tmp/tmpt_xh0ut4']
[2023-09-18T13:53:30.666+0000] {standard_task_runner.py:85} INFO - Job 418: Subtask task1
[2023-09-18T13:53:30.730+0000] {task_command.py:415} INFO - Running <TaskInstance: 6.1-monitoring.task1 scheduled__2023-09-17T00:00:00+00:00 [running]> on host e891a57bf0af
[2023-09-18T13:53:30.845+0000] {taskinstance.py:1660} INFO - Exporting env vars: AIRFLOW_CTX_DAG_OWNER='***' AIRFLOW_CTX_DAG_ID='6.1-monitoring' AIRFLOW_CTX_TASK_ID='task1' AIRFLOW_CTX_EXECUTION_DATE='2023-09-17T00:00:00+00:00' AIRFLOW_CTX_TRY_NUMBER='1' AIRFLOW_CTX_DAG_RUN_ID='scheduled__2023-09-17T00:00:00+00:00'
[2023-09-18T13:53:30.847+0000] {subprocess.py:63} INFO - Tmp dir root location: /tmp
[2023-09-18T13:53:30.848+0000] {subprocess.py:75} INFO - Running command: ['/bin/bash', '-c', "sleep 2 && echo 'Task 1'"]
[2023-09-18T13:53:30.859+0000] {subprocess.py:86} INFO - Output:
[2023-09-18T13:53:32.863+0000] {subprocess.py:93} INFO - Task 1
[2023-09-18T13:53:32.864+0000] {subprocess.py:97} INFO - Command exited with return code 0
[2023-09-18T13:53:32.897+0000] {taskinstance.py:1398} INFO - Marking task as SUCCESS. dag_id=6.1-monitoring, task_id=task1, execution_date=20230917T000000, start_date=20230918T135330, end_date=20230918T135332
[2023-09-18T13:53:32.933+0000] {local_task_job_runner.py:228} INFO - Task exited with return code 0
[2023-09-18T13:53:32.967+0000] {taskinstance.py:2776} INFO - 1 downstream tasks scheduled from follow-on schedule check
[2023-09-18T13:55:21.514+0000] {taskinstance.py:1157} INFO - Dependencies all met for dep_context=non-requeueable deps ti=<TaskInstance: 6.1-monitoring.task1 scheduled__2023-09-17T00:00:00+00:00 [queued]>
[2023-09-18T13:55:21.567+0000] {taskinstance.py:1157} INFO - Dependencies all met for dep_context=requeueable deps ti=<TaskInstance: 6.1-monitoring.task1 scheduled__2023-09-17T00:00:00+00:00 [queued]>
[2023-09-18T13:55:21.569+0000] {taskinstance.py:1359} INFO - Starting attempt 1 of 1
[2023-09-18T13:55:21.623+0000] {taskinstance.py:1380} INFO - Executing <Task(BashOperator): task1> on 2023-09-17 00:00:00+00:00
[2023-09-18T13:55:21.635+0000] {standard_task_runner.py:57} INFO - Started process 5315 to run task
[2023-09-18T13:55:21.658+0000] {standard_task_runner.py:84} INFO - Running: ['***', 'tasks', 'run', '6.1-monitoring', 'task1', 'scheduled__2023-09-17T00:00:00+00:00', '--job-id', '458', '--raw', '--subdir', 'DAGS_FOLDER/6.1-monitoring.py', '--cfg-path', '/tmp/tmpxput62aa']
[2023-09-18T13:55:21.664+0000] {standard_task_runner.py:85} INFO - Job 458: Subtask task1
[2023-09-18T13:55:21.993+0000] {task_command.py:415} INFO - Running <TaskInstance: 6.1-monitoring.task1 scheduled__2023-09-17T00:00:00+00:00 [running]> on host e891a57bf0af
[2023-09-18T13:55:22.314+0000] {taskinstance.py:1660} INFO - Exporting env vars: AIRFLOW_CTX_DAG_OWNER='***' AIRFLOW_CTX_DAG_ID='6.1-monitoring' AIRFLOW_CTX_TASK_ID='task1' AIRFLOW_CTX_EXECUTION_DATE='2023-09-17T00:00:00+00:00' AIRFLOW_CTX_TRY_NUMBER='1' AIRFLOW_CTX_DAG_RUN_ID='scheduled__2023-09-17T00:00:00+00:00'
[2023-09-18T13:55:22.320+0000] {subprocess.py:63} INFO - Tmp dir root location: /tmp
[2023-09-18T13:55:22.322+0000] {subprocess.py:75} INFO - Running command: ['/bin/bash', '-c', "sleep 2 && echo 'Task 1'"]
[2023-09-18T13:55:22.352+0000] {subprocess.py:86} INFO - Output:
[2023-09-18T13:55:24.370+0000] {subprocess.py:93} INFO - Task 1
[2023-09-18T13:55:24.372+0000] {subprocess.py:97} INFO - Command exited with return code 0
[2023-09-18T13:55:24.508+0000] {taskinstance.py:1398} INFO - Marking task as SUCCESS. dag_id=6.1-monitoring, task_id=task1, execution_date=20230917T000000, start_date=20230918T135521, end_date=20230918T135524
[2023-09-18T13:55:24.642+0000] {local_task_job_runner.py:228} INFO - Task exited with return code 0
[2023-09-18T13:55:24.728+0000] {taskinstance.py:2776} INFO - 1 downstream tasks scheduled from follow-on schedule check
