[2023-09-18T13:53:20.228+0000] {taskinstance.py:1157} INFO - Dependencies all met for dep_context=non-requeueable deps ti=<TaskInstance: 6.1-monitoring.task3 scheduled__2023-09-13T00:00:00+00:00 [queued]>
[2023-09-18T13:53:20.245+0000] {taskinstance.py:1157} INFO - Dependencies all met for dep_context=requeueable deps ti=<TaskInstance: 6.1-monitoring.task3 scheduled__2023-09-13T00:00:00+00:00 [queued]>
[2023-09-18T13:53:20.246+0000] {taskinstance.py:1359} INFO - Starting attempt 1 of 1
[2023-09-18T13:53:20.267+0000] {taskinstance.py:1380} INFO - Executing <Task(BashOperator): task3> on 2023-09-13 00:00:00+00:00
[2023-09-18T13:53:20.278+0000] {standard_task_runner.py:57} INFO - Started process 5086 to run task
[2023-09-18T13:53:20.284+0000] {standard_task_runner.py:84} INFO - Running: ['***', 'tasks', 'run', '6.1-monitoring', 'task3', 'scheduled__2023-09-13T00:00:00+00:00', '--job-id', '404', '--raw', '--subdir', 'DAGS_FOLDER/6.1-monitoring.py', '--cfg-path', '/tmp/tmpl911u9zv']
[2023-09-18T13:53:20.286+0000] {standard_task_runner.py:85} INFO - Job 404: Subtask task3
[2023-09-18T13:53:20.370+0000] {task_command.py:415} INFO - Running <TaskInstance: 6.1-monitoring.task3 scheduled__2023-09-13T00:00:00+00:00 [running]> on host e891a57bf0af
[2023-09-18T13:53:20.497+0000] {taskinstance.py:1660} INFO - Exporting env vars: AIRFLOW_CTX_DAG_OWNER='***' AIRFLOW_CTX_DAG_ID='6.1-monitoring' AIRFLOW_CTX_TASK_ID='task3' AIRFLOW_CTX_EXECUTION_DATE='2023-09-13T00:00:00+00:00' AIRFLOW_CTX_TRY_NUMBER='1' AIRFLOW_CTX_DAG_RUN_ID='scheduled__2023-09-13T00:00:00+00:00'
[2023-09-18T13:53:20.500+0000] {subprocess.py:63} INFO - Tmp dir root location: /tmp
[2023-09-18T13:53:20.501+0000] {subprocess.py:75} INFO - Running command: ['/bin/bash', '-c', "sleep 2 && echo 'Task 3'"]
[2023-09-18T13:53:20.514+0000] {subprocess.py:86} INFO - Output:
[2023-09-18T13:53:22.519+0000] {subprocess.py:93} INFO - Task 3
[2023-09-18T13:53:22.520+0000] {subprocess.py:97} INFO - Command exited with return code 0
[2023-09-18T13:53:22.548+0000] {taskinstance.py:1398} INFO - Marking task as SUCCESS. dag_id=6.1-monitoring, task_id=task3, execution_date=20230913T000000, start_date=20230918T135320, end_date=20230918T135322
[2023-09-18T13:53:22.589+0000] {local_task_job_runner.py:228} INFO - Task exited with return code 0
[2023-09-18T13:53:22.665+0000] {taskinstance.py:2776} INFO - 1 downstream tasks scheduled from follow-on schedule check
[2023-09-18T13:55:19.985+0000] {taskinstance.py:1157} INFO - Dependencies all met for dep_context=non-requeueable deps ti=<TaskInstance: 6.1-monitoring.task3 scheduled__2023-09-13T00:00:00+00:00 [queued]>
[2023-09-18T13:55:20.044+0000] {taskinstance.py:1157} INFO - Dependencies all met for dep_context=requeueable deps ti=<TaskInstance: 6.1-monitoring.task3 scheduled__2023-09-13T00:00:00+00:00 [queued]>
[2023-09-18T13:55:20.046+0000] {taskinstance.py:1359} INFO - Starting attempt 1 of 1
[2023-09-18T13:55:20.090+0000] {taskinstance.py:1380} INFO - Executing <Task(BashOperator): task3> on 2023-09-13 00:00:00+00:00
[2023-09-18T13:55:20.097+0000] {standard_task_runner.py:57} INFO - Started process 5305 to run task
[2023-09-18T13:55:20.106+0000] {standard_task_runner.py:84} INFO - Running: ['***', 'tasks', 'run', '6.1-monitoring', 'task3', 'scheduled__2023-09-13T00:00:00+00:00', '--job-id', '457', '--raw', '--subdir', 'DAGS_FOLDER/6.1-monitoring.py', '--cfg-path', '/tmp/tmp3uzip7kc']
[2023-09-18T13:55:20.109+0000] {standard_task_runner.py:85} INFO - Job 457: Subtask task3
[2023-09-18T13:55:20.207+0000] {task_command.py:415} INFO - Running <TaskInstance: 6.1-monitoring.task3 scheduled__2023-09-13T00:00:00+00:00 [running]> on host e891a57bf0af
[2023-09-18T13:55:20.366+0000] {taskinstance.py:1660} INFO - Exporting env vars: AIRFLOW_CTX_DAG_OWNER='***' AIRFLOW_CTX_DAG_ID='6.1-monitoring' AIRFLOW_CTX_TASK_ID='task3' AIRFLOW_CTX_EXECUTION_DATE='2023-09-13T00:00:00+00:00' AIRFLOW_CTX_TRY_NUMBER='1' AIRFLOW_CTX_DAG_RUN_ID='scheduled__2023-09-13T00:00:00+00:00'
[2023-09-18T13:55:20.374+0000] {subprocess.py:63} INFO - Tmp dir root location: /tmp
[2023-09-18T13:55:20.381+0000] {subprocess.py:75} INFO - Running command: ['/bin/bash', '-c', "sleep 2 && echo 'Task 3'"]
[2023-09-18T13:55:20.420+0000] {subprocess.py:86} INFO - Output:
[2023-09-18T13:55:22.427+0000] {subprocess.py:93} INFO - Task 3
[2023-09-18T13:55:22.432+0000] {subprocess.py:97} INFO - Command exited with return code 0
[2023-09-18T13:55:22.521+0000] {taskinstance.py:1398} INFO - Marking task as SUCCESS. dag_id=6.1-monitoring, task_id=task3, execution_date=20230913T000000, start_date=20230918T135519, end_date=20230918T135522
[2023-09-18T13:55:22.568+0000] {local_task_job_runner.py:228} INFO - Task exited with return code 0
[2023-09-18T13:55:22.621+0000] {taskinstance.py:2776} INFO - 1 downstream tasks scheduled from follow-on schedule check
