[2023-09-18T13:53:27.663+0000] {taskinstance.py:1157} INFO - Dependencies all met for dep_context=non-requeueable deps ti=<TaskInstance: 6.1-monitoring.task4 scheduled__2023-09-14T00:00:00+00:00 [queued]>
[2023-09-18T13:53:27.687+0000] {taskinstance.py:1157} INFO - Dependencies all met for dep_context=requeueable deps ti=<TaskInstance: 6.1-monitoring.task4 scheduled__2023-09-14T00:00:00+00:00 [queued]>
[2023-09-18T13:53:27.687+0000] {taskinstance.py:1359} INFO - Starting attempt 1 of 1
[2023-09-18T13:53:27.709+0000] {taskinstance.py:1380} INFO - Executing <Task(PythonOperator): task4> on 2023-09-14 00:00:00+00:00
[2023-09-18T13:53:27.716+0000] {standard_task_runner.py:57} INFO - Started process 5116 to run task
[2023-09-18T13:53:27.722+0000] {standard_task_runner.py:84} INFO - Running: ['***', 'tasks', 'run', '6.1-monitoring', 'task4', 'scheduled__2023-09-14T00:00:00+00:00', '--job-id', '414', '--raw', '--subdir', 'DAGS_FOLDER/6.1-monitoring.py', '--cfg-path', '/tmp/tmpzbr2ftie']
[2023-09-18T13:53:27.724+0000] {standard_task_runner.py:85} INFO - Job 414: Subtask task4
[2023-09-18T13:53:27.808+0000] {task_command.py:415} INFO - Running <TaskInstance: 6.1-monitoring.task4 scheduled__2023-09-14T00:00:00+00:00 [running]> on host e891a57bf0af
[2023-09-18T13:53:28.013+0000] {taskinstance.py:1660} INFO - Exporting env vars: AIRFLOW_CTX_DAG_OWNER='***' AIRFLOW_CTX_DAG_ID='6.1-monitoring' AIRFLOW_CTX_TASK_ID='task4' AIRFLOW_CTX_EXECUTION_DATE='2023-09-14T00:00:00+00:00' AIRFLOW_CTX_TRY_NUMBER='1' AIRFLOW_CTX_DAG_RUN_ID='scheduled__2023-09-14T00:00:00+00:00'
[2023-09-18T13:53:28.016+0000] {python.py:194} INFO - Done. Returned value was: None
[2023-09-18T13:53:28.031+0000] {taskinstance.py:1398} INFO - Marking task as SUCCESS. dag_id=6.1-monitoring, task_id=task4, execution_date=20230914T000000, start_date=20230918T135327, end_date=20230918T135328
[2023-09-18T13:53:28.057+0000] {local_task_job_runner.py:228} INFO - Task exited with return code 0
[2023-09-18T13:53:28.085+0000] {taskinstance.py:2776} INFO - 1 downstream tasks scheduled from follow-on schedule check
[2023-09-18T13:55:27.352+0000] {taskinstance.py:1157} INFO - Dependencies all met for dep_context=non-requeueable deps ti=<TaskInstance: 6.1-monitoring.task4 scheduled__2023-09-14T00:00:00+00:00 [queued]>
[2023-09-18T13:55:27.366+0000] {taskinstance.py:1157} INFO - Dependencies all met for dep_context=requeueable deps ti=<TaskInstance: 6.1-monitoring.task4 scheduled__2023-09-14T00:00:00+00:00 [queued]>
[2023-09-18T13:55:27.366+0000] {taskinstance.py:1359} INFO - Starting attempt 1 of 1
[2023-09-18T13:55:27.388+0000] {taskinstance.py:1380} INFO - Executing <Task(PythonOperator): task4> on 2023-09-14 00:00:00+00:00
[2023-09-18T13:55:27.395+0000] {standard_task_runner.py:57} INFO - Started process 5363 to run task
[2023-09-18T13:55:27.400+0000] {standard_task_runner.py:84} INFO - Running: ['***', 'tasks', 'run', '6.1-monitoring', 'task4', 'scheduled__2023-09-14T00:00:00+00:00', '--job-id', '475', '--raw', '--subdir', 'DAGS_FOLDER/6.1-monitoring.py', '--cfg-path', '/tmp/tmpjkm9nsnz']
[2023-09-18T13:55:27.402+0000] {standard_task_runner.py:85} INFO - Job 475: Subtask task4
[2023-09-18T13:55:27.462+0000] {task_command.py:415} INFO - Running <TaskInstance: 6.1-monitoring.task4 scheduled__2023-09-14T00:00:00+00:00 [running]> on host e891a57bf0af
[2023-09-18T13:55:27.583+0000] {taskinstance.py:1660} INFO - Exporting env vars: AIRFLOW_CTX_DAG_OWNER='***' AIRFLOW_CTX_DAG_ID='6.1-monitoring' AIRFLOW_CTX_TASK_ID='task4' AIRFLOW_CTX_EXECUTION_DATE='2023-09-14T00:00:00+00:00' AIRFLOW_CTX_TRY_NUMBER='1' AIRFLOW_CTX_DAG_RUN_ID='scheduled__2023-09-14T00:00:00+00:00'
[2023-09-18T13:55:27.584+0000] {python.py:194} INFO - Done. Returned value was: None
[2023-09-18T13:55:27.598+0000] {taskinstance.py:1398} INFO - Marking task as SUCCESS. dag_id=6.1-monitoring, task_id=task4, execution_date=20230914T000000, start_date=20230918T135527, end_date=20230918T135527
[2023-09-18T13:55:27.653+0000] {local_task_job_runner.py:228} INFO - Task exited with return code 0
[2023-09-18T13:55:27.681+0000] {taskinstance.py:2776} INFO - 1 downstream tasks scheduled from follow-on schedule check
