[2023-09-18T13:03:11.333+0000] {taskinstance.py:1157} INFO - Dependencies all met for dep_context=non-requeueable deps ti=<TaskInstance: 5.1-orchestration.task1 scheduled__2023-09-09T00:00:00+00:00 [queued]>
[2023-09-18T13:03:11.360+0000] {taskinstance.py:1157} INFO - Dependencies all met for dep_context=requeueable deps ti=<TaskInstance: 5.1-orchestration.task1 scheduled__2023-09-09T00:00:00+00:00 [queued]>
[2023-09-18T13:03:11.362+0000] {taskinstance.py:1359} INFO - Starting attempt 1 of 1
[2023-09-18T13:03:11.409+0000] {taskinstance.py:1380} INFO - Executing <Task(BashOperator): task1> on 2023-09-09 00:00:00+00:00
[2023-09-18T13:03:11.416+0000] {standard_task_runner.py:57} INFO - Started process 3070 to run task
[2023-09-18T13:03:11.421+0000] {standard_task_runner.py:84} INFO - Running: ['***', 'tasks', 'run', '5.1-orchestration', 'task1', 'scheduled__2023-09-09T00:00:00+00:00', '--job-id', '65', '--raw', '--subdir', 'DAGS_FOLDER/5.1-orchestration.py', '--cfg-path', '/tmp/tmp9mmdkhab']
[2023-09-18T13:03:11.424+0000] {standard_task_runner.py:85} INFO - Job 65: Subtask task1
[2023-09-18T13:03:11.536+0000] {task_command.py:415} INFO - Running <TaskInstance: 5.1-orchestration.task1 scheduled__2023-09-09T00:00:00+00:00 [running]> on host e891a57bf0af
[2023-09-18T13:03:11.804+0000] {taskinstance.py:1660} INFO - Exporting env vars: AIRFLOW_CTX_DAG_OWNER='***' AIRFLOW_CTX_DAG_ID='5.1-orchestration' AIRFLOW_CTX_TASK_ID='task1' AIRFLOW_CTX_EXECUTION_DATE='2023-09-09T00:00:00+00:00' AIRFLOW_CTX_TRY_NUMBER='1' AIRFLOW_CTX_DAG_RUN_ID='scheduled__2023-09-09T00:00:00+00:00'
[2023-09-18T13:03:11.859+0000] {subprocess.py:63} INFO - Tmp dir root location: /tmp
[2023-09-18T13:03:11.862+0000] {subprocess.py:75} INFO - Running command: ['/bin/bash', '-c', "sleep 2 && echo 'Task 1'"]
[2023-09-18T13:03:11.885+0000] {subprocess.py:86} INFO - Output:
[2023-09-18T13:03:13.976+0000] {subprocess.py:93} INFO - Task 1
[2023-09-18T13:03:13.979+0000] {subprocess.py:97} INFO - Command exited with return code 0
[2023-09-18T13:03:14.196+0000] {taskinstance.py:1398} INFO - Marking task as SUCCESS. dag_id=5.1-orchestration, task_id=task1, execution_date=20230909T000000, start_date=20230918T130311, end_date=20230918T130314
[2023-09-18T13:03:14.244+0000] {local_task_job_runner.py:228} INFO - Task exited with return code 0
[2023-09-18T13:03:14.307+0000] {taskinstance.py:2776} INFO - 1 downstream tasks scheduled from follow-on schedule check
[2023-09-18T13:23:59.056+0000] {taskinstance.py:1157} INFO - Dependencies all met for dep_context=non-requeueable deps ti=<TaskInstance: 5.1-orchestration.task1 scheduled__2023-09-09T00:00:00+00:00 [queued]>
[2023-09-18T13:23:59.081+0000] {taskinstance.py:1157} INFO - Dependencies all met for dep_context=requeueable deps ti=<TaskInstance: 5.1-orchestration.task1 scheduled__2023-09-09T00:00:00+00:00 [queued]>
[2023-09-18T13:23:59.081+0000] {taskinstance.py:1359} INFO - Starting attempt 1 of 1
[2023-09-18T13:23:59.105+0000] {taskinstance.py:1380} INFO - Executing <Task(BashOperator): task1> on 2023-09-09 00:00:00+00:00
[2023-09-18T13:23:59.110+0000] {standard_task_runner.py:57} INFO - Started process 3681 to run task
[2023-09-18T13:23:59.114+0000] {standard_task_runner.py:84} INFO - Running: ['***', 'tasks', 'run', '5.1-orchestration', 'task1', 'scheduled__2023-09-09T00:00:00+00:00', '--job-id', '141', '--raw', '--subdir', 'DAGS_FOLDER/5.1-orchestration.py', '--cfg-path', '/tmp/tmpvt9zf6rz']
[2023-09-18T13:23:59.116+0000] {standard_task_runner.py:85} INFO - Job 141: Subtask task1
[2023-09-18T13:23:59.181+0000] {task_command.py:415} INFO - Running <TaskInstance: 5.1-orchestration.task1 scheduled__2023-09-09T00:00:00+00:00 [running]> on host e891a57bf0af
[2023-09-18T13:23:59.293+0000] {taskinstance.py:1660} INFO - Exporting env vars: AIRFLOW_CTX_DAG_OWNER='***' AIRFLOW_CTX_DAG_ID='5.1-orchestration' AIRFLOW_CTX_TASK_ID='task1' AIRFLOW_CTX_EXECUTION_DATE='2023-09-09T00:00:00+00:00' AIRFLOW_CTX_TRY_NUMBER='1' AIRFLOW_CTX_DAG_RUN_ID='scheduled__2023-09-09T00:00:00+00:00'
[2023-09-18T13:23:59.296+0000] {subprocess.py:63} INFO - Tmp dir root location: /tmp
[2023-09-18T13:23:59.297+0000] {subprocess.py:75} INFO - Running command: ['/bin/bash', '-c', "sleep 2 && echo 'Task 1'"]
[2023-09-18T13:23:59.309+0000] {subprocess.py:86} INFO - Output:
[2023-09-18T13:24:01.313+0000] {subprocess.py:93} INFO - Task 1
[2023-09-18T13:24:01.314+0000] {subprocess.py:97} INFO - Command exited with return code 0
[2023-09-18T13:24:01.347+0000] {taskinstance.py:1398} INFO - Marking task as SUCCESS. dag_id=5.1-orchestration, task_id=task1, execution_date=20230909T000000, start_date=20230918T132359, end_date=20230918T132401
[2023-09-18T13:24:01.386+0000] {local_task_job_runner.py:228} INFO - Task exited with return code 0
[2023-09-18T13:24:01.423+0000] {taskinstance.py:2776} INFO - 1 downstream tasks scheduled from follow-on schedule check
