[2023-09-18T13:53:24.081+0000] {taskinstance.py:1157} INFO - Dependencies all met for dep_context=non-requeueable deps ti=<TaskInstance: 6.1-monitoring.task4 scheduled__2023-09-13T00:00:00+00:00 [queued]>
[2023-09-18T13:53:24.098+0000] {taskinstance.py:1157} INFO - Dependencies all met for dep_context=requeueable deps ti=<TaskInstance: 6.1-monitoring.task4 scheduled__2023-09-13T00:00:00+00:00 [queued]>
[2023-09-18T13:53:24.098+0000] {taskinstance.py:1359} INFO - Starting attempt 1 of 1
[2023-09-18T13:53:24.151+0000] {taskinstance.py:1380} INFO - Executing <Task(PythonOperator): task4> on 2023-09-13 00:00:00+00:00
[2023-09-18T13:53:24.167+0000] {standard_task_runner.py:57} INFO - Started process 5107 to run task
[2023-09-18T13:53:24.177+0000] {standard_task_runner.py:84} INFO - Running: ['***', 'tasks', 'run', '6.1-monitoring', 'task4', 'scheduled__2023-09-13T00:00:00+00:00', '--job-id', '412', '--raw', '--subdir', 'DAGS_FOLDER/6.1-monitoring.py', '--cfg-path', '/tmp/tmpn5nab_2s']
[2023-09-18T13:53:24.179+0000] {standard_task_runner.py:85} INFO - Job 412: Subtask task4
[2023-09-18T13:53:24.247+0000] {task_command.py:415} INFO - Running <TaskInstance: 6.1-monitoring.task4 scheduled__2023-09-13T00:00:00+00:00 [running]> on host e891a57bf0af
[2023-09-18T13:53:24.378+0000] {taskinstance.py:1660} INFO - Exporting env vars: AIRFLOW_CTX_DAG_OWNER='***' AIRFLOW_CTX_DAG_ID='6.1-monitoring' AIRFLOW_CTX_TASK_ID='task4' AIRFLOW_CTX_EXECUTION_DATE='2023-09-13T00:00:00+00:00' AIRFLOW_CTX_TRY_NUMBER='1' AIRFLOW_CTX_DAG_RUN_ID='scheduled__2023-09-13T00:00:00+00:00'
[2023-09-18T13:53:24.380+0000] {python.py:194} INFO - Done. Returned value was: None
[2023-09-18T13:53:24.396+0000] {taskinstance.py:1398} INFO - Marking task as SUCCESS. dag_id=6.1-monitoring, task_id=task4, execution_date=20230913T000000, start_date=20230918T135324, end_date=20230918T135324
[2023-09-18T13:53:24.432+0000] {local_task_job_runner.py:228} INFO - Task exited with return code 0
[2023-09-18T13:53:24.483+0000] {taskinstance.py:2776} INFO - 1 downstream tasks scheduled from follow-on schedule check
[2023-09-18T13:55:23.868+0000] {taskinstance.py:1157} INFO - Dependencies all met for dep_context=non-requeueable deps ti=<TaskInstance: 6.1-monitoring.task4 scheduled__2023-09-13T00:00:00+00:00 [queued]>
[2023-09-18T13:55:23.885+0000] {taskinstance.py:1157} INFO - Dependencies all met for dep_context=requeueable deps ti=<TaskInstance: 6.1-monitoring.task4 scheduled__2023-09-13T00:00:00+00:00 [queued]>
[2023-09-18T13:55:23.885+0000] {taskinstance.py:1359} INFO - Starting attempt 1 of 1
[2023-09-18T13:55:23.912+0000] {taskinstance.py:1380} INFO - Executing <Task(PythonOperator): task4> on 2023-09-13 00:00:00+00:00
[2023-09-18T13:55:23.929+0000] {standard_task_runner.py:57} INFO - Started process 5333 to run task
[2023-09-18T13:55:23.947+0000] {standard_task_runner.py:84} INFO - Running: ['***', 'tasks', 'run', '6.1-monitoring', 'task4', 'scheduled__2023-09-13T00:00:00+00:00', '--job-id', '465', '--raw', '--subdir', 'DAGS_FOLDER/6.1-monitoring.py', '--cfg-path', '/tmp/tmp1u259049']
[2023-09-18T13:55:23.971+0000] {standard_task_runner.py:85} INFO - Job 465: Subtask task4
[2023-09-18T13:55:24.347+0000] {task_command.py:415} INFO - Running <TaskInstance: 6.1-monitoring.task4 scheduled__2023-09-13T00:00:00+00:00 [running]> on host e891a57bf0af
[2023-09-18T13:55:24.729+0000] {taskinstance.py:1660} INFO - Exporting env vars: AIRFLOW_CTX_DAG_OWNER='***' AIRFLOW_CTX_DAG_ID='6.1-monitoring' AIRFLOW_CTX_TASK_ID='task4' AIRFLOW_CTX_EXECUTION_DATE='2023-09-13T00:00:00+00:00' AIRFLOW_CTX_TRY_NUMBER='1' AIRFLOW_CTX_DAG_RUN_ID='scheduled__2023-09-13T00:00:00+00:00'
[2023-09-18T13:55:24.731+0000] {python.py:194} INFO - Done. Returned value was: None
[2023-09-18T13:55:24.779+0000] {taskinstance.py:1398} INFO - Marking task as SUCCESS. dag_id=6.1-monitoring, task_id=task4, execution_date=20230913T000000, start_date=20230918T135523, end_date=20230918T135524
[2023-09-18T13:55:24.859+0000] {local_task_job_runner.py:228} INFO - Task exited with return code 0
[2023-09-18T13:55:25.022+0000] {taskinstance.py:2776} INFO - 0 downstream tasks scheduled from follow-on schedule check
