[2023-09-19T13:04:56.056+0000] {taskinstance.py:1157} INFO - Dependencies all met for dep_context=non-requeueable deps ti=<TaskInstance: 7.3-externalTaskSensor.waiting_file scheduled__2023-09-06T00:00:00+00:00 [queued]>
[2023-09-19T13:04:56.065+0000] {taskinstance.py:1157} INFO - Dependencies all met for dep_context=requeueable deps ti=<TaskInstance: 7.3-externalTaskSensor.waiting_file scheduled__2023-09-06T00:00:00+00:00 [queued]>
[2023-09-19T13:04:56.065+0000] {taskinstance.py:1359} INFO - Starting attempt 1 of 1
[2023-09-19T13:04:56.085+0000] {taskinstance.py:1380} INFO - Executing <Task(FileSensor): waiting_file> on 2023-09-06 00:00:00+00:00
[2023-09-19T13:04:56.092+0000] {standard_task_runner.py:57} INFO - Started process 1099 to run task
[2023-09-19T13:04:56.095+0000] {standard_task_runner.py:84} INFO - Running: ['***', 'tasks', 'run', '7.3-externalTaskSensor', 'waiting_file', 'scheduled__2023-09-06T00:00:00+00:00', '--job-id', '604', '--raw', '--subdir', 'DAGS_FOLDER/7.3-ExternalTaskSensor.py', '--cfg-path', '/tmp/tmp_wx0jkmv']
[2023-09-19T13:04:56.097+0000] {standard_task_runner.py:85} INFO - Job 604: Subtask waiting_file
[2023-09-19T13:04:56.147+0000] {task_command.py:415} INFO - Running <TaskInstance: 7.3-externalTaskSensor.waiting_file scheduled__2023-09-06T00:00:00+00:00 [running]> on host e891a57bf0af
[2023-09-19T13:04:56.227+0000] {taskinstance.py:1660} INFO - Exporting env vars: AIRFLOW_CTX_DAG_OWNER='***' AIRFLOW_CTX_DAG_ID='7.3-externalTaskSensor' AIRFLOW_CTX_TASK_ID='waiting_file' AIRFLOW_CTX_EXECUTION_DATE='2023-09-06T00:00:00+00:00' AIRFLOW_CTX_TRY_NUMBER='1' AIRFLOW_CTX_DAG_RUN_ID='scheduled__2023-09-06T00:00:00+00:00'
[2023-09-19T13:04:56.239+0000] {base.py:73} INFO - Using connection ID 'fs_default' for task execution.
[2023-09-19T13:04:56.241+0000] {filesystem.py:64} INFO - Poking for file /tmp/file.txt
[2023-09-19T13:04:56.243+0000] {filesystem.py:69} INFO - Found File /tmp/file.txt last modified: 20230919130243
[2023-09-19T13:04:56.244+0000] {base.py:287} INFO - Success criteria met. Exiting.
[2023-09-19T13:04:56.254+0000] {taskinstance.py:1398} INFO - Marking task as SUCCESS. dag_id=7.3-externalTaskSensor, task_id=waiting_file, execution_date=20230906T000000, start_date=20230919T130456, end_date=20230919T130456
[2023-09-19T13:04:56.308+0000] {local_task_job_runner.py:228} INFO - Task exited with return code 0
[2023-09-19T13:04:56.337+0000] {taskinstance.py:2776} INFO - 1 downstream tasks scheduled from follow-on schedule check
[2023-09-19T13:39:20.750+0000] {taskinstance.py:1157} INFO - Dependencies all met for dep_context=non-requeueable deps ti=<TaskInstance: 7.3-externalTaskSensor.waiting_file scheduled__2023-09-06T00:00:00+00:00 [queued]>
[2023-09-19T13:39:20.763+0000] {taskinstance.py:1157} INFO - Dependencies all met for dep_context=requeueable deps ti=<TaskInstance: 7.3-externalTaskSensor.waiting_file scheduled__2023-09-06T00:00:00+00:00 [queued]>
[2023-09-19T13:39:20.763+0000] {taskinstance.py:1359} INFO - Starting attempt 1 of 1
[2023-09-19T13:39:20.785+0000] {taskinstance.py:1380} INFO - Executing <Task(FileSensor): waiting_file> on 2023-09-06 00:00:00+00:00
[2023-09-19T13:39:20.790+0000] {standard_task_runner.py:57} INFO - Started process 1707 to run task
[2023-09-19T13:39:20.793+0000] {standard_task_runner.py:84} INFO - Running: ['***', 'tasks', 'run', '7.3-externalTaskSensor', 'waiting_file', 'scheduled__2023-09-06T00:00:00+00:00', '--job-id', '629', '--raw', '--subdir', 'DAGS_FOLDER/7.3-ExternalTaskSensor.py', '--cfg-path', '/tmp/tmpx5jscr76']
[2023-09-19T13:39:20.795+0000] {standard_task_runner.py:85} INFO - Job 629: Subtask waiting_file
[2023-09-19T13:39:20.847+0000] {task_command.py:415} INFO - Running <TaskInstance: 7.3-externalTaskSensor.waiting_file scheduled__2023-09-06T00:00:00+00:00 [running]> on host e891a57bf0af
[2023-09-19T13:39:20.938+0000] {taskinstance.py:1660} INFO - Exporting env vars: AIRFLOW_CTX_DAG_OWNER='***' AIRFLOW_CTX_DAG_ID='7.3-externalTaskSensor' AIRFLOW_CTX_TASK_ID='waiting_file' AIRFLOW_CTX_EXECUTION_DATE='2023-09-06T00:00:00+00:00' AIRFLOW_CTX_TRY_NUMBER='1' AIRFLOW_CTX_DAG_RUN_ID='scheduled__2023-09-06T00:00:00+00:00'
[2023-09-19T13:39:20.947+0000] {base.py:73} INFO - Using connection ID 'fs_default' for task execution.
[2023-09-19T13:39:20.948+0000] {filesystem.py:64} INFO - Poking for file /tmp/file.txt
[2023-09-19T13:39:20.949+0000] {filesystem.py:69} INFO - Found File /tmp/file.txt last modified: 20230919133919
[2023-09-19T13:39:20.949+0000] {base.py:287} INFO - Success criteria met. Exiting.
[2023-09-19T13:39:20.959+0000] {taskinstance.py:1398} INFO - Marking task as SUCCESS. dag_id=7.3-externalTaskSensor, task_id=waiting_file, execution_date=20230906T000000, start_date=20230919T133920, end_date=20230919T133920
[2023-09-19T13:39:21.006+0000] {local_task_job_runner.py:228} INFO - Task exited with return code 0
[2023-09-19T13:39:21.034+0000] {taskinstance.py:2776} INFO - 1 downstream tasks scheduled from follow-on schedule check
