[2023-09-18T13:03:15.390+0000] {taskinstance.py:1157} INFO - Dependencies all met for dep_context=non-requeueable deps ti=<TaskInstance: 5.1-orchestration.task4 scheduled__2023-09-08T00:00:00+00:00 [queued]>
[2023-09-18T13:03:15.410+0000] {taskinstance.py:1157} INFO - Dependencies all met for dep_context=requeueable deps ti=<TaskInstance: 5.1-orchestration.task4 scheduled__2023-09-08T00:00:00+00:00 [queued]>
[2023-09-18T13:03:15.411+0000] {taskinstance.py:1359} INFO - Starting attempt 1 of 1
[2023-09-18T13:03:15.429+0000] {taskinstance.py:1380} INFO - Executing <Task(BashOperator): task4> on 2023-09-08 00:00:00+00:00
[2023-09-18T13:03:15.436+0000] {standard_task_runner.py:57} INFO - Started process 3083 to run task
[2023-09-18T13:03:15.442+0000] {standard_task_runner.py:84} INFO - Running: ['***', 'tasks', 'run', '5.1-orchestration', 'task4', 'scheduled__2023-09-08T00:00:00+00:00', '--job-id', '68', '--raw', '--subdir', 'DAGS_FOLDER/5.1-orchestration.py', '--cfg-path', '/tmp/tmpeso07orq']
[2023-09-18T13:03:15.444+0000] {standard_task_runner.py:85} INFO - Job 68: Subtask task4
[2023-09-18T13:03:15.514+0000] {task_command.py:415} INFO - Running <TaskInstance: 5.1-orchestration.task4 scheduled__2023-09-08T00:00:00+00:00 [running]> on host e891a57bf0af
[2023-09-18T13:03:15.629+0000] {taskinstance.py:1660} INFO - Exporting env vars: AIRFLOW_CTX_DAG_OWNER='***' AIRFLOW_CTX_DAG_ID='5.1-orchestration' AIRFLOW_CTX_TASK_ID='task4' AIRFLOW_CTX_EXECUTION_DATE='2023-09-08T00:00:00+00:00' AIRFLOW_CTX_TRY_NUMBER='1' AIRFLOW_CTX_DAG_RUN_ID='scheduled__2023-09-08T00:00:00+00:00'
[2023-09-18T13:03:15.664+0000] {subprocess.py:63} INFO - Tmp dir root location: /tmp
[2023-09-18T13:03:15.666+0000] {subprocess.py:75} INFO - Running command: ['/bin/bash', '-c', "sleep 2 && echo 'Task 4'"]
[2023-09-18T13:03:15.687+0000] {subprocess.py:86} INFO - Output:
[2023-09-18T13:03:17.769+0000] {subprocess.py:93} INFO - Task 4
[2023-09-18T13:03:17.787+0000] {subprocess.py:97} INFO - Command exited with return code 0
[2023-09-18T13:03:18.725+0000] {taskinstance.py:1398} INFO - Marking task as SUCCESS. dag_id=5.1-orchestration, task_id=task4, execution_date=20230908T000000, start_date=20230918T130315, end_date=20230918T130318
[2023-09-18T13:03:18.787+0000] {local_task_job_runner.py:228} INFO - Task exited with return code 0
[2023-09-18T13:03:18.819+0000] {taskinstance.py:2776} INFO - 0 downstream tasks scheduled from follow-on schedule check
[2023-09-18T13:23:55.116+0000] {taskinstance.py:1157} INFO - Dependencies all met for dep_context=non-requeueable deps ti=<TaskInstance: 5.1-orchestration.task4 scheduled__2023-09-08T00:00:00+00:00 [queued]>
[2023-09-18T13:23:55.229+0000] {taskinstance.py:1157} INFO - Dependencies all met for dep_context=requeueable deps ti=<TaskInstance: 5.1-orchestration.task4 scheduled__2023-09-08T00:00:00+00:00 [queued]>
[2023-09-18T13:23:55.230+0000] {taskinstance.py:1359} INFO - Starting attempt 1 of 1
[2023-09-18T13:23:55.251+0000] {taskinstance.py:1380} INFO - Executing <Task(BashOperator): task4> on 2023-09-08 00:00:00+00:00
[2023-09-18T13:23:55.258+0000] {standard_task_runner.py:57} INFO - Started process 3674 to run task
[2023-09-18T13:23:55.261+0000] {standard_task_runner.py:84} INFO - Running: ['***', 'tasks', 'run', '5.1-orchestration', 'task4', 'scheduled__2023-09-08T00:00:00+00:00', '--job-id', '139', '--raw', '--subdir', 'DAGS_FOLDER/5.1-orchestration.py', '--cfg-path', '/tmp/tmp808km355']
[2023-09-18T13:23:55.263+0000] {standard_task_runner.py:85} INFO - Job 139: Subtask task4
[2023-09-18T13:23:55.320+0000] {task_command.py:415} INFO - Running <TaskInstance: 5.1-orchestration.task4 scheduled__2023-09-08T00:00:00+00:00 [running]> on host e891a57bf0af
[2023-09-18T13:23:55.423+0000] {taskinstance.py:1660} INFO - Exporting env vars: AIRFLOW_CTX_DAG_OWNER='***' AIRFLOW_CTX_DAG_ID='5.1-orchestration' AIRFLOW_CTX_TASK_ID='task4' AIRFLOW_CTX_EXECUTION_DATE='2023-09-08T00:00:00+00:00' AIRFLOW_CTX_TRY_NUMBER='1' AIRFLOW_CTX_DAG_RUN_ID='scheduled__2023-09-08T00:00:00+00:00'
[2023-09-18T13:23:55.425+0000] {subprocess.py:63} INFO - Tmp dir root location: /tmp
[2023-09-18T13:23:55.426+0000] {subprocess.py:75} INFO - Running command: ['/bin/bash', '-c', "sleep 2 && echo 'Task 4'"]
[2023-09-18T13:23:55.437+0000] {subprocess.py:86} INFO - Output:
[2023-09-18T13:23:57.441+0000] {subprocess.py:93} INFO - Task 4
[2023-09-18T13:23:57.442+0000] {subprocess.py:97} INFO - Command exited with return code 0
[2023-09-18T13:23:57.471+0000] {taskinstance.py:1398} INFO - Marking task as SUCCESS. dag_id=5.1-orchestration, task_id=task4, execution_date=20230908T000000, start_date=20230918T132355, end_date=20230918T132357
[2023-09-18T13:23:57.531+0000] {local_task_job_runner.py:228} INFO - Task exited with return code 0
[2023-09-18T13:23:57.551+0000] {taskinstance.py:2776} INFO - 0 downstream tasks scheduled from follow-on schedule check
