[2023-09-18T13:02:50.378+0000] {taskinstance.py:1157} INFO - Dependencies all met for dep_context=non-requeueable deps ti=<TaskInstance: 5.1-orchestration.task3 scheduled__2023-09-01T00:00:00+00:00 [queued]>
[2023-09-18T13:02:50.391+0000] {taskinstance.py:1157} INFO - Dependencies all met for dep_context=requeueable deps ti=<TaskInstance: 5.1-orchestration.task3 scheduled__2023-09-01T00:00:00+00:00 [queued]>
[2023-09-18T13:02:50.392+0000] {taskinstance.py:1359} INFO - Starting attempt 1 of 1
[2023-09-18T13:02:50.408+0000] {taskinstance.py:1380} INFO - Executing <Task(BashOperator): task3> on 2023-09-01 00:00:00+00:00
[2023-09-18T13:02:50.413+0000] {standard_task_runner.py:57} INFO - Started process 2969 to run task
[2023-09-18T13:02:50.420+0000] {standard_task_runner.py:84} INFO - Running: ['***', 'tasks', 'run', '5.1-orchestration', 'task3', 'scheduled__2023-09-01T00:00:00+00:00', '--job-id', '43', '--raw', '--subdir', 'DAGS_FOLDER/5.1-orchestration.py', '--cfg-path', '/tmp/tmpq1_ot27l']
[2023-09-18T13:02:50.423+0000] {standard_task_runner.py:85} INFO - Job 43: Subtask task3
[2023-09-18T13:02:50.495+0000] {task_command.py:415} INFO - Running <TaskInstance: 5.1-orchestration.task3 scheduled__2023-09-01T00:00:00+00:00 [running]> on host e891a57bf0af
[2023-09-18T13:02:50.591+0000] {taskinstance.py:1660} INFO - Exporting env vars: AIRFLOW_CTX_DAG_OWNER='***' AIRFLOW_CTX_DAG_ID='5.1-orchestration' AIRFLOW_CTX_TASK_ID='task3' AIRFLOW_CTX_EXECUTION_DATE='2023-09-01T00:00:00+00:00' AIRFLOW_CTX_TRY_NUMBER='1' AIRFLOW_CTX_DAG_RUN_ID='scheduled__2023-09-01T00:00:00+00:00'
[2023-09-18T13:02:50.612+0000] {subprocess.py:63} INFO - Tmp dir root location: /tmp
[2023-09-18T13:02:50.615+0000] {subprocess.py:75} INFO - Running command: ['/bin/bash', '-c', "sleep 2 && echo 'Task 3'"]
[2023-09-18T13:02:50.633+0000] {subprocess.py:86} INFO - Output:
[2023-09-18T13:02:52.646+0000] {subprocess.py:93} INFO - Task 3
[2023-09-18T13:02:52.647+0000] {subprocess.py:97} INFO - Command exited with return code 0
[2023-09-18T13:02:52.696+0000] {taskinstance.py:1398} INFO - Marking task as SUCCESS. dag_id=5.1-orchestration, task_id=task3, execution_date=20230901T000000, start_date=20230918T130250, end_date=20230918T130252
[2023-09-18T13:02:52.732+0000] {local_task_job_runner.py:228} INFO - Task exited with return code 0
[2023-09-18T13:02:53.049+0000] {taskinstance.py:2776} INFO - 0 downstream tasks scheduled from follow-on schedule check
[2023-09-18T13:22:38.552+0000] {taskinstance.py:1157} INFO - Dependencies all met for dep_context=non-requeueable deps ti=<TaskInstance: 5.1-orchestration.task3 scheduled__2023-09-01T00:00:00+00:00 [queued]>
[2023-09-18T13:22:38.573+0000] {taskinstance.py:1157} INFO - Dependencies all met for dep_context=requeueable deps ti=<TaskInstance: 5.1-orchestration.task3 scheduled__2023-09-01T00:00:00+00:00 [queued]>
[2023-09-18T13:22:38.574+0000] {taskinstance.py:1359} INFO - Starting attempt 1 of 1
[2023-09-18T13:22:38.596+0000] {taskinstance.py:1380} INFO - Executing <Task(BashOperator): task3> on 2023-09-01 00:00:00+00:00
[2023-09-18T13:22:38.603+0000] {standard_task_runner.py:57} INFO - Started process 3546 to run task
[2023-09-18T13:22:38.608+0000] {standard_task_runner.py:84} INFO - Running: ['***', 'tasks', 'run', '5.1-orchestration', 'task3', 'scheduled__2023-09-01T00:00:00+00:00', '--job-id', '112', '--raw', '--subdir', 'DAGS_FOLDER/5.1-orchestration.py', '--cfg-path', '/tmp/tmp4qvox7hr']
[2023-09-18T13:22:38.609+0000] {standard_task_runner.py:85} INFO - Job 112: Subtask task3
[2023-09-18T13:22:38.666+0000] {task_command.py:415} INFO - Running <TaskInstance: 5.1-orchestration.task3 scheduled__2023-09-01T00:00:00+00:00 [running]> on host e891a57bf0af
[2023-09-18T13:22:38.759+0000] {taskinstance.py:1660} INFO - Exporting env vars: AIRFLOW_CTX_DAG_OWNER='***' AIRFLOW_CTX_DAG_ID='5.1-orchestration' AIRFLOW_CTX_TASK_ID='task3' AIRFLOW_CTX_EXECUTION_DATE='2023-09-01T00:00:00+00:00' AIRFLOW_CTX_TRY_NUMBER='1' AIRFLOW_CTX_DAG_RUN_ID='scheduled__2023-09-01T00:00:00+00:00'
[2023-09-18T13:22:38.762+0000] {subprocess.py:63} INFO - Tmp dir root location: /tmp
[2023-09-18T13:22:38.764+0000] {subprocess.py:75} INFO - Running command: ['/bin/bash', '-c', "sleep 2 && echo 'Task 3'"]
[2023-09-18T13:22:38.777+0000] {subprocess.py:86} INFO - Output:
[2023-09-18T13:22:40.782+0000] {subprocess.py:93} INFO - Task 3
[2023-09-18T13:22:40.783+0000] {subprocess.py:97} INFO - Command exited with return code 0
[2023-09-18T13:22:40.814+0000] {taskinstance.py:1398} INFO - Marking task as SUCCESS. dag_id=5.1-orchestration, task_id=task3, execution_date=20230901T000000, start_date=20230918T132238, end_date=20230918T132240
[2023-09-18T13:22:40.869+0000] {local_task_job_runner.py:228} INFO - Task exited with return code 0
[2023-09-18T13:22:40.887+0000] {taskinstance.py:2776} INFO - 0 downstream tasks scheduled from follow-on schedule check
