[2023-09-18T13:03:15.388+0000] {taskinstance.py:1157} INFO - Dependencies all met for dep_context=non-requeueable deps ti=<TaskInstance: 5.1-orchestration.task1 scheduled__2023-09-10T00:00:00+00:00 [queued]>
[2023-09-18T13:03:15.410+0000] {taskinstance.py:1157} INFO - Dependencies all met for dep_context=requeueable deps ti=<TaskInstance: 5.1-orchestration.task1 scheduled__2023-09-10T00:00:00+00:00 [queued]>
[2023-09-18T13:03:15.411+0000] {taskinstance.py:1359} INFO - Starting attempt 1 of 1
[2023-09-18T13:03:15.428+0000] {taskinstance.py:1380} INFO - Executing <Task(BashOperator): task1> on 2023-09-10 00:00:00+00:00
[2023-09-18T13:03:15.436+0000] {standard_task_runner.py:57} INFO - Started process 3084 to run task
[2023-09-18T13:03:15.441+0000] {standard_task_runner.py:84} INFO - Running: ['***', 'tasks', 'run', '5.1-orchestration', 'task1', 'scheduled__2023-09-10T00:00:00+00:00', '--job-id', '70', '--raw', '--subdir', 'DAGS_FOLDER/5.1-orchestration.py', '--cfg-path', '/tmp/tmpmraf9olf']
[2023-09-18T13:03:15.443+0000] {standard_task_runner.py:85} INFO - Job 70: Subtask task1
[2023-09-18T13:03:15.521+0000] {task_command.py:415} INFO - Running <TaskInstance: 5.1-orchestration.task1 scheduled__2023-09-10T00:00:00+00:00 [running]> on host e891a57bf0af
[2023-09-18T13:03:15.644+0000] {taskinstance.py:1660} INFO - Exporting env vars: AIRFLOW_CTX_DAG_OWNER='***' AIRFLOW_CTX_DAG_ID='5.1-orchestration' AIRFLOW_CTX_TASK_ID='task1' AIRFLOW_CTX_EXECUTION_DATE='2023-09-10T00:00:00+00:00' AIRFLOW_CTX_TRY_NUMBER='1' AIRFLOW_CTX_DAG_RUN_ID='scheduled__2023-09-10T00:00:00+00:00'
[2023-09-18T13:03:15.664+0000] {subprocess.py:63} INFO - Tmp dir root location: /tmp
[2023-09-18T13:03:15.667+0000] {subprocess.py:75} INFO - Running command: ['/bin/bash', '-c', "sleep 2 && echo 'Task 1'"]
[2023-09-18T13:03:15.687+0000] {subprocess.py:86} INFO - Output:
[2023-09-18T13:03:17.769+0000] {subprocess.py:93} INFO - Task 1
[2023-09-18T13:03:17.787+0000] {subprocess.py:97} INFO - Command exited with return code 0
[2023-09-18T13:03:18.728+0000] {taskinstance.py:1398} INFO - Marking task as SUCCESS. dag_id=5.1-orchestration, task_id=task1, execution_date=20230910T000000, start_date=20230918T130315, end_date=20230918T130318
[2023-09-18T13:03:18.788+0000] {local_task_job_runner.py:228} INFO - Task exited with return code 0
[2023-09-18T13:03:18.850+0000] {taskinstance.py:2776} INFO - 1 downstream tasks scheduled from follow-on schedule check
[2023-09-18T13:24:10.943+0000] {taskinstance.py:1157} INFO - Dependencies all met for dep_context=non-requeueable deps ti=<TaskInstance: 5.1-orchestration.task1 scheduled__2023-09-10T00:00:00+00:00 [queued]>
[2023-09-18T13:24:11.069+0000] {taskinstance.py:1157} INFO - Dependencies all met for dep_context=requeueable deps ti=<TaskInstance: 5.1-orchestration.task1 scheduled__2023-09-10T00:00:00+00:00 [queued]>
[2023-09-18T13:24:11.070+0000] {taskinstance.py:1359} INFO - Starting attempt 1 of 1
[2023-09-18T13:24:11.095+0000] {taskinstance.py:1380} INFO - Executing <Task(BashOperator): task1> on 2023-09-10 00:00:00+00:00
[2023-09-18T13:24:11.100+0000] {standard_task_runner.py:57} INFO - Started process 3705 to run task
[2023-09-18T13:24:11.104+0000] {standard_task_runner.py:84} INFO - Running: ['***', 'tasks', 'run', '5.1-orchestration', 'task1', 'scheduled__2023-09-10T00:00:00+00:00', '--job-id', '145', '--raw', '--subdir', 'DAGS_FOLDER/5.1-orchestration.py', '--cfg-path', '/tmp/tmpfml72mjn']
[2023-09-18T13:24:11.106+0000] {standard_task_runner.py:85} INFO - Job 145: Subtask task1
[2023-09-18T13:24:11.188+0000] {task_command.py:415} INFO - Running <TaskInstance: 5.1-orchestration.task1 scheduled__2023-09-10T00:00:00+00:00 [running]> on host e891a57bf0af
[2023-09-18T13:24:11.299+0000] {taskinstance.py:1660} INFO - Exporting env vars: AIRFLOW_CTX_DAG_OWNER='***' AIRFLOW_CTX_DAG_ID='5.1-orchestration' AIRFLOW_CTX_TASK_ID='task1' AIRFLOW_CTX_EXECUTION_DATE='2023-09-10T00:00:00+00:00' AIRFLOW_CTX_TRY_NUMBER='1' AIRFLOW_CTX_DAG_RUN_ID='scheduled__2023-09-10T00:00:00+00:00'
[2023-09-18T13:24:11.300+0000] {subprocess.py:63} INFO - Tmp dir root location: /tmp
[2023-09-18T13:24:11.301+0000] {subprocess.py:75} INFO - Running command: ['/bin/bash', '-c', "sleep 2 && echo 'Task 1'"]
[2023-09-18T13:24:11.316+0000] {subprocess.py:86} INFO - Output:
[2023-09-18T13:24:13.321+0000] {subprocess.py:93} INFO - Task 1
[2023-09-18T13:24:13.324+0000] {subprocess.py:97} INFO - Command exited with return code 0
[2023-09-18T13:24:13.357+0000] {taskinstance.py:1398} INFO - Marking task as SUCCESS. dag_id=5.1-orchestration, task_id=task1, execution_date=20230910T000000, start_date=20230918T132411, end_date=20230918T132413
[2023-09-18T13:24:13.409+0000] {local_task_job_runner.py:228} INFO - Task exited with return code 0
[2023-09-18T13:24:13.450+0000] {taskinstance.py:2776} INFO - 1 downstream tasks scheduled from follow-on schedule check
