[2023-09-18T13:46:23.545+0000] {taskinstance.py:1157} INFO - Dependencies all met for dep_context=non-requeueable deps ti=<TaskInstance: 6.1-monitoring.task1 scheduled__2023-08-29T00:00:00+00:00 [queued]>
[2023-09-18T13:46:23.646+0000] {taskinstance.py:1157} INFO - Dependencies all met for dep_context=requeueable deps ti=<TaskInstance: 6.1-monitoring.task1 scheduled__2023-08-29T00:00:00+00:00 [queued]>
[2023-09-18T13:46:23.653+0000] {taskinstance.py:1359} INFO - Starting attempt 1 of 1
[2023-09-18T13:46:24.068+0000] {taskinstance.py:1380} INFO - Executing <Task(BashOperator): task1> on 2023-08-29 00:00:00+00:00
[2023-09-18T13:46:24.088+0000] {standard_task_runner.py:57} INFO - Started process 4356 to run task
[2023-09-18T13:46:24.098+0000] {standard_task_runner.py:84} INFO - Running: ['***', 'tasks', 'run', '6.1-monitoring', 'task1', 'scheduled__2023-08-29T00:00:00+00:00', '--job-id', '227', '--raw', '--subdir', 'DAGS_FOLDER/6.1-monitoring.py', '--cfg-path', '/tmp/tmpgbf22mrb']
[2023-09-18T13:46:24.117+0000] {standard_task_runner.py:85} INFO - Job 227: Subtask task1
[2023-09-18T13:46:24.341+0000] {task_command.py:415} INFO - Running <TaskInstance: 6.1-monitoring.task1 scheduled__2023-08-29T00:00:00+00:00 [running]> on host e891a57bf0af
[2023-09-18T13:46:24.676+0000] {taskinstance.py:1660} INFO - Exporting env vars: AIRFLOW_CTX_DAG_OWNER='***' AIRFLOW_CTX_DAG_ID='6.1-monitoring' AIRFLOW_CTX_TASK_ID='task1' AIRFLOW_CTX_EXECUTION_DATE='2023-08-29T00:00:00+00:00' AIRFLOW_CTX_TRY_NUMBER='1' AIRFLOW_CTX_DAG_RUN_ID='scheduled__2023-08-29T00:00:00+00:00'
[2023-09-18T13:46:24.687+0000] {subprocess.py:63} INFO - Tmp dir root location: /tmp
[2023-09-18T13:46:24.693+0000] {subprocess.py:75} INFO - Running command: ['/bin/bash', '-c', "sleep 2 && echo 'Task 1'"]
[2023-09-18T13:46:24.722+0000] {subprocess.py:86} INFO - Output:
[2023-09-18T13:46:26.743+0000] {subprocess.py:93} INFO - Task 1
[2023-09-18T13:46:26.758+0000] {subprocess.py:97} INFO - Command exited with return code 0
[2023-09-18T13:46:26.992+0000] {taskinstance.py:1398} INFO - Marking task as SUCCESS. dag_id=6.1-monitoring, task_id=task1, execution_date=20230829T000000, start_date=20230918T134623, end_date=20230918T134626
[2023-09-18T13:46:27.098+0000] {local_task_job_runner.py:228} INFO - Task exited with return code 0
[2023-09-18T13:46:27.223+0000] {taskinstance.py:2776} INFO - 1 downstream tasks scheduled from follow-on schedule check
[2023-09-18T13:52:25.041+0000] {taskinstance.py:1157} INFO - Dependencies all met for dep_context=non-requeueable deps ti=<TaskInstance: 6.1-monitoring.task1 scheduled__2023-08-29T00:00:00+00:00 [queued]>
[2023-09-18T13:52:25.057+0000] {taskinstance.py:1157} INFO - Dependencies all met for dep_context=requeueable deps ti=<TaskInstance: 6.1-monitoring.task1 scheduled__2023-08-29T00:00:00+00:00 [queued]>
[2023-09-18T13:52:25.058+0000] {taskinstance.py:1359} INFO - Starting attempt 1 of 1
[2023-09-18T13:52:25.076+0000] {taskinstance.py:1380} INFO - Executing <Task(BashOperator): task1> on 2023-08-29 00:00:00+00:00
[2023-09-18T13:52:25.080+0000] {standard_task_runner.py:57} INFO - Started process 4870 to run task
[2023-09-18T13:52:25.084+0000] {standard_task_runner.py:84} INFO - Running: ['***', 'tasks', 'run', '6.1-monitoring', 'task1', 'scheduled__2023-08-29T00:00:00+00:00', '--job-id', '348', '--raw', '--subdir', 'DAGS_FOLDER/6.1-monitoring.py', '--cfg-path', '/tmp/tmp1h_07fx_']
[2023-09-18T13:52:25.086+0000] {standard_task_runner.py:85} INFO - Job 348: Subtask task1
[2023-09-18T13:52:25.141+0000] {task_command.py:415} INFO - Running <TaskInstance: 6.1-monitoring.task1 scheduled__2023-08-29T00:00:00+00:00 [running]> on host e891a57bf0af
[2023-09-18T13:52:25.242+0000] {taskinstance.py:1660} INFO - Exporting env vars: AIRFLOW_CTX_DAG_OWNER='***' AIRFLOW_CTX_DAG_ID='6.1-monitoring' AIRFLOW_CTX_TASK_ID='task1' AIRFLOW_CTX_EXECUTION_DATE='2023-08-29T00:00:00+00:00' AIRFLOW_CTX_TRY_NUMBER='1' AIRFLOW_CTX_DAG_RUN_ID='scheduled__2023-08-29T00:00:00+00:00'
[2023-09-18T13:52:25.244+0000] {subprocess.py:63} INFO - Tmp dir root location: /tmp
[2023-09-18T13:52:25.245+0000] {subprocess.py:75} INFO - Running command: ['/bin/bash', '-c', "sleep 2 && echo 'Task 1'"]
[2023-09-18T13:52:25.257+0000] {subprocess.py:86} INFO - Output:
[2023-09-18T13:52:27.262+0000] {subprocess.py:93} INFO - Task 1
[2023-09-18T13:52:27.263+0000] {subprocess.py:97} INFO - Command exited with return code 0
[2023-09-18T13:52:27.307+0000] {taskinstance.py:1398} INFO - Marking task as SUCCESS. dag_id=6.1-monitoring, task_id=task1, execution_date=20230829T000000, start_date=20230918T135225, end_date=20230918T135227
[2023-09-18T13:52:26.342+0000] {local_task_job_runner.py:228} INFO - Task exited with return code 0
[2023-09-18T13:52:26.407+0000] {taskinstance.py:2776} INFO - 1 downstream tasks scheduled from follow-on schedule check
