[2023-09-18T13:03:20.483+0000] {taskinstance.py:1157} INFO - Dependencies all met for dep_context=non-requeueable deps ti=<TaskInstance: 5.1-orchestration.task1 scheduled__2023-09-11T00:00:00+00:00 [queued]>
[2023-09-18T13:03:20.500+0000] {taskinstance.py:1157} INFO - Dependencies all met for dep_context=requeueable deps ti=<TaskInstance: 5.1-orchestration.task1 scheduled__2023-09-11T00:00:00+00:00 [queued]>
[2023-09-18T13:03:20.501+0000] {taskinstance.py:1359} INFO - Starting attempt 1 of 1
[2023-09-18T13:03:20.519+0000] {taskinstance.py:1380} INFO - Executing <Task(BashOperator): task1> on 2023-09-11 00:00:00+00:00
[2023-09-18T13:03:20.525+0000] {standard_task_runner.py:57} INFO - Started process 3101 to run task
[2023-09-18T13:03:20.530+0000] {standard_task_runner.py:84} INFO - Running: ['***', 'tasks', 'run', '5.1-orchestration', 'task1', 'scheduled__2023-09-11T00:00:00+00:00', '--job-id', '75', '--raw', '--subdir', 'DAGS_FOLDER/5.1-orchestration.py', '--cfg-path', '/tmp/tmpgg0l58mq']
[2023-09-18T13:03:20.531+0000] {standard_task_runner.py:85} INFO - Job 75: Subtask task1
[2023-09-18T13:03:20.592+0000] {task_command.py:415} INFO - Running <TaskInstance: 5.1-orchestration.task1 scheduled__2023-09-11T00:00:00+00:00 [running]> on host e891a57bf0af
[2023-09-18T13:03:20.719+0000] {taskinstance.py:1660} INFO - Exporting env vars: AIRFLOW_CTX_DAG_OWNER='***' AIRFLOW_CTX_DAG_ID='5.1-orchestration' AIRFLOW_CTX_TASK_ID='task1' AIRFLOW_CTX_EXECUTION_DATE='2023-09-11T00:00:00+00:00' AIRFLOW_CTX_TRY_NUMBER='1' AIRFLOW_CTX_DAG_RUN_ID='scheduled__2023-09-11T00:00:00+00:00'
[2023-09-18T13:03:20.722+0000] {subprocess.py:63} INFO - Tmp dir root location: /tmp
[2023-09-18T13:03:20.723+0000] {subprocess.py:75} INFO - Running command: ['/bin/bash', '-c', "sleep 2 && echo 'Task 1'"]
[2023-09-18T13:03:20.744+0000] {subprocess.py:86} INFO - Output:
[2023-09-18T13:03:22.776+0000] {subprocess.py:93} INFO - Task 1
[2023-09-18T13:03:22.778+0000] {subprocess.py:97} INFO - Command exited with return code 0
[2023-09-18T13:03:22.874+0000] {taskinstance.py:1398} INFO - Marking task as SUCCESS. dag_id=5.1-orchestration, task_id=task1, execution_date=20230911T000000, start_date=20230918T130320, end_date=20230918T130322
[2023-09-18T13:03:22.922+0000] {local_task_job_runner.py:228} INFO - Task exited with return code 0
[2023-09-18T13:03:22.977+0000] {taskinstance.py:2776} INFO - 1 downstream tasks scheduled from follow-on schedule check
[2023-09-18T13:24:22.023+0000] {taskinstance.py:1157} INFO - Dependencies all met for dep_context=non-requeueable deps ti=<TaskInstance: 5.1-orchestration.task1 scheduled__2023-09-11T00:00:00+00:00 [queued]>
[2023-09-18T13:24:22.037+0000] {taskinstance.py:1157} INFO - Dependencies all met for dep_context=requeueable deps ti=<TaskInstance: 5.1-orchestration.task1 scheduled__2023-09-11T00:00:00+00:00 [queued]>
[2023-09-18T13:24:22.038+0000] {taskinstance.py:1359} INFO - Starting attempt 1 of 1
[2023-09-18T13:24:22.058+0000] {taskinstance.py:1380} INFO - Executing <Task(BashOperator): task1> on 2023-09-11 00:00:00+00:00
[2023-09-18T13:24:22.062+0000] {standard_task_runner.py:57} INFO - Started process 3721 to run task
[2023-09-18T13:24:22.066+0000] {standard_task_runner.py:84} INFO - Running: ['***', 'tasks', 'run', '5.1-orchestration', 'task1', 'scheduled__2023-09-11T00:00:00+00:00', '--job-id', '149', '--raw', '--subdir', 'DAGS_FOLDER/5.1-orchestration.py', '--cfg-path', '/tmp/tmp1hifujjb']
[2023-09-18T13:24:22.068+0000] {standard_task_runner.py:85} INFO - Job 149: Subtask task1
[2023-09-18T13:24:22.119+0000] {task_command.py:415} INFO - Running <TaskInstance: 5.1-orchestration.task1 scheduled__2023-09-11T00:00:00+00:00 [running]> on host e891a57bf0af
[2023-09-18T13:24:22.207+0000] {taskinstance.py:1660} INFO - Exporting env vars: AIRFLOW_CTX_DAG_OWNER='***' AIRFLOW_CTX_DAG_ID='5.1-orchestration' AIRFLOW_CTX_TASK_ID='task1' AIRFLOW_CTX_EXECUTION_DATE='2023-09-11T00:00:00+00:00' AIRFLOW_CTX_TRY_NUMBER='1' AIRFLOW_CTX_DAG_RUN_ID='scheduled__2023-09-11T00:00:00+00:00'
[2023-09-18T13:24:22.209+0000] {subprocess.py:63} INFO - Tmp dir root location: /tmp
[2023-09-18T13:24:22.210+0000] {subprocess.py:75} INFO - Running command: ['/bin/bash', '-c', "sleep 2 && echo 'Task 1'"]
[2023-09-18T13:24:22.220+0000] {subprocess.py:86} INFO - Output:
[2023-09-18T13:24:24.224+0000] {subprocess.py:93} INFO - Task 1
[2023-09-18T13:24:24.225+0000] {subprocess.py:97} INFO - Command exited with return code 0
[2023-09-18T13:24:24.256+0000] {taskinstance.py:1398} INFO - Marking task as SUCCESS. dag_id=5.1-orchestration, task_id=task1, execution_date=20230911T000000, start_date=20230918T132422, end_date=20230918T132424
[2023-09-18T13:24:24.295+0000] {local_task_job_runner.py:228} INFO - Task exited with return code 0
[2023-09-18T13:24:24.333+0000] {taskinstance.py:2776} INFO - 1 downstream tasks scheduled from follow-on schedule check
