[2023-09-18T13:52:34.499+0000] {taskinstance.py:1157} INFO - Dependencies all met for dep_context=non-requeueable deps ti=<TaskInstance: 6.1-monitoring.task3 scheduled__2023-09-01T00:00:00+00:00 [queued]>
[2023-09-18T13:52:34.519+0000] {taskinstance.py:1157} INFO - Dependencies all met for dep_context=requeueable deps ti=<TaskInstance: 6.1-monitoring.task3 scheduled__2023-09-01T00:00:00+00:00 [queued]>
[2023-09-18T13:52:34.520+0000] {taskinstance.py:1359} INFO - Starting attempt 1 of 1
[2023-09-18T13:52:34.569+0000] {taskinstance.py:1380} INFO - Executing <Task(BashOperator): task3> on 2023-09-01 00:00:00+00:00
[2023-09-18T13:52:34.584+0000] {standard_task_runner.py:57} INFO - Started process 4948 to run task
[2023-09-18T13:52:34.603+0000] {standard_task_runner.py:84} INFO - Running: ['***', 'tasks', 'run', '6.1-monitoring', 'task3', 'scheduled__2023-09-01T00:00:00+00:00', '--job-id', '367', '--raw', '--subdir', 'DAGS_FOLDER/6.1-monitoring.py', '--cfg-path', '/tmp/tmpseokc5uf']
[2023-09-18T13:52:34.607+0000] {standard_task_runner.py:85} INFO - Job 367: Subtask task3
[2023-09-18T13:52:34.762+0000] {task_command.py:415} INFO - Running <TaskInstance: 6.1-monitoring.task3 scheduled__2023-09-01T00:00:00+00:00 [running]> on host e891a57bf0af
[2023-09-18T13:52:34.997+0000] {taskinstance.py:1660} INFO - Exporting env vars: AIRFLOW_CTX_DAG_OWNER='***' AIRFLOW_CTX_DAG_ID='6.1-monitoring' AIRFLOW_CTX_TASK_ID='task3' AIRFLOW_CTX_EXECUTION_DATE='2023-09-01T00:00:00+00:00' AIRFLOW_CTX_TRY_NUMBER='1' AIRFLOW_CTX_DAG_RUN_ID='scheduled__2023-09-01T00:00:00+00:00'
[2023-09-18T13:52:35.001+0000] {subprocess.py:63} INFO - Tmp dir root location: /tmp
[2023-09-18T13:52:35.003+0000] {subprocess.py:75} INFO - Running command: ['/bin/bash', '-c', "sleep 2 && echo 'Task 3'"]
[2023-09-18T13:52:35.026+0000] {subprocess.py:86} INFO - Output:
[2023-09-18T13:52:37.034+0000] {subprocess.py:93} INFO - Task 3
[2023-09-18T13:52:37.035+0000] {subprocess.py:97} INFO - Command exited with return code 0
[2023-09-18T13:52:37.088+0000] {taskinstance.py:1398} INFO - Marking task as SUCCESS. dag_id=6.1-monitoring, task_id=task3, execution_date=20230901T000000, start_date=20230918T135234, end_date=20230918T135237
[2023-09-18T13:52:37.312+0000] {local_task_job_runner.py:228} INFO - Task exited with return code 0
[2023-09-18T13:52:37.388+0000] {taskinstance.py:2776} INFO - 1 downstream tasks scheduled from follow-on schedule check
[2023-09-18T13:55:16.043+0000] {taskinstance.py:1157} INFO - Dependencies all met for dep_context=non-requeueable deps ti=<TaskInstance: 6.1-monitoring.task3 scheduled__2023-09-01T00:00:00+00:00 [queued]>
[2023-09-18T13:55:16.132+0000] {taskinstance.py:1157} INFO - Dependencies all met for dep_context=requeueable deps ti=<TaskInstance: 6.1-monitoring.task3 scheduled__2023-09-01T00:00:00+00:00 [queued]>
[2023-09-18T13:55:16.134+0000] {taskinstance.py:1359} INFO - Starting attempt 1 of 1
[2023-09-18T13:55:16.208+0000] {taskinstance.py:1380} INFO - Executing <Task(BashOperator): task3> on 2023-09-01 00:00:00+00:00
[2023-09-18T13:55:16.222+0000] {standard_task_runner.py:57} INFO - Started process 5282 to run task
[2023-09-18T13:55:16.230+0000] {standard_task_runner.py:84} INFO - Running: ['***', 'tasks', 'run', '6.1-monitoring', 'task3', 'scheduled__2023-09-01T00:00:00+00:00', '--job-id', '450', '--raw', '--subdir', 'DAGS_FOLDER/6.1-monitoring.py', '--cfg-path', '/tmp/tmp9t3peoo_']
[2023-09-18T13:55:16.237+0000] {standard_task_runner.py:85} INFO - Job 450: Subtask task3
[2023-09-18T13:55:16.405+0000] {task_command.py:415} INFO - Running <TaskInstance: 6.1-monitoring.task3 scheduled__2023-09-01T00:00:00+00:00 [running]> on host e891a57bf0af
[2023-09-18T13:55:16.727+0000] {taskinstance.py:1660} INFO - Exporting env vars: AIRFLOW_CTX_DAG_OWNER='***' AIRFLOW_CTX_DAG_ID='6.1-monitoring' AIRFLOW_CTX_TASK_ID='task3' AIRFLOW_CTX_EXECUTION_DATE='2023-09-01T00:00:00+00:00' AIRFLOW_CTX_TRY_NUMBER='1' AIRFLOW_CTX_DAG_RUN_ID='scheduled__2023-09-01T00:00:00+00:00'
[2023-09-18T13:55:16.735+0000] {subprocess.py:63} INFO - Tmp dir root location: /tmp
[2023-09-18T13:55:16.742+0000] {subprocess.py:75} INFO - Running command: ['/bin/bash', '-c', "sleep 2 && echo 'Task 3'"]
[2023-09-18T13:55:16.771+0000] {subprocess.py:86} INFO - Output:
[2023-09-18T13:55:18.795+0000] {subprocess.py:93} INFO - Task 3
[2023-09-18T13:55:18.798+0000] {subprocess.py:97} INFO - Command exited with return code 0
[2023-09-18T13:55:18.859+0000] {taskinstance.py:1398} INFO - Marking task as SUCCESS. dag_id=6.1-monitoring, task_id=task3, execution_date=20230901T000000, start_date=20230918T135516, end_date=20230918T135518
[2023-09-18T13:55:18.999+0000] {local_task_job_runner.py:228} INFO - Task exited with return code 0
[2023-09-18T13:55:19.068+0000] {taskinstance.py:2776} INFO - 1 downstream tasks scheduled from follow-on schedule check
