[2023-09-18T13:52:40.436+0000] {taskinstance.py:1157} INFO - Dependencies all met for dep_context=non-requeueable deps ti=<TaskInstance: 6.1-monitoring.task4 scheduled__2023-09-03T00:00:00+00:00 [queued]>
[2023-09-18T13:52:40.493+0000] {taskinstance.py:1157} INFO - Dependencies all met for dep_context=requeueable deps ti=<TaskInstance: 6.1-monitoring.task4 scheduled__2023-09-03T00:00:00+00:00 [queued]>
[2023-09-18T13:52:40.496+0000] {taskinstance.py:1359} INFO - Starting attempt 1 of 1
[2023-09-18T13:52:40.547+0000] {taskinstance.py:1380} INFO - Executing <Task(PythonOperator): task4> on 2023-09-03 00:00:00+00:00
[2023-09-18T13:52:40.558+0000] {standard_task_runner.py:57} INFO - Started process 5008 to run task
[2023-09-18T13:52:40.575+0000] {standard_task_runner.py:84} INFO - Running: ['***', 'tasks', 'run', '6.1-monitoring', 'task4', 'scheduled__2023-09-03T00:00:00+00:00', '--job-id', '385', '--raw', '--subdir', 'DAGS_FOLDER/6.1-monitoring.py', '--cfg-path', '/tmp/tmpopfo89n2']
[2023-09-18T13:52:40.578+0000] {standard_task_runner.py:85} INFO - Job 385: Subtask task4
[2023-09-18T13:52:40.782+0000] {task_command.py:415} INFO - Running <TaskInstance: 6.1-monitoring.task4 scheduled__2023-09-03T00:00:00+00:00 [running]> on host e891a57bf0af
[2023-09-18T13:52:41.185+0000] {taskinstance.py:1660} INFO - Exporting env vars: AIRFLOW_CTX_DAG_OWNER='***' AIRFLOW_CTX_DAG_ID='6.1-monitoring' AIRFLOW_CTX_TASK_ID='task4' AIRFLOW_CTX_EXECUTION_DATE='2023-09-03T00:00:00+00:00' AIRFLOW_CTX_TRY_NUMBER='1' AIRFLOW_CTX_DAG_RUN_ID='scheduled__2023-09-03T00:00:00+00:00'
[2023-09-18T13:52:41.201+0000] {python.py:194} INFO - Done. Returned value was: None
[2023-09-18T13:52:41.264+0000] {taskinstance.py:1398} INFO - Marking task as SUCCESS. dag_id=6.1-monitoring, task_id=task4, execution_date=20230903T000000, start_date=20230918T135240, end_date=20230918T135241
[2023-09-18T13:52:41.342+0000] {local_task_job_runner.py:228} INFO - Task exited with return code 0
[2023-09-18T13:52:41.483+0000] {taskinstance.py:2776} INFO - 1 downstream tasks scheduled from follow-on schedule check
[2023-09-18T13:55:21.624+0000] {taskinstance.py:1157} INFO - Dependencies all met for dep_context=non-requeueable deps ti=<TaskInstance: 6.1-monitoring.task4 scheduled__2023-09-03T00:00:00+00:00 [queued]>
[2023-09-18T13:55:21.672+0000] {taskinstance.py:1157} INFO - Dependencies all met for dep_context=requeueable deps ti=<TaskInstance: 6.1-monitoring.task4 scheduled__2023-09-03T00:00:00+00:00 [queued]>
[2023-09-18T13:55:21.673+0000] {taskinstance.py:1359} INFO - Starting attempt 1 of 1
[2023-09-18T13:55:21.766+0000] {taskinstance.py:1380} INFO - Executing <Task(PythonOperator): task4> on 2023-09-03 00:00:00+00:00
[2023-09-18T13:55:21.787+0000] {standard_task_runner.py:57} INFO - Started process 5320 to run task
[2023-09-18T13:55:21.827+0000] {standard_task_runner.py:84} INFO - Running: ['***', 'tasks', 'run', '6.1-monitoring', 'task4', 'scheduled__2023-09-03T00:00:00+00:00', '--job-id', '463', '--raw', '--subdir', 'DAGS_FOLDER/6.1-monitoring.py', '--cfg-path', '/tmp/tmp288xvcld']
[2023-09-18T13:55:21.841+0000] {standard_task_runner.py:85} INFO - Job 463: Subtask task4
[2023-09-18T13:55:22.132+0000] {task_command.py:415} INFO - Running <TaskInstance: 6.1-monitoring.task4 scheduled__2023-09-03T00:00:00+00:00 [running]> on host e891a57bf0af
[2023-09-18T13:55:22.378+0000] {taskinstance.py:1660} INFO - Exporting env vars: AIRFLOW_CTX_DAG_OWNER='***' AIRFLOW_CTX_DAG_ID='6.1-monitoring' AIRFLOW_CTX_TASK_ID='task4' AIRFLOW_CTX_EXECUTION_DATE='2023-09-03T00:00:00+00:00' AIRFLOW_CTX_TRY_NUMBER='1' AIRFLOW_CTX_DAG_RUN_ID='scheduled__2023-09-03T00:00:00+00:00'
[2023-09-18T13:55:22.383+0000] {python.py:194} INFO - Done. Returned value was: None
[2023-09-18T13:55:22.408+0000] {taskinstance.py:1398} INFO - Marking task as SUCCESS. dag_id=6.1-monitoring, task_id=task4, execution_date=20230903T000000, start_date=20230918T135521, end_date=20230918T135522
[2023-09-18T13:55:22.459+0000] {local_task_job_runner.py:228} INFO - Task exited with return code 0
[2023-09-18T13:55:22.531+0000] {taskinstance.py:2776} INFO - 1 downstream tasks scheduled from follow-on schedule check
