[2023-09-18T13:53:20.223+0000] {taskinstance.py:1157} INFO - Dependencies all met for dep_context=non-requeueable deps ti=<TaskInstance: 6.1-monitoring.task4 scheduled__2023-09-06T00:00:00+00:00 [queued]>
[2023-09-18T13:53:20.242+0000] {taskinstance.py:1157} INFO - Dependencies all met for dep_context=requeueable deps ti=<TaskInstance: 6.1-monitoring.task4 scheduled__2023-09-06T00:00:00+00:00 [queued]>
[2023-09-18T13:53:20.243+0000] {taskinstance.py:1359} INFO - Starting attempt 1 of 1
[2023-09-18T13:53:20.262+0000] {taskinstance.py:1380} INFO - Executing <Task(PythonOperator): task4> on 2023-09-06 00:00:00+00:00
[2023-09-18T13:53:20.272+0000] {standard_task_runner.py:57} INFO - Started process 5085 to run task
[2023-09-18T13:53:20.280+0000] {standard_task_runner.py:84} INFO - Running: ['***', 'tasks', 'run', '6.1-monitoring', 'task4', 'scheduled__2023-09-06T00:00:00+00:00', '--job-id', '406', '--raw', '--subdir', 'DAGS_FOLDER/6.1-monitoring.py', '--cfg-path', '/tmp/tmpoy3v_144']
[2023-09-18T13:53:20.282+0000] {standard_task_runner.py:85} INFO - Job 406: Subtask task4
[2023-09-18T13:53:20.366+0000] {task_command.py:415} INFO - Running <TaskInstance: 6.1-monitoring.task4 scheduled__2023-09-06T00:00:00+00:00 [running]> on host e891a57bf0af
[2023-09-18T13:53:20.495+0000] {taskinstance.py:1660} INFO - Exporting env vars: AIRFLOW_CTX_DAG_OWNER='***' AIRFLOW_CTX_DAG_ID='6.1-monitoring' AIRFLOW_CTX_TASK_ID='task4' AIRFLOW_CTX_EXECUTION_DATE='2023-09-06T00:00:00+00:00' AIRFLOW_CTX_TRY_NUMBER='1' AIRFLOW_CTX_DAG_RUN_ID='scheduled__2023-09-06T00:00:00+00:00'
[2023-09-18T13:53:20.497+0000] {python.py:194} INFO - Done. Returned value was: None
[2023-09-18T13:53:20.512+0000] {taskinstance.py:1398} INFO - Marking task as SUCCESS. dag_id=6.1-monitoring, task_id=task4, execution_date=20230906T000000, start_date=20230918T135320, end_date=20230918T135320
[2023-09-18T13:53:20.537+0000] {local_task_job_runner.py:228} INFO - Task exited with return code 0
[2023-09-18T13:53:20.564+0000] {taskinstance.py:2776} INFO - 1 downstream tasks scheduled from follow-on schedule check
[2023-09-18T14:06:30.550+0000] {taskinstance.py:1157} INFO - Dependencies all met for dep_context=non-requeueable deps ti=<TaskInstance: 6.1-monitoring.task4 scheduled__2023-09-06T00:00:00+00:00 [queued]>
[2023-09-18T14:06:30.582+0000] {taskinstance.py:1157} INFO - Dependencies all met for dep_context=requeueable deps ti=<TaskInstance: 6.1-monitoring.task4 scheduled__2023-09-06T00:00:00+00:00 [queued]>
[2023-09-18T14:06:30.583+0000] {taskinstance.py:1359} INFO - Starting attempt 1 of 1
[2023-09-18T14:06:30.616+0000] {taskinstance.py:1380} INFO - Executing <Task(PythonOperator): task4> on 2023-09-06 00:00:00+00:00
[2023-09-18T14:06:30.625+0000] {standard_task_runner.py:57} INFO - Started process 5612 to run task
[2023-09-18T14:06:30.638+0000] {standard_task_runner.py:84} INFO - Running: ['***', 'tasks', 'run', '6.1-monitoring', 'task4', 'scheduled__2023-09-06T00:00:00+00:00', '--job-id', '497', '--raw', '--subdir', 'DAGS_FOLDER/6.1-monitoring.py', '--cfg-path', '/tmp/tmpm2ul1fv9']
[2023-09-18T14:06:30.641+0000] {standard_task_runner.py:85} INFO - Job 497: Subtask task4
[2023-09-18T14:06:30.790+0000] {task_command.py:415} INFO - Running <TaskInstance: 6.1-monitoring.task4 scheduled__2023-09-06T00:00:00+00:00 [running]> on host e891a57bf0af
[2023-09-18T14:06:30.991+0000] {taskinstance.py:1660} INFO - Exporting env vars: AIRFLOW_CTX_DAG_OWNER='***' AIRFLOW_CTX_DAG_ID='6.1-monitoring' AIRFLOW_CTX_TASK_ID='task4' AIRFLOW_CTX_EXECUTION_DATE='2023-09-06T00:00:00+00:00' AIRFLOW_CTX_TRY_NUMBER='1' AIRFLOW_CTX_DAG_RUN_ID='scheduled__2023-09-06T00:00:00+00:00'
[2023-09-18T14:06:30.997+0000] {python.py:194} INFO - Done. Returned value was: None
[2023-09-18T14:06:31.037+0000] {taskinstance.py:1398} INFO - Marking task as SUCCESS. dag_id=6.1-monitoring, task_id=task4, execution_date=20230906T000000, start_date=20230918T140630, end_date=20230918T140631
[2023-09-18T14:06:31.195+0000] {local_task_job_runner.py:228} INFO - Task exited with return code 0
[2023-09-18T14:06:31.238+0000] {taskinstance.py:2776} INFO - 1 downstream tasks scheduled from follow-on schedule check
