[2023-09-18T13:47:14.498+0000] {taskinstance.py:1157} INFO - Dependencies all met for dep_context=non-requeueable deps ti=<TaskInstance: 6.1-monitoring.task1 scheduled__2023-09-14T00:00:00+00:00 [queued]>
[2023-09-18T13:47:14.517+0000] {taskinstance.py:1157} INFO - Dependencies all met for dep_context=requeueable deps ti=<TaskInstance: 6.1-monitoring.task1 scheduled__2023-09-14T00:00:00+00:00 [queued]>
[2023-09-18T13:47:14.518+0000] {taskinstance.py:1359} INFO - Starting attempt 1 of 1
[2023-09-18T13:47:14.721+0000] {taskinstance.py:1380} INFO - Executing <Task(BashOperator): task1> on 2023-09-14 00:00:00+00:00
[2023-09-18T13:47:14.733+0000] {standard_task_runner.py:57} INFO - Started process 4460 to run task
[2023-09-18T13:47:14.741+0000] {standard_task_runner.py:84} INFO - Running: ['***', 'tasks', 'run', '6.1-monitoring', 'task1', 'scheduled__2023-09-14T00:00:00+00:00', '--job-id', '254', '--raw', '--subdir', 'DAGS_FOLDER/6.1-monitoring.py', '--cfg-path', '/tmp/tmpvy_zq9m5']
[2023-09-18T13:47:14.744+0000] {standard_task_runner.py:85} INFO - Job 254: Subtask task1
[2023-09-18T13:47:14.872+0000] {task_command.py:415} INFO - Running <TaskInstance: 6.1-monitoring.task1 scheduled__2023-09-14T00:00:00+00:00 [running]> on host e891a57bf0af
[2023-09-18T13:47:15.086+0000] {taskinstance.py:1660} INFO - Exporting env vars: AIRFLOW_CTX_DAG_OWNER='***' AIRFLOW_CTX_DAG_ID='6.1-monitoring' AIRFLOW_CTX_TASK_ID='task1' AIRFLOW_CTX_EXECUTION_DATE='2023-09-14T00:00:00+00:00' AIRFLOW_CTX_TRY_NUMBER='1' AIRFLOW_CTX_DAG_RUN_ID='scheduled__2023-09-14T00:00:00+00:00'
[2023-09-18T13:47:15.089+0000] {subprocess.py:63} INFO - Tmp dir root location: /tmp
[2023-09-18T13:47:15.091+0000] {subprocess.py:75} INFO - Running command: ['/bin/bash', '-c', "sleep 2 && echo 'Task 1'"]
[2023-09-18T13:47:15.114+0000] {subprocess.py:86} INFO - Output:
[2023-09-18T13:47:17.120+0000] {subprocess.py:93} INFO - Task 1
[2023-09-18T13:47:17.121+0000] {subprocess.py:97} INFO - Command exited with return code 0
[2023-09-18T13:47:17.158+0000] {taskinstance.py:1398} INFO - Marking task as SUCCESS. dag_id=6.1-monitoring, task_id=task1, execution_date=20230914T000000, start_date=20230918T134714, end_date=20230918T134717
[2023-09-18T13:47:17.207+0000] {local_task_job_runner.py:228} INFO - Task exited with return code 0
[2023-09-18T13:47:17.248+0000] {taskinstance.py:2776} INFO - 1 downstream tasks scheduled from follow-on schedule check
[2023-09-18T13:53:16.002+0000] {taskinstance.py:1157} INFO - Dependencies all met for dep_context=non-requeueable deps ti=<TaskInstance: 6.1-monitoring.task1 scheduled__2023-09-14T00:00:00+00:00 [queued]>
[2023-09-18T13:53:16.036+0000] {taskinstance.py:1157} INFO - Dependencies all met for dep_context=requeueable deps ti=<TaskInstance: 6.1-monitoring.task1 scheduled__2023-09-14T00:00:00+00:00 [queued]>
[2023-09-18T13:53:16.039+0000] {taskinstance.py:1359} INFO - Starting attempt 1 of 1
[2023-09-18T13:53:16.214+0000] {taskinstance.py:1380} INFO - Executing <Task(BashOperator): task1> on 2023-09-14 00:00:00+00:00
[2023-09-18T13:53:16.237+0000] {standard_task_runner.py:57} INFO - Started process 5066 to run task
[2023-09-18T13:53:16.250+0000] {standard_task_runner.py:84} INFO - Running: ['***', 'tasks', 'run', '6.1-monitoring', 'task1', 'scheduled__2023-09-14T00:00:00+00:00', '--job-id', '400', '--raw', '--subdir', 'DAGS_FOLDER/6.1-monitoring.py', '--cfg-path', '/tmp/tmp0qoe9uym']
[2023-09-18T13:53:16.253+0000] {standard_task_runner.py:85} INFO - Job 400: Subtask task1
[2023-09-18T13:53:16.407+0000] {task_command.py:415} INFO - Running <TaskInstance: 6.1-monitoring.task1 scheduled__2023-09-14T00:00:00+00:00 [running]> on host e891a57bf0af
[2023-09-18T13:53:16.652+0000] {taskinstance.py:1660} INFO - Exporting env vars: AIRFLOW_CTX_DAG_OWNER='***' AIRFLOW_CTX_DAG_ID='6.1-monitoring' AIRFLOW_CTX_TASK_ID='task1' AIRFLOW_CTX_EXECUTION_DATE='2023-09-14T00:00:00+00:00' AIRFLOW_CTX_TRY_NUMBER='1' AIRFLOW_CTX_DAG_RUN_ID='scheduled__2023-09-14T00:00:00+00:00'
[2023-09-18T13:53:16.655+0000] {subprocess.py:63} INFO - Tmp dir root location: /tmp
[2023-09-18T13:53:16.658+0000] {subprocess.py:75} INFO - Running command: ['/bin/bash', '-c', "sleep 2 && echo 'Task 1'"]
[2023-09-18T13:53:16.689+0000] {subprocess.py:86} INFO - Output:
[2023-09-18T13:53:18.695+0000] {subprocess.py:93} INFO - Task 1
[2023-09-18T13:53:18.696+0000] {subprocess.py:97} INFO - Command exited with return code 0
[2023-09-18T13:53:18.728+0000] {taskinstance.py:1398} INFO - Marking task as SUCCESS. dag_id=6.1-monitoring, task_id=task1, execution_date=20230914T000000, start_date=20230918T135316, end_date=20230918T135318
[2023-09-18T13:53:18.768+0000] {local_task_job_runner.py:228} INFO - Task exited with return code 0
[2023-09-18T13:53:18.804+0000] {taskinstance.py:2776} INFO - 1 downstream tasks scheduled from follow-on schedule check
[2023-09-18T13:54:47.399+0000] {taskinstance.py:1157} INFO - Dependencies all met for dep_context=non-requeueable deps ti=<TaskInstance: 6.1-monitoring.task1 scheduled__2023-09-14T00:00:00+00:00 [queued]>
[2023-09-18T13:54:47.448+0000] {taskinstance.py:1157} INFO - Dependencies all met for dep_context=requeueable deps ti=<TaskInstance: 6.1-monitoring.task1 scheduled__2023-09-14T00:00:00+00:00 [queued]>
[2023-09-18T13:54:47.450+0000] {taskinstance.py:1359} INFO - Starting attempt 1 of 1
[2023-09-18T13:54:47.494+0000] {taskinstance.py:1380} INFO - Executing <Task(BashOperator): task1> on 2023-09-14 00:00:00+00:00
[2023-09-18T13:54:47.504+0000] {standard_task_runner.py:57} INFO - Started process 5244 to run task
[2023-09-18T13:54:47.533+0000] {standard_task_runner.py:84} INFO - Running: ['***', 'tasks', 'run', '6.1-monitoring', 'task1', 'scheduled__2023-09-14T00:00:00+00:00', '--job-id', '443', '--raw', '--subdir', 'DAGS_FOLDER/6.1-monitoring.py', '--cfg-path', '/tmp/tmpgy37tg9q']
[2023-09-18T13:54:47.554+0000] {standard_task_runner.py:85} INFO - Job 443: Subtask task1
[2023-09-18T13:54:47.737+0000] {task_command.py:415} INFO - Running <TaskInstance: 6.1-monitoring.task1 scheduled__2023-09-14T00:00:00+00:00 [running]> on host e891a57bf0af
[2023-09-18T13:54:47.984+0000] {taskinstance.py:1660} INFO - Exporting env vars: AIRFLOW_CTX_DAG_OWNER='***' AIRFLOW_CTX_DAG_ID='6.1-monitoring' AIRFLOW_CTX_TASK_ID='task1' AIRFLOW_CTX_EXECUTION_DATE='2023-09-14T00:00:00+00:00' AIRFLOW_CTX_TRY_NUMBER='1' AIRFLOW_CTX_DAG_RUN_ID='scheduled__2023-09-14T00:00:00+00:00'
[2023-09-18T13:54:47.987+0000] {subprocess.py:63} INFO - Tmp dir root location: /tmp
[2023-09-18T13:54:47.989+0000] {subprocess.py:75} INFO - Running command: ['/bin/bash', '-c', "sleep 2 && echo 'Task 1'"]
[2023-09-18T13:54:48.011+0000] {subprocess.py:86} INFO - Output:
[2023-09-18T13:54:52.889+0000] {subprocess.py:93} INFO - Task 1
[2023-09-18T13:55:00.149+0000] {subprocess.py:97} INFO - Command exited with return code 0
[2023-09-18T13:55:12.335+0000] {taskinstance.py:1398} INFO - Marking task as SUCCESS. dag_id=6.1-monitoring, task_id=task1, execution_date=20230914T000000, start_date=20230918T135447, end_date=20230918T135512
[2023-09-18T13:55:12.811+0000] {local_task_job_runner.py:228} INFO - Task exited with return code 0
[2023-09-18T13:55:12.907+0000] {taskinstance.py:2776} INFO - 1 downstream tasks scheduled from follow-on schedule check
