[2023-09-19T13:06:55.682+0000] {taskinstance.py:1157} INFO - Dependencies all met for dep_context=non-requeueable deps ti=<TaskInstance: 7.3-externalTaskSensor.end_task scheduled__2023-09-01T00:00:00+00:00 [queued]>
[2023-09-19T13:06:55.694+0000] {taskinstance.py:1157} INFO - Dependencies all met for dep_context=requeueable deps ti=<TaskInstance: 7.3-externalTaskSensor.end_task scheduled__2023-09-01T00:00:00+00:00 [queued]>
[2023-09-19T13:06:55.695+0000] {taskinstance.py:1359} INFO - Starting attempt 1 of 1
[2023-09-19T13:06:55.715+0000] {taskinstance.py:1380} INFO - Executing <Task(FileSensor): end_task> on 2023-09-01 00:00:00+00:00
[2023-09-19T13:06:55.721+0000] {standard_task_runner.py:57} INFO - Started process 1135 to run task
[2023-09-19T13:06:55.724+0000] {standard_task_runner.py:84} INFO - Running: ['***', 'tasks', 'run', '7.3-externalTaskSensor', 'end_task', 'scheduled__2023-09-01T00:00:00+00:00', '--job-id', '609', '--raw', '--subdir', 'DAGS_FOLDER/7.3-ExternalTaskSensor.py', '--cfg-path', '/tmp/tmpf0krhnvr']
[2023-09-19T13:06:55.725+0000] {standard_task_runner.py:85} INFO - Job 609: Subtask end_task
[2023-09-19T13:06:55.777+0000] {task_command.py:415} INFO - Running <TaskInstance: 7.3-externalTaskSensor.end_task scheduled__2023-09-01T00:00:00+00:00 [running]> on host e891a57bf0af
[2023-09-19T13:06:55.869+0000] {taskinstance.py:1660} INFO - Exporting env vars: AIRFLOW_CTX_DAG_OWNER='***' AIRFLOW_CTX_DAG_ID='7.3-externalTaskSensor' AIRFLOW_CTX_TASK_ID='end_task' AIRFLOW_CTX_EXECUTION_DATE='2023-09-01T00:00:00+00:00' AIRFLOW_CTX_TRY_NUMBER='1' AIRFLOW_CTX_DAG_RUN_ID='scheduled__2023-09-01T00:00:00+00:00'
[2023-09-19T13:06:55.883+0000] {base.py:73} INFO - Using connection ID 'fs_default' for task execution.
[2023-09-19T13:06:55.884+0000] {filesystem.py:64} INFO - Poking for file echo 'The file has arrived'
[2023-09-19T13:07:55.921+0000] {base.py:73} INFO - Using connection ID 'fs_default' for task execution.
[2023-09-19T13:07:55.923+0000] {filesystem.py:64} INFO - Poking for file echo 'The file has arrived'
[2023-09-19T13:08:55.988+0000] {base.py:73} INFO - Using connection ID 'fs_default' for task execution.
[2023-09-19T13:08:55.990+0000] {filesystem.py:64} INFO - Poking for file echo 'The file has arrived'
[2023-09-19T13:09:56.036+0000] {base.py:73} INFO - Using connection ID 'fs_default' for task execution.
[2023-09-19T13:09:56.037+0000] {filesystem.py:64} INFO - Poking for file echo 'The file has arrived'
[2023-09-19T13:10:56.085+0000] {base.py:73} INFO - Using connection ID 'fs_default' for task execution.
[2023-09-19T13:10:56.086+0000] {filesystem.py:64} INFO - Poking for file echo 'The file has arrived'
[2023-09-19T13:11:56.140+0000] {base.py:73} INFO - Using connection ID 'fs_default' for task execution.
[2023-09-19T13:11:56.140+0000] {filesystem.py:64} INFO - Poking for file echo 'The file has arrived'
[2023-09-19T13:12:56.201+0000] {base.py:73} INFO - Using connection ID 'fs_default' for task execution.
[2023-09-19T13:12:56.202+0000] {filesystem.py:64} INFO - Poking for file echo 'The file has arrived'
[2023-09-19T13:13:56.267+0000] {base.py:73} INFO - Using connection ID 'fs_default' for task execution.
[2023-09-19T13:13:56.268+0000] {filesystem.py:64} INFO - Poking for file echo 'The file has arrived'
[2023-09-19T13:14:56.299+0000] {base.py:73} INFO - Using connection ID 'fs_default' for task execution.
[2023-09-19T13:14:56.300+0000] {filesystem.py:64} INFO - Poking for file echo 'The file has arrived'
[2023-09-19T13:15:56.365+0000] {base.py:73} INFO - Using connection ID 'fs_default' for task execution.
[2023-09-19T13:15:56.365+0000] {filesystem.py:64} INFO - Poking for file echo 'The file has arrived'
[2023-09-19T13:16:56.430+0000] {base.py:73} INFO - Using connection ID 'fs_default' for task execution.
[2023-09-19T13:16:56.431+0000] {filesystem.py:64} INFO - Poking for file echo 'The file has arrived'
[2023-09-19T13:17:56.485+0000] {base.py:73} INFO - Using connection ID 'fs_default' for task execution.
[2023-09-19T13:17:56.486+0000] {filesystem.py:64} INFO - Poking for file echo 'The file has arrived'
[2023-09-19T13:18:56.550+0000] {base.py:73} INFO - Using connection ID 'fs_default' for task execution.
[2023-09-19T13:18:56.551+0000] {filesystem.py:64} INFO - Poking for file echo 'The file has arrived'
[2023-09-19T13:19:56.589+0000] {base.py:73} INFO - Using connection ID 'fs_default' for task execution.
[2023-09-19T13:19:56.590+0000] {filesystem.py:64} INFO - Poking for file echo 'The file has arrived'
[2023-09-19T13:20:56.656+0000] {base.py:73} INFO - Using connection ID 'fs_default' for task execution.
[2023-09-19T13:20:56.657+0000] {filesystem.py:64} INFO - Poking for file echo 'The file has arrived'
[2023-09-19T13:21:56.669+0000] {base.py:73} INFO - Using connection ID 'fs_default' for task execution.
[2023-09-19T13:21:56.670+0000] {filesystem.py:64} INFO - Poking for file echo 'The file has arrived'
[2023-09-19T13:22:56.729+0000] {base.py:73} INFO - Using connection ID 'fs_default' for task execution.
[2023-09-19T13:22:56.730+0000] {filesystem.py:64} INFO - Poking for file echo 'The file has arrived'
[2023-09-19T13:23:56.790+0000] {base.py:73} INFO - Using connection ID 'fs_default' for task execution.
[2023-09-19T13:23:56.791+0000] {filesystem.py:64} INFO - Poking for file echo 'The file has arrived'
[2023-09-19T13:24:56.864+0000] {base.py:73} INFO - Using connection ID 'fs_default' for task execution.
[2023-09-19T13:24:56.865+0000] {filesystem.py:64} INFO - Poking for file echo 'The file has arrived'
[2023-09-19T13:25:56.929+0000] {base.py:73} INFO - Using connection ID 'fs_default' for task execution.
[2023-09-19T13:25:56.930+0000] {filesystem.py:64} INFO - Poking for file echo 'The file has arrived'
[2023-09-19T13:26:56.991+0000] {base.py:73} INFO - Using connection ID 'fs_default' for task execution.
[2023-09-19T13:26:56.992+0000] {filesystem.py:64} INFO - Poking for file echo 'The file has arrived'
[2023-09-19T13:27:57.059+0000] {base.py:73} INFO - Using connection ID 'fs_default' for task execution.
[2023-09-19T13:27:57.059+0000] {filesystem.py:64} INFO - Poking for file echo 'The file has arrived'
[2023-09-19T13:28:57.128+0000] {base.py:73} INFO - Using connection ID 'fs_default' for task execution.
[2023-09-19T13:28:57.129+0000] {filesystem.py:64} INFO - Poking for file echo 'The file has arrived'
[2023-09-19T13:29:16.131+0000] {local_task_job_runner.py:294} WARNING - State of this instance has been externally set to restarting. Terminating instance.
[2023-09-19T13:29:16.134+0000] {process_utils.py:131} INFO - Sending 15 to group 1135. PIDs of all processes in the group: [1135]
[2023-09-19T13:29:16.135+0000] {process_utils.py:86} INFO - Sending the signal 15 to group 1135
[2023-09-19T13:29:16.136+0000] {taskinstance.py:1630} ERROR - Received SIGTERM. Terminating subprocesses.
[2023-09-19T13:29:16.150+0000] {taskinstance.py:1935} ERROR - Task failed with exception
Traceback (most recent call last):
  File "/home/airflow/.local/lib/python3.8/site-packages/airflow/sensors/base.py", line 285, in execute
    time.sleep(self._get_next_poke_interval(started_at, run_duration, try_number))
  File "/home/airflow/.local/lib/python3.8/site-packages/airflow/models/taskinstance.py", line 1632, in signal_handler
    raise AirflowException("Task received SIGTERM signal")
airflow.exceptions.AirflowException: Task received SIGTERM signal
[2023-09-19T13:29:16.158+0000] {taskinstance.py:1398} INFO - Marking task as UP_FOR_RETRY. dag_id=7.3-externalTaskSensor, task_id=end_task, execution_date=20230901T000000, start_date=20230919T130655, end_date=20230919T132916
[2023-09-19T13:29:16.177+0000] {standard_task_runner.py:104} ERROR - Failed to execute job 609 for task end_task (Task received SIGTERM signal; 1135)
[2023-09-19T13:29:16.228+0000] {process_utils.py:79} INFO - Process psutil.Process(pid=1135, status='terminated', exitcode=1, started='13:06:54') (1135) terminated with exit code 1
[2023-09-19T13:32:30.073+0000] {taskinstance.py:1157} INFO - Dependencies all met for dep_context=non-requeueable deps ti=<TaskInstance: 7.3-externalTaskSensor.end_task scheduled__2023-09-01T00:00:00+00:00 [queued]>
[2023-09-19T13:32:30.085+0000] {taskinstance.py:1157} INFO - Dependencies all met for dep_context=requeueable deps ti=<TaskInstance: 7.3-externalTaskSensor.end_task scheduled__2023-09-01T00:00:00+00:00 [queued]>
[2023-09-19T13:32:30.086+0000] {taskinstance.py:1359} INFO - Starting attempt 1 of 1
[2023-09-19T13:32:30.106+0000] {taskinstance.py:1380} INFO - Executing <Task(FileSensor): end_task> on 2023-09-01 00:00:00+00:00
[2023-09-19T13:32:30.112+0000] {standard_task_runner.py:57} INFO - Started process 1550 to run task
[2023-09-19T13:32:30.116+0000] {standard_task_runner.py:84} INFO - Running: ['***', 'tasks', 'run', '7.3-externalTaskSensor', 'end_task', 'scheduled__2023-09-01T00:00:00+00:00', '--job-id', '612', '--raw', '--subdir', 'DAGS_FOLDER/7.3-ExternalTaskSensor.py', '--cfg-path', '/tmp/tmpjwxdnfjy']
[2023-09-19T13:32:30.117+0000] {standard_task_runner.py:85} INFO - Job 612: Subtask end_task
[2023-09-19T13:32:30.169+0000] {task_command.py:415} INFO - Running <TaskInstance: 7.3-externalTaskSensor.end_task scheduled__2023-09-01T00:00:00+00:00 [running]> on host e891a57bf0af
[2023-09-19T13:32:30.253+0000] {taskinstance.py:1660} INFO - Exporting env vars: AIRFLOW_CTX_DAG_OWNER='***' AIRFLOW_CTX_DAG_ID='7.3-externalTaskSensor' AIRFLOW_CTX_TASK_ID='end_task' AIRFLOW_CTX_EXECUTION_DATE='2023-09-01T00:00:00+00:00' AIRFLOW_CTX_TRY_NUMBER='1' AIRFLOW_CTX_DAG_RUN_ID='scheduled__2023-09-01T00:00:00+00:00'
[2023-09-19T13:32:30.264+0000] {base.py:73} INFO - Using connection ID 'fs_default' for task execution.
[2023-09-19T13:32:30.264+0000] {filesystem.py:64} INFO - Poking for file echo 'The file has arrived'
[2023-09-19T13:33:30.331+0000] {base.py:73} INFO - Using connection ID 'fs_default' for task execution.
[2023-09-19T13:33:30.332+0000] {filesystem.py:64} INFO - Poking for file echo 'The file has arrived'
[2023-09-19T13:34:30.401+0000] {base.py:73} INFO - Using connection ID 'fs_default' for task execution.
[2023-09-19T13:34:30.402+0000] {filesystem.py:64} INFO - Poking for file echo 'The file has arrived'
[2023-09-19T13:35:30.471+0000] {base.py:73} INFO - Using connection ID 'fs_default' for task execution.
[2023-09-19T13:35:30.472+0000] {filesystem.py:64} INFO - Poking for file echo 'The file has arrived'
[2023-09-19T13:36:16.881+0000] {local_task_job_runner.py:294} WARNING - State of this instance has been externally set to restarting. Terminating instance.
[2023-09-19T13:36:16.884+0000] {process_utils.py:131} INFO - Sending 15 to group 1550. PIDs of all processes in the group: [1550]
[2023-09-19T13:36:16.884+0000] {process_utils.py:86} INFO - Sending the signal 15 to group 1550
[2023-09-19T13:36:16.885+0000] {taskinstance.py:1630} ERROR - Received SIGTERM. Terminating subprocesses.
[2023-09-19T13:36:16.899+0000] {taskinstance.py:1935} ERROR - Task failed with exception
Traceback (most recent call last):
  File "/home/airflow/.local/lib/python3.8/site-packages/airflow/sensors/base.py", line 285, in execute
    time.sleep(self._get_next_poke_interval(started_at, run_duration, try_number))
  File "/home/airflow/.local/lib/python3.8/site-packages/airflow/models/taskinstance.py", line 1632, in signal_handler
    raise AirflowException("Task received SIGTERM signal")
airflow.exceptions.AirflowException: Task received SIGTERM signal
[2023-09-19T13:36:16.904+0000] {taskinstance.py:1398} INFO - Marking task as UP_FOR_RETRY. dag_id=7.3-externalTaskSensor, task_id=end_task, execution_date=20230901T000000, start_date=20230919T133230, end_date=20230919T133616
[2023-09-19T13:36:16.921+0000] {standard_task_runner.py:104} ERROR - Failed to execute job 612 for task end_task (Task received SIGTERM signal; 1550)
[2023-09-19T13:36:16.937+0000] {process_utils.py:79} INFO - Process psutil.Process(pid=1550, status='terminated', exitcode=1, started='13:32:29') (1550) terminated with exit code 1
[2023-09-19T13:38:08.376+0000] {taskinstance.py:1157} INFO - Dependencies all met for dep_context=non-requeueable deps ti=<TaskInstance: 7.3-externalTaskSensor.end_task scheduled__2023-09-01T00:00:00+00:00 [queued]>
[2023-09-19T13:38:08.388+0000] {taskinstance.py:1157} INFO - Dependencies all met for dep_context=requeueable deps ti=<TaskInstance: 7.3-externalTaskSensor.end_task scheduled__2023-09-01T00:00:00+00:00 [queued]>
[2023-09-19T13:38:08.388+0000] {taskinstance.py:1359} INFO - Starting attempt 1 of 1
[2023-09-19T13:38:08.408+0000] {taskinstance.py:1380} INFO - Executing <Task(BashOperator): end_task> on 2023-09-01 00:00:00+00:00
[2023-09-19T13:38:08.414+0000] {standard_task_runner.py:57} INFO - Started process 1640 to run task
[2023-09-19T13:38:08.419+0000] {standard_task_runner.py:84} INFO - Running: ['***', 'tasks', 'run', '7.3-externalTaskSensor', 'end_task', 'scheduled__2023-09-01T00:00:00+00:00', '--job-id', '615', '--raw', '--subdir', 'DAGS_FOLDER/7.3-ExternalTaskSensor.py', '--cfg-path', '/tmp/tmpeg10tvz9']
[2023-09-19T13:38:08.421+0000] {standard_task_runner.py:85} INFO - Job 615: Subtask end_task
[2023-09-19T13:38:08.472+0000] {task_command.py:415} INFO - Running <TaskInstance: 7.3-externalTaskSensor.end_task scheduled__2023-09-01T00:00:00+00:00 [running]> on host e891a57bf0af
[2023-09-19T13:38:08.550+0000] {taskinstance.py:1660} INFO - Exporting env vars: AIRFLOW_CTX_DAG_OWNER='***' AIRFLOW_CTX_DAG_ID='7.3-externalTaskSensor' AIRFLOW_CTX_TASK_ID='end_task' AIRFLOW_CTX_EXECUTION_DATE='2023-09-01T00:00:00+00:00' AIRFLOW_CTX_TRY_NUMBER='1' AIRFLOW_CTX_DAG_RUN_ID='scheduled__2023-09-01T00:00:00+00:00'
[2023-09-19T13:38:08.551+0000] {subprocess.py:63} INFO - Tmp dir root location: /tmp
[2023-09-19T13:38:08.552+0000] {subprocess.py:75} INFO - Running command: ['/bin/bash', '-c', "echo 'The file has arrived'"]
[2023-09-19T13:38:08.561+0000] {subprocess.py:86} INFO - Output:
[2023-09-19T13:38:08.563+0000] {subprocess.py:93} INFO - The file has arrived
[2023-09-19T13:38:08.564+0000] {subprocess.py:97} INFO - Command exited with return code 0
[2023-09-19T13:38:08.591+0000] {taskinstance.py:1398} INFO - Marking task as SUCCESS. dag_id=7.3-externalTaskSensor, task_id=end_task, execution_date=20230901T000000, start_date=20230919T133808, end_date=20230919T133808
[2023-09-19T13:38:08.631+0000] {local_task_job_runner.py:228} INFO - Task exited with return code 0
[2023-09-19T13:38:08.649+0000] {taskinstance.py:2776} INFO - 0 downstream tasks scheduled from follow-on schedule check
