[2023-09-18T13:52:35.154+0000] {taskinstance.py:1157} INFO - Dependencies all met for dep_context=non-requeueable deps ti=<TaskInstance: 6.1-monitoring.task3 scheduled__2023-09-02T00:00:00+00:00 [queued]>
[2023-09-18T13:52:35.175+0000] {taskinstance.py:1157} INFO - Dependencies all met for dep_context=requeueable deps ti=<TaskInstance: 6.1-monitoring.task3 scheduled__2023-09-02T00:00:00+00:00 [queued]>
[2023-09-18T13:52:35.176+0000] {taskinstance.py:1359} INFO - Starting attempt 1 of 1
[2023-09-18T13:52:35.221+0000] {taskinstance.py:1380} INFO - Executing <Task(BashOperator): task3> on 2023-09-02 00:00:00+00:00
[2023-09-18T13:52:35.230+0000] {standard_task_runner.py:57} INFO - Started process 4957 to run task
[2023-09-18T13:52:35.240+0000] {standard_task_runner.py:84} INFO - Running: ['***', 'tasks', 'run', '6.1-monitoring', 'task3', 'scheduled__2023-09-02T00:00:00+00:00', '--job-id', '370', '--raw', '--subdir', 'DAGS_FOLDER/6.1-monitoring.py', '--cfg-path', '/tmp/tmpq13onhcf']
[2023-09-18T13:52:35.243+0000] {standard_task_runner.py:85} INFO - Job 370: Subtask task3
[2023-09-18T13:52:35.371+0000] {task_command.py:415} INFO - Running <TaskInstance: 6.1-monitoring.task3 scheduled__2023-09-02T00:00:00+00:00 [running]> on host e891a57bf0af
[2023-09-18T13:52:35.644+0000] {taskinstance.py:1660} INFO - Exporting env vars: AIRFLOW_CTX_DAG_OWNER='***' AIRFLOW_CTX_DAG_ID='6.1-monitoring' AIRFLOW_CTX_TASK_ID='task3' AIRFLOW_CTX_EXECUTION_DATE='2023-09-02T00:00:00+00:00' AIRFLOW_CTX_TRY_NUMBER='1' AIRFLOW_CTX_DAG_RUN_ID='scheduled__2023-09-02T00:00:00+00:00'
[2023-09-18T13:52:35.659+0000] {subprocess.py:63} INFO - Tmp dir root location: /tmp
[2023-09-18T13:52:35.673+0000] {subprocess.py:75} INFO - Running command: ['/bin/bash', '-c', "sleep 2 && echo 'Task 3'"]
[2023-09-18T13:52:35.704+0000] {subprocess.py:86} INFO - Output:
[2023-09-18T13:52:37.742+0000] {subprocess.py:93} INFO - Task 3
[2023-09-18T13:52:37.748+0000] {subprocess.py:97} INFO - Command exited with return code 0
[2023-09-18T13:52:37.834+0000] {taskinstance.py:1398} INFO - Marking task as SUCCESS. dag_id=6.1-monitoring, task_id=task3, execution_date=20230902T000000, start_date=20230918T135235, end_date=20230918T135237
[2023-09-18T13:52:38.009+0000] {local_task_job_runner.py:228} INFO - Task exited with return code 0
[2023-09-18T13:52:38.075+0000] {taskinstance.py:2776} INFO - 1 downstream tasks scheduled from follow-on schedule check
[2023-09-18T13:55:16.645+0000] {taskinstance.py:1157} INFO - Dependencies all met for dep_context=non-requeueable deps ti=<TaskInstance: 6.1-monitoring.task3 scheduled__2023-09-02T00:00:00+00:00 [queued]>
[2023-09-18T13:55:16.717+0000] {taskinstance.py:1157} INFO - Dependencies all met for dep_context=requeueable deps ti=<TaskInstance: 6.1-monitoring.task3 scheduled__2023-09-02T00:00:00+00:00 [queued]>
[2023-09-18T13:55:16.719+0000] {taskinstance.py:1359} INFO - Starting attempt 1 of 1
[2023-09-18T13:55:16.761+0000] {taskinstance.py:1380} INFO - Executing <Task(BashOperator): task3> on 2023-09-02 00:00:00+00:00
[2023-09-18T13:55:16.773+0000] {standard_task_runner.py:57} INFO - Started process 5286 to run task
[2023-09-18T13:55:16.782+0000] {standard_task_runner.py:84} INFO - Running: ['***', 'tasks', 'run', '6.1-monitoring', 'task3', 'scheduled__2023-09-02T00:00:00+00:00', '--job-id', '453', '--raw', '--subdir', 'DAGS_FOLDER/6.1-monitoring.py', '--cfg-path', '/tmp/tmp8m5a28of']
[2023-09-18T13:55:16.788+0000] {standard_task_runner.py:85} INFO - Job 453: Subtask task3
[2023-09-18T13:55:16.954+0000] {task_command.py:415} INFO - Running <TaskInstance: 6.1-monitoring.task3 scheduled__2023-09-02T00:00:00+00:00 [running]> on host e891a57bf0af
[2023-09-18T13:55:17.165+0000] {taskinstance.py:1660} INFO - Exporting env vars: AIRFLOW_CTX_DAG_OWNER='***' AIRFLOW_CTX_DAG_ID='6.1-monitoring' AIRFLOW_CTX_TASK_ID='task3' AIRFLOW_CTX_EXECUTION_DATE='2023-09-02T00:00:00+00:00' AIRFLOW_CTX_TRY_NUMBER='1' AIRFLOW_CTX_DAG_RUN_ID='scheduled__2023-09-02T00:00:00+00:00'
[2023-09-18T13:55:17.171+0000] {subprocess.py:63} INFO - Tmp dir root location: /tmp
[2023-09-18T13:55:17.174+0000] {subprocess.py:75} INFO - Running command: ['/bin/bash', '-c', "sleep 2 && echo 'Task 3'"]
[2023-09-18T13:55:17.197+0000] {subprocess.py:86} INFO - Output:
[2023-09-18T13:55:19.207+0000] {subprocess.py:93} INFO - Task 3
[2023-09-18T13:55:19.208+0000] {subprocess.py:97} INFO - Command exited with return code 0
[2023-09-18T13:55:19.271+0000] {taskinstance.py:1398} INFO - Marking task as SUCCESS. dag_id=6.1-monitoring, task_id=task3, execution_date=20230902T000000, start_date=20230918T135516, end_date=20230918T135519
[2023-09-18T13:55:19.349+0000] {local_task_job_runner.py:228} INFO - Task exited with return code 0
[2023-09-18T13:55:19.412+0000] {taskinstance.py:2776} INFO - 1 downstream tasks scheduled from follow-on schedule check
