[2023-09-18T13:03:40.293+0000] {taskinstance.py:1157} INFO - Dependencies all met for dep_context=non-requeueable deps ti=<TaskInstance: 5.1-orchestration.task1 scheduled__2023-09-16T00:00:00+00:00 [queued]>
[2023-09-18T13:03:40.319+0000] {taskinstance.py:1157} INFO - Dependencies all met for dep_context=requeueable deps ti=<TaskInstance: 5.1-orchestration.task1 scheduled__2023-09-16T00:00:00+00:00 [queued]>
[2023-09-18T13:03:40.320+0000] {taskinstance.py:1359} INFO - Starting attempt 1 of 1
[2023-09-18T13:03:40.336+0000] {taskinstance.py:1380} INFO - Executing <Task(BashOperator): task1> on 2023-09-16 00:00:00+00:00
[2023-09-18T13:03:40.346+0000] {standard_task_runner.py:57} INFO - Started process 3179 to run task
[2023-09-18T13:03:40.352+0000] {standard_task_runner.py:84} INFO - Running: ['***', 'tasks', 'run', '5.1-orchestration', 'task1', 'scheduled__2023-09-16T00:00:00+00:00', '--job-id', '92', '--raw', '--subdir', 'DAGS_FOLDER/5.1-orchestration.py', '--cfg-path', '/tmp/tmprslf72wn']
[2023-09-18T13:03:40.355+0000] {standard_task_runner.py:85} INFO - Job 92: Subtask task1
[2023-09-18T13:03:40.469+0000] {task_command.py:415} INFO - Running <TaskInstance: 5.1-orchestration.task1 scheduled__2023-09-16T00:00:00+00:00 [running]> on host e891a57bf0af
[2023-09-18T13:03:40.657+0000] {taskinstance.py:1660} INFO - Exporting env vars: AIRFLOW_CTX_DAG_OWNER='***' AIRFLOW_CTX_DAG_ID='5.1-orchestration' AIRFLOW_CTX_TASK_ID='task1' AIRFLOW_CTX_EXECUTION_DATE='2023-09-16T00:00:00+00:00' AIRFLOW_CTX_TRY_NUMBER='1' AIRFLOW_CTX_DAG_RUN_ID='scheduled__2023-09-16T00:00:00+00:00'
[2023-09-18T13:03:40.667+0000] {subprocess.py:63} INFO - Tmp dir root location: /tmp
[2023-09-18T13:03:40.670+0000] {subprocess.py:75} INFO - Running command: ['/bin/bash', '-c', "sleep 2 && echo 'Task 1'"]
[2023-09-18T13:03:40.690+0000] {subprocess.py:86} INFO - Output:
[2023-09-18T13:03:42.736+0000] {subprocess.py:93} INFO - Task 1
[2023-09-18T13:03:42.737+0000] {subprocess.py:97} INFO - Command exited with return code 0
[2023-09-18T13:03:42.788+0000] {taskinstance.py:1398} INFO - Marking task as SUCCESS. dag_id=5.1-orchestration, task_id=task1, execution_date=20230916T000000, start_date=20230918T130340, end_date=20230918T130342
[2023-09-18T13:03:42.830+0000] {local_task_job_runner.py:228} INFO - Task exited with return code 0
[2023-09-18T13:03:42.888+0000] {taskinstance.py:2776} INFO - 1 downstream tasks scheduled from follow-on schedule check
[2023-09-18T13:25:15.438+0000] {taskinstance.py:1157} INFO - Dependencies all met for dep_context=non-requeueable deps ti=<TaskInstance: 5.1-orchestration.task1 scheduled__2023-09-16T00:00:00+00:00 [queued]>
[2023-09-18T13:25:15.532+0000] {taskinstance.py:1157} INFO - Dependencies all met for dep_context=requeueable deps ti=<TaskInstance: 5.1-orchestration.task1 scheduled__2023-09-16T00:00:00+00:00 [queued]>
[2023-09-18T13:25:15.533+0000] {taskinstance.py:1359} INFO - Starting attempt 1 of 1
[2023-09-18T13:25:15.548+0000] {taskinstance.py:1380} INFO - Executing <Task(BashOperator): task1> on 2023-09-16 00:00:00+00:00
[2023-09-18T13:25:15.553+0000] {standard_task_runner.py:57} INFO - Started process 3818 to run task
[2023-09-18T13:25:15.556+0000] {standard_task_runner.py:84} INFO - Running: ['***', 'tasks', 'run', '5.1-orchestration', 'task1', 'scheduled__2023-09-16T00:00:00+00:00', '--job-id', '169', '--raw', '--subdir', 'DAGS_FOLDER/5.1-orchestration.py', '--cfg-path', '/tmp/tmprhf8fy3j']
[2023-09-18T13:25:15.558+0000] {standard_task_runner.py:85} INFO - Job 169: Subtask task1
[2023-09-18T13:25:15.612+0000] {task_command.py:415} INFO - Running <TaskInstance: 5.1-orchestration.task1 scheduled__2023-09-16T00:00:00+00:00 [running]> on host e891a57bf0af
[2023-09-18T13:25:15.706+0000] {taskinstance.py:1660} INFO - Exporting env vars: AIRFLOW_CTX_DAG_OWNER='***' AIRFLOW_CTX_DAG_ID='5.1-orchestration' AIRFLOW_CTX_TASK_ID='task1' AIRFLOW_CTX_EXECUTION_DATE='2023-09-16T00:00:00+00:00' AIRFLOW_CTX_TRY_NUMBER='1' AIRFLOW_CTX_DAG_RUN_ID='scheduled__2023-09-16T00:00:00+00:00'
[2023-09-18T13:25:15.707+0000] {subprocess.py:63} INFO - Tmp dir root location: /tmp
[2023-09-18T13:25:15.708+0000] {subprocess.py:75} INFO - Running command: ['/bin/bash', '-c', "sleep 2 && echo 'Task 1'"]
[2023-09-18T13:25:15.718+0000] {subprocess.py:86} INFO - Output:
[2023-09-18T13:25:17.722+0000] {subprocess.py:93} INFO - Task 1
[2023-09-18T13:25:17.723+0000] {subprocess.py:97} INFO - Command exited with return code 0
[2023-09-18T13:25:17.754+0000] {taskinstance.py:1398} INFO - Marking task as SUCCESS. dag_id=5.1-orchestration, task_id=task1, execution_date=20230916T000000, start_date=20230918T132515, end_date=20230918T132517
[2023-09-18T13:25:17.785+0000] {local_task_job_runner.py:228} INFO - Task exited with return code 0
[2023-09-18T13:25:17.822+0000] {taskinstance.py:2776} INFO - 1 downstream tasks scheduled from follow-on schedule check
