[2023-09-18T13:03:48.208+0000] {taskinstance.py:1157} INFO - Dependencies all met for dep_context=non-requeueable deps ti=<TaskInstance: 5.1-orchestration.task4 scheduled__2023-09-16T00:00:00+00:00 [queued]>
[2023-09-18T13:03:48.228+0000] {taskinstance.py:1157} INFO - Dependencies all met for dep_context=requeueable deps ti=<TaskInstance: 5.1-orchestration.task4 scheduled__2023-09-16T00:00:00+00:00 [queued]>
[2023-09-18T13:03:48.230+0000] {taskinstance.py:1359} INFO - Starting attempt 1 of 1
[2023-09-18T13:03:48.245+0000] {taskinstance.py:1380} INFO - Executing <Task(BashOperator): task4> on 2023-09-16 00:00:00+00:00
[2023-09-18T13:03:48.253+0000] {standard_task_runner.py:57} INFO - Started process 3218 to run task
[2023-09-18T13:03:48.256+0000] {standard_task_runner.py:84} INFO - Running: ['***', 'tasks', 'run', '5.1-orchestration', 'task4', 'scheduled__2023-09-16T00:00:00+00:00', '--job-id', '100', '--raw', '--subdir', 'DAGS_FOLDER/5.1-orchestration.py', '--cfg-path', '/tmp/tmp7fab0v2_']
[2023-09-18T13:03:48.258+0000] {standard_task_runner.py:85} INFO - Job 100: Subtask task4
[2023-09-18T13:03:48.324+0000] {task_command.py:415} INFO - Running <TaskInstance: 5.1-orchestration.task4 scheduled__2023-09-16T00:00:00+00:00 [running]> on host e891a57bf0af
[2023-09-18T13:03:48.433+0000] {taskinstance.py:1660} INFO - Exporting env vars: AIRFLOW_CTX_DAG_OWNER='***' AIRFLOW_CTX_DAG_ID='5.1-orchestration' AIRFLOW_CTX_TASK_ID='task4' AIRFLOW_CTX_EXECUTION_DATE='2023-09-16T00:00:00+00:00' AIRFLOW_CTX_TRY_NUMBER='1' AIRFLOW_CTX_DAG_RUN_ID='scheduled__2023-09-16T00:00:00+00:00'
[2023-09-18T13:03:48.446+0000] {subprocess.py:63} INFO - Tmp dir root location: /tmp
[2023-09-18T13:03:48.448+0000] {subprocess.py:75} INFO - Running command: ['/bin/bash', '-c', "sleep 2 && echo 'Task 4'"]
[2023-09-18T13:03:48.464+0000] {subprocess.py:86} INFO - Output:
[2023-09-18T13:03:50.512+0000] {subprocess.py:93} INFO - Task 4
[2023-09-18T13:03:50.512+0000] {subprocess.py:97} INFO - Command exited with return code 0
[2023-09-18T13:03:50.546+0000] {taskinstance.py:1398} INFO - Marking task as SUCCESS. dag_id=5.1-orchestration, task_id=task4, execution_date=20230916T000000, start_date=20230918T130348, end_date=20230918T130350
[2023-09-18T13:03:50.599+0000] {local_task_job_runner.py:228} INFO - Task exited with return code 0
[2023-09-18T13:03:50.620+0000] {taskinstance.py:2776} INFO - 0 downstream tasks scheduled from follow-on schedule check
[2023-09-18T13:25:22.665+0000] {taskinstance.py:1157} INFO - Dependencies all met for dep_context=non-requeueable deps ti=<TaskInstance: 5.1-orchestration.task4 scheduled__2023-09-16T00:00:00+00:00 [queued]>
[2023-09-18T13:25:22.680+0000] {taskinstance.py:1157} INFO - Dependencies all met for dep_context=requeueable deps ti=<TaskInstance: 5.1-orchestration.task4 scheduled__2023-09-16T00:00:00+00:00 [queued]>
[2023-09-18T13:25:22.681+0000] {taskinstance.py:1359} INFO - Starting attempt 1 of 1
[2023-09-18T13:25:22.697+0000] {taskinstance.py:1380} INFO - Executing <Task(BashOperator): task4> on 2023-09-16 00:00:00+00:00
[2023-09-18T13:25:22.702+0000] {standard_task_runner.py:57} INFO - Started process 3828 to run task
[2023-09-18T13:25:22.706+0000] {standard_task_runner.py:84} INFO - Running: ['***', 'tasks', 'run', '5.1-orchestration', 'task4', 'scheduled__2023-09-16T00:00:00+00:00', '--job-id', '172', '--raw', '--subdir', 'DAGS_FOLDER/5.1-orchestration.py', '--cfg-path', '/tmp/tmpi1f3liza']
[2023-09-18T13:25:22.708+0000] {standard_task_runner.py:85} INFO - Job 172: Subtask task4
[2023-09-18T13:25:22.763+0000] {task_command.py:415} INFO - Running <TaskInstance: 5.1-orchestration.task4 scheduled__2023-09-16T00:00:00+00:00 [running]> on host e891a57bf0af
[2023-09-18T13:25:22.856+0000] {taskinstance.py:1660} INFO - Exporting env vars: AIRFLOW_CTX_DAG_OWNER='***' AIRFLOW_CTX_DAG_ID='5.1-orchestration' AIRFLOW_CTX_TASK_ID='task4' AIRFLOW_CTX_EXECUTION_DATE='2023-09-16T00:00:00+00:00' AIRFLOW_CTX_TRY_NUMBER='1' AIRFLOW_CTX_DAG_RUN_ID='scheduled__2023-09-16T00:00:00+00:00'
[2023-09-18T13:25:22.858+0000] {subprocess.py:63} INFO - Tmp dir root location: /tmp
[2023-09-18T13:25:22.860+0000] {subprocess.py:75} INFO - Running command: ['/bin/bash', '-c', "sleep 2 && echo 'Task 4'"]
[2023-09-18T13:25:22.871+0000] {subprocess.py:86} INFO - Output:
[2023-09-18T13:25:24.875+0000] {subprocess.py:93} INFO - Task 4
[2023-09-18T13:25:24.876+0000] {subprocess.py:97} INFO - Command exited with return code 0
[2023-09-18T13:25:24.908+0000] {taskinstance.py:1398} INFO - Marking task as SUCCESS. dag_id=5.1-orchestration, task_id=task4, execution_date=20230916T000000, start_date=20230918T132522, end_date=20230918T132524
[2023-09-18T13:25:25.012+0000] {local_task_job_runner.py:228} INFO - Task exited with return code 0
[2023-09-18T13:25:25.034+0000] {taskinstance.py:2776} INFO - 0 downstream tasks scheduled from follow-on schedule check
