[2023-09-18T13:53:20.230+0000] {taskinstance.py:1157} INFO - Dependencies all met for dep_context=non-requeueable deps ti=<TaskInstance: 6.1-monitoring.task4 scheduled__2023-09-11T00:00:00+00:00 [queued]>
[2023-09-18T13:53:20.248+0000] {taskinstance.py:1157} INFO - Dependencies all met for dep_context=requeueable deps ti=<TaskInstance: 6.1-monitoring.task4 scheduled__2023-09-11T00:00:00+00:00 [queued]>
[2023-09-18T13:53:20.249+0000] {taskinstance.py:1359} INFO - Starting attempt 1 of 1
[2023-09-18T13:53:20.272+0000] {taskinstance.py:1380} INFO - Executing <Task(PythonOperator): task4> on 2023-09-11 00:00:00+00:00
[2023-09-18T13:53:20.283+0000] {standard_task_runner.py:57} INFO - Started process 5087 to run task
[2023-09-18T13:53:20.289+0000] {standard_task_runner.py:84} INFO - Running: ['***', 'tasks', 'run', '6.1-monitoring', 'task4', 'scheduled__2023-09-11T00:00:00+00:00', '--job-id', '407', '--raw', '--subdir', 'DAGS_FOLDER/6.1-monitoring.py', '--cfg-path', '/tmp/tmpljpgse_x']
[2023-09-18T13:53:20.291+0000] {standard_task_runner.py:85} INFO - Job 407: Subtask task4
[2023-09-18T13:53:20.376+0000] {task_command.py:415} INFO - Running <TaskInstance: 6.1-monitoring.task4 scheduled__2023-09-11T00:00:00+00:00 [running]> on host e891a57bf0af
[2023-09-18T13:53:20.506+0000] {taskinstance.py:1660} INFO - Exporting env vars: AIRFLOW_CTX_DAG_OWNER='***' AIRFLOW_CTX_DAG_ID='6.1-monitoring' AIRFLOW_CTX_TASK_ID='task4' AIRFLOW_CTX_EXECUTION_DATE='2023-09-11T00:00:00+00:00' AIRFLOW_CTX_TRY_NUMBER='1' AIRFLOW_CTX_DAG_RUN_ID='scheduled__2023-09-11T00:00:00+00:00'
[2023-09-18T13:53:20.507+0000] {python.py:194} INFO - Done. Returned value was: None
[2023-09-18T13:53:20.522+0000] {taskinstance.py:1398} INFO - Marking task as SUCCESS. dag_id=6.1-monitoring, task_id=task4, execution_date=20230911T000000, start_date=20230918T135320, end_date=20230918T135320
[2023-09-18T13:53:20.582+0000] {local_task_job_runner.py:228} INFO - Task exited with return code 0
[2023-09-18T13:53:20.616+0000] {taskinstance.py:2776} INFO - 1 downstream tasks scheduled from follow-on schedule check
[2023-09-18T13:55:24.314+0000] {taskinstance.py:1157} INFO - Dependencies all met for dep_context=non-requeueable deps ti=<TaskInstance: 6.1-monitoring.task4 scheduled__2023-09-11T00:00:00+00:00 [queued]>
[2023-09-18T13:55:24.385+0000] {taskinstance.py:1157} INFO - Dependencies all met for dep_context=requeueable deps ti=<TaskInstance: 6.1-monitoring.task4 scheduled__2023-09-11T00:00:00+00:00 [queued]>
[2023-09-18T13:55:24.387+0000] {taskinstance.py:1359} INFO - Starting attempt 1 of 1
[2023-09-18T13:55:24.498+0000] {taskinstance.py:1380} INFO - Executing <Task(PythonOperator): task4> on 2023-09-11 00:00:00+00:00
[2023-09-18T13:55:24.531+0000] {standard_task_runner.py:57} INFO - Started process 5339 to run task
[2023-09-18T13:55:24.542+0000] {standard_task_runner.py:84} INFO - Running: ['***', 'tasks', 'run', '6.1-monitoring', 'task4', 'scheduled__2023-09-11T00:00:00+00:00', '--job-id', '471', '--raw', '--subdir', 'DAGS_FOLDER/6.1-monitoring.py', '--cfg-path', '/tmp/tmpq4p4g6ln']
[2023-09-18T13:55:24.582+0000] {standard_task_runner.py:85} INFO - Job 471: Subtask task4
[2023-09-18T13:55:24.760+0000] {task_command.py:415} INFO - Running <TaskInstance: 6.1-monitoring.task4 scheduled__2023-09-11T00:00:00+00:00 [running]> on host e891a57bf0af
[2023-09-18T13:55:24.939+0000] {taskinstance.py:1660} INFO - Exporting env vars: AIRFLOW_CTX_DAG_OWNER='***' AIRFLOW_CTX_DAG_ID='6.1-monitoring' AIRFLOW_CTX_TASK_ID='task4' AIRFLOW_CTX_EXECUTION_DATE='2023-09-11T00:00:00+00:00' AIRFLOW_CTX_TRY_NUMBER='1' AIRFLOW_CTX_DAG_RUN_ID='scheduled__2023-09-11T00:00:00+00:00'
[2023-09-18T13:55:24.941+0000] {python.py:194} INFO - Done. Returned value was: None
[2023-09-18T13:55:24.961+0000] {taskinstance.py:1398} INFO - Marking task as SUCCESS. dag_id=6.1-monitoring, task_id=task4, execution_date=20230911T000000, start_date=20230918T135524, end_date=20230918T135524
[2023-09-18T13:55:25.002+0000] {local_task_job_runner.py:228} INFO - Task exited with return code 0
[2023-09-18T13:55:25.035+0000] {taskinstance.py:2776} INFO - 1 downstream tasks scheduled from follow-on schedule check
