[2023-09-19T13:02:33.570+0000] {taskinstance.py:1157} INFO - Dependencies all met for dep_context=non-requeueable deps ti=<TaskInstance: 7.3-externalTaskSensor.creating_file scheduled__2023-09-06T00:00:00+00:00 [queued]>
[2023-09-19T13:02:33.583+0000] {taskinstance.py:1157} INFO - Dependencies all met for dep_context=requeueable deps ti=<TaskInstance: 7.3-externalTaskSensor.creating_file scheduled__2023-09-06T00:00:00+00:00 [queued]>
[2023-09-19T13:02:33.584+0000] {taskinstance.py:1359} INFO - Starting attempt 1 of 1
[2023-09-19T13:02:33.604+0000] {taskinstance.py:1380} INFO - Executing <Task(BashOperator): creating_file> on 2023-09-06 00:00:00+00:00
[2023-09-19T13:02:33.610+0000] {standard_task_runner.py:57} INFO - Started process 1055 to run task
[2023-09-19T13:02:33.616+0000] {standard_task_runner.py:84} INFO - Running: ['***', 'tasks', 'run', '7.3-externalTaskSensor', 'creating_file', 'scheduled__2023-09-06T00:00:00+00:00', '--job-id', '603', '--raw', '--subdir', 'DAGS_FOLDER/7.3-ExternalTaskSensor.py', '--cfg-path', '/tmp/tmpyaywfh92']
[2023-09-19T13:02:33.617+0000] {standard_task_runner.py:85} INFO - Job 603: Subtask creating_file
[2023-09-19T13:02:33.667+0000] {task_command.py:415} INFO - Running <TaskInstance: 7.3-externalTaskSensor.creating_file scheduled__2023-09-06T00:00:00+00:00 [running]> on host e891a57bf0af
[2023-09-19T13:02:33.744+0000] {taskinstance.py:1660} INFO - Exporting env vars: AIRFLOW_CTX_DAG_OWNER='***' AIRFLOW_CTX_DAG_ID='7.3-externalTaskSensor' AIRFLOW_CTX_TASK_ID='creating_file' AIRFLOW_CTX_EXECUTION_DATE='2023-09-06T00:00:00+00:00' AIRFLOW_CTX_TRY_NUMBER='1' AIRFLOW_CTX_DAG_RUN_ID='scheduled__2023-09-06T00:00:00+00:00'
[2023-09-19T13:02:33.746+0000] {subprocess.py:63} INFO - Tmp dir root location: /tmp
[2023-09-19T13:02:33.747+0000] {subprocess.py:75} INFO - Running command: ['/bin/bash', '-c', 'sleep 10 && touch /tmp/file.txt']
[2023-09-19T13:02:33.757+0000] {subprocess.py:86} INFO - Output:
[2023-09-19T13:02:43.762+0000] {subprocess.py:97} INFO - Command exited with return code 0
[2023-09-19T13:02:43.795+0000] {taskinstance.py:1398} INFO - Marking task as SUCCESS. dag_id=7.3-externalTaskSensor, task_id=creating_file, execution_date=20230906T000000, start_date=20230919T130233, end_date=20230919T130243
[2023-09-19T13:02:43.846+0000] {local_task_job_runner.py:228} INFO - Task exited with return code 0
[2023-09-19T13:02:43.874+0000] {taskinstance.py:2776} INFO - 1 downstream tasks scheduled from follow-on schedule check
[2023-09-19T13:39:09.099+0000] {taskinstance.py:1157} INFO - Dependencies all met for dep_context=non-requeueable deps ti=<TaskInstance: 7.3-externalTaskSensor.creating_file scheduled__2023-09-06T00:00:00+00:00 [queued]>
[2023-09-19T13:39:09.159+0000] {taskinstance.py:1157} INFO - Dependencies all met for dep_context=requeueable deps ti=<TaskInstance: 7.3-externalTaskSensor.creating_file scheduled__2023-09-06T00:00:00+00:00 [queued]>
[2023-09-19T13:39:09.160+0000] {taskinstance.py:1359} INFO - Starting attempt 1 of 1
[2023-09-19T13:39:09.186+0000] {taskinstance.py:1380} INFO - Executing <Task(BashOperator): creating_file> on 2023-09-06 00:00:00+00:00
[2023-09-19T13:39:09.190+0000] {standard_task_runner.py:57} INFO - Started process 1695 to run task
[2023-09-19T13:39:09.195+0000] {standard_task_runner.py:84} INFO - Running: ['***', 'tasks', 'run', '7.3-externalTaskSensor', 'creating_file', 'scheduled__2023-09-06T00:00:00+00:00', '--job-id', '628', '--raw', '--subdir', 'DAGS_FOLDER/7.3-ExternalTaskSensor.py', '--cfg-path', '/tmp/tmpubqbkkrn']
[2023-09-19T13:39:09.198+0000] {standard_task_runner.py:85} INFO - Job 628: Subtask creating_file
[2023-09-19T13:39:09.285+0000] {task_command.py:415} INFO - Running <TaskInstance: 7.3-externalTaskSensor.creating_file scheduled__2023-09-06T00:00:00+00:00 [running]> on host e891a57bf0af
[2023-09-19T13:39:09.476+0000] {taskinstance.py:1660} INFO - Exporting env vars: AIRFLOW_CTX_DAG_OWNER='***' AIRFLOW_CTX_DAG_ID='7.3-externalTaskSensor' AIRFLOW_CTX_TASK_ID='creating_file' AIRFLOW_CTX_EXECUTION_DATE='2023-09-06T00:00:00+00:00' AIRFLOW_CTX_TRY_NUMBER='1' AIRFLOW_CTX_DAG_RUN_ID='scheduled__2023-09-06T00:00:00+00:00'
[2023-09-19T13:39:09.482+0000] {subprocess.py:63} INFO - Tmp dir root location: /tmp
[2023-09-19T13:39:09.486+0000] {subprocess.py:75} INFO - Running command: ['/bin/bash', '-c', 'sleep 10 && touch /tmp/file.txt']
[2023-09-19T13:39:09.507+0000] {subprocess.py:86} INFO - Output:
[2023-09-19T13:39:19.517+0000] {subprocess.py:97} INFO - Command exited with return code 0
[2023-09-19T13:39:19.552+0000] {taskinstance.py:1398} INFO - Marking task as SUCCESS. dag_id=7.3-externalTaskSensor, task_id=creating_file, execution_date=20230906T000000, start_date=20230919T133909, end_date=20230919T133919
[2023-09-19T13:39:19.606+0000] {local_task_job_runner.py:228} INFO - Task exited with return code 0
[2023-09-19T13:39:19.634+0000] {taskinstance.py:2776} INFO - 1 downstream tasks scheduled from follow-on schedule check
