[2023-09-22T12:58:23.401+0000] {taskinstance.py:1157} INFO - Dependencies all met for dep_context=non-requeueable deps ti=<TaskInstance: 8.templating.task1 scheduled__2023-09-18T00:00:00+00:00 [queued]>
[2023-09-22T12:58:23.488+0000] {taskinstance.py:1157} INFO - Dependencies all met for dep_context=requeueable deps ti=<TaskInstance: 8.templating.task1 scheduled__2023-09-18T00:00:00+00:00 [queued]>
[2023-09-22T12:58:23.495+0000] {taskinstance.py:1359} INFO - Starting attempt 1 of 1
[2023-09-22T12:58:23.575+0000] {taskinstance.py:1380} INFO - Executing <Task(BashOperator): task1> on 2023-09-18 00:00:00+00:00
[2023-09-22T12:58:23.624+0000] {standard_task_runner.py:57} INFO - Started process 691 to run task
[2023-09-22T12:58:23.648+0000] {standard_task_runner.py:84} INFO - Running: ['***', 'tasks', 'run', '8.templating', 'task1', 'scheduled__2023-09-18T00:00:00+00:00', '--job-id', '3', '--raw', '--subdir', 'DAGS_FOLDER/8.templating.py', '--cfg-path', '/tmp/tmph4ttly1f']
[2023-09-22T12:58:23.665+0000] {standard_task_runner.py:85} INFO - Job 3: Subtask task1
[2023-09-22T12:58:23.865+0000] {task_command.py:415} INFO - Running <TaskInstance: 8.templating.task1 scheduled__2023-09-18T00:00:00+00:00 [running]> on host 9dc9e210761a
[2023-09-22T12:58:24.383+0000] {taskinstance.py:1660} INFO - Exporting env vars: AIRFLOW_CTX_DAG_OWNER='***' AIRFLOW_CTX_DAG_ID='8.templating' AIRFLOW_CTX_TASK_ID='task1' AIRFLOW_CTX_EXECUTION_DATE='2023-09-18T00:00:00+00:00' AIRFLOW_CTX_TRY_NUMBER='1' AIRFLOW_CTX_DAG_RUN_ID='scheduled__2023-09-18T00:00:00+00:00'
[2023-09-22T12:58:24.432+0000] {subprocess.py:63} INFO - Tmp dir root location: /tmp
[2023-09-22T12:58:24.448+0000] {subprocess.py:75} INFO - Running command: ['/bin/bash', '-c', '\n\n    echo "2023-09-18"\n    echo "file1.txt"\n\n    echo "2023-09-18"\n    echo "file2.txt"\n']
[2023-09-22T12:58:24.538+0000] {subprocess.py:86} INFO - Output:
[2023-09-22T12:58:24.559+0000] {subprocess.py:93} INFO - 2023-09-18
[2023-09-22T12:58:24.563+0000] {subprocess.py:93} INFO - file1.txt
[2023-09-22T12:58:24.566+0000] {subprocess.py:93} INFO - 2023-09-18
[2023-09-22T12:58:24.568+0000] {subprocess.py:93} INFO - file2.txt
[2023-09-22T12:58:24.573+0000] {subprocess.py:97} INFO - Command exited with return code 0
[2023-09-22T12:58:24.781+0000] {taskinstance.py:1398} INFO - Marking task as SUCCESS. dag_id=8.templating, task_id=task1, execution_date=20230918T000000, start_date=20230922T125823, end_date=20230922T125824
[2023-09-22T12:58:24.943+0000] {local_task_job_runner.py:228} INFO - Task exited with return code 0
[2023-09-22T12:58:27.091+0000] {taskinstance.py:2776} INFO - 0 downstream tasks scheduled from follow-on schedule check
