[2023-09-18T13:03:24.661+0000] {taskinstance.py:1157} INFO - Dependencies all met for dep_context=non-requeueable deps ti=<TaskInstance: 5.1-orchestration.task2 scheduled__2023-09-11T00:00:00+00:00 [queued]>
[2023-09-18T13:03:24.681+0000] {taskinstance.py:1157} INFO - Dependencies all met for dep_context=requeueable deps ti=<TaskInstance: 5.1-orchestration.task2 scheduled__2023-09-11T00:00:00+00:00 [queued]>
[2023-09-18T13:03:24.682+0000] {taskinstance.py:1359} INFO - Starting attempt 1 of 1
[2023-09-18T13:03:24.701+0000] {taskinstance.py:1380} INFO - Executing <Task(BashOperator): task2> on 2023-09-11 00:00:00+00:00
[2023-09-18T13:03:24.708+0000] {standard_task_runner.py:57} INFO - Started process 3117 to run task
[2023-09-18T13:03:24.713+0000] {standard_task_runner.py:84} INFO - Running: ['***', 'tasks', 'run', '5.1-orchestration', 'task2', 'scheduled__2023-09-11T00:00:00+00:00', '--job-id', '78', '--raw', '--subdir', 'DAGS_FOLDER/5.1-orchestration.py', '--cfg-path', '/tmp/tmp7dxb2x61']
[2023-09-18T13:03:24.715+0000] {standard_task_runner.py:85} INFO - Job 78: Subtask task2
[2023-09-18T13:03:24.777+0000] {task_command.py:415} INFO - Running <TaskInstance: 5.1-orchestration.task2 scheduled__2023-09-11T00:00:00+00:00 [running]> on host e891a57bf0af
[2023-09-18T13:03:24.877+0000] {taskinstance.py:1660} INFO - Exporting env vars: AIRFLOW_CTX_DAG_OWNER='***' AIRFLOW_CTX_DAG_ID='5.1-orchestration' AIRFLOW_CTX_TASK_ID='task2' AIRFLOW_CTX_EXECUTION_DATE='2023-09-11T00:00:00+00:00' AIRFLOW_CTX_TRY_NUMBER='1' AIRFLOW_CTX_DAG_RUN_ID='scheduled__2023-09-11T00:00:00+00:00'
[2023-09-18T13:03:24.885+0000] {subprocess.py:63} INFO - Tmp dir root location: /tmp
[2023-09-18T13:03:24.887+0000] {subprocess.py:75} INFO - Running command: ['/bin/bash', '-c', "sleep 2 && echo 'Task 2'"]
[2023-09-18T13:03:24.904+0000] {subprocess.py:86} INFO - Output:
[2023-09-18T13:03:26.954+0000] {subprocess.py:93} INFO - Task 2
[2023-09-18T13:03:26.962+0000] {subprocess.py:97} INFO - Command exited with return code 0
[2023-09-18T13:03:27.005+0000] {taskinstance.py:1398} INFO - Marking task as SUCCESS. dag_id=5.1-orchestration, task_id=task2, execution_date=20230911T000000, start_date=20230918T130324, end_date=20230918T130327
[2023-09-18T13:03:27.061+0000] {local_task_job_runner.py:228} INFO - Task exited with return code 0
[2023-09-18T13:03:27.092+0000] {taskinstance.py:2776} INFO - 2 downstream tasks scheduled from follow-on schedule check
[2023-09-18T13:24:25.448+0000] {taskinstance.py:1157} INFO - Dependencies all met for dep_context=non-requeueable deps ti=<TaskInstance: 5.1-orchestration.task2 scheduled__2023-09-11T00:00:00+00:00 [queued]>
[2023-09-18T13:24:25.461+0000] {taskinstance.py:1157} INFO - Dependencies all met for dep_context=requeueable deps ti=<TaskInstance: 5.1-orchestration.task2 scheduled__2023-09-11T00:00:00+00:00 [queued]>
[2023-09-18T13:24:25.462+0000] {taskinstance.py:1359} INFO - Starting attempt 1 of 1
[2023-09-18T13:24:25.481+0000] {taskinstance.py:1380} INFO - Executing <Task(BashOperator): task2> on 2023-09-11 00:00:00+00:00
[2023-09-18T13:24:25.486+0000] {standard_task_runner.py:57} INFO - Started process 3725 to run task
[2023-09-18T13:24:25.490+0000] {standard_task_runner.py:84} INFO - Running: ['***', 'tasks', 'run', '5.1-orchestration', 'task2', 'scheduled__2023-09-11T00:00:00+00:00', '--job-id', '150', '--raw', '--subdir', 'DAGS_FOLDER/5.1-orchestration.py', '--cfg-path', '/tmp/tmp7pbq4adn']
[2023-09-18T13:24:25.492+0000] {standard_task_runner.py:85} INFO - Job 150: Subtask task2
[2023-09-18T13:24:25.545+0000] {task_command.py:415} INFO - Running <TaskInstance: 5.1-orchestration.task2 scheduled__2023-09-11T00:00:00+00:00 [running]> on host e891a57bf0af
[2023-09-18T13:24:25.632+0000] {taskinstance.py:1660} INFO - Exporting env vars: AIRFLOW_CTX_DAG_OWNER='***' AIRFLOW_CTX_DAG_ID='5.1-orchestration' AIRFLOW_CTX_TASK_ID='task2' AIRFLOW_CTX_EXECUTION_DATE='2023-09-11T00:00:00+00:00' AIRFLOW_CTX_TRY_NUMBER='1' AIRFLOW_CTX_DAG_RUN_ID='scheduled__2023-09-11T00:00:00+00:00'
[2023-09-18T13:24:25.634+0000] {subprocess.py:63} INFO - Tmp dir root location: /tmp
[2023-09-18T13:24:25.635+0000] {subprocess.py:75} INFO - Running command: ['/bin/bash', '-c', "sleep 2 && echo 'Task 2'"]
[2023-09-18T13:24:25.644+0000] {subprocess.py:86} INFO - Output:
[2023-09-18T13:24:27.648+0000] {subprocess.py:93} INFO - Task 2
[2023-09-18T13:24:27.649+0000] {subprocess.py:97} INFO - Command exited with return code 0
[2023-09-18T13:24:27.679+0000] {taskinstance.py:1398} INFO - Marking task as SUCCESS. dag_id=5.1-orchestration, task_id=task2, execution_date=20230911T000000, start_date=20230918T132425, end_date=20230918T132427
[2023-09-18T13:24:27.723+0000] {local_task_job_runner.py:228} INFO - Task exited with return code 0
[2023-09-18T13:24:27.751+0000] {taskinstance.py:2776} INFO - 2 downstream tasks scheduled from follow-on schedule check
