[2023-09-18T13:03:07.195+0000] {taskinstance.py:1157} INFO - Dependencies all met for dep_context=non-requeueable deps ti=<TaskInstance: 5.1-orchestration.task4 scheduled__2023-09-06T00:00:00+00:00 [queued]>
[2023-09-18T13:03:07.215+0000] {taskinstance.py:1157} INFO - Dependencies all met for dep_context=requeueable deps ti=<TaskInstance: 5.1-orchestration.task4 scheduled__2023-09-06T00:00:00+00:00 [queued]>
[2023-09-18T13:03:07.216+0000] {taskinstance.py:1359} INFO - Starting attempt 1 of 1
[2023-09-18T13:03:07.236+0000] {taskinstance.py:1380} INFO - Executing <Task(BashOperator): task4> on 2023-09-06 00:00:00+00:00
[2023-09-18T13:03:07.244+0000] {standard_task_runner.py:57} INFO - Started process 3050 to run task
[2023-09-18T13:03:07.250+0000] {standard_task_runner.py:84} INFO - Running: ['***', 'tasks', 'run', '5.1-orchestration', 'task4', 'scheduled__2023-09-06T00:00:00+00:00', '--job-id', '60', '--raw', '--subdir', 'DAGS_FOLDER/5.1-orchestration.py', '--cfg-path', '/tmp/tmpo57cz1bz']
[2023-09-18T13:03:07.253+0000] {standard_task_runner.py:85} INFO - Job 60: Subtask task4
[2023-09-18T13:03:07.329+0000] {task_command.py:415} INFO - Running <TaskInstance: 5.1-orchestration.task4 scheduled__2023-09-06T00:00:00+00:00 [running]> on host e891a57bf0af
[2023-09-18T13:03:07.442+0000] {taskinstance.py:1660} INFO - Exporting env vars: AIRFLOW_CTX_DAG_OWNER='***' AIRFLOW_CTX_DAG_ID='5.1-orchestration' AIRFLOW_CTX_TASK_ID='task4' AIRFLOW_CTX_EXECUTION_DATE='2023-09-06T00:00:00+00:00' AIRFLOW_CTX_TRY_NUMBER='1' AIRFLOW_CTX_DAG_RUN_ID='scheduled__2023-09-06T00:00:00+00:00'
[2023-09-18T13:03:07.444+0000] {subprocess.py:63} INFO - Tmp dir root location: /tmp
[2023-09-18T13:03:07.446+0000] {subprocess.py:75} INFO - Running command: ['/bin/bash', '-c', "sleep 2 && echo 'Task 4'"]
[2023-09-18T13:03:07.461+0000] {subprocess.py:86} INFO - Output:
[2023-09-18T13:03:09.497+0000] {subprocess.py:93} INFO - Task 4
[2023-09-18T13:03:09.498+0000] {subprocess.py:97} INFO - Command exited with return code 0
[2023-09-18T13:03:09.540+0000] {taskinstance.py:1398} INFO - Marking task as SUCCESS. dag_id=5.1-orchestration, task_id=task4, execution_date=20230906T000000, start_date=20230918T130307, end_date=20230918T130309
[2023-09-18T13:03:09.595+0000] {local_task_job_runner.py:228} INFO - Task exited with return code 0
[2023-09-18T13:03:09.617+0000] {taskinstance.py:2776} INFO - 0 downstream tasks scheduled from follow-on schedule check
[2023-09-18T13:23:33.372+0000] {taskinstance.py:1157} INFO - Dependencies all met for dep_context=non-requeueable deps ti=<TaskInstance: 5.1-orchestration.task4 scheduled__2023-09-06T00:00:00+00:00 [queued]>
[2023-09-18T13:23:33.491+0000] {taskinstance.py:1157} INFO - Dependencies all met for dep_context=requeueable deps ti=<TaskInstance: 5.1-orchestration.task4 scheduled__2023-09-06T00:00:00+00:00 [queued]>
[2023-09-18T13:23:33.492+0000] {taskinstance.py:1359} INFO - Starting attempt 1 of 1
[2023-09-18T13:23:33.510+0000] {taskinstance.py:1380} INFO - Executing <Task(BashOperator): task4> on 2023-09-06 00:00:00+00:00
[2023-09-18T13:23:33.516+0000] {standard_task_runner.py:57} INFO - Started process 3633 to run task
[2023-09-18T13:23:33.520+0000] {standard_task_runner.py:84} INFO - Running: ['***', 'tasks', 'run', '5.1-orchestration', 'task4', 'scheduled__2023-09-06T00:00:00+00:00', '--job-id', '132', '--raw', '--subdir', 'DAGS_FOLDER/5.1-orchestration.py', '--cfg-path', '/tmp/tmpxjxkix4p']
[2023-09-18T13:23:33.522+0000] {standard_task_runner.py:85} INFO - Job 132: Subtask task4
[2023-09-18T13:23:33.583+0000] {task_command.py:415} INFO - Running <TaskInstance: 5.1-orchestration.task4 scheduled__2023-09-06T00:00:00+00:00 [running]> on host e891a57bf0af
[2023-09-18T13:23:33.705+0000] {taskinstance.py:1660} INFO - Exporting env vars: AIRFLOW_CTX_DAG_OWNER='***' AIRFLOW_CTX_DAG_ID='5.1-orchestration' AIRFLOW_CTX_TASK_ID='task4' AIRFLOW_CTX_EXECUTION_DATE='2023-09-06T00:00:00+00:00' AIRFLOW_CTX_TRY_NUMBER='1' AIRFLOW_CTX_DAG_RUN_ID='scheduled__2023-09-06T00:00:00+00:00'
[2023-09-18T13:23:33.709+0000] {subprocess.py:63} INFO - Tmp dir root location: /tmp
[2023-09-18T13:23:33.712+0000] {subprocess.py:75} INFO - Running command: ['/bin/bash', '-c', "sleep 2 && echo 'Task 4'"]
[2023-09-18T13:23:33.729+0000] {subprocess.py:86} INFO - Output:
[2023-09-18T13:23:35.735+0000] {subprocess.py:93} INFO - Task 4
[2023-09-18T13:23:35.736+0000] {subprocess.py:97} INFO - Command exited with return code 0
[2023-09-18T13:23:35.776+0000] {taskinstance.py:1398} INFO - Marking task as SUCCESS. dag_id=5.1-orchestration, task_id=task4, execution_date=20230906T000000, start_date=20230918T132333, end_date=20230918T132335
[2023-09-18T13:23:35.829+0000] {local_task_job_runner.py:228} INFO - Task exited with return code 0
[2023-09-18T13:23:35.850+0000] {taskinstance.py:2776} INFO - 0 downstream tasks scheduled from follow-on schedule check
