[2023-09-18T13:03:00.387+0000] {taskinstance.py:1157} INFO - Dependencies all met for dep_context=non-requeueable deps ti=<TaskInstance: 5.1-orchestration.task1 scheduled__2023-09-06T00:00:00+00:00 [queued]>
[2023-09-18T13:03:00.406+0000] {taskinstance.py:1157} INFO - Dependencies all met for dep_context=requeueable deps ti=<TaskInstance: 5.1-orchestration.task1 scheduled__2023-09-06T00:00:00+00:00 [queued]>
[2023-09-18T13:03:00.407+0000] {taskinstance.py:1359} INFO - Starting attempt 1 of 1
[2023-09-18T13:03:00.425+0000] {taskinstance.py:1380} INFO - Executing <Task(BashOperator): task1> on 2023-09-06 00:00:00+00:00
[2023-09-18T13:03:00.433+0000] {standard_task_runner.py:57} INFO - Started process 3011 to run task
[2023-09-18T13:03:00.437+0000] {standard_task_runner.py:84} INFO - Running: ['***', 'tasks', 'run', '5.1-orchestration', 'task1', 'scheduled__2023-09-06T00:00:00+00:00', '--job-id', '53', '--raw', '--subdir', 'DAGS_FOLDER/5.1-orchestration.py', '--cfg-path', '/tmp/tmpym6n83kn']
[2023-09-18T13:03:00.440+0000] {standard_task_runner.py:85} INFO - Job 53: Subtask task1
[2023-09-18T13:03:00.509+0000] {task_command.py:415} INFO - Running <TaskInstance: 5.1-orchestration.task1 scheduled__2023-09-06T00:00:00+00:00 [running]> on host e891a57bf0af
[2023-09-18T13:03:00.609+0000] {taskinstance.py:1660} INFO - Exporting env vars: AIRFLOW_CTX_DAG_OWNER='***' AIRFLOW_CTX_DAG_ID='5.1-orchestration' AIRFLOW_CTX_TASK_ID='task1' AIRFLOW_CTX_EXECUTION_DATE='2023-09-06T00:00:00+00:00' AIRFLOW_CTX_TRY_NUMBER='1' AIRFLOW_CTX_DAG_RUN_ID='scheduled__2023-09-06T00:00:00+00:00'
[2023-09-18T13:03:00.612+0000] {subprocess.py:63} INFO - Tmp dir root location: /tmp
[2023-09-18T13:03:00.613+0000] {subprocess.py:75} INFO - Running command: ['/bin/bash', '-c', "sleep 2 && echo 'Task 1'"]
[2023-09-18T13:03:00.629+0000] {subprocess.py:86} INFO - Output:
[2023-09-18T13:03:02.638+0000] {subprocess.py:93} INFO - Task 1
[2023-09-18T13:03:02.639+0000] {subprocess.py:97} INFO - Command exited with return code 0
[2023-09-18T13:03:02.674+0000] {taskinstance.py:1398} INFO - Marking task as SUCCESS. dag_id=5.1-orchestration, task_id=task1, execution_date=20230906T000000, start_date=20230918T130300, end_date=20230918T130302
[2023-09-18T13:03:02.717+0000] {local_task_job_runner.py:228} INFO - Task exited with return code 0
[2023-09-18T13:03:02.774+0000] {taskinstance.py:2776} INFO - 1 downstream tasks scheduled from follow-on schedule check
[2023-09-18T13:23:27.513+0000] {taskinstance.py:1157} INFO - Dependencies all met for dep_context=non-requeueable deps ti=<TaskInstance: 5.1-orchestration.task1 scheduled__2023-09-06T00:00:00+00:00 [queued]>
[2023-09-18T13:23:27.542+0000] {taskinstance.py:1157} INFO - Dependencies all met for dep_context=requeueable deps ti=<TaskInstance: 5.1-orchestration.task1 scheduled__2023-09-06T00:00:00+00:00 [queued]>
[2023-09-18T13:23:27.543+0000] {taskinstance.py:1359} INFO - Starting attempt 1 of 1
[2023-09-18T13:23:27.570+0000] {taskinstance.py:1380} INFO - Executing <Task(BashOperator): task1> on 2023-09-06 00:00:00+00:00
[2023-09-18T13:23:27.575+0000] {standard_task_runner.py:57} INFO - Started process 3624 to run task
[2023-09-18T13:23:27.580+0000] {standard_task_runner.py:84} INFO - Running: ['***', 'tasks', 'run', '5.1-orchestration', 'task1', 'scheduled__2023-09-06T00:00:00+00:00', '--job-id', '129', '--raw', '--subdir', 'DAGS_FOLDER/5.1-orchestration.py', '--cfg-path', '/tmp/tmp_b67xv2p']
[2023-09-18T13:23:27.583+0000] {standard_task_runner.py:85} INFO - Job 129: Subtask task1
[2023-09-18T13:23:27.640+0000] {task_command.py:415} INFO - Running <TaskInstance: 5.1-orchestration.task1 scheduled__2023-09-06T00:00:00+00:00 [running]> on host e891a57bf0af
[2023-09-18T13:23:27.739+0000] {taskinstance.py:1660} INFO - Exporting env vars: AIRFLOW_CTX_DAG_OWNER='***' AIRFLOW_CTX_DAG_ID='5.1-orchestration' AIRFLOW_CTX_TASK_ID='task1' AIRFLOW_CTX_EXECUTION_DATE='2023-09-06T00:00:00+00:00' AIRFLOW_CTX_TRY_NUMBER='1' AIRFLOW_CTX_DAG_RUN_ID='scheduled__2023-09-06T00:00:00+00:00'
[2023-09-18T13:23:27.740+0000] {subprocess.py:63} INFO - Tmp dir root location: /tmp
[2023-09-18T13:23:27.741+0000] {subprocess.py:75} INFO - Running command: ['/bin/bash', '-c', "sleep 2 && echo 'Task 1'"]
[2023-09-18T13:23:27.753+0000] {subprocess.py:86} INFO - Output:
[2023-09-18T13:23:29.757+0000] {subprocess.py:93} INFO - Task 1
[2023-09-18T13:23:29.758+0000] {subprocess.py:97} INFO - Command exited with return code 0
[2023-09-18T13:23:29.789+0000] {taskinstance.py:1398} INFO - Marking task as SUCCESS. dag_id=5.1-orchestration, task_id=task1, execution_date=20230906T000000, start_date=20230918T132327, end_date=20230918T132329
[2023-09-18T13:23:29.812+0000] {local_task_job_runner.py:228} INFO - Task exited with return code 0
[2023-09-18T13:23:29.854+0000] {taskinstance.py:2776} INFO - 1 downstream tasks scheduled from follow-on schedule check
