[2023-09-18T13:03:32.175+0000] {taskinstance.py:1157} INFO - Dependencies all met for dep_context=non-requeueable deps ti=<TaskInstance: 5.1-orchestration.task3 scheduled__2023-09-12T00:00:00+00:00 [queued]>
[2023-09-18T13:03:32.191+0000] {taskinstance.py:1157} INFO - Dependencies all met for dep_context=requeueable deps ti=<TaskInstance: 5.1-orchestration.task3 scheduled__2023-09-12T00:00:00+00:00 [queued]>
[2023-09-18T13:03:32.191+0000] {taskinstance.py:1359} INFO - Starting attempt 1 of 1
[2023-09-18T13:03:32.210+0000] {taskinstance.py:1380} INFO - Executing <Task(BashOperator): task3> on 2023-09-12 00:00:00+00:00
[2023-09-18T13:03:32.216+0000] {standard_task_runner.py:57} INFO - Started process 3148 to run task
[2023-09-18T13:03:32.222+0000] {standard_task_runner.py:84} INFO - Running: ['***', 'tasks', 'run', '5.1-orchestration', 'task3', 'scheduled__2023-09-12T00:00:00+00:00', '--job-id', '85', '--raw', '--subdir', 'DAGS_FOLDER/5.1-orchestration.py', '--cfg-path', '/tmp/tmpxmxbdpw2']
[2023-09-18T13:03:32.224+0000] {standard_task_runner.py:85} INFO - Job 85: Subtask task3
[2023-09-18T13:03:32.287+0000] {task_command.py:415} INFO - Running <TaskInstance: 5.1-orchestration.task3 scheduled__2023-09-12T00:00:00+00:00 [running]> on host e891a57bf0af
[2023-09-18T13:03:32.386+0000] {taskinstance.py:1660} INFO - Exporting env vars: AIRFLOW_CTX_DAG_OWNER='***' AIRFLOW_CTX_DAG_ID='5.1-orchestration' AIRFLOW_CTX_TASK_ID='task3' AIRFLOW_CTX_EXECUTION_DATE='2023-09-12T00:00:00+00:00' AIRFLOW_CTX_TRY_NUMBER='1' AIRFLOW_CTX_DAG_RUN_ID='scheduled__2023-09-12T00:00:00+00:00'
[2023-09-18T13:03:32.388+0000] {subprocess.py:63} INFO - Tmp dir root location: /tmp
[2023-09-18T13:03:32.389+0000] {subprocess.py:75} INFO - Running command: ['/bin/bash', '-c', "sleep 2 && echo 'Task 3'"]
[2023-09-18T13:03:32.401+0000] {subprocess.py:86} INFO - Output:
[2023-09-18T13:03:34.421+0000] {subprocess.py:93} INFO - Task 3
[2023-09-18T13:03:34.422+0000] {subprocess.py:97} INFO - Command exited with return code 0
[2023-09-18T13:03:34.505+0000] {taskinstance.py:1398} INFO - Marking task as SUCCESS. dag_id=5.1-orchestration, task_id=task3, execution_date=20230912T000000, start_date=20230918T130332, end_date=20230918T130334
[2023-09-18T13:03:34.569+0000] {local_task_job_runner.py:228} INFO - Task exited with return code 0
[2023-09-18T13:03:34.592+0000] {taskinstance.py:2776} INFO - 0 downstream tasks scheduled from follow-on schedule check
[2023-09-18T13:24:40.719+0000] {taskinstance.py:1157} INFO - Dependencies all met for dep_context=non-requeueable deps ti=<TaskInstance: 5.1-orchestration.task3 scheduled__2023-09-12T00:00:00+00:00 [queued]>
[2023-09-18T13:24:40.737+0000] {taskinstance.py:1157} INFO - Dependencies all met for dep_context=requeueable deps ti=<TaskInstance: 5.1-orchestration.task3 scheduled__2023-09-12T00:00:00+00:00 [queued]>
[2023-09-18T13:24:40.737+0000] {taskinstance.py:1359} INFO - Starting attempt 1 of 1
[2023-09-18T13:24:40.759+0000] {taskinstance.py:1380} INFO - Executing <Task(BashOperator): task3> on 2023-09-12 00:00:00+00:00
[2023-09-18T13:24:40.764+0000] {standard_task_runner.py:57} INFO - Started process 3746 to run task
[2023-09-18T13:24:40.768+0000] {standard_task_runner.py:84} INFO - Running: ['***', 'tasks', 'run', '5.1-orchestration', 'task3', 'scheduled__2023-09-12T00:00:00+00:00', '--job-id', '155', '--raw', '--subdir', 'DAGS_FOLDER/5.1-orchestration.py', '--cfg-path', '/tmp/tmp1tvfm9g2']
[2023-09-18T13:24:40.769+0000] {standard_task_runner.py:85} INFO - Job 155: Subtask task3
[2023-09-18T13:24:40.825+0000] {task_command.py:415} INFO - Running <TaskInstance: 5.1-orchestration.task3 scheduled__2023-09-12T00:00:00+00:00 [running]> on host e891a57bf0af
[2023-09-18T13:24:40.917+0000] {taskinstance.py:1660} INFO - Exporting env vars: AIRFLOW_CTX_DAG_OWNER='***' AIRFLOW_CTX_DAG_ID='5.1-orchestration' AIRFLOW_CTX_TASK_ID='task3' AIRFLOW_CTX_EXECUTION_DATE='2023-09-12T00:00:00+00:00' AIRFLOW_CTX_TRY_NUMBER='1' AIRFLOW_CTX_DAG_RUN_ID='scheduled__2023-09-12T00:00:00+00:00'
[2023-09-18T13:24:40.920+0000] {subprocess.py:63} INFO - Tmp dir root location: /tmp
[2023-09-18T13:24:40.921+0000] {subprocess.py:75} INFO - Running command: ['/bin/bash', '-c', "sleep 2 && echo 'Task 3'"]
[2023-09-18T13:24:40.935+0000] {subprocess.py:86} INFO - Output:
[2023-09-18T13:24:42.940+0000] {subprocess.py:93} INFO - Task 3
[2023-09-18T13:24:42.941+0000] {subprocess.py:97} INFO - Command exited with return code 0
[2023-09-18T13:24:42.980+0000] {taskinstance.py:1398} INFO - Marking task as SUCCESS. dag_id=5.1-orchestration, task_id=task3, execution_date=20230912T000000, start_date=20230918T132440, end_date=20230918T132442
[2023-09-18T13:24:43.033+0000] {local_task_job_runner.py:228} INFO - Task exited with return code 0
[2023-09-18T13:24:43.058+0000] {taskinstance.py:2776} INFO - 0 downstream tasks scheduled from follow-on schedule check
