[2023-09-18T13:03:07.193+0000] {taskinstance.py:1157} INFO - Dependencies all met for dep_context=non-requeueable deps ti=<TaskInstance: 5.1-orchestration.task1 scheduled__2023-09-08T00:00:00+00:00 [queued]>
[2023-09-18T13:03:07.214+0000] {taskinstance.py:1157} INFO - Dependencies all met for dep_context=requeueable deps ti=<TaskInstance: 5.1-orchestration.task1 scheduled__2023-09-08T00:00:00+00:00 [queued]>
[2023-09-18T13:03:07.215+0000] {taskinstance.py:1359} INFO - Starting attempt 1 of 1
[2023-09-18T13:03:07.239+0000] {taskinstance.py:1380} INFO - Executing <Task(BashOperator): task1> on 2023-09-08 00:00:00+00:00
[2023-09-18T13:03:07.246+0000] {standard_task_runner.py:57} INFO - Started process 3052 to run task
[2023-09-18T13:03:07.252+0000] {standard_task_runner.py:84} INFO - Running: ['***', 'tasks', 'run', '5.1-orchestration', 'task1', 'scheduled__2023-09-08T00:00:00+00:00', '--job-id', '63', '--raw', '--subdir', 'DAGS_FOLDER/5.1-orchestration.py', '--cfg-path', '/tmp/tmp8f5jheqa']
[2023-09-18T13:03:07.254+0000] {standard_task_runner.py:85} INFO - Job 63: Subtask task1
[2023-09-18T13:03:07.328+0000] {task_command.py:415} INFO - Running <TaskInstance: 5.1-orchestration.task1 scheduled__2023-09-08T00:00:00+00:00 [running]> on host e891a57bf0af
[2023-09-18T13:03:07.439+0000] {taskinstance.py:1660} INFO - Exporting env vars: AIRFLOW_CTX_DAG_OWNER='***' AIRFLOW_CTX_DAG_ID='5.1-orchestration' AIRFLOW_CTX_TASK_ID='task1' AIRFLOW_CTX_EXECUTION_DATE='2023-09-08T00:00:00+00:00' AIRFLOW_CTX_TRY_NUMBER='1' AIRFLOW_CTX_DAG_RUN_ID='scheduled__2023-09-08T00:00:00+00:00'
[2023-09-18T13:03:07.444+0000] {subprocess.py:63} INFO - Tmp dir root location: /tmp
[2023-09-18T13:03:07.446+0000] {subprocess.py:75} INFO - Running command: ['/bin/bash', '-c', "sleep 2 && echo 'Task 1'"]
[2023-09-18T13:03:07.461+0000] {subprocess.py:86} INFO - Output:
[2023-09-18T13:03:09.497+0000] {subprocess.py:93} INFO - Task 1
[2023-09-18T13:03:09.498+0000] {subprocess.py:97} INFO - Command exited with return code 0
[2023-09-18T13:03:09.540+0000] {taskinstance.py:1398} INFO - Marking task as SUCCESS. dag_id=5.1-orchestration, task_id=task1, execution_date=20230908T000000, start_date=20230918T130307, end_date=20230918T130309
[2023-09-18T13:03:09.595+0000] {local_task_job_runner.py:228} INFO - Task exited with return code 0
[2023-09-18T13:03:09.651+0000] {taskinstance.py:2776} INFO - 1 downstream tasks scheduled from follow-on schedule check
[2023-09-18T13:23:48.749+0000] {taskinstance.py:1157} INFO - Dependencies all met for dep_context=non-requeueable deps ti=<TaskInstance: 5.1-orchestration.task1 scheduled__2023-09-08T00:00:00+00:00 [queued]>
[2023-09-18T13:23:48.898+0000] {taskinstance.py:1157} INFO - Dependencies all met for dep_context=requeueable deps ti=<TaskInstance: 5.1-orchestration.task1 scheduled__2023-09-08T00:00:00+00:00 [queued]>
[2023-09-18T13:23:48.899+0000] {taskinstance.py:1359} INFO - Starting attempt 1 of 1
[2023-09-18T13:23:48.919+0000] {taskinstance.py:1380} INFO - Executing <Task(BashOperator): task1> on 2023-09-08 00:00:00+00:00
[2023-09-18T13:23:48.923+0000] {standard_task_runner.py:57} INFO - Started process 3665 to run task
[2023-09-18T13:23:48.927+0000] {standard_task_runner.py:84} INFO - Running: ['***', 'tasks', 'run', '5.1-orchestration', 'task1', 'scheduled__2023-09-08T00:00:00+00:00', '--job-id', '137', '--raw', '--subdir', 'DAGS_FOLDER/5.1-orchestration.py', '--cfg-path', '/tmp/tmpalrhte1f']
[2023-09-18T13:23:48.929+0000] {standard_task_runner.py:85} INFO - Job 137: Subtask task1
[2023-09-18T13:23:48.987+0000] {task_command.py:415} INFO - Running <TaskInstance: 5.1-orchestration.task1 scheduled__2023-09-08T00:00:00+00:00 [running]> on host e891a57bf0af
[2023-09-18T13:23:49.077+0000] {taskinstance.py:1660} INFO - Exporting env vars: AIRFLOW_CTX_DAG_OWNER='***' AIRFLOW_CTX_DAG_ID='5.1-orchestration' AIRFLOW_CTX_TASK_ID='task1' AIRFLOW_CTX_EXECUTION_DATE='2023-09-08T00:00:00+00:00' AIRFLOW_CTX_TRY_NUMBER='1' AIRFLOW_CTX_DAG_RUN_ID='scheduled__2023-09-08T00:00:00+00:00'
[2023-09-18T13:23:49.079+0000] {subprocess.py:63} INFO - Tmp dir root location: /tmp
[2023-09-18T13:23:49.080+0000] {subprocess.py:75} INFO - Running command: ['/bin/bash', '-c', "sleep 2 && echo 'Task 1'"]
[2023-09-18T13:23:49.088+0000] {subprocess.py:86} INFO - Output:
[2023-09-18T13:23:51.095+0000] {subprocess.py:93} INFO - Task 1
[2023-09-18T13:23:51.096+0000] {subprocess.py:97} INFO - Command exited with return code 0
[2023-09-18T13:23:51.127+0000] {taskinstance.py:1398} INFO - Marking task as SUCCESS. dag_id=5.1-orchestration, task_id=task1, execution_date=20230908T000000, start_date=20230918T132348, end_date=20230918T132351
[2023-09-18T13:23:51.155+0000] {local_task_job_runner.py:228} INFO - Task exited with return code 0
[2023-09-18T13:23:51.200+0000] {taskinstance.py:2776} INFO - 1 downstream tasks scheduled from follow-on schedule check
