[2023-09-18T13:46:22.443+0000] {taskinstance.py:1157} INFO - Dependencies all met for dep_context=non-requeueable deps ti=<TaskInstance: 6.1-monitoring.task2 scheduled__2023-08-20T00:00:00+00:00 [queued]>
[2023-09-18T13:46:22.489+0000] {taskinstance.py:1157} INFO - Dependencies all met for dep_context=requeueable deps ti=<TaskInstance: 6.1-monitoring.task2 scheduled__2023-08-20T00:00:00+00:00 [queued]>
[2023-09-18T13:46:22.490+0000] {taskinstance.py:1359} INFO - Starting attempt 1 of 1
[2023-09-18T13:46:22.788+0000] {taskinstance.py:1380} INFO - Executing <Task(BashOperator): task2> on 2023-08-20 00:00:00+00:00
[2023-09-18T13:46:22.812+0000] {standard_task_runner.py:57} INFO - Started process 4343 to run task
[2023-09-18T13:46:22.824+0000] {standard_task_runner.py:84} INFO - Running: ['***', 'tasks', 'run', '6.1-monitoring', 'task2', 'scheduled__2023-08-20T00:00:00+00:00', '--job-id', '226', '--raw', '--subdir', 'DAGS_FOLDER/6.1-monitoring.py', '--cfg-path', '/tmp/tmpukb1o8_5']
[2023-09-18T13:46:22.835+0000] {standard_task_runner.py:85} INFO - Job 226: Subtask task2
[2023-09-18T13:46:23.082+0000] {task_command.py:415} INFO - Running <TaskInstance: 6.1-monitoring.task2 scheduled__2023-08-20T00:00:00+00:00 [running]> on host e891a57bf0af
[2023-09-18T13:46:23.511+0000] {taskinstance.py:1660} INFO - Exporting env vars: AIRFLOW_CTX_DAG_OWNER='***' AIRFLOW_CTX_DAG_ID='6.1-monitoring' AIRFLOW_CTX_TASK_ID='task2' AIRFLOW_CTX_EXECUTION_DATE='2023-08-20T00:00:00+00:00' AIRFLOW_CTX_TRY_NUMBER='1' AIRFLOW_CTX_DAG_RUN_ID='scheduled__2023-08-20T00:00:00+00:00'
[2023-09-18T13:46:23.539+0000] {subprocess.py:63} INFO - Tmp dir root location: /tmp
[2023-09-18T13:46:23.548+0000] {subprocess.py:75} INFO - Running command: ['/bin/bash', '-c', "sleep 2 && echo 'Task 2"]
[2023-09-18T13:46:23.614+0000] {subprocess.py:86} INFO - Output:
[2023-09-18T13:46:23.623+0000] {subprocess.py:93} INFO - /bin/bash: -c: line 1: unexpected EOF while looking for matching `''
[2023-09-18T13:46:23.624+0000] {subprocess.py:93} INFO - /bin/bash: -c: line 2: syntax error: unexpected end of file
[2023-09-18T13:46:23.656+0000] {subprocess.py:97} INFO - Command exited with return code 2
[2023-09-18T13:46:23.751+0000] {taskinstance.py:1935} ERROR - Task failed with exception
Traceback (most recent call last):
  File "/home/airflow/.local/lib/python3.8/site-packages/airflow/operators/bash.py", line 210, in execute
    raise AirflowException(
airflow.exceptions.AirflowException: Bash command failed. The command returned a non-zero exit code 2.
[2023-09-18T13:46:23.772+0000] {taskinstance.py:1398} INFO - Marking task as FAILED. dag_id=6.1-monitoring, task_id=task2, execution_date=20230820T000000, start_date=20230918T134622, end_date=20230918T134623
[2023-09-18T13:46:23.808+0000] {standard_task_runner.py:104} ERROR - Failed to execute job 226 for task task2 (Bash command failed. The command returned a non-zero exit code 2.; 4343)
[2023-09-18T13:46:23.872+0000] {local_task_job_runner.py:228} INFO - Task exited with return code 1
[2023-09-18T13:46:24.120+0000] {taskinstance.py:2776} INFO - 0 downstream tasks scheduled from follow-on schedule check
[2023-09-18T13:52:00.692+0000] {taskinstance.py:1157} INFO - Dependencies all met for dep_context=non-requeueable deps ti=<TaskInstance: 6.1-monitoring.task2 scheduled__2023-08-20T00:00:00+00:00 [queued]>
[2023-09-18T13:52:00.733+0000] {taskinstance.py:1157} INFO - Dependencies all met for dep_context=requeueable deps ti=<TaskInstance: 6.1-monitoring.task2 scheduled__2023-08-20T00:00:00+00:00 [queued]>
[2023-09-18T13:52:00.734+0000] {taskinstance.py:1359} INFO - Starting attempt 1 of 1
[2023-09-18T13:52:00.772+0000] {taskinstance.py:1380} INFO - Executing <Task(BashOperator): task2> on 2023-08-20 00:00:00+00:00
[2023-09-18T13:52:00.783+0000] {standard_task_runner.py:57} INFO - Started process 4739 to run task
[2023-09-18T13:52:00.791+0000] {standard_task_runner.py:84} INFO - Running: ['***', 'tasks', 'run', '6.1-monitoring', 'task2', 'scheduled__2023-08-20T00:00:00+00:00', '--job-id', '313', '--raw', '--subdir', 'DAGS_FOLDER/6.1-monitoring.py', '--cfg-path', '/tmp/tmpd1bnruvh']
[2023-09-18T13:52:00.795+0000] {standard_task_runner.py:85} INFO - Job 313: Subtask task2
[2023-09-18T13:52:00.949+0000] {task_command.py:415} INFO - Running <TaskInstance: 6.1-monitoring.task2 scheduled__2023-08-20T00:00:00+00:00 [running]> on host e891a57bf0af
[2023-09-18T13:52:01.190+0000] {taskinstance.py:1660} INFO - Exporting env vars: AIRFLOW_CTX_DAG_OWNER='***' AIRFLOW_CTX_DAG_ID='6.1-monitoring' AIRFLOW_CTX_TASK_ID='task2' AIRFLOW_CTX_EXECUTION_DATE='2023-08-20T00:00:00+00:00' AIRFLOW_CTX_TRY_NUMBER='1' AIRFLOW_CTX_DAG_RUN_ID='scheduled__2023-08-20T00:00:00+00:00'
[2023-09-18T13:52:01.193+0000] {subprocess.py:63} INFO - Tmp dir root location: /tmp
[2023-09-18T13:52:01.194+0000] {subprocess.py:75} INFO - Running command: ['/bin/bash', '-c', "sleep 2 && echo 'Task 2'"]
[2023-09-18T13:52:01.212+0000] {subprocess.py:86} INFO - Output:
[2023-09-18T13:52:03.226+0000] {subprocess.py:93} INFO - Task 2
[2023-09-18T13:52:03.229+0000] {subprocess.py:97} INFO - Command exited with return code 0
[2023-09-18T13:52:04.150+0000] {taskinstance.py:1398} INFO - Marking task as SUCCESS. dag_id=6.1-monitoring, task_id=task2, execution_date=20230820T000000, start_date=20230918T135200, end_date=20230918T135204
[2023-09-18T13:52:04.249+0000] {local_task_job_runner.py:228} INFO - Task exited with return code 0
[2023-09-18T13:52:04.382+0000] {taskinstance.py:2776} INFO - 1 downstream tasks scheduled from follow-on schedule check
