[2023-09-18T13:03:28.604+0000] {taskinstance.py:1157} INFO - Dependencies all met for dep_context=non-requeueable deps ti=<TaskInstance: 5.1-orchestration.task3 scheduled__2023-09-11T00:00:00+00:00 [queued]>
[2023-09-18T13:03:28.622+0000] {taskinstance.py:1157} INFO - Dependencies all met for dep_context=requeueable deps ti=<TaskInstance: 5.1-orchestration.task3 scheduled__2023-09-11T00:00:00+00:00 [queued]>
[2023-09-18T13:03:28.622+0000] {taskinstance.py:1359} INFO - Starting attempt 1 of 1
[2023-09-18T13:03:28.640+0000] {taskinstance.py:1380} INFO - Executing <Task(BashOperator): task3> on 2023-09-11 00:00:00+00:00
[2023-09-18T13:03:28.647+0000] {standard_task_runner.py:57} INFO - Started process 3131 to run task
[2023-09-18T13:03:28.652+0000] {standard_task_runner.py:84} INFO - Running: ['***', 'tasks', 'run', '5.1-orchestration', 'task3', 'scheduled__2023-09-11T00:00:00+00:00', '--job-id', '80', '--raw', '--subdir', 'DAGS_FOLDER/5.1-orchestration.py', '--cfg-path', '/tmp/tmpf416wllh']
[2023-09-18T13:03:28.654+0000] {standard_task_runner.py:85} INFO - Job 80: Subtask task3
[2023-09-18T13:03:28.712+0000] {task_command.py:415} INFO - Running <TaskInstance: 5.1-orchestration.task3 scheduled__2023-09-11T00:00:00+00:00 [running]> on host e891a57bf0af
[2023-09-18T13:03:28.815+0000] {taskinstance.py:1660} INFO - Exporting env vars: AIRFLOW_CTX_DAG_OWNER='***' AIRFLOW_CTX_DAG_ID='5.1-orchestration' AIRFLOW_CTX_TASK_ID='task3' AIRFLOW_CTX_EXECUTION_DATE='2023-09-11T00:00:00+00:00' AIRFLOW_CTX_TRY_NUMBER='1' AIRFLOW_CTX_DAG_RUN_ID='scheduled__2023-09-11T00:00:00+00:00'
[2023-09-18T13:03:28.825+0000] {subprocess.py:63} INFO - Tmp dir root location: /tmp
[2023-09-18T13:03:28.827+0000] {subprocess.py:75} INFO - Running command: ['/bin/bash', '-c', "sleep 2 && echo 'Task 3'"]
[2023-09-18T13:03:28.841+0000] {subprocess.py:86} INFO - Output:
[2023-09-18T13:03:30.880+0000] {subprocess.py:93} INFO - Task 3
[2023-09-18T13:03:30.881+0000] {subprocess.py:97} INFO - Command exited with return code 0
[2023-09-18T13:03:30.913+0000] {taskinstance.py:1398} INFO - Marking task as SUCCESS. dag_id=5.1-orchestration, task_id=task3, execution_date=20230911T000000, start_date=20230918T130328, end_date=20230918T130330
[2023-09-18T13:03:30.967+0000] {local_task_job_runner.py:228} INFO - Task exited with return code 0
[2023-09-18T13:03:30.986+0000] {taskinstance.py:2776} INFO - 0 downstream tasks scheduled from follow-on schedule check
[2023-09-18T13:24:29.231+0000] {taskinstance.py:1157} INFO - Dependencies all met for dep_context=non-requeueable deps ti=<TaskInstance: 5.1-orchestration.task3 scheduled__2023-09-11T00:00:00+00:00 [queued]>
[2023-09-18T13:24:29.354+0000] {taskinstance.py:1157} INFO - Dependencies all met for dep_context=requeueable deps ti=<TaskInstance: 5.1-orchestration.task3 scheduled__2023-09-11T00:00:00+00:00 [queued]>
[2023-09-18T13:24:29.354+0000] {taskinstance.py:1359} INFO - Starting attempt 1 of 1
[2023-09-18T13:24:29.372+0000] {taskinstance.py:1380} INFO - Executing <Task(BashOperator): task3> on 2023-09-11 00:00:00+00:00
[2023-09-18T13:24:29.378+0000] {standard_task_runner.py:57} INFO - Started process 3730 to run task
[2023-09-18T13:24:29.382+0000] {standard_task_runner.py:84} INFO - Running: ['***', 'tasks', 'run', '5.1-orchestration', 'task3', 'scheduled__2023-09-11T00:00:00+00:00', '--job-id', '151', '--raw', '--subdir', 'DAGS_FOLDER/5.1-orchestration.py', '--cfg-path', '/tmp/tmp9u5_ljjn']
[2023-09-18T13:24:29.384+0000] {standard_task_runner.py:85} INFO - Job 151: Subtask task3
[2023-09-18T13:24:29.442+0000] {task_command.py:415} INFO - Running <TaskInstance: 5.1-orchestration.task3 scheduled__2023-09-11T00:00:00+00:00 [running]> on host e891a57bf0af
[2023-09-18T13:24:29.544+0000] {taskinstance.py:1660} INFO - Exporting env vars: AIRFLOW_CTX_DAG_OWNER='***' AIRFLOW_CTX_DAG_ID='5.1-orchestration' AIRFLOW_CTX_TASK_ID='task3' AIRFLOW_CTX_EXECUTION_DATE='2023-09-11T00:00:00+00:00' AIRFLOW_CTX_TRY_NUMBER='1' AIRFLOW_CTX_DAG_RUN_ID='scheduled__2023-09-11T00:00:00+00:00'
[2023-09-18T13:24:29.545+0000] {subprocess.py:63} INFO - Tmp dir root location: /tmp
[2023-09-18T13:24:29.546+0000] {subprocess.py:75} INFO - Running command: ['/bin/bash', '-c', "sleep 2 && echo 'Task 3'"]
[2023-09-18T13:24:29.557+0000] {subprocess.py:86} INFO - Output:
[2023-09-18T13:24:31.561+0000] {subprocess.py:93} INFO - Task 3
[2023-09-18T13:24:31.562+0000] {subprocess.py:97} INFO - Command exited with return code 0
[2023-09-18T13:24:31.593+0000] {taskinstance.py:1398} INFO - Marking task as SUCCESS. dag_id=5.1-orchestration, task_id=task3, execution_date=20230911T000000, start_date=20230918T132429, end_date=20230918T132431
[2023-09-18T13:24:31.617+0000] {local_task_job_runner.py:228} INFO - Task exited with return code 0
[2023-09-18T13:24:31.648+0000] {taskinstance.py:2776} INFO - 0 downstream tasks scheduled from follow-on schedule check
