[2023-09-18T14:27:31.981+0000] {taskinstance.py:1157} INFO - Dependencies all met for dep_context=non-requeueable deps ti=<TaskInstance: 6.2-monitoring.task2 scheduled__2023-09-01T00:00:00+00:00 [queued]>
[2023-09-18T14:27:31.994+0000] {taskinstance.py:1157} INFO - Dependencies all met for dep_context=requeueable deps ti=<TaskInstance: 6.2-monitoring.task2 scheduled__2023-09-01T00:00:00+00:00 [queued]>
[2023-09-18T14:27:31.995+0000] {taskinstance.py:1359} INFO - Starting attempt 1 of 3
[2023-09-18T14:27:32.010+0000] {taskinstance.py:1380} INFO - Executing <Task(BashOperator): task2> on 2023-09-01 00:00:00+00:00
[2023-09-18T14:27:32.016+0000] {standard_task_runner.py:57} INFO - Started process 5988 to run task
[2023-09-18T14:27:32.020+0000] {standard_task_runner.py:84} INFO - Running: ['***', 'tasks', 'run', '6.2-monitoring', 'task2', 'scheduled__2023-09-01T00:00:00+00:00', '--job-id', '518', '--raw', '--subdir', 'DAGS_FOLDER/6.2-monitoring.py', '--cfg-path', '/tmp/tmpilnqo8sq']
[2023-09-18T14:27:32.021+0000] {standard_task_runner.py:85} INFO - Job 518: Subtask task2
[2023-09-18T14:27:32.080+0000] {task_command.py:415} INFO - Running <TaskInstance: 6.2-monitoring.task2 scheduled__2023-09-01T00:00:00+00:00 [running]> on host e891a57bf0af
[2023-09-18T14:27:32.171+0000] {taskinstance.py:1660} INFO - Exporting env vars: AIRFLOW_CTX_DAG_OWNER='***' AIRFLOW_CTX_DAG_ID='6.2-monitoring' AIRFLOW_CTX_TASK_ID='task2' AIRFLOW_CTX_EXECUTION_DATE='2023-09-01T00:00:00+00:00' AIRFLOW_CTX_TRY_NUMBER='1' AIRFLOW_CTX_DAG_RUN_ID='scheduled__2023-09-01T00:00:00+00:00'
[2023-09-18T14:27:32.172+0000] {subprocess.py:63} INFO - Tmp dir root location: /tmp
[2023-09-18T14:27:32.173+0000] {subprocess.py:75} INFO - Running command: ['/bin/bash', '-c', "sleep 2 && echo 'Task 2'"]
[2023-09-18T14:27:32.184+0000] {subprocess.py:86} INFO - Output:
[2023-09-18T14:27:34.188+0000] {subprocess.py:93} INFO - Task 2
[2023-09-18T14:27:34.189+0000] {subprocess.py:97} INFO - Command exited with return code 0
[2023-09-18T14:27:34.220+0000] {taskinstance.py:1398} INFO - Marking task as SUCCESS. dag_id=6.2-monitoring, task_id=task2, execution_date=20230901T000000, start_date=20230918T142731, end_date=20230918T142734
[2023-09-18T14:27:34.255+0000] {local_task_job_runner.py:228} INFO - Task exited with return code 0
[2023-09-18T14:27:34.282+0000] {taskinstance.py:2776} INFO - 0 downstream tasks scheduled from follow-on schedule check
[2023-09-19T12:15:25.566+0000] {taskinstance.py:1157} INFO - Dependencies all met for dep_context=non-requeueable deps ti=<TaskInstance: 6.2-monitoring.task2 scheduled__2023-09-01T00:00:00+00:00 [queued]>
[2023-09-19T12:15:25.597+0000] {taskinstance.py:1157} INFO - Dependencies all met for dep_context=requeueable deps ti=<TaskInstance: 6.2-monitoring.task2 scheduled__2023-09-01T00:00:00+00:00 [queued]>
[2023-09-19T12:15:25.598+0000] {taskinstance.py:1359} INFO - Starting attempt 1 of 3
[2023-09-19T12:15:25.619+0000] {taskinstance.py:1380} INFO - Executing <Task(BashOperator): task2> on 2023-09-01 00:00:00+00:00
[2023-09-19T12:15:25.627+0000] {standard_task_runner.py:57} INFO - Started process 109 to run task
[2023-09-19T12:15:25.631+0000] {standard_task_runner.py:84} INFO - Running: ['***', 'tasks', 'run', '6.2-monitoring', 'task2', 'scheduled__2023-09-01T00:00:00+00:00', '--job-id', '529', '--raw', '--subdir', 'DAGS_FOLDER/6.2-monitoring.py', '--cfg-path', '/tmp/tmpg_60wnzj']
[2023-09-19T12:15:25.633+0000] {standard_task_runner.py:85} INFO - Job 529: Subtask task2
[2023-09-19T12:15:25.746+0000] {task_command.py:415} INFO - Running <TaskInstance: 6.2-monitoring.task2 scheduled__2023-09-01T00:00:00+00:00 [running]> on host e891a57bf0af
[2023-09-19T12:15:25.874+0000] {taskinstance.py:1660} INFO - Exporting env vars: AIRFLOW_CTX_DAG_OWNER='***' AIRFLOW_CTX_DAG_ID='6.2-monitoring' AIRFLOW_CTX_TASK_ID='task2' AIRFLOW_CTX_EXECUTION_DATE='2023-09-01T00:00:00+00:00' AIRFLOW_CTX_TRY_NUMBER='1' AIRFLOW_CTX_DAG_RUN_ID='scheduled__2023-09-01T00:00:00+00:00'
[2023-09-19T12:15:25.878+0000] {subprocess.py:63} INFO - Tmp dir root location: /tmp
[2023-09-19T12:15:25.880+0000] {subprocess.py:75} INFO - Running command: ['/bin/bash', '-c', "sleep 2 && echo 'Task 2'"]
[2023-09-19T12:15:25.894+0000] {subprocess.py:86} INFO - Output:
[2023-09-19T12:15:27.899+0000] {subprocess.py:93} INFO - Task 2
[2023-09-19T12:15:27.900+0000] {subprocess.py:97} INFO - Command exited with return code 0
[2023-09-19T12:15:28.006+0000] {taskinstance.py:1398} INFO - Marking task as SUCCESS. dag_id=6.2-monitoring, task_id=task2, execution_date=20230901T000000, start_date=20230919T121525, end_date=20230919T121528
[2023-09-19T12:15:28.098+0000] {local_task_job_runner.py:228} INFO - Task exited with return code 0
[2023-09-19T12:15:28.129+0000] {taskinstance.py:2776} INFO - 0 downstream tasks scheduled from follow-on schedule check
