[2023-09-18T13:03:40.295+0000] {taskinstance.py:1157} INFO - Dependencies all met for dep_context=non-requeueable deps ti=<TaskInstance: 5.1-orchestration.task2 scheduled__2023-09-15T00:00:00+00:00 [queued]>
[2023-09-18T13:03:40.319+0000] {taskinstance.py:1157} INFO - Dependencies all met for dep_context=requeueable deps ti=<TaskInstance: 5.1-orchestration.task2 scheduled__2023-09-15T00:00:00+00:00 [queued]>
[2023-09-18T13:03:40.320+0000] {taskinstance.py:1359} INFO - Starting attempt 1 of 1
[2023-09-18T13:03:40.342+0000] {taskinstance.py:1380} INFO - Executing <Task(BashOperator): task2> on 2023-09-15 00:00:00+00:00
[2023-09-18T13:03:40.352+0000] {standard_task_runner.py:57} INFO - Started process 3182 to run task
[2023-09-18T13:03:40.361+0000] {standard_task_runner.py:84} INFO - Running: ['***', 'tasks', 'run', '5.1-orchestration', 'task2', 'scheduled__2023-09-15T00:00:00+00:00', '--job-id', '95', '--raw', '--subdir', 'DAGS_FOLDER/5.1-orchestration.py', '--cfg-path', '/tmp/tmpz8rg5cmj']
[2023-09-18T13:03:40.363+0000] {standard_task_runner.py:85} INFO - Job 95: Subtask task2
[2023-09-18T13:03:40.468+0000] {task_command.py:415} INFO - Running <TaskInstance: 5.1-orchestration.task2 scheduled__2023-09-15T00:00:00+00:00 [running]> on host e891a57bf0af
[2023-09-18T13:03:40.638+0000] {taskinstance.py:1660} INFO - Exporting env vars: AIRFLOW_CTX_DAG_OWNER='***' AIRFLOW_CTX_DAG_ID='5.1-orchestration' AIRFLOW_CTX_TASK_ID='task2' AIRFLOW_CTX_EXECUTION_DATE='2023-09-15T00:00:00+00:00' AIRFLOW_CTX_TRY_NUMBER='1' AIRFLOW_CTX_DAG_RUN_ID='scheduled__2023-09-15T00:00:00+00:00'
[2023-09-18T13:03:40.667+0000] {subprocess.py:63} INFO - Tmp dir root location: /tmp
[2023-09-18T13:03:40.670+0000] {subprocess.py:75} INFO - Running command: ['/bin/bash', '-c', "sleep 2 && echo 'Task 2'"]
[2023-09-18T13:03:40.690+0000] {subprocess.py:86} INFO - Output:
[2023-09-18T13:03:42.736+0000] {subprocess.py:93} INFO - Task 2
[2023-09-18T13:03:42.737+0000] {subprocess.py:97} INFO - Command exited with return code 0
[2023-09-18T13:03:42.788+0000] {taskinstance.py:1398} INFO - Marking task as SUCCESS. dag_id=5.1-orchestration, task_id=task2, execution_date=20230915T000000, start_date=20230918T130340, end_date=20230918T130342
[2023-09-18T13:03:42.839+0000] {local_task_job_runner.py:228} INFO - Task exited with return code 0
[2023-09-18T13:03:42.880+0000] {taskinstance.py:2776} INFO - 2 downstream tasks scheduled from follow-on schedule check
[2023-09-18T13:25:08.299+0000] {taskinstance.py:1157} INFO - Dependencies all met for dep_context=non-requeueable deps ti=<TaskInstance: 5.1-orchestration.task2 scheduled__2023-09-15T00:00:00+00:00 [queued]>
[2023-09-18T13:25:08.314+0000] {taskinstance.py:1157} INFO - Dependencies all met for dep_context=requeueable deps ti=<TaskInstance: 5.1-orchestration.task2 scheduled__2023-09-15T00:00:00+00:00 [queued]>
[2023-09-18T13:25:08.315+0000] {taskinstance.py:1359} INFO - Starting attempt 1 of 1
[2023-09-18T13:25:08.335+0000] {taskinstance.py:1380} INFO - Executing <Task(BashOperator): task2> on 2023-09-15 00:00:00+00:00
[2023-09-18T13:25:08.341+0000] {standard_task_runner.py:57} INFO - Started process 3798 to run task
[2023-09-18T13:25:08.345+0000] {standard_task_runner.py:84} INFO - Running: ['***', 'tasks', 'run', '5.1-orchestration', 'task2', 'scheduled__2023-09-15T00:00:00+00:00', '--job-id', '166', '--raw', '--subdir', 'DAGS_FOLDER/5.1-orchestration.py', '--cfg-path', '/tmp/tmpm_b3h6mb']
[2023-09-18T13:25:08.346+0000] {standard_task_runner.py:85} INFO - Job 166: Subtask task2
[2023-09-18T13:25:08.397+0000] {task_command.py:415} INFO - Running <TaskInstance: 5.1-orchestration.task2 scheduled__2023-09-15T00:00:00+00:00 [running]> on host e891a57bf0af
[2023-09-18T13:25:08.498+0000] {taskinstance.py:1660} INFO - Exporting env vars: AIRFLOW_CTX_DAG_OWNER='***' AIRFLOW_CTX_DAG_ID='5.1-orchestration' AIRFLOW_CTX_TASK_ID='task2' AIRFLOW_CTX_EXECUTION_DATE='2023-09-15T00:00:00+00:00' AIRFLOW_CTX_TRY_NUMBER='1' AIRFLOW_CTX_DAG_RUN_ID='scheduled__2023-09-15T00:00:00+00:00'
[2023-09-18T13:25:08.500+0000] {subprocess.py:63} INFO - Tmp dir root location: /tmp
[2023-09-18T13:25:08.501+0000] {subprocess.py:75} INFO - Running command: ['/bin/bash', '-c', "sleep 2 && echo 'Task 2'"]
[2023-09-18T13:25:08.514+0000] {subprocess.py:86} INFO - Output:
[2023-09-18T13:25:10.519+0000] {subprocess.py:93} INFO - Task 2
[2023-09-18T13:25:10.520+0000] {subprocess.py:97} INFO - Command exited with return code 0
[2023-09-18T13:25:10.546+0000] {taskinstance.py:1398} INFO - Marking task as SUCCESS. dag_id=5.1-orchestration, task_id=task2, execution_date=20230915T000000, start_date=20230918T132508, end_date=20230918T132510
[2023-09-18T13:25:10.583+0000] {local_task_job_runner.py:228} INFO - Task exited with return code 0
[2023-09-18T13:25:10.613+0000] {taskinstance.py:2776} INFO - 2 downstream tasks scheduled from follow-on schedule check
