[2023-09-18T13:02:56.832+0000] {taskinstance.py:1157} INFO - Dependencies all met for dep_context=non-requeueable deps ti=<TaskInstance: 5.1-orchestration.task2 scheduled__2023-09-04T00:00:00+00:00 [queued]>
[2023-09-18T13:02:56.851+0000] {taskinstance.py:1157} INFO - Dependencies all met for dep_context=requeueable deps ti=<TaskInstance: 5.1-orchestration.task2 scheduled__2023-09-04T00:00:00+00:00 [queued]>
[2023-09-18T13:02:56.852+0000] {taskinstance.py:1359} INFO - Starting attempt 1 of 1
[2023-09-18T13:02:56.869+0000] {taskinstance.py:1380} INFO - Executing <Task(BashOperator): task2> on 2023-09-04 00:00:00+00:00
[2023-09-18T13:02:56.875+0000] {standard_task_runner.py:57} INFO - Started process 2996 to run task
[2023-09-18T13:02:56.881+0000] {standard_task_runner.py:84} INFO - Running: ['***', 'tasks', 'run', '5.1-orchestration', 'task2', 'scheduled__2023-09-04T00:00:00+00:00', '--job-id', '50', '--raw', '--subdir', 'DAGS_FOLDER/5.1-orchestration.py', '--cfg-path', '/tmp/tmpkji5xtbk']
[2023-09-18T13:02:56.883+0000] {standard_task_runner.py:85} INFO - Job 50: Subtask task2
[2023-09-18T13:02:56.965+0000] {task_command.py:415} INFO - Running <TaskInstance: 5.1-orchestration.task2 scheduled__2023-09-04T00:00:00+00:00 [running]> on host e891a57bf0af
[2023-09-18T13:02:57.087+0000] {taskinstance.py:1660} INFO - Exporting env vars: AIRFLOW_CTX_DAG_OWNER='***' AIRFLOW_CTX_DAG_ID='5.1-orchestration' AIRFLOW_CTX_TASK_ID='task2' AIRFLOW_CTX_EXECUTION_DATE='2023-09-04T00:00:00+00:00' AIRFLOW_CTX_TRY_NUMBER='1' AIRFLOW_CTX_DAG_RUN_ID='scheduled__2023-09-04T00:00:00+00:00'
[2023-09-18T13:02:57.098+0000] {subprocess.py:63} INFO - Tmp dir root location: /tmp
[2023-09-18T13:02:57.100+0000] {subprocess.py:75} INFO - Running command: ['/bin/bash', '-c', "sleep 2 && echo 'Task 2'"]
[2023-09-18T13:02:57.113+0000] {subprocess.py:86} INFO - Output:
[2023-09-18T13:02:59.149+0000] {subprocess.py:93} INFO - Task 2
[2023-09-18T13:02:59.151+0000] {subprocess.py:97} INFO - Command exited with return code 0
[2023-09-18T13:02:59.186+0000] {taskinstance.py:1398} INFO - Marking task as SUCCESS. dag_id=5.1-orchestration, task_id=task2, execution_date=20230904T000000, start_date=20230918T130256, end_date=20230918T130259
[2023-09-18T13:02:59.229+0000] {local_task_job_runner.py:228} INFO - Task exited with return code 0
[2023-09-18T13:02:59.265+0000] {taskinstance.py:2776} INFO - 2 downstream tasks scheduled from follow-on schedule check
[2023-09-18T13:23:06.384+0000] {taskinstance.py:1157} INFO - Dependencies all met for dep_context=non-requeueable deps ti=<TaskInstance: 5.1-orchestration.task2 scheduled__2023-09-04T00:00:00+00:00 [queued]>
[2023-09-18T13:23:06.399+0000] {taskinstance.py:1157} INFO - Dependencies all met for dep_context=requeueable deps ti=<TaskInstance: 5.1-orchestration.task2 scheduled__2023-09-04T00:00:00+00:00 [queued]>
[2023-09-18T13:23:06.399+0000] {taskinstance.py:1359} INFO - Starting attempt 1 of 1
[2023-09-18T13:23:06.414+0000] {taskinstance.py:1380} INFO - Executing <Task(BashOperator): task2> on 2023-09-04 00:00:00+00:00
[2023-09-18T13:23:06.420+0000] {standard_task_runner.py:57} INFO - Started process 3596 to run task
[2023-09-18T13:23:06.424+0000] {standard_task_runner.py:84} INFO - Running: ['***', 'tasks', 'run', '5.1-orchestration', 'task2', 'scheduled__2023-09-04T00:00:00+00:00', '--job-id', '122', '--raw', '--subdir', 'DAGS_FOLDER/5.1-orchestration.py', '--cfg-path', '/tmp/tmp8pqi3jfm']
[2023-09-18T13:23:06.426+0000] {standard_task_runner.py:85} INFO - Job 122: Subtask task2
[2023-09-18T13:23:06.479+0000] {task_command.py:415} INFO - Running <TaskInstance: 5.1-orchestration.task2 scheduled__2023-09-04T00:00:00+00:00 [running]> on host e891a57bf0af
[2023-09-18T13:23:06.611+0000] {taskinstance.py:1660} INFO - Exporting env vars: AIRFLOW_CTX_DAG_OWNER='***' AIRFLOW_CTX_DAG_ID='5.1-orchestration' AIRFLOW_CTX_TASK_ID='task2' AIRFLOW_CTX_EXECUTION_DATE='2023-09-04T00:00:00+00:00' AIRFLOW_CTX_TRY_NUMBER='1' AIRFLOW_CTX_DAG_RUN_ID='scheduled__2023-09-04T00:00:00+00:00'
[2023-09-18T13:23:06.612+0000] {subprocess.py:63} INFO - Tmp dir root location: /tmp
[2023-09-18T13:23:06.614+0000] {subprocess.py:75} INFO - Running command: ['/bin/bash', '-c', "sleep 2 && echo 'Task 2'"]
[2023-09-18T13:23:06.627+0000] {subprocess.py:86} INFO - Output:
[2023-09-18T13:23:08.640+0000] {subprocess.py:93} INFO - Task 2
[2023-09-18T13:23:08.641+0000] {subprocess.py:97} INFO - Command exited with return code 0
[2023-09-18T13:23:08.672+0000] {taskinstance.py:1398} INFO - Marking task as SUCCESS. dag_id=5.1-orchestration, task_id=task2, execution_date=20230904T000000, start_date=20230918T132306, end_date=20230918T132308
[2023-09-18T13:23:08.704+0000] {local_task_job_runner.py:228} INFO - Task exited with return code 0
[2023-09-18T13:23:08.737+0000] {taskinstance.py:2776} INFO - 2 downstream tasks scheduled from follow-on schedule check
